2024-11-14 01:12:11.021226
CONTAINER ID   NAME      CPU %     MEM USAGE / LIMIT   MEM %     NET I/O   BLOCK I/O   PIDS
2024-11-14 01:12:11.660493
CONTAINER ID   NAME      CPU %     MEM USAGE / LIMIT   MEM %     NET I/O   BLOCK I/O   PIDS
2024-11-14 01:12:12.294993
CONTAINER ID   NAME      CPU %     MEM USAGE / LIMIT   MEM %     NET I/O   BLOCK I/O   PIDS
2024-11-14 01:12:12.931180
CONTAINER ID   NAME      CPU %     MEM USAGE / LIMIT   MEM %     NET I/O   BLOCK I/O   PIDS
2024-11-14 01:12:13.566283
CONTAINER ID   NAME      CPU %     MEM USAGE / LIMIT   MEM %     NET I/O   BLOCK I/O   PIDS
2024-11-14 01:12:14.198482
CONTAINER ID   NAME      CPU %     MEM USAGE / LIMIT   MEM %     NET I/O   BLOCK I/O   PIDS
2024-11-14 01:12:14.831834
CONTAINER ID   NAME      CPU %     MEM USAGE / LIMIT   MEM %     NET I/O   BLOCK I/O   PIDS
2024-11-14 01:12:15.465703
CONTAINER ID   NAME      CPU %     MEM USAGE / LIMIT   MEM %     NET I/O   BLOCK I/O   PIDS
2024-11-14 01:12:16.097583
CONTAINER ID   NAME      CPU %     MEM USAGE / LIMIT   MEM %     NET I/O   BLOCK I/O   PIDS
2024-11-14 01:12:16.730490
CONTAINER ID   NAME      CPU %     MEM USAGE / LIMIT   MEM %     NET I/O   BLOCK I/O   PIDS
2024-11-14 01:12:17.362514
CONTAINER ID   NAME      CPU %     MEM USAGE / LIMIT   MEM %     NET I/O   BLOCK I/O   PIDS
2024-11-14 01:12:17.995726
CONTAINER ID   NAME      CPU %     MEM USAGE / LIMIT   MEM %     NET I/O   BLOCK I/O   PIDS
2024-11-14 01:12:18.627878
CONTAINER ID   NAME      CPU %     MEM USAGE / LIMIT   MEM %     NET I/O   BLOCK I/O   PIDS
2024-11-14 01:12:19.259450
CONTAINER ID   NAME      CPU %     MEM USAGE / LIMIT   MEM %     NET I/O   BLOCK I/O   PIDS
2024-11-14 01:12:19.892552
CONTAINER ID   NAME      CPU %     MEM USAGE / LIMIT   MEM %     NET I/O   BLOCK I/O   PIDS
2024-11-14 01:12:20.524413
CONTAINER ID   NAME      CPU %     MEM USAGE / LIMIT   MEM %     NET I/O   BLOCK I/O   PIDS
2024-11-14 01:12:21.158733
CONTAINER ID   NAME      CPU %     MEM USAGE / LIMIT   MEM %     NET I/O   BLOCK I/O   PIDS
2024-11-14 01:12:21.791418
CONTAINER ID   NAME      CPU %     MEM USAGE / LIMIT   MEM %     NET I/O   BLOCK I/O   PIDS
2024-11-14 01:12:22.422746
CONTAINER ID   NAME      CPU %     MEM USAGE / LIMIT   MEM %     NET I/O   BLOCK I/O   PIDS
2024-11-14 01:12:23.055223
CONTAINER ID   NAME      CPU %     MEM USAGE / LIMIT   MEM %     NET I/O   BLOCK I/O   PIDS
2024-11-14 01:12:23.688439
CONTAINER ID   NAME      CPU %     MEM USAGE / LIMIT   MEM %     NET I/O   BLOCK I/O   PIDS
2024-11-14 01:12:24.320671
CONTAINER ID   NAME      CPU %     MEM USAGE / LIMIT   MEM %     NET I/O   BLOCK I/O   PIDS
2024-11-14 01:12:24.953745
CONTAINER ID   NAME      CPU %     MEM USAGE / LIMIT   MEM %     NET I/O   BLOCK I/O   PIDS
2024-11-14 01:12:25.586879
CONTAINER ID   NAME      CPU %     MEM USAGE / LIMIT   MEM %     NET I/O   BLOCK I/O   PIDS
2024-11-14 01:12:26.220236
CONTAINER ID   NAME      CPU %     MEM USAGE / LIMIT   MEM %     NET I/O   BLOCK I/O   PIDS
2024-11-14 01:12:26.852912
CONTAINER ID   NAME      CPU %     MEM USAGE / LIMIT   MEM %     NET I/O   BLOCK I/O   PIDS
2024-11-14 01:12:27.486468
CONTAINER ID   NAME      CPU %     MEM USAGE / LIMIT   MEM %     NET I/O   BLOCK I/O   PIDS
2024-11-14 01:12:28.118025
CONTAINER ID   NAME      CPU %     MEM USAGE / LIMIT   MEM %     NET I/O   BLOCK I/O   PIDS
2024-11-14 01:12:28.750329
CONTAINER ID   NAME      CPU %     MEM USAGE / LIMIT   MEM %     NET I/O   BLOCK I/O   PIDS
2024-11-14 01:12:29.383615
CONTAINER ID   NAME      CPU %     MEM USAGE / LIMIT   MEM %     NET I/O   BLOCK I/O   PIDS
2024-11-14 01:12:30.015647
CONTAINER ID   NAME      CPU %     MEM USAGE / LIMIT   MEM %     NET I/O   BLOCK I/O   PIDS
2024-11-14 01:12:30.648468
CONTAINER ID   NAME      CPU %     MEM USAGE / LIMIT   MEM %     NET I/O   BLOCK I/O   PIDS
2024-11-14 01:12:31.280432
CONTAINER ID   NAME               CPU %     MEM USAGE / LIMIT   MEM %     NET I/O   BLOCK I/O   PIDS
e2f2850056a7   pbbs_nBody         99.63%    294.9MiB / 96GiB    0.30%     0B / 0B   0B / 0B     5
e6986976b824   pbbs_suffixArray   99.97%    177.8MiB / 96GiB    0.18%     0B / 0B   0B / 0B     5
2024-11-14 01:12:33.937520
CONTAINER ID   NAME               CPU %     MEM USAGE / LIMIT   MEM %     NET I/O   BLOCK I/O   PIDS
e2f2850056a7   pbbs_nBody         99.07%    367.3MiB / 96GiB    0.37%     0B / 0B   0B / 0B     5
e6986976b824   pbbs_suffixArray   99.13%    353.1MiB / 96GiB    0.36%     0B / 0B   0B / 0B     5
2024-11-14 01:12:35.949900
CONTAINER ID   NAME               CPU %     MEM USAGE / LIMIT   MEM %     NET I/O   BLOCK I/O   PIDS
e2f2850056a7   pbbs_nBody         100.28%   415.3MiB / 96GiB    0.42%     0B / 0B   0B / 0B     5
e6986976b824   pbbs_suffixArray   100.19%   399.2MiB / 96GiB    0.41%     0B / 0B   0B / 0B     5
2024-11-14 01:12:37.964139
CONTAINER ID   NAME               CPU %     MEM USAGE / LIMIT   MEM %     NET I/O   BLOCK I/O     PIDS
e2f2850056a7   pbbs_nBody         95.99%    52.24MiB / 96GiB    0.05%     0B / 0B   0B / 19.5MB   5
e6986976b824   pbbs_suffixArray   99.98%    170.3MiB / 96GiB    0.17%     0B / 0B   0B / 16.4MB   5
2024-11-14 01:12:39.980061
CONTAINER ID   NAME               CPU %     MEM USAGE / LIMIT   MEM %     NET I/O   BLOCK I/O     PIDS
e2f2850056a7   pbbs_nBody         100.27%   292.6MiB / 96GiB    0.30%     0B / 0B   0B / 19.5MB   5
e6986976b824   pbbs_suffixArray   100.04%   357.5MiB / 96GiB    0.36%     0B / 0B   0B / 16.4MB   5
2024-11-14 01:12:41.996521
CONTAINER ID   NAME               CPU %     MEM USAGE / LIMIT   MEM %     NET I/O   BLOCK I/O     PIDS
e2f2850056a7   pbbs_nBody         100.15%   477.4MiB / 96GiB    0.49%     0B / 0B   0B / 19.5MB   5
e6986976b824   pbbs_suffixArray   99.99%    407.3MiB / 96GiB    0.41%     0B / 0B   0B / 16.4MB   5
2024-11-14 01:12:44.010873
CONTAINER ID   NAME               CPU %     MEM USAGE / LIMIT   MEM %     NET I/O   BLOCK I/O     PIDS
e2f2850056a7   pbbs_nBody         99.67%    487.5MiB / 96GiB    0.50%     0B / 0B   0B / 19.5MB   5
e6986976b824   pbbs_suffixArray   99.64%    416.7MiB / 96GiB    0.42%     0B / 0B   0B / 16.4MB   5
2024-11-14 01:12:46.024113
CONTAINER ID   NAME               CPU %     MEM USAGE / LIMIT   MEM %     NET I/O   BLOCK I/O     PIDS
e2f2850056a7   pbbs_nBody         100.07%   516.6MiB / 96GiB    0.53%     0B / 0B   0B / 19.5MB   5
e6986976b824   pbbs_suffixArray   100.15%   417.7MiB / 96GiB    0.42%     0B / 0B   0B / 16.4MB   5
2024-11-14 01:12:48.038733
CONTAINER ID   NAME               CPU %     MEM USAGE / LIMIT   MEM %     NET I/O   BLOCK I/O     PIDS
e2f2850056a7   pbbs_nBody         99.81%    567.7MiB / 96GiB    0.58%     0B / 0B   0B / 19.5MB   5
e6986976b824   pbbs_suffixArray   99.58%    450.3MiB / 96GiB    0.46%     0B / 0B   0B / 16.4MB   5
2024-11-14 01:12:50.052525
CONTAINER ID   NAME               CPU %     MEM USAGE / LIMIT   MEM %     NET I/O   BLOCK I/O     PIDS
e2f2850056a7   pbbs_nBody         98.98%    614.8MiB / 96GiB    0.63%     0B / 0B   0B / 19.5MB   5
e6986976b824   pbbs_suffixArray   93.19%    24.98MiB / 96GiB    0.03%     0B / 0B   0B / 45.4MB   5
2024-11-14 01:12:52.068911
CONTAINER ID   NAME               CPU %     MEM USAGE / LIMIT   MEM %     NET I/O   BLOCK I/O     PIDS
e2f2850056a7   pbbs_nBody         100.18%   666.8MiB / 96GiB    0.68%     0B / 0B   0B / 19.5MB   5
e6986976b824   pbbs_suffixArray   100.21%   204.9MiB / 96GiB    0.21%     0B / 0B   0B / 45.4MB   7
2024-11-14 01:12:54.082937
CONTAINER ID   NAME               CPU %     MEM USAGE / LIMIT   MEM %     NET I/O   BLOCK I/O        PIDS
e2f2850056a7   pbbs_nBody         90.32%    165.8MiB / 96GiB    0.17%     0B / 0B   4.1kB / 68.2MB   5
e6986976b824   pbbs_suffixArray   98.95%    325.9MiB / 96GiB    0.33%     0B / 0B   0B / 45.4MB      7
2024-11-14 01:12:56.096983
CONTAINER ID   NAME               CPU %     MEM USAGE / LIMIT   MEM %     NET I/O   BLOCK I/O        PIDS
e2f2850056a7   pbbs_nBody         99.74%    284.8MiB / 96GiB    0.29%     0B / 0B   4.1kB / 68.2MB   7
e6986976b824   pbbs_suffixArray   99.88%    362.7MiB / 96GiB    0.37%     0B / 0B   0B / 45.4MB      7
2024-11-14 01:12:58.113086
CONTAINER ID   NAME               CPU %     MEM USAGE / LIMIT   MEM %     NET I/O   BLOCK I/O        PIDS
e2f2850056a7   pbbs_nBody         99.89%    351MiB / 96GiB      0.36%     0B / 0B   4.1kB / 68.2MB   7
e6986976b824   pbbs_suffixArray   95.42%    102.6MiB / 96GiB    0.10%     0B / 0B   0B / 68.7MB      6
2024-11-14 01:13:00.126214
CONTAINER ID   NAME               CPU %      MEM USAGE / LIMIT   MEM %     NET I/O   BLOCK I/O        PIDS
e2f2850056a7   pbbs_nBody         99.78%     388.5MiB / 96GiB    0.40%     0B / 0B   4.1kB / 68.2MB   7
e6986976b824   pbbs_suffixArray   4799.21%   15.18GiB / 96GiB    15.81%    0B / 0B   0B / 68.7MB      52
2024-11-14 01:13:02.138799
CONTAINER ID   NAME               CPU %      MEM USAGE / LIMIT   MEM %     NET I/O   BLOCK I/O      PIDS
e2f2850056a7   pbbs_nBody         96.07%     27.09MiB / 96GiB    0.03%     0B / 0B   4.1kB / 87MB   7
e6986976b824   pbbs_suffixArray   4798.69%   19.1GiB / 96GiB     19.90%    0B / 0B   0B / 68.7MB    52
2024-11-14 01:13:04.148380
CONTAINER ID   NAME               CPU %      MEM USAGE / LIMIT   MEM %     NET I/O   BLOCK I/O      PIDS
e2f2850056a7   pbbs_nBody         1749.34%   1.811GiB / 96GiB    1.89%     0B / 0B   4.1kB / 87MB   52
e6986976b824   pbbs_suffixArray   3131.02%   25.76GiB / 96GiB    26.84%    0B / 0B   0B / 68.7MB    52
2024-11-14 01:13:06.175265
CONTAINER ID   NAME               CPU %      MEM USAGE / LIMIT   MEM %     NET I/O   BLOCK I/O      PIDS
e2f2850056a7   pbbs_nBody         0.18%      1.81GiB / 96GiB     1.89%     0B / 0B   4.1kB / 87MB   52
e6986976b824   pbbs_suffixArray   1890.79%   21.06GiB / 96GiB    21.94%    0B / 0B   0B / 68.7MB    52
2024-11-14 01:13:08.186470
CONTAINER ID   NAME               CPU %      MEM USAGE / LIMIT   MEM %     NET I/O   BLOCK I/O      PIDS
e2f2850056a7   pbbs_nBody         0.15%      1.809GiB / 96GiB    1.88%     0B / 0B   4.1kB / 87MB   52
e6986976b824   pbbs_suffixArray   3675.68%   21.42GiB / 96GiB    22.31%    0B / 0B   0B / 68.7MB    52
2024-11-14 01:13:10.207407
CONTAINER ID   NAME               CPU %      MEM USAGE / LIMIT   MEM %     NET I/O   BLOCK I/O      PIDS
e2f2850056a7   pbbs_nBody         0.08%      1.809GiB / 96GiB    1.88%     0B / 0B   4.1kB / 87MB   52
e6986976b824   pbbs_suffixArray   4750.91%   28.65GiB / 96GiB    29.85%    0B / 0B   0B / 68.7MB    52
2024-11-14 01:13:12.216808
CONTAINER ID   NAME               CPU %      MEM USAGE / LIMIT   MEM %     NET I/O   BLOCK I/O      PIDS
e2f2850056a7   pbbs_nBody         0.07%      1.809GiB / 96GiB    1.88%     0B / 0B   4.1kB / 87MB   52
e6986976b824   pbbs_suffixArray   4803.99%   39.75GiB / 96GiB    41.40%    0B / 0B   0B / 68.7MB    52
2024-11-14 01:13:14.226597
CONTAINER ID   NAME               CPU %      MEM USAGE / LIMIT   MEM %     NET I/O   BLOCK I/O      PIDS
e2f2850056a7   pbbs_nBody         0.09%      1.809GiB / 96GiB    1.88%     0B / 0B   4.1kB / 87MB   52
e6986976b824   pbbs_suffixArray   1613.44%   31.11GiB / 96GiB    32.41%    0B / 0B   0B / 68.7MB    52
2024-11-14 01:13:16.240448
CONTAINER ID   NAME               CPU %      MEM USAGE / LIMIT   MEM %     NET I/O   BLOCK I/O      PIDS
e2f2850056a7   pbbs_nBody         0.17%      1.809GiB / 96GiB    1.88%     0B / 0B   4.1kB / 87MB   52
e6986976b824   pbbs_suffixArray   3633.06%   24.95GiB / 96GiB    25.99%    0B / 0B   0B / 68.7MB    52
2024-11-14 01:13:18.258454
CONTAINER ID   NAME               CPU %      MEM USAGE / LIMIT   MEM %     NET I/O   BLOCK I/O      PIDS
e2f2850056a7   pbbs_nBody         0.07%      1.809GiB / 96GiB    1.88%     0B / 0B   4.1kB / 87MB   52
e6986976b824   pbbs_suffixArray   4729.29%   39.84GiB / 96GiB    41.50%    0B / 0B   0B / 68.7MB    52
2024-11-14 01:13:20.268748
CONTAINER ID   NAME               CPU %      MEM USAGE / LIMIT   MEM %     NET I/O   BLOCK I/O      PIDS
e2f2850056a7   pbbs_nBody         0.10%      1.809GiB / 96GiB    1.88%     0B / 0B   4.1kB / 87MB   52
e6986976b824   pbbs_suffixArray   2622.18%   36.49GiB / 96GiB    38.01%    0B / 0B   0B / 68.7MB    52
2024-11-14 01:13:22.283500
CONTAINER ID   NAME               CPU %      MEM USAGE / LIMIT   MEM %     NET I/O   BLOCK I/O      PIDS
e2f2850056a7   pbbs_nBody         0.04%      1.809GiB / 96GiB    1.88%     0B / 0B   4.1kB / 87MB   52
e6986976b824   pbbs_suffixArray   4783.04%   32.15GiB / 96GiB    33.48%    0B / 0B   0B / 68.7MB    52
2024-11-14 01:13:24.301933
CONTAINER ID   NAME               CPU %      MEM USAGE / LIMIT   MEM %     NET I/O   BLOCK I/O      PIDS
e2f2850056a7   pbbs_nBody         0.06%      1.809GiB / 96GiB    1.88%     0B / 0B   4.1kB / 87MB   52
e6986976b824   pbbs_suffixArray   4794.50%   35.83GiB / 96GiB    37.33%    0B / 0B   0B / 68.7MB    52
2024-11-14 01:13:26.311728
CONTAINER ID   NAME               CPU %      MEM USAGE / LIMIT   MEM %     NET I/O   BLOCK I/O      PIDS
e2f2850056a7   pbbs_nBody         0.06%      1.809GiB / 96GiB    1.88%     0B / 0B   4.1kB / 87MB   52
e6986976b824   pbbs_suffixArray   4809.73%   37.51GiB / 96GiB    39.07%    0B / 0B   0B / 68.7MB    52
2024-11-14 01:13:28.324703
CONTAINER ID   NAME               CPU %      MEM USAGE / LIMIT   MEM %     NET I/O   BLOCK I/O      PIDS
e2f2850056a7   pbbs_nBody         0.07%      1.809GiB / 96GiB    1.88%     0B / 0B   4.1kB / 87MB   52
e6986976b824   pbbs_suffixArray   4800.79%   40.93GiB / 96GiB    42.64%    0B / 0B   0B / 68.7MB    52
2024-11-14 01:13:30.338447
CONTAINER ID   NAME               CPU %      MEM USAGE / LIMIT   MEM %     NET I/O   BLOCK I/O      PIDS
e2f2850056a7   pbbs_nBody         0.11%      1.809GiB / 96GiB    1.88%     0B / 0B   4.1kB / 87MB   52
e6986976b824   pbbs_suffixArray   4784.44%   38.82GiB / 96GiB    40.44%    0B / 0B   0B / 68.7MB    52
2024-11-14 01:13:32.358794
CONTAINER ID   NAME               CPU %      MEM USAGE / LIMIT   MEM %     NET I/O   BLOCK I/O      PIDS
e2f2850056a7   pbbs_nBody         0.07%      1.809GiB / 96GiB    1.88%     0B / 0B   4.1kB / 87MB   52
e6986976b824   pbbs_suffixArray   4098.86%   45.93GiB / 96GiB    47.85%    0B / 0B   0B / 68.7MB    52
2024-11-14 01:13:34.369732
CONTAINER ID   NAME               CPU %      MEM USAGE / LIMIT   MEM %     NET I/O   BLOCK I/O      PIDS
e2f2850056a7   pbbs_nBody         0.07%      1.809GiB / 96GiB    1.88%     0B / 0B   4.1kB / 87MB   52
e6986976b824   pbbs_suffixArray   4811.65%   41.14GiB / 96GiB    42.85%    0B / 0B   0B / 68.7MB    52
2024-11-14 01:13:36.380973
CONTAINER ID   NAME               CPU %      MEM USAGE / LIMIT   MEM %     NET I/O   BLOCK I/O      PIDS
e2f2850056a7   pbbs_nBody         0.07%      1.809GiB / 96GiB    1.88%     0B / 0B   4.1kB / 87MB   52
e6986976b824   pbbs_suffixArray   4814.34%   44.41GiB / 96GiB    46.26%    0B / 0B   0B / 68.7MB    52
2024-11-14 01:13:38.391164
CONTAINER ID   NAME               CPU %     MEM USAGE / LIMIT   MEM %     NET I/O   BLOCK I/O      PIDS
e2f2850056a7   pbbs_nBody         0.13%     1.809GiB / 96GiB    1.88%     0B / 0B   4.1kB / 87MB   52
e6986976b824   pbbs_suffixArray   100.10%   30.84GiB / 96GiB    32.13%    0B / 0B   0B / 68.7MB    52
2024-11-14 01:13:40.405643
CONTAINER ID   NAME               CPU %     MEM USAGE / LIMIT   MEM %     NET I/O   BLOCK I/O      PIDS
e2f2850056a7   pbbs_nBody         0.13%     1.809GiB / 96GiB    1.88%     0B / 0B   4.1kB / 87MB   52
e6986976b824   pbbs_suffixArray   0.00%     27.74GiB / 96GiB    28.89%    0B / 0B   0B / 68.7MB    52
2024-11-14 01:13:42.418975
CONTAINER ID   NAME               CPU %     MEM USAGE / LIMIT   MEM %     NET I/O   BLOCK I/O      PIDS
e2f2850056a7   pbbs_nBody         0.13%     1.809GiB / 96GiB    1.88%     0B / 0B   4.1kB / 87MB   52
e6986976b824   pbbs_suffixArray   0.00%     27.74GiB / 96GiB    28.89%    0B / 0B   0B / 68.7MB    52
2024-11-14 01:13:44.429062
CONTAINER ID   NAME               CPU %     MEM USAGE / LIMIT   MEM %     NET I/O   BLOCK I/O      PIDS
e2f2850056a7   pbbs_nBody         0.13%     1.809GiB / 96GiB    1.88%     0B / 0B   4.1kB / 87MB   52
e6986976b824   pbbs_suffixArray   0.00%     27.74GiB / 96GiB    28.89%    0B / 0B   0B / 68.7MB    52
2024-11-14 01:13:46.442628
CONTAINER ID   NAME               CPU %     MEM USAGE / LIMIT   MEM %     NET I/O   BLOCK I/O      PIDS
e2f2850056a7   pbbs_nBody         0.13%     1.809GiB / 96GiB    1.88%     0B / 0B   4.1kB / 87MB   52
e6986976b824   pbbs_suffixArray   0.00%     27.74GiB / 96GiB    28.89%    0B / 0B   0B / 68.7MB    52
2024-11-14 01:13:48.457564
CONTAINER ID   NAME               CPU %     MEM USAGE / LIMIT   MEM %     NET I/O   BLOCK I/O      PIDS
e2f2850056a7   pbbs_nBody         0.13%     1.809GiB / 96GiB    1.88%     0B / 0B   4.1kB / 87MB   52
e6986976b824   pbbs_suffixArray   0.00%     27.74GiB / 96GiB    28.89%    0B / 0B   0B / 68.7MB    52
2024-11-14 01:13:50.470325
CONTAINER ID   NAME               CPU %     MEM USAGE / LIMIT   MEM %     NET I/O   BLOCK I/O      PIDS
e2f2850056a7   pbbs_nBody         0.13%     1.809GiB / 96GiB    1.88%     0B / 0B   4.1kB / 87MB   52
e6986976b824   pbbs_suffixArray   0.00%     27.74GiB / 96GiB    28.89%    0B / 0B   0B / 68.7MB    52
2024-11-14 01:13:52.483493
CONTAINER ID   NAME               CPU %     MEM USAGE / LIMIT   MEM %     NET I/O   BLOCK I/O      PIDS
e2f2850056a7   pbbs_nBody         0.13%     1.809GiB / 96GiB    1.88%     0B / 0B   4.1kB / 87MB   52
e6986976b824   pbbs_suffixArray   0.00%     27.73GiB / 96GiB    28.89%    0B / 0B   0B / 68.7MB    52
2024-11-14 01:13:54.495809
CONTAINER ID   NAME               CPU %     MEM USAGE / LIMIT   MEM %     NET I/O   BLOCK I/O      PIDS
e2f2850056a7   pbbs_nBody         0.13%     1.809GiB / 96GiB    1.88%     0B / 0B   4.1kB / 87MB   52
e6986976b824   pbbs_suffixArray   0.00%     27.73GiB / 96GiB    28.89%    0B / 0B   0B / 68.7MB    52
2024-11-14 01:13:56.507639
CONTAINER ID   NAME               CPU %     MEM USAGE / LIMIT   MEM %     NET I/O   BLOCK I/O      PIDS
e2f2850056a7   pbbs_nBody         0.13%     1.809GiB / 96GiB    1.88%     0B / 0B   4.1kB / 87MB   52
e6986976b824   pbbs_suffixArray   0.00%     27.73GiB / 96GiB    28.89%    0B / 0B   0B / 68.7MB    52
2024-11-14 01:13:58.520724
CONTAINER ID   NAME               CPU %     MEM USAGE / LIMIT   MEM %     NET I/O   BLOCK I/O      PIDS
e2f2850056a7   pbbs_nBody         0.12%     1.809GiB / 96GiB    1.88%     0B / 0B   4.1kB / 87MB   52
e6986976b824   pbbs_suffixArray   0.00%     27.73GiB / 96GiB    28.89%    0B / 0B   0B / 68.7MB    52
2024-11-14 01:14:00.532361
CONTAINER ID   NAME               CPU %     MEM USAGE / LIMIT   MEM %     NET I/O   BLOCK I/O      PIDS
e2f2850056a7   pbbs_nBody         0.13%     1.809GiB / 96GiB    1.88%     0B / 0B   4.1kB / 87MB   52
e6986976b824   pbbs_suffixArray   0.00%     27.73GiB / 96GiB    28.89%    0B / 0B   0B / 68.7MB    52
2024-11-14 01:14:02.544118
CONTAINER ID   NAME               CPU %     MEM USAGE / LIMIT   MEM %     NET I/O   BLOCK I/O      PIDS
e2f2850056a7   pbbs_nBody         0.13%     1.809GiB / 96GiB    1.88%     0B / 0B   4.1kB / 87MB   52
e6986976b824   pbbs_suffixArray   0.00%     27.73GiB / 96GiB    28.89%    0B / 0B   0B / 68.7MB    52
2024-11-14 01:14:04.554669
CONTAINER ID   NAME               CPU %     MEM USAGE / LIMIT   MEM %     NET I/O   BLOCK I/O      PIDS
e2f2850056a7   pbbs_nBody         0.13%     1.809GiB / 96GiB    1.88%     0B / 0B   4.1kB / 87MB   52
e6986976b824   pbbs_suffixArray   0.00%     27.73GiB / 96GiB    28.89%    0B / 0B   0B / 68.7MB    52
2024-11-14 01:14:06.567134
CONTAINER ID   NAME               CPU %     MEM USAGE / LIMIT   MEM %     NET I/O   BLOCK I/O      PIDS
e2f2850056a7   pbbs_nBody         0.13%     1.809GiB / 96GiB    1.88%     0B / 0B   4.1kB / 87MB   52
e6986976b824   pbbs_suffixArray   0.00%     27.73GiB / 96GiB    28.89%    0B / 0B   0B / 68.7MB    52
2024-11-14 01:14:08.579448
CONTAINER ID   NAME               CPU %     MEM USAGE / LIMIT   MEM %     NET I/O   BLOCK I/O      PIDS
e2f2850056a7   pbbs_nBody         0.13%     1.809GiB / 96GiB    1.88%     0B / 0B   4.1kB / 87MB   52
e6986976b824   pbbs_suffixArray   0.00%     27.73GiB / 96GiB    28.89%    0B / 0B   0B / 68.7MB    52
2024-11-14 01:14:10.592854
CONTAINER ID   NAME               CPU %      MEM USAGE / LIMIT   MEM %     NET I/O   BLOCK I/O      PIDS
e2f2850056a7   pbbs_nBody         2631.36%   2.28GiB / 96GiB     2.37%     0B / 0B   4.1kB / 87MB   52
e6986976b824   pbbs_suffixArray   2885.67%   23.98GiB / 96GiB    24.98%    0B / 0B   0B / 68.7MB    52
2024-11-14 01:14:12.607441
CONTAINER ID   NAME               CPU %      MEM USAGE / LIMIT   MEM %     NET I/O   BLOCK I/O      PIDS
e2f2850056a7   pbbs_nBody         932.03%    4.184GiB / 96GiB    4.36%     0B / 0B   4.1kB / 87MB   52
e6986976b824   pbbs_suffixArray   4769.91%   42.42GiB / 96GiB    44.19%    0B / 0B   0B / 68.7MB    52
2024-11-14 01:14:14.622768
CONTAINER ID   NAME               CPU %      MEM USAGE / LIMIT   MEM %     NET I/O   BLOCK I/O      PIDS
e2f2850056a7   pbbs_nBody         4799.76%   4.215GiB / 96GiB    4.39%     0B / 0B   4.1kB / 87MB   52
e6986976b824   pbbs_suffixArray   98.57%     36.74GiB / 96GiB    38.27%    0B / 0B   0B / 68.7MB    52
2024-11-14 01:14:16.631730
CONTAINER ID   NAME               CPU %      MEM USAGE / LIMIT   MEM %     NET I/O   BLOCK I/O      PIDS
e2f2850056a7   pbbs_nBody         4779.39%   4.215GiB / 96GiB    4.39%     0B / 0B   4.1kB / 87MB   52
e6986976b824   pbbs_suffixArray   2350.29%   40.54GiB / 96GiB    42.23%    0B / 0B   0B / 68.7MB    52
2024-11-14 01:14:18.646684
CONTAINER ID   NAME               CPU %      MEM USAGE / LIMIT   MEM %     NET I/O   BLOCK I/O      PIDS
e2f2850056a7   pbbs_nBody         4791.31%   4.215GiB / 96GiB    4.39%     0B / 0B   4.1kB / 87MB   52
e6986976b824   pbbs_suffixArray   1690.02%   34.88GiB / 96GiB    36.33%    0B / 0B   0B / 68.7MB    52
2024-11-14 01:14:21.937965
CONTAINER ID   NAME               CPU %      MEM USAGE / LIMIT   MEM %     NET I/O   BLOCK I/O      PIDS
e2f2850056a7   pbbs_nBody         4789.35%   4.214GiB / 96GiB    4.39%     0B / 0B   4.1kB / 87MB   52
e6986976b824   pbbs_suffixArray   4790.54%   55.02GiB / 96GiB    57.32%    0B / 0B   0B / 68.7MB    52
2024-11-14 01:14:25.209674
CONTAINER ID   NAME               CPU %      MEM USAGE / LIMIT   MEM %     NET I/O   BLOCK I/O      PIDS
e2f2850056a7   pbbs_nBody         4780.17%   4.262GiB / 96GiB    4.44%     0B / 0B   4.1kB / 87MB   52
e6986976b824   pbbs_suffixArray   1533.15%   45.58GiB / 96GiB    47.48%    0B / 0B   0B / 68.7MB    52
2024-11-14 01:14:28.386508
CONTAINER ID   NAME               CPU %      MEM USAGE / LIMIT   MEM %     NET I/O   BLOCK I/O      PIDS
e2f2850056a7   pbbs_nBody         4732.11%   5.95GiB / 96GiB     6.20%     0B / 0B   4.1kB / 87MB   52
e6986976b824   pbbs_suffixArray   4795.98%   39.65GiB / 96GiB    41.31%    0B / 0B   0B / 68.7MB    52
2024-11-14 01:14:30.397927
CONTAINER ID   NAME               CPU %      MEM USAGE / LIMIT   MEM %     NET I/O   BLOCK I/O      PIDS
e2f2850056a7   pbbs_nBody         4784.22%   7.519GiB / 96GiB    7.83%     0B / 0B   4.1kB / 87MB   52
e6986976b824   pbbs_suffixArray   4802.63%   47.97GiB / 96GiB    49.97%    0B / 0B   0B / 68.7MB    52
2024-11-14 01:14:32.414370
CONTAINER ID   NAME               CPU %      MEM USAGE / LIMIT   MEM %     NET I/O   BLOCK I/O      PIDS
e2f2850056a7   pbbs_nBody         4793.86%   9.514GiB / 96GiB    9.91%     0B / 0B   4.1kB / 87MB   52
e6986976b824   pbbs_suffixArray   760.88%    34.43GiB / 96GiB    35.86%    0B / 0B   0B / 68.7MB    52
2024-11-14 01:14:34.421546
CONTAINER ID   NAME               CPU %      MEM USAGE / LIMIT   MEM %     NET I/O   BLOCK I/O      PIDS
e2f2850056a7   pbbs_nBody         4778.34%   11.18GiB / 96GiB    11.64%    0B / 0B   4.1kB / 87MB   52
e6986976b824   pbbs_suffixArray   4817.39%   32.19GiB / 96GiB    33.53%    0B / 0B   0B / 68.7MB    52
2024-11-14 01:14:36.438096
CONTAINER ID   NAME               CPU %      MEM USAGE / LIMIT   MEM %     NET I/O   BLOCK I/O      PIDS
e2f2850056a7   pbbs_nBody         4261.10%   12.37GiB / 96GiB    12.89%    0B / 0B   4.1kB / 87MB   52
e6986976b824   pbbs_suffixArray   4782.82%   36.63GiB / 96GiB    38.16%    0B / 0B   0B / 68.7MB    52
2024-11-14 01:14:38.458765
CONTAINER ID   NAME               CPU %      MEM USAGE / LIMIT   MEM %     NET I/O   BLOCK I/O      PIDS
e2f2850056a7   pbbs_nBody         4711.33%   12.69GiB / 96GiB    13.22%    0B / 0B   4.1kB / 87MB   52
e6986976b824   pbbs_suffixArray   4779.95%   36.63GiB / 96GiB    38.15%    0B / 0B   0B / 68.7MB    52
2024-11-14 01:14:40.510085
CONTAINER ID   NAME               CPU %      MEM USAGE / LIMIT   MEM %     NET I/O   BLOCK I/O      PIDS
e2f2850056a7   pbbs_nBody         854.41%    14.08GiB / 96GiB    14.66%    0B / 0B   4.1kB / 87MB   52
e6986976b824   pbbs_suffixArray   4780.96%   39.15GiB / 96GiB    40.78%    0B / 0B   0B / 68.7MB    52
2024-11-14 01:14:42.518645
CONTAINER ID   NAME               CPU %      MEM USAGE / LIMIT   MEM %     NET I/O   BLOCK I/O      PIDS
e2f2850056a7   pbbs_nBody         4784.41%   14.11GiB / 96GiB    14.70%    0B / 0B   4.1kB / 87MB   52
e6986976b824   pbbs_suffixArray   1082.42%   34.89GiB / 96GiB    36.34%    0B / 0B   0B / 68.7MB    52
2024-11-14 01:14:45.802284
CONTAINER ID   NAME               CPU %      MEM USAGE / LIMIT   MEM %     NET I/O   BLOCK I/O      PIDS
e2f2850056a7   pbbs_nBody         4783.45%   14.11GiB / 96GiB    14.70%    0B / 0B   4.1kB / 87MB   52
e6986976b824   pbbs_suffixArray   4795.84%   44.52GiB / 96GiB    46.37%    0B / 0B   0B / 68.7MB    52
2024-11-14 01:14:47.989656
CONTAINER ID   NAME               CPU %      MEM USAGE / LIMIT   MEM %     NET I/O   BLOCK I/O      PIDS
e2f2850056a7   pbbs_nBody         4794.37%   14.11GiB / 96GiB    14.70%    0B / 0B   4.1kB / 87MB   52
e6986976b824   pbbs_suffixArray   3622.20%   39.74GiB / 96GiB    41.40%    0B / 0B   0B / 68.7MB    52
2024-11-14 01:14:50.002248
CONTAINER ID   NAME               CPU %      MEM USAGE / LIMIT   MEM %     NET I/O   BLOCK I/O      PIDS
e2f2850056a7   pbbs_nBody         4787.95%   14.11GiB / 96GiB    14.70%    0B / 0B   4.1kB / 87MB   52
e6986976b824   pbbs_suffixArray   4789.18%   43.73GiB / 96GiB    45.55%    0B / 0B   0B / 68.7MB    52
2024-11-14 01:14:53.418901
CONTAINER ID   NAME               CPU %      MEM USAGE / LIMIT   MEM %     NET I/O   BLOCK I/O      PIDS
e2f2850056a7   pbbs_nBody         4797.33%   15.23GiB / 96GiB    15.86%    0B / 0B   4.1kB / 87MB   52
e6986976b824   pbbs_suffixArray   724.15%    39.04GiB / 96GiB    40.67%    0B / 0B   0B / 68.7MB    52
2024-11-14 01:14:56.826858
CONTAINER ID   NAME               CPU %      MEM USAGE / LIMIT   MEM %     NET I/O   BLOCK I/O      PIDS
e2f2850056a7   pbbs_nBody         4786.96%   17.12GiB / 96GiB    17.84%    0B / 0B   4.1kB / 87MB   52
e6986976b824   pbbs_suffixArray   4763.98%   34.68GiB / 96GiB    36.13%    0B / 0B   0B / 68.7MB    52
2024-11-14 01:14:58.840728
CONTAINER ID   NAME               CPU %      MEM USAGE / LIMIT   MEM %     NET I/O   BLOCK I/O      PIDS
e2f2850056a7   pbbs_nBody         4708.89%   18.81GiB / 96GiB    19.59%    0B / 0B   4.1kB / 87MB   52
e6986976b824   pbbs_suffixArray   3281.63%   42.83GiB / 96GiB    44.61%    0B / 0B   0B / 68.7MB    52
2024-11-14 01:15:00.856641
CONTAINER ID   NAME               CPU %      MEM USAGE / LIMIT   MEM %     NET I/O   BLOCK I/O      PIDS
e2f2850056a7   pbbs_nBody         4796.54%   21.06GiB / 96GiB    21.94%    0B / 0B   4.1kB / 87MB   52
e6986976b824   pbbs_suffixArray   2936.66%   41.19GiB / 96GiB    42.91%    0B / 0B   0B / 68.7MB    52
2024-11-14 01:15:02.877810
CONTAINER ID   NAME               CPU %      MEM USAGE / LIMIT   MEM %     NET I/O   BLOCK I/O      PIDS
e2f2850056a7   pbbs_nBody         4670.46%   22.28GiB / 96GiB    23.21%    0B / 0B   4.1kB / 87MB   52
e6986976b824   pbbs_suffixArray   4794.25%   41.07GiB / 96GiB    42.79%    0B / 0B   0B / 68.7MB    52
2024-11-14 01:15:04.896348
CONTAINER ID   NAME               CPU %      MEM USAGE / LIMIT   MEM %     NET I/O   BLOCK I/O      PIDS
e2f2850056a7   pbbs_nBody         4361.29%   23.76GiB / 96GiB    24.75%    0B / 0B   4.1kB / 87MB   52
e6986976b824   pbbs_suffixArray   1866.72%   35.47GiB / 96GiB    36.95%    0B / 0B   0B / 68.7MB    52
2024-11-14 01:15:06.916323
CONTAINER ID   NAME               CPU %      MEM USAGE / LIMIT   MEM %     NET I/O   BLOCK I/O      PIDS
e2f2850056a7   pbbs_nBody         3464.01%   23.97GiB / 96GiB    24.97%    0B / 0B   4.1kB / 87MB   52
e6986976b824   pbbs_suffixArray   4777.50%   50.79GiB / 96GiB    52.90%    0B / 0B   0B / 68.7MB    52
2024-11-14 01:15:08.929021
CONTAINER ID   NAME               CPU %      MEM USAGE / LIMIT   MEM %     NET I/O   BLOCK I/O      PIDS
e2f2850056a7   pbbs_nBody         4788.22%   23.97GiB / 96GiB    24.97%    0B / 0B   4.1kB / 87MB   52
e6986976b824   pbbs_suffixArray   4804.56%   55.87GiB / 96GiB    58.20%    0B / 0B   0B / 68.7MB    52
2024-11-14 01:15:12.075565
CONTAINER ID   NAME               CPU %      MEM USAGE / LIMIT   MEM %     NET I/O   BLOCK I/O      PIDS
e2f2850056a7   pbbs_nBody         4780.56%   23.97GiB / 96GiB    24.97%    0B / 0B   4.1kB / 87MB   52
e6986976b824   pbbs_suffixArray   676.07%    34.65GiB / 96GiB    36.10%    0B / 0B   0B / 68.7MB    52
2024-11-14 01:15:14.097380
CONTAINER ID   NAME               CPU %      MEM USAGE / LIMIT   MEM %     NET I/O   BLOCK I/O      PIDS
e2f2850056a7   pbbs_nBody         4788.50%   23.97GiB / 96GiB    24.97%    0B / 0B   4.1kB / 87MB   52
e6986976b824   pbbs_suffixArray   4781.08%   39.95GiB / 96GiB    41.62%    0B / 0B   0B / 68.7MB    52
2024-11-14 01:15:16.113283
CONTAINER ID   NAME               CPU %      MEM USAGE / LIMIT   MEM %     NET I/O   BLOCK I/O      PIDS
e2f2850056a7   pbbs_nBody         4790.23%   23.97GiB / 96GiB    24.97%    0B / 0B   4.1kB / 87MB   52
e6986976b824   pbbs_suffixArray   4782.96%   47.98GiB / 96GiB    49.98%    0B / 0B   0B / 68.7MB    52
2024-11-14 01:15:19.266971
CONTAINER ID   NAME               CPU %      MEM USAGE / LIMIT   MEM %     NET I/O   BLOCK I/O      PIDS
e2f2850056a7   pbbs_nBody         4798.42%   23.97GiB / 96GiB    24.97%    0B / 0B   4.1kB / 87MB   52
e6986976b824   pbbs_suffixArray   3371.22%   32.2GiB / 96GiB     33.54%    0B / 0B   0B / 68.7MB    52
2024-11-14 01:15:21.280866
CONTAINER ID   NAME               CPU %      MEM USAGE / LIMIT   MEM %     NET I/O   BLOCK I/O      PIDS
e2f2850056a7   pbbs_nBody         4787.84%   25.74GiB / 96GiB    26.82%    0B / 0B   4.1kB / 87MB   52
e6986976b824   pbbs_suffixArray   4812.47%   32.2GiB / 96GiB     33.54%    0B / 0B   0B / 68.7MB    52
2024-11-14 01:15:24.498601
CONTAINER ID   NAME               CPU %      MEM USAGE / LIMIT   MEM %     NET I/O   BLOCK I/O      PIDS
e2f2850056a7   pbbs_nBody         4692.91%   27.36GiB / 96GiB    28.50%    0B / 0B   4.1kB / 87MB   52
e6986976b824   pbbs_suffixArray   4771.48%   37.35GiB / 96GiB    38.91%    0B / 0B   0B / 68.7MB    52
2024-11-14 01:15:26.506066
CONTAINER ID   NAME               CPU %      MEM USAGE / LIMIT   MEM %     NET I/O   BLOCK I/O      PIDS
e2f2850056a7   pbbs_nBody         4784.87%   29.03GiB / 96GiB    30.24%    0B / 0B   4.1kB / 87MB   52
e6986976b824   pbbs_suffixArray   4776.89%   39.77GiB / 96GiB    41.43%    0B / 0B   0B / 68.7MB    52
2024-11-14 01:15:28.521309
CONTAINER ID   NAME               CPU %      MEM USAGE / LIMIT   MEM %     NET I/O   BLOCK I/O      PIDS
e2f2850056a7   pbbs_nBody         4807.20%   31.06GiB / 96GiB    32.36%    0B / 0B   4.1kB / 87MB   52
e6986976b824   pbbs_suffixArray   517.35%    33.25GiB / 96GiB    34.63%    0B / 0B   0B / 68.7MB    52
2024-11-14 01:15:30.533825
CONTAINER ID   NAME               CPU %      MEM USAGE / LIMIT   MEM %     NET I/O   BLOCK I/O      PIDS
e2f2850056a7   pbbs_nBody         3674.09%   32.15GiB / 96GiB    33.49%    0B / 0B   4.1kB / 87MB   52
e6986976b824   pbbs_suffixArray   4797.30%   38.86GiB / 96GiB    40.48%    0B / 0B   0B / 68.7MB    52
2024-11-14 01:15:32.552164
CONTAINER ID   NAME               CPU %      MEM USAGE / LIMIT   MEM %     NET I/O   BLOCK I/O      PIDS
e2f2850056a7   pbbs_nBody         4540.05%   32.86GiB / 96GiB    34.23%    0B / 0B   4.1kB / 87MB   52
e6986976b824   pbbs_suffixArray   4382.20%   46.95GiB / 96GiB    48.91%    0B / 0B   0B / 68.7MB    52
2024-11-14 01:15:34.574717
CONTAINER ID   NAME               CPU %      MEM USAGE / LIMIT   MEM %     NET I/O   BLOCK I/O      PIDS
e2f2850056a7   pbbs_nBody         1457.99%   33.83GiB / 96GiB    35.24%    0B / 0B   4.1kB / 87MB   52
e6986976b824   pbbs_suffixArray   4795.02%   40.67GiB / 96GiB    42.36%    0B / 0B   0B / 68.7MB    52
2024-11-14 01:15:36.587420
CONTAINER ID   NAME               CPU %      MEM USAGE / LIMIT   MEM %     NET I/O   BLOCK I/O      PIDS
e2f2850056a7   pbbs_nBody         4787.24%   33.83GiB / 96GiB    35.24%    0B / 0B   4.1kB / 87MB   52
e6986976b824   pbbs_suffixArray   4791.20%   43.3GiB / 96GiB     45.10%    0B / 0B   0B / 68.7MB    52
2024-11-14 01:15:39.859120
CONTAINER ID   NAME               CPU %      MEM USAGE / LIMIT   MEM %     NET I/O   BLOCK I/O      PIDS
e2f2850056a7   pbbs_nBody         4774.48%   33.83GiB / 96GiB    35.24%    0B / 0B   4.1kB / 87MB   52
e6986976b824   pbbs_suffixArray   98.23%     37.36GiB / 96GiB    38.91%    0B / 0B   0B / 68.7MB    52
2024-11-14 01:15:41.868121
CONTAINER ID   NAME               CPU %      MEM USAGE / LIMIT   MEM %     NET I/O   BLOCK I/O      PIDS
e2f2850056a7   pbbs_nBody         4786.26%   33.83GiB / 96GiB    35.24%    0B / 0B   4.1kB / 87MB   52
e6986976b824   pbbs_suffixArray   2369.30%   25.22GiB / 96GiB    26.27%    0B / 0B   0B / 68.7MB    52
2024-11-14 01:15:43.879459
CONTAINER ID   NAME               CPU %      MEM USAGE / LIMIT   MEM %     NET I/O   BLOCK I/O      PIDS
e2f2850056a7   pbbs_nBody         4788.63%   33.83GiB / 96GiB    35.24%    0B / 0B   4.1kB / 87MB   52
e6986976b824   pbbs_suffixArray   3026.79%   42.56GiB / 96GiB    44.33%    0B / 0B   0B / 68.7MB    52
2024-11-14 01:15:47.175937
CONTAINER ID   NAME               CPU %      MEM USAGE / LIMIT   MEM %     NET I/O   BLOCK I/O      PIDS
e2f2850056a7   pbbs_nBody         4777.80%   34.19GiB / 96GiB    35.61%    0B / 0B   4.1kB / 87MB   52
e6986976b824   pbbs_suffixArray   3435.43%   42.45GiB / 96GiB    44.22%    0B / 0B   0B / 68.7MB    52
2024-11-14 01:15:49.195098
CONTAINER ID   NAME               CPU %      MEM USAGE / LIMIT   MEM %     NET I/O   BLOCK I/O      PIDS
e2f2850056a7   pbbs_nBody         4729.48%   35.96GiB / 96GiB    37.46%    0B / 0B   4.1kB / 87MB   52
e6986976b824   pbbs_suffixArray   4800.07%   41.09GiB / 96GiB    42.80%    0B / 0B   0B / 68.7MB    52
2024-11-14 01:15:51.215172
CONTAINER ID   NAME               CPU %      MEM USAGE / LIMIT   MEM %     NET I/O   BLOCK I/O      PIDS
e2f2850056a7   pbbs_nBody         4739.23%   37.98GiB / 96GiB    39.56%    0B / 0B   4.1kB / 87MB   52
e6986976b824   pbbs_suffixArray   4601.52%   40.47GiB / 96GiB    42.16%    0B / 0B   0B / 68.7MB    52
2024-11-14 01:15:53.221761
CONTAINER ID   NAME               CPU %      MEM USAGE / LIMIT   MEM %     NET I/O   BLOCK I/O      PIDS
e2f2850056a7   pbbs_nBody         4785.75%   39.58GiB / 96GiB    41.23%    0B / 0B   4.1kB / 87MB   52
e6986976b824   pbbs_suffixArray   4775.51%   52.65GiB / 96GiB    54.84%    0B / 0B   0B / 68.7MB    52
2024-11-14 01:15:55.231487
CONTAINER ID   NAME               CPU %      MEM USAGE / LIMIT   MEM %     NET I/O   BLOCK I/O      PIDS
e2f2850056a7   pbbs_nBody         4783.62%   41.1GiB / 96GiB     42.82%    0B / 0B   4.1kB / 87MB   52
e6986976b824   pbbs_suffixArray   4814.41%   55.88GiB / 96GiB    58.21%    0B / 0B   0B / 68.7MB    52
2024-11-14 01:15:57.246681
CONTAINER ID   NAME               CPU %      MEM USAGE / LIMIT   MEM %     NET I/O   BLOCK I/O      PIDS
e2f2850056a7   pbbs_nBody         4333.29%   42GiB / 96GiB       43.75%    0B / 0B   4.1kB / 87MB   52
e6986976b824   pbbs_suffixArray   1130.49%   40.6GiB / 96GiB     42.29%    0B / 0B   0B / 68.7MB    52
2024-11-14 01:15:59.259043
CONTAINER ID   NAME               CPU %      MEM USAGE / LIMIT   MEM %     NET I/O   BLOCK I/O      PIDS
e2f2850056a7   pbbs_nBody         3915.36%   43.51GiB / 96GiB    45.32%    0B / 0B   4.1kB / 87MB   52
e6986976b824   pbbs_suffixArray   4393.43%   32.21GiB / 96GiB    33.55%    0B / 0B   0B / 68.7MB    52
2024-11-14 01:16:01.275209
CONTAINER ID   NAME               CPU %      MEM USAGE / LIMIT   MEM %     NET I/O   BLOCK I/O      PIDS
e2f2850056a7   pbbs_nBody         4311.00%   43.71GiB / 96GiB    45.53%    0B / 0B   4.1kB / 87MB   52
e6986976b824   pbbs_suffixArray   4804.65%   46.84GiB / 96GiB    48.79%    0B / 0B   0B / 68.7MB    52
2024-11-14 01:16:03.285238
CONTAINER ID   NAME               CPU %      MEM USAGE / LIMIT   MEM %     NET I/O   BLOCK I/O      PIDS
e2f2850056a7   pbbs_nBody         4805.32%   43.71GiB / 96GiB    45.53%    0B / 0B   4.1kB / 87MB   52
e6986976b824   pbbs_suffixArray   748.47%    36.27GiB / 96GiB    37.78%    0B / 0B   0B / 68.7MB    52
2024-11-14 01:16:06.396778
CONTAINER ID   NAME               CPU %      MEM USAGE / LIMIT   MEM %     NET I/O   BLOCK I/O      PIDS
e2f2850056a7   pbbs_nBody         4792.92%   43.71GiB / 96GiB    45.53%    0B / 0B   4.1kB / 87MB   52
e6986976b824   pbbs_suffixArray   4795.07%   32.21GiB / 96GiB    33.56%    0B / 0B   0B / 68.7MB    52
2024-11-14 01:16:09.524558
CONTAINER ID   NAME               CPU %      MEM USAGE / LIMIT   MEM %     NET I/O   BLOCK I/O      PIDS
e2f2850056a7   pbbs_nBody         4809.09%   43.71GiB / 96GiB    45.53%    0B / 0B   4.1kB / 87MB   52
e6986976b824   pbbs_suffixArray   4780.81%   36.65GiB / 96GiB    38.18%    0B / 0B   0B / 68.7MB    52
2024-11-14 01:16:11.535372
CONTAINER ID   NAME               CPU %      MEM USAGE / LIMIT   MEM %     NET I/O   BLOCK I/O      PIDS
e2f2850056a7   pbbs_nBody         4811.65%   43.71GiB / 96GiB    45.53%    0B / 0B   4.1kB / 87MB   52
e6986976b824   pbbs_suffixArray   4709.40%   38.14GiB / 96GiB    39.73%    0B / 0B   0B / 68.7MB    52
2024-11-14 01:16:13.546363
CONTAINER ID   NAME               CPU %      MEM USAGE / LIMIT   MEM %     NET I/O   BLOCK I/O      PIDS
e2f2850056a7   pbbs_nBody         4807.07%   43.71GiB / 96GiB    45.53%    0B / 0B   4.1kB / 87MB   52
e6986976b824   pbbs_suffixArray   4791.38%   40.51GiB / 96GiB    42.20%    0B / 0B   0B / 68.7MB    52
2024-11-14 01:16:15.556913
CONTAINER ID   NAME               CPU %      MEM USAGE / LIMIT   MEM %     NET I/O   BLOCK I/O      PIDS
e2f2850056a7   pbbs_nBody         4787.91%   44.96GiB / 96GiB    46.84%    0B / 0B   4.1kB / 87MB   52
e6986976b824   pbbs_suffixArray   2147.21%   36.04GiB / 96GiB    37.54%    0B / 0B   0B / 68.7MB    52
2024-11-14 01:16:17.576925
CONTAINER ID   NAME               CPU %      MEM USAGE / LIMIT   MEM %     NET I/O   BLOCK I/O      PIDS
e2f2850056a7   pbbs_nBody         4760.75%   46.58GiB / 96GiB    48.52%    0B / 0B   4.1kB / 87MB   52
e6986976b824   pbbs_suffixArray   4766.77%   41.35GiB / 96GiB    43.07%    0B / 0B   0B / 68.7MB    52
2024-11-14 01:16:19.587965
CONTAINER ID   NAME               CPU %      MEM USAGE / LIMIT   MEM %     NET I/O   BLOCK I/O      PIDS
e2f2850056a7   pbbs_nBody         4762.70%   48.56GiB / 96GiB    50.58%    0B / 0B   4.1kB / 87MB   52
e6986976b824   pbbs_suffixArray   1806.58%   39.21GiB / 96GiB    40.84%    0B / 0B   0B / 68.7MB    52
2024-11-14 01:16:21.596930
CONTAINER ID   NAME               CPU %      MEM USAGE / LIMIT   MEM %     NET I/O   BLOCK I/O      PIDS
e2f2850056a7   pbbs_nBody         4787.08%   50.23GiB / 96GiB    52.32%    0B / 0B   4.1kB / 87MB   52
e6986976b824   pbbs_suffixArray   4791.81%   41.55GiB / 96GiB    43.28%    0B / 0B   0B / 68.7MB    52
2024-11-14 01:16:23.611256
CONTAINER ID   NAME               CPU %      MEM USAGE / LIMIT   MEM %     NET I/O   BLOCK I/O      PIDS
e2f2850056a7   pbbs_nBody         4772.21%   51.88GiB / 96GiB    54.04%    0B / 0B   4.1kB / 87MB   52
e6986976b824   pbbs_suffixArray   4791.61%   43.87GiB / 96GiB    45.70%    0B / 0B   0B / 68.7MB    52
2024-11-14 01:16:25.628272
CONTAINER ID   NAME               CPU %      MEM USAGE / LIMIT   MEM %     NET I/O   BLOCK I/O      PIDS
e2f2850056a7   pbbs_nBody         3404.25%   53.43GiB / 96GiB    55.66%    0B / 0B   4.1kB / 87MB   52
e6986976b824   pbbs_suffixArray   4799.36%   45.4GiB / 96GiB     47.29%    0B / 0B   0B / 68.7MB    52
2024-11-14 01:16:28.718485
CONTAINER ID   NAME               CPU %      MEM USAGE / LIMIT   MEM %     NET I/O   BLOCK I/O      PIDS
e2f2850056a7   pbbs_nBody         4798.79%   53.56GiB / 96GiB    55.79%    0B / 0B   4.1kB / 87MB   52
e6986976b824   pbbs_suffixArray   100.43%    12.48GiB / 96GiB    13.00%    0B / 0B   0B / 68.7MB    5
2024-11-14 01:16:30.724639
CONTAINER ID   NAME         CPU %      MEM USAGE / LIMIT   MEM %     NET I/O   BLOCK I/O      PIDS
e2f2850056a7   pbbs_nBody   4808.75%   53.56GiB / 96GiB    55.79%    0B / 0B   4.1kB / 87MB   52
2024-11-14 01:16:32.733907
CONTAINER ID   NAME         CPU %      MEM USAGE / LIMIT   MEM %     NET I/O   BLOCK I/O      PIDS
e2f2850056a7   pbbs_nBody   4798.66%   53.56GiB / 96GiB    55.79%    0B / 0B   4.1kB / 87MB   52
2024-11-14 01:16:34.737770
CONTAINER ID   NAME         CPU %      MEM USAGE / LIMIT   MEM %     NET I/O   BLOCK I/O      PIDS
e2f2850056a7   pbbs_nBody   4810.02%   53.56GiB / 96GiB    55.79%    0B / 0B   4.1kB / 87MB   52
2024-11-14 01:16:36.743964
CONTAINER ID   NAME         CPU %      MEM USAGE / LIMIT   MEM %     NET I/O   BLOCK I/O      PIDS
e2f2850056a7   pbbs_nBody   4771.13%   53.97GiB / 96GiB    56.22%    0B / 0B   4.1kB / 87MB   52
2024-11-14 01:16:38.748957
CONTAINER ID   NAME         CPU %      MEM USAGE / LIMIT   MEM %     NET I/O   BLOCK I/O      PIDS
e2f2850056a7   pbbs_nBody   4809.87%   56.58GiB / 96GiB    58.94%    0B / 0B   4.1kB / 87MB   52
2024-11-14 01:16:40.754693
CONTAINER ID   NAME         CPU %      MEM USAGE / LIMIT   MEM %     NET I/O   BLOCK I/O      PIDS
e2f2850056a7   pbbs_nBody   4782.38%   59.17GiB / 96GiB    61.64%    0B / 0B   4.1kB / 87MB   52
2024-11-14 01:16:42.759928
CONTAINER ID   NAME         CPU %      MEM USAGE / LIMIT   MEM %     NET I/O   BLOCK I/O      PIDS
e2f2850056a7   pbbs_nBody   4796.65%   61.74GiB / 96GiB    64.31%    0B / 0B   4.1kB / 87MB   52
2024-11-14 01:16:44.766825
CONTAINER ID   NAME         CPU %     MEM USAGE / LIMIT   MEM %     NET I/O   BLOCK I/O      PIDS
e2f2850056a7   pbbs_nBody   99.78%    47.58GiB / 96GiB    49.56%    0B / 0B   4.1kB / 87MB   5
2024-11-14 01:16:46.775255
CONTAINER ID   NAME         CPU %     MEM USAGE / LIMIT   MEM %     NET I/O   BLOCK I/O      PIDS
e2f2850056a7   pbbs_nBody   99.67%    16.1GiB / 96GiB     16.77%    0B / 0B   4.1kB / 87MB   5
2024-11-14 01:16:48.782452
CONTAINER ID   NAME      CPU %     MEM USAGE / LIMIT   MEM %     NET I/O   BLOCK I/O   PIDS
