2024-11-13 20:31:07.063556
CONTAINER ID   NAME      CPU %     MEM USAGE / LIMIT   MEM %     NET I/O   BLOCK I/O   PIDS
2024-11-13 20:31:07.700226
CONTAINER ID   NAME      CPU %     MEM USAGE / LIMIT   MEM %     NET I/O   BLOCK I/O   PIDS
2024-11-13 20:31:08.333946
CONTAINER ID   NAME      CPU %     MEM USAGE / LIMIT   MEM %     NET I/O   BLOCK I/O   PIDS
2024-11-13 20:31:08.969822
CONTAINER ID   NAME      CPU %     MEM USAGE / LIMIT   MEM %     NET I/O   BLOCK I/O   PIDS
2024-11-13 20:31:09.604256
CONTAINER ID   NAME      CPU %     MEM USAGE / LIMIT   MEM %     NET I/O   BLOCK I/O   PIDS
2024-11-13 20:31:10.236161
CONTAINER ID   NAME      CPU %     MEM USAGE / LIMIT   MEM %     NET I/O   BLOCK I/O   PIDS
2024-11-13 20:31:10.868524
CONTAINER ID   NAME      CPU %     MEM USAGE / LIMIT   MEM %     NET I/O   BLOCK I/O   PIDS
2024-11-13 20:31:11.501931
CONTAINER ID   NAME      CPU %     MEM USAGE / LIMIT   MEM %     NET I/O   BLOCK I/O   PIDS
2024-11-13 20:31:12.133377
CONTAINER ID   NAME      CPU %     MEM USAGE / LIMIT   MEM %     NET I/O   BLOCK I/O   PIDS
2024-11-13 20:31:12.766593
CONTAINER ID   NAME      CPU %     MEM USAGE / LIMIT   MEM %     NET I/O   BLOCK I/O   PIDS
2024-11-13 20:31:13.399084
CONTAINER ID   NAME      CPU %     MEM USAGE / LIMIT   MEM %     NET I/O   BLOCK I/O   PIDS
2024-11-13 20:31:14.032203
CONTAINER ID   NAME      CPU %     MEM USAGE / LIMIT   MEM %     NET I/O   BLOCK I/O   PIDS
2024-11-13 20:31:14.664904
CONTAINER ID   NAME      CPU %     MEM USAGE / LIMIT   MEM %     NET I/O   BLOCK I/O   PIDS
2024-11-13 20:31:15.296682
CONTAINER ID   NAME      CPU %     MEM USAGE / LIMIT   MEM %     NET I/O   BLOCK I/O   PIDS
2024-11-13 20:31:15.929677
CONTAINER ID   NAME      CPU %     MEM USAGE / LIMIT   MEM %     NET I/O   BLOCK I/O   PIDS
2024-11-13 20:31:16.561934
CONTAINER ID   NAME      CPU %     MEM USAGE / LIMIT   MEM %     NET I/O   BLOCK I/O   PIDS
2024-11-13 20:31:17.194330
CONTAINER ID   NAME      CPU %     MEM USAGE / LIMIT   MEM %     NET I/O   BLOCK I/O   PIDS
2024-11-13 20:31:17.827062
CONTAINER ID   NAME      CPU %     MEM USAGE / LIMIT   MEM %     NET I/O   BLOCK I/O   PIDS
2024-11-13 20:31:18.458133
CONTAINER ID   NAME      CPU %     MEM USAGE / LIMIT   MEM %     NET I/O   BLOCK I/O   PIDS
2024-11-13 20:31:19.090232
CONTAINER ID   NAME      CPU %     MEM USAGE / LIMIT   MEM %     NET I/O   BLOCK I/O   PIDS
2024-11-13 20:31:19.723147
CONTAINER ID   NAME      CPU %     MEM USAGE / LIMIT   MEM %     NET I/O   BLOCK I/O   PIDS
2024-11-13 20:31:20.354441
CONTAINER ID   NAME      CPU %     MEM USAGE / LIMIT   MEM %     NET I/O   BLOCK I/O   PIDS
2024-11-13 20:31:20.985908
CONTAINER ID   NAME      CPU %     MEM USAGE / LIMIT   MEM %     NET I/O   BLOCK I/O   PIDS
2024-11-13 20:31:21.618751
CONTAINER ID   NAME      CPU %     MEM USAGE / LIMIT   MEM %     NET I/O   BLOCK I/O   PIDS
2024-11-13 20:31:22.250010
CONTAINER ID   NAME      CPU %     MEM USAGE / LIMIT   MEM %     NET I/O   BLOCK I/O   PIDS
2024-11-13 20:31:22.882945
CONTAINER ID   NAME      CPU %     MEM USAGE / LIMIT   MEM %     NET I/O   BLOCK I/O   PIDS
2024-11-13 20:31:23.515128
CONTAINER ID   NAME      CPU %     MEM USAGE / LIMIT   MEM %     NET I/O   BLOCK I/O   PIDS
2024-11-13 20:31:24.147126
CONTAINER ID   NAME      CPU %     MEM USAGE / LIMIT   MEM %     NET I/O   BLOCK I/O   PIDS
2024-11-13 20:31:24.779877
CONTAINER ID   NAME      CPU %     MEM USAGE / LIMIT   MEM %     NET I/O   BLOCK I/O   PIDS
2024-11-13 20:31:25.413096
CONTAINER ID   NAME      CPU %     MEM USAGE / LIMIT   MEM %     NET I/O   BLOCK I/O   PIDS
2024-11-13 20:31:26.045973
CONTAINER ID   NAME      CPU %     MEM USAGE / LIMIT   MEM %     NET I/O   BLOCK I/O   PIDS
2024-11-13 20:31:26.677892
CONTAINER ID   NAME      CPU %     MEM USAGE / LIMIT   MEM %     NET I/O   BLOCK I/O   PIDS
2024-11-13 20:31:27.310780
CONTAINER ID   NAME                      CPU %     MEM USAGE / LIMIT   MEM %     NET I/O   BLOCK I/O    PIDS
01d91b7a2c01   pbbs_breadthFirstSearch   99.19%    183.3MiB / 96GiB    0.19%     0B / 0B   213kB / 0B   5
2024-11-13 20:31:28.959347
CONTAINER ID   NAME                      CPU %     MEM USAGE / LIMIT   MEM %     NET I/O   BLOCK I/O    PIDS
01d91b7a2c01   pbbs_breadthFirstSearch   99.97%    341.7MiB / 96GiB    0.35%     0B / 0B   213kB / 0B   5
2024-11-13 20:31:30.968267
CONTAINER ID   NAME                      CPU %     MEM USAGE / LIMIT   MEM %     NET I/O   BLOCK I/O    PIDS
01d91b7a2c01   pbbs_breadthFirstSearch   99.96%    384.5MiB / 96GiB    0.39%     0B / 0B   213kB / 0B   5
2024-11-13 20:31:32.977063
CONTAINER ID   NAME                      CPU %     MEM USAGE / LIMIT   MEM %     NET I/O   BLOCK I/O    PIDS
01d91b7a2c01   pbbs_breadthFirstSearch   99.80%    432.8MiB / 96GiB    0.44%     0B / 0B   213kB / 0B   5
2024-11-13 20:31:34.986614
CONTAINER ID   NAME                      CPU %     MEM USAGE / LIMIT   MEM %     NET I/O   BLOCK I/O        PIDS
01d91b7a2c01   pbbs_breadthFirstSearch   100.46%   242.5MiB / 96GiB    0.25%     0B / 0B   225kB / 18.1MB   5
2024-11-13 20:31:36.997962
CONTAINER ID   NAME                      CPU %     MEM USAGE / LIMIT   MEM %     NET I/O   BLOCK I/O        PIDS
01d91b7a2c01   pbbs_breadthFirstSearch   99.31%    326.5MiB / 96GiB    0.33%     0B / 0B   225kB / 18.1MB   5
2024-11-13 20:31:39.004390
CONTAINER ID   NAME                      CPU %     MEM USAGE / LIMIT   MEM %     NET I/O   BLOCK I/O        PIDS
01d91b7a2c01   pbbs_breadthFirstSearch   99.94%    369.3MiB / 96GiB    0.38%     0B / 0B   225kB / 18.1MB   5
2024-11-13 20:31:41.014220
CONTAINER ID   NAME                      CPU %     MEM USAGE / LIMIT   MEM %     NET I/O   BLOCK I/O        PIDS
01d91b7a2c01   pbbs_breadthFirstSearch   99.78%    162.2MiB / 96GiB    0.17%     0B / 0B   365kB / 36.2MB   7
2024-11-13 20:31:43.021493
CONTAINER ID   NAME                      CPU %     MEM USAGE / LIMIT   MEM %     NET I/O   BLOCK I/O        PIDS
01d91b7a2c01   pbbs_breadthFirstSearch   100.02%   333.3MiB / 96GiB    0.34%     0B / 0B   365kB / 36.2MB   7
2024-11-13 20:31:45.028995
CONTAINER ID   NAME                      CPU %     MEM USAGE / LIMIT   MEM %     NET I/O   BLOCK I/O        PIDS
01d91b7a2c01   pbbs_breadthFirstSearch   99.67%    380.5MiB / 96GiB    0.39%     0B / 0B   365kB / 36.2MB   7
2024-11-13 20:31:47.034212
CONTAINER ID   NAME                      CPU %     MEM USAGE / LIMIT   MEM %     NET I/O   BLOCK I/O        PIDS
01d91b7a2c01   pbbs_breadthFirstSearch   96.98%    74.96MiB / 96GiB    0.08%     0B / 0B   365kB / 51.6MB   7
2024-11-13 20:31:49.043302
CONTAINER ID   NAME                      CPU %     MEM USAGE / LIMIT   MEM %     NET I/O   BLOCK I/O        PIDS
01d91b7a2c01   pbbs_breadthFirstSearch   489.02%   738.9MiB / 96GiB    0.75%     0B / 0B   620MB / 51.6MB   52
2024-11-13 20:31:51.050674
CONTAINER ID   NAME                      CPU %     MEM USAGE / LIMIT   MEM %     NET I/O   BLOCK I/O         PIDS
01d91b7a2c01   pbbs_breadthFirstSearch   180.11%   1.44GiB / 96GiB     1.50%     0B / 0B   1.39GB / 51.6MB   52
2024-11-13 20:31:53.058012
CONTAINER ID   NAME                      CPU %     MEM USAGE / LIMIT   MEM %     NET I/O   BLOCK I/O         PIDS
01d91b7a2c01   pbbs_breadthFirstSearch   138.50%   2.176GiB / 96GiB    2.27%     0B / 0B   2.21GB / 51.6MB   52
2024-11-13 20:31:55.063562
CONTAINER ID   NAME                      CPU %     MEM USAGE / LIMIT   MEM %     NET I/O   BLOCK I/O        PIDS
01d91b7a2c01   pbbs_breadthFirstSearch   145.42%   2.984GiB / 96GiB    3.11%     0B / 0B   3.1GB / 51.6MB   52
2024-11-13 20:31:57.205360
CONTAINER ID   NAME                      CPU %     MEM USAGE / LIMIT   MEM %     NET I/O   BLOCK I/O        PIDS
01d91b7a2c01   pbbs_breadthFirstSearch   141.73%   3.7GiB / 96GiB      3.85%     0B / 0B   3.9GB / 51.6MB   52
2024-11-13 20:31:59.212859
CONTAINER ID   NAME                      CPU %     MEM USAGE / LIMIT   MEM %     NET I/O   BLOCK I/O         PIDS
01d91b7a2c01   pbbs_breadthFirstSearch   144.93%   4.44GiB / 96GiB     4.62%     0B / 0B   4.72GB / 51.6MB   52
2024-11-13 20:32:01.218972
CONTAINER ID   NAME                      CPU %     MEM USAGE / LIMIT   MEM %     NET I/O   BLOCK I/O         PIDS
01d91b7a2c01   pbbs_breadthFirstSearch   146.63%   5.202GiB / 96GiB    5.42%     0B / 0B   5.56GB / 51.6MB   52
2024-11-13 20:32:03.225164
CONTAINER ID   NAME                      CPU %     MEM USAGE / LIMIT   MEM %     NET I/O   BLOCK I/O         PIDS
01d91b7a2c01   pbbs_breadthFirstSearch   145.55%   5.948GiB / 96GiB    6.20%     0B / 0B   6.37GB / 51.6MB   52
2024-11-13 20:32:05.235014
CONTAINER ID   NAME                      CPU %     MEM USAGE / LIMIT   MEM %     NET I/O   BLOCK I/O        PIDS
01d91b7a2c01   pbbs_breadthFirstSearch   146.86%   6.697GiB / 96GiB    6.98%     0B / 0B   7.2GB / 51.6MB   52
2024-11-13 20:32:07.241228
CONTAINER ID   NAME                      CPU %     MEM USAGE / LIMIT   MEM %     NET I/O   BLOCK I/O         PIDS
01d91b7a2c01   pbbs_breadthFirstSearch   143.34%   7.46GiB / 96GiB     7.77%     0B / 0B   8.03GB / 51.6MB   52
2024-11-13 20:32:09.250096
CONTAINER ID   NAME                      CPU %     MEM USAGE / LIMIT   MEM %     NET I/O   BLOCK I/O         PIDS
01d91b7a2c01   pbbs_breadthFirstSearch   149.70%   8.231GiB / 96GiB    8.57%     0B / 0B   8.89GB / 51.6MB   52
2024-11-13 20:32:11.259021
CONTAINER ID   NAME                      CPU %     MEM USAGE / LIMIT   MEM %     NET I/O   BLOCK I/O         PIDS
01d91b7a2c01   pbbs_breadthFirstSearch   140.88%   8.963GiB / 96GiB    9.34%     0B / 0B   9.71GB / 51.6MB   52
2024-11-13 20:32:13.266773
CONTAINER ID   NAME                      CPU %     MEM USAGE / LIMIT   MEM %     NET I/O   BLOCK I/O         PIDS
01d91b7a2c01   pbbs_breadthFirstSearch   154.07%   9.781GiB / 96GiB    10.19%    0B / 0B   10.6GB / 51.6MB   52
2024-11-13 20:32:15.277350
CONTAINER ID   NAME                      CPU %     MEM USAGE / LIMIT   MEM %     NET I/O   BLOCK I/O         PIDS
01d91b7a2c01   pbbs_breadthFirstSearch   155.49%   10.6GiB / 96GiB     11.04%    0B / 0B   11.6GB / 51.6MB   52
2024-11-13 20:32:17.287485
CONTAINER ID   NAME                      CPU %     MEM USAGE / LIMIT   MEM %     NET I/O   BLOCK I/O         PIDS
01d91b7a2c01   pbbs_breadthFirstSearch   135.55%   11.35GiB / 96GiB    11.82%    0B / 0B   12.5GB / 51.6MB   52
2024-11-13 20:32:19.293843
CONTAINER ID   NAME                      CPU %     MEM USAGE / LIMIT   MEM %     NET I/O   BLOCK I/O         PIDS
01d91b7a2c01   pbbs_breadthFirstSearch   144.67%   12.1GiB / 96GiB     12.61%    0B / 0B   13.4GB / 51.6MB   52
2024-11-13 20:32:21.301812
CONTAINER ID   NAME                      CPU %     MEM USAGE / LIMIT   MEM %     NET I/O   BLOCK I/O         PIDS
01d91b7a2c01   pbbs_breadthFirstSearch   147.63%   12.86GiB / 96GiB    13.40%    0B / 0B   14.3GB / 51.6MB   52
2024-11-13 20:32:23.311413
CONTAINER ID   NAME                      CPU %     MEM USAGE / LIMIT   MEM %     NET I/O   BLOCK I/O         PIDS
01d91b7a2c01   pbbs_breadthFirstSearch   135.64%   13.49GiB / 96GiB    14.05%    0B / 0B   15.2GB / 51.6MB   52
2024-11-13 20:32:25.317484
CONTAINER ID   NAME                      CPU %     MEM USAGE / LIMIT   MEM %     NET I/O   BLOCK I/O         PIDS
01d91b7a2c01   pbbs_breadthFirstSearch   142.70%   13.97GiB / 96GiB    14.55%    0B / 0B   16.2GB / 51.6MB   52
2024-11-13 20:32:27.327709
CONTAINER ID   NAME                      CPU %     MEM USAGE / LIMIT   MEM %     NET I/O   BLOCK I/O         PIDS
01d91b7a2c01   pbbs_breadthFirstSearch   130.62%   14.13GiB / 96GiB    14.72%    0B / 0B   17.2GB / 51.6MB   52
2024-11-13 20:32:29.335176
CONTAINER ID   NAME                      CPU %     MEM USAGE / LIMIT   MEM %     NET I/O   BLOCK I/O         PIDS
01d91b7a2c01   pbbs_breadthFirstSearch   131.22%   14.2GiB / 96GiB     14.80%    0B / 0B   18.1GB / 51.6MB   52
2024-11-13 20:32:31.345095
CONTAINER ID   NAME                      CPU %     MEM USAGE / LIMIT   MEM %     NET I/O   BLOCK I/O         PIDS
01d91b7a2c01   pbbs_breadthFirstSearch   127.23%   14.25GiB / 96GiB    14.85%    0B / 0B   19.1GB / 51.6MB   52
2024-11-13 20:32:33.355677
CONTAINER ID   NAME                      CPU %     MEM USAGE / LIMIT   MEM %     NET I/O   BLOCK I/O         PIDS
01d91b7a2c01   pbbs_breadthFirstSearch   138.54%   14.31GiB / 96GiB    14.90%    0B / 0B   20.1GB / 51.6MB   52
2024-11-13 20:32:35.360929
CONTAINER ID   NAME                      CPU %     MEM USAGE / LIMIT   MEM %     NET I/O   BLOCK I/O         PIDS
01d91b7a2c01   pbbs_breadthFirstSearch   137.48%   14.33GiB / 96GiB    14.93%    0B / 0B   21.1GB / 51.6MB   52
2024-11-13 20:32:37.369121
CONTAINER ID   NAME                      CPU %     MEM USAGE / LIMIT   MEM %     NET I/O   BLOCK I/O         PIDS
01d91b7a2c01   pbbs_breadthFirstSearch   135.42%   14.34GiB / 96GiB    14.94%    0B / 0B   22.1GB / 51.6MB   52
2024-11-13 20:32:39.379593
CONTAINER ID   NAME                      CPU %      MEM USAGE / LIMIT   MEM %     NET I/O   BLOCK I/O         PIDS
01d91b7a2c01   pbbs_breadthFirstSearch   4802.30%   23.79GiB / 96GiB    24.78%    0B / 0B   22.5GB / 51.6MB   52
2024-11-13 20:32:41.382519
CONTAINER ID   NAME                      CPU %      MEM USAGE / LIMIT   MEM %     NET I/O   BLOCK I/O         PIDS
01d91b7a2c01   pbbs_breadthFirstSearch   4797.54%   42.19GiB / 96GiB    43.95%    0B / 0B   22.5GB / 51.6MB   52
2024-11-13 20:32:43.390075
CONTAINER ID   NAME                      CPU %      MEM USAGE / LIMIT   MEM %     NET I/O   BLOCK I/O         PIDS
01d91b7a2c01   pbbs_breadthFirstSearch   4812.12%   60.32GiB / 96GiB    62.84%    0B / 0B   22.5GB / 51.6MB   52
2024-11-13 20:32:45.395944
CONTAINER ID   NAME                      CPU %      MEM USAGE / LIMIT   MEM %     NET I/O   BLOCK I/O         PIDS
01d91b7a2c01   pbbs_breadthFirstSearch   4779.22%   73.27GiB / 96GiB    76.32%    0B / 0B   22.5GB / 51.6MB   52
2024-11-13 20:32:47.398569
CONTAINER ID   NAME                      CPU %      MEM USAGE / LIMIT   MEM %     NET I/O   BLOCK I/O         PIDS
01d91b7a2c01   pbbs_breadthFirstSearch   3350.51%   81.7GiB / 96GiB     85.11%    0B / 0B   22.5GB / 51.6MB   52
2024-11-13 20:32:49.406352
CONTAINER ID   NAME                      CPU %      MEM USAGE / LIMIT   MEM %     NET I/O   BLOCK I/O         PIDS
01d91b7a2c01   pbbs_breadthFirstSearch   4811.86%   91.72GiB / 96GiB    95.54%    0B / 0B   22.5GB / 51.6MB   52
2024-11-13 20:32:51.410679
CONTAINER ID   NAME                      CPU %      MEM USAGE / LIMIT   MEM %     NET I/O   BLOCK I/O         PIDS
01d91b7a2c01   pbbs_breadthFirstSearch   4787.76%   94.38GiB / 96GiB    98.31%    0B / 0B   22.5GB / 51.6MB   52
2024-11-13 20:32:53.421835
CONTAINER ID   NAME                      CPU %      MEM USAGE / LIMIT   MEM %     NET I/O   BLOCK I/O         PIDS
01d91b7a2c01   pbbs_breadthFirstSearch   4801.82%   94.41GiB / 96GiB    98.34%    0B / 0B   22.5GB / 51.6MB   52
2024-11-13 20:32:55.429016
CONTAINER ID   NAME                      CPU %      MEM USAGE / LIMIT   MEM %     NET I/O   BLOCK I/O         PIDS
01d91b7a2c01   pbbs_breadthFirstSearch   4798.17%   94.5GiB / 96GiB     98.44%    0B / 0B   22.5GB / 51.6MB   52
2024-11-13 20:32:57.440413
CONTAINER ID   NAME                      CPU %     MEM USAGE / LIMIT   MEM %     NET I/O   BLOCK I/O         PIDS
01d91b7a2c01   pbbs_breadthFirstSearch   99.48%    75.48GiB / 96GiB    78.63%    0B / 0B   22.5GB / 51.6MB   52
2024-11-13 20:32:59.446779
CONTAINER ID   NAME                      CPU %     MEM USAGE / LIMIT   MEM %     NET I/O   BLOCK I/O         PIDS
01d91b7a2c01   pbbs_breadthFirstSearch   99.54%    53.07GiB / 96GiB    55.28%    0B / 0B   22.5GB / 51.6MB   52
2024-11-13 20:33:01.454749
CONTAINER ID   NAME                      CPU %      MEM USAGE / LIMIT   MEM %     NET I/O   BLOCK I/O         PIDS
01d91b7a2c01   pbbs_breadthFirstSearch   2788.81%   32.42GiB / 96GiB    33.77%    0B / 0B   22.5GB / 51.6MB   52
2024-11-13 20:33:03.463971
CONTAINER ID   NAME                      CPU %      MEM USAGE / LIMIT   MEM %     NET I/O   BLOCK I/O         PIDS
01d91b7a2c01   pbbs_breadthFirstSearch   4794.41%   32.51GiB / 96GiB    33.87%    0B / 0B   22.5GB / 51.6MB   52
2024-11-13 20:33:05.469468
CONTAINER ID   NAME                      CPU %      MEM USAGE / LIMIT   MEM %     NET I/O   BLOCK I/O         PIDS
01d91b7a2c01   pbbs_breadthFirstSearch   4813.97%   32.57GiB / 96GiB    33.92%    0B / 0B   22.5GB / 51.6MB   52
2024-11-13 20:33:07.475908
CONTAINER ID   NAME                      CPU %      MEM USAGE / LIMIT   MEM %     NET I/O   BLOCK I/O         PIDS
01d91b7a2c01   pbbs_breadthFirstSearch   4794.62%   32.57GiB / 96GiB    33.93%    0B / 0B   22.5GB / 51.6MB   52
2024-11-13 20:33:09.481959
CONTAINER ID   NAME                      CPU %      MEM USAGE / LIMIT   MEM %     NET I/O   BLOCK I/O         PIDS
01d91b7a2c01   pbbs_breadthFirstSearch   4785.26%   34.97GiB / 96GiB    36.42%    0B / 0B   22.5GB / 51.6MB   52
2024-11-13 20:33:11.488407
CONTAINER ID   NAME                      CPU %      MEM USAGE / LIMIT   MEM %     NET I/O   BLOCK I/O         PIDS
01d91b7a2c01   pbbs_breadthFirstSearch   4793.66%   34.97GiB / 96GiB    36.42%    0B / 0B   22.5GB / 51.6MB   52
2024-11-13 20:33:13.493288
CONTAINER ID   NAME                      CPU %      MEM USAGE / LIMIT   MEM %     NET I/O   BLOCK I/O         PIDS
01d91b7a2c01   pbbs_breadthFirstSearch   4807.04%   34.97GiB / 96GiB    36.43%    0B / 0B   22.5GB / 51.6MB   52
2024-11-13 20:33:15.498554
CONTAINER ID   NAME                      CPU %      MEM USAGE / LIMIT   MEM %     NET I/O   BLOCK I/O         PIDS
01d91b7a2c01   pbbs_breadthFirstSearch   4793.63%   34.97GiB / 96GiB    36.43%    0B / 0B   22.5GB / 51.6MB   52
2024-11-13 20:33:17.515598
CONTAINER ID   NAME                      CPU %      MEM USAGE / LIMIT   MEM %     NET I/O   BLOCK I/O         PIDS
01d91b7a2c01   pbbs_breadthFirstSearch   4800.26%   37.36GiB / 96GiB    38.92%    0B / 0B   22.5GB / 51.6MB   52
2024-11-13 20:33:19.512194
CONTAINER ID   NAME                      CPU %      MEM USAGE / LIMIT   MEM %     NET I/O   BLOCK I/O         PIDS
01d91b7a2c01   pbbs_breadthFirstSearch   4805.21%   37.36GiB / 96GiB    38.92%    0B / 0B   22.5GB / 51.6MB   52
2024-11-13 20:33:21.519099
CONTAINER ID   NAME                      CPU %      MEM USAGE / LIMIT   MEM %     NET I/O   BLOCK I/O         PIDS
01d91b7a2c01   pbbs_breadthFirstSearch   4779.36%   37.36GiB / 96GiB    38.92%    0B / 0B   22.5GB / 51.6MB   52
2024-11-13 20:33:23.524520
CONTAINER ID   NAME                      CPU %      MEM USAGE / LIMIT   MEM %     NET I/O   BLOCK I/O         PIDS
01d91b7a2c01   pbbs_breadthFirstSearch   4792.64%   37.37GiB / 96GiB    38.92%    0B / 0B   22.5GB / 51.6MB   52
2024-11-13 20:33:25.529958
CONTAINER ID   NAME                      CPU %      MEM USAGE / LIMIT   MEM %     NET I/O   BLOCK I/O         PIDS
01d91b7a2c01   pbbs_breadthFirstSearch   4807.13%   37.37GiB / 96GiB    38.92%    0B / 0B   22.5GB / 51.6MB   52
2024-11-13 20:33:27.535410
CONTAINER ID   NAME                      CPU %      MEM USAGE / LIMIT   MEM %     NET I/O   BLOCK I/O         PIDS
01d91b7a2c01   pbbs_breadthFirstSearch   4803.16%   37.37GiB / 96GiB    38.92%    0B / 0B   22.5GB / 51.6MB   52
2024-11-13 20:33:29.542017
CONTAINER ID   NAME                      CPU %      MEM USAGE / LIMIT   MEM %     NET I/O   BLOCK I/O         PIDS
01d91b7a2c01   pbbs_breadthFirstSearch   4799.82%   37.37GiB / 96GiB    38.92%    0B / 0B   22.5GB / 51.6MB   52
2024-11-13 20:33:31.549711
CONTAINER ID   NAME                      CPU %      MEM USAGE / LIMIT   MEM %     NET I/O   BLOCK I/O         PIDS
01d91b7a2c01   pbbs_breadthFirstSearch   4810.17%   37.37GiB / 96GiB    38.93%    0B / 0B   22.5GB / 51.6MB   52
2024-11-13 20:33:33.554001
CONTAINER ID   NAME                      CPU %      MEM USAGE / LIMIT   MEM %     NET I/O   BLOCK I/O         PIDS
01d91b7a2c01   pbbs_breadthFirstSearch   4790.99%   37.37GiB / 96GiB    38.93%    0B / 0B   22.5GB / 51.6MB   52
2024-11-13 20:33:35.562868
CONTAINER ID   NAME                      CPU %      MEM USAGE / LIMIT   MEM %     NET I/O   BLOCK I/O         PIDS
01d91b7a2c01   pbbs_breadthFirstSearch   4795.49%   37.37GiB / 96GiB    38.92%    0B / 0B   22.5GB / 51.6MB   52
2024-11-13 20:33:37.566858
CONTAINER ID   NAME                      CPU %      MEM USAGE / LIMIT   MEM %     NET I/O   BLOCK I/O         PIDS
01d91b7a2c01   pbbs_breadthFirstSearch   4791.60%   37.37GiB / 96GiB    38.93%    0B / 0B   22.5GB / 51.6MB   52
2024-11-13 20:33:39.572979
CONTAINER ID   NAME                      CPU %      MEM USAGE / LIMIT   MEM %     NET I/O   BLOCK I/O         PIDS
01d91b7a2c01   pbbs_breadthFirstSearch   4807.06%   37.37GiB / 96GiB    38.93%    0B / 0B   22.5GB / 51.6MB   52
2024-11-13 20:33:41.580110
CONTAINER ID   NAME                      CPU %      MEM USAGE / LIMIT   MEM %     NET I/O   BLOCK I/O         PIDS
01d91b7a2c01   pbbs_breadthFirstSearch   4801.81%   37.37GiB / 96GiB    38.93%    0B / 0B   22.5GB / 51.6MB   52
2024-11-13 20:33:43.585465
CONTAINER ID   NAME                      CPU %      MEM USAGE / LIMIT   MEM %     NET I/O   BLOCK I/O         PIDS
01d91b7a2c01   pbbs_breadthFirstSearch   4799.57%   37.37GiB / 96GiB    38.93%    0B / 0B   22.5GB / 51.6MB   52
2024-11-13 20:33:45.592603
CONTAINER ID   NAME                      CPU %      MEM USAGE / LIMIT   MEM %     NET I/O   BLOCK I/O         PIDS
01d91b7a2c01   pbbs_breadthFirstSearch   4778.04%   37.37GiB / 96GiB    38.93%    0B / 0B   22.5GB / 51.6MB   52
2024-11-13 20:33:47.597775
CONTAINER ID   NAME                      CPU %      MEM USAGE / LIMIT   MEM %     NET I/O   BLOCK I/O         PIDS
01d91b7a2c01   pbbs_breadthFirstSearch   4795.04%   37.37GiB / 96GiB    38.93%    0B / 0B   22.5GB / 51.6MB   52
2024-11-13 20:33:49.606356
CONTAINER ID   NAME                      CPU %      MEM USAGE / LIMIT   MEM %     NET I/O   BLOCK I/O         PIDS
01d91b7a2c01   pbbs_breadthFirstSearch   4797.16%   37.37GiB / 96GiB    38.93%    0B / 0B   22.5GB / 51.6MB   52
2024-11-13 20:33:51.610181
CONTAINER ID   NAME                      CPU %      MEM USAGE / LIMIT   MEM %     NET I/O   BLOCK I/O         PIDS
01d91b7a2c01   pbbs_breadthFirstSearch   4784.86%   37.37GiB / 96GiB    38.93%    0B / 0B   22.5GB / 51.6MB   52
2024-11-13 20:33:53.616718
CONTAINER ID   NAME                      CPU %      MEM USAGE / LIMIT   MEM %     NET I/O   BLOCK I/O         PIDS
01d91b7a2c01   pbbs_breadthFirstSearch   4809.42%   37.37GiB / 96GiB    38.93%    0B / 0B   22.5GB / 51.6MB   52
2024-11-13 20:33:55.622970
CONTAINER ID   NAME                      CPU %      MEM USAGE / LIMIT   MEM %     NET I/O   BLOCK I/O         PIDS
01d91b7a2c01   pbbs_breadthFirstSearch   4781.75%   37.37GiB / 96GiB    38.93%    0B / 0B   22.5GB / 51.6MB   52
2024-11-13 20:33:57.629414
CONTAINER ID   NAME                      CPU %      MEM USAGE / LIMIT   MEM %     NET I/O   BLOCK I/O         PIDS
01d91b7a2c01   pbbs_breadthFirstSearch   4798.91%   37.37GiB / 96GiB    38.93%    0B / 0B   22.5GB / 51.6MB   52
2024-11-13 20:33:59.634425
CONTAINER ID   NAME                      CPU %      MEM USAGE / LIMIT   MEM %     NET I/O   BLOCK I/O         PIDS
01d91b7a2c01   pbbs_breadthFirstSearch   4799.72%   37.37GiB / 96GiB    38.93%    0B / 0B   22.5GB / 51.6MB   52
2024-11-13 20:34:01.640526
CONTAINER ID   NAME                      CPU %      MEM USAGE / LIMIT   MEM %     NET I/O   BLOCK I/O         PIDS
01d91b7a2c01   pbbs_breadthFirstSearch   4810.97%   37.37GiB / 96GiB    38.93%    0B / 0B   22.5GB / 51.6MB   52
2024-11-13 20:34:03.649794
CONTAINER ID   NAME                      CPU %      MEM USAGE / LIMIT   MEM %     NET I/O   BLOCK I/O         PIDS
01d91b7a2c01   pbbs_breadthFirstSearch   4798.84%   37.37GiB / 96GiB    38.93%    0B / 0B   22.5GB / 51.6MB   52
2024-11-13 20:34:05.651801
CONTAINER ID   NAME                      CPU %      MEM USAGE / LIMIT   MEM %     NET I/O   BLOCK I/O         PIDS
01d91b7a2c01   pbbs_breadthFirstSearch   4785.79%   37.37GiB / 96GiB    38.93%    0B / 0B   22.5GB / 51.6MB   52
2024-11-13 20:34:07.659834
CONTAINER ID   NAME                      CPU %      MEM USAGE / LIMIT   MEM %     NET I/O   BLOCK I/O         PIDS
01d91b7a2c01   pbbs_breadthFirstSearch   4808.91%   37.37GiB / 96GiB    38.93%    0B / 0B   22.5GB / 51.6MB   52
2024-11-13 20:34:09.666382
CONTAINER ID   NAME                      CPU %      MEM USAGE / LIMIT   MEM %     NET I/O   BLOCK I/O         PIDS
01d91b7a2c01   pbbs_breadthFirstSearch   4776.85%   37.37GiB / 96GiB    38.93%    0B / 0B   22.5GB / 51.6MB   52
2024-11-13 20:34:11.673948
CONTAINER ID   NAME                      CPU %      MEM USAGE / LIMIT   MEM %     NET I/O   BLOCK I/O         PIDS
01d91b7a2c01   pbbs_breadthFirstSearch   4806.88%   37.37GiB / 96GiB    38.93%    0B / 0B   22.5GB / 51.6MB   52
2024-11-13 20:34:13.679978
CONTAINER ID   NAME                      CPU %      MEM USAGE / LIMIT   MEM %     NET I/O   BLOCK I/O         PIDS
01d91b7a2c01   pbbs_breadthFirstSearch   4780.10%   37.37GiB / 96GiB    38.93%    0B / 0B   22.5GB / 51.6MB   52
2024-11-13 20:34:15.686012
CONTAINER ID   NAME                      CPU %      MEM USAGE / LIMIT   MEM %     NET I/O   BLOCK I/O         PIDS
01d91b7a2c01   pbbs_breadthFirstSearch   4799.42%   37.38GiB / 96GiB    38.93%    0B / 0B   22.5GB / 51.6MB   52
2024-11-13 20:34:17.691040
CONTAINER ID   NAME                      CPU %      MEM USAGE / LIMIT   MEM %     NET I/O   BLOCK I/O         PIDS
01d91b7a2c01   pbbs_breadthFirstSearch   4807.92%   37.38GiB / 96GiB    38.93%    0B / 0B   22.5GB / 51.6MB   52
2024-11-13 20:34:19.695710
CONTAINER ID   NAME                      CPU %      MEM USAGE / LIMIT   MEM %     NET I/O   BLOCK I/O         PIDS
01d91b7a2c01   pbbs_breadthFirstSearch   4774.34%   37.38GiB / 96GiB    38.93%    0B / 0B   22.5GB / 51.6MB   52
2024-11-13 20:34:21.710301
CONTAINER ID   NAME                      CPU %      MEM USAGE / LIMIT   MEM %     NET I/O   BLOCK I/O         PIDS
01d91b7a2c01   pbbs_breadthFirstSearch   4781.39%   37.38GiB / 96GiB    38.93%    0B / 0B   22.5GB / 51.6MB   52
2024-11-13 20:34:23.712604
CONTAINER ID   NAME                      CPU %      MEM USAGE / LIMIT   MEM %     NET I/O   BLOCK I/O         PIDS
01d91b7a2c01   pbbs_breadthFirstSearch   4788.35%   37.38GiB / 96GiB    38.93%    0B / 0B   22.5GB / 51.6MB   52
2024-11-13 20:34:25.717921
CONTAINER ID   NAME                      CPU %      MEM USAGE / LIMIT   MEM %     NET I/O   BLOCK I/O         PIDS
01d91b7a2c01   pbbs_breadthFirstSearch   4809.10%   37.38GiB / 96GiB    38.93%    0B / 0B   22.5GB / 51.6MB   52
2024-11-13 20:34:27.724932
CONTAINER ID   NAME                      CPU %      MEM USAGE / LIMIT   MEM %     NET I/O   BLOCK I/O         PIDS
01d91b7a2c01   pbbs_breadthFirstSearch   4771.15%   37.38GiB / 96GiB    38.93%    0B / 0B   22.5GB / 51.6MB   52
2024-11-13 20:34:29.730435
CONTAINER ID   NAME                      CPU %      MEM USAGE / LIMIT   MEM %     NET I/O   BLOCK I/O         PIDS
01d91b7a2c01   pbbs_breadthFirstSearch   4795.69%   37.38GiB / 96GiB    38.93%    0B / 0B   22.5GB / 51.6MB   52
2024-11-13 20:34:31.736460
CONTAINER ID   NAME                      CPU %      MEM USAGE / LIMIT   MEM %     NET I/O   BLOCK I/O         PIDS
01d91b7a2c01   pbbs_breadthFirstSearch   4780.48%   37.38GiB / 96GiB    38.93%    0B / 0B   22.5GB / 51.6MB   52
2024-11-13 20:34:33.742162
CONTAINER ID   NAME                      CPU %      MEM USAGE / LIMIT   MEM %     NET I/O   BLOCK I/O         PIDS
01d91b7a2c01   pbbs_breadthFirstSearch   4796.35%   37.38GiB / 96GiB    38.93%    0B / 0B   22.5GB / 51.6MB   52
2024-11-13 20:34:35.745957
CONTAINER ID   NAME                      CPU %      MEM USAGE / LIMIT   MEM %     NET I/O   BLOCK I/O         PIDS
01d91b7a2c01   pbbs_breadthFirstSearch   4803.56%   37.38GiB / 96GiB    38.93%    0B / 0B   22.5GB / 51.6MB   52
2024-11-13 20:34:37.751829
CONTAINER ID   NAME                      CPU %      MEM USAGE / LIMIT   MEM %     NET I/O   BLOCK I/O         PIDS
01d91b7a2c01   pbbs_breadthFirstSearch   4776.53%   37.38GiB / 96GiB    38.93%    0B / 0B   22.5GB / 51.6MB   52
2024-11-13 20:34:39.757418
CONTAINER ID   NAME                      CPU %      MEM USAGE / LIMIT   MEM %     NET I/O   BLOCK I/O         PIDS
01d91b7a2c01   pbbs_breadthFirstSearch   4798.91%   37.38GiB / 96GiB    38.93%    0B / 0B   22.5GB / 51.6MB   52
2024-11-13 20:34:41.762312
CONTAINER ID   NAME                      CPU %      MEM USAGE / LIMIT   MEM %     NET I/O   BLOCK I/O         PIDS
01d91b7a2c01   pbbs_breadthFirstSearch   4794.65%   37.38GiB / 96GiB    38.93%    0B / 0B   22.5GB / 51.6MB   52
2024-11-13 20:34:43.767136
CONTAINER ID   NAME                      CPU %      MEM USAGE / LIMIT   MEM %     NET I/O   BLOCK I/O         PIDS
01d91b7a2c01   pbbs_breadthFirstSearch   4781.71%   37.38GiB / 96GiB    38.94%    0B / 0B   22.5GB / 51.6MB   52
2024-11-13 20:34:45.775479
CONTAINER ID   NAME                      CPU %      MEM USAGE / LIMIT   MEM %     NET I/O   BLOCK I/O         PIDS
01d91b7a2c01   pbbs_breadthFirstSearch   4805.85%   37.38GiB / 96GiB    38.94%    0B / 0B   22.5GB / 51.6MB   52
2024-11-13 20:34:47.779624
CONTAINER ID   NAME                      CPU %      MEM USAGE / LIMIT   MEM %     NET I/O   BLOCK I/O         PIDS
01d91b7a2c01   pbbs_breadthFirstSearch   4776.43%   37.38GiB / 96GiB    38.94%    0B / 0B   22.5GB / 51.6MB   52
2024-11-13 20:34:49.787336
CONTAINER ID   NAME                      CPU %      MEM USAGE / LIMIT   MEM %     NET I/O   BLOCK I/O         PIDS
01d91b7a2c01   pbbs_breadthFirstSearch   4797.88%   37.38GiB / 96GiB    38.94%    0B / 0B   22.5GB / 51.6MB   52
2024-11-13 20:34:51.790139
CONTAINER ID   NAME                      CPU %      MEM USAGE / LIMIT   MEM %     NET I/O   BLOCK I/O         PIDS
01d91b7a2c01   pbbs_breadthFirstSearch   4795.14%   37.38GiB / 96GiB    38.93%    0B / 0B   22.5GB / 51.6MB   52
2024-11-13 20:34:53.799413
CONTAINER ID   NAME                      CPU %      MEM USAGE / LIMIT   MEM %     NET I/O   BLOCK I/O         PIDS
01d91b7a2c01   pbbs_breadthFirstSearch   4796.22%   37.38GiB / 96GiB    38.94%    0B / 0B   22.5GB / 51.6MB   52
2024-11-13 20:34:55.800930
CONTAINER ID   NAME                      CPU %      MEM USAGE / LIMIT   MEM %     NET I/O   BLOCK I/O         PIDS
01d91b7a2c01   pbbs_breadthFirstSearch   1968.74%   28.76GiB / 96GiB    29.96%    0B / 0B   22.5GB / 51.6MB   52
2024-11-13 20:34:57.810237
CONTAINER ID   NAME      CPU %     MEM USAGE / LIMIT   MEM %     NET I/O   BLOCK I/O   PIDS
