2025-02-15 23:51:08.456108
CONTAINER ID   NAME      CPU %     MEM USAGE / LIMIT   MEM %     NET I/O   BLOCK I/O   PIDS
2025-02-15 23:51:09.079395
CONTAINER ID   NAME      CPU %     MEM USAGE / LIMIT   MEM %     NET I/O   BLOCK I/O   PIDS
2025-02-15 23:51:09.698109
CONTAINER ID   NAME      CPU %     MEM USAGE / LIMIT   MEM %     NET I/O   BLOCK I/O   PIDS
2025-02-15 23:51:10.317008
CONTAINER ID   NAME      CPU %     MEM USAGE / LIMIT   MEM %     NET I/O   BLOCK I/O   PIDS
2025-02-15 23:51:10.936306
CONTAINER ID   NAME      CPU %     MEM USAGE / LIMIT   MEM %     NET I/O   BLOCK I/O   PIDS
2025-02-15 23:51:11.555232
CONTAINER ID   NAME      CPU %     MEM USAGE / LIMIT   MEM %     NET I/O   BLOCK I/O   PIDS
2025-02-15 23:51:12.173060
CONTAINER ID   NAME      CPU %     MEM USAGE / LIMIT   MEM %     NET I/O   BLOCK I/O   PIDS
2025-02-15 23:51:12.792078
CONTAINER ID   NAME      CPU %     MEM USAGE / LIMIT   MEM %     NET I/O   BLOCK I/O   PIDS
2025-02-15 23:51:13.409925
CONTAINER ID   NAME      CPU %     MEM USAGE / LIMIT   MEM %     NET I/O   BLOCK I/O   PIDS
2025-02-15 23:51:14.026741
CONTAINER ID   NAME      CPU %     MEM USAGE / LIMIT   MEM %     NET I/O   BLOCK I/O   PIDS
2025-02-15 23:51:14.646227
CONTAINER ID   NAME      CPU %     MEM USAGE / LIMIT   MEM %     NET I/O   BLOCK I/O   PIDS
2025-02-15 23:51:15.264493
CONTAINER ID   NAME      CPU %     MEM USAGE / LIMIT   MEM %     NET I/O   BLOCK I/O   PIDS
2025-02-15 23:51:15.882832
CONTAINER ID   NAME      CPU %     MEM USAGE / LIMIT   MEM %     NET I/O   BLOCK I/O   PIDS
2025-02-15 23:51:16.500090
CONTAINER ID   NAME      CPU %     MEM USAGE / LIMIT   MEM %     NET I/O   BLOCK I/O   PIDS
2025-02-15 23:51:17.121140
CONTAINER ID   NAME      CPU %     MEM USAGE / LIMIT   MEM %     NET I/O   BLOCK I/O   PIDS
2025-02-15 23:51:17.740184
CONTAINER ID   NAME      CPU %     MEM USAGE / LIMIT   MEM %     NET I/O   BLOCK I/O   PIDS
2025-02-15 23:51:18.358842
CONTAINER ID   NAME      CPU %     MEM USAGE / LIMIT   MEM %     NET I/O   BLOCK I/O   PIDS
2025-02-15 23:51:18.977189
CONTAINER ID   NAME      CPU %     MEM USAGE / LIMIT   MEM %     NET I/O   BLOCK I/O   PIDS
2025-02-15 23:51:19.597554
CONTAINER ID   NAME      CPU %     MEM USAGE / LIMIT   MEM %     NET I/O   BLOCK I/O   PIDS
2025-02-15 23:51:20.216843
CONTAINER ID   NAME      CPU %     MEM USAGE / LIMIT   MEM %     NET I/O   BLOCK I/O   PIDS
2025-02-15 23:51:20.835829
CONTAINER ID   NAME      CPU %     MEM USAGE / LIMIT   MEM %     NET I/O   BLOCK I/O   PIDS
2025-02-15 23:51:21.455238
CONTAINER ID   NAME      CPU %     MEM USAGE / LIMIT   MEM %     NET I/O   BLOCK I/O   PIDS
2025-02-15 23:51:22.071898
CONTAINER ID   NAME      CPU %     MEM USAGE / LIMIT   MEM %     NET I/O   BLOCK I/O   PIDS
2025-02-15 23:51:22.688949
CONTAINER ID   NAME      CPU %     MEM USAGE / LIMIT   MEM %     NET I/O   BLOCK I/O   PIDS
2025-02-15 23:51:23.309463
CONTAINER ID   NAME      CPU %     MEM USAGE / LIMIT   MEM %     NET I/O   BLOCK I/O   PIDS
2025-02-15 23:51:23.926537
CONTAINER ID   NAME      CPU %     MEM USAGE / LIMIT   MEM %     NET I/O   BLOCK I/O   PIDS
2025-02-15 23:51:24.544322
CONTAINER ID   NAME      CPU %     MEM USAGE / LIMIT   MEM %     NET I/O   BLOCK I/O   PIDS
2025-02-15 23:51:25.165257
CONTAINER ID   NAME      CPU %     MEM USAGE / LIMIT   MEM %     NET I/O   BLOCK I/O   PIDS
2025-02-15 23:51:25.782892
CONTAINER ID   NAME      CPU %     MEM USAGE / LIMIT   MEM %     NET I/O   BLOCK I/O   PIDS
2025-02-15 23:51:26.401435
CONTAINER ID   NAME      CPU %     MEM USAGE / LIMIT   MEM %     NET I/O   BLOCK I/O   PIDS
2025-02-15 23:51:27.018998
CONTAINER ID   NAME      CPU %     MEM USAGE / LIMIT   MEM %     NET I/O   BLOCK I/O   PIDS
2025-02-15 23:51:27.636368
CONTAINER ID   NAME      CPU %     MEM USAGE / LIMIT   MEM %     NET I/O   BLOCK I/O   PIDS
2025-02-15 23:51:28.257237
CONTAINER ID   NAME      CPU %     MEM USAGE / LIMIT   MEM %     NET I/O   BLOCK I/O   PIDS
               --        0.00%     0B / 0B             0.00%     0B / 0B   0B / 0B     0
2025-02-15 23:51:28.875685
CONTAINER ID   NAME      CPU %     MEM USAGE / LIMIT   MEM %     NET I/O   BLOCK I/O         PIDS
03a97b8520d8   spark     329.43%   280.1MiB / 96GiB    0.28%     0B / 0B   6.91MB / 32.8kB   61
2025-02-15 23:51:31.223325
CONTAINER ID   NAME      CPU %     MEM USAGE / LIMIT   MEM %     NET I/O   BLOCK I/O         PIDS
03a97b8520d8   spark     405.80%   513MiB / 96GiB      0.52%     0B / 0B   7.32MB / 32.8kB   117
2025-02-15 23:51:33.231383
CONTAINER ID   NAME      CPU %     MEM USAGE / LIMIT   MEM %     NET I/O   BLOCK I/O         PIDS
03a97b8520d8   spark     251.81%   652.7MiB / 96GiB    0.66%     0B / 0B   7.54MB / 32.8kB   117
2025-02-15 23:51:35.237466
CONTAINER ID   NAME      CPU %     MEM USAGE / LIMIT   MEM %     NET I/O   BLOCK I/O        PIDS
03a97b8520d8   spark     508.93%   998.5MiB / 96GiB    1.02%     0B / 0B   7.6MB / 32.8kB   117
2025-02-15 23:51:37.246564
CONTAINER ID   NAME      CPU %     MEM USAGE / LIMIT   MEM %     NET I/O   BLOCK I/O        PIDS
03a97b8520d8   spark     930.03%   1.287GiB / 96GiB    1.34%     0B / 0B   118MB / 32.8kB   131
2025-02-15 23:51:39.254165
CONTAINER ID   NAME      CPU %     MEM USAGE / LIMIT   MEM %     NET I/O   BLOCK I/O        PIDS
03a97b8520d8   spark     938.94%   2.473GiB / 96GiB    2.58%     0B / 0B   756MB / 32.8kB   134
2025-02-15 23:51:41.260805
CONTAINER ID   NAME      CPU %     MEM USAGE / LIMIT   MEM %     NET I/O   BLOCK I/O         PIDS
03a97b8520d8   spark     665.67%   2.506GiB / 96GiB    2.61%     0B / 0B   1.46GB / 32.8kB   134
2025-02-15 23:51:43.267505
CONTAINER ID   NAME      CPU %     MEM USAGE / LIMIT   MEM %     NET I/O   BLOCK I/O         PIDS
03a97b8520d8   spark     632.86%   2.511GiB / 96GiB    2.62%     0B / 0B   2.27GB / 32.8kB   134
2025-02-15 23:51:45.274721
CONTAINER ID   NAME      CPU %     MEM USAGE / LIMIT   MEM %     NET I/O   BLOCK I/O         PIDS
03a97b8520d8   spark     705.67%   2.516GiB / 96GiB    2.62%     0B / 0B   3.11GB / 32.8kB   135
2025-02-15 23:51:47.285329
CONTAINER ID   NAME      CPU %     MEM USAGE / LIMIT   MEM %     NET I/O   BLOCK I/O         PIDS
03a97b8520d8   spark     653.26%   2.519GiB / 96GiB    2.62%     0B / 0B   3.97GB / 32.8kB   135
2025-02-15 23:51:49.290951
CONTAINER ID   NAME      CPU %     MEM USAGE / LIMIT   MEM %     NET I/O   BLOCK I/O        PIDS
03a97b8520d8   spark     631.45%   2.526GiB / 96GiB    2.63%     0B / 0B   4.8GB / 32.8kB   135
2025-02-15 23:51:51.298734
CONTAINER ID   NAME      CPU %     MEM USAGE / LIMIT   MEM %     NET I/O   BLOCK I/O         PIDS
03a97b8520d8   spark     618.25%   2.544GiB / 96GiB    2.65%     0B / 0B   5.66GB / 32.8kB   135
2025-02-15 23:51:53.306245
CONTAINER ID   NAME      CPU %     MEM USAGE / LIMIT   MEM %     NET I/O   BLOCK I/O         PIDS
03a97b8520d8   spark     667.53%   2.549GiB / 96GiB    2.66%     0B / 0B   6.52GB / 32.8kB   135
2025-02-15 23:51:55.313257
CONTAINER ID   NAME      CPU %     MEM USAGE / LIMIT   MEM %     NET I/O   BLOCK I/O         PIDS
03a97b8520d8   spark     665.65%   2.567GiB / 96GiB    2.67%     0B / 0B   7.38GB / 32.8kB   135
2025-02-15 23:51:57.321685
CONTAINER ID   NAME      CPU %     MEM USAGE / LIMIT   MEM %     NET I/O   BLOCK I/O         PIDS
03a97b8520d8   spark     607.00%   2.57GiB / 96GiB     2.68%     0B / 0B   8.22GB / 32.8kB   135
2025-02-15 23:51:59.327395
CONTAINER ID   NAME      CPU %     MEM USAGE / LIMIT   MEM %     NET I/O   BLOCK I/O         PIDS
03a97b8520d8   spark     618.88%   2.563GiB / 96GiB    2.67%     0B / 0B   9.06GB / 32.8kB   135
2025-02-15 23:52:01.334454
CONTAINER ID   NAME      CPU %     MEM USAGE / LIMIT   MEM %     NET I/O   BLOCK I/O        PIDS
03a97b8520d8   spark     612.41%   2.566GiB / 96GiB    2.67%     0B / 0B   9.9GB / 32.8kB   135
2025-02-15 23:52:03.349107
CONTAINER ID   NAME      CPU %     MEM USAGE / LIMIT   MEM %     NET I/O   BLOCK I/O         PIDS
03a97b8520d8   spark     675.49%   2.557GiB / 96GiB    2.66%     0B / 0B   10.7GB / 32.8kB   135
2025-02-15 23:52:05.356422
CONTAINER ID   NAME      CPU %     MEM USAGE / LIMIT   MEM %     NET I/O   BLOCK I/O         PIDS
03a97b8520d8   spark     703.17%   2.559GiB / 96GiB    2.67%     0B / 0B   11.6GB / 32.8kB   135
2025-02-15 23:52:07.362210
CONTAINER ID   NAME      CPU %     MEM USAGE / LIMIT   MEM %     NET I/O   BLOCK I/O         PIDS
03a97b8520d8   spark     618.57%   2.561GiB / 96GiB    2.67%     0B / 0B   12.4GB / 32.8kB   135
2025-02-15 23:52:09.369713
CONTAINER ID   NAME      CPU %     MEM USAGE / LIMIT   MEM %     NET I/O   BLOCK I/O         PIDS
03a97b8520d8   spark     612.12%   2.565GiB / 96GiB    2.67%     0B / 0B   13.3GB / 32.8kB   135
2025-02-15 23:52:11.377397
CONTAINER ID   NAME      CPU %     MEM USAGE / LIMIT   MEM %     NET I/O   BLOCK I/O         PIDS
03a97b8520d8   spark     619.22%   2.568GiB / 96GiB    2.67%     0B / 0B   14.1GB / 32.8kB   135
2025-02-15 23:52:13.385905
CONTAINER ID   NAME      CPU %     MEM USAGE / LIMIT   MEM %     NET I/O   BLOCK I/O         PIDS
03a97b8520d8   spark     632.97%   2.57GiB / 96GiB     2.68%     0B / 0B   14.9GB / 32.8kB   135
2025-02-15 23:52:15.394597
CONTAINER ID   NAME      CPU %     MEM USAGE / LIMIT   MEM %     NET I/O   BLOCK I/O         PIDS
03a97b8520d8   spark     634.16%   2.572GiB / 96GiB    2.68%     0B / 0B   15.8GB / 32.8kB   135
2025-02-15 23:52:17.400536
CONTAINER ID   NAME      CPU %     MEM USAGE / LIMIT   MEM %     NET I/O   BLOCK I/O         PIDS
03a97b8520d8   spark     622.53%   2.576GiB / 96GiB    2.68%     0B / 0B   16.6GB / 32.8kB   135
2025-02-15 23:52:19.406938
CONTAINER ID   NAME      CPU %     MEM USAGE / LIMIT   MEM %     NET I/O   BLOCK I/O         PIDS
03a97b8520d8   spark     628.63%   2.58GiB / 96GiB     2.69%     0B / 0B   17.4GB / 32.8kB   135
2025-02-15 23:52:21.414243
CONTAINER ID   NAME      CPU %     MEM USAGE / LIMIT   MEM %     NET I/O   BLOCK I/O         PIDS
03a97b8520d8   spark     616.91%   2.583GiB / 96GiB    2.69%     0B / 0B   18.3GB / 32.8kB   135
2025-02-15 23:52:23.421690
CONTAINER ID   NAME      CPU %     MEM USAGE / LIMIT   MEM %     NET I/O   BLOCK I/O         PIDS
03a97b8520d8   spark     637.90%   2.584GiB / 96GiB    2.69%     0B / 0B   19.1GB / 32.8kB   135
2025-02-15 23:52:25.429518
CONTAINER ID   NAME      CPU %     MEM USAGE / LIMIT   MEM %     NET I/O   BLOCK I/O       PIDS
03a97b8520d8   spark     633.88%   2.587GiB / 96GiB    2.69%     0B / 0B   20GB / 32.8kB   135
2025-02-15 23:52:27.436037
CONTAINER ID   NAME      CPU %     MEM USAGE / LIMIT   MEM %     NET I/O   BLOCK I/O         PIDS
03a97b8520d8   spark     617.43%   2.588GiB / 96GiB    2.70%     0B / 0B   20.8GB / 32.8kB   135
2025-02-15 23:52:29.444201
CONTAINER ID   NAME      CPU %     MEM USAGE / LIMIT   MEM %     NET I/O   BLOCK I/O         PIDS
03a97b8520d8   spark     627.81%   2.593GiB / 96GiB    2.70%     0B / 0B   21.6GB / 32.8kB   135
2025-02-15 23:52:31.450310
CONTAINER ID   NAME      CPU %     MEM USAGE / LIMIT   MEM %     NET I/O   BLOCK I/O         PIDS
03a97b8520d8   spark     683.56%   2.596GiB / 96GiB    2.70%     0B / 0B   22.5GB / 32.8kB   135
2025-02-15 23:52:33.458651
CONTAINER ID   NAME      CPU %     MEM USAGE / LIMIT   MEM %     NET I/O   BLOCK I/O         PIDS
03a97b8520d8   spark     701.70%   2.602GiB / 96GiB    2.71%     0B / 0B   23.3GB / 32.8kB   135
2025-02-15 23:52:35.466167
CONTAINER ID   NAME      CPU %     MEM USAGE / LIMIT   MEM %     NET I/O   BLOCK I/O         PIDS
03a97b8520d8   spark     620.20%   2.604GiB / 96GiB    2.71%     0B / 0B   24.2GB / 32.8kB   135
2025-02-15 23:52:37.474394
CONTAINER ID   NAME      CPU %     MEM USAGE / LIMIT   MEM %     NET I/O   BLOCK I/O       PIDS
03a97b8520d8   spark     635.91%   2.606GiB / 96GiB    2.71%     0B / 0B   25GB / 32.8kB   130
2025-02-15 23:52:39.481318
CONTAINER ID   NAME      CPU %     MEM USAGE / LIMIT   MEM %     NET I/O   BLOCK I/O         PIDS
03a97b8520d8   spark     678.78%   2.609GiB / 96GiB    2.72%     0B / 0B   25.8GB / 32.8kB   130
2025-02-15 23:52:41.490505
CONTAINER ID   NAME      CPU %     MEM USAGE / LIMIT   MEM %     NET I/O   BLOCK I/O         PIDS
03a97b8520d8   spark     695.51%   2.611GiB / 96GiB    2.72%     0B / 0B   26.6GB / 32.8kB   130
2025-02-15 23:52:43.497730
CONTAINER ID   NAME      CPU %     MEM USAGE / LIMIT   MEM %     NET I/O   BLOCK I/O         PIDS
03a97b8520d8   spark     632.64%   2.614GiB / 96GiB    2.72%     0B / 0B   27.4GB / 32.8kB   130
2025-02-15 23:52:45.504693
CONTAINER ID   NAME      CPU %     MEM USAGE / LIMIT   MEM %     NET I/O   BLOCK I/O         PIDS
03a97b8520d8   spark     648.65%   2.616GiB / 96GiB    2.73%     0B / 0B   28.2GB / 32.8kB   129
2025-02-15 23:52:47.512351
CONTAINER ID   NAME      CPU %     MEM USAGE / LIMIT   MEM %     NET I/O   BLOCK I/O       PIDS
03a97b8520d8   spark     640.55%   2.619GiB / 96GiB    2.73%     0B / 0B   29GB / 32.8kB   129
2025-02-15 23:52:49.519095
CONTAINER ID   NAME      CPU %     MEM USAGE / LIMIT   MEM %     NET I/O   BLOCK I/O         PIDS
03a97b8520d8   spark     629.72%   2.622GiB / 96GiB    2.73%     0B / 0B   29.9GB / 32.8kB   129
2025-02-15 23:52:51.526460
CONTAINER ID   NAME      CPU %     MEM USAGE / LIMIT   MEM %     NET I/O   BLOCK I/O         PIDS
03a97b8520d8   spark     681.79%   2.625GiB / 96GiB    2.73%     0B / 0B   30.7GB / 32.8kB   129
2025-02-15 23:52:53.534723
CONTAINER ID   NAME      CPU %     MEM USAGE / LIMIT   MEM %     NET I/O   BLOCK I/O         PIDS
03a97b8520d8   spark     683.49%   2.626GiB / 96GiB    2.74%     0B / 0B   31.5GB / 32.8kB   129
2025-02-15 23:52:55.541092
CONTAINER ID   NAME      CPU %     MEM USAGE / LIMIT   MEM %     NET I/O   BLOCK I/O         PIDS
03a97b8520d8   spark     663.14%   2.631GiB / 96GiB    2.74%     0B / 0B   32.2GB / 32.8kB   129
2025-02-15 23:52:57.549471
CONTAINER ID   NAME      CPU %     MEM USAGE / LIMIT   MEM %     NET I/O   BLOCK I/O       PIDS
03a97b8520d8   spark     695.78%   2.634GiB / 96GiB    2.74%     0B / 0B   33GB / 32.8kB   129
2025-02-15 23:52:59.556560
CONTAINER ID   NAME      CPU %     MEM USAGE / LIMIT   MEM %     NET I/O   BLOCK I/O         PIDS
03a97b8520d8   spark     684.10%   2.638GiB / 96GiB    2.75%     0B / 0B   33.8GB / 32.8kB   129
2025-02-15 23:53:01.565069
CONTAINER ID   NAME      CPU %     MEM USAGE / LIMIT   MEM %     NET I/O   BLOCK I/O         PIDS
03a97b8520d8   spark     698.05%   2.643GiB / 96GiB    2.75%     0B / 0B   34.5GB / 32.8kB   129
2025-02-15 23:53:03.572951
CONTAINER ID   NAME      CPU %     MEM USAGE / LIMIT   MEM %     NET I/O   BLOCK I/O         PIDS
03a97b8520d8   spark     637.18%   2.648GiB / 96GiB    2.76%     0B / 0B   35.2GB / 32.8kB   129
2025-02-15 23:53:05.582779
CONTAINER ID   NAME      CPU %     MEM USAGE / LIMIT   MEM %     NET I/O   BLOCK I/O       PIDS
03a97b8520d8   spark     618.17%   2.666GiB / 96GiB    2.78%     0B / 0B   36GB / 32.8kB   129
2025-02-15 23:53:07.586347
CONTAINER ID   NAME      CPU %     MEM USAGE / LIMIT   MEM %     NET I/O   BLOCK I/O         PIDS
03a97b8520d8   spark     728.82%   2.732GiB / 96GiB    2.85%     0B / 0B   36.4GB / 32.8kB   129
2025-02-15 23:53:09.595048
CONTAINER ID   NAME      CPU %     MEM USAGE / LIMIT   MEM %     NET I/O   BLOCK I/O         PIDS
03a97b8520d8   spark     673.33%   2.733GiB / 96GiB    2.85%     0B / 0B   36.5GB / 32.8kB   129
2025-02-15 23:53:11.602548
CONTAINER ID   NAME      CPU %     MEM USAGE / LIMIT   MEM %     NET I/O   BLOCK I/O         PIDS
03a97b8520d8   spark     561.08%   2.733GiB / 96GiB    2.85%     0B / 0B   36.7GB / 32.8kB   129
2025-02-15 23:53:13.608797
CONTAINER ID   NAME      CPU %     MEM USAGE / LIMIT   MEM %     NET I/O   BLOCK I/O         PIDS
03a97b8520d8   spark     511.75%   2.895GiB / 96GiB    3.02%     0B / 0B   36.7GB / 32.8kB   135
2025-02-15 23:53:15.614785
CONTAINER ID   NAME      CPU %     MEM USAGE / LIMIT   MEM %     NET I/O   BLOCK I/O         PIDS
03a97b8520d8   spark     833.13%   3.577GiB / 96GiB    3.73%     0B / 0B   36.7GB / 32.8kB   135
2025-02-15 23:53:17.622693
CONTAINER ID   NAME      CPU %     MEM USAGE / LIMIT   MEM %     NET I/O   BLOCK I/O         PIDS
03a97b8520d8   spark     830.83%   4.555GiB / 96GiB    4.74%     0B / 0B   36.7GB / 32.8kB   135
2025-02-15 23:53:19.629362
CONTAINER ID   NAME      CPU %     MEM USAGE / LIMIT   MEM %     NET I/O   BLOCK I/O         PIDS
03a97b8520d8   spark     814.22%   5.515GiB / 96GiB    5.74%     0B / 0B   36.7GB / 32.8kB   135
2025-02-15 23:53:21.636640
CONTAINER ID   NAME      CPU %     MEM USAGE / LIMIT   MEM %     NET I/O   BLOCK I/O         PIDS
03a97b8520d8   spark     813.51%   6.488GiB / 96GiB    6.76%     0B / 0B   36.7GB / 32.8kB   135
2025-02-15 23:53:23.643608
CONTAINER ID   NAME      CPU %     MEM USAGE / LIMIT   MEM %     NET I/O   BLOCK I/O         PIDS
03a97b8520d8   spark     828.23%   7.454GiB / 96GiB    7.76%     0B / 0B   36.7GB / 32.8kB   135
2025-02-15 23:53:25.650483
CONTAINER ID   NAME      CPU %     MEM USAGE / LIMIT   MEM %     NET I/O   BLOCK I/O         PIDS
03a97b8520d8   spark     814.14%   8.415GiB / 96GiB    8.77%     0B / 0B   36.7GB / 32.8kB   135
2025-02-15 23:53:27.658870
CONTAINER ID   NAME      CPU %     MEM USAGE / LIMIT   MEM %     NET I/O   BLOCK I/O         PIDS
03a97b8520d8   spark     825.23%   9.374GiB / 96GiB    9.76%     0B / 0B   36.7GB / 32.8kB   135
2025-02-15 23:53:29.666524
CONTAINER ID   NAME      CPU %     MEM USAGE / LIMIT   MEM %     NET I/O   BLOCK I/O         PIDS
03a97b8520d8   spark     844.18%   10.35GiB / 96GiB    10.78%    0B / 0B   36.7GB / 32.8kB   135
2025-02-15 23:53:31.674040
CONTAINER ID   NAME      CPU %     MEM USAGE / LIMIT   MEM %     NET I/O   BLOCK I/O         PIDS
03a97b8520d8   spark     833.79%   11.33GiB / 96GiB    11.80%    0B / 0B   36.7GB / 32.8kB   135
2025-02-15 23:53:33.683988
CONTAINER ID   NAME      CPU %     MEM USAGE / LIMIT   MEM %     NET I/O   BLOCK I/O         PIDS
03a97b8520d8   spark     819.86%   12.29GiB / 96GiB    12.80%    0B / 0B   36.7GB / 32.8kB   135
2025-02-15 23:53:35.692654
CONTAINER ID   NAME      CPU %     MEM USAGE / LIMIT   MEM %     NET I/O   BLOCK I/O         PIDS
03a97b8520d8   spark     814.87%   13.23GiB / 96GiB    13.78%    0B / 0B   36.7GB / 32.8kB   135
2025-02-15 23:53:37.699030
CONTAINER ID   NAME      CPU %     MEM USAGE / LIMIT   MEM %     NET I/O   BLOCK I/O         PIDS
03a97b8520d8   spark     819.26%   14.15GiB / 96GiB    14.74%    0B / 0B   36.7GB / 32.8kB   135
2025-02-15 23:53:39.707706
CONTAINER ID   NAME      CPU %     MEM USAGE / LIMIT   MEM %     NET I/O   BLOCK I/O         PIDS
03a97b8520d8   spark     825.23%   15.11GiB / 96GiB    15.74%    0B / 0B   36.7GB / 32.8kB   135
2025-02-15 23:53:41.715311
CONTAINER ID   NAME      CPU %     MEM USAGE / LIMIT   MEM %     NET I/O   BLOCK I/O         PIDS
03a97b8520d8   spark     815.78%   16.08GiB / 96GiB    16.75%    0B / 0B   36.7GB / 32.8kB   135
2025-02-15 23:53:43.724823
CONTAINER ID   NAME      CPU %     MEM USAGE / LIMIT   MEM %     NET I/O   BLOCK I/O         PIDS
03a97b8520d8   spark     818.53%   17.04GiB / 96GiB    17.75%    0B / 0B   36.7GB / 32.8kB   135
2025-02-15 23:53:45.730719
CONTAINER ID   NAME      CPU %     MEM USAGE / LIMIT   MEM %     NET I/O   BLOCK I/O         PIDS
03a97b8520d8   spark     824.28%   18GiB / 96GiB       18.75%    0B / 0B   36.7GB / 32.8kB   135
2025-02-15 23:53:47.738431
CONTAINER ID   NAME      CPU %     MEM USAGE / LIMIT   MEM %     NET I/O   BLOCK I/O         PIDS
03a97b8520d8   spark     816.34%   18.93GiB / 96GiB    19.72%    0B / 0B   36.7GB / 32.8kB   135
2025-02-15 23:53:49.745815
CONTAINER ID   NAME      CPU %     MEM USAGE / LIMIT   MEM %     NET I/O   BLOCK I/O         PIDS
03a97b8520d8   spark     817.79%   19.89GiB / 96GiB    20.72%    0B / 0B   36.7GB / 32.8kB   135
2025-02-15 23:53:51.753838
CONTAINER ID   NAME      CPU %     MEM USAGE / LIMIT   MEM %     NET I/O   BLOCK I/O         PIDS
03a97b8520d8   spark     826.43%   20.85GiB / 96GiB    21.72%    0B / 0B   36.7GB / 32.8kB   135
2025-02-15 23:53:53.761182
CONTAINER ID   NAME      CPU %     MEM USAGE / LIMIT   MEM %     NET I/O   BLOCK I/O         PIDS
03a97b8520d8   spark     816.33%   21.83GiB / 96GiB    22.74%    0B / 0B   36.7GB / 32.8kB   135
2025-02-15 23:53:55.769307
CONTAINER ID   NAME      CPU %     MEM USAGE / LIMIT   MEM %     NET I/O   BLOCK I/O         PIDS
03a97b8520d8   spark     812.58%   22.71GiB / 96GiB    23.66%    0B / 0B   36.7GB / 32.8kB   135
2025-02-15 23:53:57.779363
CONTAINER ID   NAME      CPU %     MEM USAGE / LIMIT   MEM %     NET I/O   BLOCK I/O         PIDS
03a97b8520d8   spark     817.54%   23.59GiB / 96GiB    24.57%    0B / 0B   36.7GB / 32.8kB   135
2025-02-15 23:53:59.782849
CONTAINER ID   NAME      CPU %     MEM USAGE / LIMIT   MEM %     NET I/O   BLOCK I/O         PIDS
03a97b8520d8   spark     831.86%   24.42GiB / 96GiB    25.44%    0B / 0B   36.7GB / 32.8kB   135
2025-02-15 23:54:01.790327
CONTAINER ID   NAME      CPU %     MEM USAGE / LIMIT   MEM %     NET I/O   BLOCK I/O         PIDS
03a97b8520d8   spark     822.52%   25.37GiB / 96GiB    26.42%    0B / 0B   36.7GB / 32.8kB   135
2025-02-15 23:54:03.798895
CONTAINER ID   NAME      CPU %     MEM USAGE / LIMIT   MEM %     NET I/O   BLOCK I/O         PIDS
03a97b8520d8   spark     828.79%   26.22GiB / 96GiB    27.32%    0B / 0B   36.7GB / 32.8kB   135
2025-02-15 23:54:05.806465
CONTAINER ID   NAME      CPU %     MEM USAGE / LIMIT   MEM %     NET I/O   BLOCK I/O         PIDS
03a97b8520d8   spark     815.62%   27.09GiB / 96GiB    28.22%    0B / 0B   36.7GB / 32.8kB   135
2025-02-15 23:54:07.813808
CONTAINER ID   NAME      CPU %     MEM USAGE / LIMIT   MEM %     NET I/O   BLOCK I/O         PIDS
03a97b8520d8   spark     817.06%   27.88GiB / 96GiB    29.05%    0B / 0B   36.7GB / 32.8kB   135
2025-02-15 23:54:09.821676
CONTAINER ID   NAME      CPU %     MEM USAGE / LIMIT   MEM %     NET I/O   BLOCK I/O         PIDS
03a97b8520d8   spark     812.62%   28.67GiB / 96GiB    29.87%    0B / 0B   36.7GB / 32.8kB   135
2025-02-15 23:54:11.829218
CONTAINER ID   NAME      CPU %     MEM USAGE / LIMIT   MEM %     NET I/O   BLOCK I/O         PIDS
03a97b8520d8   spark     820.63%   29.41GiB / 96GiB    30.64%    0B / 0B   36.7GB / 32.8kB   135
2025-02-15 23:54:13.836193
CONTAINER ID   NAME      CPU %     MEM USAGE / LIMIT   MEM %     NET I/O   BLOCK I/O         PIDS
03a97b8520d8   spark     815.77%   30.2GiB / 96GiB     31.45%    0B / 0B   36.7GB / 32.8kB   129
2025-02-15 23:54:15.843697
CONTAINER ID   NAME      CPU %     MEM USAGE / LIMIT   MEM %     NET I/O   BLOCK I/O         PIDS
03a97b8520d8   spark     817.06%   30.92GiB / 96GiB    32.21%    0B / 0B   36.7GB / 32.8kB   129
2025-02-15 23:54:17.852202
CONTAINER ID   NAME      CPU %     MEM USAGE / LIMIT   MEM %     NET I/O   BLOCK I/O         PIDS
03a97b8520d8   spark     817.82%   31.76GiB / 96GiB    33.09%    0B / 0B   36.7GB / 32.8kB   129
2025-02-15 23:54:19.858656
CONTAINER ID   NAME      CPU %     MEM USAGE / LIMIT   MEM %     NET I/O   BLOCK I/O         PIDS
03a97b8520d8   spark     820.78%   31.82GiB / 96GiB    33.14%    0B / 0B   36.7GB / 32.8kB   129
2025-02-15 23:54:21.867198
CONTAINER ID   NAME      CPU %     MEM USAGE / LIMIT   MEM %     NET I/O   BLOCK I/O         PIDS
03a97b8520d8   spark     802.37%   31.82GiB / 96GiB    33.15%    0B / 0B   36.7GB / 32.8kB   129
2025-02-15 23:54:23.875038
CONTAINER ID   NAME      CPU %     MEM USAGE / LIMIT   MEM %     NET I/O   BLOCK I/O         PIDS
03a97b8520d8   spark     581.55%   31.84GiB / 96GiB    33.16%    0B / 0B   36.7GB / 32.8kB   135
2025-02-15 23:54:25.882982
CONTAINER ID   NAME      CPU %     MEM USAGE / LIMIT   MEM %     NET I/O   BLOCK I/O         PIDS
03a97b8520d8   spark     814.26%   31.85GiB / 96GiB    33.18%    0B / 0B   36.7GB / 32.8kB   135
2025-02-15 23:54:27.890801
CONTAINER ID   NAME      CPU %     MEM USAGE / LIMIT   MEM %     NET I/O   BLOCK I/O         PIDS
03a97b8520d8   spark     818.84%   31.85GiB / 96GiB    33.17%    0B / 0B   36.7GB / 32.8kB   135
2025-02-15 23:54:29.897245
CONTAINER ID   NAME      CPU %     MEM USAGE / LIMIT   MEM %     NET I/O   BLOCK I/O         PIDS
03a97b8520d8   spark     815.75%   31.85GiB / 96GiB    33.18%    0B / 0B   36.7GB / 32.8kB   135
2025-02-15 23:54:31.905196
CONTAINER ID   NAME      CPU %     MEM USAGE / LIMIT   MEM %     NET I/O   BLOCK I/O         PIDS
03a97b8520d8   spark     813.76%   31.86GiB / 96GiB    33.19%    0B / 0B   36.7GB / 32.8kB   135
2025-02-15 23:54:33.913683
CONTAINER ID   NAME      CPU %     MEM USAGE / LIMIT   MEM %     NET I/O   BLOCK I/O         PIDS
03a97b8520d8   spark     820.60%   31.86GiB / 96GiB    33.19%    0B / 0B   36.7GB / 32.8kB   135
2025-02-15 23:54:35.920720
CONTAINER ID   NAME      CPU %     MEM USAGE / LIMIT   MEM %     NET I/O   BLOCK I/O         PIDS
03a97b8520d8   spark     829.51%   31.87GiB / 96GiB    33.20%    0B / 0B   36.7GB / 32.8kB   135
2025-02-15 23:54:37.927089
CONTAINER ID   NAME      CPU %     MEM USAGE / LIMIT   MEM %     NET I/O   BLOCK I/O         PIDS
03a97b8520d8   spark     828.22%   31.88GiB / 96GiB    33.20%    0B / 0B   36.7GB / 32.8kB   135
2025-02-15 23:54:39.936505
CONTAINER ID   NAME      CPU %     MEM USAGE / LIMIT   MEM %     NET I/O   BLOCK I/O         PIDS
03a97b8520d8   spark     818.69%   31.88GiB / 96GiB    33.21%    0B / 0B   36.7GB / 32.8kB   135
2025-02-15 23:54:41.943244
CONTAINER ID   NAME      CPU %     MEM USAGE / LIMIT   MEM %     NET I/O   BLOCK I/O         PIDS
03a97b8520d8   spark     830.87%   31.89GiB / 96GiB    33.22%    0B / 0B   36.7GB / 32.8kB   135
2025-02-15 23:54:43.951435
CONTAINER ID   NAME      CPU %     MEM USAGE / LIMIT   MEM %     NET I/O   BLOCK I/O         PIDS
03a97b8520d8   spark     820.68%   31.9GiB / 96GiB     33.23%    0B / 0B   36.7GB / 32.8kB   135
2025-02-15 23:54:45.959376
CONTAINER ID   NAME      CPU %     MEM USAGE / LIMIT   MEM %     NET I/O   BLOCK I/O         PIDS
03a97b8520d8   spark     818.60%   31.9GiB / 96GiB     33.23%    0B / 0B   36.7GB / 32.8kB   135
2025-02-15 23:54:47.967031
CONTAINER ID   NAME      CPU %     MEM USAGE / LIMIT   MEM %     NET I/O   BLOCK I/O         PIDS
03a97b8520d8   spark     815.66%   31.91GiB / 96GiB    33.24%    0B / 0B   36.7GB / 32.8kB   135
2025-02-15 23:54:49.974484
CONTAINER ID   NAME      CPU %     MEM USAGE / LIMIT   MEM %     NET I/O   BLOCK I/O         PIDS
03a97b8520d8   spark     809.83%   31.91GiB / 96GiB    33.24%    0B / 0B   36.7GB / 32.8kB   135
2025-02-15 23:54:51.983691
CONTAINER ID   NAME      CPU %     MEM USAGE / LIMIT   MEM %     NET I/O   BLOCK I/O         PIDS
03a97b8520d8   spark     810.86%   31.92GiB / 96GiB    33.25%    0B / 0B   36.7GB / 32.8kB   135
2025-02-15 23:54:53.991203
CONTAINER ID   NAME      CPU %     MEM USAGE / LIMIT   MEM %     NET I/O   BLOCK I/O         PIDS
03a97b8520d8   spark     815.93%   31.92GiB / 96GiB    33.25%    0B / 0B   36.7GB / 32.8kB   135
2025-02-15 23:54:55.999199
CONTAINER ID   NAME      CPU %     MEM USAGE / LIMIT   MEM %     NET I/O   BLOCK I/O         PIDS
03a97b8520d8   spark     825.94%   31.93GiB / 96GiB    33.26%    0B / 0B   36.7GB / 32.8kB   135
2025-02-15 23:54:58.008774
CONTAINER ID   NAME      CPU %     MEM USAGE / LIMIT   MEM %     NET I/O   BLOCK I/O         PIDS
03a97b8520d8   spark     824.77%   31.94GiB / 96GiB    33.27%    0B / 0B   36.7GB / 32.8kB   135
2025-02-15 23:55:00.015621
CONTAINER ID   NAME      CPU %     MEM USAGE / LIMIT   MEM %     NET I/O   BLOCK I/O         PIDS
03a97b8520d8   spark     822.47%   31.95GiB / 96GiB    33.28%    0B / 0B   36.7GB / 32.8kB   135
2025-02-15 23:55:02.024185
CONTAINER ID   NAME      CPU %     MEM USAGE / LIMIT   MEM %     NET I/O   BLOCK I/O         PIDS
03a97b8520d8   spark     819.84%   31.95GiB / 96GiB    33.28%    0B / 0B   36.7GB / 32.8kB   135
2025-02-15 23:55:04.033669
CONTAINER ID   NAME      CPU %     MEM USAGE / LIMIT   MEM %     NET I/O   BLOCK I/O         PIDS
03a97b8520d8   spark     818.17%   31.96GiB / 96GiB    33.29%    0B / 0B   36.7GB / 32.8kB   135
2025-02-15 23:55:06.040315
CONTAINER ID   NAME      CPU %     MEM USAGE / LIMIT   MEM %     NET I/O   BLOCK I/O         PIDS
03a97b8520d8   spark     819.80%   31.97GiB / 96GiB    33.30%    0B / 0B   36.7GB / 32.8kB   135
2025-02-15 23:55:08.046781
CONTAINER ID   NAME      CPU %     MEM USAGE / LIMIT   MEM %     NET I/O   BLOCK I/O         PIDS
03a97b8520d8   spark     812.21%   31.98GiB / 96GiB    33.31%    0B / 0B   36.7GB / 32.8kB   135
2025-02-15 23:55:10.053879
CONTAINER ID   NAME      CPU %     MEM USAGE / LIMIT   MEM %     NET I/O   BLOCK I/O         PIDS
03a97b8520d8   spark     816.36%   31.99GiB / 96GiB    33.32%    0B / 0B   36.7GB / 32.8kB   135
2025-02-15 23:55:12.060529
CONTAINER ID   NAME      CPU %     MEM USAGE / LIMIT   MEM %     NET I/O   BLOCK I/O         PIDS
03a97b8520d8   spark     817.75%   31.99GiB / 96GiB    33.33%    0B / 0B   36.7GB / 32.8kB   135
2025-02-15 23:55:14.069184
CONTAINER ID   NAME      CPU %     MEM USAGE / LIMIT   MEM %     NET I/O   BLOCK I/O         PIDS
03a97b8520d8   spark     814.75%   32GiB / 96GiB       33.33%    0B / 0B   36.7GB / 32.8kB   135
2025-02-15 23:55:16.075728
CONTAINER ID   NAME      CPU %     MEM USAGE / LIMIT   MEM %     NET I/O   BLOCK I/O         PIDS
03a97b8520d8   spark     813.11%   32.01GiB / 96GiB    33.34%    0B / 0B   36.7GB / 32.8kB   135
2025-02-15 23:55:18.083398
CONTAINER ID   NAME      CPU %     MEM USAGE / LIMIT   MEM %     NET I/O   BLOCK I/O         PIDS
03a97b8520d8   spark     811.96%   32.01GiB / 96GiB    33.35%    0B / 0B   36.7GB / 32.8kB   135
2025-02-15 23:55:20.090842
CONTAINER ID   NAME      CPU %     MEM USAGE / LIMIT   MEM %     NET I/O   BLOCK I/O         PIDS
03a97b8520d8   spark     813.29%   32.03GiB / 96GiB    33.36%    0B / 0B   36.7GB / 32.8kB   135
2025-02-15 23:55:22.098466
CONTAINER ID   NAME      CPU %     MEM USAGE / LIMIT   MEM %     NET I/O   BLOCK I/O         PIDS
03a97b8520d8   spark     814.34%   32.04GiB / 96GiB    33.38%    0B / 0B   36.7GB / 32.8kB   135
2025-02-15 23:55:24.108010
CONTAINER ID   NAME      CPU %     MEM USAGE / LIMIT   MEM %     NET I/O   BLOCK I/O         PIDS
03a97b8520d8   spark     816.96%   32.06GiB / 96GiB    33.39%    0B / 0B   36.7GB / 32.8kB   129
2025-02-15 23:55:26.116002
CONTAINER ID   NAME      CPU %     MEM USAGE / LIMIT   MEM %     NET I/O   BLOCK I/O         PIDS
03a97b8520d8   spark     816.56%   32.08GiB / 96GiB    33.41%    0B / 0B   36.7GB / 32.8kB   129
2025-02-15 23:55:28.122745
CONTAINER ID   NAME      CPU %     MEM USAGE / LIMIT   MEM %     NET I/O   BLOCK I/O         PIDS
03a97b8520d8   spark     824.14%   32.09GiB / 96GiB    33.43%    0B / 0B   36.7GB / 32.8kB   129
2025-02-15 23:55:30.132308
CONTAINER ID   NAME      CPU %     MEM USAGE / LIMIT   MEM %     NET I/O   BLOCK I/O         PIDS
03a97b8520d8   spark     837.82%   32.09GiB / 96GiB    33.43%    0B / 0B   36.7GB / 32.8kB   129
2025-02-15 23:55:32.140328
CONTAINER ID   NAME      CPU %     MEM USAGE / LIMIT   MEM %     NET I/O   BLOCK I/O         PIDS
03a97b8520d8   spark     817.24%   32.09GiB / 96GiB    33.43%    0B / 0B   36.7GB / 32.8kB   129
2025-02-15 23:55:34.149101
CONTAINER ID   NAME      CPU %     MEM USAGE / LIMIT   MEM %     NET I/O   BLOCK I/O         PIDS
03a97b8520d8   spark     547.63%   32.09GiB / 96GiB    33.43%    0B / 0B   36.7GB / 32.8kB   129
2025-02-15 23:55:36.155937
CONTAINER ID   NAME      CPU %     MEM USAGE / LIMIT   MEM %     NET I/O   BLOCK I/O         PIDS
03a97b8520d8   spark     808.09%   32.1GiB / 96GiB     33.43%    0B / 0B   36.7GB / 32.8kB   135
2025-02-15 23:55:38.163624
CONTAINER ID   NAME      CPU %     MEM USAGE / LIMIT   MEM %     NET I/O   BLOCK I/O         PIDS
03a97b8520d8   spark     815.59%   32.1GiB / 96GiB     33.43%    0B / 0B   36.7GB / 32.8kB   135
2025-02-15 23:55:40.170723
CONTAINER ID   NAME      CPU %     MEM USAGE / LIMIT   MEM %     NET I/O   BLOCK I/O         PIDS
03a97b8520d8   spark     811.18%   32.1GiB / 96GiB     33.43%    0B / 0B   36.7GB / 32.8kB   135
2025-02-15 23:55:42.178345
CONTAINER ID   NAME      CPU %     MEM USAGE / LIMIT   MEM %     NET I/O   BLOCK I/O         PIDS
03a97b8520d8   spark     819.02%   32.1GiB / 96GiB     33.43%    0B / 0B   36.7GB / 32.8kB   135
2025-02-15 23:55:44.186310
CONTAINER ID   NAME      CPU %     MEM USAGE / LIMIT   MEM %     NET I/O   BLOCK I/O         PIDS
03a97b8520d8   spark     811.45%   32.1GiB / 96GiB     33.44%    0B / 0B   36.7GB / 32.8kB   135
2025-02-15 23:55:46.192630
CONTAINER ID   NAME      CPU %     MEM USAGE / LIMIT   MEM %     NET I/O   BLOCK I/O         PIDS
03a97b8520d8   spark     818.92%   32.1GiB / 96GiB     33.44%    0B / 0B   36.7GB / 32.8kB   135
2025-02-15 23:55:48.199901
CONTAINER ID   NAME      CPU %     MEM USAGE / LIMIT   MEM %     NET I/O   BLOCK I/O         PIDS
03a97b8520d8   spark     809.37%   32.1GiB / 96GiB     33.44%    0B / 0B   36.7GB / 32.8kB   135
2025-02-15 23:55:50.210032
CONTAINER ID   NAME      CPU %     MEM USAGE / LIMIT   MEM %     NET I/O   BLOCK I/O         PIDS
03a97b8520d8   spark     811.09%   32.1GiB / 96GiB     33.44%    0B / 0B   36.7GB / 32.8kB   135
2025-02-15 23:55:52.218087
CONTAINER ID   NAME      CPU %     MEM USAGE / LIMIT   MEM %     NET I/O   BLOCK I/O         PIDS
03a97b8520d8   spark     809.88%   32.1GiB / 96GiB     33.44%    0B / 0B   36.7GB / 32.8kB   135
2025-02-15 23:55:54.224403
CONTAINER ID   NAME      CPU %     MEM USAGE / LIMIT   MEM %     NET I/O   BLOCK I/O         PIDS
03a97b8520d8   spark     821.21%   32.1GiB / 96GiB     33.44%    0B / 0B   36.7GB / 32.8kB   135
2025-02-15 23:55:56.231291
CONTAINER ID   NAME      CPU %     MEM USAGE / LIMIT   MEM %     NET I/O   BLOCK I/O         PIDS
03a97b8520d8   spark     818.34%   32.1GiB / 96GiB     33.44%    0B / 0B   36.7GB / 32.8kB   135
2025-02-15 23:55:58.237368
CONTAINER ID   NAME      CPU %     MEM USAGE / LIMIT   MEM %     NET I/O   BLOCK I/O         PIDS
03a97b8520d8   spark     817.15%   32.1GiB / 96GiB     33.44%    0B / 0B   36.7GB / 32.8kB   135
2025-02-15 23:56:00.246186
CONTAINER ID   NAME      CPU %     MEM USAGE / LIMIT   MEM %     NET I/O   BLOCK I/O         PIDS
03a97b8520d8   spark     826.63%   32.1GiB / 96GiB     33.44%    0B / 0B   36.7GB / 32.8kB   135
2025-02-15 23:56:02.255536
CONTAINER ID   NAME      CPU %     MEM USAGE / LIMIT   MEM %     NET I/O   BLOCK I/O         PIDS
03a97b8520d8   spark     818.60%   32.11GiB / 96GiB    33.44%    0B / 0B   36.7GB / 32.8kB   135
2025-02-15 23:56:04.262862
CONTAINER ID   NAME      CPU %     MEM USAGE / LIMIT   MEM %     NET I/O   BLOCK I/O         PIDS
03a97b8520d8   spark     821.12%   32.11GiB / 96GiB    33.44%    0B / 0B   36.7GB / 32.8kB   135
2025-02-15 23:56:06.270591
CONTAINER ID   NAME      CPU %     MEM USAGE / LIMIT   MEM %     NET I/O   BLOCK I/O         PIDS
03a97b8520d8   spark     831.74%   32.11GiB / 96GiB    33.45%    0B / 0B   36.7GB / 32.8kB   135
2025-02-15 23:56:08.278768
CONTAINER ID   NAME      CPU %     MEM USAGE / LIMIT   MEM %     NET I/O   BLOCK I/O         PIDS
03a97b8520d8   spark     817.93%   32.11GiB / 96GiB    33.45%    0B / 0B   36.7GB / 32.8kB   135
2025-02-15 23:56:10.286023
CONTAINER ID   NAME      CPU %     MEM USAGE / LIMIT   MEM %     NET I/O   BLOCK I/O         PIDS
03a97b8520d8   spark     815.91%   32.11GiB / 96GiB    33.45%    0B / 0B   36.7GB / 32.8kB   135
2025-02-15 23:56:12.293374
CONTAINER ID   NAME      CPU %     MEM USAGE / LIMIT   MEM %     NET I/O   BLOCK I/O         PIDS
03a97b8520d8   spark     812.87%   32.11GiB / 96GiB    33.45%    0B / 0B   36.7GB / 32.8kB   135
2025-02-15 23:56:14.300909
CONTAINER ID   NAME      CPU %     MEM USAGE / LIMIT   MEM %     NET I/O   BLOCK I/O         PIDS
03a97b8520d8   spark     812.11%   32.11GiB / 96GiB    33.45%    0B / 0B   36.7GB / 32.8kB   135
2025-02-15 23:56:16.309115
CONTAINER ID   NAME      CPU %     MEM USAGE / LIMIT   MEM %     NET I/O   BLOCK I/O         PIDS
03a97b8520d8   spark     812.31%   32.12GiB / 96GiB    33.45%    0B / 0B   36.7GB / 32.8kB   135
2025-02-15 23:56:18.318373
CONTAINER ID   NAME      CPU %     MEM USAGE / LIMIT   MEM %     NET I/O   BLOCK I/O         PIDS
03a97b8520d8   spark     814.08%   32.12GiB / 96GiB    33.45%    0B / 0B   36.7GB / 32.8kB   135
2025-02-15 23:56:20.325009
CONTAINER ID   NAME      CPU %     MEM USAGE / LIMIT   MEM %     NET I/O   BLOCK I/O         PIDS
03a97b8520d8   spark     812.66%   32.12GiB / 96GiB    33.46%    0B / 0B   36.7GB / 32.8kB   135
2025-02-15 23:56:22.334607
CONTAINER ID   NAME      CPU %     MEM USAGE / LIMIT   MEM %     NET I/O   BLOCK I/O         PIDS
03a97b8520d8   spark     812.55%   32.12GiB / 96GiB    33.46%    0B / 0B   36.7GB / 32.8kB   135
2025-02-15 23:56:24.339155
CONTAINER ID   NAME      CPU %     MEM USAGE / LIMIT   MEM %     NET I/O   BLOCK I/O         PIDS
03a97b8520d8   spark     820.73%   32.12GiB / 96GiB    33.46%    0B / 0B   36.7GB / 32.8kB   135
2025-02-15 23:56:26.348506
CONTAINER ID   NAME      CPU %     MEM USAGE / LIMIT   MEM %     NET I/O   BLOCK I/O         PIDS
03a97b8520d8   spark     814.25%   32.12GiB / 96GiB    33.46%    0B / 0B   36.7GB / 32.8kB   135
2025-02-15 23:56:28.354772
CONTAINER ID   NAME      CPU %     MEM USAGE / LIMIT   MEM %     NET I/O   BLOCK I/O         PIDS
03a97b8520d8   spark     815.66%   32.12GiB / 96GiB    33.46%    0B / 0B   36.7GB / 32.8kB   135
2025-02-15 23:56:30.361680
CONTAINER ID   NAME      CPU %     MEM USAGE / LIMIT   MEM %     NET I/O   BLOCK I/O         PIDS
03a97b8520d8   spark     816.15%   32.12GiB / 96GiB    33.46%    0B / 0B   36.7GB / 32.8kB   135
2025-02-15 23:56:32.369918
CONTAINER ID   NAME      CPU %     MEM USAGE / LIMIT   MEM %     NET I/O   BLOCK I/O         PIDS
03a97b8520d8   spark     816.68%   32.12GiB / 96GiB    33.46%    0B / 0B   36.7GB / 32.8kB   135
2025-02-15 23:56:34.377863
CONTAINER ID   NAME      CPU %     MEM USAGE / LIMIT   MEM %     NET I/O   BLOCK I/O         PIDS
03a97b8520d8   spark     819.86%   32.12GiB / 96GiB    33.46%    0B / 0B   36.7GB / 32.8kB   135
2025-02-15 23:56:36.384494
CONTAINER ID   NAME      CPU %     MEM USAGE / LIMIT   MEM %     NET I/O   BLOCK I/O         PIDS
03a97b8520d8   spark     815.17%   32.12GiB / 96GiB    33.46%    0B / 0B   36.7GB / 32.8kB   129
2025-02-15 23:56:38.394878
CONTAINER ID   NAME      CPU %     MEM USAGE / LIMIT   MEM %     NET I/O   BLOCK I/O         PIDS
03a97b8520d8   spark     813.74%   32.12GiB / 96GiB    33.46%    0B / 0B   36.7GB / 32.8kB   129
2025-02-15 23:56:40.400837
CONTAINER ID   NAME      CPU %     MEM USAGE / LIMIT   MEM %     NET I/O   BLOCK I/O         PIDS
03a97b8520d8   spark     818.87%   32.12GiB / 96GiB    33.46%    0B / 0B   36.7GB / 32.8kB   129
2025-02-15 23:56:42.409590
CONTAINER ID   NAME      CPU %     MEM USAGE / LIMIT   MEM %     NET I/O   BLOCK I/O         PIDS
03a97b8520d8   spark     816.07%   32.13GiB / 96GiB    33.47%    0B / 0B   36.7GB / 32.8kB   129
2025-02-15 23:56:44.417639
CONTAINER ID   NAME      CPU %     MEM USAGE / LIMIT   MEM %     NET I/O   BLOCK I/O         PIDS
03a97b8520d8   spark     789.66%   32.13GiB / 96GiB    33.47%    0B / 0B   36.7GB / 32.8kB   129
2025-02-15 23:56:46.425832
CONTAINER ID   NAME      CPU %     MEM USAGE / LIMIT   MEM %     NET I/O   BLOCK I/O         PIDS
03a97b8520d8   spark     866.62%   32.13GiB / 96GiB    33.47%    0B / 0B   36.7GB / 32.8kB   135
2025-02-15 23:56:48.433251
CONTAINER ID   NAME      CPU %     MEM USAGE / LIMIT   MEM %     NET I/O   BLOCK I/O         PIDS
03a97b8520d8   spark     813.83%   32.13GiB / 96GiB    33.47%    0B / 0B   36.7GB / 32.8kB   135
2025-02-15 23:56:50.440536
CONTAINER ID   NAME      CPU %     MEM USAGE / LIMIT   MEM %     NET I/O   BLOCK I/O         PIDS
03a97b8520d8   spark     814.20%   32.13GiB / 96GiB    33.47%    0B / 0B   36.7GB / 32.8kB   135
2025-02-15 23:56:52.449648
CONTAINER ID   NAME      CPU %     MEM USAGE / LIMIT   MEM %     NET I/O   BLOCK I/O         PIDS
03a97b8520d8   spark     814.79%   32.13GiB / 96GiB    33.47%    0B / 0B   36.7GB / 32.8kB   135
2025-02-15 23:56:54.455719
CONTAINER ID   NAME      CPU %     MEM USAGE / LIMIT   MEM %     NET I/O   BLOCK I/O         PIDS
03a97b8520d8   spark     826.19%   32.13GiB / 96GiB    33.47%    0B / 0B   36.7GB / 32.8kB   135
2025-02-15 23:56:56.464570
CONTAINER ID   NAME      CPU %     MEM USAGE / LIMIT   MEM %     NET I/O   BLOCK I/O         PIDS
03a97b8520d8   spark     826.78%   32.13GiB / 96GiB    33.47%    0B / 0B   36.7GB / 32.8kB   135
2025-02-15 23:56:58.473612
CONTAINER ID   NAME      CPU %     MEM USAGE / LIMIT   MEM %     NET I/O   BLOCK I/O         PIDS
03a97b8520d8   spark     821.84%   32.13GiB / 96GiB    33.47%    0B / 0B   36.7GB / 32.8kB   135
2025-02-15 23:57:00.480420
CONTAINER ID   NAME      CPU %     MEM USAGE / LIMIT   MEM %     NET I/O   BLOCK I/O         PIDS
03a97b8520d8   spark     817.80%   32.13GiB / 96GiB    33.47%    0B / 0B   36.7GB / 32.8kB   135
2025-02-15 23:57:02.488947
CONTAINER ID   NAME      CPU %     MEM USAGE / LIMIT   MEM %     NET I/O   BLOCK I/O         PIDS
03a97b8520d8   spark     812.42%   32.13GiB / 96GiB    33.47%    0B / 0B   36.7GB / 32.8kB   135
2025-02-15 23:57:04.498305
CONTAINER ID   NAME      CPU %     MEM USAGE / LIMIT   MEM %     NET I/O   BLOCK I/O         PIDS
03a97b8520d8   spark     820.94%   32.14GiB / 96GiB    33.47%    0B / 0B   36.7GB / 32.8kB   135
2025-02-15 23:57:06.506291
CONTAINER ID   NAME      CPU %     MEM USAGE / LIMIT   MEM %     NET I/O   BLOCK I/O         PIDS
03a97b8520d8   spark     819.11%   32.14GiB / 96GiB    33.47%    0B / 0B   36.7GB / 32.8kB   135
2025-02-15 23:57:08.514725
CONTAINER ID   NAME      CPU %     MEM USAGE / LIMIT   MEM %     NET I/O   BLOCK I/O         PIDS
03a97b8520d8   spark     818.59%   32.14GiB / 96GiB    33.48%    0B / 0B   36.7GB / 32.8kB   135
2025-02-15 23:57:10.522587
CONTAINER ID   NAME      CPU %     MEM USAGE / LIMIT   MEM %     NET I/O   BLOCK I/O         PIDS
03a97b8520d8   spark     817.09%   32.14GiB / 96GiB    33.48%    0B / 0B   36.7GB / 32.8kB   135
2025-02-15 23:57:12.530811
CONTAINER ID   NAME      CPU %     MEM USAGE / LIMIT   MEM %     NET I/O   BLOCK I/O         PIDS
03a97b8520d8   spark     844.01%   32.14GiB / 96GiB    33.48%    0B / 0B   36.7GB / 32.8kB   135
2025-02-15 23:57:14.539528
CONTAINER ID   NAME      CPU %     MEM USAGE / LIMIT   MEM %     NET I/O   BLOCK I/O         PIDS
03a97b8520d8   spark     826.50%   32.14GiB / 96GiB    33.48%    0B / 0B   36.7GB / 32.8kB   135
2025-02-15 23:57:16.545756
CONTAINER ID   NAME      CPU %     MEM USAGE / LIMIT   MEM %     NET I/O   BLOCK I/O         PIDS
03a97b8520d8   spark     823.33%   32.14GiB / 96GiB    33.48%    0B / 0B   36.7GB / 32.8kB   135
2025-02-15 23:57:18.554966
CONTAINER ID   NAME      CPU %     MEM USAGE / LIMIT   MEM %     NET I/O   BLOCK I/O         PIDS
03a97b8520d8   spark     818.41%   32.14GiB / 96GiB    33.48%    0B / 0B   36.7GB / 32.8kB   135
2025-02-15 23:57:20.562825
CONTAINER ID   NAME      CPU %     MEM USAGE / LIMIT   MEM %     NET I/O   BLOCK I/O         PIDS
03a97b8520d8   spark     821.59%   32.15GiB / 96GiB    33.48%    0B / 0B   36.7GB / 32.8kB   135
2025-02-15 23:57:22.570767
CONTAINER ID   NAME      CPU %     MEM USAGE / LIMIT   MEM %     NET I/O   BLOCK I/O         PIDS
03a97b8520d8   spark     816.60%   32.15GiB / 96GiB    33.49%    0B / 0B   36.7GB / 32.8kB   135
2025-02-15 23:57:24.579274
CONTAINER ID   NAME      CPU %     MEM USAGE / LIMIT   MEM %     NET I/O   BLOCK I/O         PIDS
03a97b8520d8   spark     820.91%   32.15GiB / 96GiB    33.49%    0B / 0B   36.7GB / 32.8kB   135
2025-02-15 23:57:26.586990
CONTAINER ID   NAME      CPU %     MEM USAGE / LIMIT   MEM %     NET I/O   BLOCK I/O         PIDS
03a97b8520d8   spark     822.10%   32.15GiB / 96GiB    33.49%    0B / 0B   36.7GB / 32.8kB   135
2025-02-15 23:57:28.595388
CONTAINER ID   NAME      CPU %     MEM USAGE / LIMIT   MEM %     NET I/O   BLOCK I/O         PIDS
03a97b8520d8   spark     813.19%   32.15GiB / 96GiB    33.49%    0B / 0B   36.7GB / 32.8kB   135
2025-02-15 23:57:30.603882
CONTAINER ID   NAME      CPU %     MEM USAGE / LIMIT   MEM %     NET I/O   BLOCK I/O         PIDS
03a97b8520d8   spark     808.68%   32.15GiB / 96GiB    33.49%    0B / 0B   36.7GB / 32.8kB   135
2025-02-15 23:57:32.610299
CONTAINER ID   NAME      CPU %     MEM USAGE / LIMIT   MEM %     NET I/O   BLOCK I/O         PIDS
03a97b8520d8   spark     820.53%   32.15GiB / 96GiB    33.49%    0B / 0B   36.7GB / 32.8kB   135
2025-02-15 23:57:34.619682
CONTAINER ID   NAME      CPU %     MEM USAGE / LIMIT   MEM %     NET I/O   BLOCK I/O         PIDS
03a97b8520d8   spark     816.64%   32.15GiB / 96GiB    33.49%    0B / 0B   36.7GB / 32.8kB   135
2025-02-15 23:57:36.628104
CONTAINER ID   NAME      CPU %     MEM USAGE / LIMIT   MEM %     NET I/O   BLOCK I/O         PIDS
03a97b8520d8   spark     817.79%   32.15GiB / 96GiB    33.49%    0B / 0B   36.7GB / 32.8kB   135
2025-02-15 23:57:38.636085
CONTAINER ID   NAME      CPU %     MEM USAGE / LIMIT   MEM %     NET I/O   BLOCK I/O         PIDS
03a97b8520d8   spark     815.98%   32.15GiB / 96GiB    33.49%    0B / 0B   36.7GB / 32.8kB   135
2025-02-15 23:57:40.643099
CONTAINER ID   NAME      CPU %     MEM USAGE / LIMIT   MEM %     NET I/O   BLOCK I/O         PIDS
03a97b8520d8   spark     812.30%   32.15GiB / 96GiB    33.49%    0B / 0B   36.7GB / 32.8kB   135
2025-02-15 23:57:42.650965
CONTAINER ID   NAME      CPU %     MEM USAGE / LIMIT   MEM %     NET I/O   BLOCK I/O         PIDS
03a97b8520d8   spark     820.81%   32.15GiB / 96GiB    33.49%    0B / 0B   36.7GB / 32.8kB   135
2025-02-15 23:57:44.657287
CONTAINER ID   NAME      CPU %     MEM USAGE / LIMIT   MEM %     NET I/O   BLOCK I/O         PIDS
03a97b8520d8   spark     824.46%   32.16GiB / 96GiB    33.50%    0B / 0B   36.7GB / 32.8kB   135
2025-02-15 23:57:46.664923
CONTAINER ID   NAME      CPU %     MEM USAGE / LIMIT   MEM %     NET I/O   BLOCK I/O         PIDS
03a97b8520d8   spark     812.93%   32.16GiB / 96GiB    33.50%    0B / 0B   36.7GB / 32.8kB   129
2025-02-15 23:57:48.672871
CONTAINER ID   NAME      CPU %     MEM USAGE / LIMIT   MEM %     NET I/O   BLOCK I/O         PIDS
03a97b8520d8   spark     817.86%   32.16GiB / 96GiB    33.50%    0B / 0B   36.7GB / 32.8kB   129
2025-02-15 23:57:50.681153
CONTAINER ID   NAME      CPU %     MEM USAGE / LIMIT   MEM %     NET I/O   BLOCK I/O         PIDS
03a97b8520d8   spark     817.08%   32.16GiB / 96GiB    33.50%    0B / 0B   36.7GB / 32.8kB   129
2025-02-15 23:57:52.689635
CONTAINER ID   NAME      CPU %     MEM USAGE / LIMIT   MEM %     NET I/O   BLOCK I/O         PIDS
03a97b8520d8   spark     816.89%   32.16GiB / 96GiB    33.50%    0B / 0B   36.7GB / 32.8kB   129
2025-02-15 23:57:54.697097
CONTAINER ID   NAME      CPU %     MEM USAGE / LIMIT   MEM %     NET I/O   BLOCK I/O         PIDS
03a97b8520d8   spark     819.28%   32.16GiB / 96GiB    33.50%    0B / 0B   36.7GB / 32.8kB   129
2025-02-15 23:57:56.704895
CONTAINER ID   NAME      CPU %     MEM USAGE / LIMIT   MEM %     NET I/O   BLOCK I/O         PIDS
03a97b8520d8   spark     399.82%   32.13GiB / 96GiB    33.47%    0B / 0B   36.7GB / 32.8kB   90
2025-02-15 23:57:58.710959
CONTAINER ID   NAME      CPU %     MEM USAGE / LIMIT   MEM %     NET I/O   BLOCK I/O         PIDS
03a97b8520d8   spark     0.00%     29.47GiB / 96GiB    30.69%    0B / 0B   36.7GB / 32.8kB   1
2025-02-15 23:58:00.717286
CONTAINER ID   NAME      CPU %     MEM USAGE / LIMIT   MEM %     NET I/O   BLOCK I/O         PIDS
03a97b8520d8   spark     0.00%     29.47GiB / 96GiB    30.69%    0B / 0B   36.7GB / 32.8kB   1
2025-02-15 23:58:02.722652
CONTAINER ID   NAME      CPU %     MEM USAGE / LIMIT   MEM %     NET I/O   BLOCK I/O         PIDS
03a97b8520d8   spark     0.00%     29.47GiB / 96GiB    30.69%    0B / 0B   36.7GB / 32.8kB   1
2025-02-15 23:58:04.729788
CONTAINER ID   NAME      CPU %     MEM USAGE / LIMIT   MEM %     NET I/O   BLOCK I/O         PIDS
03a97b8520d8   spark     0.00%     29.47GiB / 96GiB    30.69%    0B / 0B   36.7GB / 32.8kB   1
2025-02-15 23:58:06.734834
CONTAINER ID   NAME      CPU %     MEM USAGE / LIMIT   MEM %     NET I/O   BLOCK I/O   PIDS
