2024-11-13 20:43:14.456010
CONTAINER ID   NAME      CPU %     MEM USAGE / LIMIT   MEM %     NET I/O   BLOCK I/O   PIDS
2024-11-13 20:43:15.096120
CONTAINER ID   NAME      CPU %     MEM USAGE / LIMIT   MEM %     NET I/O   BLOCK I/O   PIDS
2024-11-13 20:43:15.732136
CONTAINER ID   NAME      CPU %     MEM USAGE / LIMIT   MEM %     NET I/O   BLOCK I/O   PIDS
2024-11-13 20:43:16.367186
CONTAINER ID   NAME      CPU %     MEM USAGE / LIMIT   MEM %     NET I/O   BLOCK I/O   PIDS
2024-11-13 20:43:17.001101
CONTAINER ID   NAME      CPU %     MEM USAGE / LIMIT   MEM %     NET I/O   BLOCK I/O   PIDS
2024-11-13 20:43:17.635697
CONTAINER ID   NAME      CPU %     MEM USAGE / LIMIT   MEM %     NET I/O   BLOCK I/O   PIDS
2024-11-13 20:43:18.269864
CONTAINER ID   NAME      CPU %     MEM USAGE / LIMIT   MEM %     NET I/O   BLOCK I/O   PIDS
2024-11-13 20:43:18.901395
CONTAINER ID   NAME      CPU %     MEM USAGE / LIMIT   MEM %     NET I/O   BLOCK I/O   PIDS
2024-11-13 20:43:19.535346
CONTAINER ID   NAME      CPU %     MEM USAGE / LIMIT   MEM %     NET I/O   BLOCK I/O   PIDS
2024-11-13 20:43:20.167339
CONTAINER ID   NAME      CPU %     MEM USAGE / LIMIT   MEM %     NET I/O   BLOCK I/O   PIDS
2024-11-13 20:43:20.801896
CONTAINER ID   NAME      CPU %     MEM USAGE / LIMIT   MEM %     NET I/O   BLOCK I/O   PIDS
2024-11-13 20:43:21.434876
CONTAINER ID   NAME      CPU %     MEM USAGE / LIMIT   MEM %     NET I/O   BLOCK I/O   PIDS
2024-11-13 20:43:22.068021
CONTAINER ID   NAME      CPU %     MEM USAGE / LIMIT   MEM %     NET I/O   BLOCK I/O   PIDS
2024-11-13 20:43:22.703512
CONTAINER ID   NAME      CPU %     MEM USAGE / LIMIT   MEM %     NET I/O   BLOCK I/O   PIDS
2024-11-13 20:43:23.337026
CONTAINER ID   NAME      CPU %     MEM USAGE / LIMIT   MEM %     NET I/O   BLOCK I/O   PIDS
2024-11-13 20:43:23.967707
CONTAINER ID   NAME      CPU %     MEM USAGE / LIMIT   MEM %     NET I/O   BLOCK I/O   PIDS
2024-11-13 20:43:24.600938
CONTAINER ID   NAME      CPU %     MEM USAGE / LIMIT   MEM %     NET I/O   BLOCK I/O   PIDS
2024-11-13 20:43:25.233306
CONTAINER ID   NAME      CPU %     MEM USAGE / LIMIT   MEM %     NET I/O   BLOCK I/O   PIDS
2024-11-13 20:43:25.865418
CONTAINER ID   NAME      CPU %     MEM USAGE / LIMIT   MEM %     NET I/O   BLOCK I/O   PIDS
2024-11-13 20:43:26.499422
CONTAINER ID   NAME      CPU %     MEM USAGE / LIMIT   MEM %     NET I/O   BLOCK I/O   PIDS
2024-11-13 20:43:27.131336
CONTAINER ID   NAME      CPU %     MEM USAGE / LIMIT   MEM %     NET I/O   BLOCK I/O   PIDS
2024-11-13 20:43:27.764167
CONTAINER ID   NAME      CPU %     MEM USAGE / LIMIT   MEM %     NET I/O   BLOCK I/O   PIDS
2024-11-13 20:43:28.397215
CONTAINER ID   NAME      CPU %     MEM USAGE / LIMIT   MEM %     NET I/O   BLOCK I/O   PIDS
2024-11-13 20:43:29.030400
CONTAINER ID   NAME      CPU %     MEM USAGE / LIMIT   MEM %     NET I/O   BLOCK I/O   PIDS
2024-11-13 20:43:29.662108
CONTAINER ID   NAME      CPU %     MEM USAGE / LIMIT   MEM %     NET I/O   BLOCK I/O   PIDS
2024-11-13 20:43:30.294004
CONTAINER ID   NAME      CPU %     MEM USAGE / LIMIT   MEM %     NET I/O   BLOCK I/O   PIDS
2024-11-13 20:43:30.926816
CONTAINER ID   NAME      CPU %     MEM USAGE / LIMIT   MEM %     NET I/O   BLOCK I/O   PIDS
2024-11-13 20:43:31.558131
CONTAINER ID   NAME      CPU %     MEM USAGE / LIMIT   MEM %     NET I/O   BLOCK I/O   PIDS
2024-11-13 20:43:32.191443
CONTAINER ID   NAME      CPU %     MEM USAGE / LIMIT   MEM %     NET I/O   BLOCK I/O   PIDS
2024-11-13 20:43:32.823195
CONTAINER ID   NAME      CPU %     MEM USAGE / LIMIT   MEM %     NET I/O   BLOCK I/O   PIDS
2024-11-13 20:43:33.457066
CONTAINER ID   NAME      CPU %     MEM USAGE / LIMIT   MEM %     NET I/O   BLOCK I/O   PIDS
2024-11-13 20:43:34.089106
CONTAINER ID   NAME      CPU %     MEM USAGE / LIMIT   MEM %     NET I/O   BLOCK I/O   PIDS
2024-11-13 20:43:34.720464
CONTAINER ID   NAME              CPU %     MEM USAGE / LIMIT   MEM %     NET I/O   BLOCK I/O     PIDS
5edf61ca4bbc   pbbs_wordCounts   99.92%    192.8MiB / 96GiB    0.20%     0B / 0B   2.12MB / 0B   5
2024-11-13 20:43:36.367750
CONTAINER ID   NAME              CPU %     MEM USAGE / LIMIT   MEM %     NET I/O   BLOCK I/O     PIDS
5edf61ca4bbc   pbbs_wordCounts   99.91%    328.6MiB / 96GiB    0.33%     0B / 0B   2.12MB / 0B   5
2024-11-13 20:43:38.376776
CONTAINER ID   NAME              CPU %     MEM USAGE / LIMIT   MEM %     NET I/O   BLOCK I/O     PIDS
5edf61ca4bbc   pbbs_wordCounts   100.10%   370.3MiB / 96GiB    0.38%     0B / 0B   2.12MB / 0B   5
2024-11-13 20:43:40.385776
CONTAINER ID   NAME              CPU %     MEM USAGE / LIMIT   MEM %     NET I/O   BLOCK I/O         PIDS
5edf61ca4bbc   pbbs_wordCounts   96.71%    65.84MiB / 96GiB    0.07%     0B / 0B   2.31MB / 15.8MB   5
2024-11-13 20:43:42.394243
CONTAINER ID   NAME              CPU %     MEM USAGE / LIMIT   MEM %     NET I/O   BLOCK I/O         PIDS
5edf61ca4bbc   pbbs_wordCounts   99.46%    316.2MiB / 96GiB    0.32%     0B / 0B   2.31MB / 15.8MB   5
2024-11-13 20:43:44.403683
CONTAINER ID   NAME              CPU %     MEM USAGE / LIMIT   MEM %     NET I/O   BLOCK I/O         PIDS
5edf61ca4bbc   pbbs_wordCounts   99.21%    373.2MiB / 96GiB    0.38%     0B / 0B   2.31MB / 15.8MB   5
2024-11-13 20:43:46.415415
CONTAINER ID   NAME              CPU %     MEM USAGE / LIMIT   MEM %     NET I/O   BLOCK I/O         PIDS
5edf61ca4bbc   pbbs_wordCounts   99.57%    420.1MiB / 96GiB    0.43%     0B / 0B   2.31MB / 15.8MB   5
2024-11-13 20:43:48.423940
CONTAINER ID   NAME              CPU %     MEM USAGE / LIMIT   MEM %     NET I/O   BLOCK I/O       PIDS
5edf61ca4bbc   pbbs_wordCounts   95.71%    89.09MiB / 96GiB    0.09%     0B / 0B   2.31MB / 38MB   5
2024-11-13 20:43:50.432220
CONTAINER ID   NAME              CPU %     MEM USAGE / LIMIT   MEM %     NET I/O   BLOCK I/O       PIDS
5edf61ca4bbc   pbbs_wordCounts   100.01%   272.7MiB / 96GiB    0.28%     0B / 0B   2.33MB / 38MB   7
2024-11-13 20:43:52.441178
CONTAINER ID   NAME              CPU %     MEM USAGE / LIMIT   MEM %     NET I/O   BLOCK I/O       PIDS
5edf61ca4bbc   pbbs_wordCounts   99.49%    308.4MiB / 96GiB    0.31%     0B / 0B   2.33MB / 38MB   7
2024-11-13 20:43:54.449322
CONTAINER ID   NAME              CPU %     MEM USAGE / LIMIT   MEM %     NET I/O   BLOCK I/O         PIDS
5edf61ca4bbc   pbbs_wordCounts   99.97%    286.8MiB / 96GiB    0.29%     0B / 0B   2.33MB / 47.9MB   7
2024-11-13 20:43:56.458134
CONTAINER ID   NAME              CPU %     MEM USAGE / LIMIT   MEM %     NET I/O   BLOCK I/O         PIDS
5edf61ca4bbc   pbbs_wordCounts   100.45%   397.3MiB / 96GiB    0.40%     0B / 0B   2.33MB / 47.9MB   7
2024-11-13 20:43:58.467600
CONTAINER ID   NAME              CPU %     MEM USAGE / LIMIT   MEM %     NET I/O   BLOCK I/O         PIDS
5edf61ca4bbc   pbbs_wordCounts   99.54%    416.9MiB / 96GiB    0.42%     0B / 0B   2.33MB / 47.9MB   7
2024-11-13 20:44:00.477939
CONTAINER ID   NAME              CPU %     MEM USAGE / LIMIT   MEM %     NET I/O   BLOCK I/O         PIDS
5edf61ca4bbc   pbbs_wordCounts   100.08%   418MiB / 96GiB      0.43%     0B / 0B   2.33MB / 47.9MB   7
2024-11-13 20:44:02.485521
CONTAINER ID   NAME              CPU %     MEM USAGE / LIMIT   MEM %     NET I/O   BLOCK I/O         PIDS
5edf61ca4bbc   pbbs_wordCounts   99.59%    453.4MiB / 96GiB    0.46%     0B / 0B   2.33MB / 47.9MB   7
2024-11-13 20:44:04.493551
CONTAINER ID   NAME              CPU %     MEM USAGE / LIMIT   MEM %     NET I/O   BLOCK I/O        PIDS
5edf61ca4bbc   pbbs_wordCounts   93.88%    124.6MiB / 96GiB    0.13%     0B / 0B   2.5MB / 76.3MB   8
2024-11-13 20:44:06.504837
CONTAINER ID   NAME              CPU %      MEM USAGE / LIMIT   MEM %     NET I/O   BLOCK I/O        PIDS
5edf61ca4bbc   pbbs_wordCounts   4726.78%   11.48GiB / 96GiB    11.96%    0B / 0B   122MB / 76.3MB   52
2024-11-13 20:44:08.508302
CONTAINER ID   NAME              CPU %      MEM USAGE / LIMIT   MEM %     NET I/O   BLOCK I/O        PIDS
5edf61ca4bbc   pbbs_wordCounts   3044.22%   8.792GiB / 96GiB    9.16%     0B / 0B   122MB / 76.3MB   52
2024-11-13 20:44:10.515349
CONTAINER ID   NAME              CPU %     MEM USAGE / LIMIT   MEM %     NET I/O   BLOCK I/O        PIDS
5edf61ca4bbc   pbbs_wordCounts   987.17%   4.929GiB / 96GiB    5.13%     0B / 0B   122MB / 76.3MB   52
2024-11-13 20:44:12.523617
CONTAINER ID   NAME              CPU %      MEM USAGE / LIMIT   MEM %     NET I/O   BLOCK I/O        PIDS
5edf61ca4bbc   pbbs_wordCounts   2127.17%   8.736GiB / 96GiB    9.10%     0B / 0B   122MB / 76.3MB   52
2024-11-13 20:44:14.531035
CONTAINER ID   NAME              CPU %      MEM USAGE / LIMIT   MEM %     NET I/O   BLOCK I/O        PIDS
5edf61ca4bbc   pbbs_wordCounts   3872.58%   13.08GiB / 96GiB    13.62%    0B / 0B   122MB / 76.3MB   52
2024-11-13 20:44:16.539792
CONTAINER ID   NAME              CPU %      MEM USAGE / LIMIT   MEM %     NET I/O   BLOCK I/O        PIDS
5edf61ca4bbc   pbbs_wordCounts   4763.19%   14.89GiB / 96GiB    15.51%    0B / 0B   122MB / 76.3MB   52
2024-11-13 20:44:18.546456
CONTAINER ID   NAME              CPU %      MEM USAGE / LIMIT   MEM %     NET I/O   BLOCK I/O        PIDS
5edf61ca4bbc   pbbs_wordCounts   4456.16%   10.01GiB / 96GiB    10.43%    0B / 0B   122MB / 76.3MB   52
2024-11-13 20:44:20.552525
CONTAINER ID   NAME              CPU %      MEM USAGE / LIMIT   MEM %     NET I/O   BLOCK I/O        PIDS
5edf61ca4bbc   pbbs_wordCounts   2521.72%   7.878GiB / 96GiB    8.21%     0B / 0B   122MB / 76.3MB   52
2024-11-13 20:44:22.561837
CONTAINER ID   NAME              CPU %     MEM USAGE / LIMIT   MEM %     NET I/O   BLOCK I/O        PIDS
5edf61ca4bbc   pbbs_wordCounts   889.11%   4.98GiB / 96GiB     5.19%     0B / 0B   122MB / 76.3MB   52
2024-11-13 20:44:24.568327
CONTAINER ID   NAME              CPU %      MEM USAGE / LIMIT   MEM %     NET I/O   BLOCK I/O        PIDS
5edf61ca4bbc   pbbs_wordCounts   2385.93%   9.82GiB / 96GiB     10.23%    0B / 0B   122MB / 76.3MB   52
2024-11-13 20:44:26.576134
CONTAINER ID   NAME              CPU %      MEM USAGE / LIMIT   MEM %     NET I/O   BLOCK I/O        PIDS
5edf61ca4bbc   pbbs_wordCounts   4186.97%   13.82GiB / 96GiB    14.40%    0B / 0B   122MB / 76.3MB   52
2024-11-13 20:44:28.585668
CONTAINER ID   NAME              CPU %      MEM USAGE / LIMIT   MEM %     NET I/O   BLOCK I/O        PIDS
5edf61ca4bbc   pbbs_wordCounts   4770.08%   14.25GiB / 96GiB    14.84%    0B / 0B   122MB / 76.3MB   52
2024-11-13 20:44:30.592069
CONTAINER ID   NAME              CPU %      MEM USAGE / LIMIT   MEM %     NET I/O   BLOCK I/O        PIDS
5edf61ca4bbc   pbbs_wordCounts   4192.09%   10.05GiB / 96GiB    10.47%    0B / 0B   122MB / 76.3MB   52
2024-11-13 20:44:32.599170
CONTAINER ID   NAME              CPU %      MEM USAGE / LIMIT   MEM %     NET I/O   BLOCK I/O        PIDS
5edf61ca4bbc   pbbs_wordCounts   2377.84%   7.801GiB / 96GiB    8.13%     0B / 0B   122MB / 76.3MB   52
2024-11-13 20:44:34.605440
CONTAINER ID   NAME              CPU %     MEM USAGE / LIMIT   MEM %     NET I/O   BLOCK I/O        PIDS
5edf61ca4bbc   pbbs_wordCounts   869.15%   5.014GiB / 96GiB    5.22%     0B / 0B   122MB / 76.3MB   52
2024-11-13 20:44:36.610651
CONTAINER ID   NAME              CPU %      MEM USAGE / LIMIT   MEM %     NET I/O   BLOCK I/O        PIDS
5edf61ca4bbc   pbbs_wordCounts   2436.32%   10.12GiB / 96GiB    10.54%    0B / 0B   122MB / 76.3MB   52
2024-11-13 20:44:38.619569
CONTAINER ID   NAME              CPU %      MEM USAGE / LIMIT   MEM %     NET I/O   BLOCK I/O        PIDS
5edf61ca4bbc   pbbs_wordCounts   4418.22%   14.38GiB / 96GiB    14.97%    0B / 0B   122MB / 76.3MB   52
2024-11-13 20:44:40.629046
CONTAINER ID   NAME              CPU %      MEM USAGE / LIMIT   MEM %     NET I/O   BLOCK I/O        PIDS
5edf61ca4bbc   pbbs_wordCounts   4749.16%   13.82GiB / 96GiB    14.40%    0B / 0B   122MB / 76.3MB   52
2024-11-13 20:44:42.634748
CONTAINER ID   NAME              CPU %      MEM USAGE / LIMIT   MEM %     NET I/O   BLOCK I/O        PIDS
5edf61ca4bbc   pbbs_wordCounts   3837.27%   10.09GiB / 96GiB    10.51%    0B / 0B   122MB / 76.3MB   52
2024-11-13 20:44:44.642072
CONTAINER ID   NAME              CPU %      MEM USAGE / LIMIT   MEM %     NET I/O   BLOCK I/O        PIDS
5edf61ca4bbc   pbbs_wordCounts   1931.45%   6.815GiB / 96GiB    7.10%     0B / 0B   122MB / 76.3MB   52
2024-11-13 20:44:46.649251
CONTAINER ID   NAME              CPU %      MEM USAGE / LIMIT   MEM %     NET I/O   BLOCK I/O        PIDS
5edf61ca4bbc   pbbs_wordCounts   1000.78%   5.579GiB / 96GiB    5.81%     0B / 0B   122MB / 76.3MB   52
2024-11-13 20:44:48.660449
CONTAINER ID   NAME              CPU %      MEM USAGE / LIMIT   MEM %     NET I/O   BLOCK I/O        PIDS
5edf61ca4bbc   pbbs_wordCounts   2839.24%   10.98GiB / 96GiB    11.44%    0B / 0B   122MB / 76.3MB   52
2024-11-13 20:44:50.664893
CONTAINER ID   NAME              CPU %      MEM USAGE / LIMIT   MEM %     NET I/O   BLOCK I/O        PIDS
5edf61ca4bbc   pbbs_wordCounts   4740.56%   15.16GiB / 96GiB    15.79%    0B / 0B   122MB / 76.3MB   52
2024-11-13 20:44:52.674572
CONTAINER ID   NAME              CPU %      MEM USAGE / LIMIT   MEM %     NET I/O   BLOCK I/O        PIDS
5edf61ca4bbc   pbbs_wordCounts   4784.72%   12.66GiB / 96GiB    13.19%    0B / 0B   122MB / 76.3MB   52
2024-11-13 20:44:54.681765
CONTAINER ID   NAME              CPU %      MEM USAGE / LIMIT   MEM %     NET I/O   BLOCK I/O        PIDS
5edf61ca4bbc   pbbs_wordCounts   3229.74%   9.478GiB / 96GiB    9.87%     0B / 0B   122MB / 76.3MB   52
2024-11-13 20:44:56.688748
CONTAINER ID   NAME              CPU %      MEM USAGE / LIMIT   MEM %     NET I/O   BLOCK I/O        PIDS
5edf61ca4bbc   pbbs_wordCounts   1184.87%   5.32GiB / 96GiB     5.54%     0B / 0B   122MB / 76.3MB   52
2024-11-13 20:44:58.694604
CONTAINER ID   NAME              CPU %      MEM USAGE / LIMIT   MEM %     NET I/O   BLOCK I/O        PIDS
5edf61ca4bbc   pbbs_wordCounts   1763.59%   7.951GiB / 96GiB    8.28%     0B / 0B   122MB / 76.3MB   52
2024-11-13 20:45:00.703440
CONTAINER ID   NAME              CPU %      MEM USAGE / LIMIT   MEM %     NET I/O   BLOCK I/O        PIDS
5edf61ca4bbc   pbbs_wordCounts   3699.18%   12.84GiB / 96GiB    13.37%    0B / 0B   122MB / 76.3MB   52
2024-11-13 20:45:02.712419
CONTAINER ID   NAME              CPU %      MEM USAGE / LIMIT   MEM %     NET I/O   BLOCK I/O        PIDS
5edf61ca4bbc   pbbs_wordCounts   4755.86%   15.16GiB / 96GiB    15.79%    0B / 0B   122MB / 76.3MB   52
2024-11-13 20:45:04.718097
CONTAINER ID   NAME              CPU %      MEM USAGE / LIMIT   MEM %     NET I/O   BLOCK I/O        PIDS
5edf61ca4bbc   pbbs_wordCounts   4527.93%   10.5GiB / 96GiB     10.94%    0B / 0B   122MB / 76.3MB   52
2024-11-13 20:45:06.726595
CONTAINER ID   NAME              CPU %      MEM USAGE / LIMIT   MEM %     NET I/O   BLOCK I/O        PIDS
5edf61ca4bbc   pbbs_wordCounts   2698.39%   8.466GiB / 96GiB    8.82%     0B / 0B   122MB / 76.3MB   52
2024-11-13 20:45:08.730726
CONTAINER ID   NAME              CPU %     MEM USAGE / LIMIT   MEM %     NET I/O   BLOCK I/O        PIDS
5edf61ca4bbc   pbbs_wordCounts   894.46%   5.091GiB / 96GiB    5.30%     0B / 0B   122MB / 76.3MB   52
2024-11-13 20:45:10.736665
CONTAINER ID   NAME              CPU %      MEM USAGE / LIMIT   MEM %     NET I/O   BLOCK I/O        PIDS
5edf61ca4bbc   pbbs_wordCounts   2196.29%   9.435GiB / 96GiB    9.83%     0B / 0B   122MB / 76.3MB   52
2024-11-13 20:45:12.746208
CONTAINER ID   NAME              CPU %      MEM USAGE / LIMIT   MEM %     NET I/O   BLOCK I/O        PIDS
5edf61ca4bbc   pbbs_wordCounts   4266.16%   14.15GiB / 96GiB    14.74%    0B / 0B   122MB / 76.3MB   52
2024-11-13 20:45:14.754572
CONTAINER ID   NAME              CPU %      MEM USAGE / LIMIT   MEM %     NET I/O   BLOCK I/O        PIDS
5edf61ca4bbc   pbbs_wordCounts   4772.82%   14.24GiB / 96GiB    14.83%    0B / 0B   122MB / 76.3MB   52
2024-11-13 20:45:16.758573
CONTAINER ID   NAME              CPU %      MEM USAGE / LIMIT   MEM %     NET I/O   BLOCK I/O        PIDS
5edf61ca4bbc   pbbs_wordCounts   3987.96%   10.15GiB / 96GiB    10.57%    0B / 0B   122MB / 76.3MB   52
2024-11-13 20:45:18.766416
CONTAINER ID   NAME              CPU %      MEM USAGE / LIMIT   MEM %     NET I/O   BLOCK I/O        PIDS
5edf61ca4bbc   pbbs_wordCounts   2043.26%   7.167GiB / 96GiB    7.47%     0B / 0B   122MB / 76.3MB   52
2024-11-13 20:45:20.773470
CONTAINER ID   NAME              CPU %     MEM USAGE / LIMIT   MEM %     NET I/O   BLOCK I/O        PIDS
5edf61ca4bbc   pbbs_wordCounts   893.07%   5.177GiB / 96GiB    5.39%     0B / 0B   122MB / 76.3MB   52
2024-11-13 20:45:22.781876
CONTAINER ID   NAME              CPU %      MEM USAGE / LIMIT   MEM %     NET I/O   BLOCK I/O        PIDS
5edf61ca4bbc   pbbs_wordCounts   2769.41%   10.88GiB / 96GiB    11.33%    0B / 0B   122MB / 76.3MB   52
2024-11-13 20:45:24.787865
CONTAINER ID   NAME              CPU %      MEM USAGE / LIMIT   MEM %     NET I/O   BLOCK I/O        PIDS
5edf61ca4bbc   pbbs_wordCounts   4754.74%   15.14GiB / 96GiB    15.78%    0B / 0B   122MB / 76.3MB   52
2024-11-13 20:45:26.797153
CONTAINER ID   NAME              CPU %      MEM USAGE / LIMIT   MEM %     NET I/O   BLOCK I/O        PIDS
5edf61ca4bbc   pbbs_wordCounts   4777.62%   12.88GiB / 96GiB    13.42%    0B / 0B   122MB / 76.3MB   52
2024-11-13 20:45:28.803555
CONTAINER ID   NAME              CPU %      MEM USAGE / LIMIT   MEM %     NET I/O   BLOCK I/O        PIDS
5edf61ca4bbc   pbbs_wordCounts   3357.67%   9.962GiB / 96GiB    10.38%    0B / 0B   122MB / 76.3MB   52
2024-11-13 20:45:30.812826
CONTAINER ID   NAME              CPU %      MEM USAGE / LIMIT   MEM %     NET I/O   BLOCK I/O        PIDS
5edf61ca4bbc   pbbs_wordCounts   1274.99%   5.527GiB / 96GiB    5.76%     0B / 0B   122MB / 76.3MB   52
2024-11-13 20:45:32.819620
CONTAINER ID   NAME              CPU %      MEM USAGE / LIMIT   MEM %     NET I/O   BLOCK I/O        PIDS
5edf61ca4bbc   pbbs_wordCounts   1769.49%   8.523GiB / 96GiB    8.88%     0B / 0B   122MB / 76.3MB   52
2024-11-13 20:45:34.829112
CONTAINER ID   NAME              CPU %      MEM USAGE / LIMIT   MEM %     NET I/O   BLOCK I/O        PIDS
5edf61ca4bbc   pbbs_wordCounts   3825.00%   13.15GiB / 96GiB    13.70%    0B / 0B   122MB / 76.3MB   52
2024-11-13 20:45:36.839256
CONTAINER ID   NAME              CPU %      MEM USAGE / LIMIT   MEM %     NET I/O   BLOCK I/O        PIDS
5edf61ca4bbc   pbbs_wordCounts   4790.72%   15.03GiB / 96GiB    15.65%    0B / 0B   122MB / 76.3MB   52
2024-11-13 20:45:38.844506
CONTAINER ID   NAME              CPU %      MEM USAGE / LIMIT   MEM %     NET I/O   BLOCK I/O        PIDS
5edf61ca4bbc   pbbs_wordCounts   4305.06%   10.18GiB / 96GiB    10.60%    0B / 0B   122MB / 76.3MB   52
2024-11-13 20:45:40.849786
CONTAINER ID   NAME              CPU %      MEM USAGE / LIMIT   MEM %     NET I/O   BLOCK I/O        PIDS
5edf61ca4bbc   pbbs_wordCounts   2079.23%   7.231GiB / 96GiB    7.53%     0B / 0B   122MB / 76.3MB   52
2024-11-13 20:45:42.858400
CONTAINER ID   NAME              CPU %     MEM USAGE / LIMIT   MEM %     NET I/O   BLOCK I/O        PIDS
5edf61ca4bbc   pbbs_wordCounts   892.19%   5.869GiB / 96GiB    6.11%     0B / 0B   122MB / 76.3MB   52
2024-11-13 20:45:44.866626
CONTAINER ID   NAME              CPU %      MEM USAGE / LIMIT   MEM %     NET I/O   BLOCK I/O        PIDS
5edf61ca4bbc   pbbs_wordCounts   3134.73%   11.76GiB / 96GiB    12.25%    0B / 0B   122MB / 76.3MB   52
2024-11-13 20:45:46.874956
CONTAINER ID   NAME              CPU %      MEM USAGE / LIMIT   MEM %     NET I/O   BLOCK I/O        PIDS
5edf61ca4bbc   pbbs_wordCounts   4763.25%   15.24GiB / 96GiB    15.87%    0B / 0B   122MB / 76.3MB   52
2024-11-13 20:45:48.881497
CONTAINER ID   NAME              CPU %      MEM USAGE / LIMIT   MEM %     NET I/O   BLOCK I/O        PIDS
5edf61ca4bbc   pbbs_wordCounts   4777.21%   11.99GiB / 96GiB    12.49%    0B / 0B   122MB / 76.3MB   52
2024-11-13 20:45:50.886715
CONTAINER ID   NAME      CPU %     MEM USAGE / LIMIT   MEM %     NET I/O   BLOCK I/O   PIDS
