2024-11-13 20:53:32.285590
CONTAINER ID   NAME      CPU %     MEM USAGE / LIMIT   MEM %     NET I/O   BLOCK I/O   PIDS
2024-11-13 20:53:32.923016
CONTAINER ID   NAME      CPU %     MEM USAGE / LIMIT   MEM %     NET I/O   BLOCK I/O   PIDS
2024-11-13 20:53:33.557397
CONTAINER ID   NAME      CPU %     MEM USAGE / LIMIT   MEM %     NET I/O   BLOCK I/O   PIDS
2024-11-13 20:53:34.191911
CONTAINER ID   NAME      CPU %     MEM USAGE / LIMIT   MEM %     NET I/O   BLOCK I/O   PIDS
2024-11-13 20:53:34.826043
CONTAINER ID   NAME      CPU %     MEM USAGE / LIMIT   MEM %     NET I/O   BLOCK I/O   PIDS
2024-11-13 20:53:35.460414
CONTAINER ID   NAME      CPU %     MEM USAGE / LIMIT   MEM %     NET I/O   BLOCK I/O   PIDS
2024-11-13 20:53:36.092744
CONTAINER ID   NAME      CPU %     MEM USAGE / LIMIT   MEM %     NET I/O   BLOCK I/O   PIDS
2024-11-13 20:53:36.726414
CONTAINER ID   NAME      CPU %     MEM USAGE / LIMIT   MEM %     NET I/O   BLOCK I/O   PIDS
2024-11-13 20:53:37.358412
CONTAINER ID   NAME      CPU %     MEM USAGE / LIMIT   MEM %     NET I/O   BLOCK I/O   PIDS
2024-11-13 20:53:37.990425
CONTAINER ID   NAME      CPU %     MEM USAGE / LIMIT   MEM %     NET I/O   BLOCK I/O   PIDS
2024-11-13 20:53:38.623160
CONTAINER ID   NAME      CPU %     MEM USAGE / LIMIT   MEM %     NET I/O   BLOCK I/O   PIDS
2024-11-13 20:53:39.254914
CONTAINER ID   NAME      CPU %     MEM USAGE / LIMIT   MEM %     NET I/O   BLOCK I/O   PIDS
2024-11-13 20:53:39.887052
CONTAINER ID   NAME      CPU %     MEM USAGE / LIMIT   MEM %     NET I/O   BLOCK I/O   PIDS
2024-11-13 20:53:40.519735
CONTAINER ID   NAME      CPU %     MEM USAGE / LIMIT   MEM %     NET I/O   BLOCK I/O   PIDS
2024-11-13 20:53:41.152487
CONTAINER ID   NAME      CPU %     MEM USAGE / LIMIT   MEM %     NET I/O   BLOCK I/O   PIDS
2024-11-13 20:53:41.785256
CONTAINER ID   NAME      CPU %     MEM USAGE / LIMIT   MEM %     NET I/O   BLOCK I/O   PIDS
2024-11-13 20:53:42.417345
CONTAINER ID   NAME      CPU %     MEM USAGE / LIMIT   MEM %     NET I/O   BLOCK I/O   PIDS
2024-11-13 20:53:43.049643
CONTAINER ID   NAME      CPU %     MEM USAGE / LIMIT   MEM %     NET I/O   BLOCK I/O   PIDS
2024-11-13 20:53:43.681952
CONTAINER ID   NAME      CPU %     MEM USAGE / LIMIT   MEM %     NET I/O   BLOCK I/O   PIDS
2024-11-13 20:53:44.312672
CONTAINER ID   NAME      CPU %     MEM USAGE / LIMIT   MEM %     NET I/O   BLOCK I/O   PIDS
2024-11-13 20:53:44.944679
CONTAINER ID   NAME      CPU %     MEM USAGE / LIMIT   MEM %     NET I/O   BLOCK I/O   PIDS
2024-11-13 20:53:45.577356
CONTAINER ID   NAME      CPU %     MEM USAGE / LIMIT   MEM %     NET I/O   BLOCK I/O   PIDS
2024-11-13 20:53:46.209990
CONTAINER ID   NAME      CPU %     MEM USAGE / LIMIT   MEM %     NET I/O   BLOCK I/O   PIDS
2024-11-13 20:53:46.846363
CONTAINER ID   NAME      CPU %     MEM USAGE / LIMIT   MEM %     NET I/O   BLOCK I/O   PIDS
2024-11-13 20:53:47.480201
CONTAINER ID   NAME      CPU %     MEM USAGE / LIMIT   MEM %     NET I/O   BLOCK I/O   PIDS
2024-11-13 20:53:48.112924
CONTAINER ID   NAME      CPU %     MEM USAGE / LIMIT   MEM %     NET I/O   BLOCK I/O   PIDS
2024-11-13 20:53:48.747275
CONTAINER ID   NAME      CPU %     MEM USAGE / LIMIT   MEM %     NET I/O   BLOCK I/O   PIDS
2024-11-13 20:53:49.379676
CONTAINER ID   NAME      CPU %     MEM USAGE / LIMIT   MEM %     NET I/O   BLOCK I/O   PIDS
2024-11-13 20:53:50.012974
CONTAINER ID   NAME      CPU %     MEM USAGE / LIMIT   MEM %     NET I/O   BLOCK I/O   PIDS
2024-11-13 20:53:50.644242
CONTAINER ID   NAME      CPU %     MEM USAGE / LIMIT   MEM %     NET I/O   BLOCK I/O   PIDS
2024-11-13 20:53:51.278567
CONTAINER ID   NAME      CPU %     MEM USAGE / LIMIT   MEM %     NET I/O   BLOCK I/O   PIDS
2024-11-13 20:53:51.910216
CONTAINER ID   NAME      CPU %     MEM USAGE / LIMIT   MEM %     NET I/O   BLOCK I/O   PIDS
2024-11-13 20:53:52.543869
CONTAINER ID   NAME                    CPU %     MEM USAGE / LIMIT   MEM %     NET I/O   BLOCK I/O    PIDS
9248d31b7dee   pbbs_nearestNeighbors   99.93%    183.2MiB / 96GiB    0.19%     0B / 0B   373kB / 0B   5
2024-11-13 20:53:54.190058
CONTAINER ID   NAME                    CPU %     MEM USAGE / LIMIT   MEM %     NET I/O   BLOCK I/O    PIDS
9248d31b7dee   pbbs_nearestNeighbors   100.04%   384.4MiB / 96GiB    0.39%     0B / 0B   373kB / 0B   5
2024-11-13 20:53:56.199090
CONTAINER ID   NAME                    CPU %     MEM USAGE / LIMIT   MEM %     NET I/O   BLOCK I/O    PIDS
9248d31b7dee   pbbs_nearestNeighbors   99.87%    599.8MiB / 96GiB    0.61%     0B / 0B   373kB / 0B   5
2024-11-13 20:53:58.208250
CONTAINER ID   NAME                    CPU %     MEM USAGE / LIMIT   MEM %     NET I/O   BLOCK I/O    PIDS
9248d31b7dee   pbbs_nearestNeighbors   99.63%    665.6MiB / 96GiB    0.68%     0B / 0B   373kB / 0B   5
2024-11-13 20:54:00.217606
CONTAINER ID   NAME                    CPU %     MEM USAGE / LIMIT   MEM %     NET I/O   BLOCK I/O    PIDS
9248d31b7dee   pbbs_nearestNeighbors   99.77%    721.9MiB / 96GiB    0.73%     0B / 0B   373kB / 0B   5
2024-11-13 20:54:02.225802
CONTAINER ID   NAME                    CPU %     MEM USAGE / LIMIT   MEM %     NET I/O   BLOCK I/O    PIDS
9248d31b7dee   pbbs_nearestNeighbors   99.71%    766.4MiB / 96GiB    0.78%     0B / 0B   504kB / 0B   5
2024-11-13 20:54:04.234398
CONTAINER ID   NAME                    CPU %     MEM USAGE / LIMIT   MEM %     NET I/O   BLOCK I/O    PIDS
9248d31b7dee   pbbs_nearestNeighbors   99.73%    811.1MiB / 96GiB    0.83%     0B / 0B   504kB / 0B   5
2024-11-13 20:54:06.242219
CONTAINER ID   NAME                    CPU %     MEM USAGE / LIMIT   MEM %     NET I/O   BLOCK I/O    PIDS
9248d31b7dee   pbbs_nearestNeighbors   99.61%    851.1MiB / 96GiB    0.87%     0B / 0B   504kB / 0B   5
2024-11-13 20:54:08.250317
CONTAINER ID   NAME                    CPU %     MEM USAGE / LIMIT   MEM %     NET I/O   BLOCK I/O    PIDS
9248d31b7dee   pbbs_nearestNeighbors   100.03%   888.7MiB / 96GiB    0.90%     0B / 0B   504kB / 0B   5
2024-11-13 20:54:10.260535
CONTAINER ID   NAME                    CPU %     MEM USAGE / LIMIT   MEM %     NET I/O   BLOCK I/O    PIDS
9248d31b7dee   pbbs_nearestNeighbors   99.72%    938.1MiB / 96GiB    0.95%     0B / 0B   504kB / 0B   5
2024-11-13 20:54:12.267385
CONTAINER ID   NAME                    CPU %     MEM USAGE / LIMIT   MEM %     NET I/O   BLOCK I/O    PIDS
9248d31b7dee   pbbs_nearestNeighbors   99.78%    993.8MiB / 96GiB    1.01%     0B / 0B   504kB / 0B   5
2024-11-13 20:54:14.276017
CONTAINER ID   NAME                    CPU %     MEM USAGE / LIMIT   MEM %     NET I/O   BLOCK I/O    PIDS
9248d31b7dee   pbbs_nearestNeighbors   99.82%    1.041GiB / 96GiB    1.08%     0B / 0B   578kB / 0B   5
2024-11-13 20:54:16.287857
CONTAINER ID   NAME                    CPU %     MEM USAGE / LIMIT   MEM %     NET I/O   BLOCK I/O    PIDS
9248d31b7dee   pbbs_nearestNeighbors   99.47%    1.04GiB / 96GiB     1.08%     0B / 0B   709kB / 0B   5
2024-11-13 20:54:18.294160
CONTAINER ID   NAME                    CPU %     MEM USAGE / LIMIT   MEM %     NET I/O   BLOCK I/O    PIDS
9248d31b7dee   pbbs_nearestNeighbors   99.85%    1.041GiB / 96GiB    1.08%     0B / 0B   709kB / 0B   5
2024-11-13 20:54:20.302645
CONTAINER ID   NAME                    CPU %     MEM USAGE / LIMIT   MEM %     NET I/O   BLOCK I/O        PIDS
9248d31b7dee   pbbs_nearestNeighbors   93.96%    1.048GiB / 96GiB    1.09%     0B / 0B   709kB / 33.9MB   5
2024-11-13 20:54:22.311769
CONTAINER ID   NAME                    CPU %     MEM USAGE / LIMIT   MEM %     NET I/O   BLOCK I/O        PIDS
9248d31b7dee   pbbs_nearestNeighbors   99.56%    326MiB / 96GiB      0.33%     0B / 0B   713kB / 78.5MB   5
2024-11-13 20:54:24.321063
CONTAINER ID   NAME                    CPU %     MEM USAGE / LIMIT   MEM %     NET I/O   BLOCK I/O       PIDS
9248d31b7dee   pbbs_nearestNeighbors   99.70%    198.7MiB / 96GiB    0.20%     0B / 0B   758kB / 120MB   7
2024-11-13 20:54:26.326826
CONTAINER ID   NAME                    CPU %     MEM USAGE / LIMIT   MEM %     NET I/O   BLOCK I/O       PIDS
9248d31b7dee   pbbs_nearestNeighbors   99.65%    350.3MiB / 96GiB    0.36%     0B / 0B   758kB / 120MB   7
2024-11-13 20:54:28.335334
CONTAINER ID   NAME                    CPU %     MEM USAGE / LIMIT   MEM %     NET I/O   BLOCK I/O       PIDS
9248d31b7dee   pbbs_nearestNeighbors   99.97%    398.4MiB / 96GiB    0.41%     0B / 0B   758kB / 120MB   7
2024-11-13 20:54:30.344080
CONTAINER ID   NAME                    CPU %     MEM USAGE / LIMIT   MEM %     NET I/O   BLOCK I/O       PIDS
9248d31b7dee   pbbs_nearestNeighbors   99.93%    422.6MiB / 96GiB    0.43%     0B / 0B   758kB / 120MB   7
2024-11-13 20:54:32.350308
CONTAINER ID   NAME                    CPU %      MEM USAGE / LIMIT   MEM %     NET I/O   BLOCK I/O        PIDS
9248d31b7dee   pbbs_nearestNeighbors   1068.35%   2.609GiB / 96GiB    2.72%     0B / 0B   47.3MB / 141MB   52
2024-11-13 20:54:34.360530
CONTAINER ID   NAME                    CPU %     MEM USAGE / LIMIT   MEM %     NET I/O   BLOCK I/O       PIDS
9248d31b7dee   pbbs_nearestNeighbors   505.73%   2.608GiB / 96GiB    2.72%     0B / 0B   186MB / 141MB   52
2024-11-13 20:54:36.368694
CONTAINER ID   NAME                    CPU %      MEM USAGE / LIMIT   MEM %     NET I/O   BLOCK I/O       PIDS
9248d31b7dee   pbbs_nearestNeighbors   4793.10%   15.47GiB / 96GiB    16.12%    0B / 0B   186MB / 141MB   52
2024-11-13 20:54:38.375438
CONTAINER ID   NAME                    CPU %      MEM USAGE / LIMIT   MEM %     NET I/O   BLOCK I/O       PIDS
9248d31b7dee   pbbs_nearestNeighbors   4802.38%   36.39GiB / 96GiB    37.91%    0B / 0B   186MB / 141MB   52
2024-11-13 20:54:40.382511
CONTAINER ID   NAME                    CPU %      MEM USAGE / LIMIT   MEM %     NET I/O   BLOCK I/O       PIDS
9248d31b7dee   pbbs_nearestNeighbors   4368.36%   51.44GiB / 96GiB    53.58%    0B / 0B   186MB / 141MB   52
2024-11-13 20:54:42.390748
CONTAINER ID   NAME                    CPU %      MEM USAGE / LIMIT   MEM %     NET I/O   BLOCK I/O       PIDS
9248d31b7dee   pbbs_nearestNeighbors   4791.27%   52.35GiB / 96GiB    54.53%    0B / 0B   186MB / 141MB   52
2024-11-13 20:54:44.396710
CONTAINER ID   NAME                    CPU %      MEM USAGE / LIMIT   MEM %     NET I/O   BLOCK I/O       PIDS
9248d31b7dee   pbbs_nearestNeighbors   4809.28%   52.35GiB / 96GiB    54.53%    0B / 0B   186MB / 141MB   52
2024-11-13 20:54:46.404711
CONTAINER ID   NAME                    CPU %      MEM USAGE / LIMIT   MEM %     NET I/O   BLOCK I/O       PIDS
9248d31b7dee   pbbs_nearestNeighbors   4795.34%   52.36GiB / 96GiB    54.54%    0B / 0B   186MB / 141MB   52
2024-11-13 20:54:48.410503
CONTAINER ID   NAME                    CPU %      MEM USAGE / LIMIT   MEM %     NET I/O   BLOCK I/O       PIDS
9248d31b7dee   pbbs_nearestNeighbors   4793.47%   52.36GiB / 96GiB    54.54%    0B / 0B   186MB / 141MB   52
2024-11-13 20:54:50.416814
CONTAINER ID   NAME                    CPU %      MEM USAGE / LIMIT   MEM %     NET I/O   BLOCK I/O       PIDS
9248d31b7dee   pbbs_nearestNeighbors   4789.18%   52.36GiB / 96GiB    54.54%    0B / 0B   186MB / 141MB   52
2024-11-13 20:54:52.422297
CONTAINER ID   NAME                    CPU %      MEM USAGE / LIMIT   MEM %     NET I/O   BLOCK I/O       PIDS
9248d31b7dee   pbbs_nearestNeighbors   4805.15%   52.37GiB / 96GiB    54.55%    0B / 0B   186MB / 141MB   52
2024-11-13 20:54:54.428104
CONTAINER ID   NAME                    CPU %      MEM USAGE / LIMIT   MEM %     NET I/O   BLOCK I/O       PIDS
9248d31b7dee   pbbs_nearestNeighbors   4795.65%   52.36GiB / 96GiB    54.55%    0B / 0B   186MB / 141MB   52
2024-11-13 20:54:56.435287
CONTAINER ID   NAME                    CPU %      MEM USAGE / LIMIT   MEM %     NET I/O   BLOCK I/O       PIDS
9248d31b7dee   pbbs_nearestNeighbors   4797.90%   52.37GiB / 96GiB    54.55%    0B / 0B   186MB / 141MB   52
2024-11-13 20:54:58.442156
CONTAINER ID   NAME                    CPU %      MEM USAGE / LIMIT   MEM %     NET I/O   BLOCK I/O       PIDS
9248d31b7dee   pbbs_nearestNeighbors   4811.54%   52.37GiB / 96GiB    54.55%    0B / 0B   186MB / 141MB   52
2024-11-13 20:55:00.450329
CONTAINER ID   NAME                    CPU %      MEM USAGE / LIMIT   MEM %     NET I/O   BLOCK I/O       PIDS
9248d31b7dee   pbbs_nearestNeighbors   4781.85%   52.37GiB / 96GiB    54.55%    0B / 0B   186MB / 141MB   52
2024-11-13 20:55:02.454197
CONTAINER ID   NAME                    CPU %      MEM USAGE / LIMIT   MEM %     NET I/O   BLOCK I/O       PIDS
9248d31b7dee   pbbs_nearestNeighbors   4806.82%   52.37GiB / 96GiB    54.55%    0B / 0B   186MB / 141MB   52
2024-11-13 20:55:04.459671
CONTAINER ID   NAME                    CPU %      MEM USAGE / LIMIT   MEM %     NET I/O   BLOCK I/O       PIDS
9248d31b7dee   pbbs_nearestNeighbors   4798.42%   52.37GiB / 96GiB    54.56%    0B / 0B   186MB / 141MB   52
2024-11-13 20:55:06.466907
CONTAINER ID   NAME                    CPU %      MEM USAGE / LIMIT   MEM %     NET I/O   BLOCK I/O       PIDS
9248d31b7dee   pbbs_nearestNeighbors   4782.12%   52.37GiB / 96GiB    54.56%    0B / 0B   186MB / 141MB   52
2024-11-13 20:55:08.474771
CONTAINER ID   NAME                    CPU %      MEM USAGE / LIMIT   MEM %     NET I/O   BLOCK I/O       PIDS
9248d31b7dee   pbbs_nearestNeighbors   4805.88%   52.38GiB / 96GiB    54.56%    0B / 0B   186MB / 141MB   52
2024-11-13 20:55:10.479819
CONTAINER ID   NAME                    CPU %      MEM USAGE / LIMIT   MEM %     NET I/O   BLOCK I/O       PIDS
9248d31b7dee   pbbs_nearestNeighbors   4797.04%   52.37GiB / 96GiB    54.56%    0B / 0B   186MB / 141MB   52
2024-11-13 20:55:12.486053
CONTAINER ID   NAME                    CPU %      MEM USAGE / LIMIT   MEM %     NET I/O   BLOCK I/O       PIDS
9248d31b7dee   pbbs_nearestNeighbors   4797.50%   52.37GiB / 96GiB    54.55%    0B / 0B   186MB / 141MB   52
2024-11-13 20:55:14.494208
CONTAINER ID   NAME                    CPU %      MEM USAGE / LIMIT   MEM %     NET I/O   BLOCK I/O       PIDS
9248d31b7dee   pbbs_nearestNeighbors   4794.22%   52.38GiB / 96GiB    54.56%    0B / 0B   186MB / 141MB   52
2024-11-13 20:55:16.501474
CONTAINER ID   NAME                    CPU %      MEM USAGE / LIMIT   MEM %     NET I/O   BLOCK I/O       PIDS
9248d31b7dee   pbbs_nearestNeighbors   4799.04%   52.38GiB / 96GiB    54.56%    0B / 0B   186MB / 141MB   52
2024-11-13 20:55:18.507338
CONTAINER ID   NAME                    CPU %      MEM USAGE / LIMIT   MEM %     NET I/O   BLOCK I/O       PIDS
9248d31b7dee   pbbs_nearestNeighbors   4773.81%   52.37GiB / 96GiB    54.56%    0B / 0B   186MB / 141MB   52
2024-11-13 20:55:20.512847
CONTAINER ID   NAME                    CPU %      MEM USAGE / LIMIT   MEM %     NET I/O   BLOCK I/O       PIDS
9248d31b7dee   pbbs_nearestNeighbors   4804.22%   52.38GiB / 96GiB    54.56%    0B / 0B   186MB / 141MB   52
2024-11-13 20:55:22.519759
CONTAINER ID   NAME                    CPU %      MEM USAGE / LIMIT   MEM %     NET I/O   BLOCK I/O       PIDS
9248d31b7dee   pbbs_nearestNeighbors   4802.27%   52.38GiB / 96GiB    54.56%    0B / 0B   186MB / 141MB   52
2024-11-13 20:55:24.525532
CONTAINER ID   NAME                    CPU %      MEM USAGE / LIMIT   MEM %     NET I/O   BLOCK I/O       PIDS
9248d31b7dee   pbbs_nearestNeighbors   4803.31%   52.38GiB / 96GiB    54.56%    0B / 0B   186MB / 141MB   52
2024-11-13 20:55:26.531605
CONTAINER ID   NAME                    CPU %      MEM USAGE / LIMIT   MEM %     NET I/O   BLOCK I/O       PIDS
9248d31b7dee   pbbs_nearestNeighbors   4802.59%   52.38GiB / 96GiB    54.56%    0B / 0B   186MB / 141MB   52
2024-11-13 20:55:28.538251
CONTAINER ID   NAME                    CPU %      MEM USAGE / LIMIT   MEM %     NET I/O   BLOCK I/O       PIDS
9248d31b7dee   pbbs_nearestNeighbors   4803.83%   52.38GiB / 96GiB    54.56%    0B / 0B   186MB / 141MB   52
2024-11-13 20:55:30.544463
CONTAINER ID   NAME                    CPU %      MEM USAGE / LIMIT   MEM %     NET I/O   BLOCK I/O       PIDS
9248d31b7dee   pbbs_nearestNeighbors   4810.37%   52.38GiB / 96GiB    54.56%    0B / 0B   186MB / 141MB   52
2024-11-13 20:55:32.552089
CONTAINER ID   NAME                    CPU %      MEM USAGE / LIMIT   MEM %     NET I/O   BLOCK I/O       PIDS
9248d31b7dee   pbbs_nearestNeighbors   4791.56%   52.38GiB / 96GiB    54.56%    0B / 0B   186MB / 141MB   52
2024-11-13 20:55:34.557077
CONTAINER ID   NAME                    CPU %      MEM USAGE / LIMIT   MEM %     NET I/O   BLOCK I/O       PIDS
9248d31b7dee   pbbs_nearestNeighbors   4800.07%   52.38GiB / 96GiB    54.56%    0B / 0B   186MB / 141MB   52
2024-11-13 20:55:36.565181
CONTAINER ID   NAME                    CPU %      MEM USAGE / LIMIT   MEM %     NET I/O   BLOCK I/O       PIDS
9248d31b7dee   pbbs_nearestNeighbors   4808.77%   52.38GiB / 96GiB    54.56%    0B / 0B   186MB / 141MB   52
2024-11-13 20:55:38.571113
CONTAINER ID   NAME                    CPU %      MEM USAGE / LIMIT   MEM %     NET I/O   BLOCK I/O       PIDS
9248d31b7dee   pbbs_nearestNeighbors   4777.08%   52.38GiB / 96GiB    54.56%    0B / 0B   186MB / 141MB   52
2024-11-13 20:55:40.578105
CONTAINER ID   NAME                    CPU %      MEM USAGE / LIMIT   MEM %     NET I/O   BLOCK I/O       PIDS
9248d31b7dee   pbbs_nearestNeighbors   4805.73%   52.38GiB / 96GiB    54.56%    0B / 0B   186MB / 141MB   52
2024-11-13 20:55:42.584732
CONTAINER ID   NAME                    CPU %      MEM USAGE / LIMIT   MEM %     NET I/O   BLOCK I/O       PIDS
9248d31b7dee   pbbs_nearestNeighbors   4799.89%   52.38GiB / 96GiB    54.56%    0B / 0B   186MB / 141MB   52
2024-11-13 20:55:44.591465
CONTAINER ID   NAME                    CPU %      MEM USAGE / LIMIT   MEM %     NET I/O   BLOCK I/O       PIDS
9248d31b7dee   pbbs_nearestNeighbors   4798.94%   52.38GiB / 96GiB    54.56%    0B / 0B   186MB / 141MB   52
2024-11-13 20:55:46.598945
CONTAINER ID   NAME                    CPU %      MEM USAGE / LIMIT   MEM %     NET I/O   BLOCK I/O       PIDS
9248d31b7dee   pbbs_nearestNeighbors   4787.27%   52.38GiB / 96GiB    54.56%    0B / 0B   186MB / 141MB   52
2024-11-13 20:55:48.604812
CONTAINER ID   NAME                    CPU %      MEM USAGE / LIMIT   MEM %     NET I/O   BLOCK I/O       PIDS
9248d31b7dee   pbbs_nearestNeighbors   4806.85%   52.38GiB / 96GiB    54.56%    0B / 0B   186MB / 141MB   52
2024-11-13 20:55:50.611898
CONTAINER ID   NAME                    CPU %      MEM USAGE / LIMIT   MEM %     NET I/O   BLOCK I/O       PIDS
9248d31b7dee   pbbs_nearestNeighbors   4799.75%   52.38GiB / 96GiB    54.56%    0B / 0B   186MB / 141MB   52
2024-11-13 20:55:52.618012
CONTAINER ID   NAME                    CPU %      MEM USAGE / LIMIT   MEM %     NET I/O   BLOCK I/O       PIDS
9248d31b7dee   pbbs_nearestNeighbors   4785.22%   52.38GiB / 96GiB    54.56%    0B / 0B   186MB / 141MB   52
2024-11-13 20:55:54.625772
CONTAINER ID   NAME                    CPU %      MEM USAGE / LIMIT   MEM %     NET I/O   BLOCK I/O       PIDS
9248d31b7dee   pbbs_nearestNeighbors   4794.69%   52.38GiB / 96GiB    54.56%    0B / 0B   186MB / 141MB   52
2024-11-13 20:55:56.634564
CONTAINER ID   NAME                    CPU %      MEM USAGE / LIMIT   MEM %     NET I/O   BLOCK I/O       PIDS
9248d31b7dee   pbbs_nearestNeighbors   4799.60%   52.38GiB / 96GiB    54.56%    0B / 0B   186MB / 141MB   52
2024-11-13 20:55:58.640170
CONTAINER ID   NAME                    CPU %      MEM USAGE / LIMIT   MEM %     NET I/O   BLOCK I/O       PIDS
9248d31b7dee   pbbs_nearestNeighbors   4791.40%   52.38GiB / 96GiB    54.56%    0B / 0B   186MB / 141MB   52
2024-11-13 20:56:00.647551
CONTAINER ID   NAME                    CPU %      MEM USAGE / LIMIT   MEM %     NET I/O   BLOCK I/O       PIDS
9248d31b7dee   pbbs_nearestNeighbors   4780.07%   52.38GiB / 96GiB    54.56%    0B / 0B   186MB / 141MB   52
2024-11-13 20:56:02.654000
CONTAINER ID   NAME                    CPU %      MEM USAGE / LIMIT   MEM %     NET I/O   BLOCK I/O       PIDS
9248d31b7dee   pbbs_nearestNeighbors   4790.72%   52.38GiB / 96GiB    54.56%    0B / 0B   186MB / 141MB   52
2024-11-13 20:56:04.661843
CONTAINER ID   NAME                    CPU %      MEM USAGE / LIMIT   MEM %     NET I/O   BLOCK I/O       PIDS
9248d31b7dee   pbbs_nearestNeighbors   4800.65%   52.38GiB / 96GiB    54.56%    0B / 0B   186MB / 141MB   52
2024-11-13 20:56:06.666806
CONTAINER ID   NAME                    CPU %      MEM USAGE / LIMIT   MEM %     NET I/O   BLOCK I/O       PIDS
9248d31b7dee   pbbs_nearestNeighbors   4781.69%   52.38GiB / 96GiB    54.56%    0B / 0B   186MB / 141MB   52
2024-11-13 20:56:08.672691
CONTAINER ID   NAME                    CPU %      MEM USAGE / LIMIT   MEM %     NET I/O   BLOCK I/O       PIDS
9248d31b7dee   pbbs_nearestNeighbors   4794.87%   52.38GiB / 96GiB    54.56%    0B / 0B   186MB / 141MB   52
2024-11-13 20:56:10.679102
CONTAINER ID   NAME                    CPU %      MEM USAGE / LIMIT   MEM %     NET I/O   BLOCK I/O       PIDS
9248d31b7dee   pbbs_nearestNeighbors   4779.65%   52.38GiB / 96GiB    54.56%    0B / 0B   186MB / 141MB   52
2024-11-13 20:56:12.685188
CONTAINER ID   NAME                    CPU %      MEM USAGE / LIMIT   MEM %     NET I/O   BLOCK I/O       PIDS
9248d31b7dee   pbbs_nearestNeighbors   4801.35%   52.38GiB / 96GiB    54.56%    0B / 0B   186MB / 141MB   52
2024-11-13 20:56:14.690283
CONTAINER ID   NAME                    CPU %      MEM USAGE / LIMIT   MEM %     NET I/O   BLOCK I/O       PIDS
9248d31b7dee   pbbs_nearestNeighbors   4793.59%   52.38GiB / 96GiB    54.56%    0B / 0B   186MB / 141MB   52
2024-11-13 20:56:16.696377
CONTAINER ID   NAME                    CPU %      MEM USAGE / LIMIT   MEM %     NET I/O   BLOCK I/O       PIDS
9248d31b7dee   pbbs_nearestNeighbors   4797.95%   52.38GiB / 96GiB    54.56%    0B / 0B   186MB / 141MB   52
2024-11-13 20:56:18.703119
CONTAINER ID   NAME                    CPU %      MEM USAGE / LIMIT   MEM %     NET I/O   BLOCK I/O       PIDS
9248d31b7dee   pbbs_nearestNeighbors   4781.36%   52.38GiB / 96GiB    54.56%    0B / 0B   186MB / 141MB   52
2024-11-13 20:56:20.708894
CONTAINER ID   NAME                    CPU %      MEM USAGE / LIMIT   MEM %     NET I/O   BLOCK I/O       PIDS
9248d31b7dee   pbbs_nearestNeighbors   4802.32%   52.38GiB / 96GiB    54.56%    0B / 0B   186MB / 141MB   52
2024-11-13 20:56:22.715140
CONTAINER ID   NAME                    CPU %      MEM USAGE / LIMIT   MEM %     NET I/O   BLOCK I/O       PIDS
9248d31b7dee   pbbs_nearestNeighbors   4795.59%   52.38GiB / 96GiB    54.56%    0B / 0B   186MB / 141MB   52
2024-11-13 20:56:24.721365
CONTAINER ID   NAME                    CPU %      MEM USAGE / LIMIT   MEM %     NET I/O   BLOCK I/O       PIDS
9248d31b7dee   pbbs_nearestNeighbors   4794.56%   52.38GiB / 96GiB    54.56%    0B / 0B   186MB / 141MB   52
2024-11-13 20:56:26.730271
CONTAINER ID   NAME                    CPU %     MEM USAGE / LIMIT   MEM %     NET I/O   BLOCK I/O       PIDS
9248d31b7dee   pbbs_nearestNeighbors   99.72%    35.72GiB / 96GiB    37.21%    0B / 0B   186MB / 141MB   52
2024-11-13 20:56:28.738357
CONTAINER ID   NAME      CPU %     MEM USAGE / LIMIT   MEM %     NET I/O   BLOCK I/O   PIDS
