2025-02-17 06:19:32.757544
CONTAINER ID   NAME      CPU %     MEM USAGE / LIMIT   MEM %     NET I/O   BLOCK I/O   PIDS
2025-02-17 06:19:33.377888
CONTAINER ID   NAME      CPU %     MEM USAGE / LIMIT   MEM %     NET I/O   BLOCK I/O   PIDS
2025-02-17 06:19:33.997680
CONTAINER ID   NAME      CPU %     MEM USAGE / LIMIT   MEM %     NET I/O   BLOCK I/O   PIDS
2025-02-17 06:19:34.616812
CONTAINER ID   NAME      CPU %     MEM USAGE / LIMIT   MEM %     NET I/O   BLOCK I/O   PIDS
2025-02-17 06:19:35.234526
CONTAINER ID   NAME      CPU %     MEM USAGE / LIMIT   MEM %     NET I/O   BLOCK I/O   PIDS
2025-02-17 06:19:35.852265
CONTAINER ID   NAME      CPU %     MEM USAGE / LIMIT   MEM %     NET I/O   BLOCK I/O   PIDS
2025-02-17 06:19:36.471223
CONTAINER ID   NAME      CPU %     MEM USAGE / LIMIT   MEM %     NET I/O   BLOCK I/O   PIDS
2025-02-17 06:19:37.087704
CONTAINER ID   NAME      CPU %     MEM USAGE / LIMIT   MEM %     NET I/O   BLOCK I/O   PIDS
2025-02-17 06:19:37.704448
CONTAINER ID   NAME      CPU %     MEM USAGE / LIMIT   MEM %     NET I/O   BLOCK I/O   PIDS
2025-02-17 06:19:38.320867
CONTAINER ID   NAME      CPU %     MEM USAGE / LIMIT   MEM %     NET I/O   BLOCK I/O   PIDS
2025-02-17 06:19:38.939097
CONTAINER ID   NAME      CPU %     MEM USAGE / LIMIT   MEM %     NET I/O   BLOCK I/O   PIDS
2025-02-17 06:19:39.556022
CONTAINER ID   NAME      CPU %     MEM USAGE / LIMIT   MEM %     NET I/O   BLOCK I/O   PIDS
2025-02-17 06:19:40.173148
CONTAINER ID   NAME      CPU %     MEM USAGE / LIMIT   MEM %     NET I/O   BLOCK I/O   PIDS
2025-02-17 06:19:40.791245
CONTAINER ID   NAME      CPU %     MEM USAGE / LIMIT   MEM %     NET I/O   BLOCK I/O   PIDS
2025-02-17 06:19:41.408055
CONTAINER ID   NAME      CPU %     MEM USAGE / LIMIT   MEM %     NET I/O   BLOCK I/O   PIDS
2025-02-17 06:19:42.024427
CONTAINER ID   NAME      CPU %     MEM USAGE / LIMIT   MEM %     NET I/O   BLOCK I/O   PIDS
2025-02-17 06:19:42.642384
CONTAINER ID   NAME      CPU %     MEM USAGE / LIMIT   MEM %     NET I/O   BLOCK I/O   PIDS
2025-02-17 06:19:43.261572
CONTAINER ID   NAME      CPU %     MEM USAGE / LIMIT   MEM %     NET I/O   BLOCK I/O   PIDS
2025-02-17 06:19:43.879313
CONTAINER ID   NAME      CPU %     MEM USAGE / LIMIT   MEM %     NET I/O   BLOCK I/O   PIDS
2025-02-17 06:19:44.496163
CONTAINER ID   NAME      CPU %     MEM USAGE / LIMIT   MEM %     NET I/O   BLOCK I/O   PIDS
2025-02-17 06:19:45.112536
CONTAINER ID   NAME      CPU %     MEM USAGE / LIMIT   MEM %     NET I/O   BLOCK I/O   PIDS
2025-02-17 06:19:45.731022
CONTAINER ID   NAME      CPU %     MEM USAGE / LIMIT   MEM %     NET I/O   BLOCK I/O   PIDS
2025-02-17 06:19:46.347963
CONTAINER ID   NAME      CPU %     MEM USAGE / LIMIT   MEM %     NET I/O   BLOCK I/O   PIDS
2025-02-17 06:19:46.966714
CONTAINER ID   NAME      CPU %     MEM USAGE / LIMIT   MEM %     NET I/O   BLOCK I/O   PIDS
2025-02-17 06:19:47.584372
CONTAINER ID   NAME      CPU %     MEM USAGE / LIMIT   MEM %     NET I/O   BLOCK I/O   PIDS
2025-02-17 06:19:48.202710
CONTAINER ID   NAME      CPU %     MEM USAGE / LIMIT   MEM %     NET I/O   BLOCK I/O   PIDS
2025-02-17 06:19:48.820256
CONTAINER ID   NAME      CPU %     MEM USAGE / LIMIT   MEM %     NET I/O   BLOCK I/O   PIDS
2025-02-17 06:19:49.438619
CONTAINER ID   NAME      CPU %     MEM USAGE / LIMIT   MEM %     NET I/O   BLOCK I/O   PIDS
2025-02-17 06:19:50.058478
CONTAINER ID   NAME      CPU %     MEM USAGE / LIMIT   MEM %     NET I/O   BLOCK I/O   PIDS
2025-02-17 06:19:50.677839
CONTAINER ID   NAME      CPU %     MEM USAGE / LIMIT   MEM %     NET I/O   BLOCK I/O   PIDS
2025-02-17 06:19:51.294886
CONTAINER ID   NAME      CPU %     MEM USAGE / LIMIT   MEM %     NET I/O   BLOCK I/O   PIDS
2025-02-17 06:19:51.911853
CONTAINER ID   NAME      CPU %     MEM USAGE / LIMIT   MEM %     NET I/O   BLOCK I/O   PIDS
2025-02-17 06:19:52.529000
CONTAINER ID   NAME      CPU %     MEM USAGE / LIMIT   MEM %     NET I/O   BLOCK I/O   PIDS
               --        0.00%     0B / 0B             0.00%     0B / 0B   0B / 0B     0
               --        0.00%     0B / 0B             0.00%     0B / 0B   0B / 0B     0
2025-02-17 06:19:53.149064
CONTAINER ID   NAME                    CPU %      MEM USAGE / LIMIT   MEM %     NET I/O   BLOCK I/O    PIDS
344b3c03ed6f   pbbs_nearestNeighbors   43.65%     2.605GiB / 96GiB    2.71%     0B / 0B   878MB / 0B   52
30c9d0dd067a   x265                    3947.55%   2.303GiB / 96GiB    2.40%     0B / 0B   0B / 0B      117
2025-02-17 06:19:55.498635
CONTAINER ID   NAME                    CPU %      MEM USAGE / LIMIT   MEM %     NET I/O   BLOCK I/O     PIDS
344b3c03ed6f   pbbs_nearestNeighbors   46.14%     2.609GiB / 96GiB    2.72%     0B / 0B   1.94GB / 0B   52
30c9d0dd067a   x265                    4224.60%   2.886GiB / 96GiB    3.01%     0B / 0B   0B / 0B       117
2025-02-17 06:19:57.506160
CONTAINER ID   NAME                    CPU %      MEM USAGE / LIMIT   MEM %     NET I/O   BLOCK I/O     PIDS
344b3c03ed6f   pbbs_nearestNeighbors   28.52%     2.612GiB / 96GiB    2.72%     0B / 0B   2.68GB / 0B   52
30c9d0dd067a   x265                    4029.97%   2.885GiB / 96GiB    3.01%     0B / 0B   0B / 0B       117
2025-02-17 06:19:59.519574
CONTAINER ID   NAME                    CPU %      MEM USAGE / LIMIT   MEM %     NET I/O   BLOCK I/O     PIDS
344b3c03ed6f   pbbs_nearestNeighbors   4991.79%   7.461GiB / 96GiB    7.77%     0B / 0B   2.78GB / 0B   52
30c9d0dd067a   x265                    3814.63%   2.886GiB / 96GiB    3.01%     0B / 0B   0B / 0B       117
2025-02-17 06:20:01.529561
CONTAINER ID   NAME                    CPU %      MEM USAGE / LIMIT   MEM %     NET I/O   BLOCK I/O     PIDS
344b3c03ed6f   pbbs_nearestNeighbors   4972.03%   30.39GiB / 96GiB    31.66%    0B / 0B   2.78GB / 0B   52
30c9d0dd067a   x265                    3919.01%   2.887GiB / 96GiB    3.01%     0B / 0B   0B / 0B       117
2025-02-17 06:20:03.542929
CONTAINER ID   NAME                    CPU %      MEM USAGE / LIMIT   MEM %     NET I/O   BLOCK I/O     PIDS
344b3c03ed6f   pbbs_nearestNeighbors   4933.43%   48.91GiB / 96GiB    50.95%    0B / 0B   2.78GB / 0B   52
30c9d0dd067a   x265                    3787.44%   2.888GiB / 96GiB    3.01%     0B / 0B   0B / 0B       117
2025-02-17 06:20:05.552061
CONTAINER ID   NAME                    CPU %      MEM USAGE / LIMIT   MEM %     NET I/O   BLOCK I/O     PIDS
344b3c03ed6f   pbbs_nearestNeighbors   4963.32%   52.36GiB / 96GiB    54.54%    0B / 0B   2.78GB / 0B   52
30c9d0dd067a   x265                    3968.64%   2.888GiB / 96GiB    3.01%     0B / 0B   0B / 0B       117
2025-02-17 06:20:07.561724
CONTAINER ID   NAME                    CPU %      MEM USAGE / LIMIT   MEM %     NET I/O   BLOCK I/O     PIDS
344b3c03ed6f   pbbs_nearestNeighbors   5015.28%   52.36GiB / 96GiB    54.54%    0B / 0B   2.78GB / 0B   52
30c9d0dd067a   x265                    4004.88%   2.889GiB / 96GiB    3.01%     0B / 0B   0B / 0B       117
2025-02-17 06:20:09.576346
CONTAINER ID   NAME                    CPU %      MEM USAGE / LIMIT   MEM %     NET I/O   BLOCK I/O     PIDS
344b3c03ed6f   pbbs_nearestNeighbors   5035.26%   52.36GiB / 96GiB    54.54%    0B / 0B   2.78GB / 0B   52
30c9d0dd067a   x265                    3927.16%   2.906GiB / 96GiB    3.03%     0B / 0B   0B / 0B       117
2025-02-17 06:20:11.586864
CONTAINER ID   NAME                    CPU %      MEM USAGE / LIMIT   MEM %     NET I/O   BLOCK I/O     PIDS
344b3c03ed6f   pbbs_nearestNeighbors   5004.25%   52.36GiB / 96GiB    54.54%    0B / 0B   2.78GB / 0B   52
30c9d0dd067a   x265                    3730.59%   2.918GiB / 96GiB    3.04%     0B / 0B   0B / 0B       117
2025-02-17 06:20:13.594912
CONTAINER ID   NAME                    CPU %      MEM USAGE / LIMIT   MEM %     NET I/O   BLOCK I/O     PIDS
344b3c03ed6f   pbbs_nearestNeighbors   0.00%      52.36GiB / 96GiB    54.54%    0B / 0B   2.78GB / 0B   52
30c9d0dd067a   x265                    4633.75%   2.918GiB / 96GiB    3.04%     0B / 0B   0B / 0B       117
2025-02-17 06:20:15.603986
CONTAINER ID   NAME                    CPU %      MEM USAGE / LIMIT   MEM %     NET I/O   BLOCK I/O     PIDS
344b3c03ed6f   pbbs_nearestNeighbors   0.00%      52.36GiB / 96GiB    54.54%    0B / 0B   2.78GB / 0B   52
30c9d0dd067a   x265                    4764.03%   2.925GiB / 96GiB    3.05%     0B / 0B   0B / 0B       117
2025-02-17 06:20:17.615231
CONTAINER ID   NAME                    CPU %      MEM USAGE / LIMIT   MEM %     NET I/O   BLOCK I/O     PIDS
344b3c03ed6f   pbbs_nearestNeighbors   0.00%      52.36GiB / 96GiB    54.54%    0B / 0B   2.78GB / 0B   52
30c9d0dd067a   x265                    4389.55%   2.924GiB / 96GiB    3.05%     0B / 0B   0B / 0B       117
2025-02-17 06:20:19.620697
CONTAINER ID   NAME                    CPU %      MEM USAGE / LIMIT   MEM %     NET I/O   BLOCK I/O     PIDS
344b3c03ed6f   pbbs_nearestNeighbors   0.00%      52.36GiB / 96GiB    54.54%    0B / 0B   2.78GB / 0B   52
30c9d0dd067a   x265                    4660.69%   2.924GiB / 96GiB    3.05%     0B / 0B   0B / 0B       117
2025-02-17 06:20:21.630937
CONTAINER ID   NAME                    CPU %      MEM USAGE / LIMIT   MEM %     NET I/O   BLOCK I/O     PIDS
344b3c03ed6f   pbbs_nearestNeighbors   0.00%      52.36GiB / 96GiB    54.54%    0B / 0B   2.78GB / 0B   52
30c9d0dd067a   x265                    4637.10%   2.934GiB / 96GiB    3.06%     0B / 0B   0B / 0B       117
2025-02-17 06:20:23.636736
CONTAINER ID   NAME                    CPU %      MEM USAGE / LIMIT   MEM %     NET I/O   BLOCK I/O     PIDS
344b3c03ed6f   pbbs_nearestNeighbors   0.00%      52.36GiB / 96GiB    54.54%    0B / 0B   2.78GB / 0B   52
30c9d0dd067a   x265                    4527.05%   2.934GiB / 96GiB    3.06%     0B / 0B   0B / 0B       117
2025-02-17 06:20:25.647988
CONTAINER ID   NAME                    CPU %      MEM USAGE / LIMIT   MEM %     NET I/O   BLOCK I/O     PIDS
344b3c03ed6f   pbbs_nearestNeighbors   0.00%      52.35GiB / 96GiB    54.54%    0B / 0B   2.78GB / 0B   52
30c9d0dd067a   x265                    4751.22%   2.933GiB / 96GiB    3.06%     0B / 0B   0B / 0B       117
2025-02-17 06:20:27.658873
CONTAINER ID   NAME                    CPU %      MEM USAGE / LIMIT   MEM %     NET I/O   BLOCK I/O     PIDS
344b3c03ed6f   pbbs_nearestNeighbors   0.00%      52.35GiB / 96GiB    54.54%    0B / 0B   2.78GB / 0B   52
30c9d0dd067a   x265                    4696.41%   2.933GiB / 96GiB    3.06%     0B / 0B   0B / 0B       117
2025-02-17 06:20:29.667352
CONTAINER ID   NAME                    CPU %      MEM USAGE / LIMIT   MEM %     NET I/O   BLOCK I/O     PIDS
344b3c03ed6f   pbbs_nearestNeighbors   0.00%      52.35GiB / 96GiB    54.54%    0B / 0B   2.78GB / 0B   52
30c9d0dd067a   x265                    4520.09%   2.933GiB / 96GiB    3.06%     0B / 0B   0B / 0B       117
2025-02-17 06:20:31.678619
CONTAINER ID   NAME                    CPU %      MEM USAGE / LIMIT   MEM %     NET I/O   BLOCK I/O     PIDS
344b3c03ed6f   pbbs_nearestNeighbors   0.00%      52.35GiB / 96GiB    54.54%    0B / 0B   2.78GB / 0B   52
30c9d0dd067a   x265                    4408.28%   2.933GiB / 96GiB    3.06%     0B / 0B   0B / 0B       117
2025-02-17 06:20:33.687079
CONTAINER ID   NAME                    CPU %      MEM USAGE / LIMIT   MEM %     NET I/O   BLOCK I/O     PIDS
344b3c03ed6f   pbbs_nearestNeighbors   0.00%      52.35GiB / 96GiB    54.54%    0B / 0B   2.78GB / 0B   52
30c9d0dd067a   x265                    3999.33%   2.933GiB / 96GiB    3.06%     0B / 0B   0B / 0B       117
2025-02-17 06:20:35.696399
CONTAINER ID   NAME                    CPU %      MEM USAGE / LIMIT   MEM %     NET I/O   BLOCK I/O     PIDS
344b3c03ed6f   pbbs_nearestNeighbors   0.00%      52.35GiB / 96GiB    54.54%    0B / 0B   2.78GB / 0B   52
30c9d0dd067a   x265                    4282.39%   2.947GiB / 96GiB    3.07%     0B / 0B   0B / 0B       117
2025-02-17 06:20:37.708808
CONTAINER ID   NAME                    CPU %      MEM USAGE / LIMIT   MEM %     NET I/O   BLOCK I/O     PIDS
344b3c03ed6f   pbbs_nearestNeighbors   0.00%      52.35GiB / 96GiB    54.54%    0B / 0B   2.78GB / 0B   52
30c9d0dd067a   x265                    4430.12%   2.969GiB / 96GiB    3.09%     0B / 0B   0B / 0B       117
2025-02-17 06:20:39.714794
CONTAINER ID   NAME                    CPU %      MEM USAGE / LIMIT   MEM %     NET I/O   BLOCK I/O     PIDS
344b3c03ed6f   pbbs_nearestNeighbors   0.00%      52.35GiB / 96GiB    54.54%    0B / 0B   2.78GB / 0B   52
30c9d0dd067a   x265                    3828.78%   2.99GiB / 96GiB     3.11%     0B / 0B   0B / 0B       117
2025-02-17 06:20:41.725002
CONTAINER ID   NAME                    CPU %      MEM USAGE / LIMIT   MEM %     NET I/O   BLOCK I/O     PIDS
344b3c03ed6f   pbbs_nearestNeighbors   0.00%      52.35GiB / 96GiB    54.54%    0B / 0B   2.78GB / 0B   52
30c9d0dd067a   x265                    4690.16%   2.991GiB / 96GiB    3.12%     0B / 0B   0B / 0B       115
2025-02-17 06:20:43.735244
CONTAINER ID   NAME                    CPU %      MEM USAGE / LIMIT   MEM %     NET I/O   BLOCK I/O     PIDS
344b3c03ed6f   pbbs_nearestNeighbors   0.00%      52.35GiB / 96GiB    54.54%    0B / 0B   2.78GB / 0B   52
30c9d0dd067a   x265                    3886.66%   2.991GiB / 96GiB    3.12%     0B / 0B   0B / 0B       115
2025-02-17 06:20:45.746069
CONTAINER ID   NAME                    CPU %      MEM USAGE / LIMIT   MEM %     NET I/O   BLOCK I/O     PIDS
344b3c03ed6f   pbbs_nearestNeighbors   0.00%      52.35GiB / 96GiB    54.54%    0B / 0B   2.78GB / 0B   52
30c9d0dd067a   x265                    2517.09%   1.472GiB / 96GiB    1.53%     0B / 0B   0B / 291kB    117
2025-02-17 06:20:47.761808
CONTAINER ID   NAME                    CPU %      MEM USAGE / LIMIT   MEM %     NET I/O   BLOCK I/O     PIDS
344b3c03ed6f   pbbs_nearestNeighbors   0.00%      52.35GiB / 96GiB    54.54%    0B / 0B   2.78GB / 0B   52
30c9d0dd067a   x265                    4563.06%   2.872GiB / 96GiB    2.99%     0B / 0B   0B / 291kB    117
2025-02-17 06:20:49.772125
CONTAINER ID   NAME                    CPU %      MEM USAGE / LIMIT   MEM %     NET I/O   BLOCK I/O     PIDS
344b3c03ed6f   pbbs_nearestNeighbors   0.00%      52.35GiB / 96GiB    54.54%    0B / 0B   2.78GB / 0B   52
30c9d0dd067a   x265                    4597.53%   2.887GiB / 96GiB    3.01%     0B / 0B   0B / 291kB    117
2025-02-17 06:20:51.785454
CONTAINER ID   NAME                    CPU %      MEM USAGE / LIMIT   MEM %     NET I/O   BLOCK I/O     PIDS
344b3c03ed6f   pbbs_nearestNeighbors   0.00%      52.35GiB / 96GiB    54.54%    0B / 0B   2.78GB / 0B   52
30c9d0dd067a   x265                    4716.98%   2.888GiB / 96GiB    3.01%     0B / 0B   0B / 291kB    117
2025-02-17 06:20:53.790270
CONTAINER ID   NAME                    CPU %      MEM USAGE / LIMIT   MEM %     NET I/O   BLOCK I/O     PIDS
344b3c03ed6f   pbbs_nearestNeighbors   0.00%      52.35GiB / 96GiB    54.54%    0B / 0B   2.78GB / 0B   52
30c9d0dd067a   x265                    4869.47%   2.89GiB / 96GiB     3.01%     0B / 0B   0B / 291kB    117
2025-02-17 06:20:55.798759
CONTAINER ID   NAME                    CPU %      MEM USAGE / LIMIT   MEM %     NET I/O   BLOCK I/O     PIDS
344b3c03ed6f   pbbs_nearestNeighbors   0.00%      52.35GiB / 96GiB    54.54%    0B / 0B   2.78GB / 0B   52
30c9d0dd067a   x265                    4748.59%   2.889GiB / 96GiB    3.01%     0B / 0B   0B / 291kB    117
2025-02-17 06:20:57.808184
CONTAINER ID   NAME                    CPU %      MEM USAGE / LIMIT   MEM %     NET I/O   BLOCK I/O     PIDS
344b3c03ed6f   pbbs_nearestNeighbors   0.00%      52.35GiB / 96GiB    54.54%    0B / 0B   2.78GB / 0B   52
30c9d0dd067a   x265                    4450.65%   2.889GiB / 96GiB    3.01%     0B / 0B   0B / 291kB    117
2025-02-17 06:20:59.817744
CONTAINER ID   NAME                    CPU %      MEM USAGE / LIMIT   MEM %     NET I/O   BLOCK I/O     PIDS
344b3c03ed6f   pbbs_nearestNeighbors   0.00%      52.35GiB / 96GiB    54.54%    0B / 0B   2.78GB / 0B   52
30c9d0dd067a   x265                    4838.92%   2.889GiB / 96GiB    3.01%     0B / 0B   0B / 291kB    117
2025-02-17 06:21:01.825957
CONTAINER ID   NAME                    CPU %      MEM USAGE / LIMIT   MEM %     NET I/O   BLOCK I/O     PIDS
344b3c03ed6f   pbbs_nearestNeighbors   0.00%      52.35GiB / 96GiB    54.54%    0B / 0B   2.78GB / 0B   52
30c9d0dd067a   x265                    4714.84%   2.915GiB / 96GiB    3.04%     0B / 0B   0B / 291kB    117
2025-02-17 06:21:03.834501
CONTAINER ID   NAME                    CPU %      MEM USAGE / LIMIT   MEM %     NET I/O   BLOCK I/O     PIDS
344b3c03ed6f   pbbs_nearestNeighbors   0.00%      52.35GiB / 96GiB    54.54%    0B / 0B   2.78GB / 0B   52
30c9d0dd067a   x265                    4550.26%   2.914GiB / 96GiB    3.04%     0B / 0B   0B / 291kB    117
2025-02-17 06:21:05.842711
CONTAINER ID   NAME                    CPU %      MEM USAGE / LIMIT   MEM %     NET I/O   BLOCK I/O     PIDS
344b3c03ed6f   pbbs_nearestNeighbors   0.00%      52.35GiB / 96GiB    54.54%    0B / 0B   2.78GB / 0B   52
30c9d0dd067a   x265                    4774.87%   2.92GiB / 96GiB     3.04%     0B / 0B   0B / 291kB    117
2025-02-17 06:21:07.853567
CONTAINER ID   NAME                    CPU %      MEM USAGE / LIMIT   MEM %     NET I/O   BLOCK I/O     PIDS
344b3c03ed6f   pbbs_nearestNeighbors   0.00%      52.35GiB / 96GiB    54.54%    0B / 0B   2.78GB / 0B   52
30c9d0dd067a   x265                    4534.39%   2.918GiB / 96GiB    3.04%     0B / 0B   0B / 291kB    117
2025-02-17 06:21:09.864296
CONTAINER ID   NAME                    CPU %      MEM USAGE / LIMIT   MEM %     NET I/O   BLOCK I/O     PIDS
344b3c03ed6f   pbbs_nearestNeighbors   0.00%      52.35GiB / 96GiB    54.54%    0B / 0B   2.78GB / 0B   52
30c9d0dd067a   x265                    4485.45%   2.918GiB / 96GiB    3.04%     0B / 0B   0B / 291kB    117
2025-02-17 06:21:11.875426
CONTAINER ID   NAME                    CPU %      MEM USAGE / LIMIT   MEM %     NET I/O   BLOCK I/O     PIDS
344b3c03ed6f   pbbs_nearestNeighbors   0.00%      52.35GiB / 96GiB    54.54%    0B / 0B   2.78GB / 0B   52
30c9d0dd067a   x265                    4193.10%   2.923GiB / 96GiB    3.04%     0B / 0B   0B / 291kB    117
2025-02-17 06:21:13.885335
CONTAINER ID   NAME                    CPU %      MEM USAGE / LIMIT   MEM %     NET I/O   BLOCK I/O     PIDS
344b3c03ed6f   pbbs_nearestNeighbors   0.00%      52.35GiB / 96GiB    54.54%    0B / 0B   2.78GB / 0B   52
30c9d0dd067a   x265                    4618.34%   2.922GiB / 96GiB    3.04%     0B / 0B   0B / 291kB    117
2025-02-17 06:21:15.895363
CONTAINER ID   NAME                    CPU %      MEM USAGE / LIMIT   MEM %     NET I/O   BLOCK I/O     PIDS
344b3c03ed6f   pbbs_nearestNeighbors   0.00%      52.35GiB / 96GiB    54.54%    0B / 0B   2.78GB / 0B   52
30c9d0dd067a   x265                    4596.12%   2.923GiB / 96GiB    3.04%     0B / 0B   0B / 291kB    117
2025-02-17 06:21:17.905258
CONTAINER ID   NAME                    CPU %      MEM USAGE / LIMIT   MEM %     NET I/O   BLOCK I/O     PIDS
344b3c03ed6f   pbbs_nearestNeighbors   0.06%      52.35GiB / 96GiB    54.54%    0B / 0B   2.78GB / 0B   52
30c9d0dd067a   x265                    4740.60%   2.923GiB / 96GiB    3.04%     0B / 0B   0B / 291kB    117
2025-02-17 06:21:19.913394
CONTAINER ID   NAME                    CPU %      MEM USAGE / LIMIT   MEM %     NET I/O   BLOCK I/O     PIDS
344b3c03ed6f   pbbs_nearestNeighbors   0.05%      52.35GiB / 96GiB    54.54%    0B / 0B   2.78GB / 0B   52
30c9d0dd067a   x265                    4442.99%   2.923GiB / 96GiB    3.04%     0B / 0B   0B / 291kB    117
2025-02-17 06:21:21.923533
CONTAINER ID   NAME                    CPU %      MEM USAGE / LIMIT   MEM %     NET I/O   BLOCK I/O     PIDS
344b3c03ed6f   pbbs_nearestNeighbors   0.05%      52.35GiB / 96GiB    54.54%    0B / 0B   2.78GB / 0B   52
30c9d0dd067a   x265                    4798.71%   2.923GiB / 96GiB    3.04%     0B / 0B   0B / 291kB    117
2025-02-17 06:21:23.929029
CONTAINER ID   NAME                    CPU %      MEM USAGE / LIMIT   MEM %     NET I/O   BLOCK I/O     PIDS
344b3c03ed6f   pbbs_nearestNeighbors   0.08%      52.35GiB / 96GiB    54.54%    0B / 0B   2.78GB / 0B   52
30c9d0dd067a   x265                    4547.64%   2.934GiB / 96GiB    3.06%     0B / 0B   0B / 291kB    117
2025-02-17 06:21:25.936203
CONTAINER ID   NAME                    CPU %      MEM USAGE / LIMIT   MEM %     NET I/O   BLOCK I/O     PIDS
344b3c03ed6f   pbbs_nearestNeighbors   0.06%      52.35GiB / 96GiB    54.54%    0B / 0B   2.78GB / 0B   52
30c9d0dd067a   x265                    5028.26%   2.943GiB / 96GiB    3.07%     0B / 0B   0B / 291kB    117
2025-02-17 06:21:27.947520
CONTAINER ID   NAME                    CPU %      MEM USAGE / LIMIT   MEM %     NET I/O   BLOCK I/O     PIDS
344b3c03ed6f   pbbs_nearestNeighbors   0.08%      52.35GiB / 96GiB    54.54%    0B / 0B   2.78GB / 0B   52
30c9d0dd067a   x265                    4625.01%   2.981GiB / 96GiB    3.11%     0B / 0B   0B / 291kB    117
2025-02-17 06:21:29.955954
CONTAINER ID   NAME                    CPU %      MEM USAGE / LIMIT   MEM %     NET I/O   BLOCK I/O     PIDS
344b3c03ed6f   pbbs_nearestNeighbors   0.10%      52.35GiB / 96GiB    54.54%    0B / 0B   2.78GB / 0B   52
30c9d0dd067a   x265                    4665.58%   2.998GiB / 96GiB    3.12%     0B / 0B   0B / 291kB    117
2025-02-17 06:21:31.965404
CONTAINER ID   NAME                    CPU %      MEM USAGE / LIMIT   MEM %     NET I/O   BLOCK I/O     PIDS
344b3c03ed6f   pbbs_nearestNeighbors   0.07%      52.35GiB / 96GiB    54.54%    0B / 0B   2.78GB / 0B   52
30c9d0dd067a   x265                    4269.48%   2.998GiB / 96GiB    3.12%     0B / 0B   0B / 291kB    115
2025-02-17 06:21:33.973151
CONTAINER ID   NAME                    CPU %     MEM USAGE / LIMIT   MEM %     NET I/O   BLOCK I/O     PIDS
344b3c03ed6f   pbbs_nearestNeighbors   0.15%     52.35GiB / 96GiB    54.54%    0B / 0B   2.78GB / 0B   52
30c9d0dd067a   x265                    946.69%   3.508MiB / 96GiB    0.00%     0B / 0B   0B / 1.5MB    1
2025-02-17 06:21:35.984069
CONTAINER ID   NAME                    CPU %     MEM USAGE / LIMIT   MEM %     NET I/O   BLOCK I/O     PIDS
344b3c03ed6f   pbbs_nearestNeighbors   0.16%     52.35GiB / 96GiB    54.54%    0B / 0B   2.78GB / 0B   52
30c9d0dd067a   x265                    0.00%     3.223MiB / 96GiB    0.00%     0B / 0B   0B / 1.5MB    1
2025-02-17 06:21:37.994673
CONTAINER ID   NAME                    CPU %     MEM USAGE / LIMIT   MEM %     NET I/O   BLOCK I/O     PIDS
344b3c03ed6f   pbbs_nearestNeighbors   0.08%     52.35GiB / 96GiB    54.54%    0B / 0B   2.78GB / 0B   52
30c9d0dd067a   x265                    0.00%     3.152MiB / 96GiB    0.00%     0B / 0B   0B / 1.5MB    1
2025-02-17 06:21:40.004125
CONTAINER ID   NAME                    CPU %     MEM USAGE / LIMIT   MEM %     NET I/O   BLOCK I/O     PIDS
344b3c03ed6f   pbbs_nearestNeighbors   0.07%     52.35GiB / 96GiB    54.54%    0B / 0B   2.78GB / 0B   52
30c9d0dd067a   x265                    0.00%     3.035MiB / 96GiB    0.00%     0B / 0B   0B / 1.5MB    1
2025-02-17 06:21:42.014734
CONTAINER ID   NAME                    CPU %     MEM USAGE / LIMIT   MEM %     NET I/O   BLOCK I/O     PIDS
344b3c03ed6f   pbbs_nearestNeighbors   0.07%     52.35GiB / 96GiB    54.54%    0B / 0B   2.78GB / 0B   52
30c9d0dd067a   x265                    0.00%     3.035MiB / 96GiB    0.00%     0B / 0B   0B / 1.5MB    1
2025-02-17 06:21:44.025922
CONTAINER ID   NAME                    CPU %     MEM USAGE / LIMIT   MEM %     NET I/O   BLOCK I/O     PIDS
344b3c03ed6f   pbbs_nearestNeighbors   0.06%     52.35GiB / 96GiB    54.54%    0B / 0B   2.78GB / 0B   52
30c9d0dd067a   x265                    0.00%     2.957MiB / 96GiB    0.00%     0B / 0B   0B / 1.5MB    1
2025-02-17 06:21:46.032538
CONTAINER ID   NAME                    CPU %     MEM USAGE / LIMIT   MEM %     NET I/O   BLOCK I/O     PIDS
344b3c03ed6f   pbbs_nearestNeighbors   0.06%     52.35GiB / 96GiB    54.54%    0B / 0B   2.78GB / 0B   52
30c9d0dd067a   x265                    0.00%     2.922MiB / 96GiB    0.00%     0B / 0B   0B / 1.5MB    1
2025-02-17 06:21:48.041438
CONTAINER ID   NAME                    CPU %     MEM USAGE / LIMIT   MEM %     NET I/O   BLOCK I/O     PIDS
344b3c03ed6f   pbbs_nearestNeighbors   0.06%     52.35GiB / 96GiB    54.54%    0B / 0B   2.78GB / 0B   52
30c9d0dd067a   x265                    0.00%     2.922MiB / 96GiB    0.00%     0B / 0B   0B / 1.5MB    1
2025-02-17 06:21:50.051043
CONTAINER ID   NAME                    CPU %     MEM USAGE / LIMIT   MEM %     NET I/O   BLOCK I/O     PIDS
344b3c03ed6f   pbbs_nearestNeighbors   0.06%     52.35GiB / 96GiB    54.54%    0B / 0B   2.78GB / 0B   52
30c9d0dd067a   x265                    0.00%     2.922MiB / 96GiB    0.00%     0B / 0B   0B / 1.5MB    1
2025-02-17 06:21:52.060360
CONTAINER ID   NAME                    CPU %     MEM USAGE / LIMIT   MEM %     NET I/O   BLOCK I/O     PIDS
344b3c03ed6f   pbbs_nearestNeighbors   0.06%     52.35GiB / 96GiB    54.54%    0B / 0B   2.78GB / 0B   52
30c9d0dd067a   x265                    0.00%     2.879MiB / 96GiB    0.00%     0B / 0B   0B / 1.5MB    1
2025-02-17 06:21:54.069631
CONTAINER ID   NAME                    CPU %     MEM USAGE / LIMIT   MEM %     NET I/O   BLOCK I/O     PIDS
344b3c03ed6f   pbbs_nearestNeighbors   0.06%     52.35GiB / 96GiB    54.54%    0B / 0B   2.78GB / 0B   52
30c9d0dd067a   x265                    0.00%     2.879MiB / 96GiB    0.00%     0B / 0B   0B / 1.5MB    1
2025-02-17 06:21:56.078673
CONTAINER ID   NAME                    CPU %     MEM USAGE / LIMIT   MEM %     NET I/O   BLOCK I/O     PIDS
344b3c03ed6f   pbbs_nearestNeighbors   0.06%     52.35GiB / 96GiB    54.54%    0B / 0B   2.78GB / 0B   52
30c9d0dd067a   x265                    0.00%     2.879MiB / 96GiB    0.00%     0B / 0B   0B / 1.5MB    1
2025-02-17 06:21:58.088272
CONTAINER ID   NAME                    CPU %     MEM USAGE / LIMIT   MEM %     NET I/O   BLOCK I/O     PIDS
344b3c03ed6f   pbbs_nearestNeighbors   0.06%     52.35GiB / 96GiB    54.54%    0B / 0B   2.78GB / 0B   52
30c9d0dd067a   x265                    0.00%     2.879MiB / 96GiB    0.00%     0B / 0B   0B / 1.5MB    1
2025-02-17 06:22:00.098206
CONTAINER ID   NAME                    CPU %     MEM USAGE / LIMIT   MEM %     NET I/O   BLOCK I/O     PIDS
344b3c03ed6f   pbbs_nearestNeighbors   0.06%     52.35GiB / 96GiB    54.54%    0B / 0B   2.78GB / 0B   52
30c9d0dd067a   x265                    0.00%     2.879MiB / 96GiB    0.00%     0B / 0B   0B / 1.5MB    1
2025-02-17 06:22:02.106032
CONTAINER ID   NAME                    CPU %     MEM USAGE / LIMIT   MEM %     NET I/O   BLOCK I/O     PIDS
344b3c03ed6f   pbbs_nearestNeighbors   0.06%     52.35GiB / 96GiB    54.54%    0B / 0B   2.78GB / 0B   52
30c9d0dd067a   x265                    0.00%     2.855MiB / 96GiB    0.00%     0B / 0B   0B / 1.5MB    1
2025-02-17 06:22:04.115805
CONTAINER ID   NAME                    CPU %     MEM USAGE / LIMIT   MEM %     NET I/O   BLOCK I/O     PIDS
344b3c03ed6f   pbbs_nearestNeighbors   0.06%     52.35GiB / 96GiB    54.54%    0B / 0B   2.78GB / 0B   52
30c9d0dd067a   x265                    0.00%     2.855MiB / 96GiB    0.00%     0B / 0B   0B / 1.5MB    1
2025-02-17 06:22:06.124476
CONTAINER ID   NAME                    CPU %     MEM USAGE / LIMIT   MEM %     NET I/O   BLOCK I/O     PIDS
344b3c03ed6f   pbbs_nearestNeighbors   0.06%     52.35GiB / 96GiB    54.54%    0B / 0B   2.78GB / 0B   52
30c9d0dd067a   x265                    0.00%     2.855MiB / 96GiB    0.00%     0B / 0B   0B / 1.5MB    1
2025-02-17 06:22:08.136738
CONTAINER ID   NAME                    CPU %     MEM USAGE / LIMIT   MEM %     NET I/O   BLOCK I/O     PIDS
344b3c03ed6f   pbbs_nearestNeighbors   0.05%     52.35GiB / 96GiB    54.54%    0B / 0B   2.78GB / 0B   52
30c9d0dd067a   x265                    0.00%     2.855MiB / 96GiB    0.00%     0B / 0B   0B / 1.5MB    1
2025-02-17 06:22:10.145696
CONTAINER ID   NAME                    CPU %     MEM USAGE / LIMIT   MEM %     NET I/O   BLOCK I/O     PIDS
344b3c03ed6f   pbbs_nearestNeighbors   0.05%     52.35GiB / 96GiB    54.54%    0B / 0B   2.78GB / 0B   52
30c9d0dd067a   x265                    0.00%     2.855MiB / 96GiB    0.00%     0B / 0B   0B / 1.5MB    1
2025-02-17 06:22:12.157974
CONTAINER ID   NAME                    CPU %     MEM USAGE / LIMIT   MEM %     NET I/O   BLOCK I/O     PIDS
344b3c03ed6f   pbbs_nearestNeighbors   0.05%     52.35GiB / 96GiB    54.54%    0B / 0B   2.78GB / 0B   52
30c9d0dd067a   x265                    0.00%     2.832MiB / 96GiB    0.00%     0B / 0B   0B / 1.5MB    1
2025-02-17 06:22:14.166713
CONTAINER ID   NAME                    CPU %     MEM USAGE / LIMIT   MEM %     NET I/O   BLOCK I/O     PIDS
344b3c03ed6f   pbbs_nearestNeighbors   0.06%     52.35GiB / 96GiB    54.54%    0B / 0B   2.78GB / 0B   52
30c9d0dd067a   x265                    0.00%     2.832MiB / 96GiB    0.00%     0B / 0B   0B / 1.5MB    1
2025-02-17 06:22:16.177197
CONTAINER ID   NAME                    CPU %     MEM USAGE / LIMIT   MEM %     NET I/O   BLOCK I/O     PIDS
344b3c03ed6f   pbbs_nearestNeighbors   0.06%     52.35GiB / 96GiB    54.54%    0B / 0B   2.78GB / 0B   52
30c9d0dd067a   x265                    0.00%     2.832MiB / 96GiB    0.00%     0B / 0B   0B / 1.5MB    1
2025-02-17 06:22:18.186711
CONTAINER ID   NAME                    CPU %     MEM USAGE / LIMIT   MEM %     NET I/O   BLOCK I/O     PIDS
344b3c03ed6f   pbbs_nearestNeighbors   0.06%     52.35GiB / 96GiB    54.54%    0B / 0B   2.78GB / 0B   52
30c9d0dd067a   x265                    0.00%     2.832MiB / 96GiB    0.00%     0B / 0B   0B / 1.5MB    1
2025-02-17 06:22:20.194424
CONTAINER ID   NAME                    CPU %     MEM USAGE / LIMIT   MEM %     NET I/O   BLOCK I/O     PIDS
344b3c03ed6f   pbbs_nearestNeighbors   0.06%     52.35GiB / 96GiB    54.54%    0B / 0B   2.78GB / 0B   52
30c9d0dd067a   x265                    0.00%     2.832MiB / 96GiB    0.00%     0B / 0B   0B / 1.5MB    1
2025-02-17 06:22:22.205713
CONTAINER ID   NAME                    CPU %      MEM USAGE / LIMIT   MEM %     NET I/O   BLOCK I/O     PIDS
344b3c03ed6f   pbbs_nearestNeighbors   4858.91%   52.37GiB / 96GiB    54.55%    0B / 0B   2.78GB / 0B   52
30c9d0dd067a   x265                    2784.07%   1.521GiB / 96GiB    1.58%     0B / 0B   0B / 1.5MB    117
2025-02-17 06:22:24.218387
CONTAINER ID   NAME                    CPU %      MEM USAGE / LIMIT   MEM %     NET I/O   BLOCK I/O     PIDS
344b3c03ed6f   pbbs_nearestNeighbors   4999.89%   52.37GiB / 96GiB    54.55%    0B / 0B   2.78GB / 0B   52
30c9d0dd067a   x265                    3271.40%   2.741GiB / 96GiB    2.86%     0B / 0B   0B / 1.5MB    117
2025-02-17 06:22:26.227295
CONTAINER ID   NAME                    CPU %      MEM USAGE / LIMIT   MEM %     NET I/O   BLOCK I/O     PIDS
344b3c03ed6f   pbbs_nearestNeighbors   4947.32%   52.37GiB / 96GiB    54.55%    0B / 0B   2.78GB / 0B   52
30c9d0dd067a   x265                    3888.82%   2.884GiB / 96GiB    3.00%     0B / 0B   0B / 1.5MB    117
2025-02-17 06:22:28.237780
CONTAINER ID   NAME                    CPU %      MEM USAGE / LIMIT   MEM %     NET I/O   BLOCK I/O     PIDS
344b3c03ed6f   pbbs_nearestNeighbors   4948.49%   52.37GiB / 96GiB    54.55%    0B / 0B   2.78GB / 0B   52
30c9d0dd067a   x265                    3694.61%   2.884GiB / 96GiB    3.00%     0B / 0B   0B / 1.5MB    117
2025-02-17 06:22:30.248871
CONTAINER ID   NAME                    CPU %      MEM USAGE / LIMIT   MEM %     NET I/O   BLOCK I/O     PIDS
344b3c03ed6f   pbbs_nearestNeighbors   4978.89%   52.37GiB / 96GiB    54.56%    0B / 0B   2.78GB / 0B   52
30c9d0dd067a   x265                    3632.24%   2.884GiB / 96GiB    3.00%     0B / 0B   0B / 1.5MB    117
2025-02-17 06:22:32.258809
CONTAINER ID   NAME                    CPU %      MEM USAGE / LIMIT   MEM %     NET I/O   BLOCK I/O     PIDS
344b3c03ed6f   pbbs_nearestNeighbors   4965.76%   52.37GiB / 96GiB    54.56%    0B / 0B   2.78GB / 0B   52
30c9d0dd067a   x265                    3707.72%   2.885GiB / 96GiB    3.01%     0B / 0B   0B / 1.5MB    117
2025-02-17 06:22:34.267854
CONTAINER ID   NAME                    CPU %      MEM USAGE / LIMIT   MEM %     NET I/O   BLOCK I/O     PIDS
344b3c03ed6f   pbbs_nearestNeighbors   4991.47%   52.37GiB / 96GiB    54.56%    0B / 0B   2.78GB / 0B   52
30c9d0dd067a   x265                    3410.41%   2.886GiB / 96GiB    3.01%     0B / 0B   0B / 1.5MB    117
2025-02-17 06:22:36.280878
CONTAINER ID   NAME                    CPU %      MEM USAGE / LIMIT   MEM %     NET I/O   BLOCK I/O     PIDS
344b3c03ed6f   pbbs_nearestNeighbors   4954.88%   52.37GiB / 96GiB    54.56%    0B / 0B   2.78GB / 0B   52
30c9d0dd067a   x265                    3595.94%   2.886GiB / 96GiB    3.01%     0B / 0B   0B / 1.5MB    117
2025-02-17 06:22:38.291002
CONTAINER ID   NAME                    CPU %      MEM USAGE / LIMIT   MEM %     NET I/O   BLOCK I/O     PIDS
344b3c03ed6f   pbbs_nearestNeighbors   4984.72%   52.38GiB / 96GiB    54.56%    0B / 0B   2.78GB / 0B   52
30c9d0dd067a   x265                    3703.39%   2.886GiB / 96GiB    3.01%     0B / 0B   0B / 1.5MB    117
2025-02-17 06:22:40.300201
CONTAINER ID   NAME                    CPU %      MEM USAGE / LIMIT   MEM %     NET I/O   BLOCK I/O     PIDS
344b3c03ed6f   pbbs_nearestNeighbors   4962.71%   52.38GiB / 96GiB    54.56%    0B / 0B   2.78GB / 0B   52
30c9d0dd067a   x265                    3693.51%   2.886GiB / 96GiB    3.01%     0B / 0B   0B / 1.5MB    117
2025-02-17 06:22:42.309780
CONTAINER ID   NAME                    CPU %      MEM USAGE / LIMIT   MEM %     NET I/O   BLOCK I/O     PIDS
344b3c03ed6f   pbbs_nearestNeighbors   4997.62%   52.38GiB / 96GiB    54.56%    0B / 0B   2.78GB / 0B   52
30c9d0dd067a   x265                    3664.69%   2.908GiB / 96GiB    3.03%     0B / 0B   0B / 1.5MB    117
2025-02-17 06:22:44.320269
CONTAINER ID   NAME                    CPU %      MEM USAGE / LIMIT   MEM %     NET I/O   BLOCK I/O     PIDS
344b3c03ed6f   pbbs_nearestNeighbors   4976.80%   52.38GiB / 96GiB    54.56%    0B / 0B   2.78GB / 0B   52
30c9d0dd067a   x265                    3718.14%   2.911GiB / 96GiB    3.03%     0B / 0B   0B / 1.5MB    117
2025-02-17 06:22:46.328542
CONTAINER ID   NAME                    CPU %      MEM USAGE / LIMIT   MEM %     NET I/O   BLOCK I/O     PIDS
344b3c03ed6f   pbbs_nearestNeighbors   4971.31%   52.38GiB / 96GiB    54.56%    0B / 0B   2.78GB / 0B   52
30c9d0dd067a   x265                    3643.44%   2.91GiB / 96GiB     3.03%     0B / 0B   0B / 1.5MB    117
2025-02-17 06:22:48.343072
CONTAINER ID   NAME                    CPU %      MEM USAGE / LIMIT   MEM %     NET I/O   BLOCK I/O     PIDS
344b3c03ed6f   pbbs_nearestNeighbors   4957.44%   52.38GiB / 96GiB    54.56%    0B / 0B   2.78GB / 0B   52
30c9d0dd067a   x265                    3895.62%   2.917GiB / 96GiB    3.04%     0B / 0B   0B / 1.5MB    117
2025-02-17 06:22:50.349556
CONTAINER ID   NAME                    CPU %      MEM USAGE / LIMIT   MEM %     NET I/O   BLOCK I/O     PIDS
344b3c03ed6f   pbbs_nearestNeighbors   4923.18%   52.38GiB / 96GiB    54.56%    0B / 0B   2.78GB / 0B   52
30c9d0dd067a   x265                    3737.76%   2.916GiB / 96GiB    3.04%     0B / 0B   0B / 1.5MB    117
2025-02-17 06:22:52.360744
CONTAINER ID   NAME                    CPU %      MEM USAGE / LIMIT   MEM %     NET I/O   BLOCK I/O     PIDS
344b3c03ed6f   pbbs_nearestNeighbors   4932.77%   52.38GiB / 96GiB    54.56%    0B / 0B   2.78GB / 0B   52
30c9d0dd067a   x265                    3757.88%   2.916GiB / 96GiB    3.04%     0B / 0B   0B / 1.5MB    117
2025-02-17 06:22:54.369767
CONTAINER ID   NAME                    CPU %      MEM USAGE / LIMIT   MEM %     NET I/O   BLOCK I/O     PIDS
344b3c03ed6f   pbbs_nearestNeighbors   4947.53%   52.38GiB / 96GiB    54.56%    0B / 0B   2.78GB / 0B   52
30c9d0dd067a   x265                    3643.20%   2.916GiB / 96GiB    3.04%     0B / 0B   0B / 1.5MB    117
2025-02-17 06:22:56.381132
CONTAINER ID   NAME                    CPU %      MEM USAGE / LIMIT   MEM %     NET I/O   BLOCK I/O     PIDS
344b3c03ed6f   pbbs_nearestNeighbors   4997.40%   52.38GiB / 96GiB    54.56%    0B / 0B   2.78GB / 0B   52
30c9d0dd067a   x265                    3602.05%   2.92GiB / 96GiB     3.04%     0B / 0B   0B / 1.5MB    117
2025-02-17 06:22:58.392738
CONTAINER ID   NAME                    CPU %      MEM USAGE / LIMIT   MEM %     NET I/O   BLOCK I/O     PIDS
344b3c03ed6f   pbbs_nearestNeighbors   4924.93%   52.38GiB / 96GiB    54.56%    0B / 0B   2.78GB / 0B   52
30c9d0dd067a   x265                    3668.63%   2.92GiB / 96GiB     3.04%     0B / 0B   0B / 1.5MB    117
2025-02-17 06:23:00.409553
CONTAINER ID   NAME                    CPU %      MEM USAGE / LIMIT   MEM %     NET I/O   BLOCK I/O     PIDS
344b3c03ed6f   pbbs_nearestNeighbors   4988.20%   52.38GiB / 96GiB    54.56%    0B / 0B   2.78GB / 0B   52
30c9d0dd067a   x265                    3625.54%   2.92GiB / 96GiB     3.04%     0B / 0B   0B / 1.5MB    117
2025-02-17 06:23:02.415547
CONTAINER ID   NAME                    CPU %      MEM USAGE / LIMIT   MEM %     NET I/O   BLOCK I/O     PIDS
344b3c03ed6f   pbbs_nearestNeighbors   4950.59%   52.38GiB / 96GiB    54.56%    0B / 0B   2.78GB / 0B   52
30c9d0dd067a   x265                    3656.47%   2.92GiB / 96GiB     3.04%     0B / 0B   0B / 1.5MB    117
2025-02-17 06:23:04.425708
CONTAINER ID   NAME                    CPU %      MEM USAGE / LIMIT   MEM %     NET I/O   BLOCK I/O     PIDS
344b3c03ed6f   pbbs_nearestNeighbors   4940.86%   52.38GiB / 96GiB    54.57%    0B / 0B   2.78GB / 0B   52
30c9d0dd067a   x265                    3674.38%   2.92GiB / 96GiB     3.04%     0B / 0B   0B / 1.5MB    117
2025-02-17 06:23:06.436686
CONTAINER ID   NAME                    CPU %      MEM USAGE / LIMIT   MEM %     NET I/O   BLOCK I/O     PIDS
344b3c03ed6f   pbbs_nearestNeighbors   4965.95%   52.38GiB / 96GiB    54.57%    0B / 0B   2.78GB / 0B   52
30c9d0dd067a   x265                    3678.41%   2.92GiB / 96GiB     3.04%     0B / 0B   0B / 1.5MB    117
2025-02-17 06:23:08.449773
CONTAINER ID   NAME                    CPU %      MEM USAGE / LIMIT   MEM %     NET I/O   BLOCK I/O     PIDS
344b3c03ed6f   pbbs_nearestNeighbors   5007.68%   52.38GiB / 96GiB    54.56%    0B / 0B   2.78GB / 0B   52
30c9d0dd067a   x265                    3658.84%   2.92GiB / 96GiB     3.04%     0B / 0B   0B / 1.5MB    117
2025-02-17 06:23:10.457105
CONTAINER ID   NAME                    CPU %      MEM USAGE / LIMIT   MEM %     NET I/O   BLOCK I/O     PIDS
344b3c03ed6f   pbbs_nearestNeighbors   4967.29%   52.38GiB / 96GiB    54.56%    0B / 0B   2.78GB / 0B   52
30c9d0dd067a   x265                    3588.45%   2.92GiB / 96GiB     3.04%     0B / 0B   0B / 1.5MB    117
2025-02-17 06:23:12.467288
CONTAINER ID   NAME                    CPU %      MEM USAGE / LIMIT   MEM %     NET I/O   BLOCK I/O     PIDS
344b3c03ed6f   pbbs_nearestNeighbors   4958.74%   52.38GiB / 96GiB    54.57%    0B / 0B   2.78GB / 0B   52
30c9d0dd067a   x265                    3677.81%   2.92GiB / 96GiB     3.04%     0B / 0B   0B / 1.5MB    117
2025-02-17 06:23:14.474403
CONTAINER ID   NAME                    CPU %      MEM USAGE / LIMIT   MEM %     NET I/O   BLOCK I/O     PIDS
344b3c03ed6f   pbbs_nearestNeighbors   4917.43%   52.38GiB / 96GiB    54.57%    0B / 0B   2.78GB / 0B   52
30c9d0dd067a   x265                    3876.66%   2.935GiB / 96GiB    3.06%     0B / 0B   0B / 1.5MB    117
2025-02-17 06:23:16.485310
CONTAINER ID   NAME                    CPU %      MEM USAGE / LIMIT   MEM %     NET I/O   BLOCK I/O     PIDS
344b3c03ed6f   pbbs_nearestNeighbors   4802.13%   52.38GiB / 96GiB    54.57%    0B / 0B   2.78GB / 0B   52
30c9d0dd067a   x265                    4462.61%   2.949GiB / 96GiB    3.07%     0B / 0B   0B / 1.5MB    117
2025-02-17 06:23:18.494547
CONTAINER ID   NAME                    CPU %      MEM USAGE / LIMIT   MEM %     NET I/O   BLOCK I/O     PIDS
344b3c03ed6f   pbbs_nearestNeighbors   4950.15%   52.38GiB / 96GiB    54.57%    0B / 0B   2.78GB / 0B   52
30c9d0dd067a   x265                    3675.98%   2.991GiB / 96GiB    3.12%     0B / 0B   0B / 1.5MB    117
2025-02-17 06:23:20.504292
CONTAINER ID   NAME                    CPU %      MEM USAGE / LIMIT   MEM %     NET I/O   BLOCK I/O     PIDS
344b3c03ed6f   pbbs_nearestNeighbors   4989.35%   52.39GiB / 96GiB    54.57%    0B / 0B   2.78GB / 0B   52
30c9d0dd067a   x265                    3814.19%   2.999GiB / 96GiB    3.12%     0B / 0B   0B / 1.5MB    117
2025-02-17 06:23:22.521603
CONTAINER ID   NAME                    CPU %      MEM USAGE / LIMIT   MEM %     NET I/O   BLOCK I/O     PIDS
344b3c03ed6f   pbbs_nearestNeighbors   4982.48%   52.38GiB / 96GiB    54.57%    0B / 0B   2.78GB / 0B   52
30c9d0dd067a   x265                    3688.37%   2.999GiB / 96GiB    3.12%     0B / 0B   0B / 1.5MB    115
2025-02-17 06:23:24.530670
CONTAINER ID   NAME                    CPU %      MEM USAGE / LIMIT   MEM %     NET I/O   BLOCK I/O     PIDS
344b3c03ed6f   pbbs_nearestNeighbors   4989.00%   52.38GiB / 96GiB    54.57%    0B / 0B   2.78GB / 0B   52
30c9d0dd067a   x265                    3377.42%   2.999GiB / 96GiB    3.12%     0B / 0B   0B / 1.5MB    115
2025-02-17 06:23:26.543052
CONTAINER ID   NAME                    CPU %      MEM USAGE / LIMIT   MEM %     NET I/O   BLOCK I/O     PIDS
344b3c03ed6f   pbbs_nearestNeighbors   4860.53%   52.38GiB / 96GiB    54.57%    0B / 0B   2.78GB / 0B   52
30c9d0dd067a   x265                    1066.44%   426.7MiB / 96GiB    0.43%     0B / 0B   0B / 2.34MB   117
2025-02-17 06:23:28.554744
CONTAINER ID   NAME                    CPU %      MEM USAGE / LIMIT   MEM %     NET I/O   BLOCK I/O     PIDS
344b3c03ed6f   pbbs_nearestNeighbors   4956.16%   52.38GiB / 96GiB    54.57%    0B / 0B   2.78GB / 0B   52
30c9d0dd067a   x265                    3244.63%   2.025GiB / 96GiB    2.11%     0B / 0B   0B / 2.34MB   117
2025-02-17 06:23:30.563004
CONTAINER ID   NAME                    CPU %      MEM USAGE / LIMIT   MEM %     NET I/O   BLOCK I/O     PIDS
344b3c03ed6f   pbbs_nearestNeighbors   4943.23%   52.38GiB / 96GiB    54.57%    0B / 0B   2.78GB / 0B   52
30c9d0dd067a   x265                    3791.37%   2.875GiB / 96GiB    3.00%     0B / 0B   0B / 2.34MB   117
2025-02-17 06:23:32.573602
CONTAINER ID   NAME                    CPU %      MEM USAGE / LIMIT   MEM %     NET I/O   BLOCK I/O     PIDS
344b3c03ed6f   pbbs_nearestNeighbors   4953.09%   52.38GiB / 96GiB    54.57%    0B / 0B   2.78GB / 0B   52
30c9d0dd067a   x265                    3736.98%   2.888GiB / 96GiB    3.01%     0B / 0B   0B / 2.34MB   117
2025-02-17 06:23:34.585064
CONTAINER ID   NAME                    CPU %      MEM USAGE / LIMIT   MEM %     NET I/O   BLOCK I/O     PIDS
344b3c03ed6f   pbbs_nearestNeighbors   4978.74%   52.38GiB / 96GiB    54.57%    0B / 0B   2.78GB / 0B   52
30c9d0dd067a   x265                    3682.74%   2.888GiB / 96GiB    3.01%     0B / 0B   0B / 2.34MB   117
2025-02-17 06:23:36.596705
CONTAINER ID   NAME                    CPU %      MEM USAGE / LIMIT   MEM %     NET I/O   BLOCK I/O     PIDS
344b3c03ed6f   pbbs_nearestNeighbors   4943.35%   52.38GiB / 96GiB    54.57%    0B / 0B   2.78GB / 0B   52
30c9d0dd067a   x265                    3592.74%   2.888GiB / 96GiB    3.01%     0B / 0B   0B / 2.34MB   117
2025-02-17 06:23:38.604680
CONTAINER ID   NAME                    CPU %      MEM USAGE / LIMIT   MEM %     NET I/O   BLOCK I/O     PIDS
344b3c03ed6f   pbbs_nearestNeighbors   4938.37%   52.38GiB / 96GiB    54.57%    0B / 0B   2.78GB / 0B   52
30c9d0dd067a   x265                    3600.68%   2.889GiB / 96GiB    3.01%     0B / 0B   0B / 2.34MB   117
2025-02-17 06:23:40.616158
CONTAINER ID   NAME                    CPU %      MEM USAGE / LIMIT   MEM %     NET I/O   BLOCK I/O     PIDS
344b3c03ed6f   pbbs_nearestNeighbors   4973.86%   52.38GiB / 96GiB    54.57%    0B / 0B   2.78GB / 0B   52
30c9d0dd067a   x265                    3654.65%   2.89GiB / 96GiB     3.01%     0B / 0B   0B / 2.34MB   117
2025-02-17 06:23:42.629588
CONTAINER ID   NAME                    CPU %      MEM USAGE / LIMIT   MEM %     NET I/O   BLOCK I/O     PIDS
344b3c03ed6f   pbbs_nearestNeighbors   4936.24%   52.38GiB / 96GiB    54.57%    0B / 0B   2.78GB / 0B   52
30c9d0dd067a   x265                    3585.41%   2.89GiB / 96GiB     3.01%     0B / 0B   0B / 2.34MB   117
2025-02-17 06:23:44.638272
CONTAINER ID   NAME                    CPU %      MEM USAGE / LIMIT   MEM %     NET I/O   BLOCK I/O     PIDS
344b3c03ed6f   pbbs_nearestNeighbors   4970.98%   52.39GiB / 96GiB    54.57%    0B / 0B   2.78GB / 0B   52
30c9d0dd067a   x265                    3722.54%   2.89GiB / 96GiB     3.01%     0B / 0B   0B / 2.34MB   117
2025-02-17 06:23:46.651916
CONTAINER ID   NAME                    CPU %      MEM USAGE / LIMIT   MEM %     NET I/O   BLOCK I/O     PIDS
344b3c03ed6f   pbbs_nearestNeighbors   4962.64%   52.39GiB / 96GiB    54.57%    0B / 0B   2.78GB / 0B   52
30c9d0dd067a   x265                    3744.16%   2.89GiB / 96GiB     3.01%     0B / 0B   0B / 2.34MB   117
2025-02-17 06:23:48.659550
CONTAINER ID   NAME                    CPU %      MEM USAGE / LIMIT   MEM %     NET I/O   BLOCK I/O     PIDS
344b3c03ed6f   pbbs_nearestNeighbors   4914.28%   52.38GiB / 96GiB    54.57%    0B / 0B   2.78GB / 0B   52
30c9d0dd067a   x265                    3652.21%   2.917GiB / 96GiB    3.04%     0B / 0B   0B / 2.34MB   117
2025-02-17 06:23:50.674387
CONTAINER ID   NAME                    CPU %      MEM USAGE / LIMIT   MEM %     NET I/O   BLOCK I/O     PIDS
344b3c03ed6f   pbbs_nearestNeighbors   4919.19%   52.38GiB / 96GiB    54.57%    0B / 0B   2.78GB / 0B   52
30c9d0dd067a   x265                    3681.24%   2.917GiB / 96GiB    3.04%     0B / 0B   0B / 2.34MB   117
2025-02-17 06:23:52.689745
CONTAINER ID   NAME                    CPU %      MEM USAGE / LIMIT   MEM %     NET I/O   BLOCK I/O     PIDS
344b3c03ed6f   pbbs_nearestNeighbors   4927.53%   52.38GiB / 96GiB    54.57%    0B / 0B   2.78GB / 0B   52
30c9d0dd067a   x265                    3865.01%   2.922GiB / 96GiB    3.04%     0B / 0B   0B / 2.34MB   117
2025-02-17 06:23:54.700648
CONTAINER ID   NAME                    CPU %      MEM USAGE / LIMIT   MEM %     NET I/O   BLOCK I/O     PIDS
344b3c03ed6f   pbbs_nearestNeighbors   4895.38%   52.38GiB / 96GiB    54.57%    0B / 0B   2.78GB / 0B   52
30c9d0dd067a   x265                    4082.37%   2.922GiB / 96GiB    3.04%     0B / 0B   0B / 2.34MB   117
2025-02-17 06:23:56.712259
CONTAINER ID   NAME                    CPU %      MEM USAGE / LIMIT   MEM %     NET I/O   BLOCK I/O     PIDS
344b3c03ed6f   pbbs_nearestNeighbors   4968.48%   52.38GiB / 96GiB    54.57%    0B / 0B   2.78GB / 0B   52
30c9d0dd067a   x265                    3745.54%   2.921GiB / 96GiB    3.04%     0B / 0B   0B / 2.34MB   117
2025-02-17 06:23:58.723287
CONTAINER ID   NAME                    CPU %      MEM USAGE / LIMIT   MEM %     NET I/O   BLOCK I/O     PIDS
344b3c03ed6f   pbbs_nearestNeighbors   4931.37%   52.38GiB / 96GiB    54.57%    0B / 0B   2.78GB / 0B   52
30c9d0dd067a   x265                    3708.14%   2.921GiB / 96GiB    3.04%     0B / 0B   0B / 2.34MB   117
2025-02-17 06:24:00.732307
CONTAINER ID   NAME                    CPU %      MEM USAGE / LIMIT   MEM %     NET I/O   BLOCK I/O     PIDS
344b3c03ed6f   pbbs_nearestNeighbors   4930.89%   52.38GiB / 96GiB    54.57%    0B / 0B   2.78GB / 0B   52
30c9d0dd067a   x265                    3608.32%   2.922GiB / 96GiB    3.04%     0B / 0B   0B / 2.34MB   117
2025-02-17 06:24:02.741874
CONTAINER ID   NAME                    CPU %      MEM USAGE / LIMIT   MEM %     NET I/O   BLOCK I/O     PIDS
344b3c03ed6f   pbbs_nearestNeighbors   4980.81%   52.38GiB / 96GiB    54.57%    0B / 0B   2.78GB / 0B   52
30c9d0dd067a   x265                    3653.30%   2.926GiB / 96GiB    3.05%     0B / 0B   0B / 2.34MB   117
2025-02-17 06:24:04.751789
CONTAINER ID   NAME                    CPU %      MEM USAGE / LIMIT   MEM %     NET I/O   BLOCK I/O     PIDS
344b3c03ed6f   pbbs_nearestNeighbors   4975.97%   52.38GiB / 96GiB    54.57%    0B / 0B   2.78GB / 0B   52
30c9d0dd067a   x265                    3743.05%   2.926GiB / 96GiB    3.05%     0B / 0B   0B / 2.34MB   117
2025-02-17 06:24:06.762338
CONTAINER ID   NAME                    CPU %      MEM USAGE / LIMIT   MEM %     NET I/O   BLOCK I/O     PIDS
344b3c03ed6f   pbbs_nearestNeighbors   4954.14%   52.38GiB / 96GiB    54.57%    0B / 0B   2.78GB / 0B   52
30c9d0dd067a   x265                    3669.23%   2.926GiB / 96GiB    3.05%     0B / 0B   0B / 2.34MB   117
2025-02-17 06:24:08.772037
CONTAINER ID   NAME                    CPU %      MEM USAGE / LIMIT   MEM %     NET I/O   BLOCK I/O     PIDS
344b3c03ed6f   pbbs_nearestNeighbors   4963.33%   52.38GiB / 96GiB    54.57%    0B / 0B   2.78GB / 0B   52
30c9d0dd067a   x265                    3566.44%   2.926GiB / 96GiB    3.05%     0B / 0B   0B / 2.34MB   117
2025-02-17 06:24:10.782900
CONTAINER ID   NAME                    CPU %      MEM USAGE / LIMIT   MEM %     NET I/O   BLOCK I/O     PIDS
344b3c03ed6f   pbbs_nearestNeighbors   4959.24%   52.38GiB / 96GiB    54.57%    0B / 0B   2.78GB / 0B   52
30c9d0dd067a   x265                    3597.48%   2.926GiB / 96GiB    3.05%     0B / 0B   0B / 2.34MB   117
2025-02-17 06:24:12.791399
CONTAINER ID   NAME                    CPU %      MEM USAGE / LIMIT   MEM %     NET I/O   BLOCK I/O     PIDS
344b3c03ed6f   pbbs_nearestNeighbors   4974.94%   52.38GiB / 96GiB    54.57%    0B / 0B   2.78GB / 0B   52
30c9d0dd067a   x265                    3698.91%   2.925GiB / 96GiB    3.05%     0B / 0B   0B / 2.34MB   117
2025-02-17 06:24:14.803375
CONTAINER ID   NAME                    CPU %      MEM USAGE / LIMIT   MEM %     NET I/O   BLOCK I/O     PIDS
344b3c03ed6f   pbbs_nearestNeighbors   4968.12%   52.38GiB / 96GiB    54.57%    0B / 0B   2.78GB / 0B   52
30c9d0dd067a   x265                    3807.69%   2.925GiB / 96GiB    3.05%     0B / 0B   0B / 2.34MB   117
2025-02-17 06:24:16.813383
CONTAINER ID   NAME                    CPU %      MEM USAGE / LIMIT   MEM %     NET I/O   BLOCK I/O     PIDS
344b3c03ed6f   pbbs_nearestNeighbors   4946.14%   52.38GiB / 96GiB    54.57%    0B / 0B   2.78GB / 0B   52
30c9d0dd067a   x265                    3669.76%   2.925GiB / 96GiB    3.05%     0B / 0B   0B / 2.34MB   117
2025-02-17 06:24:18.826701
CONTAINER ID   NAME                    CPU %      MEM USAGE / LIMIT   MEM %     NET I/O   BLOCK I/O     PIDS
344b3c03ed6f   pbbs_nearestNeighbors   4947.24%   52.38GiB / 96GiB    54.57%    0B / 0B   2.78GB / 0B   52
30c9d0dd067a   x265                    3745.69%   2.934GiB / 96GiB    3.06%     0B / 0B   0B / 2.34MB   117
2025-02-17 06:24:20.839541
CONTAINER ID   NAME                    CPU %      MEM USAGE / LIMIT   MEM %     NET I/O   BLOCK I/O     PIDS
344b3c03ed6f   pbbs_nearestNeighbors   4856.19%   52.38GiB / 96GiB    54.57%    0B / 0B   2.78GB / 0B   52
30c9d0dd067a   x265                    4255.35%   2.939GiB / 96GiB    3.06%     0B / 0B   0B / 2.34MB   117
2025-02-17 06:24:22.849471
CONTAINER ID   NAME                    CPU %      MEM USAGE / LIMIT   MEM %     NET I/O   BLOCK I/O     PIDS
344b3c03ed6f   pbbs_nearestNeighbors   4941.87%   52.38GiB / 96GiB    54.57%    0B / 0B   2.78GB / 0B   52
30c9d0dd067a   x265                    3669.31%   2.969GiB / 96GiB    3.09%     0B / 0B   0B / 2.34MB   117
2025-02-17 06:24:24.858311
CONTAINER ID   NAME                    CPU %      MEM USAGE / LIMIT   MEM %     NET I/O   BLOCK I/O     PIDS
344b3c03ed6f   pbbs_nearestNeighbors   4910.07%   52.38GiB / 96GiB    54.57%    0B / 0B   2.78GB / 0B   52
30c9d0dd067a   x265                    3819.76%   2.996GiB / 96GiB    3.12%     0B / 0B   0B / 2.34MB   117
2025-02-17 06:24:26.869374
CONTAINER ID   NAME                    CPU %      MEM USAGE / LIMIT   MEM %     NET I/O   BLOCK I/O     PIDS
344b3c03ed6f   pbbs_nearestNeighbors   4951.65%   52.39GiB / 96GiB    54.57%    0B / 0B   2.78GB / 0B   52
30c9d0dd067a   x265                    3750.83%   2.996GiB / 96GiB    3.12%     0B / 0B   0B / 2.34MB   115
2025-02-17 06:24:28.889344
CONTAINER ID   NAME                    CPU %      MEM USAGE / LIMIT   MEM %     NET I/O   BLOCK I/O     PIDS
344b3c03ed6f   pbbs_nearestNeighbors   4983.44%   52.39GiB / 96GiB    54.57%    0B / 0B   2.78GB / 0B   52
30c9d0dd067a   x265                    3474.09%   2.996GiB / 96GiB    3.12%     0B / 0B   0B / 2.34MB   115
2025-02-17 06:24:30.898291
CONTAINER ID   NAME                    CPU %      MEM USAGE / LIMIT   MEM %     NET I/O   BLOCK I/O     PIDS
344b3c03ed6f   pbbs_nearestNeighbors   4996.48%   52.38GiB / 96GiB    54.57%    0B / 0B   2.78GB / 0B   52
30c9d0dd067a   x265                    3429.25%   2.996GiB / 96GiB    3.12%     0B / 0B   0B / 2.34MB   115
2025-02-17 06:24:32.908844
CONTAINER ID   NAME                    CPU %      MEM USAGE / LIMIT   MEM %     NET I/O   BLOCK I/O     PIDS
344b3c03ed6f   pbbs_nearestNeighbors   4781.10%   52.39GiB / 96GiB    54.57%    0B / 0B   2.78GB / 0B   52
30c9d0dd067a   x265                    2631.26%   1.375GiB / 96GiB    1.43%     0B / 0B   0B / 2.92MB   117
2025-02-17 06:24:34.920027
CONTAINER ID   NAME                    CPU %      MEM USAGE / LIMIT   MEM %     NET I/O   BLOCK I/O     PIDS
344b3c03ed6f   pbbs_nearestNeighbors   4976.42%   52.39GiB / 96GiB    54.57%    0B / 0B   2.78GB / 0B   52
30c9d0dd067a   x265                    3794.20%   2.816GiB / 96GiB    2.93%     0B / 0B   0B / 2.92MB   117
2025-02-17 06:24:36.929835
CONTAINER ID   NAME                    CPU %      MEM USAGE / LIMIT   MEM %     NET I/O   BLOCK I/O     PIDS
344b3c03ed6f   pbbs_nearestNeighbors   4967.42%   52.39GiB / 96GiB    54.57%    0B / 0B   2.78GB / 0B   52
30c9d0dd067a   x265                    3599.38%   2.888GiB / 96GiB    3.01%     0B / 0B   0B / 2.92MB   117
2025-02-17 06:24:38.939570
CONTAINER ID   NAME                    CPU %      MEM USAGE / LIMIT   MEM %     NET I/O   BLOCK I/O     PIDS
344b3c03ed6f   pbbs_nearestNeighbors   4946.24%   52.39GiB / 96GiB    54.57%    0B / 0B   2.78GB / 0B   52
30c9d0dd067a   x265                    3750.35%   2.888GiB / 96GiB    3.01%     0B / 0B   0B / 2.92MB   117
2025-02-17 06:24:40.949907
CONTAINER ID   NAME                    CPU %      MEM USAGE / LIMIT   MEM %     NET I/O   BLOCK I/O     PIDS
344b3c03ed6f   pbbs_nearestNeighbors   4936.87%   52.39GiB / 96GiB    54.57%    0B / 0B   2.78GB / 0B   52
30c9d0dd067a   x265                    3685.32%   2.888GiB / 96GiB    3.01%     0B / 0B   0B / 2.92MB   117
2025-02-17 06:24:42.958404
CONTAINER ID   NAME                    CPU %      MEM USAGE / LIMIT   MEM %     NET I/O   BLOCK I/O     PIDS
344b3c03ed6f   pbbs_nearestNeighbors   4950.49%   52.39GiB / 96GiB    54.57%    0B / 0B   2.78GB / 0B   52
30c9d0dd067a   x265                    3707.77%   2.888GiB / 96GiB    3.01%     0B / 0B   0B / 2.92MB   117
2025-02-17 06:24:44.970593
CONTAINER ID   NAME                    CPU %      MEM USAGE / LIMIT   MEM %     NET I/O   BLOCK I/O     PIDS
344b3c03ed6f   pbbs_nearestNeighbors   4974.19%   52.39GiB / 96GiB    54.57%    0B / 0B   2.78GB / 0B   52
30c9d0dd067a   x265                    3647.44%   2.889GiB / 96GiB    3.01%     0B / 0B   0B / 2.92MB   117
2025-02-17 06:24:46.984824
CONTAINER ID   NAME                    CPU %      MEM USAGE / LIMIT   MEM %     NET I/O   BLOCK I/O     PIDS
344b3c03ed6f   pbbs_nearestNeighbors   4970.92%   52.39GiB / 96GiB    54.57%    0B / 0B   2.78GB / 0B   52
30c9d0dd067a   x265                    3720.10%   2.889GiB / 96GiB    3.01%     0B / 0B   0B / 2.92MB   117
2025-02-17 06:24:48.992326
CONTAINER ID   NAME                    CPU %      MEM USAGE / LIMIT   MEM %     NET I/O   BLOCK I/O     PIDS
344b3c03ed6f   pbbs_nearestNeighbors   4909.05%   52.39GiB / 96GiB    54.57%    0B / 0B   2.78GB / 0B   52
30c9d0dd067a   x265                    3666.56%   2.889GiB / 96GiB    3.01%     0B / 0B   0B / 2.92MB   117
2025-02-17 06:24:51.004984
CONTAINER ID   NAME                    CPU %      MEM USAGE / LIMIT   MEM %     NET I/O   BLOCK I/O     PIDS
344b3c03ed6f   pbbs_nearestNeighbors   4967.73%   52.39GiB / 96GiB    54.57%    0B / 0B   2.78GB / 0B   52
30c9d0dd067a   x265                    3731.99%   2.889GiB / 96GiB    3.01%     0B / 0B   0B / 2.92MB   117
2025-02-17 06:24:53.014026
CONTAINER ID   NAME                    CPU %      MEM USAGE / LIMIT   MEM %     NET I/O   BLOCK I/O     PIDS
344b3c03ed6f   pbbs_nearestNeighbors   4948.12%   52.39GiB / 96GiB    54.57%    0B / 0B   2.78GB / 0B   52
30c9d0dd067a   x265                    3787.10%   2.911GiB / 96GiB    3.03%     0B / 0B   0B / 2.92MB   117
2025-02-17 06:24:55.023394
CONTAINER ID   NAME                    CPU %      MEM USAGE / LIMIT   MEM %     NET I/O   BLOCK I/O     PIDS
344b3c03ed6f   pbbs_nearestNeighbors   4979.02%   52.39GiB / 96GiB    54.57%    0B / 0B   2.78GB / 0B   52
30c9d0dd067a   x265                    3786.99%   2.911GiB / 96GiB    3.03%     0B / 0B   0B / 2.92MB   117
2025-02-17 06:24:57.031260
CONTAINER ID   NAME                    CPU %      MEM USAGE / LIMIT   MEM %     NET I/O   BLOCK I/O     PIDS
344b3c03ed6f   pbbs_nearestNeighbors   4983.41%   52.39GiB / 96GiB    54.57%    0B / 0B   2.78GB / 0B   52
30c9d0dd067a   x265                    3471.69%   2.911GiB / 96GiB    3.03%     0B / 0B   0B / 2.92MB   117
2025-02-17 06:24:59.042478
CONTAINER ID   NAME                    CPU %      MEM USAGE / LIMIT   MEM %     NET I/O   BLOCK I/O     PIDS
344b3c03ed6f   pbbs_nearestNeighbors   4907.58%   52.39GiB / 96GiB    54.57%    0B / 0B   2.78GB / 0B   52
30c9d0dd067a   x265                    3842.66%   2.917GiB / 96GiB    3.04%     0B / 0B   0B / 2.92MB   117
2025-02-17 06:25:01.051674
CONTAINER ID   NAME                    CPU %      MEM USAGE / LIMIT   MEM %     NET I/O   BLOCK I/O     PIDS
344b3c03ed6f   pbbs_nearestNeighbors   4956.60%   52.39GiB / 96GiB    54.57%    0B / 0B   2.78GB / 0B   52
30c9d0dd067a   x265                    3843.36%   2.916GiB / 96GiB    3.04%     0B / 0B   0B / 2.92MB   117
2025-02-17 06:25:03.061813
CONTAINER ID   NAME                    CPU %      MEM USAGE / LIMIT   MEM %     NET I/O   BLOCK I/O     PIDS
344b3c03ed6f   pbbs_nearestNeighbors   4968.00%   52.39GiB / 96GiB    54.57%    0B / 0B   2.78GB / 0B   52
30c9d0dd067a   x265                    3708.93%   2.916GiB / 96GiB    3.04%     0B / 0B   0B / 2.92MB   117
2025-02-17 06:25:05.070282
CONTAINER ID   NAME                    CPU %      MEM USAGE / LIMIT   MEM %     NET I/O   BLOCK I/O     PIDS
344b3c03ed6f   pbbs_nearestNeighbors   4969.43%   52.39GiB / 96GiB    54.57%    0B / 0B   2.78GB / 0B   52
30c9d0dd067a   x265                    3630.56%   2.916GiB / 96GiB    3.04%     0B / 0B   0B / 2.92MB   117
2025-02-17 06:25:07.083770
CONTAINER ID   NAME                    CPU %      MEM USAGE / LIMIT   MEM %     NET I/O   BLOCK I/O     PIDS
344b3c03ed6f   pbbs_nearestNeighbors   4981.33%   52.39GiB / 96GiB    54.57%    0B / 0B   2.78GB / 0B   52
30c9d0dd067a   x265                    3753.88%   2.923GiB / 96GiB    3.04%     0B / 0B   0B / 2.92MB   117
2025-02-17 06:25:09.090822
CONTAINER ID   NAME                    CPU %      MEM USAGE / LIMIT   MEM %     NET I/O   BLOCK I/O     PIDS
344b3c03ed6f   pbbs_nearestNeighbors   4975.28%   52.39GiB / 96GiB    54.57%    0B / 0B   2.78GB / 0B   52
30c9d0dd067a   x265                    3764.38%   2.924GiB / 96GiB    3.05%     0B / 0B   0B / 2.92MB   117
2025-02-17 06:25:11.099753
CONTAINER ID   NAME                    CPU %      MEM USAGE / LIMIT   MEM %     NET I/O   BLOCK I/O     PIDS
344b3c03ed6f   pbbs_nearestNeighbors   4978.46%   52.39GiB / 96GiB    54.57%    0B / 0B   2.78GB / 0B   52
30c9d0dd067a   x265                    3677.97%   2.924GiB / 96GiB    3.05%     0B / 0B   0B / 2.92MB   117
2025-02-17 06:25:13.109600
CONTAINER ID   NAME                    CPU %      MEM USAGE / LIMIT   MEM %     NET I/O   BLOCK I/O     PIDS
344b3c03ed6f   pbbs_nearestNeighbors   4970.55%   52.39GiB / 96GiB    54.57%    0B / 0B   2.78GB / 0B   52
30c9d0dd067a   x265                    3633.45%   2.923GiB / 96GiB    3.05%     0B / 0B   0B / 2.92MB   117
2025-02-17 06:25:15.121703
CONTAINER ID   NAME                    CPU %      MEM USAGE / LIMIT   MEM %     NET I/O   BLOCK I/O     PIDS
344b3c03ed6f   pbbs_nearestNeighbors   4953.76%   52.39GiB / 96GiB    54.57%    0B / 0B   2.78GB / 0B   52
30c9d0dd067a   x265                    3639.91%   2.924GiB / 96GiB    3.05%     0B / 0B   0B / 2.92MB   117
2025-02-17 06:25:17.131158
CONTAINER ID   NAME                    CPU %      MEM USAGE / LIMIT   MEM %     NET I/O   BLOCK I/O     PIDS
344b3c03ed6f   pbbs_nearestNeighbors   4983.03%   52.39GiB / 96GiB    54.57%    0B / 0B   2.78GB / 0B   52
30c9d0dd067a   x265                    3770.10%   2.923GiB / 96GiB    3.04%     0B / 0B   0B / 2.92MB   117
2025-02-17 06:25:19.143263
CONTAINER ID   NAME                    CPU %      MEM USAGE / LIMIT   MEM %     NET I/O   BLOCK I/O     PIDS
344b3c03ed6f   pbbs_nearestNeighbors   4961.59%   52.39GiB / 96GiB    54.57%    0B / 0B   2.78GB / 0B   52
30c9d0dd067a   x265                    3557.80%   2.923GiB / 96GiB    3.05%     0B / 0B   0B / 2.92MB   117
2025-02-17 06:25:21.155914
CONTAINER ID   NAME                    CPU %      MEM USAGE / LIMIT   MEM %     NET I/O   BLOCK I/O     PIDS
344b3c03ed6f   pbbs_nearestNeighbors   4982.49%   52.39GiB / 96GiB    54.57%    0B / 0B   2.78GB / 0B   52
30c9d0dd067a   x265                    3669.98%   2.923GiB / 96GiB    3.04%     0B / 0B   0B / 2.92MB   117
2025-02-17 06:25:23.165066
CONTAINER ID   NAME                    CPU %      MEM USAGE / LIMIT   MEM %     NET I/O   BLOCK I/O     PIDS
344b3c03ed6f   pbbs_nearestNeighbors   4937.15%   52.39GiB / 96GiB    54.57%    0B / 0B   2.78GB / 0B   52
30c9d0dd067a   x265                    3566.92%   2.923GiB / 96GiB    3.04%     0B / 0B   0B / 2.92MB   117
2025-02-17 06:25:25.174721
CONTAINER ID   NAME                    CPU %      MEM USAGE / LIMIT   MEM %     NET I/O   BLOCK I/O     PIDS
344b3c03ed6f   pbbs_nearestNeighbors   4935.13%   52.39GiB / 96GiB    54.57%    0B / 0B   2.78GB / 0B   52
30c9d0dd067a   x265                    3801.13%   2.937GiB / 96GiB    3.06%     0B / 0B   0B / 2.92MB   117
2025-02-17 06:25:27.187942
CONTAINER ID   NAME                    CPU %      MEM USAGE / LIMIT   MEM %     NET I/O   BLOCK I/O     PIDS
344b3c03ed6f   pbbs_nearestNeighbors   4961.35%   52.39GiB / 96GiB    54.57%    0B / 0B   2.78GB / 0B   52
30c9d0dd067a   x265                    3732.96%   2.955GiB / 96GiB    3.08%     0B / 0B   0B / 2.92MB   117
2025-02-17 06:25:29.200588
CONTAINER ID   NAME                    CPU %      MEM USAGE / LIMIT   MEM %     NET I/O   BLOCK I/O     PIDS
344b3c03ed6f   pbbs_nearestNeighbors   4961.76%   52.39GiB / 96GiB    54.57%    0B / 0B   2.78GB / 0B   52
30c9d0dd067a   x265                    3734.15%   2.968GiB / 96GiB    3.09%     0B / 0B   0B / 2.92MB   117
2025-02-17 06:25:31.210722
CONTAINER ID   NAME                    CPU %      MEM USAGE / LIMIT   MEM %     NET I/O   BLOCK I/O     PIDS
344b3c03ed6f   pbbs_nearestNeighbors   4958.70%   52.39GiB / 96GiB    54.57%    0B / 0B   2.78GB / 0B   52
30c9d0dd067a   x265                    3748.02%   2.978GiB / 96GiB    3.10%     0B / 0B   0B / 2.92MB   117
2025-02-17 06:25:33.225116
CONTAINER ID   NAME                    CPU %      MEM USAGE / LIMIT   MEM %     NET I/O   BLOCK I/O     PIDS
344b3c03ed6f   pbbs_nearestNeighbors   4970.60%   52.39GiB / 96GiB    54.57%    0B / 0B   2.78GB / 0B   52
30c9d0dd067a   x265                    3731.00%   2.977GiB / 96GiB    3.10%     0B / 0B   0B / 2.92MB   115
2025-02-17 06:25:35.234401
CONTAINER ID   NAME                    CPU %      MEM USAGE / LIMIT   MEM %     NET I/O   BLOCK I/O     PIDS
344b3c03ed6f   pbbs_nearestNeighbors   4980.32%   52.39GiB / 96GiB    54.57%    0B / 0B   2.78GB / 0B   52
30c9d0dd067a   x265                    3568.16%   2.977GiB / 96GiB    3.10%     0B / 0B   0B / 2.92MB   115
2025-02-17 06:25:37.250668
CONTAINER ID   NAME                    CPU %      MEM USAGE / LIMIT   MEM %     NET I/O   BLOCK I/O     PIDS
344b3c03ed6f   pbbs_nearestNeighbors   4824.77%   52.39GiB / 96GiB    54.57%    0B / 0B   2.78GB / 0B   52
30c9d0dd067a   x265                    548.01%    773.2MiB / 96GiB    0.79%     0B / 0B   0B / 3.23MB   117
2025-02-17 06:25:39.261142
CONTAINER ID   NAME                    CPU %      MEM USAGE / LIMIT   MEM %     NET I/O   BLOCK I/O     PIDS
344b3c03ed6f   pbbs_nearestNeighbors   4920.97%   52.39GiB / 96GiB    54.57%    0B / 0B   2.78GB / 0B   52
30c9d0dd067a   x265                    3580.75%   2.415GiB / 96GiB    2.52%     0B / 0B   0B / 3.23MB   117
2025-02-17 06:25:41.273703
CONTAINER ID   NAME                    CPU %      MEM USAGE / LIMIT   MEM %     NET I/O   BLOCK I/O     PIDS
344b3c03ed6f   pbbs_nearestNeighbors   4941.08%   52.39GiB / 96GiB    54.57%    0B / 0B   2.78GB / 0B   52
30c9d0dd067a   x265                    3683.90%   2.888GiB / 96GiB    3.01%     0B / 0B   0B / 3.23MB   117
2025-02-17 06:25:43.285044
CONTAINER ID   NAME                    CPU %      MEM USAGE / LIMIT   MEM %     NET I/O   BLOCK I/O     PIDS
344b3c03ed6f   pbbs_nearestNeighbors   4973.39%   52.39GiB / 96GiB    54.57%    0B / 0B   2.78GB / 0B   52
30c9d0dd067a   x265                    3792.07%   2.888GiB / 96GiB    3.01%     0B / 0B   0B / 3.23MB   117
2025-02-17 06:25:45.295924
CONTAINER ID   NAME                    CPU %      MEM USAGE / LIMIT   MEM %     NET I/O   BLOCK I/O     PIDS
344b3c03ed6f   pbbs_nearestNeighbors   4970.11%   52.39GiB / 96GiB    54.57%    0B / 0B   2.78GB / 0B   52
30c9d0dd067a   x265                    3793.91%   2.889GiB / 96GiB    3.01%     0B / 0B   0B / 3.23MB   117
2025-02-17 06:25:47.305082
CONTAINER ID   NAME                    CPU %      MEM USAGE / LIMIT   MEM %     NET I/O   BLOCK I/O     PIDS
344b3c03ed6f   pbbs_nearestNeighbors   4952.24%   52.39GiB / 96GiB    54.57%    0B / 0B   2.78GB / 0B   52
30c9d0dd067a   x265                    3741.83%   2.889GiB / 96GiB    3.01%     0B / 0B   0B / 3.23MB   117
2025-02-17 06:25:49.312385
CONTAINER ID   NAME                    CPU %      MEM USAGE / LIMIT   MEM %     NET I/O   BLOCK I/O     PIDS
344b3c03ed6f   pbbs_nearestNeighbors   5025.35%   52.39GiB / 96GiB    54.57%    0B / 0B   2.78GB / 0B   52
30c9d0dd067a   x265                    3684.13%   2.89GiB / 96GiB     3.01%     0B / 0B   0B / 3.23MB   117
2025-02-17 06:25:51.324704
CONTAINER ID   NAME                    CPU %      MEM USAGE / LIMIT   MEM %     NET I/O   BLOCK I/O     PIDS
344b3c03ed6f   pbbs_nearestNeighbors   4949.88%   52.39GiB / 96GiB    54.57%    0B / 0B   2.78GB / 0B   52
30c9d0dd067a   x265                    3729.40%   2.89GiB / 96GiB     3.01%     0B / 0B   0B / 3.23MB   117
2025-02-17 06:25:53.335273
CONTAINER ID   NAME                    CPU %      MEM USAGE / LIMIT   MEM %     NET I/O   BLOCK I/O     PIDS
344b3c03ed6f   pbbs_nearestNeighbors   4985.93%   52.39GiB / 96GiB    54.57%    0B / 0B   2.78GB / 0B   52
30c9d0dd067a   x265                    3802.68%   2.89GiB / 96GiB     3.01%     0B / 0B   0B / 3.23MB   117
2025-02-17 06:25:55.344357
CONTAINER ID   NAME                    CPU %      MEM USAGE / LIMIT   MEM %     NET I/O   BLOCK I/O     PIDS
344b3c03ed6f   pbbs_nearestNeighbors   4925.42%   52.39GiB / 96GiB    54.57%    0B / 0B   2.78GB / 0B   52
30c9d0dd067a   x265                    3712.46%   2.89GiB / 96GiB     3.01%     0B / 0B   0B / 3.23MB   117
2025-02-17 06:25:57.354689
CONTAINER ID   NAME                    CPU %      MEM USAGE / LIMIT   MEM %     NET I/O   BLOCK I/O     PIDS
344b3c03ed6f   pbbs_nearestNeighbors   4963.54%   52.39GiB / 96GiB    54.57%    0B / 0B   2.78GB / 0B   52
30c9d0dd067a   x265                    3808.91%   2.905GiB / 96GiB    3.03%     0B / 0B   0B / 3.23MB   117
2025-02-17 06:25:59.367552
CONTAINER ID   NAME                    CPU %      MEM USAGE / LIMIT   MEM %     NET I/O   BLOCK I/O     PIDS
344b3c03ed6f   pbbs_nearestNeighbors   4985.03%   52.39GiB / 96GiB    54.57%    0B / 0B   2.78GB / 0B   52
30c9d0dd067a   x265                    3797.61%   2.917GiB / 96GiB    3.04%     0B / 0B   0B / 3.23MB   117
2025-02-17 06:26:01.377811
CONTAINER ID   NAME                    CPU %      MEM USAGE / LIMIT   MEM %     NET I/O   BLOCK I/O     PIDS
344b3c03ed6f   pbbs_nearestNeighbors   5008.67%   52.39GiB / 96GiB    54.57%    0B / 0B   2.78GB / 0B   52
30c9d0dd067a   x265                    3608.18%   2.917GiB / 96GiB    3.04%     0B / 0B   0B / 3.23MB   117
2025-02-17 06:26:03.387648
CONTAINER ID   NAME                    CPU %      MEM USAGE / LIMIT   MEM %     NET I/O   BLOCK I/O     PIDS
344b3c03ed6f   pbbs_nearestNeighbors   4914.10%   52.39GiB / 96GiB    54.57%    0B / 0B   2.78GB / 0B   52
30c9d0dd067a   x265                    3727.83%   2.922GiB / 96GiB    3.04%     0B / 0B   0B / 3.23MB   117
2025-02-17 06:26:05.398776
CONTAINER ID   NAME                    CPU %      MEM USAGE / LIMIT   MEM %     NET I/O   BLOCK I/O     PIDS
344b3c03ed6f   pbbs_nearestNeighbors   4890.05%   52.39GiB / 96GiB    54.57%    0B / 0B   2.78GB / 0B   52
30c9d0dd067a   x265                    4401.07%   2.922GiB / 96GiB    3.04%     0B / 0B   0B / 3.23MB   117
2025-02-17 06:26:07.407365
CONTAINER ID   NAME                    CPU %      MEM USAGE / LIMIT   MEM %     NET I/O   BLOCK I/O     PIDS
344b3c03ed6f   pbbs_nearestNeighbors   4971.97%   52.39GiB / 96GiB    54.57%    0B / 0B   2.78GB / 0B   52
30c9d0dd067a   x265                    3641.69%   2.921GiB / 96GiB    3.04%     0B / 0B   0B / 3.23MB   117
2025-02-17 06:26:09.417691
CONTAINER ID   NAME                    CPU %      MEM USAGE / LIMIT   MEM %     NET I/O   BLOCK I/O     PIDS
344b3c03ed6f   pbbs_nearestNeighbors   4997.83%   52.39GiB / 96GiB    54.57%    0B / 0B   2.78GB / 0B   52
30c9d0dd067a   x265                    3741.85%   2.921GiB / 96GiB    3.04%     0B / 0B   0B / 3.23MB   117
2025-02-17 06:26:11.427656
CONTAINER ID   NAME                    CPU %      MEM USAGE / LIMIT   MEM %     NET I/O   BLOCK I/O     PIDS
344b3c03ed6f   pbbs_nearestNeighbors   4977.47%   52.39GiB / 96GiB    54.57%    0B / 0B   2.78GB / 0B   52
30c9d0dd067a   x265                    3635.08%   2.929GiB / 96GiB    3.05%     0B / 0B   0B / 3.23MB   117
2025-02-17 06:26:13.439214
CONTAINER ID   NAME                    CPU %      MEM USAGE / LIMIT   MEM %     NET I/O   BLOCK I/O     PIDS
344b3c03ed6f   pbbs_nearestNeighbors   4972.30%   52.39GiB / 96GiB    54.57%    0B / 0B   2.78GB / 0B   52
30c9d0dd067a   x265                    3703.43%   2.929GiB / 96GiB    3.05%     0B / 0B   0B / 3.23MB   117
2025-02-17 06:26:15.448350
CONTAINER ID   NAME                    CPU %      MEM USAGE / LIMIT   MEM %     NET I/O   BLOCK I/O     PIDS
344b3c03ed6f   pbbs_nearestNeighbors   4989.22%   52.39GiB / 96GiB    54.57%    0B / 0B   2.78GB / 0B   52
30c9d0dd067a   x265                    3612.62%   2.929GiB / 96GiB    3.05%     0B / 0B   0B / 3.23MB   117
2025-02-17 06:26:17.461331
CONTAINER ID   NAME                    CPU %      MEM USAGE / LIMIT   MEM %     NET I/O   BLOCK I/O     PIDS
344b3c03ed6f   pbbs_nearestNeighbors   4948.14%   52.39GiB / 96GiB    54.57%    0B / 0B   2.78GB / 0B   52
30c9d0dd067a   x265                    3774.17%   2.928GiB / 96GiB    3.05%     0B / 0B   0B / 3.23MB   117
2025-02-17 06:26:19.470127
CONTAINER ID   NAME                    CPU %      MEM USAGE / LIMIT   MEM %     NET I/O   BLOCK I/O     PIDS
344b3c03ed6f   pbbs_nearestNeighbors   4948.83%   52.39GiB / 96GiB    54.57%    0B / 0B   2.78GB / 0B   52
30c9d0dd067a   x265                    3674.82%   2.928GiB / 96GiB    3.05%     0B / 0B   0B / 3.23MB   117
2025-02-17 06:26:21.480584
CONTAINER ID   NAME                    CPU %      MEM USAGE / LIMIT   MEM %     NET I/O   BLOCK I/O     PIDS
344b3c03ed6f   pbbs_nearestNeighbors   4962.38%   52.39GiB / 96GiB    54.57%    0B / 0B   2.78GB / 0B   52
30c9d0dd067a   x265                    3798.60%   2.928GiB / 96GiB    3.05%     0B / 0B   0B / 3.23MB   117
2025-02-17 06:26:23.489832
CONTAINER ID   NAME                    CPU %      MEM USAGE / LIMIT   MEM %     NET I/O   BLOCK I/O     PIDS
344b3c03ed6f   pbbs_nearestNeighbors   4971.80%   52.39GiB / 96GiB    54.57%    0B / 0B   2.78GB / 0B   52
30c9d0dd067a   x265                    3686.84%   2.928GiB / 96GiB    3.05%     0B / 0B   0B / 3.23MB   117
2025-02-17 06:26:25.500774
CONTAINER ID   NAME                    CPU %      MEM USAGE / LIMIT   MEM %     NET I/O   BLOCK I/O     PIDS
344b3c03ed6f   pbbs_nearestNeighbors   4982.07%   52.39GiB / 96GiB    54.57%    0B / 0B   2.78GB / 0B   52
30c9d0dd067a   x265                    3671.24%   2.928GiB / 96GiB    3.05%     0B / 0B   0B / 3.23MB   117
2025-02-17 06:26:27.511124
CONTAINER ID   NAME                    CPU %      MEM USAGE / LIMIT   MEM %     NET I/O   BLOCK I/O     PIDS
344b3c03ed6f   pbbs_nearestNeighbors   4967.97%   52.39GiB / 96GiB    54.57%    0B / 0B   2.78GB / 0B   52
30c9d0dd067a   x265                    3748.12%   2.929GiB / 96GiB    3.05%     0B / 0B   0B / 3.23MB   117
2025-02-17 06:26:29.522726
CONTAINER ID   NAME                    CPU %      MEM USAGE / LIMIT   MEM %     NET I/O   BLOCK I/O     PIDS
344b3c03ed6f   pbbs_nearestNeighbors   716.42%    43.76GiB / 96GiB    45.59%    0B / 0B   2.78GB / 0B   52
30c9d0dd067a   x265                    4160.99%   2.941GiB / 96GiB    3.06%     0B / 0B   0B / 3.23MB   117
2025-02-17 06:26:31.531946
CONTAINER ID   NAME                    CPU %      MEM USAGE / LIMIT   MEM %     NET I/O   BLOCK I/O     PIDS
344b3c03ed6f   pbbs_nearestNeighbors   101.68%    23.45GiB / 96GiB    24.43%    0B / 0B   2.78GB / 0B   52
30c9d0dd067a   x265                    3383.11%   2.942GiB / 96GiB    3.06%     0B / 0B   0B / 3.23MB   117
2025-02-17 06:26:33.543739
CONTAINER ID   NAME      CPU %      MEM USAGE / LIMIT   MEM %     NET I/O   BLOCK I/O     PIDS
30c9d0dd067a   x265      4802.98%   2.971GiB / 96GiB    3.09%     0B / 0B   0B / 3.23MB   117
2025-02-17 06:26:35.551408
CONTAINER ID   NAME      CPU %      MEM USAGE / LIMIT   MEM %     NET I/O   BLOCK I/O     PIDS
30c9d0dd067a   x265      4536.02%   2.988GiB / 96GiB    3.11%     0B / 0B   0B / 3.23MB   117
2025-02-17 06:26:37.560115
CONTAINER ID   NAME      CPU %      MEM USAGE / LIMIT   MEM %     NET I/O   BLOCK I/O     PIDS
30c9d0dd067a   x265      4462.90%   2.988GiB / 96GiB    3.11%     0B / 0B   0B / 3.23MB   115
2025-02-17 06:26:39.565600
CONTAINER ID   NAME      CPU %      MEM USAGE / LIMIT   MEM %     NET I/O   BLOCK I/O     PIDS
30c9d0dd067a   x265      4104.85%   2.988GiB / 96GiB    3.11%     0B / 0B   0B / 3.23MB   115
2025-02-17 06:26:41.573332
CONTAINER ID   NAME      CPU %      MEM USAGE / LIMIT   MEM %     NET I/O   BLOCK I/O     PIDS
30c9d0dd067a   x265      3158.71%   1.946GiB / 96GiB    2.03%     0B / 0B   0B / 3.35MB   117
2025-02-17 06:26:43.583845
CONTAINER ID   NAME      CPU %      MEM USAGE / LIMIT   MEM %     NET I/O   BLOCK I/O     PIDS
30c9d0dd067a   x265      4639.55%   2.888GiB / 96GiB    3.01%     0B / 0B   0B / 3.35MB   117
2025-02-17 06:26:45.590506
CONTAINER ID   NAME      CPU %      MEM USAGE / LIMIT   MEM %     NET I/O   BLOCK I/O     PIDS
30c9d0dd067a   x265      4478.50%   2.889GiB / 96GiB    3.01%     0B / 0B   0B / 3.35MB   117
2025-02-17 06:26:47.597053
CONTAINER ID   NAME      CPU %      MEM USAGE / LIMIT   MEM %     NET I/O   BLOCK I/O     PIDS
30c9d0dd067a   x265      4577.70%   2.89GiB / 96GiB     3.01%     0B / 0B   0B / 3.35MB   117
2025-02-17 06:26:49.604709
CONTAINER ID   NAME      CPU %      MEM USAGE / LIMIT   MEM %     NET I/O   BLOCK I/O     PIDS
30c9d0dd067a   x265      4663.32%   2.89GiB / 96GiB     3.01%     0B / 0B   0B / 3.35MB   117
2025-02-17 06:26:51.609843
CONTAINER ID   NAME      CPU %      MEM USAGE / LIMIT   MEM %     NET I/O   BLOCK I/O     PIDS
30c9d0dd067a   x265      4818.40%   2.89GiB / 96GiB     3.01%     0B / 0B   0B / 3.35MB   117
2025-02-17 06:26:53.614444
CONTAINER ID   NAME      CPU %      MEM USAGE / LIMIT   MEM %     NET I/O   BLOCK I/O     PIDS
30c9d0dd067a   x265      4624.70%   2.891GiB / 96GiB    3.01%     0B / 0B   0B / 3.35MB   117
2025-02-17 06:26:55.619497
CONTAINER ID   NAME      CPU %      MEM USAGE / LIMIT   MEM %     NET I/O   BLOCK I/O     PIDS
30c9d0dd067a   x265      4398.62%   2.907GiB / 96GiB    3.03%     0B / 0B   0B / 3.35MB   117
2025-02-17 06:26:57.626547
CONTAINER ID   NAME      CPU %      MEM USAGE / LIMIT   MEM %     NET I/O   BLOCK I/O     PIDS
30c9d0dd067a   x265      4607.59%   2.91GiB / 96GiB     3.03%     0B / 0B   0B / 3.35MB   117
2025-02-17 06:26:59.630952
CONTAINER ID   NAME      CPU %      MEM USAGE / LIMIT   MEM %     NET I/O   BLOCK I/O     PIDS
30c9d0dd067a   x265      4645.88%   2.914GiB / 96GiB    3.04%     0B / 0B   0B / 3.35MB   117
2025-02-17 06:27:01.636609
CONTAINER ID   NAME      CPU %      MEM USAGE / LIMIT   MEM %     NET I/O   BLOCK I/O     PIDS
30c9d0dd067a   x265      4472.34%   2.915GiB / 96GiB    3.04%     0B / 0B   0B / 3.35MB   117
2025-02-17 06:27:03.643392
CONTAINER ID   NAME      CPU %      MEM USAGE / LIMIT   MEM %     NET I/O   BLOCK I/O     PIDS
30c9d0dd067a   x265      4655.05%   2.915GiB / 96GiB    3.04%     0B / 0B   0B / 3.35MB   117
2025-02-17 06:27:05.649257
CONTAINER ID   NAME      CPU %      MEM USAGE / LIMIT   MEM %     NET I/O   BLOCK I/O     PIDS
30c9d0dd067a   x265      4561.04%   2.917GiB / 96GiB    3.04%     0B / 0B   0B / 3.35MB   117
2025-02-17 06:27:07.656273
CONTAINER ID   NAME      CPU %      MEM USAGE / LIMIT   MEM %     NET I/O   BLOCK I/O     PIDS
30c9d0dd067a   x265      4461.99%   2.924GiB / 96GiB    3.05%     0B / 0B   0B / 3.35MB   117
2025-02-17 06:27:09.661646
CONTAINER ID   NAME      CPU %      MEM USAGE / LIMIT   MEM %     NET I/O   BLOCK I/O     PIDS
30c9d0dd067a   x265      4551.21%   2.924GiB / 96GiB    3.05%     0B / 0B   0B / 3.35MB   117
2025-02-17 06:27:11.668970
CONTAINER ID   NAME      CPU %      MEM USAGE / LIMIT   MEM %     NET I/O   BLOCK I/O     PIDS
30c9d0dd067a   x265      4407.48%   2.924GiB / 96GiB    3.05%     0B / 0B   0B / 3.35MB   117
2025-02-17 06:27:13.674938
CONTAINER ID   NAME      CPU %      MEM USAGE / LIMIT   MEM %     NET I/O   BLOCK I/O     PIDS
30c9d0dd067a   x265      4916.53%   2.924GiB / 96GiB    3.05%     0B / 0B   0B / 3.35MB   117
2025-02-17 06:27:15.680655
CONTAINER ID   NAME      CPU %      MEM USAGE / LIMIT   MEM %     NET I/O   BLOCK I/O     PIDS
30c9d0dd067a   x265      4540.70%   2.924GiB / 96GiB    3.05%     0B / 0B   0B / 3.35MB   117
2025-02-17 06:27:17.686607
CONTAINER ID   NAME      CPU %      MEM USAGE / LIMIT   MEM %     NET I/O   BLOCK I/O     PIDS
30c9d0dd067a   x265      4470.24%   2.923GiB / 96GiB    3.05%     0B / 0B   0B / 3.35MB   117
2025-02-17 06:27:19.693240
CONTAINER ID   NAME      CPU %      MEM USAGE / LIMIT   MEM %     NET I/O   BLOCK I/O     PIDS
30c9d0dd067a   x265      4757.85%   2.936GiB / 96GiB    3.06%     0B / 0B   0B / 3.35MB   117
2025-02-17 06:27:21.701599
CONTAINER ID   NAME      CPU %      MEM USAGE / LIMIT   MEM %     NET I/O   BLOCK I/O     PIDS
30c9d0dd067a   x265      4418.65%   2.952GiB / 96GiB    3.07%     0B / 0B   0B / 3.35MB   117
2025-02-17 06:27:23.705710
CONTAINER ID   NAME      CPU %      MEM USAGE / LIMIT   MEM %     NET I/O   BLOCK I/O     PIDS
30c9d0dd067a   x265      4388.55%   2.974GiB / 96GiB    3.10%     0B / 0B   0B / 3.35MB   117
2025-02-17 06:27:25.711046
CONTAINER ID   NAME      CPU %      MEM USAGE / LIMIT   MEM %     NET I/O   BLOCK I/O     PIDS
30c9d0dd067a   x265      4711.89%   2.986GiB / 96GiB    3.11%     0B / 0B   0B / 3.35MB   115
2025-02-17 06:27:27.716600
CONTAINER ID   NAME      CPU %      MEM USAGE / LIMIT   MEM %     NET I/O   BLOCK I/O     PIDS
30c9d0dd067a   x265      3659.57%   2.986GiB / 96GiB    3.11%     0B / 0B   0B / 3.35MB   115
2025-02-17 06:27:29.723616
CONTAINER ID   NAME      CPU %      MEM USAGE / LIMIT   MEM %     NET I/O   BLOCK I/O     PIDS
30c9d0dd067a   x265      2216.28%   1.324GiB / 96GiB    1.38%     0B / 0B   0B / 4.18MB   117
2025-02-17 06:27:31.728146
CONTAINER ID   NAME      CPU %      MEM USAGE / LIMIT   MEM %     NET I/O   BLOCK I/O     PIDS
30c9d0dd067a   x265      4253.65%   2.862GiB / 96GiB    2.98%     0B / 0B   0B / 4.18MB   117
2025-02-17 06:27:33.733635
CONTAINER ID   NAME      CPU %      MEM USAGE / LIMIT   MEM %     NET I/O   BLOCK I/O     PIDS
30c9d0dd067a   x265      4392.88%   2.885GiB / 96GiB    3.01%     0B / 0B   0B / 4.18MB   117
2025-02-17 06:27:35.738552
CONTAINER ID   NAME      CPU %      MEM USAGE / LIMIT   MEM %     NET I/O   BLOCK I/O     PIDS
30c9d0dd067a   x265      4653.48%   2.886GiB / 96GiB    3.01%     0B / 0B   0B / 4.18MB   117
2025-02-17 06:27:37.744507
CONTAINER ID   NAME      CPU %      MEM USAGE / LIMIT   MEM %     NET I/O   BLOCK I/O     PIDS
30c9d0dd067a   x265      4598.09%   2.888GiB / 96GiB    3.01%     0B / 0B   0B / 4.18MB   117
2025-02-17 06:27:39.749420
CONTAINER ID   NAME      CPU %      MEM USAGE / LIMIT   MEM %     NET I/O   BLOCK I/O     PIDS
30c9d0dd067a   x265      4581.90%   2.887GiB / 96GiB    3.01%     0B / 0B   0B / 4.18MB   117
2025-02-17 06:27:41.754980
CONTAINER ID   NAME      CPU %      MEM USAGE / LIMIT   MEM %     NET I/O   BLOCK I/O     PIDS
30c9d0dd067a   x265      3717.66%   2.887GiB / 96GiB    3.01%     0B / 0B   0B / 4.18MB   117
2025-02-17 06:27:43.762152
CONTAINER ID   NAME      CPU %      MEM USAGE / LIMIT   MEM %     NET I/O   BLOCK I/O     PIDS
30c9d0dd067a   x265      4863.45%   2.887GiB / 96GiB    3.01%     0B / 0B   0B / 4.18MB   117
2025-02-17 06:27:45.766598
CONTAINER ID   NAME      CPU %      MEM USAGE / LIMIT   MEM %     NET I/O   BLOCK I/O     PIDS
30c9d0dd067a   x265      4557.27%   2.912GiB / 96GiB    3.03%     0B / 0B   0B / 4.18MB   117
2025-02-17 06:27:47.773990
CONTAINER ID   NAME      CPU %      MEM USAGE / LIMIT   MEM %     NET I/O   BLOCK I/O     PIDS
30c9d0dd067a   x265      4476.33%   2.911GiB / 96GiB    3.03%     0B / 0B   0B / 4.18MB   117
2025-02-17 06:27:49.779606
CONTAINER ID   NAME      CPU %      MEM USAGE / LIMIT   MEM %     NET I/O   BLOCK I/O     PIDS
30c9d0dd067a   x265      4939.47%   2.918GiB / 96GiB    3.04%     0B / 0B   0B / 4.18MB   117
2025-02-17 06:27:51.784453
CONTAINER ID   NAME      CPU %      MEM USAGE / LIMIT   MEM %     NET I/O   BLOCK I/O     PIDS
30c9d0dd067a   x265      4221.47%   2.917GiB / 96GiB    3.04%     0B / 0B   0B / 4.18MB   117
2025-02-17 06:27:53.788401
CONTAINER ID   NAME      CPU %      MEM USAGE / LIMIT   MEM %     NET I/O   BLOCK I/O     PIDS
30c9d0dd067a   x265      4728.18%   2.916GiB / 96GiB    3.04%     0B / 0B   0B / 4.18MB   117
2025-02-17 06:27:55.792266
CONTAINER ID   NAME      CPU %      MEM USAGE / LIMIT   MEM %     NET I/O   BLOCK I/O     PIDS
30c9d0dd067a   x265      4305.65%   2.918GiB / 96GiB    3.04%     0B / 0B   0B / 4.18MB   117
2025-02-17 06:27:57.798117
CONTAINER ID   NAME      CPU %      MEM USAGE / LIMIT   MEM %     NET I/O   BLOCK I/O     PIDS
30c9d0dd067a   x265      4652.72%   2.925GiB / 96GiB    3.05%     0B / 0B   0B / 4.18MB   117
2025-02-17 06:27:59.804215
CONTAINER ID   NAME      CPU %      MEM USAGE / LIMIT   MEM %     NET I/O   BLOCK I/O     PIDS
30c9d0dd067a   x265      4692.80%   2.926GiB / 96GiB    3.05%     0B / 0B   0B / 4.18MB   117
2025-02-17 06:28:01.808697
CONTAINER ID   NAME      CPU %      MEM USAGE / LIMIT   MEM %     NET I/O   BLOCK I/O     PIDS
30c9d0dd067a   x265      4883.43%   2.925GiB / 96GiB    3.05%     0B / 0B   0B / 4.18MB   117
2025-02-17 06:28:03.814550
CONTAINER ID   NAME      CPU %      MEM USAGE / LIMIT   MEM %     NET I/O   BLOCK I/O     PIDS
30c9d0dd067a   x265      4377.56%   2.925GiB / 96GiB    3.05%     0B / 0B   0B / 4.18MB   117
2025-02-17 06:28:05.818994
CONTAINER ID   NAME      CPU %      MEM USAGE / LIMIT   MEM %     NET I/O   BLOCK I/O     PIDS
30c9d0dd067a   x265      4538.89%   2.925GiB / 96GiB    3.05%     0B / 0B   0B / 4.18MB   117
2025-02-17 06:28:07.827165
CONTAINER ID   NAME      CPU %      MEM USAGE / LIMIT   MEM %     NET I/O   BLOCK I/O     PIDS
30c9d0dd067a   x265      4512.73%   2.925GiB / 96GiB    3.05%     0B / 0B   0B / 4.18MB   117
2025-02-17 06:28:09.831472
CONTAINER ID   NAME      CPU %      MEM USAGE / LIMIT   MEM %     NET I/O   BLOCK I/O     PIDS
30c9d0dd067a   x265      4872.64%   2.94GiB / 96GiB     3.06%     0B / 0B   0B / 4.18MB   117
2025-02-17 06:28:11.836827
CONTAINER ID   NAME      CPU %      MEM USAGE / LIMIT   MEM %     NET I/O   BLOCK I/O     PIDS
30c9d0dd067a   x265      3107.50%   2.958GiB / 96GiB    3.08%     0B / 0B   0B / 4.18MB   117
2025-02-17 06:28:13.845978
CONTAINER ID   NAME      CPU %      MEM USAGE / LIMIT   MEM %     NET I/O   BLOCK I/O     PIDS
30c9d0dd067a   x265      4289.98%   2.983GiB / 96GiB    3.11%     0B / 0B   0B / 4.18MB   117
2025-02-17 06:28:15.851048
CONTAINER ID   NAME      CPU %      MEM USAGE / LIMIT   MEM %     NET I/O   BLOCK I/O     PIDS
30c9d0dd067a   x265      4771.23%   2.99GiB / 96GiB     3.11%     0B / 0B   0B / 4.18MB   116
2025-02-17 06:28:17.856234
CONTAINER ID   NAME      CPU %      MEM USAGE / LIMIT   MEM %     NET I/O   BLOCK I/O     PIDS
30c9d0dd067a   x265      4161.34%   2.991GiB / 96GiB    3.12%     0B / 0B   0B / 4.18MB   115
2025-02-17 06:28:19.863370
CONTAINER ID   NAME      CPU %     MEM USAGE / LIMIT   MEM %     NET I/O   BLOCK I/O     PIDS
30c9d0dd067a   x265      9.64%     3.668MiB / 96GiB    0.00%     0B / 0B   0B / 4.83MB   1
2025-02-17 06:28:21.871452
CONTAINER ID   NAME      CPU %     MEM USAGE / LIMIT   MEM %     NET I/O   BLOCK I/O     PIDS
30c9d0dd067a   x265      0.00%     3.293MiB / 96GiB    0.00%     0B / 0B   0B / 4.83MB   1
2025-02-17 06:28:23.875949
CONTAINER ID   NAME      CPU %     MEM USAGE / LIMIT   MEM %     NET I/O   BLOCK I/O     PIDS
30c9d0dd067a   x265      0.00%     3.27MiB / 96GiB     0.00%     0B / 0B   0B / 4.83MB   1
2025-02-17 06:28:25.881375
CONTAINER ID   NAME      CPU %     MEM USAGE / LIMIT   MEM %     NET I/O   BLOCK I/O     PIDS
30c9d0dd067a   x265      0.00%     3.246MiB / 96GiB    0.00%     0B / 0B   0B / 4.83MB   1
2025-02-17 06:28:27.887378
CONTAINER ID   NAME      CPU %     MEM USAGE / LIMIT   MEM %     NET I/O   BLOCK I/O     PIDS
30c9d0dd067a   x265      0.00%     3.246MiB / 96GiB    0.00%     0B / 0B   0B / 4.83MB   1
2025-02-17 06:28:29.892054
CONTAINER ID   NAME      CPU %     MEM USAGE / LIMIT   MEM %     NET I/O   BLOCK I/O   PIDS
