2024-11-13 20:56:30.654044
CONTAINER ID   NAME      CPU %     MEM USAGE / LIMIT   MEM %     NET I/O   BLOCK I/O   PIDS
2024-11-13 20:56:31.295298
CONTAINER ID   NAME      CPU %     MEM USAGE / LIMIT   MEM %     NET I/O   BLOCK I/O   PIDS
2024-11-13 20:56:31.929477
CONTAINER ID   NAME      CPU %     MEM USAGE / LIMIT   MEM %     NET I/O   BLOCK I/O   PIDS
2024-11-13 20:56:32.565667
CONTAINER ID   NAME      CPU %     MEM USAGE / LIMIT   MEM %     NET I/O   BLOCK I/O   PIDS
2024-11-13 20:56:33.201278
CONTAINER ID   NAME      CPU %     MEM USAGE / LIMIT   MEM %     NET I/O   BLOCK I/O   PIDS
2024-11-13 20:56:33.833815
CONTAINER ID   NAME      CPU %     MEM USAGE / LIMIT   MEM %     NET I/O   BLOCK I/O   PIDS
2024-11-13 20:56:34.467183
CONTAINER ID   NAME      CPU %     MEM USAGE / LIMIT   MEM %     NET I/O   BLOCK I/O   PIDS
2024-11-13 20:56:35.099408
CONTAINER ID   NAME      CPU %     MEM USAGE / LIMIT   MEM %     NET I/O   BLOCK I/O   PIDS
2024-11-13 20:56:35.732965
CONTAINER ID   NAME      CPU %     MEM USAGE / LIMIT   MEM %     NET I/O   BLOCK I/O   PIDS
2024-11-13 20:56:36.365251
CONTAINER ID   NAME      CPU %     MEM USAGE / LIMIT   MEM %     NET I/O   BLOCK I/O   PIDS
2024-11-13 20:56:36.998470
CONTAINER ID   NAME      CPU %     MEM USAGE / LIMIT   MEM %     NET I/O   BLOCK I/O   PIDS
2024-11-13 20:56:37.630777
CONTAINER ID   NAME      CPU %     MEM USAGE / LIMIT   MEM %     NET I/O   BLOCK I/O   PIDS
2024-11-13 20:56:38.263045
CONTAINER ID   NAME      CPU %     MEM USAGE / LIMIT   MEM %     NET I/O   BLOCK I/O   PIDS
2024-11-13 20:56:38.896422
CONTAINER ID   NAME      CPU %     MEM USAGE / LIMIT   MEM %     NET I/O   BLOCK I/O   PIDS
2024-11-13 20:56:39.527850
CONTAINER ID   NAME      CPU %     MEM USAGE / LIMIT   MEM %     NET I/O   BLOCK I/O   PIDS
2024-11-13 20:56:40.160978
CONTAINER ID   NAME      CPU %     MEM USAGE / LIMIT   MEM %     NET I/O   BLOCK I/O   PIDS
2024-11-13 20:56:40.792732
CONTAINER ID   NAME      CPU %     MEM USAGE / LIMIT   MEM %     NET I/O   BLOCK I/O   PIDS
2024-11-13 20:56:41.427764
CONTAINER ID   NAME      CPU %     MEM USAGE / LIMIT   MEM %     NET I/O   BLOCK I/O   PIDS
2024-11-13 20:56:42.059942
CONTAINER ID   NAME      CPU %     MEM USAGE / LIMIT   MEM %     NET I/O   BLOCK I/O   PIDS
2024-11-13 20:56:42.692435
CONTAINER ID   NAME      CPU %     MEM USAGE / LIMIT   MEM %     NET I/O   BLOCK I/O   PIDS
2024-11-13 20:56:43.325689
CONTAINER ID   NAME      CPU %     MEM USAGE / LIMIT   MEM %     NET I/O   BLOCK I/O   PIDS
2024-11-13 20:56:43.957784
CONTAINER ID   NAME      CPU %     MEM USAGE / LIMIT   MEM %     NET I/O   BLOCK I/O   PIDS
2024-11-13 20:56:44.591767
CONTAINER ID   NAME      CPU %     MEM USAGE / LIMIT   MEM %     NET I/O   BLOCK I/O   PIDS
2024-11-13 20:56:45.224169
CONTAINER ID   NAME      CPU %     MEM USAGE / LIMIT   MEM %     NET I/O   BLOCK I/O   PIDS
2024-11-13 20:56:45.855684
CONTAINER ID   NAME      CPU %     MEM USAGE / LIMIT   MEM %     NET I/O   BLOCK I/O   PIDS
2024-11-13 20:56:46.488507
CONTAINER ID   NAME      CPU %     MEM USAGE / LIMIT   MEM %     NET I/O   BLOCK I/O   PIDS
2024-11-13 20:56:47.120773
CONTAINER ID   NAME      CPU %     MEM USAGE / LIMIT   MEM %     NET I/O   BLOCK I/O   PIDS
2024-11-13 20:56:47.754024
CONTAINER ID   NAME      CPU %     MEM USAGE / LIMIT   MEM %     NET I/O   BLOCK I/O   PIDS
2024-11-13 20:56:48.386391
CONTAINER ID   NAME      CPU %     MEM USAGE / LIMIT   MEM %     NET I/O   BLOCK I/O   PIDS
2024-11-13 20:56:49.019788
CONTAINER ID   NAME      CPU %     MEM USAGE / LIMIT   MEM %     NET I/O   BLOCK I/O   PIDS
2024-11-13 20:56:49.652453
CONTAINER ID   NAME      CPU %     MEM USAGE / LIMIT   MEM %     NET I/O   BLOCK I/O   PIDS
2024-11-13 20:56:50.286379
CONTAINER ID   NAME      CPU %     MEM USAGE / LIMIT   MEM %     NET I/O   BLOCK I/O   PIDS
2024-11-13 20:56:50.918295
CONTAINER ID   NAME         CPU %     MEM USAGE / LIMIT   MEM %     NET I/O   BLOCK I/O     PIDS
c4b95b8f2ce7   pbbs_nBody   100.34%   180.4MiB / 96GiB    0.18%     0B / 0B   24.6kB / 0B   5
2024-11-13 20:56:52.566757
CONTAINER ID   NAME         CPU %     MEM USAGE / LIMIT   MEM %     NET I/O   BLOCK I/O     PIDS
c4b95b8f2ce7   pbbs_nBody   99.90%    340.1MiB / 96GiB    0.35%     0B / 0B   24.6kB / 0B   5
2024-11-13 20:56:54.575072
CONTAINER ID   NAME         CPU %     MEM USAGE / LIMIT   MEM %     NET I/O   BLOCK I/O     PIDS
c4b95b8f2ce7   pbbs_nBody   99.37%    388.8MiB / 96GiB    0.40%     0B / 0B   24.6kB / 0B   5
2024-11-13 20:56:56.585086
CONTAINER ID   NAME         CPU %     MEM USAGE / LIMIT   MEM %     NET I/O   BLOCK I/O     PIDS
c4b95b8f2ce7   pbbs_nBody   99.82%    421MiB / 96GiB      0.43%     0B / 0B   24.6kB / 0B   5
2024-11-13 20:56:58.594058
CONTAINER ID   NAME         CPU %     MEM USAGE / LIMIT   MEM %     NET I/O   BLOCK I/O        PIDS
c4b95b8f2ce7   pbbs_nBody   99.51%    119.1MiB / 96GiB    0.12%     0B / 0B   143kB / 19.8MB   5
2024-11-13 20:57:00.604967
CONTAINER ID   NAME         CPU %     MEM USAGE / LIMIT   MEM %     NET I/O   BLOCK I/O        PIDS
c4b95b8f2ce7   pbbs_nBody   99.33%    357.6MiB / 96GiB    0.36%     0B / 0B   143kB / 19.8MB   5
2024-11-13 20:57:02.612699
CONTAINER ID   NAME         CPU %     MEM USAGE / LIMIT   MEM %     NET I/O   BLOCK I/O        PIDS
c4b95b8f2ce7   pbbs_nBody   100.04%   479.2MiB / 96GiB    0.49%     0B / 0B   143kB / 19.8MB   5
2024-11-13 20:57:04.622881
CONTAINER ID   NAME         CPU %     MEM USAGE / LIMIT   MEM %     NET I/O   BLOCK I/O        PIDS
c4b95b8f2ce7   pbbs_nBody   100.13%   488.6MiB / 96GiB    0.50%     0B / 0B   143kB / 19.8MB   5
2024-11-13 20:57:06.631240
CONTAINER ID   NAME         CPU %     MEM USAGE / LIMIT   MEM %     NET I/O   BLOCK I/O        PIDS
c4b95b8f2ce7   pbbs_nBody   100.09%   524.2MiB / 96GiB    0.53%     0B / 0B   344kB / 19.8MB   5
2024-11-13 20:57:08.641996
CONTAINER ID   NAME         CPU %     MEM USAGE / LIMIT   MEM %     NET I/O   BLOCK I/O        PIDS
c4b95b8f2ce7   pbbs_nBody   100.07%   576.4MiB / 96GiB    0.59%     0B / 0B   344kB / 19.8MB   5
2024-11-13 20:57:10.649316
CONTAINER ID   NAME         CPU %     MEM USAGE / LIMIT   MEM %     NET I/O   BLOCK I/O        PIDS
c4b95b8f2ce7   pbbs_nBody   100.10%   624MiB / 96GiB      0.63%     0B / 0B   344kB / 19.8MB   5
2024-11-13 20:57:12.658319
CONTAINER ID   NAME         CPU %     MEM USAGE / LIMIT   MEM %     NET I/O   BLOCK I/O        PIDS
c4b95b8f2ce7   pbbs_nBody   99.66%    678.4MiB / 96GiB    0.69%     0B / 0B   344kB / 19.8MB   5
2024-11-13 20:57:14.667155
CONTAINER ID   NAME         CPU %     MEM USAGE / LIMIT   MEM %     NET I/O   BLOCK I/O        PIDS
c4b95b8f2ce7   pbbs_nBody   99.34%    22.43MiB / 96GiB    0.02%     0B / 0B   352kB / 64.4MB   7
2024-11-13 20:57:16.678671
CONTAINER ID   NAME         CPU %     MEM USAGE / LIMIT   MEM %     NET I/O   BLOCK I/O        PIDS
c4b95b8f2ce7   pbbs_nBody   99.29%    302.8MiB / 96GiB    0.31%     0B / 0B   352kB / 64.4MB   7
2024-11-13 20:57:18.685283
CONTAINER ID   NAME         CPU %     MEM USAGE / LIMIT   MEM %     NET I/O   BLOCK I/O        PIDS
c4b95b8f2ce7   pbbs_nBody   99.74%    362.3MiB / 96GiB    0.37%     0B / 0B   352kB / 64.4MB   7
2024-11-13 20:57:20.695819
CONTAINER ID   NAME         CPU %     MEM USAGE / LIMIT   MEM %     NET I/O   BLOCK I/O        PIDS
c4b95b8f2ce7   pbbs_nBody   99.89%    407.9MiB / 96GiB    0.41%     0B / 0B   352kB / 64.4MB   7
2024-11-13 20:57:22.703441
CONTAINER ID   NAME         CPU %     MEM USAGE / LIMIT   MEM %     NET I/O   BLOCK I/O         PIDS
c4b95b8f2ce7   pbbs_nBody   366.90%   551.8MiB / 96GiB    0.56%     0B / 0B   8.33MB / 83.2MB   52
2024-11-13 20:57:24.713626
CONTAINER ID   NAME         CPU %      MEM USAGE / LIMIT   MEM %     NET I/O   BLOCK I/O         PIDS
c4b95b8f2ce7   pbbs_nBody   4535.41%   4.007GiB / 96GiB    4.17%     0B / 0B   37.3MB / 83.2MB   52
2024-11-13 20:57:26.723002
CONTAINER ID   NAME         CPU %      MEM USAGE / LIMIT   MEM %     NET I/O   BLOCK I/O         PIDS
c4b95b8f2ce7   pbbs_nBody   4799.39%   4.214GiB / 96GiB    4.39%     0B / 0B   37.3MB / 83.2MB   52
2024-11-13 20:57:28.729289
CONTAINER ID   NAME         CPU %      MEM USAGE / LIMIT   MEM %     NET I/O   BLOCK I/O         PIDS
c4b95b8f2ce7   pbbs_nBody   4796.87%   4.21GiB / 96GiB     4.39%     0B / 0B   37.3MB / 83.2MB   52
2024-11-13 20:57:30.738206
CONTAINER ID   NAME         CPU %      MEM USAGE / LIMIT   MEM %     NET I/O   BLOCK I/O         PIDS
c4b95b8f2ce7   pbbs_nBody   4812.91%   4.211GiB / 96GiB    4.39%     0B / 0B   37.3MB / 83.2MB   52
2024-11-13 20:57:32.743320
CONTAINER ID   NAME         CPU %      MEM USAGE / LIMIT   MEM %     NET I/O   BLOCK I/O         PIDS
c4b95b8f2ce7   pbbs_nBody   4804.02%   4.211GiB / 96GiB    4.39%     0B / 0B   37.3MB / 83.2MB   52
2024-11-13 20:57:34.748402
CONTAINER ID   NAME         CPU %      MEM USAGE / LIMIT   MEM %     NET I/O   BLOCK I/O         PIDS
c4b95b8f2ce7   pbbs_nBody   4782.59%   4.21GiB / 96GiB     4.39%     0B / 0B   37.4MB / 83.2MB   52
2024-11-13 20:57:36.754007
CONTAINER ID   NAME         CPU %      MEM USAGE / LIMIT   MEM %     NET I/O   BLOCK I/O         PIDS
c4b95b8f2ce7   pbbs_nBody   4788.47%   5.96GiB / 96GiB     6.21%     0B / 0B   37.4MB / 83.2MB   52
2024-11-13 20:57:38.760878
CONTAINER ID   NAME         CPU %      MEM USAGE / LIMIT   MEM %     NET I/O   BLOCK I/O         PIDS
c4b95b8f2ce7   pbbs_nBody   4803.78%   8.5GiB / 96GiB      8.85%     0B / 0B   37.4MB / 83.2MB   52
2024-11-13 20:57:40.767570
CONTAINER ID   NAME         CPU %      MEM USAGE / LIMIT   MEM %     NET I/O   BLOCK I/O         PIDS
c4b95b8f2ce7   pbbs_nBody   4782.34%   11.04GiB / 96GiB    11.50%    0B / 0B   37.4MB / 83.2MB   52
2024-11-13 20:57:42.772705
CONTAINER ID   NAME         CPU %      MEM USAGE / LIMIT   MEM %     NET I/O   BLOCK I/O         PIDS
c4b95b8f2ce7   pbbs_nBody   4231.73%   12.37GiB / 96GiB    12.89%    0B / 0B   37.4MB / 83.2MB   52
2024-11-13 20:57:44.784432
CONTAINER ID   NAME         CPU %      MEM USAGE / LIMIT   MEM %     NET I/O   BLOCK I/O         PIDS
c4b95b8f2ce7   pbbs_nBody   1413.80%   14.15GiB / 96GiB    14.74%    0B / 0B   37.4MB / 83.2MB   52
2024-11-13 20:57:46.788899
CONTAINER ID   NAME         CPU %      MEM USAGE / LIMIT   MEM %     NET I/O   BLOCK I/O         PIDS
c4b95b8f2ce7   pbbs_nBody   4813.56%   14.15GiB / 96GiB    14.74%    0B / 0B   37.4MB / 83.2MB   52
2024-11-13 20:57:48.793876
CONTAINER ID   NAME         CPU %      MEM USAGE / LIMIT   MEM %     NET I/O   BLOCK I/O         PIDS
c4b95b8f2ce7   pbbs_nBody   4812.75%   14.15GiB / 96GiB    14.74%    0B / 0B   37.4MB / 83.2MB   52
2024-11-13 20:57:50.798405
CONTAINER ID   NAME         CPU %      MEM USAGE / LIMIT   MEM %     NET I/O   BLOCK I/O         PIDS
c4b95b8f2ce7   pbbs_nBody   4794.37%   14.15GiB / 96GiB    14.74%    0B / 0B   37.4MB / 83.2MB   52
2024-11-13 20:57:52.805342
CONTAINER ID   NAME         CPU %      MEM USAGE / LIMIT   MEM %     NET I/O   BLOCK I/O         PIDS
c4b95b8f2ce7   pbbs_nBody   4794.86%   14.15GiB / 96GiB    14.74%    0B / 0B   37.4MB / 83.2MB   52
2024-11-13 20:57:54.810931
CONTAINER ID   NAME         CPU %      MEM USAGE / LIMIT   MEM %     NET I/O   BLOCK I/O         PIDS
c4b95b8f2ce7   pbbs_nBody   4777.85%   15.42GiB / 96GiB    16.06%    0B / 0B   37.4MB / 83.2MB   52
2024-11-13 20:57:56.814642
CONTAINER ID   NAME         CPU %      MEM USAGE / LIMIT   MEM %     NET I/O   BLOCK I/O         PIDS
c4b95b8f2ce7   pbbs_nBody   4797.90%   18.01GiB / 96GiB    18.76%    0B / 0B   37.4MB / 83.2MB   52
2024-11-13 20:57:58.820798
CONTAINER ID   NAME         CPU %      MEM USAGE / LIMIT   MEM %     NET I/O   BLOCK I/O         PIDS
c4b95b8f2ce7   pbbs_nBody   4810.45%   20.59GiB / 96GiB    21.45%    0B / 0B   37.4MB / 83.2MB   52
2024-11-13 20:58:00.828144
CONTAINER ID   NAME         CPU %      MEM USAGE / LIMIT   MEM %     NET I/O   BLOCK I/O         PIDS
c4b95b8f2ce7   pbbs_nBody   4361.80%   22.33GiB / 96GiB    23.26%    0B / 0B   37.4MB / 83.2MB   52
2024-11-13 20:58:02.839132
CONTAINER ID   NAME         CPU %      MEM USAGE / LIMIT   MEM %     NET I/O   BLOCK I/O         PIDS
c4b95b8f2ce7   pbbs_nBody   2552.49%   23.96GiB / 96GiB    24.96%    0B / 0B   37.4MB / 83.2MB   52
2024-11-13 20:58:04.843563
CONTAINER ID   NAME         CPU %      MEM USAGE / LIMIT   MEM %     NET I/O   BLOCK I/O         PIDS
c4b95b8f2ce7   pbbs_nBody   4781.56%   24.02GiB / 96GiB    25.02%    0B / 0B   37.4MB / 83.2MB   52
2024-11-13 20:58:06.848012
CONTAINER ID   NAME         CPU %      MEM USAGE / LIMIT   MEM %     NET I/O   BLOCK I/O         PIDS
c4b95b8f2ce7   pbbs_nBody   4802.48%   24.02GiB / 96GiB    25.02%    0B / 0B   37.4MB / 83.2MB   52
2024-11-13 20:58:08.853621
CONTAINER ID   NAME         CPU %      MEM USAGE / LIMIT   MEM %     NET I/O   BLOCK I/O         PIDS
c4b95b8f2ce7   pbbs_nBody   4811.04%   24.02GiB / 96GiB    25.02%    0B / 0B   37.4MB / 83.2MB   52
2024-11-13 20:58:10.859475
CONTAINER ID   NAME         CPU %      MEM USAGE / LIMIT   MEM %     NET I/O   BLOCK I/O         PIDS
c4b95b8f2ce7   pbbs_nBody   4797.41%   24.02GiB / 96GiB    25.02%    0B / 0B   37.4MB / 83.2MB   52
2024-11-13 20:58:12.864511
CONTAINER ID   NAME         CPU %      MEM USAGE / LIMIT   MEM %     NET I/O   BLOCK I/O         PIDS
c4b95b8f2ce7   pbbs_nBody   4775.67%   24.92GiB / 96GiB    25.96%    0B / 0B   37.4MB / 83.2MB   52
2024-11-13 20:58:14.869692
CONTAINER ID   NAME         CPU %      MEM USAGE / LIMIT   MEM %     NET I/O   BLOCK I/O         PIDS
c4b95b8f2ce7   pbbs_nBody   4786.28%   27.56GiB / 96GiB    28.71%    0B / 0B   37.4MB / 83.2MB   52
2024-11-13 20:58:16.877094
CONTAINER ID   NAME         CPU %      MEM USAGE / LIMIT   MEM %     NET I/O   BLOCK I/O         PIDS
c4b95b8f2ce7   pbbs_nBody   4794.88%   30.15GiB / 96GiB    31.40%    0B / 0B   37.4MB / 83.2MB   52
2024-11-13 20:58:18.880783
CONTAINER ID   NAME         CPU %      MEM USAGE / LIMIT   MEM %     NET I/O   BLOCK I/O         PIDS
c4b95b8f2ce7   pbbs_nBody   4406.10%   32.19GiB / 96GiB    33.54%    0B / 0B   37.4MB / 83.2MB   52
2024-11-13 20:58:20.890482
CONTAINER ID   NAME         CPU %      MEM USAGE / LIMIT   MEM %     NET I/O   BLOCK I/O         PIDS
c4b95b8f2ce7   pbbs_nBody   3683.18%   33.74GiB / 96GiB    35.14%    0B / 0B   37.4MB / 83.2MB   52
2024-11-13 20:58:22.899660
CONTAINER ID   NAME         CPU %      MEM USAGE / LIMIT   MEM %     NET I/O   BLOCK I/O         PIDS
c4b95b8f2ce7   pbbs_nBody   4814.92%   33.88GiB / 96GiB    35.30%    0B / 0B   37.4MB / 83.2MB   52
2024-11-13 20:58:24.902292
CONTAINER ID   NAME         CPU %      MEM USAGE / LIMIT   MEM %     NET I/O   BLOCK I/O         PIDS
c4b95b8f2ce7   pbbs_nBody   4795.61%   33.88GiB / 96GiB    35.29%    0B / 0B   37.4MB / 83.2MB   52
2024-11-13 20:58:26.907113
CONTAINER ID   NAME         CPU %      MEM USAGE / LIMIT   MEM %     NET I/O   BLOCK I/O         PIDS
c4b95b8f2ce7   pbbs_nBody   4785.39%   33.88GiB / 96GiB    35.29%    0B / 0B   37.4MB / 83.2MB   52
2024-11-13 20:58:28.911871
CONTAINER ID   NAME         CPU %      MEM USAGE / LIMIT   MEM %     NET I/O   BLOCK I/O         PIDS
c4b95b8f2ce7   pbbs_nBody   4773.59%   33.88GiB / 96GiB    35.29%    0B / 0B   37.4MB / 83.2MB   52
2024-11-13 20:58:30.917058
CONTAINER ID   NAME         CPU %      MEM USAGE / LIMIT   MEM %     NET I/O   BLOCK I/O         PIDS
c4b95b8f2ce7   pbbs_nBody   4791.54%   34.4GiB / 96GiB     35.83%    0B / 0B   37.4MB / 83.2MB   52
2024-11-13 20:58:32.922103
CONTAINER ID   NAME         CPU %      MEM USAGE / LIMIT   MEM %     NET I/O   BLOCK I/O         PIDS
c4b95b8f2ce7   pbbs_nBody   4804.37%   37.02GiB / 96GiB    38.56%    0B / 0B   37.4MB / 83.2MB   52
2024-11-13 20:58:34.926977
CONTAINER ID   NAME         CPU %      MEM USAGE / LIMIT   MEM %     NET I/O   BLOCK I/O         PIDS
c4b95b8f2ce7   pbbs_nBody   4790.11%   39.65GiB / 96GiB    41.31%    0B / 0B   37.4MB / 83.2MB   52
2024-11-13 20:58:36.933248
CONTAINER ID   NAME         CPU %      MEM USAGE / LIMIT   MEM %     NET I/O   BLOCK I/O         PIDS
c4b95b8f2ce7   pbbs_nBody   4774.04%   42.06GiB / 96GiB    43.81%    0B / 0B   37.4MB / 83.2MB   52
2024-11-13 20:58:38.940142
CONTAINER ID   NAME         CPU %      MEM USAGE / LIMIT   MEM %     NET I/O   BLOCK I/O         PIDS
c4b95b8f2ce7   pbbs_nBody   4500.07%   43.54GiB / 96GiB    45.35%    0B / 0B   37.4MB / 83.2MB   52
2024-11-13 20:58:40.952843
CONTAINER ID   NAME         CPU %      MEM USAGE / LIMIT   MEM %     NET I/O   BLOCK I/O         PIDS
c4b95b8f2ce7   pbbs_nBody   4784.68%   43.74GiB / 96GiB    45.56%    0B / 0B   37.4MB / 83.2MB   52
2024-11-13 20:58:42.956816
CONTAINER ID   NAME         CPU %      MEM USAGE / LIMIT   MEM %     NET I/O   BLOCK I/O         PIDS
c4b95b8f2ce7   pbbs_nBody   4801.85%   43.74GiB / 96GiB    45.56%    0B / 0B   37.4MB / 83.2MB   52
2024-11-13 20:58:44.961974
CONTAINER ID   NAME         CPU %      MEM USAGE / LIMIT   MEM %     NET I/O   BLOCK I/O         PIDS
c4b95b8f2ce7   pbbs_nBody   4784.45%   43.74GiB / 96GiB    45.56%    0B / 0B   37.4MB / 83.2MB   52
2024-11-13 20:58:46.967735
CONTAINER ID   NAME         CPU %      MEM USAGE / LIMIT   MEM %     NET I/O   BLOCK I/O         PIDS
c4b95b8f2ce7   pbbs_nBody   4782.07%   43.74GiB / 96GiB    45.56%    0B / 0B   37.4MB / 83.2MB   52
2024-11-13 20:58:48.973548
CONTAINER ID   NAME         CPU %      MEM USAGE / LIMIT   MEM %     NET I/O   BLOCK I/O         PIDS
c4b95b8f2ce7   pbbs_nBody   4811.56%   43.74GiB / 96GiB    45.56%    0B / 0B   37.4MB / 83.2MB   52
2024-11-13 20:58:50.978985
CONTAINER ID   NAME         CPU %      MEM USAGE / LIMIT   MEM %     NET I/O   BLOCK I/O         PIDS
c4b95b8f2ce7   pbbs_nBody   4799.48%   46.37GiB / 96GiB    48.31%    0B / 0B   37.4MB / 83.2MB   52
2024-11-13 20:58:52.984733
CONTAINER ID   NAME         CPU %      MEM USAGE / LIMIT   MEM %     NET I/O   BLOCK I/O         PIDS
c4b95b8f2ce7   pbbs_nBody   4808.85%   48.92GiB / 96GiB    50.96%    0B / 0B   37.4MB / 83.2MB   52
2024-11-13 20:58:54.990748
CONTAINER ID   NAME         CPU %      MEM USAGE / LIMIT   MEM %     NET I/O   BLOCK I/O         PIDS
c4b95b8f2ce7   pbbs_nBody   4799.19%   51.46GiB / 96GiB    53.60%    0B / 0B   37.4MB / 83.2MB   52
2024-11-13 20:58:56.997150
CONTAINER ID   NAME         CPU %      MEM USAGE / LIMIT   MEM %     NET I/O   BLOCK I/O         PIDS
c4b95b8f2ce7   pbbs_nBody   4607.36%   52.46GiB / 96GiB    54.64%    0B / 0B   37.4MB / 83.2MB   52
2024-11-13 20:58:59.009208
CONTAINER ID   NAME         CPU %      MEM USAGE / LIMIT   MEM %     NET I/O   BLOCK I/O         PIDS
c4b95b8f2ce7   pbbs_nBody   3599.19%   53.58GiB / 96GiB    55.82%    0B / 0B   37.4MB / 83.2MB   52
2024-11-13 20:59:01.018179
CONTAINER ID   NAME         CPU %      MEM USAGE / LIMIT   MEM %     NET I/O   BLOCK I/O         PIDS
c4b95b8f2ce7   pbbs_nBody   4799.42%   53.58GiB / 96GiB    55.82%    0B / 0B   37.4MB / 83.2MB   52
2024-11-13 20:59:03.022086
CONTAINER ID   NAME         CPU %      MEM USAGE / LIMIT   MEM %     NET I/O   BLOCK I/O         PIDS
c4b95b8f2ce7   pbbs_nBody   4801.74%   53.58GiB / 96GiB    55.82%    0B / 0B   37.4MB / 83.2MB   52
2024-11-13 20:59:05.028062
CONTAINER ID   NAME         CPU %      MEM USAGE / LIMIT   MEM %     NET I/O   BLOCK I/O         PIDS
c4b95b8f2ce7   pbbs_nBody   4794.73%   53.58GiB / 96GiB    55.82%    0B / 0B   37.4MB / 83.2MB   52
2024-11-13 20:59:07.033033
CONTAINER ID   NAME         CPU %      MEM USAGE / LIMIT   MEM %     NET I/O   BLOCK I/O         PIDS
c4b95b8f2ce7   pbbs_nBody   4811.70%   53.58GiB / 96GiB    55.82%    0B / 0B   37.4MB / 83.2MB   52
2024-11-13 20:59:09.038750
CONTAINER ID   NAME         CPU %      MEM USAGE / LIMIT   MEM %     NET I/O   BLOCK I/O         PIDS
c4b95b8f2ce7   pbbs_nBody   4799.50%   55.55GiB / 96GiB    57.87%    0B / 0B   37.4MB / 83.2MB   52
2024-11-13 20:59:11.045024
CONTAINER ID   NAME         CPU %      MEM USAGE / LIMIT   MEM %     NET I/O   BLOCK I/O         PIDS
c4b95b8f2ce7   pbbs_nBody   4797.63%   58.05GiB / 96GiB    60.47%    0B / 0B   37.4MB / 83.2MB   52
2024-11-13 20:59:13.052478
CONTAINER ID   NAME         CPU %      MEM USAGE / LIMIT   MEM %     NET I/O   BLOCK I/O         PIDS
c4b95b8f2ce7   pbbs_nBody   4806.74%   60.58GiB / 96GiB    63.10%    0B / 0B   37.4MB / 83.2MB   52
2024-11-13 20:59:15.060969
CONTAINER ID   NAME         CPU %      MEM USAGE / LIMIT   MEM %     NET I/O   BLOCK I/O         PIDS
c4b95b8f2ce7   pbbs_nBody   3346.97%   59.76GiB / 96GiB    62.25%    0B / 0B   37.4MB / 83.2MB   5
2024-11-13 20:59:17.073936
CONTAINER ID   NAME         CPU %     MEM USAGE / LIMIT   MEM %     NET I/O   BLOCK I/O         PIDS
c4b95b8f2ce7   pbbs_nBody   99.64%    14.53GiB / 96GiB    15.14%    0B / 0B   37.4MB / 83.2MB   5
2024-11-13 20:59:19.080741
CONTAINER ID   NAME      CPU %     MEM USAGE / LIMIT   MEM %     NET I/O   BLOCK I/O   PIDS
