2024-11-15 00:23:12.845056
CONTAINER ID   NAME      CPU %     MEM USAGE / LIMIT   MEM %     NET I/O   BLOCK I/O   PIDS
2024-11-15 00:23:13.480848
CONTAINER ID   NAME      CPU %     MEM USAGE / LIMIT   MEM %     NET I/O   BLOCK I/O   PIDS
2024-11-15 00:23:14.117389
CONTAINER ID   NAME      CPU %     MEM USAGE / LIMIT   MEM %     NET I/O   BLOCK I/O   PIDS
2024-11-15 00:23:14.752883
CONTAINER ID   NAME      CPU %     MEM USAGE / LIMIT   MEM %     NET I/O   BLOCK I/O   PIDS
2024-11-15 00:23:15.388128
CONTAINER ID   NAME      CPU %     MEM USAGE / LIMIT   MEM %     NET I/O   BLOCK I/O   PIDS
2024-11-15 00:23:16.020417
CONTAINER ID   NAME      CPU %     MEM USAGE / LIMIT   MEM %     NET I/O   BLOCK I/O   PIDS
2024-11-15 00:23:16.654551
CONTAINER ID   NAME      CPU %     MEM USAGE / LIMIT   MEM %     NET I/O   BLOCK I/O   PIDS
2024-11-15 00:23:17.287113
CONTAINER ID   NAME      CPU %     MEM USAGE / LIMIT   MEM %     NET I/O   BLOCK I/O   PIDS
2024-11-15 00:23:17.920535
CONTAINER ID   NAME      CPU %     MEM USAGE / LIMIT   MEM %     NET I/O   BLOCK I/O   PIDS
2024-11-15 00:23:18.553335
CONTAINER ID   NAME      CPU %     MEM USAGE / LIMIT   MEM %     NET I/O   BLOCK I/O   PIDS
2024-11-15 00:23:19.186189
CONTAINER ID   NAME      CPU %     MEM USAGE / LIMIT   MEM %     NET I/O   BLOCK I/O   PIDS
2024-11-15 00:23:19.820687
CONTAINER ID   NAME      CPU %     MEM USAGE / LIMIT   MEM %     NET I/O   BLOCK I/O   PIDS
2024-11-15 00:23:20.453037
CONTAINER ID   NAME      CPU %     MEM USAGE / LIMIT   MEM %     NET I/O   BLOCK I/O   PIDS
2024-11-15 00:23:21.087152
CONTAINER ID   NAME      CPU %     MEM USAGE / LIMIT   MEM %     NET I/O   BLOCK I/O   PIDS
2024-11-15 00:23:21.720816
CONTAINER ID   NAME      CPU %     MEM USAGE / LIMIT   MEM %     NET I/O   BLOCK I/O   PIDS
2024-11-15 00:23:22.353791
CONTAINER ID   NAME      CPU %     MEM USAGE / LIMIT   MEM %     NET I/O   BLOCK I/O   PIDS
2024-11-15 00:23:22.987685
CONTAINER ID   NAME      CPU %     MEM USAGE / LIMIT   MEM %     NET I/O   BLOCK I/O   PIDS
2024-11-15 00:23:23.620713
CONTAINER ID   NAME      CPU %     MEM USAGE / LIMIT   MEM %     NET I/O   BLOCK I/O   PIDS
2024-11-15 00:23:24.253892
CONTAINER ID   NAME      CPU %     MEM USAGE / LIMIT   MEM %     NET I/O   BLOCK I/O   PIDS
2024-11-15 00:23:24.889023
CONTAINER ID   NAME      CPU %     MEM USAGE / LIMIT   MEM %     NET I/O   BLOCK I/O   PIDS
2024-11-15 00:23:25.521754
CONTAINER ID   NAME      CPU %     MEM USAGE / LIMIT   MEM %     NET I/O   BLOCK I/O   PIDS
2024-11-15 00:23:26.155376
CONTAINER ID   NAME      CPU %     MEM USAGE / LIMIT   MEM %     NET I/O   BLOCK I/O   PIDS
2024-11-15 00:23:26.790396
CONTAINER ID   NAME      CPU %     MEM USAGE / LIMIT   MEM %     NET I/O   BLOCK I/O   PIDS
2024-11-15 00:23:27.424575
CONTAINER ID   NAME      CPU %     MEM USAGE / LIMIT   MEM %     NET I/O   BLOCK I/O   PIDS
2024-11-15 00:23:28.057454
CONTAINER ID   NAME      CPU %     MEM USAGE / LIMIT   MEM %     NET I/O   BLOCK I/O   PIDS
2024-11-15 00:23:28.691417
CONTAINER ID   NAME      CPU %     MEM USAGE / LIMIT   MEM %     NET I/O   BLOCK I/O   PIDS
2024-11-15 00:23:29.324707
CONTAINER ID   NAME      CPU %     MEM USAGE / LIMIT   MEM %     NET I/O   BLOCK I/O   PIDS
2024-11-15 00:23:29.959147
CONTAINER ID   NAME      CPU %     MEM USAGE / LIMIT   MEM %     NET I/O   BLOCK I/O   PIDS
2024-11-15 00:23:30.592114
CONTAINER ID   NAME      CPU %     MEM USAGE / LIMIT   MEM %     NET I/O   BLOCK I/O   PIDS
2024-11-15 00:23:31.225480
CONTAINER ID   NAME      CPU %     MEM USAGE / LIMIT   MEM %     NET I/O   BLOCK I/O   PIDS
2024-11-15 00:23:31.858278
CONTAINER ID   NAME      CPU %     MEM USAGE / LIMIT   MEM %     NET I/O   BLOCK I/O   PIDS
2024-11-15 00:23:32.492282
CONTAINER ID   NAME      CPU %     MEM USAGE / LIMIT   MEM %     NET I/O   BLOCK I/O   PIDS
2024-11-15 00:23:33.126165
CONTAINER ID   NAME                CPU %     MEM USAGE / LIMIT   MEM %     NET I/O   BLOCK I/O    PIDS
26a490b2a6c5   pbbs_convexHull     100.47%   298.3MiB / 96GiB    0.30%     0B / 0B   172kB / 0B   5
10bb8882dc69   pbbs_convexHull_1   100.07%   185.8MiB / 96GiB    0.19%     0B / 0B   0B / 0B      5
2024-11-15 00:23:35.783212
CONTAINER ID   NAME                CPU %     MEM USAGE / LIMIT   MEM %     NET I/O   BLOCK I/O    PIDS
26a490b2a6c5   pbbs_convexHull     99.46%    365.6MiB / 96GiB    0.37%     0B / 0B   172kB / 0B   5
10bb8882dc69   pbbs_convexHull_1   99.82%    364.5MiB / 96GiB    0.37%     0B / 0B   0B / 0B      5
2024-11-15 00:23:37.797440
CONTAINER ID   NAME                CPU %     MEM USAGE / LIMIT   MEM %     NET I/O   BLOCK I/O    PIDS
26a490b2a6c5   pbbs_convexHull     100.21%   412.5MiB / 96GiB    0.42%     0B / 0B   172kB / 0B   5
10bb8882dc69   pbbs_convexHull_1   100.04%   411.3MiB / 96GiB    0.42%     0B / 0B   0B / 0B      5
2024-11-15 00:23:39.812326
CONTAINER ID   NAME                CPU %     MEM USAGE / LIMIT   MEM %     NET I/O   BLOCK I/O        PIDS
26a490b2a6c5   pbbs_convexHull     96.50%    93.54MiB / 96GiB    0.10%     0B / 0B   184kB / 18.5MB   5
10bb8882dc69   pbbs_convexHull_1   95.64%    85.55MiB / 96GiB    0.09%     0B / 0B   0B / 18.5MB      5
2024-11-15 00:23:41.826654
CONTAINER ID   NAME                CPU %     MEM USAGE / LIMIT   MEM %     NET I/O   BLOCK I/O        PIDS
26a490b2a6c5   pbbs_convexHull     100.06%   302.8MiB / 96GiB    0.31%     0B / 0B   184kB / 18.5MB   5
10bb8882dc69   pbbs_convexHull_1   100.11%   301.8MiB / 96GiB    0.31%     0B / 0B   0B / 18.5MB      5
2024-11-15 00:23:43.842622
CONTAINER ID   NAME                CPU %     MEM USAGE / LIMIT   MEM %     NET I/O   BLOCK I/O        PIDS
26a490b2a6c5   pbbs_convexHull     100.18%   318.3MiB / 96GiB    0.32%     0B / 0B   184kB / 18.5MB   5
10bb8882dc69   pbbs_convexHull_1   100.23%   314.7MiB / 96GiB    0.32%     0B / 0B   0B / 18.5MB      5
2024-11-15 00:23:45.855387
CONTAINER ID   NAME                CPU %     MEM USAGE / LIMIT   MEM %     NET I/O   BLOCK I/O        PIDS
26a490b2a6c5   pbbs_convexHull     99.78%    205.8MiB / 96GiB    0.21%     0B / 0B   193kB / 31.5MB   7
10bb8882dc69   pbbs_convexHull_1   99.79%    157.6MiB / 96GiB    0.16%     0B / 0B   0B / 31.5MB      7
2024-11-15 00:23:47.869681
CONTAINER ID   NAME                CPU %     MEM USAGE / LIMIT   MEM %     NET I/O   BLOCK I/O        PIDS
26a490b2a6c5   pbbs_convexHull     99.93%    376.5MiB / 96GiB    0.38%     0B / 0B   193kB / 31.5MB   7
10bb8882dc69   pbbs_convexHull_1   99.68%    366.7MiB / 96GiB    0.37%     0B / 0B   0B / 31.5MB      7
2024-11-15 00:23:49.883058
CONTAINER ID   NAME                CPU %     MEM USAGE / LIMIT   MEM %     NET I/O   BLOCK I/O        PIDS
26a490b2a6c5   pbbs_convexHull     99.14%    427.5MiB / 96GiB    0.43%     0B / 0B   324kB / 31.5MB   7
10bb8882dc69   pbbs_convexHull_1   98.99%    417.6MiB / 96GiB    0.42%     0B / 0B   0B / 31.5MB      7
2024-11-15 00:23:51.897936
CONTAINER ID   NAME                CPU %     MEM USAGE / LIMIT   MEM %     NET I/O   BLOCK I/O        PIDS
26a490b2a6c5   pbbs_convexHull     100.00%   421.5MiB / 96GiB    0.43%     0B / 0B   324kB / 31.5MB   7
10bb8882dc69   pbbs_convexHull_1   100.02%   421.2MiB / 96GiB    0.43%     0B / 0B   0B / 31.5MB      7
2024-11-15 00:23:53.913569
CONTAINER ID   NAME                CPU %     MEM USAGE / LIMIT   MEM %     NET I/O   BLOCK I/O        PIDS
26a490b2a6c5   pbbs_convexHull     100.03%   429.5MiB / 96GiB    0.44%     0B / 0B   324kB / 31.5MB   7
10bb8882dc69   pbbs_convexHull_1   100.04%   422.5MiB / 96GiB    0.43%     0B / 0B   0B / 31.5MB      7
2024-11-15 00:23:55.927808
CONTAINER ID   NAME                CPU %     MEM USAGE / LIMIT   MEM %     NET I/O   BLOCK I/O        PIDS
26a490b2a6c5   pbbs_convexHull     95.19%    30.59MiB / 96GiB    0.03%     0B / 0B   324kB / 59.9MB   8
10bb8882dc69   pbbs_convexHull_1   94.80%    95.29MiB / 96GiB    0.10%     0B / 0B   0B / 59.9MB      7
2024-11-15 00:23:57.941724
CONTAINER ID   NAME                CPU %      MEM USAGE / LIMIT   MEM %     NET I/O   BLOCK I/O        PIDS
26a490b2a6c5   pbbs_convexHull     4785.99%   18.49GiB / 96GiB    19.26%    0B / 0B   344kB / 59.9MB   52
10bb8882dc69   pbbs_convexHull_1   4801.10%   13.79GiB / 96GiB    14.37%    0B / 0B   0B / 59.9MB      52
2024-11-15 00:23:59.952920
CONTAINER ID   NAME                CPU %      MEM USAGE / LIMIT   MEM %     NET I/O   BLOCK I/O         PIDS
26a490b2a6c5   pbbs_convexHull     27.75%     34.95GiB / 96GiB    36.40%    0B / 0B   496MB / 59.9MB    52
10bb8882dc69   pbbs_convexHull_1   3343.23%   34.58GiB / 96GiB    36.02%    0B / 0B   42.8MB / 59.9MB   52
2024-11-15 00:24:03.280019
CONTAINER ID   NAME                CPU %     MEM USAGE / LIMIT   MEM %     NET I/O   BLOCK I/O        PIDS
26a490b2a6c5   pbbs_convexHull     25.78%    35.24GiB / 96GiB    36.71%    0B / 0B   853MB / 59.9MB   52
10bb8882dc69   pbbs_convexHull_1   25.39%    35.01GiB / 96GiB    36.47%    0B / 0B   567MB / 59.9MB   52
2024-11-15 00:24:05.295094
CONTAINER ID   NAME                CPU %     MEM USAGE / LIMIT   MEM %     NET I/O   BLOCK I/O         PIDS
26a490b2a6c5   pbbs_convexHull     27.07%    35.5GiB / 96GiB     36.98%    0B / 0B   1.17GB / 59.9MB   52
10bb8882dc69   pbbs_convexHull_1   27.97%    35.28GiB / 96GiB    36.75%    0B / 0B   895MB / 59.9MB    52
2024-11-15 00:24:07.305921
CONTAINER ID   NAME                CPU %     MEM USAGE / LIMIT   MEM %     NET I/O   BLOCK I/O         PIDS
26a490b2a6c5   pbbs_convexHull     30.96%    35.84GiB / 96GiB    37.33%    0B / 0B   1.58GB / 59.9MB   52
10bb8882dc69   pbbs_convexHull_1   30.86%    35.55GiB / 96GiB    37.04%    0B / 0B   1.22GB / 59.9MB   52
2024-11-15 00:24:09.319726
CONTAINER ID   NAME                CPU %     MEM USAGE / LIMIT   MEM %     NET I/O   BLOCK I/O         PIDS
26a490b2a6c5   pbbs_convexHull     29.31%    36.14GiB / 96GiB    37.64%    0B / 0B   1.94GB / 59.9MB   52
10bb8882dc69   pbbs_convexHull_1   30.26%    35.83GiB / 96GiB    37.33%    0B / 0B   1.56GB / 59.9MB   52
2024-11-15 00:24:11.334967
CONTAINER ID   NAME                CPU %     MEM USAGE / LIMIT   MEM %     NET I/O   BLOCK I/O         PIDS
26a490b2a6c5   pbbs_convexHull     26.31%    36.41GiB / 96GiB    37.92%    0B / 0B   2.26GB / 59.9MB   52
10bb8882dc69   pbbs_convexHull_1   26.77%    36.08GiB / 96GiB    37.58%    0B / 0B   1.86GB / 59.9MB   52
2024-11-15 00:24:13.348328
CONTAINER ID   NAME                CPU %     MEM USAGE / LIMIT   MEM %     NET I/O   BLOCK I/O         PIDS
26a490b2a6c5   pbbs_convexHull     26.70%    36.65GiB / 96GiB    38.18%    0B / 0B   2.56GB / 59.9MB   52
10bb8882dc69   pbbs_convexHull_1   27.78%    36.34GiB / 96GiB    37.86%    0B / 0B   2.18GB / 59.9MB   52
2024-11-15 00:24:15.361496
CONTAINER ID   NAME                CPU %     MEM USAGE / LIMIT   MEM %     NET I/O   BLOCK I/O         PIDS
26a490b2a6c5   pbbs_convexHull     32.31%    36.97GiB / 96GiB    38.51%    0B / 0B   2.94GB / 59.9MB   52
10bb8882dc69   pbbs_convexHull_1   32.30%    36.62GiB / 96GiB    38.15%    0B / 0B   2.51GB / 59.9MB   52
2024-11-15 00:24:17.372442
CONTAINER ID   NAME                CPU %     MEM USAGE / LIMIT   MEM %     NET I/O   BLOCK I/O         PIDS
26a490b2a6c5   pbbs_convexHull     30.12%    37.27GiB / 96GiB    38.83%    0B / 0B   3.32GB / 59.9MB   52
10bb8882dc69   pbbs_convexHull_1   31.23%    36.9GiB / 96GiB     38.44%    0B / 0B   2.85GB / 59.9MB   52
2024-11-15 00:24:19.387478
CONTAINER ID   NAME                CPU %     MEM USAGE / LIMIT   MEM %     NET I/O   BLOCK I/O         PIDS
26a490b2a6c5   pbbs_convexHull     29.94%    37.59GiB / 96GiB    39.16%    0B / 0B   3.7GB / 59.9MB    52
10bb8882dc69   pbbs_convexHull_1   30.72%    37.18GiB / 96GiB    38.73%    0B / 0B   3.19GB / 59.9MB   52
2024-11-15 00:24:21.402274
CONTAINER ID   NAME                CPU %     MEM USAGE / LIMIT   MEM %     NET I/O   BLOCK I/O         PIDS
26a490b2a6c5   pbbs_convexHull     31.03%    37.91GiB / 96GiB    39.49%    0B / 0B   4.09GB / 59.9MB   52
10bb8882dc69   pbbs_convexHull_1   30.62%    37.46GiB / 96GiB    39.02%    0B / 0B   3.53GB / 59.9MB   52
2024-11-15 00:24:23.413061
CONTAINER ID   NAME                CPU %     MEM USAGE / LIMIT   MEM %     NET I/O   BLOCK I/O         PIDS
26a490b2a6c5   pbbs_convexHull     28.64%    38.23GiB / 96GiB    39.83%    0B / 0B   4.48GB / 59.9MB   52
10bb8882dc69   pbbs_convexHull_1   27.83%    37.76GiB / 96GiB    39.34%    0B / 0B   3.89GB / 59.9MB   52
2024-11-15 00:24:25.426793
CONTAINER ID   NAME                CPU %     MEM USAGE / LIMIT   MEM %     NET I/O   BLOCK I/O         PIDS
26a490b2a6c5   pbbs_convexHull     31.73%    38.55GiB / 96GiB    40.16%    0B / 0B   4.87GB / 59.9MB   52
10bb8882dc69   pbbs_convexHull_1   32.24%    38.04GiB / 96GiB    39.63%    0B / 0B   4.23GB / 59.9MB   52
2024-11-15 00:24:27.440504
CONTAINER ID   NAME                CPU %     MEM USAGE / LIMIT   MEM %     NET I/O   BLOCK I/O         PIDS
26a490b2a6c5   pbbs_convexHull     28.49%    38.83GiB / 96GiB    40.45%    0B / 0B   5.21GB / 59.9MB   52
10bb8882dc69   pbbs_convexHull_1   28.73%    38.31GiB / 96GiB    39.91%    0B / 0B   4.55GB / 59.9MB   52
2024-11-15 00:24:29.454592
CONTAINER ID   NAME                CPU %     MEM USAGE / LIMIT   MEM %     NET I/O   BLOCK I/O         PIDS
26a490b2a6c5   pbbs_convexHull     32.52%    39.1GiB / 96GiB     40.73%    0B / 0B   5.53GB / 59.9MB   52
10bb8882dc69   pbbs_convexHull_1   31.98%    38.6GiB / 96GiB     40.21%    0B / 0B   4.91GB / 59.9MB   52
2024-11-15 00:24:31.466833
CONTAINER ID   NAME                CPU %     MEM USAGE / LIMIT   MEM %     NET I/O   BLOCK I/O         PIDS
26a490b2a6c5   pbbs_convexHull     31.67%    39.43GiB / 96GiB    41.07%    0B / 0B   5.92GB / 59.9MB   52
10bb8882dc69   pbbs_convexHull_1   32.36%    38.91GiB / 96GiB    40.53%    0B / 0B   5.28GB / 59.9MB   52
2024-11-15 00:24:33.479728
CONTAINER ID   NAME                CPU %     MEM USAGE / LIMIT   MEM %     NET I/O   BLOCK I/O         PIDS
26a490b2a6c5   pbbs_convexHull     28.34%    39.73GiB / 96GiB    41.39%    0B / 0B   6.29GB / 59.9MB   52
10bb8882dc69   pbbs_convexHull_1   28.82%    39.18GiB / 96GiB    40.81%    0B / 0B   5.6GB / 59.9MB    52
2024-11-15 00:24:35.491934
CONTAINER ID   NAME                CPU %     MEM USAGE / LIMIT   MEM %     NET I/O   BLOCK I/O         PIDS
26a490b2a6c5   pbbs_convexHull     28.74%    40.02GiB / 96GiB    41.69%    0B / 0B   6.64GB / 59.9MB   52
10bb8882dc69   pbbs_convexHull_1   28.81%    39.44GiB / 96GiB    41.08%    0B / 0B   5.91GB / 59.9MB   52
2024-11-15 00:24:37.506109
CONTAINER ID   NAME                CPU %     MEM USAGE / LIMIT   MEM %     NET I/O   BLOCK I/O         PIDS
26a490b2a6c5   pbbs_convexHull     29.05%    40.31GiB / 96GiB    41.99%    0B / 0B   6.99GB / 59.9MB   52
10bb8882dc69   pbbs_convexHull_1   29.98%    39.71GiB / 96GiB    41.36%    0B / 0B   6.24GB / 59.9MB   52
2024-11-15 00:24:39.522570
CONTAINER ID   NAME                CPU %     MEM USAGE / LIMIT   MEM %     NET I/O   BLOCK I/O         PIDS
26a490b2a6c5   pbbs_convexHull     29.00%    40.6GiB / 96GiB     42.29%    0B / 0B   7.34GB / 59.9MB   52
10bb8882dc69   pbbs_convexHull_1   29.74%    39.99GiB / 96GiB    41.65%    0B / 0B   6.57GB / 59.9MB   52
2024-11-15 00:24:41.534571
CONTAINER ID   NAME                CPU %     MEM USAGE / LIMIT   MEM %     NET I/O   BLOCK I/O         PIDS
26a490b2a6c5   pbbs_convexHull     30.11%    40.9GiB / 96GiB     42.60%    0B / 0B   7.71GB / 59.9MB   52
10bb8882dc69   pbbs_convexHull_1   30.14%    40.27GiB / 96GiB    41.95%    0B / 0B   6.92GB / 59.9MB   52
2024-11-15 00:24:43.549019
CONTAINER ID   NAME                CPU %     MEM USAGE / LIMIT   MEM %     NET I/O   BLOCK I/O         PIDS
26a490b2a6c5   pbbs_convexHull     24.80%    41.16GiB / 96GiB    42.88%    0B / 0B   8.03GB / 59.9MB   52
10bb8882dc69   pbbs_convexHull_1   24.92%    40.54GiB / 96GiB    42.23%    0B / 0B   7.25GB / 59.9MB   52
2024-11-15 00:24:45.560139
CONTAINER ID   NAME                CPU %     MEM USAGE / LIMIT   MEM %     NET I/O   BLOCK I/O         PIDS
26a490b2a6c5   pbbs_convexHull     28.48%    41.44GiB / 96GiB    43.17%    0B / 0B   8.37GB / 59.9MB   52
10bb8882dc69   pbbs_convexHull_1   28.78%    40.83GiB / 96GiB    42.53%    0B / 0B   7.6GB / 59.9MB    52
2024-11-15 00:24:47.574998
CONTAINER ID   NAME                CPU %     MEM USAGE / LIMIT   MEM %     NET I/O   BLOCK I/O         PIDS
26a490b2a6c5   pbbs_convexHull     27.40%    41.73GiB / 96GiB    43.47%    0B / 0B   8.72GB / 59.9MB   52
10bb8882dc69   pbbs_convexHull_1   26.51%    41.09GiB / 96GiB    42.80%    0B / 0B   7.92GB / 59.9MB   52
2024-11-15 00:24:49.588431
CONTAINER ID   NAME                CPU %     MEM USAGE / LIMIT   MEM %     NET I/O   BLOCK I/O         PIDS
26a490b2a6c5   pbbs_convexHull     29.94%    42.01GiB / 96GiB    43.76%    0B / 0B   9.07GB / 59.9MB   52
10bb8882dc69   pbbs_convexHull_1   29.49%    41.37GiB / 96GiB    43.10%    0B / 0B   8.27GB / 59.9MB   52
2024-11-15 00:24:51.602397
CONTAINER ID   NAME                CPU %     MEM USAGE / LIMIT   MEM %     NET I/O   BLOCK I/O         PIDS
26a490b2a6c5   pbbs_convexHull     30.57%    42.28GiB / 96GiB    44.04%    0B / 0B   9.4GB / 59.9MB    52
10bb8882dc69   pbbs_convexHull_1   29.33%    41.66GiB / 96GiB    43.40%    0B / 0B   8.62GB / 59.9MB   52
2024-11-15 00:24:53.615293
CONTAINER ID   NAME                CPU %     MEM USAGE / LIMIT   MEM %     NET I/O   BLOCK I/O         PIDS
26a490b2a6c5   pbbs_convexHull     27.81%    42.57GiB / 96GiB    44.34%    0B / 0B   9.75GB / 59.9MB   52
10bb8882dc69   pbbs_convexHull_1   27.57%    41.96GiB / 96GiB    43.71%    0B / 0B   8.98GB / 59.9MB   52
2024-11-15 00:24:55.631098
CONTAINER ID   NAME                CPU %     MEM USAGE / LIMIT   MEM %     NET I/O   BLOCK I/O         PIDS
26a490b2a6c5   pbbs_convexHull     28.15%    42.85GiB / 96GiB    44.63%    0B / 0B   10.1GB / 59.9MB   52
10bb8882dc69   pbbs_convexHull_1   28.10%    42.25GiB / 96GiB    44.01%    0B / 0B   9.34GB / 59.9MB   52
2024-11-15 00:24:57.640697
CONTAINER ID   NAME                CPU %     MEM USAGE / LIMIT   MEM %     NET I/O   BLOCK I/O         PIDS
26a490b2a6c5   pbbs_convexHull     29.06%    43.12GiB / 96GiB    44.92%    0B / 0B   10.4GB / 59.9MB   52
10bb8882dc69   pbbs_convexHull_1   28.92%    42.51GiB / 96GiB    44.28%    0B / 0B   9.66GB / 59.9MB   52
2024-11-15 00:24:59.656274
CONTAINER ID   NAME                CPU %     MEM USAGE / LIMIT   MEM %     NET I/O   BLOCK I/O         PIDS
26a490b2a6c5   pbbs_convexHull     29.71%    43.4GiB / 96GiB     45.21%    0B / 0B   10.8GB / 59.9MB   52
10bb8882dc69   pbbs_convexHull_1   30.59%    42.83GiB / 96GiB    44.62%    0B / 0B   10GB / 59.9MB     52
2024-11-15 00:25:01.667520
CONTAINER ID   NAME                CPU %     MEM USAGE / LIMIT   MEM %     NET I/O   BLOCK I/O         PIDS
26a490b2a6c5   pbbs_convexHull     30.68%    43.73GiB / 96GiB    45.56%    0B / 0B   11.2GB / 59.9MB   52
10bb8882dc69   pbbs_convexHull_1   30.79%    43.12GiB / 96GiB    44.92%    0B / 0B   10.4GB / 59.9MB   52
2024-11-15 00:25:03.681987
CONTAINER ID   NAME                CPU %     MEM USAGE / LIMIT   MEM %     NET I/O   BLOCK I/O         PIDS
26a490b2a6c5   pbbs_convexHull     29.59%    44.03GiB / 96GiB    45.87%    0B / 0B   11.5GB / 59.9MB   52
10bb8882dc69   pbbs_convexHull_1   30.08%    43.4GiB / 96GiB     45.21%    0B / 0B   10.7GB / 59.9MB   52
2024-11-15 00:25:05.694050
CONTAINER ID   NAME                CPU %     MEM USAGE / LIMIT   MEM %     NET I/O   BLOCK I/O         PIDS
26a490b2a6c5   pbbs_convexHull     29.73%    44.33GiB / 96GiB    46.17%    0B / 0B   11.9GB / 59.9MB   52
10bb8882dc69   pbbs_convexHull_1   30.37%    43.68GiB / 96GiB    45.50%    0B / 0B   11.1GB / 59.9MB   52
2024-11-15 00:25:07.706726
CONTAINER ID   NAME                CPU %     MEM USAGE / LIMIT   MEM %     NET I/O   BLOCK I/O         PIDS
26a490b2a6c5   pbbs_convexHull     30.66%    44.62GiB / 96GiB    46.48%    0B / 0B   12.2GB / 59.9MB   52
10bb8882dc69   pbbs_convexHull_1   31.39%    43.99GiB / 96GiB    45.82%    0B / 0B   11.4GB / 59.9MB   52
2024-11-15 00:25:09.720173
CONTAINER ID   NAME                CPU %     MEM USAGE / LIMIT   MEM %     NET I/O   BLOCK I/O         PIDS
26a490b2a6c5   pbbs_convexHull     29.52%    44.9GiB / 96GiB     46.77%    0B / 0B   12.6GB / 59.9MB   52
10bb8882dc69   pbbs_convexHull_1   29.93%    44.27GiB / 96GiB    46.12%    0B / 0B   11.8GB / 59.9MB   52
2024-11-15 00:25:11.734656
CONTAINER ID   NAME                CPU %     MEM USAGE / LIMIT   MEM %     NET I/O   BLOCK I/O         PIDS
26a490b2a6c5   pbbs_convexHull     25.67%    45.19GiB / 96GiB    47.07%    0B / 0B   12.9GB / 59.9MB   52
10bb8882dc69   pbbs_convexHull_1   25.26%    44.57GiB / 96GiB    46.42%    0B / 0B   12.1GB / 59.9MB   52
2024-11-15 00:25:13.745909
CONTAINER ID   NAME                CPU %     MEM USAGE / LIMIT   MEM %     NET I/O   BLOCK I/O         PIDS
26a490b2a6c5   pbbs_convexHull     26.60%    45.45GiB / 96GiB    47.35%    0B / 0B   13.2GB / 59.9MB   52
10bb8882dc69   pbbs_convexHull_1   26.22%    44.83GiB / 96GiB    46.70%    0B / 0B   12.5GB / 59.9MB   52
2024-11-15 00:25:15.758710
CONTAINER ID   NAME                CPU %     MEM USAGE / LIMIT   MEM %     NET I/O   BLOCK I/O         PIDS
26a490b2a6c5   pbbs_convexHull     26.51%    45.72GiB / 96GiB    47.63%    0B / 0B   13.6GB / 59.9MB   52
10bb8882dc69   pbbs_convexHull_1   25.78%    45.09GiB / 96GiB    46.97%    0B / 0B   12.8GB / 59.9MB   52
2024-11-15 00:25:17.770764
CONTAINER ID   NAME                CPU %     MEM USAGE / LIMIT   MEM %     NET I/O   BLOCK I/O         PIDS
26a490b2a6c5   pbbs_convexHull     32.28%    46.03GiB / 96GiB    47.95%    0B / 0B   13.9GB / 59.9MB   52
10bb8882dc69   pbbs_convexHull_1   31.58%    45.39GiB / 96GiB    47.28%    0B / 0B   13.1GB / 59.9MB   52
2024-11-15 00:25:19.787108
CONTAINER ID   NAME                CPU %     MEM USAGE / LIMIT   MEM %     NET I/O   BLOCK I/O         PIDS
26a490b2a6c5   pbbs_convexHull     31.50%    46.31GiB / 96GiB    48.24%    0B / 0B   14.3GB / 59.9MB   52
10bb8882dc69   pbbs_convexHull_1   31.50%    45.72GiB / 96GiB    47.62%    0B / 0B   13.5GB / 59.9MB   52
2024-11-15 00:25:21.797897
CONTAINER ID   NAME                CPU %     MEM USAGE / LIMIT   MEM %     NET I/O   BLOCK I/O         PIDS
26a490b2a6c5   pbbs_convexHull     32.91%    46.62GiB / 96GiB    48.57%    0B / 0B   14.7GB / 59.9MB   52
10bb8882dc69   pbbs_convexHull_1   31.75%    46.02GiB / 96GiB    47.94%    0B / 0B   13.9GB / 59.9MB   52
2024-11-15 00:25:23.810664
CONTAINER ID   NAME                CPU %     MEM USAGE / LIMIT   MEM %     NET I/O   BLOCK I/O         PIDS
26a490b2a6c5   pbbs_convexHull     33.14%    46.94GiB / 96GiB    48.89%    0B / 0B   15GB / 59.9MB     52
10bb8882dc69   pbbs_convexHull_1   32.35%    46.35GiB / 96GiB    48.28%    0B / 0B   14.3GB / 59.9MB   52
2024-11-15 00:25:25.825187
CONTAINER ID   NAME                CPU %     MEM USAGE / LIMIT   MEM %     NET I/O   BLOCK I/O         PIDS
26a490b2a6c5   pbbs_convexHull     32.26%    47.23GiB / 96GiB    49.20%    0B / 0B   15.4GB / 59.9MB   52
10bb8882dc69   pbbs_convexHull_1   31.26%    46.66GiB / 96GiB    48.61%    0B / 0B   14.7GB / 59.9MB   52
2024-11-15 00:25:27.837284
CONTAINER ID   NAME                CPU %     MEM USAGE / LIMIT   MEM %     NET I/O   BLOCK I/O         PIDS
26a490b2a6c5   pbbs_convexHull     29.91%    47.5GiB / 96GiB     49.48%    0B / 0B   15.7GB / 59.9MB   52
10bb8882dc69   pbbs_convexHull_1   29.31%    46.96GiB / 96GiB    48.92%    0B / 0B   15GB / 59.9MB     52
2024-11-15 00:25:29.848578
CONTAINER ID   NAME                CPU %     MEM USAGE / LIMIT   MEM %     NET I/O   BLOCK I/O         PIDS
26a490b2a6c5   pbbs_convexHull     34.42%    47.81GiB / 96GiB    49.80%    0B / 0B   16.1GB / 59.9MB   52
10bb8882dc69   pbbs_convexHull_1   34.09%    47.29GiB / 96GiB    49.26%    0B / 0B   15.4GB / 59.9MB   52
2024-11-15 00:25:31.865101
CONTAINER ID   NAME                CPU %     MEM USAGE / LIMIT   MEM %     NET I/O   BLOCK I/O         PIDS
26a490b2a6c5   pbbs_convexHull     28.81%    48.1GiB / 96GiB     50.10%    0B / 0B   16.4GB / 59.9MB   52
10bb8882dc69   pbbs_convexHull_1   28.01%    47.57GiB / 96GiB    49.55%    0B / 0B   15.8GB / 59.9MB   52
2024-11-15 00:25:33.875733
CONTAINER ID   NAME                CPU %     MEM USAGE / LIMIT   MEM %     NET I/O   BLOCK I/O         PIDS
26a490b2a6c5   pbbs_convexHull     32.00%    48.4GiB / 96GiB     50.41%    0B / 0B   16.8GB / 59.9MB   52
10bb8882dc69   pbbs_convexHull_1   32.14%    47.86GiB / 96GiB    49.86%    0B / 0B   16.1GB / 59.9MB   52
2024-11-15 00:25:35.887405
CONTAINER ID   NAME                CPU %     MEM USAGE / LIMIT   MEM %     NET I/O   BLOCK I/O         PIDS
26a490b2a6c5   pbbs_convexHull     27.28%    48.67GiB / 96GiB    50.70%    0B / 0B   17.1GB / 59.9MB   52
10bb8882dc69   pbbs_convexHull_1   27.28%    48.14GiB / 96GiB    50.14%    0B / 0B   16.5GB / 59.9MB   52
2024-11-15 00:25:37.901931
CONTAINER ID   NAME                CPU %     MEM USAGE / LIMIT   MEM %     NET I/O   BLOCK I/O         PIDS
26a490b2a6c5   pbbs_convexHull     31.91%    48.95GiB / 96GiB    50.99%    0B / 0B   17.5GB / 59.9MB   52
10bb8882dc69   pbbs_convexHull_1   31.24%    48.44GiB / 96GiB    50.46%    0B / 0B   16.8GB / 59.9MB   52
2024-11-15 00:25:39.914993
CONTAINER ID   NAME                CPU %     MEM USAGE / LIMIT   MEM %     NET I/O   BLOCK I/O         PIDS
26a490b2a6c5   pbbs_convexHull     31.81%    49.26GiB / 96GiB    51.31%    0B / 0B   17.8GB / 59.9MB   52
10bb8882dc69   pbbs_convexHull_1   30.81%    48.77GiB / 96GiB    50.80%    0B / 0B   17.2GB / 59.9MB   52
2024-11-15 00:25:41.928086
CONTAINER ID   NAME                CPU %     MEM USAGE / LIMIT   MEM %     NET I/O   BLOCK I/O         PIDS
26a490b2a6c5   pbbs_convexHull     34.19%    49.56GiB / 96GiB    51.62%    0B / 0B   18.2GB / 59.9MB   52
10bb8882dc69   pbbs_convexHull_1   33.69%    49.12GiB / 96GiB    51.16%    0B / 0B   17.7GB / 59.9MB   52
2024-11-15 00:25:43.942676
CONTAINER ID   NAME                CPU %     MEM USAGE / LIMIT   MEM %     NET I/O   BLOCK I/O         PIDS
26a490b2a6c5   pbbs_convexHull     28.97%    49.83GiB / 96GiB    51.90%    0B / 0B   18.5GB / 59.9MB   52
10bb8882dc69   pbbs_convexHull_1   28.73%    49.41GiB / 96GiB    51.47%    0B / 0B   18GB / 59.9MB     52
2024-11-15 00:25:45.953020
CONTAINER ID   NAME                CPU %      MEM USAGE / LIMIT   MEM %     NET I/O   BLOCK I/O         PIDS
26a490b2a6c5   pbbs_convexHull     3158.71%   50.03GiB / 96GiB    52.11%    0B / 0B   18.8GB / 59.9MB   52
10bb8882dc69   pbbs_convexHull_1   3173.20%   49.59GiB / 96GiB    51.66%    0B / 0B   18.2GB / 59.9MB   52
2024-11-15 00:25:47.964307
CONTAINER ID   NAME                CPU %      MEM USAGE / LIMIT   MEM %     NET I/O   BLOCK I/O         PIDS
26a490b2a6c5   pbbs_convexHull     4787.26%   66.12GiB / 96GiB    68.87%    0B / 0B   18.8GB / 59.9MB   52
10bb8882dc69   pbbs_convexHull_1   4718.66%   57.82GiB / 96GiB    60.22%    0B / 0B   18.2GB / 59.9MB   52
2024-11-15 00:25:51.220540
CONTAINER ID   NAME                CPU %      MEM USAGE / LIMIT   MEM %     NET I/O   BLOCK I/O         PIDS
26a490b2a6c5   pbbs_convexHull     4804.39%   82.55GiB / 96GiB    85.99%    0B / 0B   18.8GB / 59.9MB   52
10bb8882dc69   pbbs_convexHull_1   4789.97%   82.67GiB / 96GiB    86.12%    0B / 0B   18.2GB / 59.9MB   52
2024-11-15 00:25:53.234482
CONTAINER ID   NAME                CPU %      MEM USAGE / LIMIT   MEM %     NET I/O   BLOCK I/O         PIDS
26a490b2a6c5   pbbs_convexHull     4657.42%   89.37GiB / 96GiB    93.10%    0B / 0B   18.8GB / 59.9MB   52
10bb8882dc69   pbbs_convexHull_1   4715.84%   89.71GiB / 96GiB    93.44%    0B / 0B   18.2GB / 59.9MB   52
2024-11-15 00:25:55.246195
CONTAINER ID   NAME                CPU %      MEM USAGE / LIMIT   MEM %     NET I/O   BLOCK I/O         PIDS
26a490b2a6c5   pbbs_convexHull     4683.53%   90.92GiB / 96GiB    94.71%    0B / 0B   18.8GB / 59.9MB   52
10bb8882dc69   pbbs_convexHull_1   4593.50%   90.48GiB / 96GiB    94.25%    0B / 0B   18.2GB / 59.9MB   52
2024-11-15 00:25:57.282684
CONTAINER ID   NAME                CPU %      MEM USAGE / LIMIT   MEM %     NET I/O   BLOCK I/O         PIDS
26a490b2a6c5   pbbs_convexHull     4473.04%   90.69GiB / 96GiB    94.47%    0B / 0B   18.8GB / 59.9MB   52
10bb8882dc69   pbbs_convexHull_1   4522.66%   91.16GiB / 96GiB    94.96%    0B / 0B   18.2GB / 59.9MB   52
2024-11-15 00:25:59.273424
CONTAINER ID   NAME                CPU %      MEM USAGE / LIMIT   MEM %     NET I/O   BLOCK I/O         PIDS
26a490b2a6c5   pbbs_convexHull     4540.03%   91.28GiB / 96GiB    95.08%    0B / 0B   18.8GB / 59.9MB   52
10bb8882dc69   pbbs_convexHull_1   4564.29%   90.82GiB / 96GiB    94.61%    0B / 0B   18.2GB / 59.9MB   52
2024-11-15 00:26:01.410163
CONTAINER ID   NAME                CPU %      MEM USAGE / LIMIT   MEM %     NET I/O   BLOCK I/O         PIDS
26a490b2a6c5   pbbs_convexHull     2675.87%   92.18GiB / 96GiB    96.02%    0B / 0B   18.8GB / 59.9MB   52
10bb8882dc69   pbbs_convexHull_1   4354.70%   91.64GiB / 96GiB    95.46%    0B / 0B   18.2GB / 59.9MB   52
2024-11-15 00:26:04.545244
CONTAINER ID   NAME                CPU %     MEM USAGE / LIMIT   MEM %     NET I/O   BLOCK I/O         PIDS
26a490b2a6c5   pbbs_convexHull     47.36%    93.01GiB / 96GiB    96.88%    0B / 0B   18.8GB / 59.9MB   52
10bb8882dc69   pbbs_convexHull_1   53.70%    91.01GiB / 96GiB    94.80%    0B / 0B   18.2GB / 59.9MB   52
2024-11-15 00:26:06.570178
CONTAINER ID   NAME                CPU %     MEM USAGE / LIMIT   MEM %     NET I/O   BLOCK I/O         PIDS
26a490b2a6c5   pbbs_convexHull     254.73%   92.05GiB / 96GiB    95.89%    0B / 0B   18.8GB / 59.9MB   52
10bb8882dc69   pbbs_convexHull_1   13.94%    91.6GiB / 96GiB     95.42%    0B / 0B   18.2GB / 59.9MB   52
2024-11-15 00:26:45.616129
CONTAINER ID   NAME                CPU %     MEM USAGE / LIMIT   MEM %     NET I/O   BLOCK I/O         PIDS
26a490b2a6c5   pbbs_convexHull     99.99%    74.64GiB / 96GiB    77.75%    0B / 0B   18.8GB / 59.9MB   52
10bb8882dc69   pbbs_convexHull_1   99.75%    76.38GiB / 96GiB    79.56%    0B / 0B   18.2GB / 59.9MB   52
2024-11-15 00:26:47.632072
CONTAINER ID   NAME                CPU %     MEM USAGE / LIMIT   MEM %     NET I/O   BLOCK I/O         PIDS
26a490b2a6c5   pbbs_convexHull     99.91%    43.9GiB / 96GiB     45.73%    0B / 0B   18.8GB / 59.9MB   52
10bb8882dc69   pbbs_convexHull_1   99.32%    46.9GiB / 96GiB     48.86%    0B / 0B   18.2GB / 59.9MB   52
2024-11-15 00:26:49.646198
CONTAINER ID   NAME                CPU %      MEM USAGE / LIMIT   MEM %     NET I/O   BLOCK I/O         PIDS
26a490b2a6c5   pbbs_convexHull     1524.93%   44.35GiB / 96GiB    46.19%    0B / 0B   19.1GB / 59.9MB   52
10bb8882dc69   pbbs_convexHull_1   1548.84%   44.38GiB / 96GiB    46.23%    0B / 0B   18.5GB / 59.9MB   52
2024-11-15 00:26:51.669134
CONTAINER ID   NAME                CPU %     MEM USAGE / LIMIT   MEM %     NET I/O   BLOCK I/O         PIDS
26a490b2a6c5   pbbs_convexHull     495.85%   45.42GiB / 96GiB    47.32%    0B / 0B   19.4GB / 59.9MB   52
10bb8882dc69   pbbs_convexHull_1   525.28%   45.36GiB / 96GiB    47.25%    0B / 0B   18.8GB / 59.9MB   52
2024-11-15 00:26:53.694036
CONTAINER ID   NAME                CPU %     MEM USAGE / LIMIT   MEM %     NET I/O   BLOCK I/O         PIDS
26a490b2a6c5   pbbs_convexHull     280.55%   46.01GiB / 96GiB    47.93%    0B / 0B   19.8GB / 59.9MB   52
10bb8882dc69   pbbs_convexHull_1   494.59%   46.17GiB / 96GiB    48.09%    0B / 0B   19.2GB / 59.9MB   52
2024-11-15 00:26:55.720166
CONTAINER ID   NAME                CPU %     MEM USAGE / LIMIT   MEM %     NET I/O   BLOCK I/O         PIDS
26a490b2a6c5   pbbs_convexHull     193.84%   46.47GiB / 96GiB    48.41%    0B / 0B   20.1GB / 59.9MB   52
10bb8882dc69   pbbs_convexHull_1   512.65%   46.96GiB / 96GiB    48.91%    0B / 0B   19.5GB / 59.9MB   52
2024-11-15 00:26:57.751243
CONTAINER ID   NAME                CPU %     MEM USAGE / LIMIT   MEM %     NET I/O   BLOCK I/O         PIDS
26a490b2a6c5   pbbs_convexHull     210.36%   46.95GiB / 96GiB    48.91%    0B / 0B   20.5GB / 59.9MB   52
10bb8882dc69   pbbs_convexHull_1   711.19%   47.93GiB / 96GiB    49.93%    0B / 0B   19.8GB / 59.9MB   52
2024-11-15 00:26:59.762210
CONTAINER ID   NAME                CPU %     MEM USAGE / LIMIT   MEM %     NET I/O   BLOCK I/O         PIDS
26a490b2a6c5   pbbs_convexHull     314.11%   47.51GiB / 96GiB    49.49%    0B / 0B   20.8GB / 59.9MB   52
10bb8882dc69   pbbs_convexHull_1   789.54%   49GiB / 96GiB       51.04%    0B / 0B   20.1GB / 59.9MB   52
2024-11-15 00:27:01.787083
CONTAINER ID   NAME                CPU %     MEM USAGE / LIMIT   MEM %     NET I/O   BLOCK I/O         PIDS
26a490b2a6c5   pbbs_convexHull     268.95%   48.08GiB / 96GiB    50.09%    0B / 0B   21.2GB / 59.9MB   52
10bb8882dc69   pbbs_convexHull_1   908.57%   50.15GiB / 96GiB    52.24%    0B / 0B   20.4GB / 59.9MB   52
2024-11-15 00:27:03.804898
CONTAINER ID   NAME                CPU %     MEM USAGE / LIMIT   MEM %     NET I/O   BLOCK I/O         PIDS
26a490b2a6c5   pbbs_convexHull     237.85%   48.64GiB / 96GiB    50.66%    0B / 0B   21.5GB / 59.9MB   52
10bb8882dc69   pbbs_convexHull_1   873.67%   51.33GiB / 96GiB    53.47%    0B / 0B   20.7GB / 59.9MB   52
2024-11-15 00:27:05.822340
CONTAINER ID   NAME                CPU %     MEM USAGE / LIMIT   MEM %     NET I/O   BLOCK I/O         PIDS
26a490b2a6c5   pbbs_convexHull     241.61%   49.21GiB / 96GiB    51.26%    0B / 0B   21.8GB / 59.9MB   52
10bb8882dc69   pbbs_convexHull_1   873.42%   52.54GiB / 96GiB    54.73%    0B / 0B   21GB / 59.9MB     52
2024-11-15 00:27:07.843044
CONTAINER ID   NAME                CPU %     MEM USAGE / LIMIT   MEM %     NET I/O   BLOCK I/O         PIDS
26a490b2a6c5   pbbs_convexHull     200.23%   49.69GiB / 96GiB    51.76%    0B / 0B   22.2GB / 59.9MB   52
10bb8882dc69   pbbs_convexHull_1   887.08%   53.76GiB / 96GiB    56.00%    0B / 0B   21.3GB / 59.9MB   52
2024-11-15 00:27:09.865481
CONTAINER ID   NAME                CPU %     MEM USAGE / LIMIT   MEM %     NET I/O   BLOCK I/O         PIDS
26a490b2a6c5   pbbs_convexHull     190.51%   50.16GiB / 96GiB    52.25%    0B / 0B   22.5GB / 59.9MB   52
10bb8882dc69   pbbs_convexHull_1   520.26%   54.71GiB / 96GiB    56.99%    0B / 0B   21.6GB / 59.9MB   52
2024-11-15 00:27:11.896975
CONTAINER ID   NAME                CPU %     MEM USAGE / LIMIT   MEM %     NET I/O   BLOCK I/O         PIDS
26a490b2a6c5   pbbs_convexHull     188.18%   50.62GiB / 96GiB    52.73%    0B / 0B   22.9GB / 59.9MB   52
10bb8882dc69   pbbs_convexHull_1   400.44%   55.4GiB / 96GiB     57.71%    0B / 0B   21.9GB / 59.9MB   52
2024-11-15 00:27:13.912908
CONTAINER ID   NAME                CPU %     MEM USAGE / LIMIT   MEM %     NET I/O   BLOCK I/O         PIDS
26a490b2a6c5   pbbs_convexHull     239.47%   51.11GiB / 96GiB    53.23%    0B / 0B   23.2GB / 59.9MB   52
10bb8882dc69   pbbs_convexHull_1   358.49%   56.03GiB / 96GiB    58.37%    0B / 0B   22.2GB / 59.9MB   52
2024-11-15 00:27:15.929103
CONTAINER ID   NAME                CPU %     MEM USAGE / LIMIT   MEM %     NET I/O   BLOCK I/O         PIDS
26a490b2a6c5   pbbs_convexHull     180.92%   51.57GiB / 96GiB    53.72%    0B / 0B   23.5GB / 59.9MB   52
10bb8882dc69   pbbs_convexHull_1   422.64%   56.71GiB / 96GiB    59.07%    0B / 0B   22.5GB / 59.9MB   52
2024-11-15 00:27:18.075315
CONTAINER ID   NAME                CPU %     MEM USAGE / LIMIT   MEM %     NET I/O   BLOCK I/O         PIDS
26a490b2a6c5   pbbs_convexHull     270.77%   52.1GiB / 96GiB     54.28%    0B / 0B   23.9GB / 59.9MB   52
10bb8882dc69   pbbs_convexHull_1   483.52%   57.52GiB / 96GiB    59.92%    0B / 0B   22.9GB / 59.9MB   52
2024-11-15 00:27:20.090970
CONTAINER ID   NAME                CPU %     MEM USAGE / LIMIT   MEM %     NET I/O   BLOCK I/O         PIDS
26a490b2a6c5   pbbs_convexHull     301.96%   52.69GiB / 96GiB    54.89%    0B / 0B   24.2GB / 59.9MB   52
10bb8882dc69   pbbs_convexHull_1   507.59%   58.31GiB / 96GiB    60.74%    0B / 0B   23.2GB / 59.9MB   52
2024-11-15 00:27:22.117885
CONTAINER ID   NAME                CPU %     MEM USAGE / LIMIT   MEM %     NET I/O   BLOCK I/O         PIDS
26a490b2a6c5   pbbs_convexHull     376.33%   53.32GiB / 96GiB    55.54%    0B / 0B   24.6GB / 59.9MB   52
10bb8882dc69   pbbs_convexHull_1   297.19%   58.9GiB / 96GiB     61.35%    0B / 0B   23.5GB / 59.9MB   52
2024-11-15 00:27:24.154535
CONTAINER ID   NAME                CPU %     MEM USAGE / LIMIT   MEM %     NET I/O   BLOCK I/O         PIDS
26a490b2a6c5   pbbs_convexHull     527.80%   54.09GiB / 96GiB    56.35%    0B / 0B   24.9GB / 59.9MB   52
10bb8882dc69   pbbs_convexHull_1   352.44%   59.54GiB / 96GiB    62.02%    0B / 0B   23.8GB / 59.9MB   52
2024-11-15 00:27:26.178764
CONTAINER ID   NAME                CPU %     MEM USAGE / LIMIT   MEM %     NET I/O   BLOCK I/O         PIDS
26a490b2a6c5   pbbs_convexHull     715.70%   54.98GiB / 96GiB    57.27%    0B / 0B   25.2GB / 59.9MB   52
10bb8882dc69   pbbs_convexHull_1   297.39%   60.11GiB / 96GiB    62.61%    0B / 0B   24.2GB / 59.9MB   52
2024-11-15 00:27:28.214292
CONTAINER ID   NAME                CPU %      MEM USAGE / LIMIT   MEM %     NET I/O   BLOCK I/O         PIDS
26a490b2a6c5   pbbs_convexHull     1052.57%   56.29GiB / 96GiB    58.64%    0B / 0B   25.5GB / 59.9MB   52
10bb8882dc69   pbbs_convexHull_1   319.44%    60.71GiB / 96GiB    63.24%    0B / 0B   24.5GB / 59.9MB   52
2024-11-15 00:27:30.245433
CONTAINER ID   NAME                CPU %      MEM USAGE / LIMIT   MEM %     NET I/O   BLOCK I/O         PIDS
26a490b2a6c5   pbbs_convexHull     1900.35%   58.32GiB / 96GiB    60.75%    0B / 0B   25.8GB / 59.9MB   52
10bb8882dc69   pbbs_convexHull_1   762.17%    61.69GiB / 96GiB    64.26%    0B / 0B   24.9GB / 59.9MB   52
2024-11-15 00:27:32.272181
CONTAINER ID   NAME                CPU %      MEM USAGE / LIMIT   MEM %     NET I/O   BLOCK I/O         PIDS
26a490b2a6c5   pbbs_convexHull     1619.29%   60.6GiB / 96GiB     63.13%    0B / 0B   26GB / 59.9MB     52
10bb8882dc69   pbbs_convexHull_1   656.79%    62.77GiB / 96GiB    65.39%    0B / 0B   25.3GB / 59.9MB   52
2024-11-15 00:27:34.293476
CONTAINER ID   NAME                CPU %      MEM USAGE / LIMIT   MEM %     NET I/O   BLOCK I/O         PIDS
26a490b2a6c5   pbbs_convexHull     1906.22%   62.76GiB / 96GiB    65.38%    0B / 0B   26.3GB / 59.9MB   52
10bb8882dc69   pbbs_convexHull_1   615.63%    63.63GiB / 96GiB    66.28%    0B / 0B   25.7GB / 59.9MB   52
2024-11-15 00:27:36.304730
CONTAINER ID   NAME                CPU %      MEM USAGE / LIMIT   MEM %     NET I/O   BLOCK I/O         PIDS
26a490b2a6c5   pbbs_convexHull     2898.46%   66.27GiB / 96GiB    69.03%    0B / 0B   26.6GB / 59.9MB   52
10bb8882dc69   pbbs_convexHull_1   2282.45%   66.38GiB / 96GiB    69.15%    0B / 0B   26GB / 59.9MB     52
2024-11-15 00:27:38.326125
CONTAINER ID   NAME                CPU %     MEM USAGE / LIMIT   MEM %     NET I/O   BLOCK I/O         PIDS
26a490b2a6c5   pbbs_convexHull     99.89%    52.57GiB / 96GiB    54.76%    0B / 0B   26.6GB / 59.9MB   52
10bb8882dc69   pbbs_convexHull_1   932.22%   66.5GiB / 96GiB     69.27%    0B / 0B   26GB / 59.9MB     52
2024-11-15 00:27:41.654954
CONTAINER ID   NAME                CPU %     MEM USAGE / LIMIT   MEM %     NET I/O   BLOCK I/O         PIDS
26a490b2a6c5   pbbs_convexHull     99.40%    27.88GiB / 96GiB    29.04%    0B / 0B   26.6GB / 59.9MB   52
10bb8882dc69   pbbs_convexHull_1   99.77%    25.52GiB / 96GiB    26.59%    0B / 0B   26GB / 59.9MB     52
2024-11-15 00:27:43.669971
CONTAINER ID   NAME                CPU %     MEM USAGE / LIMIT   MEM %     NET I/O   BLOCK I/O         PIDS
26a490b2a6c5   pbbs_convexHull     99.06%    16.25GiB / 96GiB    16.93%    0B / 0B   26.6GB / 59.9MB   52
10bb8882dc69   pbbs_convexHull_1   98.35%    15.81GiB / 96GiB    16.47%    0B / 0B   26GB / 59.9MB     52
2024-11-15 00:27:45.689760
CONTAINER ID   NAME                CPU %      MEM USAGE / LIMIT   MEM %     NET I/O   BLOCK I/O         PIDS
26a490b2a6c5   pbbs_convexHull     4793.03%   23.22GiB / 96GiB    24.18%    0B / 0B   26.6GB / 59.9MB   52
10bb8882dc69   pbbs_convexHull_1   4766.66%   23.94GiB / 96GiB    24.94%    0B / 0B   26GB / 59.9MB     52
2024-11-15 00:27:47.703195
CONTAINER ID   NAME                CPU %      MEM USAGE / LIMIT   MEM %     NET I/O   BLOCK I/O         PIDS
26a490b2a6c5   pbbs_convexHull     4776.09%   32.59GiB / 96GiB    33.94%    0B / 0B   26.6GB / 59.9MB   52
10bb8882dc69   pbbs_convexHull_1   4768.50%   31.4GiB / 96GiB     32.70%    0B / 0B   26GB / 59.9MB     52
2024-11-15 00:27:50.747952
CONTAINER ID   NAME                CPU %      MEM USAGE / LIMIT   MEM %     NET I/O   BLOCK I/O         PIDS
26a490b2a6c5   pbbs_convexHull     4685.12%   37.6GiB / 96GiB     39.17%    0B / 0B   26.6GB / 59.9MB   52
10bb8882dc69   pbbs_convexHull_1   4772.99%   37.72GiB / 96GiB    39.29%    0B / 0B   26GB / 59.9MB     52
2024-11-15 00:27:52.769732
CONTAINER ID   NAME                CPU %      MEM USAGE / LIMIT   MEM %     NET I/O   BLOCK I/O         PIDS
26a490b2a6c5   pbbs_convexHull     4777.80%   42.93GiB / 96GiB    44.71%    0B / 0B   26.6GB / 59.9MB   52
10bb8882dc69   pbbs_convexHull_1   4773.44%   40.4GiB / 96GiB     42.08%    0B / 0B   26GB / 59.9MB     52
2024-11-15 00:27:55.836981
CONTAINER ID   NAME                CPU %      MEM USAGE / LIMIT   MEM %     NET I/O   BLOCK I/O         PIDS
26a490b2a6c5   pbbs_convexHull     4759.02%   46.48GiB / 96GiB    48.42%    0B / 0B   26.6GB / 59.9MB   52
10bb8882dc69   pbbs_convexHull_1   4761.66%   43.77GiB / 96GiB    45.59%    0B / 0B   26GB / 59.9MB     52
2024-11-15 00:27:57.848441
CONTAINER ID   NAME                CPU %      MEM USAGE / LIMIT   MEM %     NET I/O   BLOCK I/O         PIDS
26a490b2a6c5   pbbs_convexHull     4771.04%   47.36GiB / 96GiB    49.34%    0B / 0B   26.6GB / 59.9MB   52
10bb8882dc69   pbbs_convexHull_1   4735.51%   43.8GiB / 96GiB     45.62%    0B / 0B   26GB / 59.9MB     52
2024-11-15 00:27:59.867490
CONTAINER ID   NAME                CPU %      MEM USAGE / LIMIT   MEM %     NET I/O   BLOCK I/O         PIDS
26a490b2a6c5   pbbs_convexHull     4769.08%   47.4GiB / 96GiB     49.37%    0B / 0B   26.6GB / 59.9MB   52
10bb8882dc69   pbbs_convexHull_1   4741.41%   43.8GiB / 96GiB     45.63%    0B / 0B   26GB / 59.9MB     52
2024-11-15 00:28:01.880183
CONTAINER ID   NAME                CPU %      MEM USAGE / LIMIT   MEM %     NET I/O   BLOCK I/O         PIDS
26a490b2a6c5   pbbs_convexHull     4792.83%   47.4GiB / 96GiB     49.38%    0B / 0B   26.6GB / 59.9MB   52
10bb8882dc69   pbbs_convexHull_1   4800.80%   43.8GiB / 96GiB     45.63%    0B / 0B   26GB / 59.9MB     52
2024-11-15 00:28:03.895016
CONTAINER ID   NAME                CPU %      MEM USAGE / LIMIT   MEM %     NET I/O   BLOCK I/O         PIDS
26a490b2a6c5   pbbs_convexHull     4781.24%   47.43GiB / 96GiB    49.40%    0B / 0B   26.6GB / 59.9MB   52
10bb8882dc69   pbbs_convexHull_1   4766.83%   43.81GiB / 96GiB    45.64%    0B / 0B   26GB / 59.9MB     52
2024-11-15 00:28:05.903685
CONTAINER ID   NAME                CPU %      MEM USAGE / LIMIT   MEM %     NET I/O   BLOCK I/O         PIDS
26a490b2a6c5   pbbs_convexHull     4787.34%   47.43GiB / 96GiB    49.41%    0B / 0B   26.6GB / 59.9MB   52
10bb8882dc69   pbbs_convexHull_1   4791.30%   43.82GiB / 96GiB    45.64%    0B / 0B   26GB / 59.9MB     52
2024-11-15 00:28:07.920366
CONTAINER ID   NAME                CPU %      MEM USAGE / LIMIT   MEM %     NET I/O   BLOCK I/O         PIDS
26a490b2a6c5   pbbs_convexHull     4802.84%   47.43GiB / 96GiB    49.41%    0B / 0B   26.6GB / 59.9MB   52
10bb8882dc69   pbbs_convexHull_1   4809.85%   43.84GiB / 96GiB    45.67%    0B / 0B   26GB / 59.9MB     52
2024-11-15 00:28:09.933707
CONTAINER ID   NAME                CPU %      MEM USAGE / LIMIT   MEM %     NET I/O   BLOCK I/O         PIDS
26a490b2a6c5   pbbs_convexHull     4766.11%   47.43GiB / 96GiB    49.41%    0B / 0B   26.6GB / 59.9MB   52
10bb8882dc69   pbbs_convexHull_1   4773.49%   43.85GiB / 96GiB    45.67%    0B / 0B   26GB / 59.9MB     52
2024-11-15 00:28:11.951110
CONTAINER ID   NAME                CPU %      MEM USAGE / LIMIT   MEM %     NET I/O   BLOCK I/O         PIDS
26a490b2a6c5   pbbs_convexHull     4768.52%   47.43GiB / 96GiB    49.41%    0B / 0B   26.6GB / 59.9MB   52
10bb8882dc69   pbbs_convexHull_1   4788.99%   43.85GiB / 96GiB    45.68%    0B / 0B   26GB / 59.9MB     52
2024-11-15 00:28:13.968557
CONTAINER ID   NAME                CPU %      MEM USAGE / LIMIT   MEM %     NET I/O   BLOCK I/O         PIDS
26a490b2a6c5   pbbs_convexHull     4789.67%   47.43GiB / 96GiB    49.41%    0B / 0B   26.6GB / 59.9MB   52
10bb8882dc69   pbbs_convexHull_1   4775.73%   43.85GiB / 96GiB    45.68%    0B / 0B   26GB / 59.9MB     52
2024-11-15 00:28:15.982818
CONTAINER ID   NAME                CPU %      MEM USAGE / LIMIT   MEM %     NET I/O   BLOCK I/O         PIDS
26a490b2a6c5   pbbs_convexHull     4781.29%   47.43GiB / 96GiB    49.41%    0B / 0B   26.6GB / 59.9MB   52
10bb8882dc69   pbbs_convexHull_1   4754.11%   43.85GiB / 96GiB    45.68%    0B / 0B   26GB / 59.9MB     52
2024-11-15 00:28:17.996289
CONTAINER ID   NAME                CPU %      MEM USAGE / LIMIT   MEM %     NET I/O   BLOCK I/O         PIDS
26a490b2a6c5   pbbs_convexHull     4777.20%   47.43GiB / 96GiB    49.41%    0B / 0B   26.6GB / 59.9MB   52
10bb8882dc69   pbbs_convexHull_1   4813.47%   43.88GiB / 96GiB    45.71%    0B / 0B   26GB / 59.9MB     52
2024-11-15 00:28:20.012186
CONTAINER ID   NAME                CPU %      MEM USAGE / LIMIT   MEM %     NET I/O   BLOCK I/O         PIDS
26a490b2a6c5   pbbs_convexHull     4746.14%   47.43GiB / 96GiB    49.41%    0B / 0B   26.6GB / 59.9MB   52
10bb8882dc69   pbbs_convexHull_1   4771.25%   43.88GiB / 96GiB    45.71%    0B / 0B   26GB / 59.9MB     52
2024-11-15 00:28:22.031390
CONTAINER ID   NAME                CPU %      MEM USAGE / LIMIT   MEM %     NET I/O   BLOCK I/O         PIDS
26a490b2a6c5   pbbs_convexHull     4802.99%   47.43GiB / 96GiB    49.41%    0B / 0B   26.6GB / 59.9MB   52
10bb8882dc69   pbbs_convexHull_1   4771.94%   43.88GiB / 96GiB    45.71%    0B / 0B   26GB / 59.9MB     52
2024-11-15 00:28:24.052369
CONTAINER ID   NAME                CPU %      MEM USAGE / LIMIT   MEM %     NET I/O   BLOCK I/O         PIDS
26a490b2a6c5   pbbs_convexHull     4797.09%   47.44GiB / 96GiB    49.41%    0B / 0B   26.6GB / 59.9MB   52
10bb8882dc69   pbbs_convexHull_1   4788.12%   43.88GiB / 96GiB    45.71%    0B / 0B   26GB / 59.9MB     52
2024-11-15 00:28:26.062900
CONTAINER ID   NAME                CPU %      MEM USAGE / LIMIT   MEM %     NET I/O   BLOCK I/O         PIDS
26a490b2a6c5   pbbs_convexHull     4800.77%   47.44GiB / 96GiB    49.41%    0B / 0B   26.6GB / 59.9MB   52
10bb8882dc69   pbbs_convexHull_1   4811.51%   43.89GiB / 96GiB    45.71%    0B / 0B   26GB / 59.9MB     52
2024-11-15 00:28:28.082673
CONTAINER ID   NAME                CPU %      MEM USAGE / LIMIT   MEM %     NET I/O   BLOCK I/O         PIDS
26a490b2a6c5   pbbs_convexHull     4776.85%   47.44GiB / 96GiB    49.42%    0B / 0B   26.6GB / 59.9MB   52
10bb8882dc69   pbbs_convexHull_1   4774.20%   43.89GiB / 96GiB    45.71%    0B / 0B   26GB / 59.9MB     52
2024-11-15 00:28:30.097447
CONTAINER ID   NAME                CPU %      MEM USAGE / LIMIT   MEM %     NET I/O   BLOCK I/O         PIDS
26a490b2a6c5   pbbs_convexHull     4787.81%   47.44GiB / 96GiB    49.42%    0B / 0B   26.6GB / 59.9MB   52
10bb8882dc69   pbbs_convexHull_1   4783.63%   43.89GiB / 96GiB    45.71%    0B / 0B   26GB / 59.9MB     52
2024-11-15 00:28:32.121366
CONTAINER ID   NAME                CPU %      MEM USAGE / LIMIT   MEM %     NET I/O   BLOCK I/O         PIDS
26a490b2a6c5   pbbs_convexHull     4784.28%   47.44GiB / 96GiB    49.41%    0B / 0B   26.6GB / 59.9MB   52
10bb8882dc69   pbbs_convexHull_1   4775.26%   43.88GiB / 96GiB    45.71%    0B / 0B   26GB / 59.9MB     52
2024-11-15 00:28:34.134495
CONTAINER ID   NAME                CPU %      MEM USAGE / LIMIT   MEM %     NET I/O   BLOCK I/O         PIDS
26a490b2a6c5   pbbs_convexHull     4784.27%   47.44GiB / 96GiB    49.42%    0B / 0B   26.6GB / 59.9MB   52
10bb8882dc69   pbbs_convexHull_1   4770.86%   43.89GiB / 96GiB    45.71%    0B / 0B   26GB / 59.9MB     52
2024-11-15 00:28:36.156140
CONTAINER ID   NAME                CPU %      MEM USAGE / LIMIT   MEM %     NET I/O   BLOCK I/O         PIDS
26a490b2a6c5   pbbs_convexHull     4775.04%   47.48GiB / 96GiB    49.46%    0B / 0B   26.6GB / 59.9MB   52
10bb8882dc69   pbbs_convexHull_1   4777.48%   43.89GiB / 96GiB    45.72%    0B / 0B   26GB / 59.9MB     52
2024-11-15 00:28:38.173654
CONTAINER ID   NAME                CPU %      MEM USAGE / LIMIT   MEM %     NET I/O   BLOCK I/O         PIDS
26a490b2a6c5   pbbs_convexHull     4772.01%   47.48GiB / 96GiB    49.46%    0B / 0B   26.6GB / 59.9MB   52
10bb8882dc69   pbbs_convexHull_1   4804.33%   43.89GiB / 96GiB    45.72%    0B / 0B   26GB / 59.9MB     52
2024-11-15 00:28:40.187999
CONTAINER ID   NAME                CPU %      MEM USAGE / LIMIT   MEM %     NET I/O   BLOCK I/O         PIDS
26a490b2a6c5   pbbs_convexHull     4785.09%   47.48GiB / 96GiB    49.46%    0B / 0B   26.6GB / 59.9MB   52
10bb8882dc69   pbbs_convexHull_1   4791.72%   43.89GiB / 96GiB    45.72%    0B / 0B   26GB / 59.9MB     52
2024-11-15 00:28:42.207155
CONTAINER ID   NAME                CPU %      MEM USAGE / LIMIT   MEM %     NET I/O   BLOCK I/O         PIDS
26a490b2a6c5   pbbs_convexHull     4808.30%   47.48GiB / 96GiB    49.46%    0B / 0B   26.6GB / 59.9MB   52
10bb8882dc69   pbbs_convexHull_1   4797.58%   43.89GiB / 96GiB    45.72%    0B / 0B   26GB / 59.9MB     52
2024-11-15 00:28:44.217780
CONTAINER ID   NAME                CPU %      MEM USAGE / LIMIT   MEM %     NET I/O   BLOCK I/O         PIDS
26a490b2a6c5   pbbs_convexHull     4780.52%   47.48GiB / 96GiB    49.46%    0B / 0B   26.6GB / 59.9MB   52
10bb8882dc69   pbbs_convexHull_1   4768.68%   43.89GiB / 96GiB    45.72%    0B / 0B   26GB / 59.9MB     52
2024-11-15 00:28:46.255407
CONTAINER ID   NAME                CPU %      MEM USAGE / LIMIT   MEM %     NET I/O   BLOCK I/O         PIDS
26a490b2a6c5   pbbs_convexHull     4782.97%   47.48GiB / 96GiB    49.46%    0B / 0B   26.6GB / 59.9MB   52
10bb8882dc69   pbbs_convexHull_1   4816.59%   43.89GiB / 96GiB    45.72%    0B / 0B   26GB / 59.9MB     52
2024-11-15 00:28:48.276945
CONTAINER ID   NAME                CPU %      MEM USAGE / LIMIT   MEM %     NET I/O   BLOCK I/O         PIDS
26a490b2a6c5   pbbs_convexHull     4788.23%   47.48GiB / 96GiB    49.46%    0B / 0B   26.6GB / 59.9MB   52
10bb8882dc69   pbbs_convexHull_1   4797.64%   43.89GiB / 96GiB    45.71%    0B / 0B   26GB / 59.9MB     52
2024-11-15 00:28:50.300696
CONTAINER ID   NAME                CPU %      MEM USAGE / LIMIT   MEM %     NET I/O   BLOCK I/O         PIDS
26a490b2a6c5   pbbs_convexHull     4777.65%   47.52GiB / 96GiB    49.50%    0B / 0B   26.6GB / 59.9MB   52
10bb8882dc69   pbbs_convexHull_1   4801.26%   43.89GiB / 96GiB    45.71%    0B / 0B   26GB / 59.9MB     52
2024-11-15 00:28:52.324228
CONTAINER ID   NAME                CPU %      MEM USAGE / LIMIT   MEM %     NET I/O   BLOCK I/O         PIDS
26a490b2a6c5   pbbs_convexHull     4767.64%   47.54GiB / 96GiB    49.52%    0B / 0B   26.6GB / 59.9MB   52
10bb8882dc69   pbbs_convexHull_1   4790.91%   43.92GiB / 96GiB    45.75%    0B / 0B   26GB / 59.9MB     52
2024-11-15 00:28:54.336102
CONTAINER ID   NAME                CPU %      MEM USAGE / LIMIT   MEM %     NET I/O   BLOCK I/O         PIDS
26a490b2a6c5   pbbs_convexHull     4787.26%   47.54GiB / 96GiB    49.52%    0B / 0B   26.6GB / 59.9MB   52
10bb8882dc69   pbbs_convexHull_1   4806.40%   43.92GiB / 96GiB    45.75%    0B / 0B   26GB / 59.9MB     52
2024-11-15 00:28:56.353122
CONTAINER ID   NAME                CPU %      MEM USAGE / LIMIT   MEM %     NET I/O   BLOCK I/O         PIDS
26a490b2a6c5   pbbs_convexHull     4794.94%   47.54GiB / 96GiB    49.52%    0B / 0B   26.6GB / 59.9MB   52
10bb8882dc69   pbbs_convexHull_1   4801.43%   43.92GiB / 96GiB    45.75%    0B / 0B   26GB / 59.9MB     52
2024-11-15 00:28:58.369178
CONTAINER ID   NAME                CPU %      MEM USAGE / LIMIT   MEM %     NET I/O   BLOCK I/O         PIDS
26a490b2a6c5   pbbs_convexHull     4781.77%   47.54GiB / 96GiB    49.53%    0B / 0B   26.6GB / 59.9MB   52
10bb8882dc69   pbbs_convexHull_1   4772.44%   43.92GiB / 96GiB    45.75%    0B / 0B   26GB / 59.9MB     52
2024-11-15 00:29:00.383756
CONTAINER ID   NAME                CPU %      MEM USAGE / LIMIT   MEM %     NET I/O   BLOCK I/O         PIDS
26a490b2a6c5   pbbs_convexHull     4761.87%   47.54GiB / 96GiB    49.52%    0B / 0B   26.6GB / 59.9MB   52
10bb8882dc69   pbbs_convexHull_1   4796.80%   43.92GiB / 96GiB    45.75%    0B / 0B   26GB / 59.9MB     52
2024-11-15 00:29:02.396046
CONTAINER ID   NAME                CPU %      MEM USAGE / LIMIT   MEM %     NET I/O   BLOCK I/O         PIDS
26a490b2a6c5   pbbs_convexHull     4803.32%   47.54GiB / 96GiB    49.52%    0B / 0B   26.6GB / 59.9MB   52
10bb8882dc69   pbbs_convexHull_1   4805.96%   43.92GiB / 96GiB    45.75%    0B / 0B   26GB / 59.9MB     52
2024-11-15 00:29:04.406286
CONTAINER ID   NAME                CPU %      MEM USAGE / LIMIT   MEM %     NET I/O   BLOCK I/O         PIDS
26a490b2a6c5   pbbs_convexHull     4782.89%   47.54GiB / 96GiB    49.52%    0B / 0B   26.6GB / 59.9MB   52
10bb8882dc69   pbbs_convexHull_1   4806.78%   43.92GiB / 96GiB    45.75%    0B / 0B   26GB / 59.9MB     52
2024-11-15 00:29:06.419304
CONTAINER ID   NAME                CPU %      MEM USAGE / LIMIT   MEM %     NET I/O   BLOCK I/O         PIDS
26a490b2a6c5   pbbs_convexHull     4808.59%   47.54GiB / 96GiB    49.52%    0B / 0B   26.6GB / 59.9MB   52
10bb8882dc69   pbbs_convexHull_1   4771.84%   43.92GiB / 96GiB    45.75%    0B / 0B   26GB / 59.9MB     52
2024-11-15 00:29:08.434924
CONTAINER ID   NAME                CPU %      MEM USAGE / LIMIT   MEM %     NET I/O   BLOCK I/O         PIDS
26a490b2a6c5   pbbs_convexHull     4787.93%   47.54GiB / 96GiB    49.52%    0B / 0B   26.6GB / 59.9MB   52
10bb8882dc69   pbbs_convexHull_1   4784.55%   43.92GiB / 96GiB    45.75%    0B / 0B   26GB / 59.9MB     52
2024-11-15 00:29:10.446966
CONTAINER ID   NAME                CPU %      MEM USAGE / LIMIT   MEM %     NET I/O   BLOCK I/O         PIDS
26a490b2a6c5   pbbs_convexHull     4765.61%   47.54GiB / 96GiB    49.52%    0B / 0B   26.6GB / 59.9MB   52
10bb8882dc69   pbbs_convexHull_1   4786.41%   43.92GiB / 96GiB    45.75%    0B / 0B   26GB / 59.9MB     52
2024-11-15 00:29:12.459697
CONTAINER ID   NAME                CPU %      MEM USAGE / LIMIT   MEM %     NET I/O   BLOCK I/O         PIDS
26a490b2a6c5   pbbs_convexHull     4787.23%   47.54GiB / 96GiB    49.52%    0B / 0B   26.6GB / 59.9MB   52
10bb8882dc69   pbbs_convexHull_1   4809.56%   43.92GiB / 96GiB    45.75%    0B / 0B   26GB / 59.9MB     52
2024-11-15 00:29:14.473188
CONTAINER ID   NAME                CPU %      MEM USAGE / LIMIT   MEM %     NET I/O   BLOCK I/O         PIDS
26a490b2a6c5   pbbs_convexHull     4768.39%   47.54GiB / 96GiB    49.53%    0B / 0B   26.6GB / 59.9MB   52
10bb8882dc69   pbbs_convexHull_1   4807.38%   43.92GiB / 96GiB    45.75%    0B / 0B   26GB / 59.9MB     52
2024-11-15 00:29:16.486885
CONTAINER ID   NAME                CPU %      MEM USAGE / LIMIT   MEM %     NET I/O   BLOCK I/O         PIDS
26a490b2a6c5   pbbs_convexHull     4763.51%   47.55GiB / 96GiB    49.53%    0B / 0B   26.6GB / 59.9MB   52
10bb8882dc69   pbbs_convexHull_1   4772.02%   43.92GiB / 96GiB    45.75%    0B / 0B   26GB / 59.9MB     52
2024-11-15 00:29:18.503891
CONTAINER ID   NAME                CPU %      MEM USAGE / LIMIT   MEM %     NET I/O   BLOCK I/O         PIDS
26a490b2a6c5   pbbs_convexHull     4765.69%   47.55GiB / 96GiB    49.53%    0B / 0B   26.6GB / 59.9MB   52
10bb8882dc69   pbbs_convexHull_1   4801.22%   43.92GiB / 96GiB    45.75%    0B / 0B   26GB / 59.9MB     52
2024-11-15 00:29:20.512963
CONTAINER ID   NAME                CPU %      MEM USAGE / LIMIT   MEM %     NET I/O   BLOCK I/O         PIDS
26a490b2a6c5   pbbs_convexHull     4823.57%   47.55GiB / 96GiB    49.53%    0B / 0B   26.6GB / 59.9MB   52
10bb8882dc69   pbbs_convexHull_1   4778.51%   43.92GiB / 96GiB    45.75%    0B / 0B   26GB / 59.9MB     52
2024-11-15 00:29:22.543284
CONTAINER ID   NAME                CPU %      MEM USAGE / LIMIT   MEM %     NET I/O   BLOCK I/O         PIDS
26a490b2a6c5   pbbs_convexHull     4798.55%   47.54GiB / 96GiB    49.53%    0B / 0B   26.6GB / 59.9MB   52
10bb8882dc69   pbbs_convexHull_1   4794.33%   43.92GiB / 96GiB    45.75%    0B / 0B   26GB / 59.9MB     52
2024-11-15 00:29:24.553943
CONTAINER ID   NAME                CPU %      MEM USAGE / LIMIT   MEM %     NET I/O   BLOCK I/O         PIDS
26a490b2a6c5   pbbs_convexHull     4756.97%   47.55GiB / 96GiB    49.53%    0B / 0B   26.6GB / 59.9MB   52
10bb8882dc69   pbbs_convexHull_1   4780.11%   43.92GiB / 96GiB    45.75%    0B / 0B   26GB / 59.9MB     52
2024-11-15 00:29:26.568657
CONTAINER ID   NAME                CPU %      MEM USAGE / LIMIT   MEM %     NET I/O   BLOCK I/O         PIDS
26a490b2a6c5   pbbs_convexHull     4803.88%   47.55GiB / 96GiB    49.53%    0B / 0B   26.6GB / 59.9MB   52
10bb8882dc69   pbbs_convexHull_1   4814.10%   43.92GiB / 96GiB    45.75%    0B / 0B   26GB / 59.9MB     52
2024-11-15 00:29:28.592009
CONTAINER ID   NAME                CPU %      MEM USAGE / LIMIT   MEM %     NET I/O   BLOCK I/O         PIDS
26a490b2a6c5   pbbs_convexHull     4766.02%   47.55GiB / 96GiB    49.53%    0B / 0B   26.6GB / 59.9MB   52
10bb8882dc69   pbbs_convexHull_1   4788.33%   43.97GiB / 96GiB    45.80%    0B / 0B   26GB / 59.9MB     52
2024-11-15 00:29:30.605881
CONTAINER ID   NAME                CPU %      MEM USAGE / LIMIT   MEM %     NET I/O   BLOCK I/O         PIDS
26a490b2a6c5   pbbs_convexHull     4780.33%   47.55GiB / 96GiB    49.53%    0B / 0B   26.6GB / 59.9MB   52
10bb8882dc69   pbbs_convexHull_1   4791.28%   43.99GiB / 96GiB    45.82%    0B / 0B   26GB / 59.9MB     52
2024-11-15 00:29:32.620550
CONTAINER ID   NAME                CPU %      MEM USAGE / LIMIT   MEM %     NET I/O   BLOCK I/O         PIDS
26a490b2a6c5   pbbs_convexHull     4762.24%   47.55GiB / 96GiB    49.53%    0B / 0B   26.6GB / 59.9MB   52
10bb8882dc69   pbbs_convexHull_1   4804.60%   43.99GiB / 96GiB    45.82%    0B / 0B   26GB / 59.9MB     52
2024-11-15 00:29:34.633027
CONTAINER ID   NAME                CPU %      MEM USAGE / LIMIT   MEM %     NET I/O   BLOCK I/O         PIDS
26a490b2a6c5   pbbs_convexHull     4799.62%   47.55GiB / 96GiB    49.53%    0B / 0B   26.6GB / 59.9MB   52
10bb8882dc69   pbbs_convexHull_1   4787.16%   43.99GiB / 96GiB    45.82%    0B / 0B   26GB / 59.9MB     52
2024-11-15 00:29:36.647660
CONTAINER ID   NAME                CPU %      MEM USAGE / LIMIT   MEM %     NET I/O   BLOCK I/O         PIDS
26a490b2a6c5   pbbs_convexHull     4805.54%   47.55GiB / 96GiB    49.53%    0B / 0B   26.6GB / 59.9MB   52
10bb8882dc69   pbbs_convexHull_1   4790.84%   43.99GiB / 96GiB    45.82%    0B / 0B   26GB / 59.9MB     52
2024-11-15 00:29:38.661944
CONTAINER ID   NAME                CPU %      MEM USAGE / LIMIT   MEM %     NET I/O   BLOCK I/O         PIDS
26a490b2a6c5   pbbs_convexHull     4802.19%   47.55GiB / 96GiB    49.53%    0B / 0B   26.6GB / 59.9MB   52
10bb8882dc69   pbbs_convexHull_1   4802.69%   43.99GiB / 96GiB    45.82%    0B / 0B   26GB / 59.9MB     52
2024-11-15 00:29:40.673603
CONTAINER ID   NAME                CPU %      MEM USAGE / LIMIT   MEM %     NET I/O   BLOCK I/O         PIDS
26a490b2a6c5   pbbs_convexHull     4774.02%   47.55GiB / 96GiB    49.53%    0B / 0B   26.6GB / 59.9MB   52
10bb8882dc69   pbbs_convexHull_1   4787.03%   43.99GiB / 96GiB    45.82%    0B / 0B   26GB / 59.9MB     52
2024-11-15 00:29:42.707113
CONTAINER ID   NAME                CPU %      MEM USAGE / LIMIT   MEM %     NET I/O   BLOCK I/O         PIDS
26a490b2a6c5   pbbs_convexHull     4799.79%   47.55GiB / 96GiB    49.53%    0B / 0B   26.6GB / 59.9MB   52
10bb8882dc69   pbbs_convexHull_1   4785.51%   43.99GiB / 96GiB    45.82%    0B / 0B   26GB / 59.9MB     52
2024-11-15 00:29:44.731353
CONTAINER ID   NAME                CPU %      MEM USAGE / LIMIT   MEM %     NET I/O   BLOCK I/O         PIDS
26a490b2a6c5   pbbs_convexHull     4804.96%   47.55GiB / 96GiB    49.53%    0B / 0B   26.6GB / 59.9MB   52
10bb8882dc69   pbbs_convexHull_1   4764.56%   43.99GiB / 96GiB    45.82%    0B / 0B   26GB / 59.9MB     52
2024-11-15 00:29:47.821558
CONTAINER ID   NAME                CPU %      MEM USAGE / LIMIT   MEM %     NET I/O   BLOCK I/O         PIDS
26a490b2a6c5   pbbs_convexHull     4781.36%   47.55GiB / 96GiB    49.53%    0B / 0B   26.6GB / 59.9MB   52
10bb8882dc69   pbbs_convexHull_1   4788.62%   43.99GiB / 96GiB    45.82%    0B / 0B   26GB / 59.9MB     52
2024-11-15 00:29:49.834486
CONTAINER ID   NAME                CPU %      MEM USAGE / LIMIT   MEM %     NET I/O   BLOCK I/O         PIDS
26a490b2a6c5   pbbs_convexHull     4792.73%   47.55GiB / 96GiB    49.53%    0B / 0B   26.6GB / 59.9MB   52
10bb8882dc69   pbbs_convexHull_1   4778.87%   43.99GiB / 96GiB    45.82%    0B / 0B   26GB / 59.9MB     52
2024-11-15 00:29:51.847495
CONTAINER ID   NAME                CPU %      MEM USAGE / LIMIT   MEM %     NET I/O   BLOCK I/O         PIDS
26a490b2a6c5   pbbs_convexHull     4766.84%   47.55GiB / 96GiB    49.53%    0B / 0B   26.6GB / 59.9MB   52
10bb8882dc69   pbbs_convexHull_1   4790.44%   43.99GiB / 96GiB    45.82%    0B / 0B   26GB / 59.9MB     52
2024-11-15 00:29:53.860836
CONTAINER ID   NAME                CPU %      MEM USAGE / LIMIT   MEM %     NET I/O   BLOCK I/O         PIDS
26a490b2a6c5   pbbs_convexHull     4800.01%   47.55GiB / 96GiB    49.53%    0B / 0B   26.6GB / 59.9MB   52
10bb8882dc69   pbbs_convexHull_1   4765.86%   43.99GiB / 96GiB    45.82%    0B / 0B   26GB / 59.9MB     52
2024-11-15 00:29:55.872649
CONTAINER ID   NAME                CPU %      MEM USAGE / LIMIT   MEM %     NET I/O   BLOCK I/O         PIDS
26a490b2a6c5   pbbs_convexHull     4776.65%   47.55GiB / 96GiB    49.53%    0B / 0B   26.6GB / 59.9MB   52
10bb8882dc69   pbbs_convexHull_1   4807.14%   43.99GiB / 96GiB    45.82%    0B / 0B   26GB / 59.9MB     52
2024-11-15 00:29:57.893195
CONTAINER ID   NAME                CPU %      MEM USAGE / LIMIT   MEM %     NET I/O   BLOCK I/O         PIDS
26a490b2a6c5   pbbs_convexHull     4798.10%   47.55GiB / 96GiB    49.53%    0B / 0B   26.6GB / 59.9MB   52
10bb8882dc69   pbbs_convexHull_1   4805.10%   43.99GiB / 96GiB    45.82%    0B / 0B   26GB / 59.9MB     52
2024-11-15 00:29:59.902463
CONTAINER ID   NAME                CPU %      MEM USAGE / LIMIT   MEM %     NET I/O   BLOCK I/O         PIDS
26a490b2a6c5   pbbs_convexHull     4786.11%   47.55GiB / 96GiB    49.53%    0B / 0B   26.6GB / 59.9MB   52
10bb8882dc69   pbbs_convexHull_1   4768.66%   43.99GiB / 96GiB    45.82%    0B / 0B   26GB / 59.9MB     52
2024-11-15 00:30:01.911200
CONTAINER ID   NAME                CPU %      MEM USAGE / LIMIT   MEM %     NET I/O   BLOCK I/O         PIDS
26a490b2a6c5   pbbs_convexHull     4778.90%   47.55GiB / 96GiB    49.53%    0B / 0B   26.6GB / 59.9MB   52
10bb8882dc69   pbbs_convexHull_1   4782.58%   44.05GiB / 96GiB    45.89%    0B / 0B   26GB / 59.9MB     52
2024-11-15 00:30:04.942424
CONTAINER ID   NAME                CPU %      MEM USAGE / LIMIT   MEM %     NET I/O   BLOCK I/O         PIDS
26a490b2a6c5   pbbs_convexHull     4764.88%   47.55GiB / 96GiB    49.53%    0B / 0B   26.6GB / 59.9MB   52
10bb8882dc69   pbbs_convexHull_1   4806.19%   44.06GiB / 96GiB    45.90%    0B / 0B   26GB / 59.9MB     52
2024-11-15 00:30:06.954637
CONTAINER ID   NAME                CPU %      MEM USAGE / LIMIT   MEM %     NET I/O   BLOCK I/O         PIDS
26a490b2a6c5   pbbs_convexHull     4782.78%   47.55GiB / 96GiB    49.53%    0B / 0B   26.6GB / 59.9MB   52
10bb8882dc69   pbbs_convexHull_1   4774.01%   44.07GiB / 96GiB    45.90%    0B / 0B   26GB / 59.9MB     52
2024-11-15 00:30:08.967824
CONTAINER ID   NAME                CPU %      MEM USAGE / LIMIT   MEM %     NET I/O   BLOCK I/O         PIDS
26a490b2a6c5   pbbs_convexHull     4794.35%   47.55GiB / 96GiB    49.53%    0B / 0B   26.6GB / 59.9MB   52
10bb8882dc69   pbbs_convexHull_1   4809.59%   44.06GiB / 96GiB    45.90%    0B / 0B   26GB / 59.9MB     52
2024-11-15 00:30:10.982719
CONTAINER ID   NAME                CPU %      MEM USAGE / LIMIT   MEM %     NET I/O   BLOCK I/O         PIDS
26a490b2a6c5   pbbs_convexHull     4812.37%   47.55GiB / 96GiB    49.53%    0B / 0B   26.6GB / 59.9MB   52
10bb8882dc69   pbbs_convexHull_1   4755.81%   44.06GiB / 96GiB    45.90%    0B / 0B   26GB / 59.9MB     52
2024-11-15 00:30:13.007666
CONTAINER ID   NAME                CPU %      MEM USAGE / LIMIT   MEM %     NET I/O   BLOCK I/O         PIDS
26a490b2a6c5   pbbs_convexHull     4761.61%   47.55GiB / 96GiB    49.53%    0B / 0B   26.6GB / 59.9MB   52
10bb8882dc69   pbbs_convexHull_1   4788.59%   44.07GiB / 96GiB    45.90%    0B / 0B   26GB / 59.9MB     52
2024-11-15 00:30:15.023419
CONTAINER ID   NAME                CPU %      MEM USAGE / LIMIT   MEM %     NET I/O   BLOCK I/O         PIDS
26a490b2a6c5   pbbs_convexHull     4780.35%   47.55GiB / 96GiB    49.53%    0B / 0B   26.6GB / 59.9MB   52
10bb8882dc69   pbbs_convexHull_1   4783.37%   44.07GiB / 96GiB    45.90%    0B / 0B   26GB / 59.9MB     52
2024-11-15 00:30:17.036103
CONTAINER ID   NAME                CPU %      MEM USAGE / LIMIT   MEM %     NET I/O   BLOCK I/O         PIDS
26a490b2a6c5   pbbs_convexHull     4803.51%   47.55GiB / 96GiB    49.53%    0B / 0B   26.6GB / 59.9MB   52
10bb8882dc69   pbbs_convexHull_1   4775.43%   44.07GiB / 96GiB    45.90%    0B / 0B   26GB / 59.9MB     52
2024-11-15 00:30:19.043483
CONTAINER ID   NAME                CPU %      MEM USAGE / LIMIT   MEM %     NET I/O   BLOCK I/O         PIDS
26a490b2a6c5   pbbs_convexHull     4773.41%   47.55GiB / 96GiB    49.53%    0B / 0B   26.6GB / 59.9MB   52
10bb8882dc69   pbbs_convexHull_1   4787.81%   44.07GiB / 96GiB    45.90%    0B / 0B   26GB / 59.9MB     52
2024-11-15 00:30:21.056304
CONTAINER ID   NAME                CPU %      MEM USAGE / LIMIT   MEM %     NET I/O   BLOCK I/O         PIDS
26a490b2a6c5   pbbs_convexHull     4772.28%   47.55GiB / 96GiB    49.53%    0B / 0B   26.6GB / 59.9MB   52
10bb8882dc69   pbbs_convexHull_1   4789.97%   44.07GiB / 96GiB    45.90%    0B / 0B   26GB / 59.9MB     52
2024-11-15 00:30:23.069031
CONTAINER ID   NAME                CPU %      MEM USAGE / LIMIT   MEM %     NET I/O   BLOCK I/O         PIDS
26a490b2a6c5   pbbs_convexHull     4787.53%   47.55GiB / 96GiB    49.53%    0B / 0B   26.6GB / 59.9MB   52
10bb8882dc69   pbbs_convexHull_1   4768.29%   44.07GiB / 96GiB    45.90%    0B / 0B   26GB / 59.9MB     52
2024-11-15 00:30:25.084094
CONTAINER ID   NAME                CPU %      MEM USAGE / LIMIT   MEM %     NET I/O   BLOCK I/O         PIDS
26a490b2a6c5   pbbs_convexHull     4786.89%   47.55GiB / 96GiB    49.53%    0B / 0B   26.6GB / 59.9MB   52
10bb8882dc69   pbbs_convexHull_1   4767.57%   44.06GiB / 96GiB    45.90%    0B / 0B   26GB / 59.9MB     52
2024-11-15 00:30:27.096382
CONTAINER ID   NAME                CPU %      MEM USAGE / LIMIT   MEM %     NET I/O   BLOCK I/O         PIDS
26a490b2a6c5   pbbs_convexHull     4782.29%   47.55GiB / 96GiB    49.53%    0B / 0B   26.6GB / 59.9MB   52
10bb8882dc69   pbbs_convexHull_1   4785.24%   44.06GiB / 96GiB    45.90%    0B / 0B   26GB / 59.9MB     52
2024-11-15 00:30:29.110194
CONTAINER ID   NAME                CPU %      MEM USAGE / LIMIT   MEM %     NET I/O   BLOCK I/O         PIDS
26a490b2a6c5   pbbs_convexHull     4792.31%   47.55GiB / 96GiB    49.53%    0B / 0B   26.6GB / 59.9MB   52
10bb8882dc69   pbbs_convexHull_1   4795.20%   44.07GiB / 96GiB    45.90%    0B / 0B   26GB / 59.9MB     52
2024-11-15 00:30:31.125490
CONTAINER ID   NAME                CPU %      MEM USAGE / LIMIT   MEM %     NET I/O   BLOCK I/O         PIDS
26a490b2a6c5   pbbs_convexHull     4782.28%   47.55GiB / 96GiB    49.53%    0B / 0B   26.6GB / 59.9MB   52
10bb8882dc69   pbbs_convexHull_1   4766.36%   44.07GiB / 96GiB    45.90%    0B / 0B   26GB / 59.9MB     52
2024-11-15 00:30:33.139970
CONTAINER ID   NAME                CPU %      MEM USAGE / LIMIT   MEM %     NET I/O   BLOCK I/O         PIDS
26a490b2a6c5   pbbs_convexHull     4799.94%   47.55GiB / 96GiB    49.53%    0B / 0B   26.6GB / 59.9MB   52
10bb8882dc69   pbbs_convexHull_1   4786.47%   44.07GiB / 96GiB    45.90%    0B / 0B   26GB / 59.9MB     52
2024-11-15 00:30:35.149090
CONTAINER ID   NAME                CPU %      MEM USAGE / LIMIT   MEM %     NET I/O   BLOCK I/O         PIDS
26a490b2a6c5   pbbs_convexHull     4768.56%   47.55GiB / 96GiB    49.53%    0B / 0B   26.6GB / 59.9MB   52
10bb8882dc69   pbbs_convexHull_1   4783.29%   44.06GiB / 96GiB    45.90%    0B / 0B   26GB / 59.9MB     52
2024-11-15 00:30:37.165583
CONTAINER ID   NAME                CPU %      MEM USAGE / LIMIT   MEM %     NET I/O   BLOCK I/O         PIDS
26a490b2a6c5   pbbs_convexHull     4767.03%   47.55GiB / 96GiB    49.53%    0B / 0B   26.6GB / 59.9MB   52
10bb8882dc69   pbbs_convexHull_1   4783.92%   44.07GiB / 96GiB    45.90%    0B / 0B   26GB / 59.9MB     52
2024-11-15 00:30:39.194894
CONTAINER ID   NAME                CPU %      MEM USAGE / LIMIT   MEM %     NET I/O   BLOCK I/O         PIDS
26a490b2a6c5   pbbs_convexHull     4784.55%   47.55GiB / 96GiB    49.53%    0B / 0B   26.6GB / 59.9MB   52
10bb8882dc69   pbbs_convexHull_1   4759.12%   44.07GiB / 96GiB    45.90%    0B / 0B   26GB / 59.9MB     52
2024-11-15 00:30:41.219006
CONTAINER ID   NAME                CPU %      MEM USAGE / LIMIT   MEM %     NET I/O   BLOCK I/O         PIDS
26a490b2a6c5   pbbs_convexHull     4780.99%   47.55GiB / 96GiB    49.53%    0B / 0B   26.6GB / 59.9MB   52
10bb8882dc69   pbbs_convexHull_1   4789.65%   44.07GiB / 96GiB    45.90%    0B / 0B   26GB / 59.9MB     52
2024-11-15 00:30:43.245972
CONTAINER ID   NAME                CPU %      MEM USAGE / LIMIT   MEM %     NET I/O   BLOCK I/O         PIDS
26a490b2a6c5   pbbs_convexHull     4771.04%   47.55GiB / 96GiB    49.53%    0B / 0B   26.6GB / 59.9MB   52
10bb8882dc69   pbbs_convexHull_1   4782.63%   44.07GiB / 96GiB    45.90%    0B / 0B   26GB / 59.9MB     52
2024-11-15 00:30:45.261702
CONTAINER ID   NAME                CPU %      MEM USAGE / LIMIT   MEM %     NET I/O   BLOCK I/O         PIDS
26a490b2a6c5   pbbs_convexHull     4789.87%   47.55GiB / 96GiB    49.53%    0B / 0B   26.6GB / 59.9MB   52
10bb8882dc69   pbbs_convexHull_1   4776.00%   44.07GiB / 96GiB    45.90%    0B / 0B   26GB / 59.9MB     52
2024-11-15 00:30:47.271967
CONTAINER ID   NAME                CPU %      MEM USAGE / LIMIT   MEM %     NET I/O   BLOCK I/O         PIDS
26a490b2a6c5   pbbs_convexHull     4768.59%   47.55GiB / 96GiB    49.53%    0B / 0B   26.6GB / 59.9MB   52
10bb8882dc69   pbbs_convexHull_1   4765.66%   44.07GiB / 96GiB    45.90%    0B / 0B   26GB / 59.9MB     52
2024-11-15 00:30:49.288106
CONTAINER ID   NAME                CPU %      MEM USAGE / LIMIT   MEM %     NET I/O   BLOCK I/O         PIDS
26a490b2a6c5   pbbs_convexHull     4780.97%   47.55GiB / 96GiB    49.53%    0B / 0B   26.6GB / 59.9MB   52
10bb8882dc69   pbbs_convexHull_1   4774.20%   44.07GiB / 96GiB    45.90%    0B / 0B   26GB / 59.9MB     52
2024-11-15 00:30:51.296742
CONTAINER ID   NAME                CPU %      MEM USAGE / LIMIT   MEM %     NET I/O   BLOCK I/O         PIDS
26a490b2a6c5   pbbs_convexHull     4783.05%   47.55GiB / 96GiB    49.53%    0B / 0B   26.6GB / 59.9MB   52
10bb8882dc69   pbbs_convexHull_1   4810.99%   44.07GiB / 96GiB    45.90%    0B / 0B   26GB / 59.9MB     52
2024-11-15 00:30:53.311153
CONTAINER ID   NAME                CPU %      MEM USAGE / LIMIT   MEM %     NET I/O   BLOCK I/O         PIDS
26a490b2a6c5   pbbs_convexHull     4773.80%   47.55GiB / 96GiB    49.53%    0B / 0B   26.6GB / 59.9MB   52
10bb8882dc69   pbbs_convexHull_1   4783.29%   44.07GiB / 96GiB    45.91%    0B / 0B   26GB / 59.9MB     52
2024-11-15 00:30:55.324412
CONTAINER ID   NAME                CPU %      MEM USAGE / LIMIT   MEM %     NET I/O   BLOCK I/O         PIDS
26a490b2a6c5   pbbs_convexHull     4786.17%   47.55GiB / 96GiB    49.53%    0B / 0B   26.6GB / 59.9MB   52
10bb8882dc69   pbbs_convexHull_1   4800.08%   44.07GiB / 96GiB    45.90%    0B / 0B   26GB / 59.9MB     52
2024-11-15 00:30:57.341448
CONTAINER ID   NAME                CPU %      MEM USAGE / LIMIT   MEM %     NET I/O   BLOCK I/O         PIDS
26a490b2a6c5   pbbs_convexHull     4790.21%   47.55GiB / 96GiB    49.53%    0B / 0B   26.6GB / 59.9MB   52
10bb8882dc69   pbbs_convexHull_1   4796.12%   44.07GiB / 96GiB    45.90%    0B / 0B   26GB / 59.9MB     52
2024-11-15 00:30:59.353457
CONTAINER ID   NAME                CPU %      MEM USAGE / LIMIT   MEM %     NET I/O   BLOCK I/O         PIDS
26a490b2a6c5   pbbs_convexHull     4739.63%   47.55GiB / 96GiB    49.53%    0B / 0B   26.6GB / 59.9MB   52
10bb8882dc69   pbbs_convexHull_1   4783.00%   44.07GiB / 96GiB    45.90%    0B / 0B   26GB / 59.9MB     52
2024-11-15 00:31:01.368778
CONTAINER ID   NAME                CPU %      MEM USAGE / LIMIT   MEM %     NET I/O   BLOCK I/O         PIDS
26a490b2a6c5   pbbs_convexHull     4805.25%   47.55GiB / 96GiB    49.53%    0B / 0B   26.6GB / 59.9MB   52
10bb8882dc69   pbbs_convexHull_1   4778.09%   44.07GiB / 96GiB    45.91%    0B / 0B   26GB / 59.9MB     52
2024-11-15 00:31:03.384346
CONTAINER ID   NAME                CPU %      MEM USAGE / LIMIT   MEM %     NET I/O   BLOCK I/O         PIDS
26a490b2a6c5   pbbs_convexHull     4762.93%   47.55GiB / 96GiB    49.53%    0B / 0B   26.6GB / 59.9MB   52
10bb8882dc69   pbbs_convexHull_1   4802.27%   44.07GiB / 96GiB    45.91%    0B / 0B   26GB / 59.9MB     52
2024-11-15 00:31:05.397100
CONTAINER ID   NAME                CPU %      MEM USAGE / LIMIT   MEM %     NET I/O   BLOCK I/O         PIDS
26a490b2a6c5   pbbs_convexHull     4768.19%   47.55GiB / 96GiB    49.53%    0B / 0B   26.6GB / 59.9MB   52
10bb8882dc69   pbbs_convexHull_1   4806.73%   44.07GiB / 96GiB    45.91%    0B / 0B   26GB / 59.9MB     52
2024-11-15 00:31:07.407417
CONTAINER ID   NAME                CPU %      MEM USAGE / LIMIT   MEM %     NET I/O   BLOCK I/O         PIDS
26a490b2a6c5   pbbs_convexHull     4792.30%   47.55GiB / 96GiB    49.53%    0B / 0B   26.6GB / 59.9MB   52
10bb8882dc69   pbbs_convexHull_1   4764.37%   44.07GiB / 96GiB    45.90%    0B / 0B   26GB / 59.9MB     52
2024-11-15 00:31:09.420506
CONTAINER ID   NAME                CPU %      MEM USAGE / LIMIT   MEM %     NET I/O   BLOCK I/O         PIDS
26a490b2a6c5   pbbs_convexHull     4753.46%   47.55GiB / 96GiB    49.53%    0B / 0B   26.6GB / 59.9MB   52
10bb8882dc69   pbbs_convexHull_1   4801.54%   44.07GiB / 96GiB    45.91%    0B / 0B   26GB / 59.9MB     52
2024-11-15 00:31:11.436493
CONTAINER ID   NAME                CPU %      MEM USAGE / LIMIT   MEM %     NET I/O   BLOCK I/O         PIDS
26a490b2a6c5   pbbs_convexHull     4784.59%   47.55GiB / 96GiB    49.54%    0B / 0B   26.6GB / 59.9MB   52
10bb8882dc69   pbbs_convexHull_1   4811.26%   44.07GiB / 96GiB    45.91%    0B / 0B   26GB / 59.9MB     52
2024-11-15 00:31:13.449778
CONTAINER ID   NAME                CPU %      MEM USAGE / LIMIT   MEM %     NET I/O   BLOCK I/O         PIDS
26a490b2a6c5   pbbs_convexHull     4781.74%   47.55GiB / 96GiB    49.53%    0B / 0B   26.6GB / 59.9MB   52
10bb8882dc69   pbbs_convexHull_1   4804.08%   44.07GiB / 96GiB    45.91%    0B / 0B   26GB / 59.9MB     52
2024-11-15 00:31:15.464520
CONTAINER ID   NAME                CPU %      MEM USAGE / LIMIT   MEM %     NET I/O   BLOCK I/O         PIDS
26a490b2a6c5   pbbs_convexHull     4800.56%   47.55GiB / 96GiB    49.53%    0B / 0B   26.6GB / 59.9MB   52
10bb8882dc69   pbbs_convexHull_1   4769.70%   44.12GiB / 96GiB    45.95%    0B / 0B   26GB / 59.9MB     52
2024-11-15 00:31:17.475785
CONTAINER ID   NAME                CPU %      MEM USAGE / LIMIT   MEM %     NET I/O   BLOCK I/O         PIDS
26a490b2a6c5   pbbs_convexHull     4758.89%   47.55GiB / 96GiB    49.54%    0B / 0B   26.6GB / 59.9MB   52
10bb8882dc69   pbbs_convexHull_1   4770.51%   44.32GiB / 96GiB    46.17%    0B / 0B   26GB / 59.9MB     52
2024-11-15 00:31:19.489066
CONTAINER ID   NAME                CPU %      MEM USAGE / LIMIT   MEM %     NET I/O   BLOCK I/O         PIDS
26a490b2a6c5   pbbs_convexHull     4779.28%   47.56GiB / 96GiB    49.54%    0B / 0B   26.6GB / 59.9MB   52
10bb8882dc69   pbbs_convexHull_1   4789.03%   44.32GiB / 96GiB    46.17%    0B / 0B   26GB / 59.9MB     52
2024-11-15 00:31:21.500405
CONTAINER ID   NAME                CPU %      MEM USAGE / LIMIT   MEM %     NET I/O   BLOCK I/O         PIDS
26a490b2a6c5   pbbs_convexHull     4783.47%   47.56GiB / 96GiB    49.54%    0B / 0B   26.6GB / 59.9MB   52
10bb8882dc69   pbbs_convexHull_1   4788.16%   44.32GiB / 96GiB    46.17%    0B / 0B   26GB / 59.9MB     52
2024-11-15 00:31:23.514005
CONTAINER ID   NAME                CPU %      MEM USAGE / LIMIT   MEM %     NET I/O   BLOCK I/O         PIDS
26a490b2a6c5   pbbs_convexHull     4779.53%   47.56GiB / 96GiB    49.54%    0B / 0B   26.6GB / 59.9MB   52
10bb8882dc69   pbbs_convexHull_1   4770.05%   44.32GiB / 96GiB    46.17%    0B / 0B   26GB / 59.9MB     52
2024-11-15 00:31:25.530301
CONTAINER ID   NAME                CPU %      MEM USAGE / LIMIT   MEM %     NET I/O   BLOCK I/O         PIDS
26a490b2a6c5   pbbs_convexHull     4789.95%   47.56GiB / 96GiB    49.54%    0B / 0B   26.6GB / 59.9MB   52
10bb8882dc69   pbbs_convexHull_1   4807.23%   44.32GiB / 96GiB    46.17%    0B / 0B   26GB / 59.9MB     52
2024-11-15 00:31:27.541996
CONTAINER ID   NAME                CPU %      MEM USAGE / LIMIT   MEM %     NET I/O   BLOCK I/O         PIDS
26a490b2a6c5   pbbs_convexHull     4788.27%   47.56GiB / 96GiB    49.54%    0B / 0B   26.6GB / 59.9MB   52
10bb8882dc69   pbbs_convexHull_1   4818.16%   44.32GiB / 96GiB    46.17%    0B / 0B   26GB / 59.9MB     52
2024-11-15 00:31:29.558328
CONTAINER ID   NAME                CPU %      MEM USAGE / LIMIT   MEM %     NET I/O   BLOCK I/O         PIDS
26a490b2a6c5   pbbs_convexHull     4781.48%   47.56GiB / 96GiB    49.54%    0B / 0B   26.6GB / 59.9MB   52
10bb8882dc69   pbbs_convexHull_1   4789.45%   44.32GiB / 96GiB    46.17%    0B / 0B   26GB / 59.9MB     52
2024-11-15 00:31:31.577885
CONTAINER ID   NAME                CPU %      MEM USAGE / LIMIT   MEM %     NET I/O   BLOCK I/O         PIDS
26a490b2a6c5   pbbs_convexHull     4795.63%   47.56GiB / 96GiB    49.54%    0B / 0B   26.6GB / 59.9MB   52
10bb8882dc69   pbbs_convexHull_1   4789.78%   44.32GiB / 96GiB    46.17%    0B / 0B   26GB / 59.9MB     52
2024-11-15 00:31:33.589230
CONTAINER ID   NAME                CPU %     MEM USAGE / LIMIT   MEM %     NET I/O   BLOCK I/O         PIDS
26a490b2a6c5   pbbs_convexHull     100.62%   28.15GiB / 96GiB    29.32%    0B / 0B   26.6GB / 59.9MB   5
10bb8882dc69   pbbs_convexHull_1   111.12%   22.38GiB / 96GiB    23.31%    0B / 0B   26GB / 59.9MB     5
2024-11-15 00:31:35.605120
CONTAINER ID   NAME      CPU %     MEM USAGE / LIMIT   MEM %     NET I/O   BLOCK I/O   PIDS
