2025-02-17 06:28:30.477232
CONTAINER ID   NAME      CPU %     MEM USAGE / LIMIT   MEM %     NET I/O   BLOCK I/O   PIDS
2025-02-17 06:28:31.099895
CONTAINER ID   NAME      CPU %     MEM USAGE / LIMIT   MEM %     NET I/O   BLOCK I/O   PIDS
2025-02-17 06:28:31.716993
CONTAINER ID   NAME      CPU %     MEM USAGE / LIMIT   MEM %     NET I/O   BLOCK I/O   PIDS
2025-02-17 06:28:32.337537
CONTAINER ID   NAME      CPU %     MEM USAGE / LIMIT   MEM %     NET I/O   BLOCK I/O   PIDS
2025-02-17 06:28:32.957199
CONTAINER ID   NAME      CPU %     MEM USAGE / LIMIT   MEM %     NET I/O   BLOCK I/O   PIDS
2025-02-17 06:28:33.578341
CONTAINER ID   NAME      CPU %     MEM USAGE / LIMIT   MEM %     NET I/O   BLOCK I/O   PIDS
2025-02-17 06:28:34.198588
CONTAINER ID   NAME      CPU %     MEM USAGE / LIMIT   MEM %     NET I/O   BLOCK I/O   PIDS
2025-02-17 06:28:34.817474
CONTAINER ID   NAME      CPU %     MEM USAGE / LIMIT   MEM %     NET I/O   BLOCK I/O   PIDS
2025-02-17 06:28:35.437138
CONTAINER ID   NAME      CPU %     MEM USAGE / LIMIT   MEM %     NET I/O   BLOCK I/O   PIDS
2025-02-17 06:28:36.055647
CONTAINER ID   NAME      CPU %     MEM USAGE / LIMIT   MEM %     NET I/O   BLOCK I/O   PIDS
2025-02-17 06:28:36.672163
CONTAINER ID   NAME      CPU %     MEM USAGE / LIMIT   MEM %     NET I/O   BLOCK I/O   PIDS
2025-02-17 06:28:37.291617
CONTAINER ID   NAME      CPU %     MEM USAGE / LIMIT   MEM %     NET I/O   BLOCK I/O   PIDS
2025-02-17 06:28:37.908775
CONTAINER ID   NAME      CPU %     MEM USAGE / LIMIT   MEM %     NET I/O   BLOCK I/O   PIDS
2025-02-17 06:28:38.527379
CONTAINER ID   NAME      CPU %     MEM USAGE / LIMIT   MEM %     NET I/O   BLOCK I/O   PIDS
2025-02-17 06:28:39.144800
CONTAINER ID   NAME      CPU %     MEM USAGE / LIMIT   MEM %     NET I/O   BLOCK I/O   PIDS
2025-02-17 06:28:39.762310
CONTAINER ID   NAME      CPU %     MEM USAGE / LIMIT   MEM %     NET I/O   BLOCK I/O   PIDS
2025-02-17 06:28:40.380607
CONTAINER ID   NAME      CPU %     MEM USAGE / LIMIT   MEM %     NET I/O   BLOCK I/O   PIDS
2025-02-17 06:28:41.001859
CONTAINER ID   NAME      CPU %     MEM USAGE / LIMIT   MEM %     NET I/O   BLOCK I/O   PIDS
2025-02-17 06:28:41.620127
CONTAINER ID   NAME      CPU %     MEM USAGE / LIMIT   MEM %     NET I/O   BLOCK I/O   PIDS
2025-02-17 06:28:42.236622
CONTAINER ID   NAME      CPU %     MEM USAGE / LIMIT   MEM %     NET I/O   BLOCK I/O   PIDS
2025-02-17 06:28:42.854888
CONTAINER ID   NAME      CPU %     MEM USAGE / LIMIT   MEM %     NET I/O   BLOCK I/O   PIDS
2025-02-17 06:28:43.473064
CONTAINER ID   NAME      CPU %     MEM USAGE / LIMIT   MEM %     NET I/O   BLOCK I/O   PIDS
2025-02-17 06:28:44.091461
CONTAINER ID   NAME      CPU %     MEM USAGE / LIMIT   MEM %     NET I/O   BLOCK I/O   PIDS
2025-02-17 06:28:44.708148
CONTAINER ID   NAME      CPU %     MEM USAGE / LIMIT   MEM %     NET I/O   BLOCK I/O   PIDS
2025-02-17 06:28:45.324464
CONTAINER ID   NAME      CPU %     MEM USAGE / LIMIT   MEM %     NET I/O   BLOCK I/O   PIDS
2025-02-17 06:28:45.942636
CONTAINER ID   NAME      CPU %     MEM USAGE / LIMIT   MEM %     NET I/O   BLOCK I/O   PIDS
2025-02-17 06:28:46.560175
CONTAINER ID   NAME      CPU %     MEM USAGE / LIMIT   MEM %     NET I/O   BLOCK I/O   PIDS
2025-02-17 06:28:47.177948
CONTAINER ID   NAME      CPU %     MEM USAGE / LIMIT   MEM %     NET I/O   BLOCK I/O   PIDS
2025-02-17 06:28:47.796685
CONTAINER ID   NAME      CPU %     MEM USAGE / LIMIT   MEM %     NET I/O   BLOCK I/O   PIDS
2025-02-17 06:28:48.417317
CONTAINER ID   NAME      CPU %     MEM USAGE / LIMIT   MEM %     NET I/O   BLOCK I/O   PIDS
2025-02-17 06:28:49.035494
CONTAINER ID   NAME      CPU %     MEM USAGE / LIMIT   MEM %     NET I/O   BLOCK I/O   PIDS
2025-02-17 06:28:49.652448
CONTAINER ID   NAME      CPU %     MEM USAGE / LIMIT   MEM %     NET I/O   BLOCK I/O   PIDS
2025-02-17 06:28:50.271104
CONTAINER ID   NAME      CPU %     MEM USAGE / LIMIT   MEM %     NET I/O   BLOCK I/O   PIDS
               --        0.00%     0B / 0B             0.00%     0B / 0B   0B / 0B     0
               --        0.00%     0B / 0B             0.00%     0B / 0B   0B / 0B     0
2025-02-17 06:28:50.889944
CONTAINER ID   NAME         CPU %      MEM USAGE / LIMIT   MEM %     NET I/O   BLOCK I/O    PIDS
f1b2ce1d6881   pbbs_nBody   1962.96%   1.806GiB / 96GiB    1.88%     0B / 0B   556MB / 0B   52
46b3f991a640   x265         3752.00%   2.252GiB / 96GiB    2.35%     0B / 0B   0B / 0B      117
2025-02-17 06:28:53.218100
CONTAINER ID   NAME         CPU %      MEM USAGE / LIMIT   MEM %     NET I/O   BLOCK I/O    PIDS
f1b2ce1d6881   pbbs_nBody   0.07%      1.806GiB / 96GiB    1.88%     0B / 0B   556MB / 0B   52
46b3f991a640   x265         3163.77%   2.869GiB / 96GiB    2.99%     0B / 0B   0B / 0B      117
2025-02-17 06:28:55.231140
CONTAINER ID   NAME         CPU %      MEM USAGE / LIMIT   MEM %     NET I/O   BLOCK I/O    PIDS
f1b2ce1d6881   pbbs_nBody   0.07%      1.806GiB / 96GiB    1.88%     0B / 0B   556MB / 0B   52
46b3f991a640   x265         3744.83%   2.883GiB / 96GiB    3.00%     0B / 0B   0B / 0B      117
2025-02-17 06:28:57.240648
CONTAINER ID   NAME         CPU %      MEM USAGE / LIMIT   MEM %     NET I/O   BLOCK I/O    PIDS
f1b2ce1d6881   pbbs_nBody   0.05%      1.806GiB / 96GiB    1.88%     0B / 0B   556MB / 0B   52
46b3f991a640   x265         4404.13%   2.883GiB / 96GiB    3.00%     0B / 0B   0B / 0B      117
2025-02-17 06:28:59.253039
CONTAINER ID   NAME         CPU %      MEM USAGE / LIMIT   MEM %     NET I/O   BLOCK I/O    PIDS
f1b2ce1d6881   pbbs_nBody   0.06%      1.806GiB / 96GiB    1.88%     0B / 0B   556MB / 0B   52
46b3f991a640   x265         3880.10%   2.884GiB / 96GiB    3.00%     0B / 0B   0B / 0B      117
2025-02-17 06:29:01.263111
CONTAINER ID   NAME         CPU %      MEM USAGE / LIMIT   MEM %     NET I/O   BLOCK I/O    PIDS
f1b2ce1d6881   pbbs_nBody   0.07%      1.806GiB / 96GiB    1.88%     0B / 0B   556MB / 0B   52
46b3f991a640   x265         4727.06%   2.885GiB / 96GiB    3.00%     0B / 0B   0B / 0B      117
2025-02-17 06:29:03.272432
CONTAINER ID   NAME         CPU %      MEM USAGE / LIMIT   MEM %     NET I/O   BLOCK I/O    PIDS
f1b2ce1d6881   pbbs_nBody   0.05%      1.806GiB / 96GiB    1.88%     0B / 0B   556MB / 0B   52
46b3f991a640   x265         4625.80%   2.884GiB / 96GiB    3.00%     0B / 0B   0B / 0B      117
2025-02-17 06:29:05.281444
CONTAINER ID   NAME         CPU %      MEM USAGE / LIMIT   MEM %     NET I/O   BLOCK I/O    PIDS
f1b2ce1d6881   pbbs_nBody   0.06%      1.806GiB / 96GiB    1.88%     0B / 0B   556MB / 0B   52
46b3f991a640   x265         4466.49%   2.884GiB / 96GiB    3.00%     0B / 0B   0B / 0B      117
2025-02-17 06:29:07.291205
CONTAINER ID   NAME         CPU %      MEM USAGE / LIMIT   MEM %     NET I/O   BLOCK I/O    PIDS
f1b2ce1d6881   pbbs_nBody   0.06%      1.806GiB / 96GiB    1.88%     0B / 0B   556MB / 0B   52
46b3f991a640   x265         4688.33%   2.913GiB / 96GiB    3.03%     0B / 0B   0B / 0B      117
2025-02-17 06:29:09.298668
CONTAINER ID   NAME         CPU %      MEM USAGE / LIMIT   MEM %     NET I/O   BLOCK I/O    PIDS
f1b2ce1d6881   pbbs_nBody   0.06%      1.806GiB / 96GiB    1.88%     0B / 0B   556MB / 0B   52
46b3f991a640   x265         4371.02%   2.914GiB / 96GiB    3.04%     0B / 0B   0B / 0B      117
2025-02-17 06:29:11.307959
CONTAINER ID   NAME         CPU %      MEM USAGE / LIMIT   MEM %     NET I/O   BLOCK I/O    PIDS
f1b2ce1d6881   pbbs_nBody   0.06%      1.806GiB / 96GiB    1.88%     0B / 0B   556MB / 0B   52
46b3f991a640   x265         5175.64%   2.919GiB / 96GiB    3.04%     0B / 0B   0B / 0B      117
2025-02-17 06:29:13.317586
CONTAINER ID   NAME         CPU %      MEM USAGE / LIMIT   MEM %     NET I/O   BLOCK I/O    PIDS
f1b2ce1d6881   pbbs_nBody   0.05%      1.806GiB / 96GiB    1.88%     0B / 0B   556MB / 0B   52
46b3f991a640   x265         4352.19%   2.919GiB / 96GiB    3.04%     0B / 0B   0B / 0B      117
2025-02-17 06:29:15.325816
CONTAINER ID   NAME         CPU %      MEM USAGE / LIMIT   MEM %     NET I/O   BLOCK I/O    PIDS
f1b2ce1d6881   pbbs_nBody   0.07%      1.806GiB / 96GiB    1.88%     0B / 0B   556MB / 0B   52
46b3f991a640   x265         4074.18%   2.918GiB / 96GiB    3.04%     0B / 0B   0B / 0B      117
2025-02-17 06:29:17.334901
CONTAINER ID   NAME         CPU %      MEM USAGE / LIMIT   MEM %     NET I/O   BLOCK I/O    PIDS
f1b2ce1d6881   pbbs_nBody   0.06%      1.806GiB / 96GiB    1.88%     0B / 0B   556MB / 0B   52
46b3f991a640   x265         4417.77%   2.924GiB / 96GiB    3.05%     0B / 0B   0B / 0B      117
2025-02-17 06:29:19.342938
CONTAINER ID   NAME         CPU %      MEM USAGE / LIMIT   MEM %     NET I/O   BLOCK I/O    PIDS
f1b2ce1d6881   pbbs_nBody   0.06%      1.806GiB / 96GiB    1.88%     0B / 0B   556MB / 0B   52
46b3f991a640   x265         4729.17%   2.923GiB / 96GiB    3.05%     0B / 0B   0B / 0B      117
2025-02-17 06:29:21.351350
CONTAINER ID   NAME         CPU %      MEM USAGE / LIMIT   MEM %     NET I/O   BLOCK I/O    PIDS
f1b2ce1d6881   pbbs_nBody   0.08%      1.806GiB / 96GiB    1.88%     0B / 0B   556MB / 0B   52
46b3f991a640   x265         4326.21%   2.923GiB / 96GiB    3.04%     0B / 0B   0B / 0B      117
2025-02-17 06:29:23.362115
CONTAINER ID   NAME         CPU %      MEM USAGE / LIMIT   MEM %     NET I/O   BLOCK I/O    PIDS
f1b2ce1d6881   pbbs_nBody   0.07%      1.806GiB / 96GiB    1.88%     0B / 0B   556MB / 0B   52
46b3f991a640   x265         4256.31%   2.923GiB / 96GiB    3.04%     0B / 0B   0B / 0B      117
2025-02-17 06:29:25.369353
CONTAINER ID   NAME         CPU %      MEM USAGE / LIMIT   MEM %     NET I/O   BLOCK I/O    PIDS
f1b2ce1d6881   pbbs_nBody   0.06%      1.806GiB / 96GiB    1.88%     0B / 0B   556MB / 0B   52
46b3f991a640   x265         4617.30%   2.923GiB / 96GiB    3.04%     0B / 0B   0B / 0B      117
2025-02-17 06:29:27.375730
CONTAINER ID   NAME         CPU %      MEM USAGE / LIMIT   MEM %     NET I/O   BLOCK I/O    PIDS
f1b2ce1d6881   pbbs_nBody   0.08%      1.806GiB / 96GiB    1.88%     0B / 0B   556MB / 0B   52
46b3f991a640   x265         4657.61%   2.923GiB / 96GiB    3.04%     0B / 0B   0B / 0B      117
2025-02-17 06:29:29.384692
CONTAINER ID   NAME         CPU %      MEM USAGE / LIMIT   MEM %     NET I/O   BLOCK I/O    PIDS
f1b2ce1d6881   pbbs_nBody   0.07%      1.806GiB / 96GiB    1.88%     0B / 0B   556MB / 0B   52
46b3f991a640   x265         4380.96%   2.934GiB / 96GiB    3.06%     0B / 0B   0B / 0B      117
2025-02-17 06:29:31.394363
CONTAINER ID   NAME         CPU %      MEM USAGE / LIMIT   MEM %     NET I/O   BLOCK I/O    PIDS
f1b2ce1d6881   pbbs_nBody   0.06%      1.806GiB / 96GiB    1.88%     0B / 0B   556MB / 0B   52
46b3f991a640   x265         4737.22%   2.94GiB / 96GiB     3.06%     0B / 0B   0B / 0B      117
2025-02-17 06:29:33.402161
CONTAINER ID   NAME         CPU %      MEM USAGE / LIMIT   MEM %     NET I/O   BLOCK I/O    PIDS
f1b2ce1d6881   pbbs_nBody   0.05%      1.806GiB / 96GiB    1.88%     0B / 0B   556MB / 0B   52
46b3f991a640   x265         4651.09%   2.984GiB / 96GiB    3.11%     0B / 0B   0B / 0B      117
2025-02-17 06:29:35.411169
CONTAINER ID   NAME         CPU %      MEM USAGE / LIMIT   MEM %     NET I/O   BLOCK I/O    PIDS
f1b2ce1d6881   pbbs_nBody   0.06%      1.806GiB / 96GiB    1.88%     0B / 0B   556MB / 0B   52
46b3f991a640   x265         4431.81%   2.992GiB / 96GiB    3.12%     0B / 0B   0B / 0B      117
2025-02-17 06:29:37.420026
CONTAINER ID   NAME         CPU %      MEM USAGE / LIMIT   MEM %     NET I/O   BLOCK I/O    PIDS
f1b2ce1d6881   pbbs_nBody   0.05%      1.806GiB / 96GiB    1.88%     0B / 0B   556MB / 0B   52
46b3f991a640   x265         4213.36%   2.992GiB / 96GiB    3.12%     0B / 0B   0B / 0B      115
2025-02-17 06:29:39.430018
CONTAINER ID   NAME         CPU %      MEM USAGE / LIMIT   MEM %     NET I/O   BLOCK I/O    PIDS
f1b2ce1d6881   pbbs_nBody   0.06%      1.806GiB / 96GiB    1.88%     0B / 0B   556MB / 0B   52
46b3f991a640   x265         1492.54%   383.8MiB / 96GiB    0.39%     0B / 0B   0B / 926kB   117
2025-02-17 06:29:41.439606
CONTAINER ID   NAME         CPU %      MEM USAGE / LIMIT   MEM %     NET I/O   BLOCK I/O    PIDS
f1b2ce1d6881   pbbs_nBody   0.07%      1.806GiB / 96GiB    1.88%     0B / 0B   556MB / 0B   52
46b3f991a640   x265         4512.36%   2.594GiB / 96GiB    2.70%     0B / 0B   0B / 926kB   117
2025-02-17 06:29:43.451576
CONTAINER ID   NAME         CPU %      MEM USAGE / LIMIT   MEM %     NET I/O   BLOCK I/O    PIDS
f1b2ce1d6881   pbbs_nBody   0.07%      1.806GiB / 96GiB    1.88%     0B / 0B   556MB / 0B   52
46b3f991a640   x265         4813.35%   2.887GiB / 96GiB    3.01%     0B / 0B   0B / 926kB   117
2025-02-17 06:29:45.462280
CONTAINER ID   NAME         CPU %      MEM USAGE / LIMIT   MEM %     NET I/O   BLOCK I/O    PIDS
f1b2ce1d6881   pbbs_nBody   0.07%      1.806GiB / 96GiB    1.88%     0B / 0B   556MB / 0B   52
46b3f991a640   x265         4734.95%   2.888GiB / 96GiB    3.01%     0B / 0B   0B / 926kB   117
2025-02-17 06:29:47.472409
CONTAINER ID   NAME         CPU %      MEM USAGE / LIMIT   MEM %     NET I/O   BLOCK I/O    PIDS
f1b2ce1d6881   pbbs_nBody   0.07%      1.806GiB / 96GiB    1.88%     0B / 0B   556MB / 0B   52
46b3f991a640   x265         4865.56%   2.888GiB / 96GiB    3.01%     0B / 0B   0B / 926kB   117
2025-02-17 06:29:49.481742
CONTAINER ID   NAME         CPU %      MEM USAGE / LIMIT   MEM %     NET I/O   BLOCK I/O    PIDS
f1b2ce1d6881   pbbs_nBody   0.06%      1.806GiB / 96GiB    1.88%     0B / 0B   556MB / 0B   52
46b3f991a640   x265         4849.92%   2.89GiB / 96GiB     3.01%     0B / 0B   0B / 926kB   117
2025-02-17 06:29:51.491252
CONTAINER ID   NAME         CPU %      MEM USAGE / LIMIT   MEM %     NET I/O   BLOCK I/O    PIDS
f1b2ce1d6881   pbbs_nBody   0.06%      1.806GiB / 96GiB    1.88%     0B / 0B   556MB / 0B   52
46b3f991a640   x265         4934.34%   2.889GiB / 96GiB    3.01%     0B / 0B   0B / 926kB   117
2025-02-17 06:29:53.500741
CONTAINER ID   NAME         CPU %      MEM USAGE / LIMIT   MEM %     NET I/O   BLOCK I/O    PIDS
f1b2ce1d6881   pbbs_nBody   0.07%      1.806GiB / 96GiB    1.88%     0B / 0B   556MB / 0B   52
46b3f991a640   x265         4667.59%   2.889GiB / 96GiB    3.01%     0B / 0B   0B / 926kB   117
2025-02-17 06:29:55.509481
CONTAINER ID   NAME         CPU %      MEM USAGE / LIMIT   MEM %     NET I/O   BLOCK I/O    PIDS
f1b2ce1d6881   pbbs_nBody   0.05%      1.806GiB / 96GiB    1.88%     0B / 0B   556MB / 0B   52
46b3f991a640   x265         4605.17%   2.913GiB / 96GiB    3.03%     0B / 0B   0B / 926kB   117
2025-02-17 06:29:57.521651
CONTAINER ID   NAME         CPU %      MEM USAGE / LIMIT   MEM %     NET I/O   BLOCK I/O    PIDS
f1b2ce1d6881   pbbs_nBody   0.05%      1.806GiB / 96GiB    1.88%     0B / 0B   556MB / 0B   52
46b3f991a640   x265         4584.28%   2.916GiB / 96GiB    3.04%     0B / 0B   0B / 926kB   117
2025-02-17 06:29:59.530690
CONTAINER ID   NAME         CPU %      MEM USAGE / LIMIT   MEM %     NET I/O   BLOCK I/O    PIDS
f1b2ce1d6881   pbbs_nBody   0.05%      1.806GiB / 96GiB    1.88%     0B / 0B   556MB / 0B   52
46b3f991a640   x265         4378.69%   2.921GiB / 96GiB    3.04%     0B / 0B   0B / 926kB   117
2025-02-17 06:30:01.543991
CONTAINER ID   NAME         CPU %      MEM USAGE / LIMIT   MEM %     NET I/O   BLOCK I/O    PIDS
f1b2ce1d6881   pbbs_nBody   0.05%      1.806GiB / 96GiB    1.88%     0B / 0B   556MB / 0B   52
46b3f991a640   x265         4666.63%   2.922GiB / 96GiB    3.04%     0B / 0B   0B / 926kB   117
2025-02-17 06:30:03.554212
CONTAINER ID   NAME         CPU %      MEM USAGE / LIMIT   MEM %     NET I/O   BLOCK I/O    PIDS
f1b2ce1d6881   pbbs_nBody   0.06%      1.806GiB / 96GiB    1.88%     0B / 0B   556MB / 0B   52
46b3f991a640   x265         4429.25%   2.92GiB / 96GiB     3.04%     0B / 0B   0B / 926kB   117
2025-02-17 06:30:05.562834
CONTAINER ID   NAME         CPU %      MEM USAGE / LIMIT   MEM %     NET I/O   BLOCK I/O    PIDS
f1b2ce1d6881   pbbs_nBody   0.05%      1.806GiB / 96GiB    1.88%     0B / 0B   556MB / 0B   52
46b3f991a640   x265         4526.18%   2.921GiB / 96GiB    3.04%     0B / 0B   0B / 926kB   117
2025-02-17 06:30:07.572051
CONTAINER ID   NAME         CPU %      MEM USAGE / LIMIT   MEM %     NET I/O   BLOCK I/O    PIDS
f1b2ce1d6881   pbbs_nBody   0.05%      1.806GiB / 96GiB    1.88%     0B / 0B   556MB / 0B   52
46b3f991a640   x265         4679.81%   2.926GiB / 96GiB    3.05%     0B / 0B   0B / 926kB   117
2025-02-17 06:30:09.581249
CONTAINER ID   NAME         CPU %      MEM USAGE / LIMIT   MEM %     NET I/O   BLOCK I/O    PIDS
f1b2ce1d6881   pbbs_nBody   0.05%      1.806GiB / 96GiB    1.88%     0B / 0B   556MB / 0B   52
46b3f991a640   x265         4638.25%   2.926GiB / 96GiB    3.05%     0B / 0B   0B / 926kB   117
2025-02-17 06:30:11.592746
CONTAINER ID   NAME         CPU %      MEM USAGE / LIMIT   MEM %     NET I/O   BLOCK I/O    PIDS
f1b2ce1d6881   pbbs_nBody   0.05%      1.806GiB / 96GiB    1.88%     0B / 0B   556MB / 0B   52
46b3f991a640   x265         4718.34%   2.925GiB / 96GiB    3.05%     0B / 0B   0B / 926kB   117
2025-02-17 06:30:13.603100
CONTAINER ID   NAME         CPU %      MEM USAGE / LIMIT   MEM %     NET I/O   BLOCK I/O    PIDS
f1b2ce1d6881   pbbs_nBody   0.05%      1.806GiB / 96GiB    1.88%     0B / 0B   556MB / 0B   52
46b3f991a640   x265         4643.34%   2.926GiB / 96GiB    3.05%     0B / 0B   0B / 926kB   117
2025-02-17 06:30:15.615442
CONTAINER ID   NAME         CPU %      MEM USAGE / LIMIT   MEM %     NET I/O   BLOCK I/O    PIDS
f1b2ce1d6881   pbbs_nBody   0.07%      1.806GiB / 96GiB    1.88%     0B / 0B   556MB / 0B   52
46b3f991a640   x265         4703.37%   2.926GiB / 96GiB    3.05%     0B / 0B   0B / 926kB   117
2025-02-17 06:30:17.622995
CONTAINER ID   NAME         CPU %      MEM USAGE / LIMIT   MEM %     NET I/O   BLOCK I/O    PIDS
f1b2ce1d6881   pbbs_nBody   0.07%      1.806GiB / 96GiB    1.88%     0B / 0B   556MB / 0B   52
46b3f991a640   x265         4643.15%   2.926GiB / 96GiB    3.05%     0B / 0B   0B / 926kB   117
2025-02-17 06:30:19.634127
CONTAINER ID   NAME         CPU %      MEM USAGE / LIMIT   MEM %     NET I/O   BLOCK I/O    PIDS
f1b2ce1d6881   pbbs_nBody   0.08%      1.806GiB / 96GiB    1.88%     0B / 0B   556MB / 0B   52
46b3f991a640   x265         4583.01%   2.937GiB / 96GiB    3.06%     0B / 0B   0B / 926kB   117
2025-02-17 06:30:21.643259
CONTAINER ID   NAME         CPU %      MEM USAGE / LIMIT   MEM %     NET I/O   BLOCK I/O    PIDS
f1b2ce1d6881   pbbs_nBody   0.06%      1.806GiB / 96GiB    1.88%     0B / 0B   556MB / 0B   52
46b3f991a640   x265         4545.76%   2.954GiB / 96GiB    3.08%     0B / 0B   0B / 926kB   117
2025-02-17 06:30:23.653009
CONTAINER ID   NAME         CPU %      MEM USAGE / LIMIT   MEM %     NET I/O   BLOCK I/O    PIDS
f1b2ce1d6881   pbbs_nBody   0.07%      1.806GiB / 96GiB    1.88%     0B / 0B   556MB / 0B   52
46b3f991a640   x265         4645.17%   2.981GiB / 96GiB    3.10%     0B / 0B   0B / 926kB   117
2025-02-17 06:30:25.664082
CONTAINER ID   NAME         CPU %      MEM USAGE / LIMIT   MEM %     NET I/O   BLOCK I/O    PIDS
f1b2ce1d6881   pbbs_nBody   0.05%      1.806GiB / 96GiB    1.88%     0B / 0B   556MB / 0B   52
46b3f991a640   x265         4594.76%   2.993GiB / 96GiB    3.12%     0B / 0B   0B / 926kB   116
2025-02-17 06:30:27.671438
CONTAINER ID   NAME         CPU %      MEM USAGE / LIMIT   MEM %     NET I/O   BLOCK I/O    PIDS
f1b2ce1d6881   pbbs_nBody   0.08%      1.806GiB / 96GiB    1.88%     0B / 0B   556MB / 0B   52
46b3f991a640   x265         3468.65%   2.993GiB / 96GiB    3.12%     0B / 0B   0B / 926kB   115
2025-02-17 06:30:29.682696
CONTAINER ID   NAME         CPU %     MEM USAGE / LIMIT   MEM %     NET I/O   BLOCK I/O     PIDS
f1b2ce1d6881   pbbs_nBody   0.08%     1.806GiB / 96GiB    1.88%     0B / 0B   556MB / 0B    52
46b3f991a640   x265         726.29%   3.844MiB / 96GiB    0.00%     0B / 0B   0B / 1.56MB   1
2025-02-17 06:30:31.693203
CONTAINER ID   NAME         CPU %     MEM USAGE / LIMIT   MEM %     NET I/O   BLOCK I/O     PIDS
f1b2ce1d6881   pbbs_nBody   0.09%     1.806GiB / 96GiB    1.88%     0B / 0B   556MB / 0B    52
46b3f991a640   x265         0.00%     3.137MiB / 96GiB    0.00%     0B / 0B   0B / 1.56MB   1
2025-02-17 06:30:33.703331
CONTAINER ID   NAME         CPU %     MEM USAGE / LIMIT   MEM %     NET I/O   BLOCK I/O     PIDS
f1b2ce1d6881   pbbs_nBody   0.09%     1.806GiB / 96GiB    1.88%     0B / 0B   556MB / 0B    52
46b3f991a640   x265         0.00%     3.094MiB / 96GiB    0.00%     0B / 0B   0B / 1.56MB   1
2025-02-17 06:30:35.712073
CONTAINER ID   NAME         CPU %     MEM USAGE / LIMIT   MEM %     NET I/O   BLOCK I/O     PIDS
f1b2ce1d6881   pbbs_nBody   0.08%     1.806GiB / 96GiB    1.88%     0B / 0B   556MB / 0B    52
46b3f991a640   x265         0.00%     3.047MiB / 96GiB    0.00%     0B / 0B   0B / 1.56MB   1
2025-02-17 06:30:37.722159
CONTAINER ID   NAME         CPU %     MEM USAGE / LIMIT   MEM %     NET I/O   BLOCK I/O     PIDS
f1b2ce1d6881   pbbs_nBody   0.08%     1.806GiB / 96GiB    1.88%     0B / 0B   556MB / 0B    52
46b3f991a640   x265         0.00%     3MiB / 96GiB        0.00%     0B / 0B   0B / 1.56MB   1
2025-02-17 06:30:39.730228
CONTAINER ID   NAME         CPU %     MEM USAGE / LIMIT   MEM %     NET I/O   BLOCK I/O     PIDS
f1b2ce1d6881   pbbs_nBody   0.07%     1.806GiB / 96GiB    1.88%     0B / 0B   556MB / 0B    52
46b3f991a640   x265         0.00%     3MiB / 96GiB        0.00%     0B / 0B   0B / 1.56MB   1
2025-02-17 06:30:41.738892
CONTAINER ID   NAME         CPU %     MEM USAGE / LIMIT   MEM %     NET I/O   BLOCK I/O     PIDS
f1b2ce1d6881   pbbs_nBody   0.07%     1.806GiB / 96GiB    1.88%     0B / 0B   556MB / 0B    52
46b3f991a640   x265         0.00%     3MiB / 96GiB        0.00%     0B / 0B   0B / 1.56MB   1
2025-02-17 06:30:43.748362
CONTAINER ID   NAME         CPU %     MEM USAGE / LIMIT   MEM %     NET I/O   BLOCK I/O     PIDS
f1b2ce1d6881   pbbs_nBody   0.07%     1.806GiB / 96GiB    1.88%     0B / 0B   556MB / 0B    52
46b3f991a640   x265         0.00%     2.859MiB / 96GiB    0.00%     0B / 0B   0B / 1.56MB   1
2025-02-17 06:30:45.757958
CONTAINER ID   NAME         CPU %     MEM USAGE / LIMIT   MEM %     NET I/O   BLOCK I/O     PIDS
f1b2ce1d6881   pbbs_nBody   0.07%     1.806GiB / 96GiB    1.88%     0B / 0B   556MB / 0B    52
46b3f991a640   x265         0.00%     2.859MiB / 96GiB    0.00%     0B / 0B   0B / 1.56MB   1
2025-02-17 06:30:47.767445
CONTAINER ID   NAME         CPU %     MEM USAGE / LIMIT   MEM %     NET I/O   BLOCK I/O     PIDS
f1b2ce1d6881   pbbs_nBody   0.07%     1.806GiB / 96GiB    1.88%     0B / 0B   556MB / 0B    52
46b3f991a640   x265         0.00%     2.859MiB / 96GiB    0.00%     0B / 0B   0B / 1.56MB   1
2025-02-17 06:30:49.777965
CONTAINER ID   NAME         CPU %     MEM USAGE / LIMIT   MEM %     NET I/O   BLOCK I/O     PIDS
f1b2ce1d6881   pbbs_nBody   0.07%     1.806GiB / 96GiB    1.88%     0B / 0B   556MB / 0B    52
46b3f991a640   x265         0.00%     2.859MiB / 96GiB    0.00%     0B / 0B   0B / 1.56MB   1
2025-02-17 06:30:51.786356
CONTAINER ID   NAME         CPU %     MEM USAGE / LIMIT   MEM %     NET I/O   BLOCK I/O     PIDS
f1b2ce1d6881   pbbs_nBody   0.07%     1.806GiB / 96GiB    1.88%     0B / 0B   556MB / 0B    52
46b3f991a640   x265         0.00%     2.859MiB / 96GiB    0.00%     0B / 0B   0B / 1.56MB   1
2025-02-17 06:30:53.795191
CONTAINER ID   NAME         CPU %     MEM USAGE / LIMIT   MEM %     NET I/O   BLOCK I/O     PIDS
f1b2ce1d6881   pbbs_nBody   0.07%     1.806GiB / 96GiB    1.88%     0B / 0B   556MB / 0B    52
46b3f991a640   x265         0.00%     2.852MiB / 96GiB    0.00%     0B / 0B   0B / 1.56MB   1
2025-02-17 06:30:55.805270
CONTAINER ID   NAME         CPU %     MEM USAGE / LIMIT   MEM %     NET I/O   BLOCK I/O     PIDS
f1b2ce1d6881   pbbs_nBody   0.07%     1.806GiB / 96GiB    1.88%     0B / 0B   556MB / 0B    52
46b3f991a640   x265         0.00%     2.719MiB / 96GiB    0.00%     0B / 0B   0B / 1.56MB   1
2025-02-17 06:30:57.813803
CONTAINER ID   NAME         CPU %     MEM USAGE / LIMIT   MEM %     NET I/O   BLOCK I/O     PIDS
f1b2ce1d6881   pbbs_nBody   0.07%     1.806GiB / 96GiB    1.88%     0B / 0B   556MB / 0B    52
46b3f991a640   x265         0.00%     2.719MiB / 96GiB    0.00%     0B / 0B   0B / 1.56MB   1
2025-02-17 06:30:59.822847
CONTAINER ID   NAME         CPU %     MEM USAGE / LIMIT   MEM %     NET I/O   BLOCK I/O     PIDS
f1b2ce1d6881   pbbs_nBody   0.07%     1.806GiB / 96GiB    1.88%     0B / 0B   556MB / 0B    52
46b3f991a640   x265         0.00%     2.719MiB / 96GiB    0.00%     0B / 0B   0B / 1.56MB   1
2025-02-17 06:31:01.831700
CONTAINER ID   NAME         CPU %     MEM USAGE / LIMIT   MEM %     NET I/O   BLOCK I/O     PIDS
f1b2ce1d6881   pbbs_nBody   0.07%     1.806GiB / 96GiB    1.88%     0B / 0B   556MB / 0B    52
46b3f991a640   x265         0.00%     2.719MiB / 96GiB    0.00%     0B / 0B   0B / 1.56MB   1
2025-02-17 06:31:03.841327
CONTAINER ID   NAME         CPU %     MEM USAGE / LIMIT   MEM %     NET I/O   BLOCK I/O     PIDS
f1b2ce1d6881   pbbs_nBody   0.07%     1.806GiB / 96GiB    1.88%     0B / 0B   556MB / 0B    52
46b3f991a640   x265         0.00%     2.719MiB / 96GiB    0.00%     0B / 0B   0B / 1.56MB   1
2025-02-17 06:31:05.850080
CONTAINER ID   NAME         CPU %     MEM USAGE / LIMIT   MEM %     NET I/O   BLOCK I/O     PIDS
f1b2ce1d6881   pbbs_nBody   0.07%     1.806GiB / 96GiB    1.88%     0B / 0B   556MB / 0B    52
46b3f991a640   x265         0.00%     2.691MiB / 96GiB    0.00%     0B / 0B   0B / 1.56MB   1
2025-02-17 06:31:07.860359
CONTAINER ID   NAME         CPU %     MEM USAGE / LIMIT   MEM %     NET I/O   BLOCK I/O     PIDS
f1b2ce1d6881   pbbs_nBody   0.00%     1.806GiB / 96GiB    1.88%     0B / 0B   556MB / 0B    52
46b3f991a640   x265         0.00%     2.668MiB / 96GiB    0.00%     0B / 0B   0B / 1.56MB   1
2025-02-17 06:31:09.868261
CONTAINER ID   NAME         CPU %     MEM USAGE / LIMIT   MEM %     NET I/O   BLOCK I/O     PIDS
f1b2ce1d6881   pbbs_nBody   0.00%     1.806GiB / 96GiB    1.88%     0B / 0B   556MB / 0B    52
46b3f991a640   x265         0.00%     2.668MiB / 96GiB    0.00%     0B / 0B   0B / 1.56MB   1
2025-02-17 06:31:11.877137
CONTAINER ID   NAME         CPU %     MEM USAGE / LIMIT   MEM %     NET I/O   BLOCK I/O     PIDS
f1b2ce1d6881   pbbs_nBody   0.00%     1.806GiB / 96GiB    1.88%     0B / 0B   556MB / 0B    52
46b3f991a640   x265         0.00%     2.668MiB / 96GiB    0.00%     0B / 0B   0B / 1.56MB   1
2025-02-17 06:31:13.888513
CONTAINER ID   NAME         CPU %     MEM USAGE / LIMIT   MEM %     NET I/O   BLOCK I/O     PIDS
f1b2ce1d6881   pbbs_nBody   0.00%     1.806GiB / 96GiB    1.88%     0B / 0B   556MB / 0B    52
46b3f991a640   x265         0.00%     2.668MiB / 96GiB    0.00%     0B / 0B   0B / 1.56MB   1
2025-02-17 06:31:15.896748
CONTAINER ID   NAME         CPU %     MEM USAGE / LIMIT   MEM %     NET I/O   BLOCK I/O     PIDS
f1b2ce1d6881   pbbs_nBody   0.00%     1.806GiB / 96GiB    1.88%     0B / 0B   556MB / 0B    52
46b3f991a640   x265         0.00%     2.668MiB / 96GiB    0.00%     0B / 0B   0B / 1.56MB   1
2025-02-17 06:31:17.908106
CONTAINER ID   NAME         CPU %     MEM USAGE / LIMIT   MEM %     NET I/O   BLOCK I/O     PIDS
f1b2ce1d6881   pbbs_nBody   0.00%     1.806GiB / 96GiB    1.88%     0B / 0B   556MB / 0B    52
46b3f991a640   x265         0.00%     2.668MiB / 96GiB    0.00%     0B / 0B   0B / 1.56MB   1
2025-02-17 06:31:19.917965
CONTAINER ID   NAME         CPU %      MEM USAGE / LIMIT   MEM %     NET I/O   BLOCK I/O     PIDS
f1b2ce1d6881   pbbs_nBody   4548.34%   3.168GiB / 96GiB    3.30%     0B / 0B   556MB / 0B    52
46b3f991a640   x265         1458.62%   996.8MiB / 96GiB    1.01%     0B / 0B   0B / 1.56MB   117
2025-02-17 06:31:21.936121
CONTAINER ID   NAME         CPU %      MEM USAGE / LIMIT   MEM %     NET I/O   BLOCK I/O     PIDS
f1b2ce1d6881   pbbs_nBody   2480.62%   4.253GiB / 96GiB    4.43%     0B / 0B   556MB / 0B    52
46b3f991a640   x265         2363.73%   2.616GiB / 96GiB    2.73%     0B / 0B   0B / 1.56MB   117
2025-02-17 06:31:23.945452
CONTAINER ID   NAME         CPU %      MEM USAGE / LIMIT   MEM %     NET I/O   BLOCK I/O     PIDS
f1b2ce1d6881   pbbs_nBody   4931.50%   4.253GiB / 96GiB    4.43%     0B / 0B   556MB / 0B    52
46b3f991a640   x265         3702.99%   2.886GiB / 96GiB    3.01%     0B / 0B   0B / 1.56MB   117
2025-02-17 06:31:25.957100
CONTAINER ID   NAME         CPU %      MEM USAGE / LIMIT   MEM %     NET I/O   BLOCK I/O     PIDS
f1b2ce1d6881   pbbs_nBody   4945.85%   4.253GiB / 96GiB    4.43%     0B / 0B   556MB / 0B    52
46b3f991a640   x265         3708.55%   2.888GiB / 96GiB    3.01%     0B / 0B   0B / 1.56MB   117
2025-02-17 06:31:27.966113
CONTAINER ID   NAME         CPU %      MEM USAGE / LIMIT   MEM %     NET I/O   BLOCK I/O     PIDS
f1b2ce1d6881   pbbs_nBody   4966.59%   4.253GiB / 96GiB    4.43%     0B / 0B   556MB / 0B    52
46b3f991a640   x265         3389.63%   2.889GiB / 96GiB    3.01%     0B / 0B   0B / 1.56MB   117
2025-02-17 06:31:29.975127
CONTAINER ID   NAME         CPU %      MEM USAGE / LIMIT   MEM %     NET I/O   BLOCK I/O     PIDS
f1b2ce1d6881   pbbs_nBody   4966.71%   4.253GiB / 96GiB    4.43%     0B / 0B   556MB / 0B    52
46b3f991a640   x265         3488.36%   2.889GiB / 96GiB    3.01%     0B / 0B   0B / 1.56MB   117
2025-02-17 06:31:31.984610
CONTAINER ID   NAME         CPU %      MEM USAGE / LIMIT   MEM %     NET I/O   BLOCK I/O     PIDS
f1b2ce1d6881   pbbs_nBody   4949.25%   4.253GiB / 96GiB    4.43%     0B / 0B   556MB / 0B    52
46b3f991a640   x265         3674.06%   2.891GiB / 96GiB    3.01%     0B / 0B   0B / 1.56MB   117
2025-02-17 06:31:33.995616
CONTAINER ID   NAME         CPU %      MEM USAGE / LIMIT   MEM %     NET I/O   BLOCK I/O     PIDS
f1b2ce1d6881   pbbs_nBody   4977.81%   4.254GiB / 96GiB    4.43%     0B / 0B   556MB / 0B    52
46b3f991a640   x265         3579.15%   2.891GiB / 96GiB    3.01%     0B / 0B   0B / 1.56MB   117
2025-02-17 06:31:36.004684
CONTAINER ID   NAME         CPU %      MEM USAGE / LIMIT   MEM %     NET I/O   BLOCK I/O     PIDS
f1b2ce1d6881   pbbs_nBody   4962.72%   4.254GiB / 96GiB    4.43%     0B / 0B   556MB / 0B    52
46b3f991a640   x265         3678.10%   2.89GiB / 96GiB     3.01%     0B / 0B   0B / 1.56MB   117
2025-02-17 06:31:38.013209
CONTAINER ID   NAME         CPU %      MEM USAGE / LIMIT   MEM %     NET I/O   BLOCK I/O     PIDS
f1b2ce1d6881   pbbs_nBody   4644.87%   5.465GiB / 96GiB    5.69%     0B / 0B   556MB / 0B    52
46b3f991a640   x265         3896.04%   2.887GiB / 96GiB    3.01%     0B / 0B   0B / 1.56MB   117
2025-02-17 06:31:40.024443
CONTAINER ID   NAME         CPU %      MEM USAGE / LIMIT   MEM %     NET I/O   BLOCK I/O     PIDS
f1b2ce1d6881   pbbs_nBody   4322.20%   6.695GiB / 96GiB    6.97%     0B / 0B   556MB / 0B    52
46b3f991a640   x265         3963.04%   2.91GiB / 96GiB     3.03%     0B / 0B   0B / 1.56MB   117
2025-02-17 06:31:42.035009
CONTAINER ID   NAME         CPU %      MEM USAGE / LIMIT   MEM %     NET I/O   BLOCK I/O     PIDS
f1b2ce1d6881   pbbs_nBody   4628.70%   7.961GiB / 96GiB    8.29%     0B / 0B   556MB / 0B    52
46b3f991a640   x265         3832.10%   2.91GiB / 96GiB     3.03%     0B / 0B   0B / 1.56MB   117
2025-02-17 06:31:44.044758
CONTAINER ID   NAME         CPU %      MEM USAGE / LIMIT   MEM %     NET I/O   BLOCK I/O     PIDS
f1b2ce1d6881   pbbs_nBody   4073.14%   9.002GiB / 96GiB    9.38%     0B / 0B   556MB / 0B    52
46b3f991a640   x265         4071.29%   2.914GiB / 96GiB    3.04%     0B / 0B   0B / 1.56MB   117
2025-02-17 06:31:46.056220
CONTAINER ID   NAME         CPU %      MEM USAGE / LIMIT   MEM %     NET I/O   BLOCK I/O     PIDS
f1b2ce1d6881   pbbs_nBody   3771.92%   10.05GiB / 96GiB    10.47%    0B / 0B   556MB / 0B    52
46b3f991a640   x265         4675.52%   2.914GiB / 96GiB    3.04%     0B / 0B   0B / 1.56MB   117
2025-02-17 06:31:48.065043
CONTAINER ID   NAME         CPU %      MEM USAGE / LIMIT   MEM %     NET I/O   BLOCK I/O     PIDS
f1b2ce1d6881   pbbs_nBody   4457.40%   11.27GiB / 96GiB    11.74%    0B / 0B   556MB / 0B    52
46b3f991a640   x265         4004.72%   2.914GiB / 96GiB    3.04%     0B / 0B   0B / 1.56MB   117
2025-02-17 06:31:50.083110
CONTAINER ID   NAME         CPU %      MEM USAGE / LIMIT   MEM %     NET I/O   BLOCK I/O     PIDS
f1b2ce1d6881   pbbs_nBody   4811.80%   12.42GiB / 96GiB    12.94%    0B / 0B   556MB / 0B    52
46b3f991a640   x265         3840.36%   2.915GiB / 96GiB    3.04%     0B / 0B   0B / 1.56MB   117
2025-02-17 06:31:52.093246
CONTAINER ID   NAME         CPU %      MEM USAGE / LIMIT   MEM %     NET I/O   BLOCK I/O     PIDS
f1b2ce1d6881   pbbs_nBody   4537.93%   12.92GiB / 96GiB    13.46%    0B / 0B   556MB / 0B    52
46b3f991a640   x265         3645.44%   2.922GiB / 96GiB    3.04%     0B / 0B   0B / 1.56MB   117
2025-02-17 06:31:54.108990
CONTAINER ID   NAME         CPU %      MEM USAGE / LIMIT   MEM %     NET I/O   BLOCK I/O     PIDS
f1b2ce1d6881   pbbs_nBody   415.42%    14.15GiB / 96GiB    14.74%    0B / 0B   556MB / 0B    52
46b3f991a640   x265         4372.92%   2.922GiB / 96GiB    3.04%     0B / 0B   0B / 1.56MB   117
2025-02-17 06:31:56.119144
CONTAINER ID   NAME         CPU %      MEM USAGE / LIMIT   MEM %     NET I/O   BLOCK I/O     PIDS
f1b2ce1d6881   pbbs_nBody   4973.14%   14.15GiB / 96GiB    14.74%    0B / 0B   556MB / 0B    52
46b3f991a640   x265         3649.14%   2.923GiB / 96GiB    3.04%     0B / 0B   0B / 1.56MB   117
2025-02-17 06:31:58.128244
CONTAINER ID   NAME         CPU %      MEM USAGE / LIMIT   MEM %     NET I/O   BLOCK I/O     PIDS
f1b2ce1d6881   pbbs_nBody   4984.76%   14.15GiB / 96GiB    14.74%    0B / 0B   556MB / 0B    52
46b3f991a640   x265         3738.70%   2.923GiB / 96GiB    3.04%     0B / 0B   0B / 1.56MB   117
2025-02-17 06:32:00.139416
CONTAINER ID   NAME         CPU %      MEM USAGE / LIMIT   MEM %     NET I/O   BLOCK I/O     PIDS
f1b2ce1d6881   pbbs_nBody   4980.63%   14.15GiB / 96GiB    14.74%    0B / 0B   556MB / 0B    52
46b3f991a640   x265         3639.05%   2.922GiB / 96GiB    3.04%     0B / 0B   0B / 1.56MB   117
2025-02-17 06:32:02.147668
CONTAINER ID   NAME         CPU %      MEM USAGE / LIMIT   MEM %     NET I/O   BLOCK I/O     PIDS
f1b2ce1d6881   pbbs_nBody   4997.90%   14.15GiB / 96GiB    14.74%    0B / 0B   556MB / 0B    52
46b3f991a640   x265         3796.74%   2.922GiB / 96GiB    3.04%     0B / 0B   0B / 1.56MB   117
2025-02-17 06:32:04.155891
CONTAINER ID   NAME         CPU %      MEM USAGE / LIMIT   MEM %     NET I/O   BLOCK I/O     PIDS
f1b2ce1d6881   pbbs_nBody   4992.98%   14.15GiB / 96GiB    14.74%    0B / 0B   556MB / 0B    52
46b3f991a640   x265         3766.37%   2.923GiB / 96GiB    3.04%     0B / 0B   0B / 1.56MB   117
2025-02-17 06:32:06.165003
CONTAINER ID   NAME         CPU %      MEM USAGE / LIMIT   MEM %     NET I/O   BLOCK I/O     PIDS
f1b2ce1d6881   pbbs_nBody   4987.92%   14.15GiB / 96GiB    14.74%    0B / 0B   556MB / 0B    52
46b3f991a640   x265         3653.84%   2.923GiB / 96GiB    3.04%     0B / 0B   0B / 1.56MB   117
2025-02-17 06:32:08.174322
CONTAINER ID   NAME         CPU %      MEM USAGE / LIMIT   MEM %     NET I/O   BLOCK I/O     PIDS
f1b2ce1d6881   pbbs_nBody   4976.79%   14.15GiB / 96GiB    14.74%    0B / 0B   556MB / 0B    52
46b3f991a640   x265         3613.45%   2.923GiB / 96GiB    3.04%     0B / 0B   0B / 1.56MB   117
2025-02-17 06:32:10.183450
CONTAINER ID   NAME         CPU %      MEM USAGE / LIMIT   MEM %     NET I/O   BLOCK I/O     PIDS
f1b2ce1d6881   pbbs_nBody   4041.26%   14.87GiB / 96GiB    15.48%    0B / 0B   556MB / 0B    52
46b3f991a640   x265         4452.84%   2.933GiB / 96GiB    3.06%     0B / 0B   0B / 1.56MB   117
2025-02-17 06:32:12.193586
CONTAINER ID   NAME         CPU %      MEM USAGE / LIMIT   MEM %     NET I/O   BLOCK I/O     PIDS
f1b2ce1d6881   pbbs_nBody   4814.57%   16.11GiB / 96GiB    16.78%    0B / 0B   556MB / 0B    52
46b3f991a640   x265         3655.99%   2.961GiB / 96GiB    3.08%     0B / 0B   0B / 1.56MB   117
2025-02-17 06:32:14.205251
CONTAINER ID   NAME         CPU %      MEM USAGE / LIMIT   MEM %     NET I/O   BLOCK I/O     PIDS
f1b2ce1d6881   pbbs_nBody   4429.07%   17.29GiB / 96GiB    18.01%    0B / 0B   556MB / 0B    52
46b3f991a640   x265         4033.39%   2.98GiB / 96GiB     3.10%     0B / 0B   0B / 1.56MB   117
2025-02-17 06:32:16.217853
CONTAINER ID   NAME         CPU %      MEM USAGE / LIMIT   MEM %     NET I/O   BLOCK I/O     PIDS
f1b2ce1d6881   pbbs_nBody   4380.80%   18.49GiB / 96GiB    19.26%    0B / 0B   556MB / 0B    52
46b3f991a640   x265         4012.81%   2.982GiB / 96GiB    3.11%     0B / 0B   0B / 1.56MB   115
2025-02-17 06:32:18.227552
CONTAINER ID   NAME         CPU %      MEM USAGE / LIMIT   MEM %     NET I/O   BLOCK I/O     PIDS
f1b2ce1d6881   pbbs_nBody   4833.34%   19.74GiB / 96GiB    20.57%    0B / 0B   556MB / 0B    52
46b3f991a640   x265         3533.59%   2.983GiB / 96GiB    3.11%     0B / 0B   0B / 1.56MB   115
2025-02-17 06:32:20.237999
CONTAINER ID   NAME         CPU %      MEM USAGE / LIMIT   MEM %     NET I/O   BLOCK I/O    PIDS
f1b2ce1d6881   pbbs_nBody   4834.43%   21.17GiB / 96GiB    22.06%    0B / 0B   556MB / 0B   52
46b3f991a640   x265         2107.73%   48MiB / 96GiB       0.05%     0B / 0B   0B / 1.7MB   100
2025-02-17 06:32:22.246978
CONTAINER ID   NAME         CPU %      MEM USAGE / LIMIT   MEM %     NET I/O   BLOCK I/O    PIDS
f1b2ce1d6881   pbbs_nBody   4435.67%   22.31GiB / 96GiB    23.24%    0B / 0B   556MB / 0B   52
46b3f991a640   x265         3301.63%   2.091GiB / 96GiB    2.18%     0B / 0B   0B / 1.7MB   117
2025-02-17 06:32:24.261417
CONTAINER ID   NAME         CPU %      MEM USAGE / LIMIT   MEM %     NET I/O   BLOCK I/O    PIDS
f1b2ce1d6881   pbbs_nBody   3994.91%   23.33GiB / 96GiB    24.31%    0B / 0B   556MB / 0B   52
46b3f991a640   x265         4141.86%   2.883GiB / 96GiB    3.00%     0B / 0B   0B / 1.7MB   117
2025-02-17 06:32:26.274357
CONTAINER ID   NAME         CPU %      MEM USAGE / LIMIT   MEM %     NET I/O   BLOCK I/O    PIDS
f1b2ce1d6881   pbbs_nBody   1778.47%   24.05GiB / 96GiB    25.05%    0B / 0B   556MB / 0B   52
46b3f991a640   x265         4364.72%   2.886GiB / 96GiB    3.01%     0B / 0B   0B / 1.7MB   117
2025-02-17 06:32:28.283392
CONTAINER ID   NAME         CPU %      MEM USAGE / LIMIT   MEM %     NET I/O   BLOCK I/O    PIDS
f1b2ce1d6881   pbbs_nBody   4965.20%   24.05GiB / 96GiB    25.05%    0B / 0B   556MB / 0B   52
46b3f991a640   x265         3779.02%   2.887GiB / 96GiB    3.01%     0B / 0B   0B / 1.7MB   117
2025-02-17 06:32:30.294268
CONTAINER ID   NAME         CPU %      MEM USAGE / LIMIT   MEM %     NET I/O   BLOCK I/O    PIDS
f1b2ce1d6881   pbbs_nBody   5007.26%   24.05GiB / 96GiB    25.05%    0B / 0B   556MB / 0B   52
46b3f991a640   x265         3821.09%   2.888GiB / 96GiB    3.01%     0B / 0B   0B / 1.7MB   117
2025-02-17 06:32:32.304007
CONTAINER ID   NAME         CPU %      MEM USAGE / LIMIT   MEM %     NET I/O   BLOCK I/O    PIDS
f1b2ce1d6881   pbbs_nBody   4966.95%   24.05GiB / 96GiB    25.05%    0B / 0B   556MB / 0B   52
46b3f991a640   x265         3832.67%   2.889GiB / 96GiB    3.01%     0B / 0B   0B / 1.7MB   117
2025-02-17 06:32:34.315041
CONTAINER ID   NAME         CPU %      MEM USAGE / LIMIT   MEM %     NET I/O   BLOCK I/O    PIDS
f1b2ce1d6881   pbbs_nBody   4964.87%   24.05GiB / 96GiB    25.05%    0B / 0B   556MB / 0B   52
46b3f991a640   x265         3825.55%   2.889GiB / 96GiB    3.01%     0B / 0B   0B / 1.7MB   117
2025-02-17 06:32:36.326921
CONTAINER ID   NAME         CPU %      MEM USAGE / LIMIT   MEM %     NET I/O   BLOCK I/O    PIDS
f1b2ce1d6881   pbbs_nBody   4979.17%   24.05GiB / 96GiB    25.05%    0B / 0B   556MB / 0B   52
46b3f991a640   x265         3862.73%   2.888GiB / 96GiB    3.01%     0B / 0B   0B / 1.7MB   117
2025-02-17 06:32:38.340175
CONTAINER ID   NAME         CPU %      MEM USAGE / LIMIT   MEM %     NET I/O   BLOCK I/O    PIDS
f1b2ce1d6881   pbbs_nBody   5023.17%   24.05GiB / 96GiB    25.05%    0B / 0B   556MB / 0B   52
46b3f991a640   x265         3720.17%   2.889GiB / 96GiB    3.01%     0B / 0B   0B / 1.7MB   117
2025-02-17 06:32:40.351851
CONTAINER ID   NAME         CPU %      MEM USAGE / LIMIT   MEM %     NET I/O   BLOCK I/O    PIDS
f1b2ce1d6881   pbbs_nBody   4975.12%   24.05GiB / 96GiB    25.05%    0B / 0B   556MB / 0B   52
46b3f991a640   x265         3727.09%   2.913GiB / 96GiB    3.03%     0B / 0B   0B / 1.7MB   117
2025-02-17 06:32:42.359561
CONTAINER ID   NAME         CPU %      MEM USAGE / LIMIT   MEM %     NET I/O   BLOCK I/O    PIDS
f1b2ce1d6881   pbbs_nBody   4777.06%   24.44GiB / 96GiB    25.46%    0B / 0B   556MB / 0B   52
46b3f991a640   x265         3966.01%   2.912GiB / 96GiB    3.03%     0B / 0B   0B / 1.7MB   117
2025-02-17 06:32:44.368524
CONTAINER ID   NAME         CPU %      MEM USAGE / LIMIT   MEM %     NET I/O   BLOCK I/O    PIDS
f1b2ce1d6881   pbbs_nBody   4152.99%   25.69GiB / 96GiB    26.76%    0B / 0B   556MB / 0B   52
46b3f991a640   x265         4042.30%   2.917GiB / 96GiB    3.04%     0B / 0B   0B / 1.7MB   117
2025-02-17 06:32:46.380596
CONTAINER ID   NAME         CPU %      MEM USAGE / LIMIT   MEM %     NET I/O   BLOCK I/O    PIDS
f1b2ce1d6881   pbbs_nBody   3441.67%   26.79GiB / 96GiB    27.91%    0B / 0B   556MB / 0B   52
46b3f991a640   x265         4829.04%   2.917GiB / 96GiB    3.04%     0B / 0B   0B / 1.7MB   117
2025-02-17 06:32:48.392636
CONTAINER ID   NAME         CPU %      MEM USAGE / LIMIT   MEM %     NET I/O   BLOCK I/O    PIDS
f1b2ce1d6881   pbbs_nBody   4045.19%   28.15GiB / 96GiB    29.32%    0B / 0B   556MB / 0B   52
46b3f991a640   x265         4366.49%   2.917GiB / 96GiB    3.04%     0B / 0B   0B / 1.7MB   117
2025-02-17 06:32:50.406464
CONTAINER ID   NAME         CPU %      MEM USAGE / LIMIT   MEM %     NET I/O   BLOCK I/O    PIDS
f1b2ce1d6881   pbbs_nBody   4225.07%   29.33GiB / 96GiB    30.55%    0B / 0B   556MB / 0B   52
46b3f991a640   x265         4148.05%   2.917GiB / 96GiB    3.04%     0B / 0B   0B / 1.7MB   117
2025-02-17 06:32:52.417060
CONTAINER ID   NAME         CPU %      MEM USAGE / LIMIT   MEM %     NET I/O   BLOCK I/O    PIDS
f1b2ce1d6881   pbbs_nBody   4741.32%   30.59GiB / 96GiB    31.87%    0B / 0B   556MB / 0B   52
46b3f991a640   x265         3861.23%   2.924GiB / 96GiB    3.05%     0B / 0B   0B / 1.7MB   117
2025-02-17 06:32:54.428657
CONTAINER ID   NAME         CPU %      MEM USAGE / LIMIT   MEM %     NET I/O   BLOCK I/O    PIDS
f1b2ce1d6881   pbbs_nBody   4681.18%   31.73GiB / 96GiB    33.05%    0B / 0B   556MB / 0B   52
46b3f991a640   x265         3940.89%   2.924GiB / 96GiB    3.05%     0B / 0B   0B / 1.7MB   117
2025-02-17 06:32:56.439065
CONTAINER ID   NAME         CPU %      MEM USAGE / LIMIT   MEM %     NET I/O   BLOCK I/O    PIDS
f1b2ce1d6881   pbbs_nBody   4377.98%   32.23GiB / 96GiB    33.57%    0B / 0B   556MB / 0B   52
46b3f991a640   x265         3843.22%   2.925GiB / 96GiB    3.05%     0B / 0B   0B / 1.7MB   117
2025-02-17 06:32:58.448015
CONTAINER ID   NAME         CPU %      MEM USAGE / LIMIT   MEM %     NET I/O   BLOCK I/O    PIDS
f1b2ce1d6881   pbbs_nBody   3955.15%   33.7GiB / 96GiB     35.11%    0B / 0B   556MB / 0B   52
46b3f991a640   x265         3984.64%   2.924GiB / 96GiB    3.05%     0B / 0B   0B / 1.7MB   117
2025-02-17 06:33:00.463049
CONTAINER ID   NAME         CPU %      MEM USAGE / LIMIT   MEM %     NET I/O   BLOCK I/O    PIDS
f1b2ce1d6881   pbbs_nBody   3820.10%   33.9GiB / 96GiB     35.31%    0B / 0B   556MB / 0B   52
46b3f991a640   x265         3905.64%   2.925GiB / 96GiB    3.05%     0B / 0B   0B / 1.7MB   117
2025-02-17 06:33:02.472687
CONTAINER ID   NAME         CPU %      MEM USAGE / LIMIT   MEM %     NET I/O   BLOCK I/O    PIDS
f1b2ce1d6881   pbbs_nBody   4991.68%   33.9GiB / 96GiB     35.31%    0B / 0B   556MB / 0B   52
46b3f991a640   x265         3722.47%   2.925GiB / 96GiB    3.05%     0B / 0B   0B / 1.7MB   117
2025-02-17 06:33:04.481545
CONTAINER ID   NAME         CPU %      MEM USAGE / LIMIT   MEM %     NET I/O   BLOCK I/O    PIDS
f1b2ce1d6881   pbbs_nBody   5002.08%   33.9GiB / 96GiB     35.31%    0B / 0B   556MB / 0B   52
46b3f991a640   x265         3598.06%   2.925GiB / 96GiB    3.05%     0B / 0B   0B / 1.7MB   117
2025-02-17 06:33:06.492389
CONTAINER ID   NAME         CPU %      MEM USAGE / LIMIT   MEM %     NET I/O   BLOCK I/O    PIDS
f1b2ce1d6881   pbbs_nBody   4995.78%   33.9GiB / 96GiB     35.31%    0B / 0B   556MB / 0B   52
46b3f991a640   x265         3782.87%   2.925GiB / 96GiB    3.05%     0B / 0B   0B / 1.7MB   117
2025-02-17 06:33:08.501040
CONTAINER ID   NAME         CPU %      MEM USAGE / LIMIT   MEM %     NET I/O   BLOCK I/O    PIDS
f1b2ce1d6881   pbbs_nBody   4983.30%   33.9GiB / 96GiB     35.31%    0B / 0B   556MB / 0B   52
46b3f991a640   x265         3702.51%   2.938GiB / 96GiB    3.06%     0B / 0B   0B / 1.7MB   117
2025-02-17 06:33:10.509411
CONTAINER ID   NAME         CPU %      MEM USAGE / LIMIT   MEM %     NET I/O   BLOCK I/O    PIDS
f1b2ce1d6881   pbbs_nBody   4871.05%   33.9GiB / 96GiB     35.31%    0B / 0B   556MB / 0B   52
46b3f991a640   x265         4375.64%   2.94GiB / 96GiB     3.06%     0B / 0B   0B / 1.7MB   117
2025-02-17 06:33:12.517333
CONTAINER ID   NAME         CPU %      MEM USAGE / LIMIT   MEM %     NET I/O   BLOCK I/O    PIDS
f1b2ce1d6881   pbbs_nBody   4960.60%   33.9GiB / 96GiB     35.31%    0B / 0B   556MB / 0B   52
46b3f991a640   x265         3781.01%   2.979GiB / 96GiB    3.10%     0B / 0B   0B / 1.7MB   117
2025-02-17 06:33:14.528708
CONTAINER ID   NAME         CPU %      MEM USAGE / LIMIT   MEM %     NET I/O   BLOCK I/O    PIDS
f1b2ce1d6881   pbbs_nBody   5000.81%   33.9GiB / 96GiB     35.31%    0B / 0B   556MB / 0B   52
46b3f991a640   x265         3813.43%   2.995GiB / 96GiB    3.12%     0B / 0B   0B / 1.7MB   117
2025-02-17 06:33:16.537411
CONTAINER ID   NAME         CPU %      MEM USAGE / LIMIT   MEM %     NET I/O   BLOCK I/O    PIDS
f1b2ce1d6881   pbbs_nBody   4283.17%   34.63GiB / 96GiB    36.07%    0B / 0B   556MB / 0B   52
46b3f991a640   x265         4073.95%   2.995GiB / 96GiB    3.12%     0B / 0B   0B / 1.7MB   115
2025-02-17 06:33:18.551078
CONTAINER ID   NAME         CPU %      MEM USAGE / LIMIT   MEM %     NET I/O   BLOCK I/O    PIDS
f1b2ce1d6881   pbbs_nBody   4711.62%   35.91GiB / 96GiB    37.40%    0B / 0B   556MB / 0B   52
46b3f991a640   x265         3602.21%   2.995GiB / 96GiB    3.12%     0B / 0B   0B / 1.7MB   115
2025-02-17 06:33:20.560527
CONTAINER ID   NAME         CPU %      MEM USAGE / LIMIT   MEM %     NET I/O   BLOCK I/O     PIDS
f1b2ce1d6881   pbbs_nBody   4858.72%   37.2GiB / 96GiB     38.75%    0B / 0B   556MB / 0B    52
46b3f991a640   x265         891.70%    777.8MiB / 96GiB    0.79%     0B / 0B   0B / 2.64MB   117
2025-02-17 06:33:22.571924
CONTAINER ID   NAME         CPU %      MEM USAGE / LIMIT   MEM %     NET I/O   BLOCK I/O     PIDS
f1b2ce1d6881   pbbs_nBody   4754.91%   38.59GiB / 96GiB    40.20%    0B / 0B   556MB / 0B    52
46b3f991a640   x265         3846.87%   2.619GiB / 96GiB    2.73%     0B / 0B   0B / 2.64MB   117
2025-02-17 06:33:24.583234
CONTAINER ID   NAME         CPU %      MEM USAGE / LIMIT   MEM %     NET I/O   BLOCK I/O     PIDS
f1b2ce1d6881   pbbs_nBody   4403.15%   39.82GiB / 96GiB    41.48%    0B / 0B   556MB / 0B    52
46b3f991a640   x265         4056.69%   2.884GiB / 96GiB    3.00%     0B / 0B   0B / 2.64MB   117
2025-02-17 06:33:26.595650
CONTAINER ID   NAME         CPU %      MEM USAGE / LIMIT   MEM %     NET I/O   BLOCK I/O     PIDS
f1b2ce1d6881   pbbs_nBody   4269.58%   41.02GiB / 96GiB    42.73%    0B / 0B   556MB / 0B    52
46b3f991a640   x265         4106.39%   2.885GiB / 96GiB    3.00%     0B / 0B   0B / 2.64MB   117
2025-02-17 06:33:28.604970
CONTAINER ID   NAME         CPU %      MEM USAGE / LIMIT   MEM %     NET I/O   BLOCK I/O     PIDS
f1b2ce1d6881   pbbs_nBody   4492.23%   42.07GiB / 96GiB    43.83%    0B / 0B   556MB / 0B    52
46b3f991a640   x265         3944.35%   2.886GiB / 96GiB    3.01%     0B / 0B   0B / 2.64MB   117
2025-02-17 06:33:30.615089
CONTAINER ID   NAME         CPU %      MEM USAGE / LIMIT   MEM %     NET I/O   BLOCK I/O     PIDS
f1b2ce1d6881   pbbs_nBody   4311.64%   42.68GiB / 96GiB    44.46%    0B / 0B   556MB / 0B    52
46b3f991a640   x265         3852.70%   2.887GiB / 96GiB    3.01%     0B / 0B   0B / 2.64MB   117
2025-02-17 06:33:32.631185
CONTAINER ID   NAME         CPU %      MEM USAGE / LIMIT   MEM %     NET I/O   BLOCK I/O     PIDS
f1b2ce1d6881   pbbs_nBody   195.02%    43.75GiB / 96GiB    45.57%    0B / 0B   556MB / 0B    52
46b3f991a640   x265         4499.18%   2.888GiB / 96GiB    3.01%     0B / 0B   0B / 2.64MB   117
2025-02-17 06:33:34.640332
CONTAINER ID   NAME         CPU %      MEM USAGE / LIMIT   MEM %     NET I/O   BLOCK I/O     PIDS
f1b2ce1d6881   pbbs_nBody   4978.40%   43.75GiB / 96GiB    45.57%    0B / 0B   556MB / 0B    52
46b3f991a640   x265         3713.88%   2.888GiB / 96GiB    3.01%     0B / 0B   0B / 2.64MB   117
2025-02-17 06:33:36.650178
CONTAINER ID   NAME         CPU %      MEM USAGE / LIMIT   MEM %     NET I/O   BLOCK I/O     PIDS
f1b2ce1d6881   pbbs_nBody   4952.99%   43.75GiB / 96GiB    45.57%    0B / 0B   556MB / 0B    52
46b3f991a640   x265         3874.46%   2.888GiB / 96GiB    3.01%     0B / 0B   0B / 2.64MB   117
2025-02-17 06:33:38.662222
CONTAINER ID   NAME         CPU %      MEM USAGE / LIMIT   MEM %     NET I/O   BLOCK I/O     PIDS
f1b2ce1d6881   pbbs_nBody   4997.66%   43.75GiB / 96GiB    45.57%    0B / 0B   556MB / 0B    52
46b3f991a640   x265         3844.79%   2.901GiB / 96GiB    3.02%     0B / 0B   0B / 2.64MB   117
2025-02-17 06:33:40.679001
CONTAINER ID   NAME         CPU %      MEM USAGE / LIMIT   MEM %     NET I/O   BLOCK I/O     PIDS
f1b2ce1d6881   pbbs_nBody   5001.20%   43.75GiB / 96GiB    45.57%    0B / 0B   556MB / 0B    52
46b3f991a640   x265         3840.45%   2.91GiB / 96GiB     3.03%     0B / 0B   0B / 2.64MB   117
2025-02-17 06:33:42.688270
CONTAINER ID   NAME         CPU %      MEM USAGE / LIMIT   MEM %     NET I/O   BLOCK I/O     PIDS
f1b2ce1d6881   pbbs_nBody   4973.22%   43.75GiB / 96GiB    45.57%    0B / 0B   556MB / 0B    52
46b3f991a640   x265         3799.49%   2.91GiB / 96GiB     3.03%     0B / 0B   0B / 2.64MB   117
2025-02-17 06:33:44.695299
CONTAINER ID   NAME         CPU %      MEM USAGE / LIMIT   MEM %     NET I/O   BLOCK I/O     PIDS
f1b2ce1d6881   pbbs_nBody   4937.34%   43.75GiB / 96GiB    45.57%    0B / 0B   556MB / 0B    52
46b3f991a640   x265         4224.43%   2.916GiB / 96GiB    3.04%     0B / 0B   0B / 2.64MB   117
2025-02-17 06:33:46.707875
CONTAINER ID   NAME         CPU %      MEM USAGE / LIMIT   MEM %     NET I/O   BLOCK I/O     PIDS
f1b2ce1d6881   pbbs_nBody   4886.01%   43.75GiB / 96GiB    45.57%    0B / 0B   556MB / 0B    52
46b3f991a640   x265         4285.65%   2.916GiB / 96GiB    3.04%     0B / 0B   0B / 2.64MB   117
2025-02-17 06:33:48.717458
CONTAINER ID   NAME         CPU %      MEM USAGE / LIMIT   MEM %     NET I/O   BLOCK I/O     PIDS
f1b2ce1d6881   pbbs_nBody   4940.09%   43.79GiB / 96GiB    45.62%    0B / 0B   556MB / 0B    52
46b3f991a640   x265         3812.90%   2.915GiB / 96GiB    3.04%     0B / 0B   0B / 2.64MB   117
2025-02-17 06:33:50.726748
CONTAINER ID   NAME         CPU %      MEM USAGE / LIMIT   MEM %     NET I/O   BLOCK I/O     PIDS
f1b2ce1d6881   pbbs_nBody   4655.74%   45.06GiB / 96GiB    46.94%    0B / 0B   556MB / 0B    52
46b3f991a640   x265         3917.50%   2.914GiB / 96GiB    3.04%     0B / 0B   0B / 2.64MB   117
2025-02-17 06:33:52.738690
CONTAINER ID   NAME         CPU %      MEM USAGE / LIMIT   MEM %     NET I/O   BLOCK I/O     PIDS
f1b2ce1d6881   pbbs_nBody   4665.82%   46.32GiB / 96GiB    48.25%    0B / 0B   556MB / 0B    52
46b3f991a640   x265         3885.38%   2.921GiB / 96GiB    3.04%     0B / 0B   0B / 2.64MB   117
2025-02-17 06:33:54.748119
CONTAINER ID   NAME         CPU %      MEM USAGE / LIMIT   MEM %     NET I/O   BLOCK I/O     PIDS
f1b2ce1d6881   pbbs_nBody   4449.10%   47.5GiB / 96GiB     49.48%    0B / 0B   556MB / 0B    52
46b3f991a640   x265         4044.46%   2.921GiB / 96GiB    3.04%     0B / 0B   0B / 2.64MB   117
2025-02-17 06:33:56.759545
CONTAINER ID   NAME         CPU %      MEM USAGE / LIMIT   MEM %     NET I/O   BLOCK I/O     PIDS
f1b2ce1d6881   pbbs_nBody   4462.12%   48.72GiB / 96GiB    50.75%    0B / 0B   556MB / 0B    52
46b3f991a640   x265         3994.93%   2.921GiB / 96GiB    3.04%     0B / 0B   0B / 2.64MB   117
2025-02-17 06:33:58.769648
CONTAINER ID   NAME         CPU %      MEM USAGE / LIMIT   MEM %     NET I/O   BLOCK I/O     PIDS
f1b2ce1d6881   pbbs_nBody   4671.63%   50.03GiB / 96GiB    52.12%    0B / 0B   556MB / 0B    52
46b3f991a640   x265         3851.87%   2.921GiB / 96GiB    3.04%     0B / 0B   0B / 2.64MB   117
2025-02-17 06:34:00.781055
CONTAINER ID   NAME         CPU %      MEM USAGE / LIMIT   MEM %     NET I/O   BLOCK I/O     PIDS
f1b2ce1d6881   pbbs_nBody   4515.07%   51.24GiB / 96GiB    53.37%    0B / 0B   556MB / 0B    52
46b3f991a640   x265         3945.10%   2.922GiB / 96GiB    3.04%     0B / 0B   0B / 2.64MB   117
2025-02-17 06:34:02.790279
CONTAINER ID   NAME         CPU %      MEM USAGE / LIMIT   MEM %     NET I/O   BLOCK I/O     PIDS
f1b2ce1d6881   pbbs_nBody   4106.65%   51.92GiB / 96GiB    54.09%    0B / 0B   556MB / 0B    52
46b3f991a640   x265         4034.55%   2.922GiB / 96GiB    3.04%     0B / 0B   0B / 2.64MB   117
2025-02-17 06:34:04.808026
CONTAINER ID   NAME         CPU %      MEM USAGE / LIMIT   MEM %     NET I/O   BLOCK I/O     PIDS
f1b2ce1d6881   pbbs_nBody   3970.44%   52.99GiB / 96GiB    55.20%    0B / 0B   556MB / 0B    52
46b3f991a640   x265         4024.87%   2.922GiB / 96GiB    3.04%     0B / 0B   0B / 2.64MB   117
2025-02-17 06:34:06.816527
CONTAINER ID   NAME         CPU %      MEM USAGE / LIMIT   MEM %     NET I/O   BLOCK I/O     PIDS
f1b2ce1d6881   pbbs_nBody   1797.04%   53.6GiB / 96GiB     55.83%    0B / 0B   556MB / 0B    52
46b3f991a640   x265         4169.49%   2.922GiB / 96GiB    3.04%     0B / 0B   0B / 2.64MB   117
2025-02-17 06:34:08.827023
CONTAINER ID   NAME         CPU %      MEM USAGE / LIMIT   MEM %     NET I/O   BLOCK I/O     PIDS
f1b2ce1d6881   pbbs_nBody   4919.29%   53.6GiB / 96GiB     55.83%    0B / 0B   556MB / 0B    52
46b3f991a640   x265         3981.38%   2.935GiB / 96GiB    3.06%     0B / 0B   0B / 2.64MB   117
2025-02-17 06:34:10.839516
CONTAINER ID   NAME         CPU %      MEM USAGE / LIMIT   MEM %     NET I/O   BLOCK I/O     PIDS
f1b2ce1d6881   pbbs_nBody   4956.63%   53.6GiB / 96GiB     55.83%    0B / 0B   556MB / 0B    52
46b3f991a640   x265         4091.15%   2.952GiB / 96GiB    3.08%     0B / 0B   0B / 2.64MB   117
2025-02-17 06:34:12.848224
CONTAINER ID   NAME         CPU %      MEM USAGE / LIMIT   MEM %     NET I/O   BLOCK I/O     PIDS
f1b2ce1d6881   pbbs_nBody   4960.66%   53.6GiB / 96GiB     55.83%    0B / 0B   556MB / 0B    52
46b3f991a640   x265         3911.52%   2.981GiB / 96GiB    3.11%     0B / 0B   0B / 2.64MB   117
2025-02-17 06:34:14.857688
CONTAINER ID   NAME         CPU %      MEM USAGE / LIMIT   MEM %     NET I/O   BLOCK I/O     PIDS
f1b2ce1d6881   pbbs_nBody   4996.84%   53.6GiB / 96GiB     55.83%    0B / 0B   556MB / 0B    52
46b3f991a640   x265         3653.31%   2.981GiB / 96GiB    3.11%     0B / 0B   0B / 2.64MB   117
2025-02-17 06:34:16.868452
CONTAINER ID   NAME         CPU %      MEM USAGE / LIMIT   MEM %     NET I/O   BLOCK I/O     PIDS
f1b2ce1d6881   pbbs_nBody   4995.09%   53.6GiB / 96GiB     55.83%    0B / 0B   556MB / 0B    52
46b3f991a640   x265         3650.35%   2.981GiB / 96GiB    3.11%     0B / 0B   0B / 2.64MB   115
2025-02-17 06:34:18.876197
CONTAINER ID   NAME         CPU %      MEM USAGE / LIMIT   MEM %     NET I/O   BLOCK I/O     PIDS
f1b2ce1d6881   pbbs_nBody   4959.48%   53.6GiB / 96GiB     55.83%    0B / 0B   556MB / 0B    52
46b3f991a640   x265         3564.59%   2.982GiB / 96GiB    3.11%     0B / 0B   0B / 2.64MB   115
2025-02-17 06:34:20.886380
CONTAINER ID   NAME         CPU %      MEM USAGE / LIMIT   MEM %     NET I/O   BLOCK I/O     PIDS
f1b2ce1d6881   pbbs_nBody   4781.44%   53.6GiB / 96GiB     55.83%    0B / 0B   556MB / 0B    52
46b3f991a640   x265         1867.71%   1.067GiB / 96GiB    1.11%     0B / 0B   0B / 3.13MB   117
2025-02-17 06:34:22.898670
CONTAINER ID   NAME         CPU %      MEM USAGE / LIMIT   MEM %     NET I/O   BLOCK I/O     PIDS
f1b2ce1d6881   pbbs_nBody   4498.10%   54.72GiB / 96GiB    57.00%    0B / 0B   556MB / 0B    52
46b3f991a640   x265         4176.13%   2.803GiB / 96GiB    2.92%     0B / 0B   0B / 3.13MB   117
2025-02-17 06:34:24.910345
CONTAINER ID   NAME         CPU %      MEM USAGE / LIMIT   MEM %     NET I/O   BLOCK I/O     PIDS
f1b2ce1d6881   pbbs_nBody   4580.63%   55.98GiB / 96GiB    58.32%    0B / 0B   556MB / 0B    52
46b3f991a640   x265         3953.63%   2.884GiB / 96GiB    3.00%     0B / 0B   0B / 3.13MB   117
2025-02-17 06:34:26.919104
CONTAINER ID   NAME         CPU %      MEM USAGE / LIMIT   MEM %     NET I/O   BLOCK I/O     PIDS
f1b2ce1d6881   pbbs_nBody   4696.22%   57.24GiB / 96GiB    59.62%    0B / 0B   556MB / 0B    52
46b3f991a640   x265         3894.81%   2.885GiB / 96GiB    3.01%     0B / 0B   0B / 3.13MB   117
2025-02-17 06:34:28.929517
CONTAINER ID   NAME         CPU %      MEM USAGE / LIMIT   MEM %     NET I/O   BLOCK I/O     PIDS
f1b2ce1d6881   pbbs_nBody   4645.79%   58.55GiB / 96GiB    60.99%    0B / 0B   556MB / 0B    52
46b3f991a640   x265         3864.69%   2.886GiB / 96GiB    3.01%     0B / 0B   0B / 3.13MB   117
2025-02-17 06:34:30.938582
CONTAINER ID   NAME         CPU %      MEM USAGE / LIMIT   MEM %     NET I/O   BLOCK I/O     PIDS
f1b2ce1d6881   pbbs_nBody   4738.15%   59.82GiB / 96GiB    62.31%    0B / 0B   556MB / 0B    52
46b3f991a640   x265         3855.17%   2.887GiB / 96GiB    3.01%     0B / 0B   0B / 3.13MB   117
2025-02-17 06:34:32.949007
CONTAINER ID   NAME         CPU %      MEM USAGE / LIMIT   MEM %     NET I/O   BLOCK I/O     PIDS
f1b2ce1d6881   pbbs_nBody   4464.83%   61.02GiB / 96GiB    63.57%    0B / 0B   556MB / 0B    52
46b3f991a640   x265         3995.13%   2.887GiB / 96GiB    3.01%     0B / 0B   0B / 3.13MB   117
2025-02-17 06:34:34.959821
CONTAINER ID   NAME         CPU %      MEM USAGE / LIMIT   MEM %     NET I/O   BLOCK I/O     PIDS
f1b2ce1d6881   pbbs_nBody   4355.58%   61.78GiB / 96GiB    64.35%    0B / 0B   556MB / 0B    52
46b3f991a640   x265         3882.78%   2.888GiB / 96GiB    3.01%     0B / 0B   0B / 3.13MB   117
2025-02-17 06:34:36.972619
CONTAINER ID   NAME         CPU %      MEM USAGE / LIMIT   MEM %     NET I/O   BLOCK I/O     PIDS
f1b2ce1d6881   pbbs_nBody   3953.20%   62.94GiB / 96GiB    65.56%    0B / 0B   556MB / 0B    52
46b3f991a640   x265         4042.91%   2.888GiB / 96GiB    3.01%     0B / 0B   0B / 3.13MB   117
2025-02-17 06:34:38.981946
CONTAINER ID   NAME         CPU %      MEM USAGE / LIMIT   MEM %     NET I/O   BLOCK I/O     PIDS
f1b2ce1d6881   pbbs_nBody   2262.17%   63.45GiB / 96GiB    66.10%    0B / 0B   556MB / 0B    52
46b3f991a640   x265         4161.69%   2.903GiB / 96GiB    3.02%     0B / 0B   0B / 3.13MB   117
2025-02-17 06:34:40.990036
CONTAINER ID   NAME         CPU %      MEM USAGE / LIMIT   MEM %     NET I/O   BLOCK I/O     PIDS
f1b2ce1d6881   pbbs_nBody   4996.18%   63.45GiB / 96GiB    66.10%    0B / 0B   556MB / 0B    52
46b3f991a640   x265         3755.90%   2.913GiB / 96GiB    3.03%     0B / 0B   0B / 3.13MB   117
2025-02-17 06:34:42.998111
CONTAINER ID   NAME         CPU %      MEM USAGE / LIMIT   MEM %     NET I/O   BLOCK I/O     PIDS
f1b2ce1d6881   pbbs_nBody   4998.91%   63.45GiB / 96GiB    66.10%    0B / 0B   556MB / 0B    52
46b3f991a640   x265         3555.37%   2.913GiB / 96GiB    3.03%     0B / 0B   0B / 3.13MB   117
2025-02-17 06:34:45.008831
CONTAINER ID   NAME         CPU %      MEM USAGE / LIMIT   MEM %     NET I/O   BLOCK I/O     PIDS
f1b2ce1d6881   pbbs_nBody   4954.22%   63.45GiB / 96GiB    66.10%    0B / 0B   556MB / 0B    52
46b3f991a640   x265         3962.30%   2.919GiB / 96GiB    3.04%     0B / 0B   0B / 3.13MB   117
2025-02-17 06:34:47.021787
CONTAINER ID   NAME         CPU %      MEM USAGE / LIMIT   MEM %     NET I/O   BLOCK I/O     PIDS
f1b2ce1d6881   pbbs_nBody   4947.18%   63.45GiB / 96GiB    66.10%    0B / 0B   556MB / 0B    52
46b3f991a640   x265         3957.04%   2.918GiB / 96GiB    3.04%     0B / 0B   0B / 3.13MB   117
2025-02-17 06:34:49.030614
CONTAINER ID   NAME         CPU %      MEM USAGE / LIMIT   MEM %     NET I/O   BLOCK I/O     PIDS
f1b2ce1d6881   pbbs_nBody   4984.77%   63.45GiB / 96GiB    66.10%    0B / 0B   556MB / 0B    52
46b3f991a640   x265         3780.08%   2.918GiB / 96GiB    3.04%     0B / 0B   0B / 3.13MB   117
2025-02-17 06:34:51.041892
CONTAINER ID   NAME         CPU %      MEM USAGE / LIMIT   MEM %     NET I/O   BLOCK I/O     PIDS
f1b2ce1d6881   pbbs_nBody   4979.12%   63.45GiB / 96GiB    66.10%    0B / 0B   556MB / 0B    52
46b3f991a640   x265         3679.42%   2.918GiB / 96GiB    3.04%     0B / 0B   0B / 3.13MB   117
2025-02-17 06:34:53.050191
CONTAINER ID   NAME         CPU %      MEM USAGE / LIMIT   MEM %     NET I/O   BLOCK I/O     PIDS
f1b2ce1d6881   pbbs_nBody   4990.11%   63.45GiB / 96GiB    66.10%    0B / 0B   556MB / 0B    52
46b3f991a640   x265         3643.43%   2.926GiB / 96GiB    3.05%     0B / 0B   0B / 3.13MB   117
2025-02-17 06:34:55.059653
CONTAINER ID   NAME         CPU %      MEM USAGE / LIMIT   MEM %     NET I/O   BLOCK I/O     PIDS
f1b2ce1d6881   pbbs_nBody   4595.71%   64.13GiB / 96GiB    66.81%    0B / 0B   556MB / 0B    52
46b3f991a640   x265         3914.91%   2.924GiB / 96GiB    3.05%     0B / 0B   0B / 3.13MB   117
2025-02-17 06:34:57.069879
CONTAINER ID   NAME         CPU %      MEM USAGE / LIMIT   MEM %     NET I/O   BLOCK I/O     PIDS
f1b2ce1d6881   pbbs_nBody   4472.34%   65.32GiB / 96GiB    68.04%    0B / 0B   556MB / 0B    52
46b3f991a640   x265         3978.93%   2.924GiB / 96GiB    3.05%     0B / 0B   0B / 3.13MB   117
2025-02-17 06:34:59.081051
CONTAINER ID   NAME         CPU %      MEM USAGE / LIMIT   MEM %     NET I/O   BLOCK I/O     PIDS
f1b2ce1d6881   pbbs_nBody   4655.69%   66.57GiB / 96GiB    69.34%    0B / 0B   556MB / 0B    52
46b3f991a640   x265         3923.62%   2.924GiB / 96GiB    3.05%     0B / 0B   0B / 3.13MB   117
2025-02-17 06:35:01.092960
CONTAINER ID   NAME         CPU %      MEM USAGE / LIMIT   MEM %     NET I/O   BLOCK I/O     PIDS
f1b2ce1d6881   pbbs_nBody   4496.36%   67.74GiB / 96GiB    70.56%    0B / 0B   556MB / 0B    52
46b3f991a640   x265         3920.00%   2.924GiB / 96GiB    3.05%     0B / 0B   0B / 3.13MB   117
2025-02-17 06:35:03.104461
CONTAINER ID   NAME         CPU %      MEM USAGE / LIMIT   MEM %     NET I/O   BLOCK I/O     PIDS
f1b2ce1d6881   pbbs_nBody   4345.58%   68.92GiB / 96GiB    71.79%    0B / 0B   556MB / 0B    52
46b3f991a640   x265         4174.09%   2.924GiB / 96GiB    3.05%     0B / 0B   0B / 3.13MB   117
2025-02-17 06:35:05.116688
CONTAINER ID   NAME         CPU %      MEM USAGE / LIMIT   MEM %     NET I/O   BLOCK I/O     PIDS
f1b2ce1d6881   pbbs_nBody   4572.21%   70.16GiB / 96GiB    73.08%    0B / 0B   556MB / 0B    52
46b3f991a640   x265         3867.32%   2.924GiB / 96GiB    3.05%     0B / 0B   0B / 3.13MB   117
2025-02-17 06:35:07.127185
CONTAINER ID   NAME         CPU %      MEM USAGE / LIMIT   MEM %     NET I/O   BLOCK I/O     PIDS
f1b2ce1d6881   pbbs_nBody   4558.36%   71.39GiB / 96GiB    74.36%    0B / 0B   556MB / 0B    52
46b3f991a640   x265         3947.39%   2.924GiB / 96GiB    3.05%     0B / 0B   0B / 3.13MB   117
2025-02-17 06:35:09.139627
CONTAINER ID   NAME         CPU %      MEM USAGE / LIMIT   MEM %     NET I/O   BLOCK I/O     PIDS
f1b2ce1d6881   pbbs_nBody   4503.60%   71.65GiB / 96GiB    74.64%    0B / 0B   556MB / 0B    52
46b3f991a640   x265         4302.03%   2.938GiB / 96GiB    3.06%     0B / 0B   0B / 3.13MB   117
2025-02-17 06:35:11.153768
CONTAINER ID   NAME         CPU %      MEM USAGE / LIMIT   MEM %     NET I/O   BLOCK I/O     PIDS
f1b2ce1d6881   pbbs_nBody   3590.37%   73.11GiB / 96GiB    76.16%    0B / 0B   556MB / 0B    52
46b3f991a640   x265         4487.49%   2.944GiB / 96GiB    3.07%     0B / 0B   0B / 3.13MB   117
2025-02-17 06:35:13.165455
CONTAINER ID   NAME         CPU %      MEM USAGE / LIMIT   MEM %     NET I/O   BLOCK I/O     PIDS
f1b2ce1d6881   pbbs_nBody   4953.87%   73.3GiB / 96GiB     76.36%    0B / 0B   556MB / 0B    52
46b3f991a640   x265         3850.84%   2.971GiB / 96GiB    3.09%     0B / 0B   0B / 3.13MB   117
2025-02-17 06:35:15.177085
CONTAINER ID   NAME         CPU %      MEM USAGE / LIMIT   MEM %     NET I/O   BLOCK I/O     PIDS
f1b2ce1d6881   pbbs_nBody   4978.47%   73.3GiB / 96GiB     76.36%    0B / 0B   556MB / 0B    52
46b3f991a640   x265         3728.54%   2.979GiB / 96GiB    3.10%     0B / 0B   0B / 3.13MB   117
2025-02-17 06:35:17.189536
CONTAINER ID   NAME         CPU %      MEM USAGE / LIMIT   MEM %     NET I/O   BLOCK I/O     PIDS
f1b2ce1d6881   pbbs_nBody   5002.22%   73.3GiB / 96GiB     76.36%    0B / 0B   556MB / 0B    52
46b3f991a640   x265         3564.34%   2.979GiB / 96GiB    3.10%     0B / 0B   0B / 3.13MB   115
2025-02-17 06:35:19.199635
CONTAINER ID   NAME         CPU %      MEM USAGE / LIMIT   MEM %     NET I/O   BLOCK I/O     PIDS
f1b2ce1d6881   pbbs_nBody   4944.75%   73.3GiB / 96GiB     76.36%    0B / 0B   556MB / 0B    52
46b3f991a640   x265         3034.78%   2.978GiB / 96GiB    3.10%     0B / 0B   0B / 3.13MB   115
2025-02-17 06:35:21.207469
CONTAINER ID   NAME         CPU %      MEM USAGE / LIMIT   MEM %     NET I/O   BLOCK I/O     PIDS
f1b2ce1d6881   pbbs_nBody   4776.91%   73.3GiB / 96GiB     76.35%    0B / 0B   556MB / 0B    52
46b3f991a640   x265         1789.77%   1.039GiB / 96GiB    1.08%     0B / 0B   0B / 3.43MB   117
2025-02-17 06:35:23.218626
CONTAINER ID   NAME         CPU %      MEM USAGE / LIMIT   MEM %     NET I/O   BLOCK I/O     PIDS
f1b2ce1d6881   pbbs_nBody   4981.65%   73.3GiB / 96GiB     76.35%    0B / 0B   556MB / 0B    52
46b3f991a640   x265         3336.90%   2.698GiB / 96GiB    2.81%     0B / 0B   0B / 3.43MB   117
2025-02-17 06:35:25.227195
CONTAINER ID   NAME         CPU %      MEM USAGE / LIMIT   MEM %     NET I/O   BLOCK I/O     PIDS
f1b2ce1d6881   pbbs_nBody   4931.66%   73.3GiB / 96GiB     76.35%    0B / 0B   556MB / 0B    52
46b3f991a640   x265         3950.28%   2.887GiB / 96GiB    3.01%     0B / 0B   0B / 3.43MB   117
2025-02-17 06:35:27.237287
CONTAINER ID   NAME         CPU %      MEM USAGE / LIMIT   MEM %     NET I/O   BLOCK I/O     PIDS
f1b2ce1d6881   pbbs_nBody   4326.63%   73.87GiB / 96GiB    76.95%    0B / 0B   556MB / 0B    52
46b3f991a640   x265         3937.43%   2.885GiB / 96GiB    3.01%     0B / 0B   0B / 3.43MB   117
2025-02-17 06:35:29.254090
CONTAINER ID   NAME         CPU %      MEM USAGE / LIMIT   MEM %     NET I/O   BLOCK I/O     PIDS
f1b2ce1d6881   pbbs_nBody   4524.16%   75.12GiB / 96GiB    78.25%    0B / 0B   556MB / 0B    52
46b3f991a640   x265         3872.08%   2.885GiB / 96GiB    3.01%     0B / 0B   0B / 3.43MB   117
2025-02-17 06:35:31.265061
CONTAINER ID   NAME         CPU %      MEM USAGE / LIMIT   MEM %     NET I/O   BLOCK I/O     PIDS
f1b2ce1d6881   pbbs_nBody   4475.14%   76.37GiB / 96GiB    79.55%    0B / 0B   556MB / 0B    52
46b3f991a640   x265         4061.95%   2.887GiB / 96GiB    3.01%     0B / 0B   0B / 3.43MB   117
2025-02-17 06:35:33.275419
CONTAINER ID   NAME         CPU %      MEM USAGE / LIMIT   MEM %     NET I/O   BLOCK I/O     PIDS
f1b2ce1d6881   pbbs_nBody   4500.30%   77.67GiB / 96GiB    80.91%    0B / 0B   556MB / 0B    52
46b3f991a640   x265         3958.27%   2.887GiB / 96GiB    3.01%     0B / 0B   0B / 3.43MB   117
2025-02-17 06:35:35.288361
CONTAINER ID   NAME         CPU %      MEM USAGE / LIMIT   MEM %     NET I/O   BLOCK I/O     PIDS
f1b2ce1d6881   pbbs_nBody   4630.88%   78.88GiB / 96GiB    82.17%    0B / 0B   556MB / 0B    52
46b3f991a640   x265         3966.33%   2.888GiB / 96GiB    3.01%     0B / 0B   0B / 3.43MB   117
2025-02-17 06:35:37.296637
CONTAINER ID   NAME         CPU %      MEM USAGE / LIMIT   MEM %     NET I/O   BLOCK I/O     PIDS
f1b2ce1d6881   pbbs_nBody   4371.38%   80.08GiB / 96GiB    83.41%    0B / 0B   556MB / 0B    52
46b3f991a640   x265         3978.89%   2.888GiB / 96GiB    3.01%     0B / 0B   0B / 3.43MB   117
2025-02-17 06:35:39.309363
CONTAINER ID   NAME         CPU %      MEM USAGE / LIMIT   MEM %     NET I/O   BLOCK I/O     PIDS
f1b2ce1d6881   pbbs_nBody   4728.96%   81.33GiB / 96GiB    84.72%    0B / 0B   556MB / 0B    52
46b3f991a640   x265         3969.55%   2.902GiB / 96GiB    3.02%     0B / 0B   0B / 3.43MB   117
2025-02-17 06:35:41.321538
CONTAINER ID   NAME         CPU %      MEM USAGE / LIMIT   MEM %     NET I/O   BLOCK I/O     PIDS
f1b2ce1d6881   pbbs_nBody   4538.66%   81.65GiB / 96GiB    85.05%    0B / 0B   556MB / 0B    52
46b3f991a640   x265         3893.76%   2.914GiB / 96GiB    3.04%     0B / 0B   0B / 3.43MB   117
2025-02-17 06:35:43.332196
CONTAINER ID   NAME         CPU %      MEM USAGE / LIMIT   MEM %     NET I/O   BLOCK I/O     PIDS
f1b2ce1d6881   pbbs_nBody   2324.10%   83.08GiB / 96GiB    86.54%    0B / 0B   556MB / 0B    52
46b3f991a640   x265         4099.08%   2.915GiB / 96GiB    3.04%     0B / 0B   0B / 3.43MB   117
2025-02-17 06:35:45.342543
CONTAINER ID   NAME         CPU %      MEM USAGE / LIMIT   MEM %     NET I/O   BLOCK I/O     PIDS
f1b2ce1d6881   pbbs_nBody   4949.93%   83.15GiB / 96GiB    86.62%    0B / 0B   556MB / 0B    52
46b3f991a640   x265         4164.04%   2.922GiB / 96GiB    3.04%     0B / 0B   0B / 3.43MB   117
2025-02-17 06:35:47.354225
CONTAINER ID   NAME         CPU %      MEM USAGE / LIMIT   MEM %     NET I/O   BLOCK I/O     PIDS
f1b2ce1d6881   pbbs_nBody   4980.18%   83.15GiB / 96GiB    86.62%    0B / 0B   556MB / 0B    52
46b3f991a640   x265         4009.09%   2.922GiB / 96GiB    3.04%     0B / 0B   0B / 3.43MB   117
2025-02-17 06:35:49.367331
CONTAINER ID   NAME         CPU %      MEM USAGE / LIMIT   MEM %     NET I/O   BLOCK I/O     PIDS
f1b2ce1d6881   pbbs_nBody   4969.49%   83.15GiB / 96GiB    86.62%    0B / 0B   556MB / 0B    52
46b3f991a640   x265         3938.93%   2.92GiB / 96GiB     3.04%     0B / 0B   0B / 3.43MB   117
2025-02-17 06:35:51.375302
CONTAINER ID   NAME         CPU %      MEM USAGE / LIMIT   MEM %     NET I/O   BLOCK I/O     PIDS
f1b2ce1d6881   pbbs_nBody   5005.14%   83.15GiB / 96GiB    86.62%    0B / 0B   556MB / 0B    52
46b3f991a640   x265         3733.47%   2.923GiB / 96GiB    3.04%     0B / 0B   0B / 3.43MB   117
2025-02-17 06:35:53.385416
CONTAINER ID   NAME         CPU %      MEM USAGE / LIMIT   MEM %     NET I/O   BLOCK I/O     PIDS
f1b2ce1d6881   pbbs_nBody   4983.64%   83.15GiB / 96GiB    86.62%    0B / 0B   556MB / 0B    52
46b3f991a640   x265         3919.33%   2.925GiB / 96GiB    3.05%     0B / 0B   0B / 3.43MB   117
2025-02-17 06:35:55.393813
CONTAINER ID   NAME         CPU %      MEM USAGE / LIMIT   MEM %     NET I/O   BLOCK I/O     PIDS
f1b2ce1d6881   pbbs_nBody   5015.17%   83.15GiB / 96GiB    86.62%    0B / 0B   556MB / 0B    52
46b3f991a640   x265         3710.42%   2.925GiB / 96GiB    3.05%     0B / 0B   0B / 3.43MB   117
2025-02-17 06:35:57.403997
CONTAINER ID   NAME         CPU %      MEM USAGE / LIMIT   MEM %     NET I/O   BLOCK I/O     PIDS
f1b2ce1d6881   pbbs_nBody   4969.52%   83.15GiB / 96GiB    86.62%    0B / 0B   556MB / 0B    52
46b3f991a640   x265         3768.68%   2.925GiB / 96GiB    3.05%     0B / 0B   0B / 3.43MB   117
2025-02-17 06:35:59.413979
CONTAINER ID   NAME         CPU %      MEM USAGE / LIMIT   MEM %     NET I/O   BLOCK I/O     PIDS
f1b2ce1d6881   pbbs_nBody   5002.89%   83.15GiB / 96GiB    86.62%    0B / 0B   556MB / 0B    52
46b3f991a640   x265         3773.71%   2.925GiB / 96GiB    3.05%     0B / 0B   0B / 3.43MB   117
2025-02-17 06:36:01.425472
CONTAINER ID   NAME         CPU %      MEM USAGE / LIMIT   MEM %     NET I/O   BLOCK I/O     PIDS
f1b2ce1d6881   pbbs_nBody   4367.70%   84.03GiB / 96GiB    87.53%    0B / 0B   556MB / 0B    52
46b3f991a640   x265         4090.59%   2.924GiB / 96GiB    3.05%     0B / 0B   0B / 3.43MB   117
2025-02-17 06:36:03.437028
CONTAINER ID   NAME         CPU %      MEM USAGE / LIMIT   MEM %     NET I/O   BLOCK I/O     PIDS
f1b2ce1d6881   pbbs_nBody   4529.79%   85.28GiB / 96GiB    88.83%    0B / 0B   556MB / 0B    52
46b3f991a640   x265         3926.31%   2.924GiB / 96GiB    3.05%     0B / 0B   0B / 3.43MB   117
2025-02-17 06:36:05.448642
CONTAINER ID   NAME         CPU %      MEM USAGE / LIMIT   MEM %     NET I/O   BLOCK I/O     PIDS
f1b2ce1d6881   pbbs_nBody   4563.92%   86.53GiB / 96GiB    90.14%    0B / 0B   556MB / 0B    52
46b3f991a640   x265         4017.93%   2.924GiB / 96GiB    3.05%     0B / 0B   0B / 3.43MB   117
2025-02-17 06:36:07.460878
CONTAINER ID   NAME         CPU %      MEM USAGE / LIMIT   MEM %     NET I/O   BLOCK I/O     PIDS
f1b2ce1d6881   pbbs_nBody   4601.27%   87.83GiB / 96GiB    91.49%    0B / 0B   556MB / 0B    52
46b3f991a640   x265         3868.90%   2.924GiB / 96GiB    3.05%     0B / 0B   0B / 3.43MB   117
2025-02-17 06:36:09.471501
CONTAINER ID   NAME         CPU %      MEM USAGE / LIMIT   MEM %     NET I/O   BLOCK I/O     PIDS
f1b2ce1d6881   pbbs_nBody   4333.06%   88.99GiB / 96GiB    92.70%    0B / 0B   556MB / 0B    52
46b3f991a640   x265         4348.59%   2.936GiB / 96GiB    3.06%     0B / 0B   0B / 3.43MB   117
2025-02-17 06:36:11.483111
CONTAINER ID   NAME         CPU %      MEM USAGE / LIMIT   MEM %     NET I/O   BLOCK I/O     PIDS
f1b2ce1d6881   pbbs_nBody   4813.79%   90.26GiB / 96GiB    94.02%    0B / 0B   556MB / 0B    52
46b3f991a640   x265         2047.54%   2.946GiB / 96GiB    3.07%     0B / 0B   0B / 3.43MB   117
2025-02-17 06:36:13.491861
CONTAINER ID   NAME         CPU %      MEM USAGE / LIMIT   MEM %     NET I/O   BLOCK I/O     PIDS
f1b2ce1d6881   pbbs_nBody   4755.58%   91.33GiB / 96GiB    95.14%    0B / 0B   556MB / 0B    52
46b3f991a640   x265         3995.39%   2.978GiB / 96GiB    3.10%     0B / 0B   0B / 3.43MB   117
2025-02-17 06:36:15.504259
CONTAINER ID   NAME         CPU %      MEM USAGE / LIMIT   MEM %     NET I/O   BLOCK I/O     PIDS
f1b2ce1d6881   pbbs_nBody   4286.97%   91.96GiB / 96GiB    95.79%    0B / 0B   556MB / 0B    52
46b3f991a640   x265         4004.97%   2.985GiB / 96GiB    3.11%     0B / 0B   0B / 3.43MB   117
2025-02-17 06:36:17.516765
CONTAINER ID   NAME         CPU %      MEM USAGE / LIMIT   MEM %     NET I/O   BLOCK I/O     PIDS
f1b2ce1d6881   pbbs_nBody   541.10%    93.02GiB / 96GiB    96.89%    0B / 0B   556MB / 0B    52
46b3f991a640   x265         4474.41%   2.986GiB / 96GiB    3.11%     0B / 0B   0B / 3.43MB   115
2025-02-17 06:36:19.526225
CONTAINER ID   NAME         CPU %      MEM USAGE / LIMIT   MEM %     NET I/O   BLOCK I/O     PIDS
f1b2ce1d6881   pbbs_nBody   5016.97%   93.02GiB / 96GiB    96.89%    0B / 0B   556MB / 0B    52
46b3f991a640   x265         3680.78%   2.986GiB / 96GiB    3.11%     0B / 0B   0B / 3.43MB   115
2025-02-17 06:36:21.535967
CONTAINER ID   NAME         CPU %      MEM USAGE / LIMIT   MEM %     NET I/O   BLOCK I/O     PIDS
f1b2ce1d6881   pbbs_nBody   4868.67%   93.02GiB / 96GiB    96.89%    0B / 0B   556MB / 0B    52
46b3f991a640   x265         2963.57%   1.807GiB / 96GiB    1.88%     0B / 0B   0B / 4.46MB   117
2025-02-17 06:36:23.543835
CONTAINER ID   NAME         CPU %      MEM USAGE / LIMIT   MEM %     NET I/O   BLOCK I/O     PIDS
f1b2ce1d6881   pbbs_nBody   4947.90%   93.02GiB / 96GiB    96.89%    0B / 0B   556MB / 0B    52
46b3f991a640   x265         3802.84%   2.871GiB / 96GiB    2.99%     0B / 0B   0B / 4.46MB   117
2025-02-17 06:36:25.553315
CONTAINER ID   NAME         CPU %      MEM USAGE / LIMIT   MEM %     NET I/O   BLOCK I/O     PIDS
f1b2ce1d6881   pbbs_nBody   4956.20%   93.02GiB / 96GiB    96.89%    0B / 0B   556MB / 0B    52
46b3f991a640   x265         3862.01%   2.885GiB / 96GiB    3.01%     0B / 0B   0B / 4.46MB   117
2025-02-17 06:36:27.566736
CONTAINER ID   NAME         CPU %      MEM USAGE / LIMIT   MEM %     NET I/O   BLOCK I/O     PIDS
f1b2ce1d6881   pbbs_nBody   5006.10%   93.02GiB / 96GiB    96.89%    0B / 0B   556MB / 0B    52
46b3f991a640   x265         3823.22%   2.886GiB / 96GiB    3.01%     0B / 0B   0B / 4.46MB   117
2025-02-17 06:36:29.574853
CONTAINER ID   NAME         CPU %      MEM USAGE / LIMIT   MEM %     NET I/O   BLOCK I/O     PIDS
f1b2ce1d6881   pbbs_nBody   4993.27%   93.02GiB / 96GiB    96.89%    0B / 0B   556MB / 0B    52
46b3f991a640   x265         3821.68%   2.888GiB / 96GiB    3.01%     0B / 0B   0B / 4.46MB   117
2025-02-17 06:36:31.587798
CONTAINER ID   NAME         CPU %      MEM USAGE / LIMIT   MEM %     NET I/O   BLOCK I/O     PIDS
f1b2ce1d6881   pbbs_nBody   4949.79%   93.02GiB / 96GiB    96.89%    0B / 0B   556MB / 0B    52
46b3f991a640   x265         3686.53%   2.889GiB / 96GiB    3.01%     0B / 0B   0B / 4.46MB   117
2025-02-17 06:36:33.598083
CONTAINER ID   NAME         CPU %      MEM USAGE / LIMIT   MEM %     NET I/O   BLOCK I/O     PIDS
f1b2ce1d6881   pbbs_nBody   4601.39%   93.41GiB / 96GiB    97.30%    0B / 0B   556MB / 0B    52
46b3f991a640   x265         3999.84%   2.887GiB / 96GiB    3.01%     0B / 0B   0B / 4.46MB   117
2025-02-17 06:36:35.608382
CONTAINER ID   NAME         CPU %      MEM USAGE / LIMIT   MEM %     NET I/O   BLOCK I/O     PIDS
f1b2ce1d6881   pbbs_nBody   4516.26%   94.64GiB / 96GiB    98.58%    0B / 0B   556MB / 0B    52
46b3f991a640   x265         4053.03%   2.887GiB / 96GiB    3.01%     0B / 0B   0B / 4.46MB   117
2025-02-17 06:36:37.619930
CONTAINER ID   NAME         CPU %      MEM USAGE / LIMIT   MEM %     NET I/O   BLOCK I/O     PIDS
f1b2ce1d6881   pbbs_nBody   4343.67%   95.85GiB / 96GiB    99.84%    0B / 0B   556MB / 0B    52
46b3f991a640   x265         3943.45%   2.888GiB / 96GiB    3.01%     0B / 0B   0B / 4.46MB   117
2025-02-17 06:36:39.630139
CONTAINER ID   NAME         CPU %      MEM USAGE / LIMIT   MEM %     NET I/O   BLOCK I/O     PIDS
f1b2ce1d6881   pbbs_nBody   319.09%    96GiB / 96GiB       100.00%   0B / 0B   556MB / 0B    52
46b3f991a640   x265         4513.45%   2.913GiB / 96GiB    3.03%     0B / 0B   0B / 4.46MB   117
2025-02-17 06:36:41.637006
CONTAINER ID   NAME         CPU %      MEM USAGE / LIMIT   MEM %     NET I/O   BLOCK I/O     PIDS
f1b2ce1d6881   pbbs_nBody   209.79%    95.99GiB / 96GiB    99.99%    0B / 0B   556MB / 0B    52
46b3f991a640   x265         4235.99%   2.913GiB / 96GiB    3.03%     0B / 0B   0B / 4.46MB   117
2025-02-17 06:36:43.647174
CONTAINER ID   NAME         CPU %      MEM USAGE / LIMIT   MEM %     NET I/O   BLOCK I/O     PIDS
f1b2ce1d6881   pbbs_nBody   755.67%    96GiB / 96GiB       100.00%   0B / 0B   581MB / 0B    52
46b3f991a640   x265         4778.63%   2.916GiB / 96GiB    3.04%     0B / 0B   0B / 4.46MB   117
2025-02-17 06:36:45.654251
CONTAINER ID   NAME         CPU %      MEM USAGE / LIMIT   MEM %     NET I/O   BLOCK I/O     PIDS
f1b2ce1d6881   pbbs_nBody   1111.71%   96GiB / 96GiB       100.00%   0B / 0B   727MB / 0B    52
46b3f991a640   x265         4653.43%   2.916GiB / 96GiB    3.04%     0B / 0B   0B / 4.46MB   117
2025-02-17 06:36:47.663105
CONTAINER ID   NAME         CPU %      MEM USAGE / LIMIT   MEM %     NET I/O   BLOCK I/O     PIDS
f1b2ce1d6881   pbbs_nBody   1510.82%   96GiB / 96GiB       100.00%   0B / 0B   750MB / 0B    52
46b3f991a640   x265         4556.39%   2.917GiB / 96GiB    3.04%     0B / 0B   0B / 4.46MB   117
2025-02-17 06:36:49.670824
CONTAINER ID   NAME         CPU %      MEM USAGE / LIMIT   MEM %     NET I/O   BLOCK I/O     PIDS
f1b2ce1d6881   pbbs_nBody   2016.06%   96GiB / 96GiB       100.00%   0B / 0B   751MB / 0B    52
46b3f991a640   x265         4635.68%   2.924GiB / 96GiB    3.05%     0B / 0B   0B / 4.46MB   117
2025-02-17 06:36:51.680313
CONTAINER ID   NAME         CPU %      MEM USAGE / LIMIT   MEM %     NET I/O   BLOCK I/O     PIDS
f1b2ce1d6881   pbbs_nBody   2087.63%   96GiB / 96GiB       100.00%   0B / 0B   751MB / 0B    52
46b3f991a640   x265         4504.26%   2.924GiB / 96GiB    3.05%     0B / 0B   0B / 4.46MB   117
2025-02-17 06:36:53.688763
CONTAINER ID   NAME         CPU %      MEM USAGE / LIMIT   MEM %     NET I/O   BLOCK I/O     PIDS
f1b2ce1d6881   pbbs_nBody   2139.39%   96GiB / 96GiB       100.00%   0B / 0B   751MB / 0B    52
46b3f991a640   x265         4506.48%   2.924GiB / 96GiB    3.05%     0B / 0B   0B / 4.46MB   117
2025-02-17 06:36:55.697250
CONTAINER ID   NAME         CPU %      MEM USAGE / LIMIT   MEM %     NET I/O   BLOCK I/O     PIDS
f1b2ce1d6881   pbbs_nBody   2063.05%   96GiB / 96GiB       100.00%   0B / 0B   751MB / 0B    52
46b3f991a640   x265         4578.94%   2.924GiB / 96GiB    3.05%     0B / 0B   0B / 4.46MB   117
2025-02-17 06:36:57.706037
CONTAINER ID   NAME         CPU %      MEM USAGE / LIMIT   MEM %     NET I/O   BLOCK I/O     PIDS
f1b2ce1d6881   pbbs_nBody   2195.60%   96GiB / 96GiB       100.00%   0B / 0B   751MB / 0B    52
46b3f991a640   x265         4562.61%   2.924GiB / 96GiB    3.05%     0B / 0B   0B / 4.46MB   117
2025-02-17 06:36:59.715243
CONTAINER ID   NAME         CPU %      MEM USAGE / LIMIT   MEM %     NET I/O   BLOCK I/O     PIDS
f1b2ce1d6881   pbbs_nBody   2106.87%   96GiB / 96GiB       100.00%   0B / 0B   751MB / 0B    52
46b3f991a640   x265         4452.33%   2.924GiB / 96GiB    3.05%     0B / 0B   0B / 4.46MB   117
2025-02-17 06:37:01.725265
CONTAINER ID   NAME         CPU %      MEM USAGE / LIMIT   MEM %     NET I/O   BLOCK I/O     PIDS
f1b2ce1d6881   pbbs_nBody   2204.47%   96GiB / 96GiB       100.00%   0B / 0B   751MB / 0B    52
46b3f991a640   x265         4074.38%   2.931GiB / 96GiB    3.05%     0B / 0B   0B / 4.46MB   117
2025-02-17 06:37:03.733707
CONTAINER ID   NAME         CPU %      MEM USAGE / LIMIT   MEM %     NET I/O   BLOCK I/O     PIDS
f1b2ce1d6881   pbbs_nBody   1714.26%   96GiB / 96GiB       100.00%   0B / 0B   751MB / 0B    52
46b3f991a640   x265         5097.72%   2.941GiB / 96GiB    3.06%     0B / 0B   0B / 4.46MB   117
2025-02-17 06:37:05.741350
CONTAINER ID   NAME         CPU %      MEM USAGE / LIMIT   MEM %     NET I/O   BLOCK I/O     PIDS
f1b2ce1d6881   pbbs_nBody   3282.56%   96GiB / 96GiB       100.00%   0B / 0B   755MB / 0B    52
46b3f991a640   x265         4339.63%   2.971GiB / 96GiB    3.09%     0B / 0B   0B / 4.46MB   117
2025-02-17 06:37:07.748544
CONTAINER ID   NAME         CPU %      MEM USAGE / LIMIT   MEM %     NET I/O   BLOCK I/O     PIDS
f1b2ce1d6881   pbbs_nBody   14.08%     96GiB / 96GiB       100.00%   0B / 0B   809MB / 0B    52
46b3f991a640   x265         4686.92%   2.978GiB / 96GiB    3.10%     0B / 0B   0B / 4.46MB   117
2025-02-17 06:37:09.759450
CONTAINER ID   NAME         CPU %      MEM USAGE / LIMIT   MEM %     NET I/O   BLOCK I/O     PIDS
f1b2ce1d6881   pbbs_nBody   1485.99%   96GiB / 96GiB       100.00%   0B / 0B   941MB / 0B    52
46b3f991a640   x265         4245.70%   2.978GiB / 96GiB    3.10%     0B / 0B   0B / 4.46MB   115
2025-02-17 06:37:11.768919
CONTAINER ID   NAME         CPU %     MEM USAGE / LIMIT   MEM %     NET I/O   BLOCK I/O     PIDS
f1b2ce1d6881   pbbs_nBody   29.43%    95GiB / 96GiB       98.96%    0B / 0B   1.08GB / 0B   5
46b3f991a640   x265         769.83%   2.797MiB / 96GiB    0.00%     0B / 0B   0B / 4.5MB    1
2025-02-17 06:37:13.778648
CONTAINER ID   NAME         CPU %     MEM USAGE / LIMIT   MEM %     NET I/O   BLOCK I/O     PIDS
f1b2ce1d6881   pbbs_nBody   99.69%    70.05GiB / 96GiB    72.96%    0B / 0B   1.09GB / 0B   5
46b3f991a640   x265         0.00%     2.742MiB / 96GiB    0.00%     0B / 0B   0B / 4.5MB    1
2025-02-17 06:37:15.789586
CONTAINER ID   NAME         CPU %     MEM USAGE / LIMIT   MEM %     NET I/O   BLOCK I/O     PIDS
f1b2ce1d6881   pbbs_nBody   99.66%    31.99GiB / 96GiB    33.32%    0B / 0B   1.09GB / 0B   5
46b3f991a640   x265         0.00%     2.672MiB / 96GiB    0.00%     0B / 0B   0B / 4.5MB    1
2025-02-17 06:37:17.807475
CONTAINER ID   NAME         CPU %     MEM USAGE / LIMIT   MEM %     NET I/O   BLOCK I/O     PIDS
f1b2ce1d6881   pbbs_nBody   99.66%    1.404GiB / 96GiB    1.46%     0B / 0B   1.09GB / 0B   5
46b3f991a640   x265         0.00%     1.922MiB / 96GiB    0.00%     0B / 0B   0B / 4.5MB    1
2025-02-17 06:37:19.815992
CONTAINER ID   NAME      CPU %     MEM USAGE / LIMIT   MEM %     NET I/O   BLOCK I/O    PIDS
46b3f991a640   x265      0.00%     1.75MiB / 96GiB     0.00%     0B / 0B   0B / 4.5MB   1
2025-02-17 06:37:21.821257
CONTAINER ID   NAME      CPU %     MEM USAGE / LIMIT   MEM %     NET I/O   BLOCK I/O   PIDS
