2025-02-17 11:07:03.883784
CONTAINER ID   NAME      CPU %     MEM USAGE / LIMIT   MEM %     NET I/O   BLOCK I/O   PIDS
2025-02-17 11:07:04.505550
CONTAINER ID   NAME      CPU %     MEM USAGE / LIMIT   MEM %     NET I/O   BLOCK I/O   PIDS
2025-02-17 11:07:05.124397
CONTAINER ID   NAME      CPU %     MEM USAGE / LIMIT   MEM %     NET I/O   BLOCK I/O   PIDS
2025-02-17 11:07:05.745102
CONTAINER ID   NAME      CPU %     MEM USAGE / LIMIT   MEM %     NET I/O   BLOCK I/O   PIDS
2025-02-17 11:07:06.364443
CONTAINER ID   NAME      CPU %     MEM USAGE / LIMIT   MEM %     NET I/O   BLOCK I/O   PIDS
2025-02-17 11:07:06.983204
CONTAINER ID   NAME      CPU %     MEM USAGE / LIMIT   MEM %     NET I/O   BLOCK I/O   PIDS
2025-02-17 11:07:07.601018
CONTAINER ID   NAME      CPU %     MEM USAGE / LIMIT   MEM %     NET I/O   BLOCK I/O   PIDS
2025-02-17 11:07:08.217648
CONTAINER ID   NAME      CPU %     MEM USAGE / LIMIT   MEM %     NET I/O   BLOCK I/O   PIDS
2025-02-17 11:07:08.836506
CONTAINER ID   NAME      CPU %     MEM USAGE / LIMIT   MEM %     NET I/O   BLOCK I/O   PIDS
2025-02-17 11:07:09.456218
CONTAINER ID   NAME      CPU %     MEM USAGE / LIMIT   MEM %     NET I/O   BLOCK I/O   PIDS
2025-02-17 11:07:10.072906
CONTAINER ID   NAME      CPU %     MEM USAGE / LIMIT   MEM %     NET I/O   BLOCK I/O   PIDS
2025-02-17 11:07:10.691818
CONTAINER ID   NAME      CPU %     MEM USAGE / LIMIT   MEM %     NET I/O   BLOCK I/O   PIDS
2025-02-17 11:07:11.308559
CONTAINER ID   NAME      CPU %     MEM USAGE / LIMIT   MEM %     NET I/O   BLOCK I/O   PIDS
2025-02-17 11:07:11.927206
CONTAINER ID   NAME      CPU %     MEM USAGE / LIMIT   MEM %     NET I/O   BLOCK I/O   PIDS
2025-02-17 11:07:12.544991
CONTAINER ID   NAME      CPU %     MEM USAGE / LIMIT   MEM %     NET I/O   BLOCK I/O   PIDS
2025-02-17 11:07:13.165414
CONTAINER ID   NAME      CPU %     MEM USAGE / LIMIT   MEM %     NET I/O   BLOCK I/O   PIDS
2025-02-17 11:07:13.783831
CONTAINER ID   NAME      CPU %     MEM USAGE / LIMIT   MEM %     NET I/O   BLOCK I/O   PIDS
2025-02-17 11:07:14.403009
CONTAINER ID   NAME      CPU %     MEM USAGE / LIMIT   MEM %     NET I/O   BLOCK I/O   PIDS
2025-02-17 11:07:15.020353
CONTAINER ID   NAME      CPU %     MEM USAGE / LIMIT   MEM %     NET I/O   BLOCK I/O   PIDS
2025-02-17 11:07:15.638760
CONTAINER ID   NAME      CPU %     MEM USAGE / LIMIT   MEM %     NET I/O   BLOCK I/O   PIDS
2025-02-17 11:07:16.255929
CONTAINER ID   NAME      CPU %     MEM USAGE / LIMIT   MEM %     NET I/O   BLOCK I/O   PIDS
2025-02-17 11:07:16.874125
CONTAINER ID   NAME      CPU %     MEM USAGE / LIMIT   MEM %     NET I/O   BLOCK I/O   PIDS
2025-02-17 11:07:17.491350
CONTAINER ID   NAME      CPU %     MEM USAGE / LIMIT   MEM %     NET I/O   BLOCK I/O   PIDS
2025-02-17 11:07:18.108121
CONTAINER ID   NAME      CPU %     MEM USAGE / LIMIT   MEM %     NET I/O   BLOCK I/O   PIDS
2025-02-17 11:07:18.725617
CONTAINER ID   NAME      CPU %     MEM USAGE / LIMIT   MEM %     NET I/O   BLOCK I/O   PIDS
2025-02-17 11:07:19.342657
CONTAINER ID   NAME      CPU %     MEM USAGE / LIMIT   MEM %     NET I/O   BLOCK I/O   PIDS
2025-02-17 11:07:19.960008
CONTAINER ID   NAME      CPU %     MEM USAGE / LIMIT   MEM %     NET I/O   BLOCK I/O   PIDS
2025-02-17 11:07:20.581225
CONTAINER ID   NAME      CPU %     MEM USAGE / LIMIT   MEM %     NET I/O   BLOCK I/O   PIDS
2025-02-17 11:07:21.200109
CONTAINER ID   NAME      CPU %     MEM USAGE / LIMIT   MEM %     NET I/O   BLOCK I/O   PIDS
2025-02-17 11:07:21.817109
CONTAINER ID   NAME      CPU %     MEM USAGE / LIMIT   MEM %     NET I/O   BLOCK I/O   PIDS
2025-02-17 11:07:22.436884
CONTAINER ID   NAME      CPU %     MEM USAGE / LIMIT   MEM %     NET I/O   BLOCK I/O   PIDS
2025-02-17 11:07:23.056074
CONTAINER ID   NAME      CPU %     MEM USAGE / LIMIT   MEM %     NET I/O   BLOCK I/O   PIDS
2025-02-17 11:07:23.673291
CONTAINER ID   NAME      CPU %     MEM USAGE / LIMIT   MEM %     NET I/O   BLOCK I/O   PIDS
               --        0.00%     0B / 0B             0.00%     0B / 0B   0B / 0B     0
               --        0.00%     0B / 0B             0.00%     0B / 0B   0B / 0B     0
2025-02-17 11:07:24.294346
CONTAINER ID   NAME              CPU %      MEM USAGE / LIMIT   MEM %     NET I/O   BLOCK I/O        PIDS
256bc1a4c231   pbbs_convexHull   4812.39%   23.54GiB / 96GiB    24.52%    0B / 0B   467kB / 0B       52
bef9ce540d77   spark             326.43%    284.6MiB / 96GiB    0.29%     0B / 0B   4.1kB / 32.8kB   61
2025-02-17 11:07:26.632554
CONTAINER ID   NAME              CPU %     MEM USAGE / LIMIT   MEM %     NET I/O   BLOCK I/O         PIDS
256bc1a4c231   pbbs_convexHull   36.61%    34.54GiB / 96GiB    35.98%    0B / 0B   548MB / 0B        52
bef9ce540d77   spark             367.25%   477.1MiB / 96GiB    0.49%     0B / 0B   20.5kB / 32.8kB   117
2025-02-17 11:07:28.644865
CONTAINER ID   NAME              CPU %     MEM USAGE / LIMIT   MEM %     NET I/O   BLOCK I/O         PIDS
256bc1a4c231   pbbs_convexHull   38.54%    34.54GiB / 96GiB    35.98%    0B / 0B   1.55GB / 0B       52
bef9ce540d77   spark             238.84%   640.2MiB / 96GiB    0.65%     0B / 0B   20.5kB / 32.8kB   117
2025-02-17 11:07:30.655890
CONTAINER ID   NAME              CPU %     MEM USAGE / LIMIT   MEM %     NET I/O   BLOCK I/O         PIDS
256bc1a4c231   pbbs_convexHull   31.10%    34.55GiB / 96GiB    35.99%    0B / 0B   2.41GB / 0B       52
bef9ce540d77   spark             459.30%   909.8MiB / 96GiB    0.93%     0B / 0B   20.5kB / 32.8kB   117
2025-02-17 11:07:32.666492
CONTAINER ID   NAME              CPU %     MEM USAGE / LIMIT   MEM %     NET I/O   BLOCK I/O         PIDS
256bc1a4c231   pbbs_convexHull   26.20%    34.55GiB / 96GiB    35.99%    0B / 0B   3.09GB / 0B       52
bef9ce540d77   spark             869.12%   1.213GiB / 96GiB    1.26%     0B / 0B   61.4kB / 32.8kB   126
2025-02-17 11:07:34.679771
CONTAINER ID   NAME              CPU %     MEM USAGE / LIMIT   MEM %     NET I/O   BLOCK I/O        PIDS
256bc1a4c231   pbbs_convexHull   24.46%    34.55GiB / 96GiB    35.99%    0B / 0B   3.78GB / 0B      52
bef9ce540d77   spark             947.97%   2.368GiB / 96GiB    2.47%     0B / 0B   115kB / 32.8kB   134
2025-02-17 11:07:36.690268
CONTAINER ID   NAME              CPU %     MEM USAGE / LIMIT   MEM %     NET I/O   BLOCK I/O        PIDS
256bc1a4c231   pbbs_convexHull   31.92%    34.55GiB / 96GiB    35.99%    0B / 0B   4.56GB / 0B      52
bef9ce540d77   spark             835.43%   2.439GiB / 96GiB    2.54%     0B / 0B   123kB / 32.8kB   134
2025-02-17 11:07:38.703557
CONTAINER ID   NAME              CPU %     MEM USAGE / LIMIT   MEM %     NET I/O   BLOCK I/O        PIDS
256bc1a4c231   pbbs_convexHull   34.72%    34.55GiB / 96GiB    35.99%    0B / 0B   5.57GB / 0B      52
bef9ce540d77   spark             841.22%   2.466GiB / 96GiB    2.57%     0B / 0B   143kB / 32.8kB   135
2025-02-17 11:07:40.717706
CONTAINER ID   NAME              CPU %     MEM USAGE / LIMIT   MEM %     NET I/O   BLOCK I/O        PIDS
256bc1a4c231   pbbs_convexHull   30.66%    34.55GiB / 96GiB    35.99%    0B / 0B   6.57GB / 0B      52
bef9ce540d77   spark             859.37%   2.475GiB / 96GiB    2.58%     0B / 0B   152kB / 32.8kB   135
2025-02-17 11:07:42.729028
CONTAINER ID   NAME              CPU %     MEM USAGE / LIMIT   MEM %     NET I/O   BLOCK I/O        PIDS
256bc1a4c231   pbbs_convexHull   23.76%    34.56GiB / 96GiB    36.00%    0B / 0B   7.26GB / 0B      52
bef9ce540d77   spark             971.79%   2.471GiB / 96GiB    2.57%     0B / 0B   152kB / 32.8kB   135
2025-02-17 11:07:44.740702
CONTAINER ID   NAME              CPU %     MEM USAGE / LIMIT   MEM %     NET I/O   BLOCK I/O        PIDS
256bc1a4c231   pbbs_convexHull   24.76%    34.56GiB / 96GiB    36.00%    0B / 0B   7.95GB / 0B      52
bef9ce540d77   spark             834.36%   2.491GiB / 96GiB    2.59%     0B / 0B   156kB / 32.8kB   135
2025-02-17 11:07:46.753486
CONTAINER ID   NAME              CPU %     MEM USAGE / LIMIT   MEM %     NET I/O   BLOCK I/O        PIDS
256bc1a4c231   pbbs_convexHull   27.21%    34.56GiB / 96GiB    36.00%    0B / 0B   8.68GB / 0B      52
bef9ce540d77   spark             876.99%   2.492GiB / 96GiB    2.60%     0B / 0B   156kB / 32.8kB   135
2025-02-17 11:07:48.765532
CONTAINER ID   NAME              CPU %     MEM USAGE / LIMIT   MEM %     NET I/O   BLOCK I/O        PIDS
256bc1a4c231   pbbs_convexHull   34.41%    34.56GiB / 96GiB    36.00%    0B / 0B   9.69GB / 0B      52
bef9ce540d77   spark             851.03%   2.479GiB / 96GiB    2.58%     0B / 0B   156kB / 32.8kB   135
2025-02-17 11:07:50.779874
CONTAINER ID   NAME              CPU %     MEM USAGE / LIMIT   MEM %     NET I/O   BLOCK I/O        PIDS
256bc1a4c231   pbbs_convexHull   34.76%    34.56GiB / 96GiB    36.00%    0B / 0B   10.7GB / 0B      52
bef9ce540d77   spark             953.39%   2.48GiB / 96GiB     2.58%     0B / 0B   156kB / 32.8kB   135
2025-02-17 11:07:52.791252
CONTAINER ID   NAME              CPU %     MEM USAGE / LIMIT   MEM %     NET I/O   BLOCK I/O        PIDS
256bc1a4c231   pbbs_convexHull   24.80%    34.57GiB / 96GiB    36.01%    0B / 0B   11.5GB / 0B      52
bef9ce540d77   spark             835.88%   2.481GiB / 96GiB    2.58%     0B / 0B   164kB / 32.8kB   135
2025-02-17 11:07:54.804993
CONTAINER ID   NAME              CPU %     MEM USAGE / LIMIT   MEM %     NET I/O   BLOCK I/O        PIDS
256bc1a4c231   pbbs_convexHull   24.46%    34.57GiB / 96GiB    36.01%    0B / 0B   12.2GB / 0B      52
bef9ce540d77   spark             839.68%   2.482GiB / 96GiB    2.59%     0B / 0B   176kB / 32.8kB   135
2025-02-17 11:07:56.817457
CONTAINER ID   NAME              CPU %     MEM USAGE / LIMIT   MEM %     NET I/O   BLOCK I/O        PIDS
256bc1a4c231   pbbs_convexHull   23.90%    34.57GiB / 96GiB    36.01%    0B / 0B   12.9GB / 0B      52
bef9ce540d77   spark             828.05%   2.482GiB / 96GiB    2.59%     0B / 0B   184kB / 32.8kB   135
2025-02-17 11:07:58.831846
CONTAINER ID   NAME              CPU %     MEM USAGE / LIMIT   MEM %     NET I/O   BLOCK I/O        PIDS
256bc1a4c231   pbbs_convexHull   34.71%    34.57GiB / 96GiB    36.01%    0B / 0B   14GB / 0B        52
bef9ce540d77   spark             828.08%   2.485GiB / 96GiB    2.59%     0B / 0B   184kB / 32.8kB   135
2025-02-17 11:08:00.843652
CONTAINER ID   NAME              CPU %     MEM USAGE / LIMIT   MEM %     NET I/O   BLOCK I/O        PIDS
256bc1a4c231   pbbs_convexHull   32.48%    34.57GiB / 96GiB    36.01%    0B / 0B   15GB / 0B        52
bef9ce540d77   spark             849.04%   2.486GiB / 96GiB    2.59%     0B / 0B   188kB / 32.8kB   135
2025-02-17 11:08:02.855682
CONTAINER ID   NAME              CPU %     MEM USAGE / LIMIT   MEM %     NET I/O   BLOCK I/O        PIDS
256bc1a4c231   pbbs_convexHull   25.13%    34.57GiB / 96GiB    36.01%    0B / 0B   15.7GB / 0B      52
bef9ce540d77   spark             832.55%   2.486GiB / 96GiB    2.59%     0B / 0B   188kB / 32.8kB   135
2025-02-17 11:08:04.868870
CONTAINER ID   NAME              CPU %     MEM USAGE / LIMIT   MEM %     NET I/O   BLOCK I/O        PIDS
256bc1a4c231   pbbs_convexHull   24.79%    34.58GiB / 96GiB    36.02%    0B / 0B   16.4GB / 0B      52
bef9ce540d77   spark             845.56%   2.488GiB / 96GiB    2.59%     0B / 0B   188kB / 32.8kB   135
2025-02-17 11:08:06.880736
CONTAINER ID   NAME              CPU %     MEM USAGE / LIMIT   MEM %     NET I/O   BLOCK I/O        PIDS
256bc1a4c231   pbbs_convexHull   24.60%    34.58GiB / 96GiB    36.02%    0B / 0B   17.2GB / 0B      52
bef9ce540d77   spark             834.79%   2.488GiB / 96GiB    2.59%     0B / 0B   188kB / 32.8kB   135
2025-02-17 11:08:08.892312
CONTAINER ID   NAME              CPU %     MEM USAGE / LIMIT   MEM %     NET I/O   BLOCK I/O        PIDS
256bc1a4c231   pbbs_convexHull   34.80%    34.58GiB / 96GiB    36.02%    0B / 0B   18.2GB / 0B      52
bef9ce540d77   spark             825.98%   2.489GiB / 96GiB    2.59%     0B / 0B   188kB / 32.8kB   135
2025-02-17 11:08:10.905602
CONTAINER ID   NAME              CPU %     MEM USAGE / LIMIT   MEM %     NET I/O   BLOCK I/O        PIDS
256bc1a4c231   pbbs_convexHull   35.06%    34.58GiB / 96GiB    36.02%    0B / 0B   19.2GB / 0B      52
bef9ce540d77   spark             825.23%   2.49GiB / 96GiB     2.59%     0B / 0B   188kB / 32.8kB   135
2025-02-17 11:08:12.918032
CONTAINER ID   NAME              CPU %     MEM USAGE / LIMIT   MEM %     NET I/O   BLOCK I/O        PIDS
256bc1a4c231   pbbs_convexHull   23.28%    34.58GiB / 96GiB    36.02%    0B / 0B   20GB / 0B        52
bef9ce540d77   spark             828.60%   2.49GiB / 96GiB     2.59%     0B / 0B   188kB / 32.8kB   135
2025-02-17 11:08:14.936123
CONTAINER ID   NAME              CPU %     MEM USAGE / LIMIT   MEM %     NET I/O   BLOCK I/O        PIDS
256bc1a4c231   pbbs_convexHull   23.66%    34.58GiB / 96GiB    36.03%    0B / 0B   20.7GB / 0B      52
bef9ce540d77   spark             822.12%   2.491GiB / 96GiB    2.59%     0B / 0B   188kB / 32.8kB   135
2025-02-17 11:08:16.950316
CONTAINER ID   NAME              CPU %     MEM USAGE / LIMIT   MEM %     NET I/O   BLOCK I/O        PIDS
256bc1a4c231   pbbs_convexHull   23.42%    34.59GiB / 96GiB    36.03%    0B / 0B   21.4GB / 0B      52
bef9ce540d77   spark             818.85%   2.491GiB / 96GiB    2.60%     0B / 0B   188kB / 32.8kB   135
2025-02-17 11:08:18.961394
CONTAINER ID   NAME              CPU %     MEM USAGE / LIMIT   MEM %     NET I/O   BLOCK I/O        PIDS
256bc1a4c231   pbbs_convexHull   34.57%    34.59GiB / 96GiB    36.03%    0B / 0B   22.4GB / 0B      52
bef9ce540d77   spark             826.56%   2.494GiB / 96GiB    2.60%     0B / 0B   188kB / 32.8kB   135
2025-02-17 11:08:20.974506
CONTAINER ID   NAME              CPU %     MEM USAGE / LIMIT   MEM %     NET I/O   BLOCK I/O        PIDS
256bc1a4c231   pbbs_convexHull   35.10%    34.59GiB / 96GiB    36.03%    0B / 0B   23.4GB / 0B      52
bef9ce540d77   spark             820.88%   2.495GiB / 96GiB    2.60%     0B / 0B   188kB / 32.8kB   135
2025-02-17 11:08:22.986799
CONTAINER ID   NAME              CPU %     MEM USAGE / LIMIT   MEM %     NET I/O   BLOCK I/O        PIDS
256bc1a4c231   pbbs_convexHull   23.69%    34.59GiB / 96GiB    36.03%    0B / 0B   24.2GB / 0B      52
bef9ce540d77   spark             831.57%   2.497GiB / 96GiB    2.60%     0B / 0B   188kB / 32.8kB   135
2025-02-17 11:08:25.000874
CONTAINER ID   NAME              CPU %     MEM USAGE / LIMIT   MEM %     NET I/O   BLOCK I/O        PIDS
256bc1a4c231   pbbs_convexHull   24.60%    34.59GiB / 96GiB    36.03%    0B / 0B   24.9GB / 0B      52
bef9ce540d77   spark             827.72%   2.499GiB / 96GiB    2.60%     0B / 0B   188kB / 32.8kB   135
2025-02-17 11:08:27.010695
CONTAINER ID   NAME              CPU %     MEM USAGE / LIMIT   MEM %     NET I/O   BLOCK I/O        PIDS
256bc1a4c231   pbbs_convexHull   24.74%    34.6GiB / 96GiB     36.04%    0B / 0B   25.7GB / 0B      52
bef9ce540d77   spark             823.44%   2.5GiB / 96GiB      2.60%     0B / 0B   188kB / 32.8kB   135
2025-02-17 11:08:29.023391
CONTAINER ID   NAME              CPU %     MEM USAGE / LIMIT   MEM %     NET I/O   BLOCK I/O        PIDS
256bc1a4c231   pbbs_convexHull   34.64%    34.6GiB / 96GiB     36.04%    0B / 0B   26.6GB / 0B      52
bef9ce540d77   spark             819.16%   2.501GiB / 96GiB    2.60%     0B / 0B   188kB / 32.8kB   135
2025-02-17 11:08:31.035089
CONTAINER ID   NAME              CPU %     MEM USAGE / LIMIT   MEM %     NET I/O   BLOCK I/O        PIDS
256bc1a4c231   pbbs_convexHull   33.98%    34.6GiB / 96GiB     36.04%    0B / 0B   27.7GB / 0B      52
bef9ce540d77   spark             819.30%   2.5GiB / 96GiB      2.60%     0B / 0B   188kB / 32.8kB   135
2025-02-17 11:08:33.046924
CONTAINER ID   NAME              CPU %     MEM USAGE / LIMIT   MEM %     NET I/O   BLOCK I/O        PIDS
256bc1a4c231   pbbs_convexHull   25.10%    34.6GiB / 96GiB     36.04%    0B / 0B   28.5GB / 0B      52
bef9ce540d77   spark             842.25%   2.512GiB / 96GiB    2.62%     0B / 0B   188kB / 32.8kB   130
2025-02-17 11:08:35.058636
CONTAINER ID   NAME              CPU %     MEM USAGE / LIMIT   MEM %     NET I/O   BLOCK I/O        PIDS
256bc1a4c231   pbbs_convexHull   24.54%    34.6GiB / 96GiB     36.04%    0B / 0B   29.2GB / 0B      52
bef9ce540d77   spark             832.14%   2.514GiB / 96GiB    2.62%     0B / 0B   188kB / 32.8kB   130
2025-02-17 11:08:37.071122
CONTAINER ID   NAME              CPU %     MEM USAGE / LIMIT   MEM %     NET I/O   BLOCK I/O        PIDS
256bc1a4c231   pbbs_convexHull   23.48%    34.6GiB / 96GiB     36.05%    0B / 0B   29.9GB / 0B      52
bef9ce540d77   spark             824.69%   2.515GiB / 96GiB    2.62%     0B / 0B   188kB / 32.8kB   130
2025-02-17 11:08:39.083276
CONTAINER ID   NAME              CPU %     MEM USAGE / LIMIT   MEM %     NET I/O   BLOCK I/O        PIDS
256bc1a4c231   pbbs_convexHull   34.81%    34.61GiB / 96GiB    36.05%    0B / 0B   30.9GB / 0B      52
bef9ce540d77   spark             811.37%   2.515GiB / 96GiB    2.62%     0B / 0B   188kB / 32.8kB   129
2025-02-17 11:08:41.095582
CONTAINER ID   NAME              CPU %     MEM USAGE / LIMIT   MEM %     NET I/O   BLOCK I/O        PIDS
256bc1a4c231   pbbs_convexHull   32.42%    34.61GiB / 96GiB    36.05%    0B / 0B   31.9GB / 0B      52
bef9ce540d77   spark             814.82%   2.516GiB / 96GiB    2.62%     0B / 0B   188kB / 32.8kB   129
2025-02-17 11:08:43.108915
CONTAINER ID   NAME              CPU %     MEM USAGE / LIMIT   MEM %     NET I/O   BLOCK I/O        PIDS
256bc1a4c231   pbbs_convexHull   23.96%    34.61GiB / 96GiB    36.05%    0B / 0B   32.7GB / 0B      52
bef9ce540d77   spark             819.59%   2.517GiB / 96GiB    2.62%     0B / 0B   188kB / 32.8kB   129
2025-02-17 11:08:45.122030
CONTAINER ID   NAME              CPU %     MEM USAGE / LIMIT   MEM %     NET I/O   BLOCK I/O        PIDS
256bc1a4c231   pbbs_convexHull   23.95%    34.61GiB / 96GiB    36.05%    0B / 0B   33.4GB / 0B      52
bef9ce540d77   spark             789.66%   2.52GiB / 96GiB     2.62%     0B / 0B   188kB / 32.8kB   129
2025-02-17 11:08:47.134080
CONTAINER ID   NAME              CPU %     MEM USAGE / LIMIT   MEM %     NET I/O   BLOCK I/O        PIDS
256bc1a4c231   pbbs_convexHull   26.76%    34.61GiB / 96GiB    36.06%    0B / 0B   34.2GB / 0B      52
bef9ce540d77   spark             144.32%   2.524GiB / 96GiB    2.63%     0B / 0B   188kB / 32.8kB   130
2025-02-17 11:08:49.146824
CONTAINER ID   NAME              CPU %     MEM USAGE / LIMIT   MEM %     NET I/O   BLOCK I/O        PIDS
256bc1a4c231   pbbs_convexHull   37.82%    34.62GiB / 96GiB    36.06%    0B / 0B   35GB / 0B        52
bef9ce540d77   spark             0.16%     2.523GiB / 96GiB    2.63%     0B / 0B   188kB / 32.8kB   130
2025-02-17 11:08:51.157558
CONTAINER ID   NAME              CPU %     MEM USAGE / LIMIT   MEM %     NET I/O   BLOCK I/O        PIDS
256bc1a4c231   pbbs_convexHull   37.77%    34.62GiB / 96GiB    36.06%    0B / 0B   36GB / 0B        52
bef9ce540d77   spark             0.07%     2.523GiB / 96GiB    2.63%     0B / 0B   188kB / 32.8kB   130
2025-02-17 11:08:53.169915
CONTAINER ID   NAME              CPU %     MEM USAGE / LIMIT   MEM %     NET I/O   BLOCK I/O        PIDS
256bc1a4c231   pbbs_convexHull   31.27%    34.62GiB / 96GiB    36.06%    0B / 0B   36.8GB / 0B      52
bef9ce540d77   spark             0.10%     2.523GiB / 96GiB    2.63%     0B / 0B   188kB / 32.8kB   130
2025-02-17 11:08:55.179657
CONTAINER ID   NAME              CPU %      MEM USAGE / LIMIT   MEM %     NET I/O   BLOCK I/O        PIDS
256bc1a4c231   pbbs_convexHull   4810.78%   34.62GiB / 96GiB    36.06%    0B / 0B   37GB / 0B        52
bef9ce540d77   spark             0.09%      2.522GiB / 96GiB    2.63%     0B / 0B   188kB / 32.8kB   130
2025-02-17 11:08:57.190512
CONTAINER ID   NAME              CPU %      MEM USAGE / LIMIT   MEM %     NET I/O   BLOCK I/O        PIDS
256bc1a4c231   pbbs_convexHull   4781.05%   50.72GiB / 96GiB    52.83%    0B / 0B   37GB / 0B        52
bef9ce540d77   spark             0.12%      2.521GiB / 96GiB    2.63%     0B / 0B   188kB / 32.8kB   130
2025-02-17 11:08:59.199960
CONTAINER ID   NAME              CPU %      MEM USAGE / LIMIT   MEM %     NET I/O   BLOCK I/O        PIDS
256bc1a4c231   pbbs_convexHull   4803.59%   64.09GiB / 96GiB    66.76%    0B / 0B   37GB / 0B        52
bef9ce540d77   spark             0.19%      2.521GiB / 96GiB    2.63%     0B / 0B   188kB / 32.8kB   130
2025-02-17 11:09:01.208394
CONTAINER ID   NAME              CPU %      MEM USAGE / LIMIT   MEM %     NET I/O   BLOCK I/O        PIDS
256bc1a4c231   pbbs_convexHull   4767.96%   69.32GiB / 96GiB    72.20%    0B / 0B   37GB / 0B        52
bef9ce540d77   spark             0.11%      2.521GiB / 96GiB    2.63%     0B / 0B   188kB / 32.8kB   130
2025-02-17 11:09:03.216519
CONTAINER ID   NAME              CPU %      MEM USAGE / LIMIT   MEM %     NET I/O   BLOCK I/O        PIDS
256bc1a4c231   pbbs_convexHull   4794.03%   74.82GiB / 96GiB    77.94%    0B / 0B   37GB / 0B        52
bef9ce540d77   spark             0.13%      2.521GiB / 96GiB    2.63%     0B / 0B   188kB / 32.8kB   130
2025-02-17 11:09:05.224513
CONTAINER ID   NAME              CPU %      MEM USAGE / LIMIT   MEM %     NET I/O   BLOCK I/O        PIDS
256bc1a4c231   pbbs_convexHull   4785.10%   80.68GiB / 96GiB    84.04%    0B / 0B   37GB / 0B        52
bef9ce540d77   spark             0.10%      2.521GiB / 96GiB    2.63%     0B / 0B   188kB / 32.8kB   130
2025-02-17 11:09:07.231805
CONTAINER ID   NAME              CPU %      MEM USAGE / LIMIT   MEM %     NET I/O   BLOCK I/O        PIDS
256bc1a4c231   pbbs_convexHull   4787.41%   86.69GiB / 96GiB    90.31%    0B / 0B   37GB / 0B        52
bef9ce540d77   spark             0.09%      2.52GiB / 96GiB     2.63%     0B / 0B   188kB / 32.8kB   130
2025-02-17 11:09:09.237675
CONTAINER ID   NAME              CPU %      MEM USAGE / LIMIT   MEM %     NET I/O   BLOCK I/O        PIDS
256bc1a4c231   pbbs_convexHull   4776.34%   92.93GiB / 96GiB    96.80%    0B / 0B   37GB / 0B        52
bef9ce540d77   spark             0.17%      2.52GiB / 96GiB     2.63%     0B / 0B   188kB / 32.8kB   130
2025-02-17 11:09:11.245433
CONTAINER ID   NAME              CPU %      MEM USAGE / LIMIT   MEM %     NET I/O   BLOCK I/O        PIDS
256bc1a4c231   pbbs_convexHull   4754.82%   96GiB / 96GiB       100.00%   0B / 0B   37GB / 0B        52
bef9ce540d77   spark             0.21%      2.52GiB / 96GiB     2.63%     0B / 0B   188kB / 32.8kB   130
2025-02-17 11:09:13.303150
CONTAINER ID   NAME              CPU %      MEM USAGE / LIMIT   MEM %     NET I/O   BLOCK I/O        PIDS
256bc1a4c231   pbbs_convexHull   4815.59%   96GiB / 96GiB       100.00%   0B / 0B   37GB / 0B        52
bef9ce540d77   spark             0.50%      2.52GiB / 96GiB     2.63%     0B / 0B   188kB / 32.8kB   130
2025-02-17 11:09:15.336889
CONTAINER ID   NAME              CPU %      MEM USAGE / LIMIT   MEM %     NET I/O   BLOCK I/O        PIDS
256bc1a4c231   pbbs_convexHull   4785.53%   96GiB / 96GiB       100.00%   0B / 0B   37GB / 0B        52
bef9ce540d77   spark             0.22%      2.52GiB / 96GiB     2.63%     0B / 0B   188kB / 32.8kB   130
2025-02-17 11:09:17.374135
CONTAINER ID   NAME              CPU %      MEM USAGE / LIMIT   MEM %     NET I/O   BLOCK I/O        PIDS
256bc1a4c231   pbbs_convexHull   3315.95%   96GiB / 96GiB       100.00%   0B / 0B   37GB / 0B        52
bef9ce540d77   spark             0.26%      2.52GiB / 96GiB     2.63%     0B / 0B   188kB / 32.8kB   130
2025-02-17 11:09:19.392371
CONTAINER ID   NAME              CPU %     MEM USAGE / LIMIT   MEM %     NET I/O   BLOCK I/O        PIDS
256bc1a4c231   pbbs_convexHull   332.11%   96GiB / 96GiB       100.00%   0B / 0B   37GB / 0B        52
bef9ce540d77   spark             0.49%     2.52GiB / 96GiB     2.63%     0B / 0B   188kB / 32.8kB   130
2025-02-17 11:09:21.404318
CONTAINER ID   NAME              CPU %     MEM USAGE / LIMIT   MEM %     NET I/O   BLOCK I/O        PIDS
256bc1a4c231   pbbs_convexHull   340.45%   96GiB / 96GiB       100.00%   0B / 0B   37GB / 0B        52
bef9ce540d77   spark             0.08%     2.52GiB / 96GiB     2.63%     0B / 0B   188kB / 32.8kB   130
2025-02-17 11:09:23.418384
CONTAINER ID   NAME              CPU %     MEM USAGE / LIMIT   MEM %     NET I/O   BLOCK I/O        PIDS
256bc1a4c231   pbbs_convexHull   330.40%   96GiB / 96GiB       100.00%   0B / 0B   37GB / 0B        52
bef9ce540d77   spark             0.09%     2.52GiB / 96GiB     2.63%     0B / 0B   188kB / 32.8kB   130
2025-02-17 11:09:25.428329
CONTAINER ID   NAME              CPU %     MEM USAGE / LIMIT   MEM %     NET I/O   BLOCK I/O        PIDS
256bc1a4c231   pbbs_convexHull   320.85%   96GiB / 96GiB       100.00%   0B / 0B   37GB / 0B        52
bef9ce540d77   spark             0.09%     2.52GiB / 96GiB     2.63%     0B / 0B   188kB / 32.8kB   130
2025-02-17 11:09:27.440257
CONTAINER ID   NAME              CPU %     MEM USAGE / LIMIT   MEM %     NET I/O   BLOCK I/O        PIDS
256bc1a4c231   pbbs_convexHull   519.91%   88.29GiB / 96GiB    91.97%    0B / 0B   37GB / 0B        52
bef9ce540d77   spark             0.07%     2.52GiB / 96GiB     2.63%     0B / 0B   188kB / 32.8kB   130
2025-02-17 11:09:29.452531
CONTAINER ID   NAME              CPU %     MEM USAGE / LIMIT   MEM %     NET I/O   BLOCK I/O        PIDS
256bc1a4c231   pbbs_convexHull   99.76%    59.43GiB / 96GiB    61.90%    0B / 0B   37GB / 0B        52
bef9ce540d77   spark             0.78%     2.521GiB / 96GiB    2.63%     0B / 0B   188kB / 32.8kB   130
2025-02-17 11:09:31.462874
CONTAINER ID   NAME              CPU %      MEM USAGE / LIMIT   MEM %     NET I/O   BLOCK I/O        PIDS
256bc1a4c231   pbbs_convexHull   2309.48%   48.15GiB / 96GiB    50.15%    0B / 0B   37.4GB / 0B      52
bef9ce540d77   spark             0.08%      2.52GiB / 96GiB     2.63%     0B / 0B   188kB / 32.8kB   130
2025-02-17 11:09:33.472871
CONTAINER ID   NAME              CPU %      MEM USAGE / LIMIT   MEM %     NET I/O   BLOCK I/O        PIDS
256bc1a4c231   pbbs_convexHull   1895.56%   50.54GiB / 96GiB    52.65%    0B / 0B   38GB / 0B        52
bef9ce540d77   spark             0.16%      2.52GiB / 96GiB     2.63%     0B / 0B   188kB / 32.8kB   130
2025-02-17 11:09:35.479541
CONTAINER ID   NAME              CPU %      MEM USAGE / LIMIT   MEM %     NET I/O   BLOCK I/O        PIDS
256bc1a4c231   pbbs_convexHull   1872.41%   52.86GiB / 96GiB    55.07%    0B / 0B   38.7GB / 0B      52
bef9ce540d77   spark             0.07%      2.52GiB / 96GiB     2.63%     0B / 0B   188kB / 32.8kB   130
2025-02-17 11:09:37.487709
CONTAINER ID   NAME              CPU %      MEM USAGE / LIMIT   MEM %     NET I/O   BLOCK I/O        PIDS
256bc1a4c231   pbbs_convexHull   2137.70%   55.44GiB / 96GiB    57.75%    0B / 0B   39.3GB / 0B      52
bef9ce540d77   spark             0.31%      2.52GiB / 96GiB     2.63%     0B / 0B   188kB / 32.8kB   130
2025-02-17 11:09:39.498016
CONTAINER ID   NAME              CPU %      MEM USAGE / LIMIT   MEM %     NET I/O   BLOCK I/O        PIDS
256bc1a4c231   pbbs_convexHull   3485.20%   59.16GiB / 96GiB    61.62%    0B / 0B   39.8GB / 0B      52
bef9ce540d77   spark             0.47%      2.521GiB / 96GiB    2.63%     0B / 0B   188kB / 32.8kB   130
2025-02-17 11:09:41.507286
CONTAINER ID   NAME              CPU %      MEM USAGE / LIMIT   MEM %     NET I/O   BLOCK I/O        PIDS
256bc1a4c231   pbbs_convexHull   2605.87%   62.54GiB / 96GiB    65.15%    0B / 0B   40.3GB / 0B      52
bef9ce540d77   spark             0.08%      2.52GiB / 96GiB     2.63%     0B / 0B   188kB / 32.8kB   130
2025-02-17 11:09:43.516670
CONTAINER ID   NAME              CPU %      MEM USAGE / LIMIT   MEM %     NET I/O   BLOCK I/O        PIDS
256bc1a4c231   pbbs_convexHull   4749.73%   73.67GiB / 96GiB    76.74%    0B / 0B   40.5GB / 0B      52
bef9ce540d77   spark             0.11%      2.52GiB / 96GiB     2.63%     0B / 0B   188kB / 32.8kB   130
2025-02-17 11:09:45.528640
CONTAINER ID   NAME              CPU %     MEM USAGE / LIMIT   MEM %     NET I/O   BLOCK I/O        PIDS
256bc1a4c231   pbbs_convexHull   99.96%    57.55GiB / 96GiB    59.95%    0B / 0B   40.5GB / 0B      52
bef9ce540d77   spark             0.19%     2.52GiB / 96GiB     2.63%     0B / 0B   188kB / 32.8kB   126
2025-02-17 11:09:47.537812
CONTAINER ID   NAME              CPU %     MEM USAGE / LIMIT   MEM %     NET I/O   BLOCK I/O        PIDS
256bc1a4c231   pbbs_convexHull   99.36%    33.35GiB / 96GiB    34.74%    0B / 0B   40.5GB / 0B      52
bef9ce540d77   spark             0.36%     2.52GiB / 96GiB     2.62%     0B / 0B   188kB / 32.8kB   121
2025-02-17 11:09:49.547300
CONTAINER ID   NAME              CPU %     MEM USAGE / LIMIT   MEM %     NET I/O   BLOCK I/O        PIDS
256bc1a4c231   pbbs_convexHull   98.84%    15.33GiB / 96GiB    15.97%    0B / 0B   40.5GB / 0B      52
bef9ce540d77   spark             0.19%     2.52GiB / 96GiB     2.62%     0B / 0B   188kB / 32.8kB   121
2025-02-17 11:09:51.558250
CONTAINER ID   NAME              CPU %      MEM USAGE / LIMIT   MEM %     NET I/O   BLOCK I/O        PIDS
256bc1a4c231   pbbs_convexHull   4790.33%   28.08GiB / 96GiB    29.25%    0B / 0B   40.5GB / 0B      52
bef9ce540d77   spark             0.21%      2.519GiB / 96GiB    2.62%     0B / 0B   188kB / 32.8kB   121
2025-02-17 11:09:53.577491
CONTAINER ID   NAME              CPU %      MEM USAGE / LIMIT   MEM %     NET I/O   BLOCK I/O        PIDS
256bc1a4c231   pbbs_convexHull   4792.57%   36.62GiB / 96GiB    38.14%    0B / 0B   40.5GB / 0B      52
bef9ce540d77   spark             0.17%      2.519GiB / 96GiB    2.62%     0B / 0B   188kB / 32.8kB   121
2025-02-17 11:09:55.584221
CONTAINER ID   NAME              CPU %      MEM USAGE / LIMIT   MEM %     NET I/O   BLOCK I/O        PIDS
256bc1a4c231   pbbs_convexHull   4791.42%   38.31GiB / 96GiB    39.91%    0B / 0B   40.5GB / 0B      52
bef9ce540d77   spark             0.15%      2.519GiB / 96GiB    2.62%     0B / 0B   188kB / 32.8kB   121
2025-02-17 11:09:57.595086
CONTAINER ID   NAME              CPU %      MEM USAGE / LIMIT   MEM %     NET I/O   BLOCK I/O        PIDS
256bc1a4c231   pbbs_convexHull   4786.07%   38.44GiB / 96GiB    40.04%    0B / 0B   40.5GB / 0B      52
bef9ce540d77   spark             0.56%      2.519GiB / 96GiB    2.62%     0B / 0B   188kB / 32.8kB   121
2025-02-17 11:09:59.608059
CONTAINER ID   NAME              CPU %      MEM USAGE / LIMIT   MEM %     NET I/O   BLOCK I/O        PIDS
256bc1a4c231   pbbs_convexHull   4806.67%   38.47GiB / 96GiB    40.08%    0B / 0B   40.5GB / 0B      52
bef9ce540d77   spark             0.24%      2.519GiB / 96GiB    2.62%     0B / 0B   188kB / 32.8kB   121
2025-02-17 11:10:01.617267
CONTAINER ID   NAME              CPU %      MEM USAGE / LIMIT   MEM %     NET I/O   BLOCK I/O        PIDS
256bc1a4c231   pbbs_convexHull   4792.16%   38.54GiB / 96GiB    40.14%    0B / 0B   40.5GB / 0B      52
bef9ce540d77   spark             0.16%      2.519GiB / 96GiB    2.62%     0B / 0B   188kB / 32.8kB   121
2025-02-17 11:10:03.627164
CONTAINER ID   NAME              CPU %      MEM USAGE / LIMIT   MEM %     NET I/O   BLOCK I/O        PIDS
256bc1a4c231   pbbs_convexHull   4788.15%   38.54GiB / 96GiB    40.14%    0B / 0B   40.5GB / 0B      52
bef9ce540d77   spark             0.16%      2.519GiB / 96GiB    2.62%     0B / 0B   188kB / 32.8kB   121
2025-02-17 11:10:05.636286
CONTAINER ID   NAME              CPU %      MEM USAGE / LIMIT   MEM %     NET I/O   BLOCK I/O        PIDS
256bc1a4c231   pbbs_convexHull   4795.57%   38.77GiB / 96GiB    40.38%    0B / 0B   40.5GB / 0B      52
bef9ce540d77   spark             0.21%      2.519GiB / 96GiB    2.62%     0B / 0B   188kB / 32.8kB   121
2025-02-17 11:10:07.648386
CONTAINER ID   NAME              CPU %      MEM USAGE / LIMIT   MEM %     NET I/O   BLOCK I/O        PIDS
256bc1a4c231   pbbs_convexHull   4791.32%   39.35GiB / 96GiB    40.99%    0B / 0B   40.5GB / 0B      52
bef9ce540d77   spark             0.82%      2.519GiB / 96GiB    2.62%     0B / 0B   188kB / 32.8kB   121
2025-02-17 11:10:09.658549
CONTAINER ID   NAME              CPU %      MEM USAGE / LIMIT   MEM %     NET I/O   BLOCK I/O        PIDS
256bc1a4c231   pbbs_convexHull   4809.73%   39.42GiB / 96GiB    41.06%    0B / 0B   40.5GB / 0B      52
bef9ce540d77   spark             0.49%      2.519GiB / 96GiB    2.62%     0B / 0B   188kB / 32.8kB   121
2025-02-17 11:10:11.667342
CONTAINER ID   NAME              CPU %      MEM USAGE / LIMIT   MEM %     NET I/O   BLOCK I/O        PIDS
256bc1a4c231   pbbs_convexHull   4779.78%   39.42GiB / 96GiB    41.06%    0B / 0B   40.5GB / 0B      52
bef9ce540d77   spark             0.16%      2.519GiB / 96GiB    2.62%     0B / 0B   188kB / 32.8kB   121
2025-02-17 11:10:13.678180
CONTAINER ID   NAME              CPU %      MEM USAGE / LIMIT   MEM %     NET I/O   BLOCK I/O        PIDS
256bc1a4c231   pbbs_convexHull   4800.25%   39.42GiB / 96GiB    41.06%    0B / 0B   40.5GB / 0B      52
bef9ce540d77   spark             0.16%      2.519GiB / 96GiB    2.62%     0B / 0B   188kB / 32.8kB   121
2025-02-17 11:10:15.690520
CONTAINER ID   NAME              CPU %      MEM USAGE / LIMIT   MEM %     NET I/O   BLOCK I/O        PIDS
256bc1a4c231   pbbs_convexHull   4792.64%   39.42GiB / 96GiB    41.06%    0B / 0B   40.5GB / 0B      52
bef9ce540d77   spark             0.16%      2.519GiB / 96GiB    2.62%     0B / 0B   188kB / 32.8kB   121
2025-02-17 11:10:17.702693
CONTAINER ID   NAME              CPU %      MEM USAGE / LIMIT   MEM %     NET I/O   BLOCK I/O        PIDS
256bc1a4c231   pbbs_convexHull   4787.80%   39.75GiB / 96GiB    41.40%    0B / 0B   40.5GB / 0B      52
bef9ce540d77   spark             0.75%      2.52GiB / 96GiB     2.62%     0B / 0B   188kB / 32.8kB   121
2025-02-17 11:10:19.712273
CONTAINER ID   NAME              CPU %      MEM USAGE / LIMIT   MEM %     NET I/O   BLOCK I/O        PIDS
256bc1a4c231   pbbs_convexHull   4794.30%   39.77GiB / 96GiB    41.43%    0B / 0B   40.5GB / 0B      52
bef9ce540d77   spark             0.81%      2.52GiB / 96GiB     2.62%     0B / 0B   188kB / 32.8kB   121
2025-02-17 11:10:21.723905
CONTAINER ID   NAME              CPU %      MEM USAGE / LIMIT   MEM %     NET I/O   BLOCK I/O        PIDS
256bc1a4c231   pbbs_convexHull   4788.95%   39.77GiB / 96GiB    41.43%    0B / 0B   40.5GB / 0B      52
bef9ce540d77   spark             0.17%      2.52GiB / 96GiB     2.62%     0B / 0B   188kB / 32.8kB   121
2025-02-17 11:10:23.734400
CONTAINER ID   NAME              CPU %      MEM USAGE / LIMIT   MEM %     NET I/O   BLOCK I/O        PIDS
256bc1a4c231   pbbs_convexHull   3535.88%   39.77GiB / 96GiB    41.43%    0B / 0B   40.5GB / 0B      52
bef9ce540d77   spark             0.14%      2.519GiB / 96GiB    2.62%     0B / 0B   188kB / 32.8kB   121
2025-02-17 11:10:25.744116
CONTAINER ID   NAME              CPU %     MEM USAGE / LIMIT   MEM %     NET I/O   BLOCK I/O        PIDS
256bc1a4c231   pbbs_convexHull   0.08%     39.77GiB / 96GiB    41.43%    0B / 0B   40.5GB / 0B      52
bef9ce540d77   spark             0.06%     2.519GiB / 96GiB    2.62%     0B / 0B   188kB / 32.8kB   121
2025-02-17 11:10:27.755063
CONTAINER ID   NAME              CPU %     MEM USAGE / LIMIT   MEM %     NET I/O   BLOCK I/O        PIDS
256bc1a4c231   pbbs_convexHull   0.07%     39.77GiB / 96GiB    41.43%    0B / 0B   40.5GB / 0B      52
bef9ce540d77   spark             0.46%     2.519GiB / 96GiB    2.62%     0B / 0B   188kB / 32.8kB   121
2025-02-17 11:10:29.764063
CONTAINER ID   NAME              CPU %     MEM USAGE / LIMIT   MEM %     NET I/O   BLOCK I/O        PIDS
256bc1a4c231   pbbs_convexHull   0.08%     39.77GiB / 96GiB    41.43%    0B / 0B   40.5GB / 0B      52
bef9ce540d77   spark             0.12%     2.519GiB / 96GiB    2.62%     0B / 0B   188kB / 32.8kB   121
2025-02-17 11:10:31.773573
CONTAINER ID   NAME              CPU %     MEM USAGE / LIMIT   MEM %     NET I/O   BLOCK I/O        PIDS
256bc1a4c231   pbbs_convexHull   0.07%     39.77GiB / 96GiB    41.43%    0B / 0B   40.5GB / 0B      52
bef9ce540d77   spark             0.05%     2.519GiB / 96GiB    2.62%     0B / 0B   188kB / 32.8kB   121
2025-02-17 11:10:33.786069
CONTAINER ID   NAME              CPU %     MEM USAGE / LIMIT   MEM %     NET I/O   BLOCK I/O        PIDS
256bc1a4c231   pbbs_convexHull   0.07%     39.77GiB / 96GiB    41.43%    0B / 0B   40.5GB / 0B      52
bef9ce540d77   spark             0.05%     2.519GiB / 96GiB    2.62%     0B / 0B   188kB / 32.8kB   121
2025-02-17 11:10:35.792636
CONTAINER ID   NAME              CPU %     MEM USAGE / LIMIT   MEM %     NET I/O   BLOCK I/O        PIDS
256bc1a4c231   pbbs_convexHull   0.07%     39.77GiB / 96GiB    41.43%    0B / 0B   40.5GB / 0B      52
bef9ce540d77   spark             0.05%     2.519GiB / 96GiB    2.62%     0B / 0B   188kB / 32.8kB   121
2025-02-17 11:10:37.801469
CONTAINER ID   NAME              CPU %     MEM USAGE / LIMIT   MEM %     NET I/O   BLOCK I/O        PIDS
256bc1a4c231   pbbs_convexHull   0.07%     39.77GiB / 96GiB    41.43%    0B / 0B   40.5GB / 0B      52
bef9ce540d77   spark             0.24%     2.519GiB / 96GiB    2.62%     0B / 0B   188kB / 32.8kB   121
2025-02-17 11:10:39.811554
CONTAINER ID   NAME              CPU %     MEM USAGE / LIMIT   MEM %     NET I/O   BLOCK I/O        PIDS
256bc1a4c231   pbbs_convexHull   0.07%     39.77GiB / 96GiB    41.43%    0B / 0B   40.5GB / 0B      52
bef9ce540d77   spark             0.11%     2.519GiB / 96GiB    2.62%     0B / 0B   188kB / 32.8kB   121
2025-02-17 11:10:41.819920
CONTAINER ID   NAME              CPU %     MEM USAGE / LIMIT   MEM %     NET I/O   BLOCK I/O        PIDS
256bc1a4c231   pbbs_convexHull   0.07%     39.77GiB / 96GiB    41.43%    0B / 0B   40.5GB / 0B      52
bef9ce540d77   spark             126.54%   2.523GiB / 96GiB    2.63%     0B / 0B   188kB / 32.8kB   129
2025-02-17 11:10:43.831419
CONTAINER ID   NAME              CPU %      MEM USAGE / LIMIT   MEM %     NET I/O   BLOCK I/O        PIDS
256bc1a4c231   pbbs_convexHull   4782.39%   39.77GiB / 96GiB    41.43%    0B / 0B   40.5GB / 0B      52
bef9ce540d77   spark             832.40%    2.527GiB / 96GiB    2.63%     0B / 0B   188kB / 32.8kB   134
2025-02-17 11:10:45.851608
CONTAINER ID   NAME              CPU %      MEM USAGE / LIMIT   MEM %     NET I/O   BLOCK I/O        PIDS
256bc1a4c231   pbbs_convexHull   4804.80%   39.77GiB / 96GiB    41.43%    0B / 0B   40.5GB / 0B      52
bef9ce540d77   spark             810.19%    2.526GiB / 96GiB    2.63%     0B / 0B   188kB / 32.8kB   134
2025-02-17 11:10:47.871801
CONTAINER ID   NAME              CPU %      MEM USAGE / LIMIT   MEM %     NET I/O   BLOCK I/O        PIDS
256bc1a4c231   pbbs_convexHull   4782.40%   42.46GiB / 96GiB    44.22%    0B / 0B   40.5GB / 0B      52
bef9ce540d77   spark             832.63%    2.526GiB / 96GiB    2.63%     0B / 0B   188kB / 32.8kB   134
2025-02-17 11:10:49.884362
CONTAINER ID   NAME              CPU %      MEM USAGE / LIMIT   MEM %     NET I/O   BLOCK I/O        PIDS
256bc1a4c231   pbbs_convexHull   4780.90%   42.46GiB / 96GiB    44.23%    0B / 0B   40.5GB / 0B      52
bef9ce540d77   spark             841.30%    2.526GiB / 96GiB    2.63%     0B / 0B   188kB / 32.8kB   134
2025-02-17 11:10:51.895921
CONTAINER ID   NAME              CPU %      MEM USAGE / LIMIT   MEM %     NET I/O   BLOCK I/O        PIDS
256bc1a4c231   pbbs_convexHull   4788.83%   42.46GiB / 96GiB    44.23%    0B / 0B   40.5GB / 0B      52
bef9ce540d77   spark             817.22%    2.527GiB / 96GiB    2.63%     0B / 0B   188kB / 32.8kB   134
2025-02-17 11:10:53.904667
CONTAINER ID   NAME              CPU %      MEM USAGE / LIMIT   MEM %     NET I/O   BLOCK I/O        PIDS
256bc1a4c231   pbbs_convexHull   4810.47%   42.48GiB / 96GiB    44.25%    0B / 0B   40.5GB / 0B      52
bef9ce540d77   spark             821.59%    2.534GiB / 96GiB    2.64%     0B / 0B   188kB / 32.8kB   134
2025-02-17 11:10:55.915724
CONTAINER ID   NAME              CPU %      MEM USAGE / LIMIT   MEM %     NET I/O   BLOCK I/O        PIDS
256bc1a4c231   pbbs_convexHull   4785.15%   42.48GiB / 96GiB    44.25%    0B / 0B   40.5GB / 0B      52
bef9ce540d77   spark             820.34%    2.534GiB / 96GiB    2.64%     0B / 0B   188kB / 32.8kB   134
2025-02-17 11:10:57.925104
CONTAINER ID   NAME              CPU %      MEM USAGE / LIMIT   MEM %     NET I/O   BLOCK I/O        PIDS
256bc1a4c231   pbbs_convexHull   4800.10%   42.48GiB / 96GiB    44.25%    0B / 0B   40.5GB / 0B      52
bef9ce540d77   spark             817.87%    2.534GiB / 96GiB    2.64%     0B / 0B   188kB / 32.8kB   134
2025-02-17 11:10:59.938066
CONTAINER ID   NAME              CPU %      MEM USAGE / LIMIT   MEM %     NET I/O   BLOCK I/O        PIDS
256bc1a4c231   pbbs_convexHull   4779.77%   42.48GiB / 96GiB    44.25%    0B / 0B   40.5GB / 0B      52
bef9ce540d77   spark             830.54%    2.535GiB / 96GiB    2.64%     0B / 0B   188kB / 32.8kB   134
2025-02-17 11:11:01.948342
CONTAINER ID   NAME              CPU %      MEM USAGE / LIMIT   MEM %     NET I/O   BLOCK I/O        PIDS
256bc1a4c231   pbbs_convexHull   4793.83%   42.48GiB / 96GiB    44.25%    0B / 0B   40.5GB / 0B      52
bef9ce540d77   spark             822.58%    2.536GiB / 96GiB    2.64%     0B / 0B   188kB / 32.8kB   134
2025-02-17 11:11:03.957798
CONTAINER ID   NAME              CPU %      MEM USAGE / LIMIT   MEM %     NET I/O   BLOCK I/O        PIDS
256bc1a4c231   pbbs_convexHull   4789.93%   42.48GiB / 96GiB    44.25%    0B / 0B   40.5GB / 0B      52
bef9ce540d77   spark             824.21%    2.537GiB / 96GiB    2.64%     0B / 0B   188kB / 32.8kB   134
2025-02-17 11:11:05.969440
CONTAINER ID   NAME              CPU %      MEM USAGE / LIMIT   MEM %     NET I/O   BLOCK I/O        PIDS
256bc1a4c231   pbbs_convexHull   4794.74%   42.48GiB / 96GiB    44.25%    0B / 0B   40.5GB / 0B      52
bef9ce540d77   spark             822.27%    2.538GiB / 96GiB    2.64%     0B / 0B   188kB / 32.8kB   134
2025-02-17 11:11:07.980390
CONTAINER ID   NAME              CPU %      MEM USAGE / LIMIT   MEM %     NET I/O   BLOCK I/O        PIDS
256bc1a4c231   pbbs_convexHull   4812.90%   42.48GiB / 96GiB    44.25%    0B / 0B   40.5GB / 0B      52
bef9ce540d77   spark             821.54%    2.539GiB / 96GiB    2.65%     0B / 0B   188kB / 32.8kB   134
2025-02-17 11:11:09.992022
CONTAINER ID   NAME              CPU %      MEM USAGE / LIMIT   MEM %     NET I/O   BLOCK I/O        PIDS
256bc1a4c231   pbbs_convexHull   4776.01%   42.48GiB / 96GiB    44.25%    0B / 0B   40.5GB / 0B      52
bef9ce540d77   spark             813.79%    2.539GiB / 96GiB    2.65%     0B / 0B   188kB / 32.8kB   134
2025-02-17 11:11:12.003292
CONTAINER ID   NAME              CPU %      MEM USAGE / LIMIT   MEM %     NET I/O   BLOCK I/O        PIDS
256bc1a4c231   pbbs_convexHull   4789.70%   42.48GiB / 96GiB    44.25%    0B / 0B   40.5GB / 0B      52
bef9ce540d77   spark             881.40%    2.54GiB / 96GiB     2.65%     0B / 0B   188kB / 32.8kB   134
2025-02-17 11:11:14.014907
CONTAINER ID   NAME              CPU %      MEM USAGE / LIMIT   MEM %     NET I/O   BLOCK I/O        PIDS
256bc1a4c231   pbbs_convexHull   4794.94%   42.48GiB / 96GiB    44.25%    0B / 0B   40.5GB / 0B      52
bef9ce540d77   spark             829.00%    2.541GiB / 96GiB    2.65%     0B / 0B   188kB / 32.8kB   134
2025-02-17 11:11:16.024588
CONTAINER ID   NAME              CPU %      MEM USAGE / LIMIT   MEM %     NET I/O   BLOCK I/O        PIDS
256bc1a4c231   pbbs_convexHull   4815.71%   42.48GiB / 96GiB    44.25%    0B / 0B   40.5GB / 0B      52
bef9ce540d77   spark             821.95%    2.541GiB / 96GiB    2.65%     0B / 0B   188kB / 32.8kB   134
2025-02-17 11:11:18.035204
CONTAINER ID   NAME              CPU %      MEM USAGE / LIMIT   MEM %     NET I/O   BLOCK I/O        PIDS
256bc1a4c231   pbbs_convexHull   4811.98%   42.48GiB / 96GiB    44.25%    0B / 0B   40.5GB / 0B      52
bef9ce540d77   spark             859.76%    2.545GiB / 96GiB    2.65%     0B / 0B   188kB / 32.8kB   134
2025-02-17 11:11:20.046871
CONTAINER ID   NAME              CPU %      MEM USAGE / LIMIT   MEM %     NET I/O   BLOCK I/O        PIDS
256bc1a4c231   pbbs_convexHull   4791.11%   42.48GiB / 96GiB    44.25%    0B / 0B   40.5GB / 0B      52
bef9ce540d77   spark             838.40%    2.545GiB / 96GiB    2.65%     0B / 0B   188kB / 32.8kB   134
2025-02-17 11:11:22.065680
CONTAINER ID   NAME              CPU %      MEM USAGE / LIMIT   MEM %     NET I/O   BLOCK I/O        PIDS
256bc1a4c231   pbbs_convexHull   4805.22%   43.88GiB / 96GiB    45.71%    0B / 0B   40.5GB / 0B      52
bef9ce540d77   spark             827.56%    2.546GiB / 96GiB    2.65%     0B / 0B   188kB / 32.8kB   134
2025-02-17 11:11:24.082321
CONTAINER ID   NAME              CPU %      MEM USAGE / LIMIT   MEM %     NET I/O   BLOCK I/O        PIDS
256bc1a4c231   pbbs_convexHull   4799.77%   45.69GiB / 96GiB    47.60%    0B / 0B   40.5GB / 0B      52
bef9ce540d77   spark             812.61%    2.545GiB / 96GiB    2.65%     0B / 0B   188kB / 32.8kB   134
2025-02-17 11:11:26.088887
CONTAINER ID   NAME              CPU %      MEM USAGE / LIMIT   MEM %     NET I/O   BLOCK I/O        PIDS
256bc1a4c231   pbbs_convexHull   4804.52%   45.69GiB / 96GiB    47.59%    0B / 0B   40.5GB / 0B      52
bef9ce540d77   spark             822.40%    2.546GiB / 96GiB    2.65%     0B / 0B   188kB / 32.8kB   134
2025-02-17 11:11:28.100657
CONTAINER ID   NAME              CPU %      MEM USAGE / LIMIT   MEM %     NET I/O   BLOCK I/O        PIDS
256bc1a4c231   pbbs_convexHull   4804.58%   45.78GiB / 96GiB    47.69%    0B / 0B   40.5GB / 0B      52
bef9ce540d77   spark             822.99%    2.549GiB / 96GiB    2.66%     0B / 0B   188kB / 32.8kB   134
2025-02-17 11:11:30.111981
CONTAINER ID   NAME              CPU %      MEM USAGE / LIMIT   MEM %     NET I/O   BLOCK I/O        PIDS
256bc1a4c231   pbbs_convexHull   4781.63%   45.99GiB / 96GiB    47.91%    0B / 0B   40.5GB / 0B      52
bef9ce540d77   spark             822.92%    2.55GiB / 96GiB     2.66%     0B / 0B   188kB / 32.8kB   134
2025-02-17 11:11:32.121726
CONTAINER ID   NAME              CPU %      MEM USAGE / LIMIT   MEM %     NET I/O   BLOCK I/O        PIDS
256bc1a4c231   pbbs_convexHull   4792.69%   46GiB / 96GiB       47.92%    0B / 0B   40.5GB / 0B      52
bef9ce540d77   spark             809.03%    2.549GiB / 96GiB    2.66%     0B / 0B   188kB / 32.8kB   134
2025-02-17 11:11:34.133265
CONTAINER ID   NAME              CPU %      MEM USAGE / LIMIT   MEM %     NET I/O   BLOCK I/O        PIDS
256bc1a4c231   pbbs_convexHull   4788.21%   46GiB / 96GiB       47.92%    0B / 0B   40.5GB / 0B      52
bef9ce540d77   spark             823.23%    2.55GiB / 96GiB     2.66%     0B / 0B   188kB / 32.8kB   134
2025-02-17 11:11:36.144338
CONTAINER ID   NAME              CPU %      MEM USAGE / LIMIT   MEM %     NET I/O   BLOCK I/O        PIDS
256bc1a4c231   pbbs_convexHull   4780.37%   46GiB / 96GiB       47.92%    0B / 0B   40.5GB / 0B      52
bef9ce540d77   spark             825.21%    2.55GiB / 96GiB     2.66%     0B / 0B   188kB / 32.8kB   134
2025-02-17 11:11:38.153355
CONTAINER ID   NAME              CPU %      MEM USAGE / LIMIT   MEM %     NET I/O   BLOCK I/O        PIDS
256bc1a4c231   pbbs_convexHull   4794.70%   46.09GiB / 96GiB    48.01%    0B / 0B   40.5GB / 0B      52
bef9ce540d77   spark             806.32%    2.551GiB / 96GiB    2.66%     0B / 0B   188kB / 32.8kB   134
2025-02-17 11:11:40.162711
CONTAINER ID   NAME              CPU %      MEM USAGE / LIMIT   MEM %     NET I/O   BLOCK I/O        PIDS
256bc1a4c231   pbbs_convexHull   4807.11%   46.09GiB / 96GiB    48.01%    0B / 0B   40.5GB / 0B      52
bef9ce540d77   spark             816.90%    2.552GiB / 96GiB    2.66%     0B / 0B   188kB / 32.8kB   134
2025-02-17 11:11:42.175030
CONTAINER ID   NAME              CPU %      MEM USAGE / LIMIT   MEM %     NET I/O   BLOCK I/O        PIDS
256bc1a4c231   pbbs_convexHull   4803.07%   46.09GiB / 96GiB    48.01%    0B / 0B   40.5GB / 0B      52
bef9ce540d77   spark             813.18%    2.553GiB / 96GiB    2.66%     0B / 0B   188kB / 32.8kB   129
2025-02-17 11:11:44.184195
CONTAINER ID   NAME              CPU %      MEM USAGE / LIMIT   MEM %     NET I/O   BLOCK I/O        PIDS
256bc1a4c231   pbbs_convexHull   4790.90%   46.09GiB / 96GiB    48.01%    0B / 0B   40.5GB / 0B      52
bef9ce540d77   spark             816.57%    2.553GiB / 96GiB    2.66%     0B / 0B   188kB / 32.8kB   129
2025-02-17 11:11:46.194022
CONTAINER ID   NAME              CPU %      MEM USAGE / LIMIT   MEM %     NET I/O   BLOCK I/O        PIDS
256bc1a4c231   pbbs_convexHull   4789.76%   46.09GiB / 96GiB    48.01%    0B / 0B   40.5GB / 0B      52
bef9ce540d77   spark             823.94%    2.554GiB / 96GiB    2.66%     0B / 0B   188kB / 32.8kB   129
2025-02-17 11:11:48.205124
CONTAINER ID   NAME              CPU %      MEM USAGE / LIMIT   MEM %     NET I/O   BLOCK I/O        PIDS
256bc1a4c231   pbbs_convexHull   4785.60%   46.09GiB / 96GiB    48.01%    0B / 0B   40.5GB / 0B      52
bef9ce540d77   spark             847.08%    2.554GiB / 96GiB    2.66%     0B / 0B   188kB / 32.8kB   129
2025-02-17 11:11:50.216313
CONTAINER ID   NAME              CPU %      MEM USAGE / LIMIT   MEM %     NET I/O   BLOCK I/O        PIDS
256bc1a4c231   pbbs_convexHull   4780.97%   46.09GiB / 96GiB    48.01%    0B / 0B   40.5GB / 0B      52
bef9ce540d77   spark             840.69%    2.556GiB / 96GiB    2.66%     0B / 0B   188kB / 32.8kB   129
2025-02-17 11:11:52.229736
CONTAINER ID   NAME              CPU %      MEM USAGE / LIMIT   MEM %     NET I/O   BLOCK I/O        PIDS
256bc1a4c231   pbbs_convexHull   4777.68%   46.09GiB / 96GiB    48.01%    0B / 0B   40.5GB / 0B      52
bef9ce540d77   spark             823.53%    2.558GiB / 96GiB    2.66%     0B / 0B   188kB / 32.8kB   129
2025-02-17 11:11:54.240081
CONTAINER ID   NAME              CPU %      MEM USAGE / LIMIT   MEM %     NET I/O   BLOCK I/O        PIDS
256bc1a4c231   pbbs_convexHull   4768.07%   46.09GiB / 96GiB    48.01%    0B / 0B   40.5GB / 0B      52
bef9ce540d77   spark             838.28%    2.558GiB / 96GiB    2.66%     0B / 0B   188kB / 32.8kB   129
2025-02-17 11:11:56.250320
CONTAINER ID   NAME              CPU %      MEM USAGE / LIMIT   MEM %     NET I/O   BLOCK I/O        PIDS
256bc1a4c231   pbbs_convexHull   4797.56%   46.09GiB / 96GiB    48.01%    0B / 0B   40.5GB / 0B      52
bef9ce540d77   spark             847.47%    2.559GiB / 96GiB    2.67%     0B / 0B   188kB / 32.8kB   129
2025-02-17 11:11:58.271157
CONTAINER ID   NAME              CPU %      MEM USAGE / LIMIT   MEM %     NET I/O   BLOCK I/O        PIDS
256bc1a4c231   pbbs_convexHull   4790.78%   46.09GiB / 96GiB    48.01%    0B / 0B   40.5GB / 0B      52
bef9ce540d77   spark             840.80%    2.559GiB / 96GiB    2.67%     0B / 0B   188kB / 32.8kB   129
2025-02-17 11:12:00.281480
CONTAINER ID   NAME              CPU %      MEM USAGE / LIMIT   MEM %     NET I/O   BLOCK I/O        PIDS
256bc1a4c231   pbbs_convexHull   4797.17%   46.09GiB / 96GiB    48.01%    0B / 0B   40.5GB / 0B      52
bef9ce540d77   spark             829.64%    2.559GiB / 96GiB    2.67%     0B / 0B   188kB / 32.8kB   129
2025-02-17 11:12:02.291376
CONTAINER ID   NAME              CPU %      MEM USAGE / LIMIT   MEM %     NET I/O   BLOCK I/O        PIDS
256bc1a4c231   pbbs_convexHull   4771.16%   46.09GiB / 96GiB    48.01%    0B / 0B   40.5GB / 0B      52
bef9ce540d77   spark             834.81%    2.561GiB / 96GiB    2.67%     0B / 0B   188kB / 32.8kB   129
2025-02-17 11:12:04.301444
CONTAINER ID   NAME              CPU %      MEM USAGE / LIMIT   MEM %     NET I/O   BLOCK I/O        PIDS
256bc1a4c231   pbbs_convexHull   4792.24%   46.09GiB / 96GiB    48.01%    0B / 0B   40.5GB / 0B      52
bef9ce540d77   spark             838.51%    2.562GiB / 96GiB    2.67%     0B / 0B   188kB / 32.8kB   129
2025-02-17 11:12:06.312970
CONTAINER ID   NAME              CPU %      MEM USAGE / LIMIT   MEM %     NET I/O   BLOCK I/O        PIDS
256bc1a4c231   pbbs_convexHull   4797.43%   46.09GiB / 96GiB    48.01%    0B / 0B   40.5GB / 0B      52
bef9ce540d77   spark             309.60%    2.564GiB / 96GiB    2.67%     0B / 0B   188kB / 32.8kB   129
2025-02-17 11:12:08.325783
CONTAINER ID   NAME              CPU %      MEM USAGE / LIMIT   MEM %     NET I/O   BLOCK I/O        PIDS
256bc1a4c231   pbbs_convexHull   4788.45%   46.09GiB / 96GiB    48.01%    0B / 0B   40.5GB / 0B      52
bef9ce540d77   spark             827.29%    2.574GiB / 96GiB    2.68%     0B / 0B   188kB / 32.8kB   135
2025-02-17 11:12:10.333840
CONTAINER ID   NAME              CPU %      MEM USAGE / LIMIT   MEM %     NET I/O   BLOCK I/O        PIDS
256bc1a4c231   pbbs_convexHull   4804.85%   46.09GiB / 96GiB    48.01%    0B / 0B   40.5GB / 0B      52
bef9ce540d77   spark             824.55%    2.575GiB / 96GiB    2.68%     0B / 0B   188kB / 32.8kB   135
2025-02-17 11:12:12.343009
CONTAINER ID   NAME              CPU %      MEM USAGE / LIMIT   MEM %     NET I/O   BLOCK I/O        PIDS
256bc1a4c231   pbbs_convexHull   4787.33%   46.09GiB / 96GiB    48.01%    0B / 0B   40.5GB / 0B      52
bef9ce540d77   spark             833.62%    2.576GiB / 96GiB    2.68%     0B / 0B   188kB / 32.8kB   135
2025-02-17 11:12:14.353110
CONTAINER ID   NAME              CPU %      MEM USAGE / LIMIT   MEM %     NET I/O   BLOCK I/O        PIDS
256bc1a4c231   pbbs_convexHull   4801.09%   46.09GiB / 96GiB    48.01%    0B / 0B   40.5GB / 0B      52
bef9ce540d77   spark             821.89%    2.577GiB / 96GiB    2.68%     0B / 0B   188kB / 32.8kB   135
2025-02-17 11:12:16.364479
CONTAINER ID   NAME              CPU %      MEM USAGE / LIMIT   MEM %     NET I/O   BLOCK I/O        PIDS
256bc1a4c231   pbbs_convexHull   4806.73%   46.09GiB / 96GiB    48.01%    0B / 0B   40.5GB / 0B      52
bef9ce540d77   spark             825.52%    2.578GiB / 96GiB    2.69%     0B / 0B   188kB / 32.8kB   135
2025-02-17 11:12:18.372437
CONTAINER ID   NAME              CPU %      MEM USAGE / LIMIT   MEM %     NET I/O   BLOCK I/O        PIDS
256bc1a4c231   pbbs_convexHull   4799.36%   46.09GiB / 96GiB    48.01%    0B / 0B   40.5GB / 0B      52
bef9ce540d77   spark             827.20%    2.579GiB / 96GiB    2.69%     0B / 0B   188kB / 32.8kB   135
2025-02-17 11:12:20.382852
CONTAINER ID   NAME              CPU %      MEM USAGE / LIMIT   MEM %     NET I/O   BLOCK I/O        PIDS
256bc1a4c231   pbbs_convexHull   4802.61%   46.09GiB / 96GiB    48.01%    0B / 0B   40.5GB / 0B      52
bef9ce540d77   spark             827.33%    2.582GiB / 96GiB    2.69%     0B / 0B   188kB / 32.8kB   135
2025-02-17 11:12:22.395296
CONTAINER ID   NAME              CPU %      MEM USAGE / LIMIT   MEM %     NET I/O   BLOCK I/O        PIDS
256bc1a4c231   pbbs_convexHull   4785.43%   46.09GiB / 96GiB    48.01%    0B / 0B   40.5GB / 0B      52
bef9ce540d77   spark             823.18%    2.582GiB / 96GiB    2.69%     0B / 0B   188kB / 32.8kB   135
2025-02-17 11:12:24.405694
CONTAINER ID   NAME              CPU %      MEM USAGE / LIMIT   MEM %     NET I/O   BLOCK I/O        PIDS
256bc1a4c231   pbbs_convexHull   4787.12%   46.09GiB / 96GiB    48.01%    0B / 0B   40.5GB / 0B      52
bef9ce540d77   spark             819.15%    2.583GiB / 96GiB    2.69%     0B / 0B   188kB / 32.8kB   135
2025-02-17 11:12:26.415996
CONTAINER ID   NAME              CPU %      MEM USAGE / LIMIT   MEM %     NET I/O   BLOCK I/O        PIDS
256bc1a4c231   pbbs_convexHull   4787.05%   46.09GiB / 96GiB    48.01%    0B / 0B   40.5GB / 0B      52
bef9ce540d77   spark             820.21%    2.583GiB / 96GiB    2.69%     0B / 0B   188kB / 32.8kB   135
2025-02-17 11:12:28.429647
CONTAINER ID   NAME              CPU %      MEM USAGE / LIMIT   MEM %     NET I/O   BLOCK I/O        PIDS
256bc1a4c231   pbbs_convexHull   4790.58%   46.09GiB / 96GiB    48.01%    0B / 0B   40.5GB / 0B      52
bef9ce540d77   spark             822.62%    2.584GiB / 96GiB    2.69%     0B / 0B   188kB / 32.8kB   135
2025-02-17 11:12:30.439080
CONTAINER ID   NAME              CPU %      MEM USAGE / LIMIT   MEM %     NET I/O   BLOCK I/O        PIDS
256bc1a4c231   pbbs_convexHull   4782.57%   46.09GiB / 96GiB    48.01%    0B / 0B   40.5GB / 0B      52
bef9ce540d77   spark             829.42%    2.584GiB / 96GiB    2.69%     0B / 0B   188kB / 32.8kB   135
2025-02-17 11:12:32.461979
CONTAINER ID   NAME              CPU %      MEM USAGE / LIMIT   MEM %     NET I/O   BLOCK I/O        PIDS
256bc1a4c231   pbbs_convexHull   4800.14%   46.09GiB / 96GiB    48.01%    0B / 0B   40.5GB / 0B      52
bef9ce540d77   spark             834.18%    2.586GiB / 96GiB    2.69%     0B / 0B   188kB / 32.8kB   135
2025-02-17 11:12:34.474990
CONTAINER ID   NAME              CPU %      MEM USAGE / LIMIT   MEM %     NET I/O   BLOCK I/O        PIDS
256bc1a4c231   pbbs_convexHull   4777.93%   46.09GiB / 96GiB    48.01%    0B / 0B   40.5GB / 0B      52
bef9ce540d77   spark             830.23%    2.587GiB / 96GiB    2.70%     0B / 0B   188kB / 32.8kB   135
2025-02-17 11:12:36.482405
CONTAINER ID   NAME              CPU %      MEM USAGE / LIMIT   MEM %     NET I/O   BLOCK I/O        PIDS
256bc1a4c231   pbbs_convexHull   4790.06%   46.09GiB / 96GiB    48.01%    0B / 0B   40.5GB / 0B      52
bef9ce540d77   spark             832.67%    2.589GiB / 96GiB    2.70%     0B / 0B   188kB / 32.8kB   135
2025-02-17 11:12:38.494433
CONTAINER ID   NAME              CPU %      MEM USAGE / LIMIT   MEM %     NET I/O   BLOCK I/O        PIDS
256bc1a4c231   pbbs_convexHull   4787.72%   46.09GiB / 96GiB    48.01%    0B / 0B   40.5GB / 0B      52
bef9ce540d77   spark             814.60%    2.589GiB / 96GiB    2.70%     0B / 0B   188kB / 32.8kB   135
2025-02-17 11:12:40.504349
CONTAINER ID   NAME              CPU %      MEM USAGE / LIMIT   MEM %     NET I/O   BLOCK I/O        PIDS
256bc1a4c231   pbbs_convexHull   4810.81%   46.09GiB / 96GiB    48.02%    0B / 0B   40.5GB / 0B      52
bef9ce540d77   spark             825.19%    2.589GiB / 96GiB    2.70%     0B / 0B   188kB / 32.8kB   135
2025-02-17 11:12:42.515928
CONTAINER ID   NAME              CPU %      MEM USAGE / LIMIT   MEM %     NET I/O   BLOCK I/O        PIDS
256bc1a4c231   pbbs_convexHull   4775.00%   46.09GiB / 96GiB    48.01%    0B / 0B   40.5GB / 0B      52
bef9ce540d77   spark             835.57%    2.59GiB / 96GiB     2.70%     0B / 0B   188kB / 32.8kB   135
2025-02-17 11:12:44.526718
CONTAINER ID   NAME              CPU %      MEM USAGE / LIMIT   MEM %     NET I/O   BLOCK I/O        PIDS
256bc1a4c231   pbbs_convexHull   4792.90%   46.09GiB / 96GiB    48.01%    0B / 0B   40.5GB / 0B      52
bef9ce540d77   spark             827.32%    2.591GiB / 96GiB    2.70%     0B / 0B   188kB / 32.8kB   135
2025-02-17 11:12:46.539922
CONTAINER ID   NAME              CPU %      MEM USAGE / LIMIT   MEM %     NET I/O   BLOCK I/O        PIDS
256bc1a4c231   pbbs_convexHull   4798.45%   46.09GiB / 96GiB    48.01%    0B / 0B   40.5GB / 0B      52
bef9ce540d77   spark             815.84%    2.591GiB / 96GiB    2.70%     0B / 0B   188kB / 32.8kB   135
2025-02-17 11:12:48.550134
CONTAINER ID   NAME              CPU %      MEM USAGE / LIMIT   MEM %     NET I/O   BLOCK I/O        PIDS
256bc1a4c231   pbbs_convexHull   4780.45%   46.09GiB / 96GiB    48.01%    0B / 0B   40.5GB / 0B      52
bef9ce540d77   spark             813.97%    2.591GiB / 96GiB    2.70%     0B / 0B   188kB / 32.8kB   135
2025-02-17 11:12:50.560574
CONTAINER ID   NAME              CPU %      MEM USAGE / LIMIT   MEM %     NET I/O   BLOCK I/O        PIDS
256bc1a4c231   pbbs_convexHull   4798.94%   46.09GiB / 96GiB    48.01%    0B / 0B   40.5GB / 0B      52
bef9ce540d77   spark             824.06%    2.594GiB / 96GiB    2.70%     0B / 0B   188kB / 32.8kB   135
2025-02-17 11:12:52.571547
CONTAINER ID   NAME              CPU %      MEM USAGE / LIMIT   MEM %     NET I/O   BLOCK I/O        PIDS
256bc1a4c231   pbbs_convexHull   4809.07%   46.09GiB / 96GiB    48.01%    0B / 0B   40.5GB / 0B      52
bef9ce540d77   spark             832.38%    2.595GiB / 96GiB    2.70%     0B / 0B   188kB / 32.8kB   135
2025-02-17 11:12:54.581943
CONTAINER ID   NAME              CPU %      MEM USAGE / LIMIT   MEM %     NET I/O   BLOCK I/O        PIDS
256bc1a4c231   pbbs_convexHull   4782.86%   46.09GiB / 96GiB    48.01%    0B / 0B   40.5GB / 0B      52
bef9ce540d77   spark             829.12%    2.594GiB / 96GiB    2.70%     0B / 0B   188kB / 32.8kB   135
2025-02-17 11:12:56.591682
CONTAINER ID   NAME              CPU %      MEM USAGE / LIMIT   MEM %     NET I/O   BLOCK I/O        PIDS
256bc1a4c231   pbbs_convexHull   4769.30%   46.09GiB / 96GiB    48.02%    0B / 0B   40.5GB / 0B      52
bef9ce540d77   spark             831.02%    2.594GiB / 96GiB    2.70%     0B / 0B   188kB / 32.8kB   135
2025-02-17 11:12:58.602686
CONTAINER ID   NAME              CPU %      MEM USAGE / LIMIT   MEM %     NET I/O   BLOCK I/O        PIDS
256bc1a4c231   pbbs_convexHull   4783.91%   46.09GiB / 96GiB    48.01%    0B / 0B   40.5GB / 0B      52
bef9ce540d77   spark             838.30%    2.595GiB / 96GiB    2.70%     0B / 0B   188kB / 32.8kB   135
2025-02-17 11:13:00.616072
CONTAINER ID   NAME              CPU %      MEM USAGE / LIMIT   MEM %     NET I/O   BLOCK I/O        PIDS
256bc1a4c231   pbbs_convexHull   4787.71%   46.09GiB / 96GiB    48.01%    0B / 0B   40.5GB / 0B      52
bef9ce540d77   spark             830.01%    2.596GiB / 96GiB    2.70%     0B / 0B   188kB / 32.8kB   135
2025-02-17 11:13:02.625798
CONTAINER ID   NAME              CPU %      MEM USAGE / LIMIT   MEM %     NET I/O   BLOCK I/O        PIDS
256bc1a4c231   pbbs_convexHull   4796.08%   46.09GiB / 96GiB    48.01%    0B / 0B   40.5GB / 0B      52
bef9ce540d77   spark             823.97%    2.596GiB / 96GiB    2.70%     0B / 0B   188kB / 32.8kB   135
2025-02-17 11:13:04.637492
CONTAINER ID   NAME              CPU %      MEM USAGE / LIMIT   MEM %     NET I/O   BLOCK I/O        PIDS
256bc1a4c231   pbbs_convexHull   4791.80%   46.1GiB / 96GiB     48.02%    0B / 0B   40.5GB / 0B      52
bef9ce540d77   spark             823.94%    2.596GiB / 96GiB    2.70%     0B / 0B   188kB / 32.8kB   135
2025-02-17 11:13:06.647033
CONTAINER ID   NAME              CPU %      MEM USAGE / LIMIT   MEM %     NET I/O   BLOCK I/O        PIDS
256bc1a4c231   pbbs_convexHull   4793.74%   46.09GiB / 96GiB    48.02%    0B / 0B   40.5GB / 0B      52
bef9ce540d77   spark             836.50%    2.596GiB / 96GiB    2.70%     0B / 0B   188kB / 32.8kB   134
2025-02-17 11:13:08.666495
CONTAINER ID   NAME              CPU %      MEM USAGE / LIMIT   MEM %     NET I/O   BLOCK I/O        PIDS
256bc1a4c231   pbbs_convexHull   4812.50%   46.09GiB / 96GiB    48.01%    0B / 0B   40.5GB / 0B      52
bef9ce540d77   spark             844.13%    2.597GiB / 96GiB    2.70%     0B / 0B   188kB / 32.8kB   129
2025-02-17 11:13:10.682172
CONTAINER ID   NAME              CPU %      MEM USAGE / LIMIT   MEM %     NET I/O   BLOCK I/O        PIDS
256bc1a4c231   pbbs_convexHull   4769.65%   46.09GiB / 96GiB    48.01%    0B / 0B   40.5GB / 0B      52
bef9ce540d77   spark             824.50%    2.598GiB / 96GiB    2.71%     0B / 0B   188kB / 32.8kB   129
2025-02-17 11:13:12.689926
CONTAINER ID   NAME              CPU %      MEM USAGE / LIMIT   MEM %     NET I/O   BLOCK I/O        PIDS
256bc1a4c231   pbbs_convexHull   4788.99%   46.15GiB / 96GiB    48.08%    0B / 0B   40.5GB / 0B      52
bef9ce540d77   spark             833.37%    2.598GiB / 96GiB    2.71%     0B / 0B   188kB / 32.8kB   129
2025-02-17 11:13:14.700542
CONTAINER ID   NAME              CPU %      MEM USAGE / LIMIT   MEM %     NET I/O   BLOCK I/O        PIDS
256bc1a4c231   pbbs_convexHull   4783.50%   46.15GiB / 96GiB    48.08%    0B / 0B   40.5GB / 0B      52
bef9ce540d77   spark             825.04%    2.598GiB / 96GiB    2.71%     0B / 0B   188kB / 32.8kB   129
2025-02-17 11:13:16.709333
CONTAINER ID   NAME              CPU %      MEM USAGE / LIMIT   MEM %     NET I/O   BLOCK I/O        PIDS
256bc1a4c231   pbbs_convexHull   4779.43%   46.15GiB / 96GiB    48.08%    0B / 0B   40.5GB / 0B      52
bef9ce540d77   spark             826.53%    2.599GiB / 96GiB    2.71%     0B / 0B   188kB / 32.8kB   129
2025-02-17 11:13:18.718947
CONTAINER ID   NAME              CPU %      MEM USAGE / LIMIT   MEM %     NET I/O   BLOCK I/O        PIDS
256bc1a4c231   pbbs_convexHull   4792.42%   46.15GiB / 96GiB    48.08%    0B / 0B   40.5GB / 0B      52
bef9ce540d77   spark             830.66%    2.598GiB / 96GiB    2.71%     0B / 0B   188kB / 32.8kB   129
2025-02-17 11:13:20.730022
CONTAINER ID   NAME              CPU %      MEM USAGE / LIMIT   MEM %     NET I/O   BLOCK I/O        PIDS
256bc1a4c231   pbbs_convexHull   4789.31%   46.15GiB / 96GiB    48.08%    0B / 0B   40.5GB / 0B      52
bef9ce540d77   spark             832.59%    2.6GiB / 96GiB      2.71%     0B / 0B   188kB / 32.8kB   129
2025-02-17 11:13:22.738066
CONTAINER ID   NAME              CPU %      MEM USAGE / LIMIT   MEM %     NET I/O   BLOCK I/O        PIDS
256bc1a4c231   pbbs_convexHull   4798.25%   46.15GiB / 96GiB    48.08%    0B / 0B   40.5GB / 0B      52
bef9ce540d77   spark             819.46%    2.6GiB / 96GiB      2.71%     0B / 0B   188kB / 32.8kB   129
2025-02-17 11:13:24.748044
CONTAINER ID   NAME              CPU %      MEM USAGE / LIMIT   MEM %     NET I/O   BLOCK I/O        PIDS
256bc1a4c231   pbbs_convexHull   4796.77%   46.15GiB / 96GiB    48.08%    0B / 0B   40.5GB / 0B      52
bef9ce540d77   spark             829.72%    2.604GiB / 96GiB    2.71%     0B / 0B   188kB / 32.8kB   129
2025-02-17 11:13:26.756469
CONTAINER ID   NAME              CPU %      MEM USAGE / LIMIT   MEM %     NET I/O   BLOCK I/O        PIDS
256bc1a4c231   pbbs_convexHull   4802.99%   46.15GiB / 96GiB    48.08%    0B / 0B   40.5GB / 0B      52
bef9ce540d77   spark             733.59%    2.604GiB / 96GiB    2.71%     0B / 0B   188kB / 32.8kB   129
2025-02-17 11:13:28.767211
CONTAINER ID   NAME              CPU %      MEM USAGE / LIMIT   MEM %     NET I/O   BLOCK I/O        PIDS
256bc1a4c231   pbbs_convexHull   4773.27%   46.16GiB / 96GiB    48.08%    0B / 0B   40.5GB / 0B      52
bef9ce540d77   spark             867.14%    2.607GiB / 96GiB    2.72%     0B / 0B   188kB / 32.8kB   135
2025-02-17 11:13:30.778134
CONTAINER ID   NAME              CPU %      MEM USAGE / LIMIT   MEM %     NET I/O   BLOCK I/O        PIDS
256bc1a4c231   pbbs_convexHull   4791.35%   46.15GiB / 96GiB    48.08%    0B / 0B   40.5GB / 0B      52
bef9ce540d77   spark             817.17%    2.607GiB / 96GiB    2.72%     0B / 0B   188kB / 32.8kB   135
2025-02-17 11:13:32.788432
CONTAINER ID   NAME              CPU %      MEM USAGE / LIMIT   MEM %     NET I/O   BLOCK I/O        PIDS
256bc1a4c231   pbbs_convexHull   4790.10%   46.15GiB / 96GiB    48.08%    0B / 0B   40.5GB / 0B      52
bef9ce540d77   spark             818.81%    2.608GiB / 96GiB    2.72%     0B / 0B   188kB / 32.8kB   135
2025-02-17 11:13:34.798087
CONTAINER ID   NAME              CPU %      MEM USAGE / LIMIT   MEM %     NET I/O   BLOCK I/O        PIDS
256bc1a4c231   pbbs_convexHull   4799.74%   46.15GiB / 96GiB    48.08%    0B / 0B   40.5GB / 0B      52
bef9ce540d77   spark             811.19%    2.609GiB / 96GiB    2.72%     0B / 0B   188kB / 32.8kB   135
2025-02-17 11:13:36.807818
CONTAINER ID   NAME              CPU %      MEM USAGE / LIMIT   MEM %     NET I/O   BLOCK I/O        PIDS
256bc1a4c231   pbbs_convexHull   4788.60%   46.16GiB / 96GiB    48.08%    0B / 0B   40.5GB / 0B      52
bef9ce540d77   spark             821.42%    2.61GiB / 96GiB     2.72%     0B / 0B   188kB / 32.8kB   135
2025-02-17 11:13:38.820186
CONTAINER ID   NAME              CPU %      MEM USAGE / LIMIT   MEM %     NET I/O   BLOCK I/O        PIDS
256bc1a4c231   pbbs_convexHull   4798.85%   46.15GiB / 96GiB    48.08%    0B / 0B   40.5GB / 0B      52
bef9ce540d77   spark             815.44%    2.61GiB / 96GiB     2.72%     0B / 0B   188kB / 32.8kB   135
2025-02-17 11:13:40.831401
CONTAINER ID   NAME              CPU %      MEM USAGE / LIMIT   MEM %     NET I/O   BLOCK I/O        PIDS
256bc1a4c231   pbbs_convexHull   4800.51%   46.15GiB / 96GiB    48.08%    0B / 0B   40.5GB / 0B      52
bef9ce540d77   spark             827.50%    2.611GiB / 96GiB    2.72%     0B / 0B   188kB / 32.8kB   135
2025-02-17 11:13:42.840518
CONTAINER ID   NAME              CPU %      MEM USAGE / LIMIT   MEM %     NET I/O   BLOCK I/O        PIDS
256bc1a4c231   pbbs_convexHull   4802.96%   46.16GiB / 96GiB    48.08%    0B / 0B   40.5GB / 0B      52
bef9ce540d77   spark             839.84%    2.61GiB / 96GiB     2.72%     0B / 0B   188kB / 32.8kB   135
2025-02-17 11:13:44.863481
CONTAINER ID   NAME              CPU %      MEM USAGE / LIMIT   MEM %     NET I/O   BLOCK I/O        PIDS
256bc1a4c231   pbbs_convexHull   4815.53%   46.16GiB / 96GiB    48.08%    0B / 0B   40.5GB / 0B      52
bef9ce540d77   spark             851.20%    2.612GiB / 96GiB    2.72%     0B / 0B   188kB / 32.8kB   135
2025-02-17 11:13:46.877065
CONTAINER ID   NAME              CPU %      MEM USAGE / LIMIT   MEM %     NET I/O   BLOCK I/O        PIDS
256bc1a4c231   pbbs_convexHull   4788.20%   46.16GiB / 96GiB    48.08%    0B / 0B   40.5GB / 0B      52
bef9ce540d77   spark             819.91%    2.611GiB / 96GiB    2.72%     0B / 0B   188kB / 32.8kB   135
2025-02-17 11:13:48.885890
CONTAINER ID   NAME              CPU %      MEM USAGE / LIMIT   MEM %     NET I/O   BLOCK I/O        PIDS
256bc1a4c231   pbbs_convexHull   4789.68%   46.16GiB / 96GiB    48.08%    0B / 0B   40.5GB / 0B      52
bef9ce540d77   spark             816.81%    2.612GiB / 96GiB    2.72%     0B / 0B   188kB / 32.8kB   135
2025-02-17 11:13:50.896849
CONTAINER ID   NAME              CPU %      MEM USAGE / LIMIT   MEM %     NET I/O   BLOCK I/O        PIDS
256bc1a4c231   pbbs_convexHull   4793.77%   46.16GiB / 96GiB    48.08%    0B / 0B   40.5GB / 0B      52
bef9ce540d77   spark             828.95%    2.613GiB / 96GiB    2.72%     0B / 0B   188kB / 32.8kB   135
2025-02-17 11:13:52.906897
CONTAINER ID   NAME              CPU %      MEM USAGE / LIMIT   MEM %     NET I/O   BLOCK I/O        PIDS
256bc1a4c231   pbbs_convexHull   4768.74%   46.16GiB / 96GiB    48.08%    0B / 0B   40.5GB / 0B      52
bef9ce540d77   spark             826.17%    2.614GiB / 96GiB    2.72%     0B / 0B   188kB / 32.8kB   135
2025-02-17 11:13:54.917416
CONTAINER ID   NAME              CPU %      MEM USAGE / LIMIT   MEM %     NET I/O   BLOCK I/O        PIDS
256bc1a4c231   pbbs_convexHull   4774.03%   46.15GiB / 96GiB    48.08%    0B / 0B   40.5GB / 0B      52
bef9ce540d77   spark             819.69%    2.615GiB / 96GiB    2.72%     0B / 0B   188kB / 32.8kB   135
2025-02-17 11:13:56.927555
CONTAINER ID   NAME              CPU %      MEM USAGE / LIMIT   MEM %     NET I/O   BLOCK I/O        PIDS
256bc1a4c231   pbbs_convexHull   4784.72%   46.15GiB / 96GiB    48.08%    0B / 0B   40.5GB / 0B      52
bef9ce540d77   spark             823.52%    2.616GiB / 96GiB    2.72%     0B / 0B   188kB / 32.8kB   135
2025-02-17 11:13:58.937776
CONTAINER ID   NAME              CPU %      MEM USAGE / LIMIT   MEM %     NET I/O   BLOCK I/O        PIDS
256bc1a4c231   pbbs_convexHull   4781.00%   46.16GiB / 96GiB    48.08%    0B / 0B   40.5GB / 0B      52
bef9ce540d77   spark             814.26%    2.616GiB / 96GiB    2.73%     0B / 0B   188kB / 32.8kB   135
2025-02-17 11:14:00.949115
CONTAINER ID   NAME              CPU %      MEM USAGE / LIMIT   MEM %     NET I/O   BLOCK I/O        PIDS
256bc1a4c231   pbbs_convexHull   4787.23%   46.16GiB / 96GiB    48.08%    0B / 0B   40.5GB / 0B      52
bef9ce540d77   spark             839.19%    2.616GiB / 96GiB    2.73%     0B / 0B   188kB / 32.8kB   135
2025-02-17 11:14:02.964678
CONTAINER ID   NAME              CPU %      MEM USAGE / LIMIT   MEM %     NET I/O   BLOCK I/O        PIDS
256bc1a4c231   pbbs_convexHull   4783.65%   46.16GiB / 96GiB    48.08%    0B / 0B   40.5GB / 0B      52
bef9ce540d77   spark             820.38%    2.618GiB / 96GiB    2.73%     0B / 0B   188kB / 32.8kB   135
2025-02-17 11:14:04.972550
CONTAINER ID   NAME              CPU %      MEM USAGE / LIMIT   MEM %     NET I/O   BLOCK I/O        PIDS
256bc1a4c231   pbbs_convexHull   4795.24%   46.16GiB / 96GiB    48.08%    0B / 0B   40.5GB / 0B      52
bef9ce540d77   spark             822.25%    2.618GiB / 96GiB    2.73%     0B / 0B   188kB / 32.8kB   135
2025-02-17 11:14:06.983452
CONTAINER ID   NAME              CPU %      MEM USAGE / LIMIT   MEM %     NET I/O   BLOCK I/O        PIDS
256bc1a4c231   pbbs_convexHull   4790.06%   46.16GiB / 96GiB    48.08%    0B / 0B   40.5GB / 0B      52
bef9ce540d77   spark             852.87%    2.62GiB / 96GiB     2.73%     0B / 0B   188kB / 32.8kB   135
2025-02-17 11:14:08.995919
CONTAINER ID   NAME              CPU %      MEM USAGE / LIMIT   MEM %     NET I/O   BLOCK I/O        PIDS
256bc1a4c231   pbbs_convexHull   4784.25%   46.16GiB / 96GiB    48.08%    0B / 0B   40.5GB / 0B      52
bef9ce540d77   spark             814.90%    2.618GiB / 96GiB    2.73%     0B / 0B   188kB / 32.8kB   135
2025-02-17 11:14:11.004720
CONTAINER ID   NAME              CPU %      MEM USAGE / LIMIT   MEM %     NET I/O   BLOCK I/O        PIDS
256bc1a4c231   pbbs_convexHull   4792.73%   46.16GiB / 96GiB    48.08%    0B / 0B   40.5GB / 0B      52
bef9ce540d77   spark             836.82%    2.619GiB / 96GiB    2.73%     0B / 0B   188kB / 32.8kB   135
2025-02-17 11:14:13.014071
CONTAINER ID   NAME              CPU %      MEM USAGE / LIMIT   MEM %     NET I/O   BLOCK I/O        PIDS
256bc1a4c231   pbbs_convexHull   4803.27%   46.16GiB / 96GiB    48.08%    0B / 0B   40.5GB / 0B      52
bef9ce540d77   spark             850.43%    2.62GiB / 96GiB     2.73%     0B / 0B   188kB / 32.8kB   135
2025-02-17 11:14:15.023242
CONTAINER ID   NAME              CPU %      MEM USAGE / LIMIT   MEM %     NET I/O   BLOCK I/O        PIDS
256bc1a4c231   pbbs_convexHull   4800.48%   46.16GiB / 96GiB    48.08%    0B / 0B   40.5GB / 0B      52
bef9ce540d77   spark             815.58%    2.62GiB / 96GiB     2.73%     0B / 0B   188kB / 32.8kB   135
2025-02-17 11:14:17.035455
CONTAINER ID   NAME              CPU %      MEM USAGE / LIMIT   MEM %     NET I/O   BLOCK I/O        PIDS
256bc1a4c231   pbbs_convexHull   4787.22%   46.16GiB / 96GiB    48.08%    0B / 0B   40.5GB / 0B      52
bef9ce540d77   spark             823.73%    2.621GiB / 96GiB    2.73%     0B / 0B   188kB / 32.8kB   135
2025-02-17 11:14:19.049916
CONTAINER ID   NAME              CPU %      MEM USAGE / LIMIT   MEM %     NET I/O   BLOCK I/O        PIDS
256bc1a4c231   pbbs_convexHull   4774.57%   46.16GiB / 96GiB    48.08%    0B / 0B   40.5GB / 0B      52
bef9ce540d77   spark             819.85%    2.621GiB / 96GiB    2.73%     0B / 0B   188kB / 32.8kB   135
2025-02-17 11:14:21.063633
CONTAINER ID   NAME              CPU %      MEM USAGE / LIMIT   MEM %     NET I/O   BLOCK I/O        PIDS
256bc1a4c231   pbbs_convexHull   4772.55%   46.16GiB / 96GiB    48.08%    0B / 0B   40.5GB / 0B      52
bef9ce540d77   spark             828.84%    2.624GiB / 96GiB    2.73%     0B / 0B   188kB / 32.8kB   135
2025-02-17 11:14:23.075147
CONTAINER ID   NAME              CPU %      MEM USAGE / LIMIT   MEM %     NET I/O   BLOCK I/O        PIDS
256bc1a4c231   pbbs_convexHull   4797.16%   46.16GiB / 96GiB    48.08%    0B / 0B   40.5GB / 0B      52
bef9ce540d77   spark             822.84%    2.626GiB / 96GiB    2.74%     0B / 0B   188kB / 32.8kB   135
2025-02-17 11:14:25.086337
CONTAINER ID   NAME              CPU %      MEM USAGE / LIMIT   MEM %     NET I/O   BLOCK I/O        PIDS
256bc1a4c231   pbbs_convexHull   4782.25%   46.16GiB / 96GiB    48.08%    0B / 0B   40.5GB / 0B      52
bef9ce540d77   spark             822.97%    2.626GiB / 96GiB    2.74%     0B / 0B   188kB / 32.8kB   135
2025-02-17 11:14:27.095490
CONTAINER ID   NAME              CPU %      MEM USAGE / LIMIT   MEM %     NET I/O   BLOCK I/O        PIDS
256bc1a4c231   pbbs_convexHull   4792.38%   46.16GiB / 96GiB    48.08%    0B / 0B   40.5GB / 0B      52
bef9ce540d77   spark             834.02%    2.626GiB / 96GiB    2.74%     0B / 0B   188kB / 32.8kB   135
2025-02-17 11:14:29.107568
CONTAINER ID   NAME              CPU %      MEM USAGE / LIMIT   MEM %     NET I/O   BLOCK I/O        PIDS
256bc1a4c231   pbbs_convexHull   4783.10%   46.16GiB / 96GiB    48.08%    0B / 0B   40.5GB / 0B      52
bef9ce540d77   spark             819.80%    2.626GiB / 96GiB    2.74%     0B / 0B   188kB / 32.8kB   129
2025-02-17 11:14:31.115632
CONTAINER ID   NAME              CPU %      MEM USAGE / LIMIT   MEM %     NET I/O   BLOCK I/O        PIDS
256bc1a4c231   pbbs_convexHull   4796.78%   46.16GiB / 96GiB    48.08%    0B / 0B   40.5GB / 0B      52
bef9ce540d77   spark             820.07%    2.626GiB / 96GiB    2.74%     0B / 0B   188kB / 32.8kB   129
2025-02-17 11:14:33.127001
CONTAINER ID   NAME              CPU %      MEM USAGE / LIMIT   MEM %     NET I/O   BLOCK I/O        PIDS
256bc1a4c231   pbbs_convexHull   4785.73%   46.16GiB / 96GiB    48.08%    0B / 0B   40.5GB / 0B      52
bef9ce540d77   spark             815.78%    2.628GiB / 96GiB    2.74%     0B / 0B   188kB / 32.8kB   129
2025-02-17 11:14:35.136659
CONTAINER ID   NAME              CPU %      MEM USAGE / LIMIT   MEM %     NET I/O   BLOCK I/O        PIDS
256bc1a4c231   pbbs_convexHull   4804.26%   46.16GiB / 96GiB    48.08%    0B / 0B   40.5GB / 0B      52
bef9ce540d77   spark             861.64%    2.627GiB / 96GiB    2.74%     0B / 0B   188kB / 32.8kB   129
2025-02-17 11:14:37.149373
CONTAINER ID   NAME              CPU %      MEM USAGE / LIMIT   MEM %     NET I/O   BLOCK I/O        PIDS
256bc1a4c231   pbbs_convexHull   4796.28%   46.16GiB / 96GiB    48.08%    0B / 0B   40.5GB / 0B      52
bef9ce540d77   spark             826.05%    2.628GiB / 96GiB    2.74%     0B / 0B   188kB / 32.8kB   129
2025-02-17 11:14:39.157389
CONTAINER ID   NAME              CPU %      MEM USAGE / LIMIT   MEM %     NET I/O   BLOCK I/O        PIDS
256bc1a4c231   pbbs_convexHull   4789.77%   46.16GiB / 96GiB    48.08%    0B / 0B   40.5GB / 0B      52
bef9ce540d77   spark             827.54%    2.628GiB / 96GiB    2.74%     0B / 0B   188kB / 32.8kB   129
2025-02-17 11:14:41.166003
CONTAINER ID   NAME              CPU %      MEM USAGE / LIMIT   MEM %     NET I/O   BLOCK I/O        PIDS
256bc1a4c231   pbbs_convexHull   4777.07%   46.16GiB / 96GiB    48.08%    0B / 0B   40.5GB / 0B      52
bef9ce540d77   spark             831.78%    2.631GiB / 96GiB    2.74%     0B / 0B   188kB / 32.8kB   129
2025-02-17 11:14:43.178349
CONTAINER ID   NAME              CPU %      MEM USAGE / LIMIT   MEM %     NET I/O   BLOCK I/O        PIDS
256bc1a4c231   pbbs_convexHull   4777.05%   46.16GiB / 96GiB    48.08%    0B / 0B   40.5GB / 0B      52
bef9ce540d77   spark             816.48%    2.632GiB / 96GiB    2.74%     0B / 0B   188kB / 32.8kB   129
2025-02-17 11:14:45.187211
CONTAINER ID   NAME              CPU %      MEM USAGE / LIMIT   MEM %     NET I/O   BLOCK I/O        PIDS
256bc1a4c231   pbbs_convexHull   4796.07%   46.16GiB / 96GiB    48.08%    0B / 0B   40.5GB / 0B      52
bef9ce540d77   spark             827.38%    2.633GiB / 96GiB    2.74%     0B / 0B   188kB / 32.8kB   129
2025-02-17 11:14:47.198734
CONTAINER ID   NAME              CPU %      MEM USAGE / LIMIT   MEM %     NET I/O   BLOCK I/O        PIDS
256bc1a4c231   pbbs_convexHull   4793.50%   46.16GiB / 96GiB    48.08%    0B / 0B   40.5GB / 0B      52
bef9ce540d77   spark             836.60%    2.632GiB / 96GiB    2.74%     0B / 0B   188kB / 32.8kB   129
2025-02-17 11:14:49.207986
CONTAINER ID   NAME              CPU %      MEM USAGE / LIMIT   MEM %     NET I/O   BLOCK I/O        PIDS
256bc1a4c231   pbbs_convexHull   4810.35%   46.16GiB / 96GiB    48.08%    0B / 0B   40.5GB / 0B      52
bef9ce540d77   spark             818.95%    2.633GiB / 96GiB    2.74%     0B / 0B   188kB / 32.8kB   129
2025-02-17 11:14:51.218955
CONTAINER ID   NAME              CPU %      MEM USAGE / LIMIT   MEM %     NET I/O   BLOCK I/O        PIDS
256bc1a4c231   pbbs_convexHull   4785.37%   46.16GiB / 96GiB    48.08%    0B / 0B   40.5GB / 0B      52
bef9ce540d77   spark             700.06%    2.633GiB / 96GiB    2.74%     0B / 0B   188kB / 32.8kB   129
2025-02-17 11:14:53.227034
CONTAINER ID   NAME              CPU %      MEM USAGE / LIMIT   MEM %     NET I/O   BLOCK I/O        PIDS
256bc1a4c231   pbbs_convexHull   4793.07%   46.16GiB / 96GiB    48.08%    0B / 0B   40.5GB / 0B      52
bef9ce540d77   spark             845.94%    2.638GiB / 96GiB    2.75%     0B / 0B   188kB / 32.8kB   135
2025-02-17 11:14:55.238054
CONTAINER ID   NAME              CPU %      MEM USAGE / LIMIT   MEM %     NET I/O   BLOCK I/O        PIDS
256bc1a4c231   pbbs_convexHull   4794.09%   46.16GiB / 96GiB    48.08%    0B / 0B   40.5GB / 0B      52
bef9ce540d77   spark             846.11%    2.637GiB / 96GiB    2.75%     0B / 0B   188kB / 32.8kB   135
2025-02-17 11:14:57.257116
CONTAINER ID   NAME              CPU %      MEM USAGE / LIMIT   MEM %     NET I/O   BLOCK I/O        PIDS
256bc1a4c231   pbbs_convexHull   4811.30%   46.16GiB / 96GiB    48.08%    0B / 0B   40.5GB / 0B      52
bef9ce540d77   spark             837.65%    2.64GiB / 96GiB     2.75%     0B / 0B   188kB / 32.8kB   135
2025-02-17 11:14:59.269537
CONTAINER ID   NAME              CPU %      MEM USAGE / LIMIT   MEM %     NET I/O   BLOCK I/O        PIDS
256bc1a4c231   pbbs_convexHull   4780.47%   46.16GiB / 96GiB    48.08%    0B / 0B   40.5GB / 0B      52
bef9ce540d77   spark             818.97%    2.638GiB / 96GiB    2.75%     0B / 0B   188kB / 32.8kB   135
2025-02-17 11:15:01.278276
CONTAINER ID   NAME              CPU %      MEM USAGE / LIMIT   MEM %     NET I/O   BLOCK I/O        PIDS
256bc1a4c231   pbbs_convexHull   4782.06%   46.16GiB / 96GiB    48.08%    0B / 0B   40.5GB / 0B      52
bef9ce540d77   spark             814.55%    2.64GiB / 96GiB     2.75%     0B / 0B   188kB / 32.8kB   135
2025-02-17 11:15:03.288962
CONTAINER ID   NAME              CPU %      MEM USAGE / LIMIT   MEM %     NET I/O   BLOCK I/O        PIDS
256bc1a4c231   pbbs_convexHull   4811.23%   46.16GiB / 96GiB    48.08%    0B / 0B   40.5GB / 0B      52
bef9ce540d77   spark             824.32%    2.64GiB / 96GiB     2.75%     0B / 0B   188kB / 32.8kB   135
2025-02-17 11:15:05.298932
CONTAINER ID   NAME              CPU %      MEM USAGE / LIMIT   MEM %     NET I/O   BLOCK I/O        PIDS
256bc1a4c231   pbbs_convexHull   4791.23%   46.16GiB / 96GiB    48.08%    0B / 0B   40.5GB / 0B      52
bef9ce540d77   spark             820.94%    2.641GiB / 96GiB    2.75%     0B / 0B   188kB / 32.8kB   135
2025-02-17 11:15:07.309224
CONTAINER ID   NAME              CPU %      MEM USAGE / LIMIT   MEM %     NET I/O   BLOCK I/O        PIDS
256bc1a4c231   pbbs_convexHull   4793.47%   46.16GiB / 96GiB    48.08%    0B / 0B   40.5GB / 0B      52
bef9ce540d77   spark             825.75%    2.642GiB / 96GiB    2.75%     0B / 0B   188kB / 32.8kB   135
2025-02-17 11:15:09.321340
CONTAINER ID   NAME              CPU %      MEM USAGE / LIMIT   MEM %     NET I/O   BLOCK I/O        PIDS
256bc1a4c231   pbbs_convexHull   4805.11%   46.16GiB / 96GiB    48.08%    0B / 0B   40.5GB / 0B      52
bef9ce540d77   spark             825.24%    2.642GiB / 96GiB    2.75%     0B / 0B   188kB / 32.8kB   135
2025-02-17 11:15:11.332464
CONTAINER ID   NAME              CPU %      MEM USAGE / LIMIT   MEM %     NET I/O   BLOCK I/O        PIDS
256bc1a4c231   pbbs_convexHull   4810.15%   46.16GiB / 96GiB    48.08%    0B / 0B   40.5GB / 0B      52
bef9ce540d77   spark             818.07%    2.642GiB / 96GiB    2.75%     0B / 0B   188kB / 32.8kB   135
2025-02-17 11:15:13.341285
CONTAINER ID   NAME              CPU %      MEM USAGE / LIMIT   MEM %     NET I/O   BLOCK I/O        PIDS
256bc1a4c231   pbbs_convexHull   4809.81%   46.16GiB / 96GiB    48.09%    0B / 0B   40.5GB / 0B      52
bef9ce540d77   spark             843.20%    2.643GiB / 96GiB    2.75%     0B / 0B   188kB / 32.8kB   135
2025-02-17 11:15:15.352394
CONTAINER ID   NAME              CPU %      MEM USAGE / LIMIT   MEM %     NET I/O   BLOCK I/O        PIDS
256bc1a4c231   pbbs_convexHull   4804.72%   46.16GiB / 96GiB    48.09%    0B / 0B   40.5GB / 0B      52
bef9ce540d77   spark             830.24%    2.646GiB / 96GiB    2.76%     0B / 0B   188kB / 32.8kB   135
2025-02-17 11:15:17.362988
CONTAINER ID   NAME              CPU %      MEM USAGE / LIMIT   MEM %     NET I/O   BLOCK I/O        PIDS
256bc1a4c231   pbbs_convexHull   4785.19%   46.16GiB / 96GiB    48.09%    0B / 0B   40.5GB / 0B      52
bef9ce540d77   spark             820.25%    2.651GiB / 96GiB    2.76%     0B / 0B   188kB / 32.8kB   135
2025-02-17 11:15:19.371259
CONTAINER ID   NAME              CPU %      MEM USAGE / LIMIT   MEM %     NET I/O   BLOCK I/O        PIDS
256bc1a4c231   pbbs_convexHull   4775.29%   46.16GiB / 96GiB    48.08%    0B / 0B   40.5GB / 0B      52
bef9ce540d77   spark             823.89%    2.654GiB / 96GiB    2.76%     0B / 0B   188kB / 32.8kB   135
2025-02-17 11:15:21.380345
CONTAINER ID   NAME              CPU %      MEM USAGE / LIMIT   MEM %     NET I/O   BLOCK I/O        PIDS
256bc1a4c231   pbbs_convexHull   4789.63%   46.16GiB / 96GiB    48.08%    0B / 0B   40.5GB / 0B      52
bef9ce540d77   spark             825.29%    2.655GiB / 96GiB    2.77%     0B / 0B   188kB / 32.8kB   135
2025-02-17 11:15:23.390093
CONTAINER ID   NAME              CPU %      MEM USAGE / LIMIT   MEM %     NET I/O   BLOCK I/O        PIDS
256bc1a4c231   pbbs_convexHull   4812.11%   46.16GiB / 96GiB    48.08%    0B / 0B   40.5GB / 0B      52
bef9ce540d77   spark             832.85%    2.658GiB / 96GiB    2.77%     0B / 0B   188kB / 32.8kB   135
2025-02-17 11:15:25.400286
CONTAINER ID   NAME              CPU %      MEM USAGE / LIMIT   MEM %     NET I/O   BLOCK I/O        PIDS
256bc1a4c231   pbbs_convexHull   4785.08%   46.16GiB / 96GiB    48.08%    0B / 0B   40.5GB / 0B      52
bef9ce540d77   spark             884.67%    2.67GiB / 96GiB     2.78%     0B / 0B   188kB / 32.8kB   135
2025-02-17 11:15:27.411928
CONTAINER ID   NAME              CPU %      MEM USAGE / LIMIT   MEM %     NET I/O   BLOCK I/O        PIDS
256bc1a4c231   pbbs_convexHull   4789.97%   46.16GiB / 96GiB    48.08%    0B / 0B   40.5GB / 0B      52
bef9ce540d77   spark             828.35%    2.669GiB / 96GiB    2.78%     0B / 0B   188kB / 32.8kB   135
2025-02-17 11:15:29.421866
CONTAINER ID   NAME              CPU %      MEM USAGE / LIMIT   MEM %     NET I/O   BLOCK I/O        PIDS
256bc1a4c231   pbbs_convexHull   3805.56%   43.26GiB / 96GiB    45.06%    0B / 0B   40.5GB / 0B      52
bef9ce540d77   spark             823.07%    2.672GiB / 96GiB    2.78%     0B / 0B   188kB / 32.8kB   135
2025-02-17 11:15:31.429559
CONTAINER ID   NAME              CPU %     MEM USAGE / LIMIT   MEM %     NET I/O   BLOCK I/O        PIDS
256bc1a4c231   pbbs_convexHull   99.23%    16.55GiB / 96GiB    17.24%    0B / 0B   40.5GB / 0B      5
bef9ce540d77   spark             823.26%   2.672GiB / 96GiB    2.78%     0B / 0B   188kB / 32.8kB   135
2025-02-17 11:15:33.444755
CONTAINER ID   NAME      CPU %     MEM USAGE / LIMIT   MEM %     NET I/O   BLOCK I/O        PIDS
bef9ce540d77   spark     833.06%   2.673GiB / 96GiB    2.78%     0B / 0B   188kB / 32.8kB   135
2025-02-17 11:15:35.453047
CONTAINER ID   NAME      CPU %     MEM USAGE / LIMIT   MEM %     NET I/O   BLOCK I/O        PIDS
bef9ce540d77   spark     820.91%   2.668GiB / 96GiB    2.78%     0B / 0B   188kB / 32.8kB   135
2025-02-17 11:15:37.459416
CONTAINER ID   NAME      CPU %     MEM USAGE / LIMIT   MEM %     NET I/O   BLOCK I/O        PIDS
bef9ce540d77   spark     831.76%   2.668GiB / 96GiB    2.78%     0B / 0B   188kB / 32.8kB   135
2025-02-17 11:15:39.468820
CONTAINER ID   NAME      CPU %     MEM USAGE / LIMIT   MEM %     NET I/O   BLOCK I/O        PIDS
bef9ce540d77   spark     820.34%   2.668GiB / 96GiB    2.78%     0B / 0B   188kB / 32.8kB   135
2025-02-17 11:15:41.474273
CONTAINER ID   NAME      CPU %     MEM USAGE / LIMIT   MEM %     NET I/O   BLOCK I/O        PIDS
bef9ce540d77   spark     830.10%   2.669GiB / 96GiB    2.78%     0B / 0B   188kB / 32.8kB   135
2025-02-17 11:15:43.482861
CONTAINER ID   NAME      CPU %     MEM USAGE / LIMIT   MEM %     NET I/O   BLOCK I/O        PIDS
bef9ce540d77   spark     829.89%   2.67GiB / 96GiB     2.78%     0B / 0B   188kB / 32.8kB   135
2025-02-17 11:15:45.487404
CONTAINER ID   NAME      CPU %     MEM USAGE / LIMIT   MEM %     NET I/O   BLOCK I/O        PIDS
bef9ce540d77   spark     821.06%   2.67GiB / 96GiB     2.78%     0B / 0B   188kB / 32.8kB   135
2025-02-17 11:15:47.494936
CONTAINER ID   NAME      CPU %     MEM USAGE / LIMIT   MEM %     NET I/O   BLOCK I/O        PIDS
bef9ce540d77   spark     821.89%   2.67GiB / 96GiB     2.78%     0B / 0B   188kB / 32.8kB   135
2025-02-17 11:15:49.503765
CONTAINER ID   NAME      CPU %     MEM USAGE / LIMIT   MEM %     NET I/O   BLOCK I/O        PIDS
bef9ce540d77   spark     826.75%   2.671GiB / 96GiB    2.78%     0B / 0B   188kB / 32.8kB   135
2025-02-17 11:15:51.509213
CONTAINER ID   NAME      CPU %     MEM USAGE / LIMIT   MEM %     NET I/O   BLOCK I/O        PIDS
bef9ce540d77   spark     819.65%   2.671GiB / 96GiB    2.78%     0B / 0B   188kB / 32.8kB   135
2025-02-17 11:15:53.516507
CONTAINER ID   NAME      CPU %     MEM USAGE / LIMIT   MEM %     NET I/O   BLOCK I/O        PIDS
bef9ce540d77   spark     820.96%   2.672GiB / 96GiB    2.78%     0B / 0B   188kB / 32.8kB   129
2025-02-17 11:15:55.523592
CONTAINER ID   NAME      CPU %     MEM USAGE / LIMIT   MEM %     NET I/O   BLOCK I/O        PIDS
bef9ce540d77   spark     819.57%   2.672GiB / 96GiB    2.78%     0B / 0B   188kB / 32.8kB   129
2025-02-17 11:15:57.530348
CONTAINER ID   NAME      CPU %     MEM USAGE / LIMIT   MEM %     NET I/O   BLOCK I/O        PIDS
bef9ce540d77   spark     817.44%   2.672GiB / 96GiB    2.78%     0B / 0B   188kB / 32.8kB   129
2025-02-17 11:15:59.538066
CONTAINER ID   NAME      CPU %     MEM USAGE / LIMIT   MEM %     NET I/O   BLOCK I/O        PIDS
bef9ce540d77   spark     828.78%   2.675GiB / 96GiB    2.79%     0B / 0B   188kB / 32.8kB   129
2025-02-17 11:16:01.545789
CONTAINER ID   NAME      CPU %     MEM USAGE / LIMIT   MEM %     NET I/O   BLOCK I/O        PIDS
bef9ce540d77   spark     826.37%   2.676GiB / 96GiB    2.79%     0B / 0B   188kB / 32.8kB   129
2025-02-17 11:16:03.553542
CONTAINER ID   NAME      CPU %     MEM USAGE / LIMIT   MEM %     NET I/O   BLOCK I/O        PIDS
bef9ce540d77   spark     823.09%   2.676GiB / 96GiB    2.79%     0B / 0B   188kB / 32.8kB   129
2025-02-17 11:16:05.560716
CONTAINER ID   NAME      CPU %     MEM USAGE / LIMIT   MEM %     NET I/O   BLOCK I/O        PIDS
bef9ce540d77   spark     823.94%   2.676GiB / 96GiB    2.79%     0B / 0B   188kB / 32.8kB   129
2025-02-17 11:16:07.567464
CONTAINER ID   NAME      CPU %     MEM USAGE / LIMIT   MEM %     NET I/O   BLOCK I/O        PIDS
bef9ce540d77   spark     820.30%   2.681GiB / 96GiB    2.79%     0B / 0B   188kB / 32.8kB   129
2025-02-17 11:16:09.575001
CONTAINER ID   NAME      CPU %     MEM USAGE / LIMIT   MEM %     NET I/O   BLOCK I/O        PIDS
bef9ce540d77   spark     816.97%   2.681GiB / 96GiB    2.79%     0B / 0B   188kB / 32.8kB   129
2025-02-17 11:16:11.581743
CONTAINER ID   NAME      CPU %     MEM USAGE / LIMIT   MEM %     NET I/O   BLOCK I/O        PIDS
bef9ce540d77   spark     172.88%   5.441MiB / 96GiB    0.01%     0B / 0B   188kB / 32.8kB   1
2025-02-17 11:16:13.588614
CONTAINER ID   NAME      CPU %     MEM USAGE / LIMIT   MEM %     NET I/O   BLOCK I/O        PIDS
bef9ce540d77   spark     0.00%     5.074MiB / 96GiB    0.01%     0B / 0B   188kB / 32.8kB   1
2025-02-17 11:16:15.594080
CONTAINER ID   NAME      CPU %     MEM USAGE / LIMIT   MEM %     NET I/O   BLOCK I/O        PIDS
bef9ce540d77   spark     0.00%     5.004MiB / 96GiB    0.01%     0B / 0B   188kB / 32.8kB   1
2025-02-17 11:16:17.599547
CONTAINER ID   NAME      CPU %     MEM USAGE / LIMIT   MEM %     NET I/O   BLOCK I/O        PIDS
bef9ce540d77   spark     0.00%     5.004MiB / 96GiB    0.01%     0B / 0B   188kB / 32.8kB   1
2025-02-17 11:16:19.605680
CONTAINER ID   NAME      CPU %     MEM USAGE / LIMIT   MEM %     NET I/O   BLOCK I/O        PIDS
bef9ce540d77   spark     0.00%     5MiB / 96GiB        0.01%     0B / 0B   188kB / 32.8kB   1
2025-02-17 11:16:21.610515
CONTAINER ID   NAME      CPU %     MEM USAGE / LIMIT   MEM %     NET I/O   BLOCK I/O   PIDS
