2024-11-15 00:14:05.504141
CONTAINER ID   NAME      CPU %     MEM USAGE / LIMIT   MEM %     NET I/O   BLOCK I/O   PIDS
2024-11-15 00:14:06.138328
CONTAINER ID   NAME      CPU %     MEM USAGE / LIMIT   MEM %     NET I/O   BLOCK I/O   PIDS
2024-11-15 00:14:06.773837
CONTAINER ID   NAME      CPU %     MEM USAGE / LIMIT   MEM %     NET I/O   BLOCK I/O   PIDS
2024-11-15 00:14:07.410389
CONTAINER ID   NAME      CPU %     MEM USAGE / LIMIT   MEM %     NET I/O   BLOCK I/O   PIDS
2024-11-15 00:14:08.046574
CONTAINER ID   NAME      CPU %     MEM USAGE / LIMIT   MEM %     NET I/O   BLOCK I/O   PIDS
2024-11-15 00:14:08.680786
CONTAINER ID   NAME      CPU %     MEM USAGE / LIMIT   MEM %     NET I/O   BLOCK I/O   PIDS
2024-11-15 00:14:09.315176
CONTAINER ID   NAME      CPU %     MEM USAGE / LIMIT   MEM %     NET I/O   BLOCK I/O   PIDS
2024-11-15 00:14:09.948528
CONTAINER ID   NAME      CPU %     MEM USAGE / LIMIT   MEM %     NET I/O   BLOCK I/O   PIDS
2024-11-15 00:14:10.582936
CONTAINER ID   NAME      CPU %     MEM USAGE / LIMIT   MEM %     NET I/O   BLOCK I/O   PIDS
2024-11-15 00:14:11.217271
CONTAINER ID   NAME      CPU %     MEM USAGE / LIMIT   MEM %     NET I/O   BLOCK I/O   PIDS
2024-11-15 00:14:11.849985
CONTAINER ID   NAME      CPU %     MEM USAGE / LIMIT   MEM %     NET I/O   BLOCK I/O   PIDS
2024-11-15 00:14:12.483678
CONTAINER ID   NAME      CPU %     MEM USAGE / LIMIT   MEM %     NET I/O   BLOCK I/O   PIDS
2024-11-15 00:14:13.117251
CONTAINER ID   NAME      CPU %     MEM USAGE / LIMIT   MEM %     NET I/O   BLOCK I/O   PIDS
2024-11-15 00:14:13.751579
CONTAINER ID   NAME      CPU %     MEM USAGE / LIMIT   MEM %     NET I/O   BLOCK I/O   PIDS
2024-11-15 00:14:14.383838
CONTAINER ID   NAME      CPU %     MEM USAGE / LIMIT   MEM %     NET I/O   BLOCK I/O   PIDS
2024-11-15 00:14:15.018028
CONTAINER ID   NAME      CPU %     MEM USAGE / LIMIT   MEM %     NET I/O   BLOCK I/O   PIDS
2024-11-15 00:14:15.651924
CONTAINER ID   NAME      CPU %     MEM USAGE / LIMIT   MEM %     NET I/O   BLOCK I/O   PIDS
2024-11-15 00:14:16.285855
CONTAINER ID   NAME      CPU %     MEM USAGE / LIMIT   MEM %     NET I/O   BLOCK I/O   PIDS
2024-11-15 00:14:16.919410
CONTAINER ID   NAME      CPU %     MEM USAGE / LIMIT   MEM %     NET I/O   BLOCK I/O   PIDS
2024-11-15 00:14:17.553089
CONTAINER ID   NAME      CPU %     MEM USAGE / LIMIT   MEM %     NET I/O   BLOCK I/O   PIDS
2024-11-15 00:14:18.186317
CONTAINER ID   NAME      CPU %     MEM USAGE / LIMIT   MEM %     NET I/O   BLOCK I/O   PIDS
2024-11-15 00:14:18.819596
CONTAINER ID   NAME      CPU %     MEM USAGE / LIMIT   MEM %     NET I/O   BLOCK I/O   PIDS
2024-11-15 00:14:19.453217
CONTAINER ID   NAME      CPU %     MEM USAGE / LIMIT   MEM %     NET I/O   BLOCK I/O   PIDS
2024-11-15 00:14:20.087088
CONTAINER ID   NAME      CPU %     MEM USAGE / LIMIT   MEM %     NET I/O   BLOCK I/O   PIDS
2024-11-15 00:14:20.720952
CONTAINER ID   NAME      CPU %     MEM USAGE / LIMIT   MEM %     NET I/O   BLOCK I/O   PIDS
2024-11-15 00:14:21.354840
CONTAINER ID   NAME      CPU %     MEM USAGE / LIMIT   MEM %     NET I/O   BLOCK I/O   PIDS
2024-11-15 00:14:21.987897
CONTAINER ID   NAME      CPU %     MEM USAGE / LIMIT   MEM %     NET I/O   BLOCK I/O   PIDS
2024-11-15 00:14:22.621873
CONTAINER ID   NAME      CPU %     MEM USAGE / LIMIT   MEM %     NET I/O   BLOCK I/O   PIDS
2024-11-15 00:14:23.256264
CONTAINER ID   NAME      CPU %     MEM USAGE / LIMIT   MEM %     NET I/O   BLOCK I/O   PIDS
2024-11-15 00:14:23.890569
CONTAINER ID   NAME      CPU %     MEM USAGE / LIMIT   MEM %     NET I/O   BLOCK I/O   PIDS
2024-11-15 00:14:24.522928
CONTAINER ID   NAME      CPU %     MEM USAGE / LIMIT   MEM %     NET I/O   BLOCK I/O   PIDS
2024-11-15 00:14:25.158920
CONTAINER ID   NAME      CPU %     MEM USAGE / LIMIT   MEM %     NET I/O   BLOCK I/O   PIDS
2024-11-15 00:14:25.793925
CONTAINER ID   NAME                CPU %     MEM USAGE / LIMIT   MEM %     NET I/O   BLOCK I/O     PIDS
c1290c6260c6   pbbs_wordCounts_1   99.38%    301.5MiB / 96GiB    0.31%     0B / 0B   20.4MB / 0B   5
781c23037f1a   pbbs_wordCounts     84.54%    148.5MiB / 96GiB    0.15%     0B / 0B   16.4MB / 0B   5
2024-11-15 00:14:28.451074
CONTAINER ID   NAME                CPU %     MEM USAGE / LIMIT   MEM %     NET I/O   BLOCK I/O     PIDS
c1290c6260c6   pbbs_wordCounts_1   99.93%    336.1MiB / 96GiB    0.34%     0B / 0B   20.4MB / 0B   5
781c23037f1a   pbbs_wordCounts     96.51%    341.7MiB / 96GiB    0.35%     0B / 0B   25.2MB / 0B   5
2024-11-15 00:14:30.466901
CONTAINER ID   NAME                CPU %     MEM USAGE / LIMIT   MEM %     NET I/O   BLOCK I/O     PIDS
c1290c6260c6   pbbs_wordCounts_1   100.10%   378.1MiB / 96GiB    0.38%     0B / 0B   20.4MB / 0B   5
781c23037f1a   pbbs_wordCounts     100.19%   385.3MiB / 96GiB    0.39%     0B / 0B   25.2MB / 0B   5
2024-11-15 00:14:32.480919
CONTAINER ID   NAME                CPU %     MEM USAGE / LIMIT   MEM %     NET I/O   BLOCK I/O         PIDS
c1290c6260c6   pbbs_wordCounts_1   96.70%    102.1MiB / 96GiB    0.10%     0B / 0B   20.4MB / 16.7MB   5
781c23037f1a   pbbs_wordCounts     100.26%   168.8MiB / 96GiB    0.17%     0B / 0B   28MB / 16.3MB     5
2024-11-15 00:14:34.495157
CONTAINER ID   NAME                CPU %     MEM USAGE / LIMIT   MEM %     NET I/O   BLOCK I/O         PIDS
c1290c6260c6   pbbs_wordCounts_1   100.32%   328.5MiB / 96GiB    0.33%     0B / 0B   20.4MB / 16.7MB   5
781c23037f1a   pbbs_wordCounts     100.36%   357.2MiB / 96GiB    0.36%     0B / 0B   28MB / 16.3MB     5
2024-11-15 00:14:36.511546
CONTAINER ID   NAME                CPU %     MEM USAGE / LIMIT   MEM %     NET I/O   BLOCK I/O         PIDS
c1290c6260c6   pbbs_wordCounts_1   99.92%    381.6MiB / 96GiB    0.39%     0B / 0B   20.4MB / 16.7MB   5
781c23037f1a   pbbs_wordCounts     99.79%    406.3MiB / 96GiB    0.41%     0B / 0B   28MB / 16.3MB     5
2024-11-15 00:14:38.526026
CONTAINER ID   NAME                CPU %     MEM USAGE / LIMIT   MEM %     NET I/O   BLOCK I/O         PIDS
c1290c6260c6   pbbs_wordCounts_1   99.35%    426.4MiB / 96GiB    0.43%     0B / 0B   20.4MB / 16.7MB   5
781c23037f1a   pbbs_wordCounts     99.28%    453.1MiB / 96GiB    0.46%     0B / 0B   28MB / 16.3MB     5
2024-11-15 00:14:40.541163
CONTAINER ID   NAME                CPU %     MEM USAGE / LIMIT   MEM %     NET I/O   BLOCK I/O         PIDS
c1290c6260c6   pbbs_wordCounts_1   97.56%    441.6MiB / 96GiB    0.45%     0B / 0B   20.4MB / 32.4MB   5
781c23037f1a   pbbs_wordCounts     97.08%    114MiB / 96GiB      0.12%     0B / 0B   28MB / 34.3MB     7
2024-11-15 00:14:42.554715
CONTAINER ID   NAME                CPU %     MEM USAGE / LIMIT   MEM %     NET I/O   BLOCK I/O         PIDS
c1290c6260c6   pbbs_wordCounts_1   99.52%    251.8MiB / 96GiB    0.26%     0B / 0B   20.4MB / 35.6MB   7
781c23037f1a   pbbs_wordCounts     99.69%    309.8MiB / 96GiB    0.32%     0B / 0B   28MB / 34.3MB     7
2024-11-15 00:14:44.568316
CONTAINER ID   NAME                CPU %     MEM USAGE / LIMIT   MEM %     NET I/O   BLOCK I/O         PIDS
c1290c6260c6   pbbs_wordCounts_1   100.12%   322MiB / 96GiB      0.33%     0B / 0B   20.4MB / 35.6MB   7
781c23037f1a   pbbs_wordCounts     98.59%    35.11MiB / 96GiB    0.04%     0B / 0B   28MB / 44.2MB     7
2024-11-15 00:14:46.583774
CONTAINER ID   NAME                CPU %     MEM USAGE / LIMIT   MEM %     NET I/O   BLOCK I/O         PIDS
c1290c6260c6   pbbs_wordCounts_1   99.56%    219.4MiB / 96GiB    0.22%     0B / 0B   20.4MB / 45.5MB   7
781c23037f1a   pbbs_wordCounts     99.88%    320.6MiB / 96GiB    0.33%     0B / 0B   28MB / 44.2MB     7
2024-11-15 00:14:48.598105
CONTAINER ID   NAME                CPU %     MEM USAGE / LIMIT   MEM %     NET I/O   BLOCK I/O         PIDS
c1290c6260c6   pbbs_wordCounts_1   99.89%    399.4MiB / 96GiB    0.41%     0B / 0B   20.4MB / 45.5MB   7
781c23037f1a   pbbs_wordCounts     99.92%    421.1MiB / 96GiB    0.43%     0B / 0B   28MB / 44.2MB     7
2024-11-15 00:14:50.611995
CONTAINER ID   NAME                CPU %     MEM USAGE / LIMIT   MEM %     NET I/O   BLOCK I/O         PIDS
c1290c6260c6   pbbs_wordCounts_1   99.26%    431.5MiB / 96GiB    0.44%     0B / 0B   20.4MB / 45.5MB   7
781c23037f1a   pbbs_wordCounts     99.73%    438.4MiB / 96GiB    0.45%     0B / 0B   28MB / 44.2MB     7
2024-11-15 00:14:52.627344
CONTAINER ID   NAME                CPU %     MEM USAGE / LIMIT   MEM %     NET I/O   BLOCK I/O         PIDS
c1290c6260c6   pbbs_wordCounts_1   100.15%   433.6MiB / 96GiB    0.44%     0B / 0B   20.4MB / 45.5MB   7
781c23037f1a   pbbs_wordCounts     100.16%   439.6MiB / 96GiB    0.45%     0B / 0B   28MB / 44.2MB     7
2024-11-15 00:14:54.640757
CONTAINER ID   NAME                CPU %     MEM USAGE / LIMIT   MEM %     NET I/O   BLOCK I/O         PIDS
c1290c6260c6   pbbs_wordCounts_1   99.28%    458.1MiB / 96GiB    0.47%     0B / 0B   20.4MB / 45.5MB   7
781c23037f1a   pbbs_wordCounts     99.68%    471.6MiB / 96GiB    0.48%     0B / 0B   28MB / 44.2MB     7
2024-11-15 00:14:56.653889
CONTAINER ID   NAME                CPU %     MEM USAGE / LIMIT   MEM %     NET I/O   BLOCK I/O         PIDS
c1290c6260c6   pbbs_wordCounts_1   92.80%    99.48MiB / 96GiB    0.10%     0B / 0B   20.4MB / 75.6MB   7
781c23037f1a   pbbs_wordCounts     93.73%    146.7MiB / 96GiB    0.15%     0B / 0B   28MB / 74.2MB     7
2024-11-15 00:14:58.666266
CONTAINER ID   NAME                CPU %     MEM USAGE / LIMIT   MEM %     NET I/O   BLOCK I/O        PIDS
c1290c6260c6   pbbs_wordCounts_1   154.63%   496.1MiB / 96GiB    0.50%     0B / 0B   304MB / 75.6MB   52
781c23037f1a   pbbs_wordCounts     173.74%   673.5MiB / 96GiB    0.69%     0B / 0B   496MB / 74.2MB   52
2024-11-15 00:15:00.679573
CONTAINER ID   NAME                CPU %     MEM USAGE / LIMIT   MEM %     NET I/O   BLOCK I/O        PIDS
c1290c6260c6   pbbs_wordCounts_1   188.16%   1.605GiB / 96GiB    1.67%     0B / 0B   779MB / 75.6MB   52
781c23037f1a   pbbs_wordCounts     200.13%   1.641GiB / 96GiB    1.71%     0B / 0B   994MB / 74.2MB   52
2024-11-15 00:15:02.690184
CONTAINER ID   NAME                CPU %      MEM USAGE / LIMIT   MEM %     NET I/O   BLOCK I/O         PIDS
c1290c6260c6   pbbs_wordCounts_1   4735.66%   13.09GiB / 96GiB    13.64%    0B / 0B   816MB / 75.6MB    52
781c23037f1a   pbbs_wordCounts     4743.17%   10.93GiB / 96GiB    11.39%    0B / 0B   1.02GB / 74.2MB   52
2024-11-15 00:15:04.706379
CONTAINER ID   NAME                CPU %     MEM USAGE / LIMIT   MEM %     NET I/O   BLOCK I/O         PIDS
c1290c6260c6   pbbs_wordCounts_1   113.34%   5.651GiB / 96GiB    5.89%     0B / 0B   816MB / 75.6MB    52
781c23037f1a   pbbs_wordCounts     122.96%   5.832GiB / 96GiB    6.08%     0B / 0B   1.02GB / 74.2MB   52
2024-11-15 00:15:06.720306
CONTAINER ID   NAME                CPU %     MEM USAGE / LIMIT   MEM %     NET I/O   BLOCK I/O         PIDS
c1290c6260c6   pbbs_wordCounts_1   0.18%     5.651GiB / 96GiB    5.89%     0B / 0B   816MB / 75.6MB    52
781c23037f1a   pbbs_wordCounts     0.16%     5.831GiB / 96GiB    6.07%     0B / 0B   1.02GB / 74.2MB   52
2024-11-15 00:15:08.731524
CONTAINER ID   NAME                CPU %     MEM USAGE / LIMIT   MEM %     NET I/O   BLOCK I/O         PIDS
c1290c6260c6   pbbs_wordCounts_1   0.15%     5.651GiB / 96GiB    5.89%     0B / 0B   816MB / 75.6MB    52
781c23037f1a   pbbs_wordCounts     0.16%     5.831GiB / 96GiB    6.07%     0B / 0B   1.02GB / 74.2MB   52
2024-11-15 00:15:10.744069
CONTAINER ID   NAME                CPU %     MEM USAGE / LIMIT   MEM %     NET I/O   BLOCK I/O         PIDS
c1290c6260c6   pbbs_wordCounts_1   0.15%     5.65GiB / 96GiB     5.89%     0B / 0B   816MB / 75.6MB    52
781c23037f1a   pbbs_wordCounts     0.14%     5.829GiB / 96GiB    6.07%     0B / 0B   1.02GB / 74.2MB   52
2024-11-15 00:15:12.756450
CONTAINER ID   NAME                CPU %     MEM USAGE / LIMIT   MEM %     NET I/O   BLOCK I/O         PIDS
c1290c6260c6   pbbs_wordCounts_1   0.14%     5.65GiB / 96GiB     5.89%     0B / 0B   816MB / 75.6MB    52
781c23037f1a   pbbs_wordCounts     0.12%     5.829GiB / 96GiB    6.07%     0B / 0B   1.02GB / 74.2MB   52
2024-11-15 00:15:14.769624
CONTAINER ID   NAME                CPU %     MEM USAGE / LIMIT   MEM %     NET I/O   BLOCK I/O         PIDS
c1290c6260c6   pbbs_wordCounts_1   0.14%     5.65GiB / 96GiB     5.89%     0B / 0B   816MB / 75.6MB    52
781c23037f1a   pbbs_wordCounts     0.13%     5.829GiB / 96GiB    6.07%     0B / 0B   1.02GB / 74.2MB   52
2024-11-15 00:15:16.782020
CONTAINER ID   NAME                CPU %     MEM USAGE / LIMIT   MEM %     NET I/O   BLOCK I/O         PIDS
c1290c6260c6   pbbs_wordCounts_1   0.17%     5.65GiB / 96GiB     5.89%     0B / 0B   816MB / 75.6MB    52
781c23037f1a   pbbs_wordCounts     0.14%     5.829GiB / 96GiB    6.07%     0B / 0B   1.02GB / 74.2MB   52
2024-11-15 00:15:18.793994
CONTAINER ID   NAME                CPU %     MEM USAGE / LIMIT   MEM %     NET I/O   BLOCK I/O         PIDS
c1290c6260c6   pbbs_wordCounts_1   0.16%     5.65GiB / 96GiB     5.89%     0B / 0B   816MB / 75.6MB    52
781c23037f1a   pbbs_wordCounts     0.16%     5.829GiB / 96GiB    6.07%     0B / 0B   1.02GB / 74.2MB   52
2024-11-15 00:15:20.809073
CONTAINER ID   NAME                CPU %     MEM USAGE / LIMIT   MEM %     NET I/O   BLOCK I/O         PIDS
c1290c6260c6   pbbs_wordCounts_1   0.16%     5.65GiB / 96GiB     5.89%     0B / 0B   816MB / 75.6MB    52
781c23037f1a   pbbs_wordCounts     0.13%     5.829GiB / 96GiB    6.07%     0B / 0B   1.02GB / 74.2MB   52
2024-11-15 00:15:22.819915
CONTAINER ID   NAME                CPU %     MEM USAGE / LIMIT   MEM %     NET I/O   BLOCK I/O         PIDS
c1290c6260c6   pbbs_wordCounts_1   0.20%     5.65GiB / 96GiB     5.89%     0B / 0B   816MB / 75.6MB    52
781c23037f1a   pbbs_wordCounts     0.14%     5.829GiB / 96GiB    6.07%     0B / 0B   1.02GB / 74.2MB   52
2024-11-15 00:15:24.830741
CONTAINER ID   NAME                CPU %     MEM USAGE / LIMIT   MEM %     NET I/O   BLOCK I/O         PIDS
c1290c6260c6   pbbs_wordCounts_1   0.14%     5.65GiB / 96GiB     5.89%     0B / 0B   816MB / 75.6MB    52
781c23037f1a   pbbs_wordCounts     0.14%     5.829GiB / 96GiB    6.07%     0B / 0B   1.02GB / 74.2MB   52
2024-11-15 00:15:26.845108
CONTAINER ID   NAME                CPU %     MEM USAGE / LIMIT   MEM %     NET I/O   BLOCK I/O         PIDS
c1290c6260c6   pbbs_wordCounts_1   0.14%     5.65GiB / 96GiB     5.89%     0B / 0B   816MB / 75.6MB    52
781c23037f1a   pbbs_wordCounts     0.14%     5.829GiB / 96GiB    6.07%     0B / 0B   1.02GB / 74.2MB   52
2024-11-15 00:15:28.854970
CONTAINER ID   NAME                CPU %     MEM USAGE / LIMIT   MEM %     NET I/O   BLOCK I/O         PIDS
c1290c6260c6   pbbs_wordCounts_1   0.15%     5.65GiB / 96GiB     5.89%     0B / 0B   816MB / 75.6MB    52
781c23037f1a   pbbs_wordCounts     0.12%     5.829GiB / 96GiB    6.07%     0B / 0B   1.02GB / 74.2MB   52
2024-11-15 00:15:30.869549
CONTAINER ID   NAME                CPU %     MEM USAGE / LIMIT   MEM %     NET I/O   BLOCK I/O         PIDS
c1290c6260c6   pbbs_wordCounts_1   0.15%     5.65GiB / 96GiB     5.89%     0B / 0B   816MB / 75.6MB    52
781c23037f1a   pbbs_wordCounts     0.13%     5.829GiB / 96GiB    6.07%     0B / 0B   1.02GB / 74.2MB   52
2024-11-15 00:15:32.881092
CONTAINER ID   NAME                CPU %     MEM USAGE / LIMIT   MEM %     NET I/O   BLOCK I/O         PIDS
c1290c6260c6   pbbs_wordCounts_1   0.16%     5.65GiB / 96GiB     5.89%     0B / 0B   816MB / 75.6MB    52
781c23037f1a   pbbs_wordCounts     0.14%     5.829GiB / 96GiB    6.07%     0B / 0B   1.02GB / 74.2MB   52
2024-11-15 00:15:34.893161
CONTAINER ID   NAME                CPU %     MEM USAGE / LIMIT   MEM %     NET I/O   BLOCK I/O         PIDS
c1290c6260c6   pbbs_wordCounts_1   0.15%     5.65GiB / 96GiB     5.89%     0B / 0B   816MB / 75.6MB    52
781c23037f1a   pbbs_wordCounts     0.14%     5.829GiB / 96GiB    6.07%     0B / 0B   1.02GB / 74.2MB   52
2024-11-15 00:15:36.905014
CONTAINER ID   NAME                CPU %     MEM USAGE / LIMIT   MEM %     NET I/O   BLOCK I/O         PIDS
c1290c6260c6   pbbs_wordCounts_1   0.14%     5.65GiB / 96GiB     5.89%     0B / 0B   816MB / 75.6MB    52
781c23037f1a   pbbs_wordCounts     0.14%     5.829GiB / 96GiB    6.07%     0B / 0B   1.02GB / 74.2MB   52
2024-11-15 00:15:38.916371
CONTAINER ID   NAME                CPU %     MEM USAGE / LIMIT   MEM %     NET I/O   BLOCK I/O         PIDS
c1290c6260c6   pbbs_wordCounts_1   0.12%     5.65GiB / 96GiB     5.89%     0B / 0B   816MB / 75.6MB    52
781c23037f1a   pbbs_wordCounts     0.15%     5.829GiB / 96GiB    6.07%     0B / 0B   1.02GB / 74.2MB   52
2024-11-15 00:15:40.928002
CONTAINER ID   NAME                CPU %     MEM USAGE / LIMIT   MEM %     NET I/O   BLOCK I/O         PIDS
c1290c6260c6   pbbs_wordCounts_1   0.11%     5.65GiB / 96GiB     5.89%     0B / 0B   816MB / 75.6MB    52
781c23037f1a   pbbs_wordCounts     0.15%     5.829GiB / 96GiB    6.07%     0B / 0B   1.02GB / 74.2MB   52
2024-11-15 00:15:42.939028
CONTAINER ID   NAME                CPU %     MEM USAGE / LIMIT   MEM %     NET I/O   BLOCK I/O         PIDS
c1290c6260c6   pbbs_wordCounts_1   0.13%     5.65GiB / 96GiB     5.89%     0B / 0B   816MB / 75.6MB    52
781c23037f1a   pbbs_wordCounts     0.14%     5.829GiB / 96GiB    6.07%     0B / 0B   1.02GB / 74.2MB   52
2024-11-15 00:15:44.952302
CONTAINER ID   NAME                CPU %     MEM USAGE / LIMIT   MEM %     NET I/O   BLOCK I/O         PIDS
c1290c6260c6   pbbs_wordCounts_1   0.14%     5.65GiB / 96GiB     5.89%     0B / 0B   816MB / 75.6MB    52
781c23037f1a   pbbs_wordCounts     0.14%     5.829GiB / 96GiB    6.07%     0B / 0B   1.02GB / 74.2MB   52
2024-11-15 00:15:46.963988
CONTAINER ID   NAME                CPU %     MEM USAGE / LIMIT   MEM %     NET I/O   BLOCK I/O         PIDS
c1290c6260c6   pbbs_wordCounts_1   0.12%     5.65GiB / 96GiB     5.89%     0B / 0B   816MB / 75.6MB    52
781c23037f1a   pbbs_wordCounts     0.14%     5.829GiB / 96GiB    6.07%     0B / 0B   1.02GB / 74.2MB   52
2024-11-15 00:15:48.976436
CONTAINER ID   NAME                CPU %     MEM USAGE / LIMIT   MEM %     NET I/O   BLOCK I/O         PIDS
c1290c6260c6   pbbs_wordCounts_1   0.13%     5.65GiB / 96GiB     5.89%     0B / 0B   816MB / 75.6MB    52
781c23037f1a   pbbs_wordCounts     0.13%     5.829GiB / 96GiB    6.07%     0B / 0B   1.02GB / 74.2MB   52
2024-11-15 00:15:50.987231
CONTAINER ID   NAME                CPU %     MEM USAGE / LIMIT   MEM %     NET I/O   BLOCK I/O         PIDS
c1290c6260c6   pbbs_wordCounts_1   0.13%     5.65GiB / 96GiB     5.89%     0B / 0B   816MB / 75.6MB    52
781c23037f1a   pbbs_wordCounts     0.13%     5.829GiB / 96GiB    6.07%     0B / 0B   1.02GB / 74.2MB   52
2024-11-15 00:15:53.001582
CONTAINER ID   NAME                CPU %     MEM USAGE / LIMIT   MEM %     NET I/O   BLOCK I/O         PIDS
c1290c6260c6   pbbs_wordCounts_1   0.13%     5.65GiB / 96GiB     5.89%     0B / 0B   816MB / 75.6MB    52
781c23037f1a   pbbs_wordCounts     0.13%     5.829GiB / 96GiB    6.07%     0B / 0B   1.02GB / 74.2MB   52
2024-11-15 00:15:55.010784
CONTAINER ID   NAME                CPU %     MEM USAGE / LIMIT   MEM %     NET I/O   BLOCK I/O         PIDS
c1290c6260c6   pbbs_wordCounts_1   0.13%     5.65GiB / 96GiB     5.89%     0B / 0B   816MB / 75.6MB    52
781c23037f1a   pbbs_wordCounts     0.13%     5.829GiB / 96GiB    6.07%     0B / 0B   1.02GB / 74.2MB   52
2024-11-15 00:15:57.022065
CONTAINER ID   NAME                CPU %     MEM USAGE / LIMIT   MEM %     NET I/O   BLOCK I/O         PIDS
c1290c6260c6   pbbs_wordCounts_1   0.13%     5.65GiB / 96GiB     5.89%     0B / 0B   816MB / 75.6MB    52
781c23037f1a   pbbs_wordCounts     0.13%     5.829GiB / 96GiB    6.07%     0B / 0B   1.02GB / 74.2MB   52
2024-11-15 00:15:59.033644
CONTAINER ID   NAME                CPU %     MEM USAGE / LIMIT   MEM %     NET I/O   BLOCK I/O         PIDS
c1290c6260c6   pbbs_wordCounts_1   0.14%     5.65GiB / 96GiB     5.89%     0B / 0B   816MB / 75.6MB    52
781c23037f1a   pbbs_wordCounts     0.13%     5.829GiB / 96GiB    6.07%     0B / 0B   1.02GB / 74.2MB   52
2024-11-15 00:16:01.047513
CONTAINER ID   NAME                CPU %     MEM USAGE / LIMIT   MEM %     NET I/O   BLOCK I/O         PIDS
c1290c6260c6   pbbs_wordCounts_1   0.14%     5.65GiB / 96GiB     5.89%     0B / 0B   816MB / 75.6MB    52
781c23037f1a   pbbs_wordCounts     0.13%     5.829GiB / 96GiB    6.07%     0B / 0B   1.02GB / 74.2MB   52
2024-11-15 00:16:03.059120
CONTAINER ID   NAME                CPU %     MEM USAGE / LIMIT   MEM %     NET I/O   BLOCK I/O         PIDS
c1290c6260c6   pbbs_wordCounts_1   0.13%     5.65GiB / 96GiB     5.89%     0B / 0B   816MB / 75.6MB    52
781c23037f1a   pbbs_wordCounts     0.14%     5.829GiB / 96GiB    6.07%     0B / 0B   1.02GB / 74.2MB   52
2024-11-15 00:16:05.073867
CONTAINER ID   NAME                CPU %      MEM USAGE / LIMIT   MEM %     NET I/O   BLOCK I/O         PIDS
c1290c6260c6   pbbs_wordCounts_1   3181.13%   8.487GiB / 96GiB    8.84%     0B / 0B   816MB / 75.6MB    52
781c23037f1a   pbbs_wordCounts     2626.12%   7.481GiB / 96GiB    7.79%     0B / 0B   1.02GB / 74.2MB   52
2024-11-15 00:16:07.086667
CONTAINER ID   NAME                CPU %      MEM USAGE / LIMIT   MEM %     NET I/O   BLOCK I/O         PIDS
c1290c6260c6   pbbs_wordCounts_1   3191.41%   13.19GiB / 96GiB    13.74%    0B / 0B   816MB / 75.6MB    52
781c23037f1a   pbbs_wordCounts     3832.15%   13.98GiB / 96GiB    14.56%    0B / 0B   1.02GB / 74.2MB   52
2024-11-15 00:16:09.102292
CONTAINER ID   NAME                CPU %      MEM USAGE / LIMIT   MEM %     NET I/O   BLOCK I/O         PIDS
c1290c6260c6   pbbs_wordCounts_1   4803.08%   11.17GiB / 96GiB    11.64%    0B / 0B   816MB / 75.6MB    52
781c23037f1a   pbbs_wordCounts     4784.18%   10.91GiB / 96GiB    11.36%    0B / 0B   1.02GB / 74.2MB   52
2024-11-15 00:16:11.127227
CONTAINER ID   NAME                CPU %     MEM USAGE / LIMIT   MEM %     NET I/O   BLOCK I/O         PIDS
c1290c6260c6   pbbs_wordCounts_1   488.65%   6.549GiB / 96GiB    6.82%     0B / 0B   816MB / 75.6MB    52
781c23037f1a   pbbs_wordCounts     653.82%   6.452GiB / 96GiB    6.72%     0B / 0B   1.02GB / 74.2MB   52
2024-11-15 00:16:13.139748
CONTAINER ID   NAME                CPU %      MEM USAGE / LIMIT   MEM %     NET I/O   BLOCK I/O         PIDS
c1290c6260c6   pbbs_wordCounts_1   2130.42%   11.11GiB / 96GiB    11.57%    0B / 0B   816MB / 75.6MB    52
781c23037f1a   pbbs_wordCounts     4714.43%   15.66GiB / 96GiB    16.32%    0B / 0B   1.02GB / 74.2MB   52
2024-11-15 00:16:16.241012
CONTAINER ID   NAME                CPU %      MEM USAGE / LIMIT   MEM %     NET I/O   BLOCK I/O         PIDS
c1290c6260c6   pbbs_wordCounts_1   4767.07%   13.18GiB / 96GiB    13.73%    0B / 0B   816MB / 75.6MB    52
781c23037f1a   pbbs_wordCounts     4780.96%   13.32GiB / 96GiB    13.88%    0B / 0B   1.02GB / 74.2MB   52
2024-11-15 00:16:18.256039
CONTAINER ID   NAME                CPU %      MEM USAGE / LIMIT   MEM %     NET I/O   BLOCK I/O         PIDS
c1290c6260c6   pbbs_wordCounts_1   1012.33%   5.712GiB / 96GiB    5.95%     0B / 0B   816MB / 75.6MB    52
781c23037f1a   pbbs_wordCounts     1017.05%   5.9GiB / 96GiB      6.15%     0B / 0B   1.02GB / 74.2MB   52
2024-11-15 00:16:20.266264
CONTAINER ID   NAME                CPU %      MEM USAGE / LIMIT   MEM %     NET I/O   BLOCK I/O         PIDS
c1290c6260c6   pbbs_wordCounts_1   4753.72%   15.81GiB / 96GiB    16.47%    0B / 0B   816MB / 75.6MB    52
781c23037f1a   pbbs_wordCounts     4720.56%   16GiB / 96GiB       16.66%    0B / 0B   1.02GB / 74.2MB   52
2024-11-15 00:16:22.285575
CONTAINER ID   NAME                CPU %      MEM USAGE / LIMIT   MEM %     NET I/O   BLOCK I/O         PIDS
c1290c6260c6   pbbs_wordCounts_1   3579.26%   8.605GiB / 96GiB    8.96%     0B / 0B   816MB / 75.6MB    52
781c23037f1a   pbbs_wordCounts     3562.22%   8.781GiB / 96GiB    9.15%     0B / 0B   1.02GB / 74.2MB   52
2024-11-15 00:16:24.295564
CONTAINER ID   NAME                CPU %      MEM USAGE / LIMIT   MEM %     NET I/O   BLOCK I/O         PIDS
c1290c6260c6   pbbs_wordCounts_1   3434.82%   13.37GiB / 96GiB    13.92%    0B / 0B   816MB / 75.6MB    52
781c23037f1a   pbbs_wordCounts     3511.42%   13.59GiB / 96GiB    14.15%    0B / 0B   1.02GB / 74.2MB   52
2024-11-15 00:16:26.314577
CONTAINER ID   NAME                CPU %      MEM USAGE / LIMIT   MEM %     NET I/O   BLOCK I/O         PIDS
c1290c6260c6   pbbs_wordCounts_1   4779.24%   10.78GiB / 96GiB    11.23%    0B / 0B   816MB / 75.6MB    52
781c23037f1a   pbbs_wordCounts     4755.56%   10.97GiB / 96GiB    11.43%    0B / 0B   1.02GB / 74.2MB   52
2024-11-15 00:16:28.328022
CONTAINER ID   NAME                CPU %     MEM USAGE / LIMIT   MEM %     NET I/O   BLOCK I/O         PIDS
c1290c6260c6   pbbs_wordCounts_1   893.99%   7.645GiB / 96GiB    7.96%     0B / 0B   816MB / 75.6MB    52
781c23037f1a   pbbs_wordCounts     853.15%   7.73GiB / 96GiB     8.05%     0B / 0B   1.02GB / 74.2MB   52
2024-11-15 00:16:30.338186
CONTAINER ID   NAME                CPU %      MEM USAGE / LIMIT   MEM %     NET I/O   BLOCK I/O         PIDS
c1290c6260c6   pbbs_wordCounts_1   4733.02%   15.34GiB / 96GiB    15.97%    0B / 0B   816MB / 75.6MB    52
781c23037f1a   pbbs_wordCounts     1979.13%   11.19GiB / 96GiB    11.65%    0B / 0B   1.02GB / 74.2MB   52
2024-11-15 00:16:33.533546
CONTAINER ID   NAME                CPU %      MEM USAGE / LIMIT   MEM %     NET I/O   BLOCK I/O         PIDS
c1290c6260c6   pbbs_wordCounts_1   4744.83%   13.14GiB / 96GiB    13.69%    0B / 0B   816MB / 75.6MB    52
781c23037f1a   pbbs_wordCounts     4739.55%   13.36GiB / 96GiB    13.92%    0B / 0B   1.02GB / 74.2MB   52
2024-11-15 00:16:35.556755
CONTAINER ID   NAME                CPU %     MEM USAGE / LIMIT   MEM %     NET I/O   BLOCK I/O         PIDS
c1290c6260c6   pbbs_wordCounts_1   995.89%   5.755GiB / 96GiB    5.99%     0B / 0B   816MB / 75.6MB    52
781c23037f1a   pbbs_wordCounts     943.06%   5.945GiB / 96GiB    6.19%     0B / 0B   1.02GB / 74.2MB   52
2024-11-15 00:16:37.563117
CONTAINER ID   NAME                CPU %      MEM USAGE / LIMIT   MEM %     NET I/O   BLOCK I/O         PIDS
c1290c6260c6   pbbs_wordCounts_1   4747.15%   15.85GiB / 96GiB    16.51%    0B / 0B   816MB / 75.6MB    52
781c23037f1a   pbbs_wordCounts     4718.26%   16.04GiB / 96GiB    16.71%    0B / 0B   1.02GB / 74.2MB   52
2024-11-15 00:16:39.578700
CONTAINER ID   NAME                CPU %      MEM USAGE / LIMIT   MEM %     NET I/O   BLOCK I/O         PIDS
c1290c6260c6   pbbs_wordCounts_1   3743.57%   8.96GiB / 96GiB     9.33%     0B / 0B   816MB / 75.6MB    52
781c23037f1a   pbbs_wordCounts     3973.68%   9.637GiB / 96GiB    10.04%    0B / 0B   1.02GB / 74.2MB   52
2024-11-15 00:16:41.590727
CONTAINER ID   NAME                CPU %      MEM USAGE / LIMIT   MEM %     NET I/O   BLOCK I/O         PIDS
c1290c6260c6   pbbs_wordCounts_1   3532.22%   8.64GiB / 96GiB     9.00%     0B / 0B   816MB / 75.6MB    52
781c23037f1a   pbbs_wordCounts     1608.35%   9.279GiB / 96GiB    9.67%     0B / 0B   1.02GB / 74.2MB   52
2024-11-15 00:16:44.885186
CONTAINER ID   NAME                CPU %      MEM USAGE / LIMIT   MEM %     NET I/O   BLOCK I/O         PIDS
c1290c6260c6   pbbs_wordCounts_1   3415.79%   12.99GiB / 96GiB    13.53%    0B / 0B   816MB / 75.6MB    52
781c23037f1a   pbbs_wordCounts     3108.78%   12.81GiB / 96GiB    13.34%    0B / 0B   1.02GB / 74.2MB   52
2024-11-15 00:16:46.898294
CONTAINER ID   NAME                CPU %      MEM USAGE / LIMIT   MEM %     NET I/O   BLOCK I/O         PIDS
c1290c6260c6   pbbs_wordCounts_1   4749.89%   11.67GiB / 96GiB    12.16%    0B / 0B   816MB / 75.6MB    52
781c23037f1a   pbbs_wordCounts     4775.54%   12.87GiB / 96GiB    13.41%    0B / 0B   1.02GB / 74.2MB   52
2024-11-15 00:16:48.921084
CONTAINER ID   NAME                CPU %     MEM USAGE / LIMIT   MEM %     NET I/O   BLOCK I/O         PIDS
c1290c6260c6   pbbs_wordCounts_1   708.19%   5.776GiB / 96GiB    6.02%     0B / 0B   816MB / 75.6MB    52
781c23037f1a   pbbs_wordCounts     763.19%   5.971GiB / 96GiB    6.22%     0B / 0B   1.02GB / 74.2MB   52
2024-11-15 00:16:50.929980
CONTAINER ID   NAME                CPU %      MEM USAGE / LIMIT   MEM %     NET I/O   BLOCK I/O         PIDS
c1290c6260c6   pbbs_wordCounts_1   4759.16%   15.69GiB / 96GiB    16.34%    0B / 0B   816MB / 75.6MB    52
781c23037f1a   pbbs_wordCounts     4758.98%   16.06GiB / 96GiB    16.73%    0B / 0B   1.02GB / 74.2MB   52
2024-11-15 00:16:52.946911
CONTAINER ID   NAME                CPU %      MEM USAGE / LIMIT   MEM %     NET I/O   BLOCK I/O         PIDS
c1290c6260c6   pbbs_wordCounts_1   3641.90%   8.804GiB / 96GiB    9.17%     0B / 0B   816MB / 75.6MB    52
781c23037f1a   pbbs_wordCounts     3717.96%   9.12GiB / 96GiB     9.50%     0B / 0B   1.02GB / 74.2MB   52
2024-11-15 00:16:54.960573
CONTAINER ID   NAME                CPU %      MEM USAGE / LIMIT   MEM %     NET I/O   BLOCK I/O         PIDS
c1290c6260c6   pbbs_wordCounts_1   2990.20%   7.785GiB / 96GiB    8.11%     0B / 0B   816MB / 75.6MB    52
781c23037f1a   pbbs_wordCounts     2269.34%   11.14GiB / 96GiB    11.60%    0B / 0B   1.02GB / 74.2MB   52
2024-11-15 00:16:58.190909
CONTAINER ID   NAME                CPU %      MEM USAGE / LIMIT   MEM %     NET I/O   BLOCK I/O         PIDS
c1290c6260c6   pbbs_wordCounts_1   4165.14%   14.63GiB / 96GiB    15.24%    0B / 0B   816MB / 75.6MB    52
781c23037f1a   pbbs_wordCounts     4025.58%   14.72GiB / 96GiB    15.33%    0B / 0B   1.02GB / 74.2MB   52
2024-11-15 00:17:00.203078
CONTAINER ID   NAME                CPU %      MEM USAGE / LIMIT   MEM %     NET I/O   BLOCK I/O         PIDS
c1290c6260c6   pbbs_wordCounts_1   4772.36%   10.85GiB / 96GiB    11.30%    0B / 0B   816MB / 75.6MB    52
781c23037f1a   pbbs_wordCounts     4755.68%   11.04GiB / 96GiB    11.50%    0B / 0B   1.02GB / 74.2MB   52
2024-11-15 00:17:02.218338
CONTAINER ID   NAME                CPU %      MEM USAGE / LIMIT   MEM %     NET I/O   BLOCK I/O         PIDS
c1290c6260c6   pbbs_wordCounts_1   1376.36%   7.841GiB / 96GiB    8.17%     0B / 0B   816MB / 75.6MB    52
781c23037f1a   pbbs_wordCounts     1239.84%   8.107GiB / 96GiB    8.45%     0B / 0B   1.02GB / 74.2MB   52
2024-11-15 00:17:04.230302
CONTAINER ID   NAME                CPU %      MEM USAGE / LIMIT   MEM %     NET I/O   BLOCK I/O         PIDS
c1290c6260c6   pbbs_wordCounts_1   2095.99%   10.08GiB / 96GiB    10.50%    0B / 0B   816MB / 75.6MB    52
781c23037f1a   pbbs_wordCounts     4754.66%   15.8GiB / 96GiB     16.46%    0B / 0B   1.02GB / 74.2MB   52
2024-11-15 00:17:07.447933
CONTAINER ID   NAME                CPU %      MEM USAGE / LIMIT   MEM %     NET I/O   BLOCK I/O         PIDS
c1290c6260c6   pbbs_wordCounts_1   2595.75%   11.39GiB / 96GiB    11.87%    0B / 0B   816MB / 75.6MB    52
781c23037f1a   pbbs_wordCounts     4767.57%   15.16GiB / 96GiB    15.79%    0B / 0B   1.02GB / 74.2MB   52
2024-11-15 00:17:10.714444
CONTAINER ID   NAME                CPU %      MEM USAGE / LIMIT   MEM %     NET I/O   BLOCK I/O         PIDS
c1290c6260c6   pbbs_wordCounts_1   4762.51%   13.1GiB / 96GiB     13.65%    0B / 0B   816MB / 75.6MB    52
781c23037f1a   pbbs_wordCounts     4751.47%   13.38GiB / 96GiB    13.94%    0B / 0B   1.02GB / 74.2MB   52
2024-11-15 00:17:12.736559
CONTAINER ID   NAME                CPU %     MEM USAGE / LIMIT   MEM %     NET I/O   BLOCK I/O         PIDS
c1290c6260c6   pbbs_wordCounts_1   852.65%   5.821GiB / 96GiB    6.06%     0B / 0B   816MB / 75.6MB    52
781c23037f1a   pbbs_wordCounts     761.93%   6.009GiB / 96GiB    6.26%     0B / 0B   1.02GB / 74.2MB   52
2024-11-15 00:17:14.743246
CONTAINER ID   NAME                CPU %      MEM USAGE / LIMIT   MEM %     NET I/O   BLOCK I/O         PIDS
c1290c6260c6   pbbs_wordCounts_1   4802.04%   15.88GiB / 96GiB    16.54%    0B / 0B   816MB / 75.6MB    52
781c23037f1a   pbbs_wordCounts     4752.04%   16.1GiB / 96GiB     16.77%    0B / 0B   1.02GB / 74.2MB   52
2024-11-15 00:17:16.757534
CONTAINER ID   NAME                CPU %      MEM USAGE / LIMIT   MEM %     NET I/O   BLOCK I/O         PIDS
c1290c6260c6   pbbs_wordCounts_1   3627.10%   8.795GiB / 96GiB    9.16%     0B / 0B   816MB / 75.6MB    52
781c23037f1a   pbbs_wordCounts     3617.83%   8.984GiB / 96GiB    9.36%     0B / 0B   1.02GB / 74.2MB   52
2024-11-15 00:17:18.774617
CONTAINER ID   NAME                CPU %      MEM USAGE / LIMIT   MEM %     NET I/O   BLOCK I/O         PIDS
c1290c6260c6   pbbs_wordCounts_1   3745.37%   8.91GiB / 96GiB     9.28%     0B / 0B   816MB / 75.6MB    52
781c23037f1a   pbbs_wordCounts     1628.87%   9.108GiB / 96GiB    9.49%     0B / 0B   1.02GB / 74.2MB   52
2024-11-15 00:17:22.178780
CONTAINER ID   NAME                CPU %      MEM USAGE / LIMIT   MEM %     NET I/O   BLOCK I/O         PIDS
c1290c6260c6   pbbs_wordCounts_1   1669.42%   8.936GiB / 96GiB    9.31%     0B / 0B   816MB / 75.6MB    52
781c23037f1a   pbbs_wordCounts     3889.62%   9.407GiB / 96GiB    9.80%     0B / 0B   1.02GB / 74.2MB   52
2024-11-15 00:17:25.582175
CONTAINER ID   NAME                CPU %      MEM USAGE / LIMIT   MEM %     NET I/O   BLOCK I/O         PIDS
c1290c6260c6   pbbs_wordCounts_1   2868.10%   7.673GiB / 96GiB    7.99%     0B / 0B   816MB / 75.6MB    52
781c23037f1a   pbbs_wordCounts     2016.50%   11.35GiB / 96GiB    11.83%    0B / 0B   1.02GB / 74.2MB   52
2024-11-15 00:17:28.832412
CONTAINER ID   NAME                CPU %      MEM USAGE / LIMIT   MEM %     NET I/O   BLOCK I/O         PIDS
c1290c6260c6   pbbs_wordCounts_1   4211.46%   14.86GiB / 96GiB    15.48%    0B / 0B   816MB / 75.6MB    52
781c23037f1a   pbbs_wordCounts     4208.09%   15.08GiB / 96GiB    15.71%    0B / 0B   1.02GB / 74.2MB   52
2024-11-15 00:17:30.849114
CONTAINER ID   NAME                CPU %      MEM USAGE / LIMIT   MEM %     NET I/O   BLOCK I/O         PIDS
c1290c6260c6   pbbs_wordCounts_1   4779.24%   10.89GiB / 96GiB    11.34%    0B / 0B   816MB / 75.6MB    52
781c23037f1a   pbbs_wordCounts     4797.40%   11.08GiB / 96GiB    11.54%    0B / 0B   1.02GB / 74.2MB   52
2024-11-15 00:17:32.865352
CONTAINER ID   NAME                CPU %      MEM USAGE / LIMIT   MEM %     NET I/O   BLOCK I/O         PIDS
c1290c6260c6   pbbs_wordCounts_1   3497.28%   8.594GiB / 96GiB    8.95%     0B / 0B   816MB / 75.6MB    52
781c23037f1a   pbbs_wordCounts     1560.16%   9.9GiB / 96GiB      10.31%    0B / 0B   1.02GB / 74.2MB   52
2024-11-15 00:17:35.879341
CONTAINER ID   NAME                CPU %      MEM USAGE / LIMIT   MEM %     NET I/O   BLOCK I/O         PIDS
c1290c6260c6   pbbs_wordCounts_1   3629.24%   13.72GiB / 96GiB    14.29%    0B / 0B   816MB / 75.6MB    52
781c23037f1a   pbbs_wordCounts     3553.21%   13.9GiB / 96GiB     14.48%    0B / 0B   1.02GB / 74.2MB   52
2024-11-15 00:17:37.897365
CONTAINER ID   NAME                CPU %      MEM USAGE / LIMIT   MEM %     NET I/O   BLOCK I/O         PIDS
c1290c6260c6   pbbs_wordCounts_1   4798.24%   10.9GiB / 96GiB     11.35%    0B / 0B   816MB / 75.6MB    52
781c23037f1a   pbbs_wordCounts     4766.01%   11.09GiB / 96GiB    11.55%    0B / 0B   1.02GB / 74.2MB   52
2024-11-15 00:17:39.912230
CONTAINER ID   NAME                CPU %      MEM USAGE / LIMIT   MEM %     NET I/O   BLOCK I/O         PIDS
c1290c6260c6   pbbs_wordCounts_1   1064.99%   7.906GiB / 96GiB    8.23%     0B / 0B   816MB / 75.6MB    52
781c23037f1a   pbbs_wordCounts     1051.90%   8.166GiB / 96GiB    8.51%     0B / 0B   1.02GB / 74.2MB   52
2024-11-15 00:17:41.919212
CONTAINER ID   NAME                CPU %      MEM USAGE / LIMIT   MEM %     NET I/O   BLOCK I/O         PIDS
c1290c6260c6   pbbs_wordCounts_1   4769.76%   14.61GiB / 96GiB    15.22%    0B / 0B   816MB / 75.6MB    52
781c23037f1a   pbbs_wordCounts     4771.85%   14.71GiB / 96GiB    15.32%    0B / 0B   1.02GB / 74.2MB   52
2024-11-15 00:17:43.939033
CONTAINER ID   NAME                CPU %      MEM USAGE / LIMIT   MEM %     NET I/O   BLOCK I/O         PIDS
c1290c6260c6   pbbs_wordCounts_1   2295.41%   6.924GiB / 96GiB    7.21%     0B / 0B   816MB / 75.6MB    52
781c23037f1a   pbbs_wordCounts     2088.91%   6.747GiB / 96GiB    7.03%     0B / 0B   1.02GB / 74.2MB   52
2024-11-15 00:17:45.947713
CONTAINER ID   NAME                CPU %      MEM USAGE / LIMIT   MEM %     NET I/O   BLOCK I/O         PIDS
c1290c6260c6   pbbs_wordCounts_1   4709.40%   15.82GiB / 96GiB    16.48%    0B / 0B   816MB / 75.6MB    52
781c23037f1a   pbbs_wordCounts     4746.08%   16.15GiB / 96GiB    16.82%    0B / 0B   1.02GB / 74.2MB   52
2024-11-15 00:17:47.963143
CONTAINER ID   NAME                CPU %      MEM USAGE / LIMIT   MEM %     NET I/O   BLOCK I/O         PIDS
c1290c6260c6   pbbs_wordCounts_1   4808.04%   10.77GiB / 96GiB    11.22%    0B / 0B   816MB / 75.6MB    52
781c23037f1a   pbbs_wordCounts     4809.84%   11.04GiB / 96GiB    11.50%    0B / 0B   1.02GB / 74.2MB   52
2024-11-15 00:17:49.975244
CONTAINER ID   NAME                CPU %      MEM USAGE / LIMIT   MEM %     NET I/O   BLOCK I/O         PIDS
c1290c6260c6   pbbs_wordCounts_1   3303.11%   8.39GiB / 96GiB     8.74%     0B / 0B   816MB / 75.6MB    52
781c23037f1a   pbbs_wordCounts     1599.42%   10.21GiB / 96GiB    10.64%    0B / 0B   1.02GB / 74.2MB   52
2024-11-15 00:17:53.104321
CONTAINER ID   NAME                CPU %      MEM USAGE / LIMIT   MEM %     NET I/O   BLOCK I/O         PIDS
c1290c6260c6   pbbs_wordCounts_1   3775.92%   14.02GiB / 96GiB    14.60%    0B / 0B   816MB / 75.6MB    52
781c23037f1a   pbbs_wordCounts     3577.95%   14.06GiB / 96GiB    14.65%    0B / 0B   1.02GB / 74.2MB   52
2024-11-15 00:17:55.121632
CONTAINER ID   NAME                CPU %      MEM USAGE / LIMIT   MEM %     NET I/O   BLOCK I/O         PIDS
c1290c6260c6   pbbs_wordCounts_1   4782.05%   10.92GiB / 96GiB    11.37%    0B / 0B   816MB / 75.6MB    52
781c23037f1a   pbbs_wordCounts     4766.52%   11.1GiB / 96GiB     11.57%    0B / 0B   1.02GB / 74.2MB   52
2024-11-15 00:17:57.136717
CONTAINER ID   NAME                CPU %      MEM USAGE / LIMIT   MEM %     NET I/O   BLOCK I/O         PIDS
c1290c6260c6   pbbs_wordCounts_1   1252.86%   8.503GiB / 96GiB    8.86%     0B / 0B   816MB / 75.6MB    52
781c23037f1a   pbbs_wordCounts     1175.07%   8.859GiB / 96GiB    9.23%     0B / 0B   1.02GB / 74.2MB   52
2024-11-15 00:17:59.143948
CONTAINER ID   NAME                CPU %      MEM USAGE / LIMIT   MEM %     NET I/O   BLOCK I/O         PIDS
c1290c6260c6   pbbs_wordCounts_1   4742.04%   14.33GiB / 96GiB    14.93%    0B / 0B   816MB / 75.6MB    52
781c23037f1a   pbbs_wordCounts     4763.57%   14.46GiB / 96GiB    15.06%    0B / 0B   1.02GB / 74.2MB   52
2024-11-15 00:18:01.162609
CONTAINER ID   NAME                CPU %      MEM USAGE / LIMIT   MEM %     NET I/O   BLOCK I/O         PIDS
c1290c6260c6   pbbs_wordCounts_1   1829.76%   6.176GiB / 96GiB    6.43%     0B / 0B   816MB / 75.6MB    52
781c23037f1a   pbbs_wordCounts     1734.04%   6.227GiB / 96GiB    6.49%     0B / 0B   1.02GB / 74.2MB   52
2024-11-15 00:18:03.185597
CONTAINER ID   NAME                CPU %      MEM USAGE / LIMIT   MEM %     NET I/O   BLOCK I/O         PIDS
c1290c6260c6   pbbs_wordCounts_1   4745.50%   15.97GiB / 96GiB    16.64%    0B / 0B   816MB / 75.6MB    52
781c23037f1a   pbbs_wordCounts     4761.51%   16.16GiB / 96GiB    16.83%    0B / 0B   1.02GB / 74.2MB   52
2024-11-15 00:18:05.200666
CONTAINER ID   NAME                CPU %      MEM USAGE / LIMIT   MEM %     NET I/O   BLOCK I/O         PIDS
c1290c6260c6   pbbs_wordCounts_1   4372.33%   9.89GiB / 96GiB     10.30%    0B / 0B   816MB / 75.6MB    52
781c23037f1a   pbbs_wordCounts     4328.82%   10.08GiB / 96GiB    10.50%    0B / 0B   1.02GB / 74.2MB   52
2024-11-15 00:18:07.212087
CONTAINER ID   NAME                CPU %      MEM USAGE / LIMIT   MEM %     NET I/O   BLOCK I/O         PIDS
c1290c6260c6   pbbs_wordCounts_1   1646.43%   10.23GiB / 96GiB    10.66%    0B / 0B   816MB / 75.6MB    52
781c23037f1a   pbbs_wordCounts     3316.94%   8.557GiB / 96GiB    8.91%     0B / 0B   1.02GB / 74.2MB   52
2024-11-15 00:18:10.481475
CONTAINER ID   NAME                CPU %      MEM USAGE / LIMIT   MEM %     NET I/O   BLOCK I/O         PIDS
c1290c6260c6   pbbs_wordCounts_1   3774.99%   14.09GiB / 96GiB    14.68%    0B / 0B   816MB / 75.6MB    52
781c23037f1a   pbbs_wordCounts     3667.65%   14.24GiB / 96GiB    14.84%    0B / 0B   1.02GB / 74.2MB   52
2024-11-15 00:18:12.499132
CONTAINER ID   NAME                CPU %      MEM USAGE / LIMIT   MEM %     NET I/O   BLOCK I/O         PIDS
c1290c6260c6   pbbs_wordCounts_1   4781.31%   10.93GiB / 96GiB    11.38%    0B / 0B   816MB / 75.6MB    52
781c23037f1a   pbbs_wordCounts     4781.75%   11.12GiB / 96GiB    11.58%    0B / 0B   1.02GB / 74.2MB   52
2024-11-15 00:18:14.515616
CONTAINER ID   NAME                CPU %      MEM USAGE / LIMIT   MEM %     NET I/O   BLOCK I/O         PIDS
c1290c6260c6   pbbs_wordCounts_1   1322.59%   9.018GiB / 96GiB    9.39%     0B / 0B   816MB / 75.6MB    52
781c23037f1a   pbbs_wordCounts     1148.10%   9.15GiB / 96GiB     9.53%     0B / 0B   1.02GB / 74.2MB   52
2024-11-15 00:18:16.522707
CONTAINER ID   NAME                CPU %      MEM USAGE / LIMIT   MEM %     NET I/O   BLOCK I/O         PIDS
c1290c6260c6   pbbs_wordCounts_1   4764.80%   15.44GiB / 96GiB    16.08%    0B / 0B   816MB / 75.6MB    52
781c23037f1a   pbbs_wordCounts     2150.84%   11.54GiB / 96GiB    12.02%    0B / 0B   1.02GB / 74.2MB   52
2024-11-15 00:18:19.803445
CONTAINER ID   NAME                CPU %      MEM USAGE / LIMIT   MEM %     NET I/O   BLOCK I/O         PIDS
c1290c6260c6   pbbs_wordCounts_1   4693.40%   12.93GiB / 96GiB    13.47%    0B / 0B   816MB / 75.6MB    52
781c23037f1a   pbbs_wordCounts     4731.10%   13.26GiB / 96GiB    13.81%    0B / 0B   1.02GB / 74.2MB   52
2024-11-15 00:18:21.822932
CONTAINER ID   NAME                CPU %      MEM USAGE / LIMIT   MEM %     NET I/O   BLOCK I/O         PIDS
c1290c6260c6   pbbs_wordCounts_1   1097.70%   5.89GiB / 96GiB     6.14%     0B / 0B   816MB / 75.6MB    52
781c23037f1a   pbbs_wordCounts     929.05%    6.08GiB / 96GiB     6.33%     0B / 0B   1.02GB / 74.2MB   52
2024-11-15 00:18:23.830215
CONTAINER ID   NAME                CPU %      MEM USAGE / LIMIT   MEM %     NET I/O   BLOCK I/O         PIDS
c1290c6260c6   pbbs_wordCounts_1   4749.26%   15.99GiB / 96GiB    16.65%    0B / 0B   816MB / 75.6MB    52
781c23037f1a   pbbs_wordCounts     4741.31%   16.18GiB / 96GiB    16.85%    0B / 0B   1.02GB / 74.2MB   52
2024-11-15 00:18:25.844773
CONTAINER ID   NAME                CPU %      MEM USAGE / LIMIT   MEM %     NET I/O   BLOCK I/O         PIDS
c1290c6260c6   pbbs_wordCounts_1   3437.56%   8.629GiB / 96GiB    8.99%     0B / 0B   816MB / 75.6MB    52
781c23037f1a   pbbs_wordCounts     3562.33%   9.1GiB / 96GiB      9.48%     0B / 0B   1.02GB / 74.2MB   52
2024-11-15 00:18:27.856664
CONTAINER ID   NAME                CPU %      MEM USAGE / LIMIT   MEM %     NET I/O   BLOCK I/O         PIDS
c1290c6260c6   pbbs_wordCounts_1   3600.19%   13.78GiB / 96GiB    14.36%    0B / 0B   816MB / 75.6MB    52
781c23037f1a   pbbs_wordCounts     3367.21%   13.74GiB / 96GiB    14.31%    0B / 0B   1.02GB / 74.2MB   52
2024-11-15 00:18:29.872914
CONTAINER ID   NAME      CPU %     MEM USAGE / LIMIT   MEM %     NET I/O   BLOCK I/O   PIDS
