2024-11-15 00:18:30.566290
CONTAINER ID   NAME      CPU %     MEM USAGE / LIMIT   MEM %     NET I/O   BLOCK I/O   PIDS
2024-11-15 00:18:31.205089
CONTAINER ID   NAME      CPU %     MEM USAGE / LIMIT   MEM %     NET I/O   BLOCK I/O   PIDS
2024-11-15 00:18:31.840177
CONTAINER ID   NAME      CPU %     MEM USAGE / LIMIT   MEM %     NET I/O   BLOCK I/O   PIDS
2024-11-15 00:18:32.475301
CONTAINER ID   NAME      CPU %     MEM USAGE / LIMIT   MEM %     NET I/O   BLOCK I/O   PIDS
2024-11-15 00:18:33.109239
CONTAINER ID   NAME      CPU %     MEM USAGE / LIMIT   MEM %     NET I/O   BLOCK I/O   PIDS
2024-11-15 00:18:33.743238
CONTAINER ID   NAME      CPU %     MEM USAGE / LIMIT   MEM %     NET I/O   BLOCK I/O   PIDS
2024-11-15 00:18:34.377042
CONTAINER ID   NAME      CPU %     MEM USAGE / LIMIT   MEM %     NET I/O   BLOCK I/O   PIDS
2024-11-15 00:18:35.009176
CONTAINER ID   NAME      CPU %     MEM USAGE / LIMIT   MEM %     NET I/O   BLOCK I/O   PIDS
2024-11-15 00:18:35.641617
CONTAINER ID   NAME      CPU %     MEM USAGE / LIMIT   MEM %     NET I/O   BLOCK I/O   PIDS
2024-11-15 00:18:36.274781
CONTAINER ID   NAME      CPU %     MEM USAGE / LIMIT   MEM %     NET I/O   BLOCK I/O   PIDS
2024-11-15 00:18:36.906312
CONTAINER ID   NAME      CPU %     MEM USAGE / LIMIT   MEM %     NET I/O   BLOCK I/O   PIDS
2024-11-15 00:18:37.539993
CONTAINER ID   NAME      CPU %     MEM USAGE / LIMIT   MEM %     NET I/O   BLOCK I/O   PIDS
2024-11-15 00:18:38.172087
CONTAINER ID   NAME      CPU %     MEM USAGE / LIMIT   MEM %     NET I/O   BLOCK I/O   PIDS
2024-11-15 00:18:38.805621
CONTAINER ID   NAME      CPU %     MEM USAGE / LIMIT   MEM %     NET I/O   BLOCK I/O   PIDS
2024-11-15 00:18:39.437435
CONTAINER ID   NAME      CPU %     MEM USAGE / LIMIT   MEM %     NET I/O   BLOCK I/O   PIDS
2024-11-15 00:18:40.070708
CONTAINER ID   NAME      CPU %     MEM USAGE / LIMIT   MEM %     NET I/O   BLOCK I/O   PIDS
2024-11-15 00:18:40.702848
CONTAINER ID   NAME      CPU %     MEM USAGE / LIMIT   MEM %     NET I/O   BLOCK I/O   PIDS
2024-11-15 00:18:41.334609
CONTAINER ID   NAME      CPU %     MEM USAGE / LIMIT   MEM %     NET I/O   BLOCK I/O   PIDS
2024-11-15 00:18:41.967579
CONTAINER ID   NAME      CPU %     MEM USAGE / LIMIT   MEM %     NET I/O   BLOCK I/O   PIDS
2024-11-15 00:18:42.599090
CONTAINER ID   NAME      CPU %     MEM USAGE / LIMIT   MEM %     NET I/O   BLOCK I/O   PIDS
2024-11-15 00:18:43.232267
CONTAINER ID   NAME      CPU %     MEM USAGE / LIMIT   MEM %     NET I/O   BLOCK I/O   PIDS
2024-11-15 00:18:43.863902
CONTAINER ID   NAME      CPU %     MEM USAGE / LIMIT   MEM %     NET I/O   BLOCK I/O   PIDS
2024-11-15 00:18:44.498072
CONTAINER ID   NAME      CPU %     MEM USAGE / LIMIT   MEM %     NET I/O   BLOCK I/O   PIDS
2024-11-15 00:18:45.130302
CONTAINER ID   NAME      CPU %     MEM USAGE / LIMIT   MEM %     NET I/O   BLOCK I/O   PIDS
2024-11-15 00:18:45.761962
CONTAINER ID   NAME      CPU %     MEM USAGE / LIMIT   MEM %     NET I/O   BLOCK I/O   PIDS
2024-11-15 00:18:46.395172
CONTAINER ID   NAME      CPU %     MEM USAGE / LIMIT   MEM %     NET I/O   BLOCK I/O   PIDS
2024-11-15 00:18:47.027231
CONTAINER ID   NAME      CPU %     MEM USAGE / LIMIT   MEM %     NET I/O   BLOCK I/O   PIDS
2024-11-15 00:18:47.659999
CONTAINER ID   NAME      CPU %     MEM USAGE / LIMIT   MEM %     NET I/O   BLOCK I/O   PIDS
2024-11-15 00:18:48.293471
CONTAINER ID   NAME      CPU %     MEM USAGE / LIMIT   MEM %     NET I/O   BLOCK I/O   PIDS
2024-11-15 00:18:48.925427
CONTAINER ID   NAME      CPU %     MEM USAGE / LIMIT   MEM %     NET I/O   BLOCK I/O   PIDS
2024-11-15 00:18:49.559025
CONTAINER ID   NAME      CPU %     MEM USAGE / LIMIT   MEM %     NET I/O   BLOCK I/O   PIDS
2024-11-15 00:18:50.191082
CONTAINER ID   NAME      CPU %     MEM USAGE / LIMIT   MEM %     NET I/O   BLOCK I/O   PIDS
2024-11-15 00:18:50.823986
CONTAINER ID   NAME                 CPU %     MEM USAGE / LIMIT   MEM %     NET I/O   BLOCK I/O     PIDS
7ac469a9bedd   pbbs_suffixArray_1   100.06%   300MiB / 96GiB      0.31%     0B / 0B   0B / 0B       5
3f0243e7c078   pbbs_suffixArray     100.44%   178.5MiB / 96GiB    0.18%     0B / 0B   24.6kB / 0B   5
2024-11-15 00:18:53.481755
CONTAINER ID   NAME                 CPU %     MEM USAGE / LIMIT   MEM %     NET I/O   BLOCK I/O     PIDS
7ac469a9bedd   pbbs_suffixArray_1   100.27%   355.2MiB / 96GiB    0.36%     0B / 0B   0B / 0B       5
3f0243e7c078   pbbs_suffixArray     100.21%   346.7MiB / 96GiB    0.35%     0B / 0B   24.6kB / 0B   5
2024-11-15 00:18:55.496295
CONTAINER ID   NAME                 CPU %     MEM USAGE / LIMIT   MEM %     NET I/O   BLOCK I/O     PIDS
7ac469a9bedd   pbbs_suffixArray_1   99.66%    402.2MiB / 96GiB    0.41%     0B / 0B   0B / 0B       5
3f0243e7c078   pbbs_suffixArray     99.64%    389.4MiB / 96GiB    0.40%     0B / 0B   24.6kB / 0B   5
2024-11-15 00:18:57.509482
CONTAINER ID   NAME                 CPU %     MEM USAGE / LIMIT   MEM %     NET I/O   BLOCK I/O         PIDS
7ac469a9bedd   pbbs_suffixArray_1   100.18%   194.5MiB / 96GiB    0.20%     0B / 0B   32.8kB / 16.4MB   5
3f0243e7c078   pbbs_suffixArray     100.06%   118MiB / 96GiB      0.12%     0B / 0B   24.6kB / 16.8MB   5
2024-11-15 00:18:59.526071
CONTAINER ID   NAME                 CPU %     MEM USAGE / LIMIT   MEM %     NET I/O   BLOCK I/O         PIDS
7ac469a9bedd   pbbs_suffixArray_1   99.51%    362.2MiB / 96GiB    0.37%     0B / 0B   32.8kB / 16.4MB   5
3f0243e7c078   pbbs_suffixArray     99.56%    346.6MiB / 96GiB    0.35%     0B / 0B   24.6kB / 16.8MB   5
2024-11-15 00:19:01.540477
CONTAINER ID   NAME                 CPU %     MEM USAGE / LIMIT   MEM %     NET I/O   BLOCK I/O         PIDS
7ac469a9bedd   pbbs_suffixArray_1   99.30%    406.4MiB / 96GiB    0.41%     0B / 0B   32.8kB / 16.4MB   5
3f0243e7c078   pbbs_suffixArray     99.17%    402.5MiB / 96GiB    0.41%     0B / 0B   24.6kB / 16.8MB   5
2024-11-15 00:19:03.555086
CONTAINER ID   NAME                 CPU %     MEM USAGE / LIMIT   MEM %     NET I/O   BLOCK I/O         PIDS
7ac469a9bedd   pbbs_suffixArray_1   100.09%   415.6MiB / 96GiB    0.42%     0B / 0B   32.8kB / 16.4MB   5
3f0243e7c078   pbbs_suffixArray     99.76%    415.5MiB / 96GiB    0.42%     0B / 0B   24.6kB / 16.8MB   5
2024-11-15 00:19:05.570234
CONTAINER ID   NAME                 CPU %     MEM USAGE / LIMIT   MEM %     NET I/O   BLOCK I/O         PIDS
7ac469a9bedd   pbbs_suffixArray_1   100.02%   416.7MiB / 96GiB    0.42%     0B / 0B   32.8kB / 16.4MB   5
3f0243e7c078   pbbs_suffixArray     99.97%    416.6MiB / 96GiB    0.42%     0B / 0B   24.6kB / 16.8MB   5
2024-11-15 00:19:07.586004
CONTAINER ID   NAME                 CPU %     MEM USAGE / LIMIT   MEM %     NET I/O   BLOCK I/O         PIDS
7ac469a9bedd   pbbs_suffixArray_1   99.57%    444.5MiB / 96GiB    0.45%     0B / 0B   32.8kB / 16.4MB   5
3f0243e7c078   pbbs_suffixArray     99.64%    447.5MiB / 96GiB    0.46%     0B / 0B   24.6kB / 16.8MB   5
2024-11-15 00:19:09.601909
CONTAINER ID   NAME                 CPU %     MEM USAGE / LIMIT   MEM %     NET I/O   BLOCK I/O         PIDS
7ac469a9bedd   pbbs_suffixArray_1   99.68%    493.8MiB / 96GiB    0.50%     0B / 0B   32.8kB / 16.4MB   5
3f0243e7c078   pbbs_suffixArray     94.04%    294MiB / 96GiB      0.30%     0B / 0B   24.6kB / 45.9MB   5
2024-11-15 00:19:11.614178
CONTAINER ID   NAME                 CPU %     MEM USAGE / LIMIT   MEM %     NET I/O   BLOCK I/O         PIDS
7ac469a9bedd   pbbs_suffixArray_1   99.27%    166.4MiB / 96GiB    0.17%     0B / 0B   32.8kB / 45.6MB   7
3f0243e7c078   pbbs_suffixArray     99.44%    195.7MiB / 96GiB    0.20%     0B / 0B   36.9kB / 45.9MB   7
2024-11-15 00:19:13.632913
CONTAINER ID   NAME                 CPU %     MEM USAGE / LIMIT   MEM %     NET I/O   BLOCK I/O         PIDS
7ac469a9bedd   pbbs_suffixArray_1   99.78%    322.5MiB / 96GiB    0.33%     0B / 0B   32.8kB / 45.6MB   7
3f0243e7c078   pbbs_suffixArray     100.24%   327.7MiB / 96GiB    0.33%     0B / 0B   36.9kB / 45.9MB   7
2024-11-15 00:19:15.645434
CONTAINER ID   NAME                 CPU %     MEM USAGE / LIMIT   MEM %     NET I/O   BLOCK I/O         PIDS
7ac469a9bedd   pbbs_suffixArray_1   100.20%   361.9MiB / 96GiB    0.37%     0B / 0B   32.8kB / 45.6MB   7
3f0243e7c078   pbbs_suffixArray     100.21%   368.4MiB / 96GiB    0.37%     0B / 0B   36.9kB / 45.9MB   7
2024-11-15 00:19:17.660447
CONTAINER ID   NAME                 CPU %     MEM USAGE / LIMIT   MEM %     NET I/O   BLOCK I/O         PIDS
7ac469a9bedd   pbbs_suffixArray_1   95.59%    83.75MiB / 96GiB    0.09%     0B / 0B   32.8kB / 68.9MB   6
3f0243e7c078   pbbs_suffixArray     775.43%   1.681GiB / 96GiB    1.75%     0B / 0B   45.1kB / 69.2MB   52
2024-11-15 00:19:19.678703
CONTAINER ID   NAME                 CPU %      MEM USAGE / LIMIT   MEM %     NET I/O   BLOCK I/O         PIDS
7ac469a9bedd   pbbs_suffixArray_1   4797.82%   11.53GiB / 96GiB    12.01%    0B / 0B   32.8kB / 68.9MB   52
3f0243e7c078   pbbs_suffixArray     4780.01%   15.88GiB / 96GiB    16.54%    0B / 0B   45.1kB / 69.2MB   52
2024-11-15 00:19:21.690517
CONTAINER ID   NAME                 CPU %      MEM USAGE / LIMIT   MEM %     NET I/O   BLOCK I/O         PIDS
7ac469a9bedd   pbbs_suffixArray_1   4811.62%   19.05GiB / 96GiB    19.84%    0B / 0B   32.8kB / 68.9MB   52
3f0243e7c078   pbbs_suffixArray     4790.38%   19.08GiB / 96GiB    19.88%    0B / 0B   45.1kB / 69.2MB   52
2024-11-15 00:19:23.700429
CONTAINER ID   NAME                 CPU %      MEM USAGE / LIMIT   MEM %     NET I/O   BLOCK I/O         PIDS
7ac469a9bedd   pbbs_suffixArray_1   4804.99%   28.02GiB / 96GiB    29.19%    0B / 0B   32.8kB / 68.9MB   52
3f0243e7c078   pbbs_suffixArray     3668.09%   26.84GiB / 96GiB    27.96%    0B / 0B   45.1kB / 69.2MB   52
2024-11-15 00:19:25.726758
CONTAINER ID   NAME                 CPU %      MEM USAGE / LIMIT   MEM %     NET I/O   BLOCK I/O         PIDS
7ac469a9bedd   pbbs_suffixArray_1   766.86%    21.28GiB / 96GiB    22.16%    0B / 0B   32.8kB / 68.9MB   52
3f0243e7c078   pbbs_suffixArray     2956.57%   28.08GiB / 96GiB    29.25%    0B / 0B   45.1kB / 69.2MB   52
2024-11-15 00:19:27.734768
CONTAINER ID   NAME                 CPU %      MEM USAGE / LIMIT   MEM %     NET I/O   BLOCK I/O         PIDS
7ac469a9bedd   pbbs_suffixArray_1   3860.29%   22.96GiB / 96GiB    23.92%    0B / 0B   32.8kB / 68.9MB   52
3f0243e7c078   pbbs_suffixArray     4757.09%   23.8GiB / 96GiB     24.79%    0B / 0B   45.1kB / 69.2MB   52
2024-11-15 00:19:29.767996
CONTAINER ID   NAME                 CPU %      MEM USAGE / LIMIT   MEM %     NET I/O   BLOCK I/O         PIDS
7ac469a9bedd   pbbs_suffixArray_1   3838.14%   21.4GiB / 96GiB     22.29%    0B / 0B   32.8kB / 68.9MB   52
3f0243e7c078   pbbs_suffixArray     2047.05%   18.94GiB / 96GiB    19.73%    0B / 0B   45.1kB / 69.2MB   52
2024-11-15 00:19:32.804278
CONTAINER ID   NAME                 CPU %      MEM USAGE / LIMIT   MEM %     NET I/O   BLOCK I/O         PIDS
7ac469a9bedd   pbbs_suffixArray_1   4744.13%   31.43GiB / 96GiB    32.73%    0B / 0B   32.8kB / 68.9MB   52
3f0243e7c078   pbbs_suffixArray     4808.39%   33.35GiB / 96GiB    34.74%    0B / 0B   45.1kB / 69.2MB   52
2024-11-15 00:19:34.817692
CONTAINER ID   NAME                 CPU %      MEM USAGE / LIMIT   MEM %     NET I/O   BLOCK I/O         PIDS
7ac469a9bedd   pbbs_suffixArray_1   4782.46%   39.74GiB / 96GiB    41.40%    0B / 0B   32.8kB / 68.9MB   52
3f0243e7c078   pbbs_suffixArray     4789.16%   39.74GiB / 96GiB    41.40%    0B / 0B   45.1kB / 69.2MB   52
2024-11-15 00:19:37.925633
CONTAINER ID   NAME                 CPU %      MEM USAGE / LIMIT   MEM %     NET I/O   BLOCK I/O         PIDS
7ac469a9bedd   pbbs_suffixArray_1   1810.20%   33.1GiB / 96GiB     34.48%    0B / 0B   32.8kB / 68.9MB   52
3f0243e7c078   pbbs_suffixArray     2050.12%   28.03GiB / 96GiB    29.20%    0B / 0B   45.1kB / 69.2MB   52
2024-11-15 00:19:39.937693
CONTAINER ID   NAME                 CPU %      MEM USAGE / LIMIT   MEM %     NET I/O   BLOCK I/O         PIDS
7ac469a9bedd   pbbs_suffixArray_1   3720.56%   24.95GiB / 96GiB    25.99%    0B / 0B   32.8kB / 68.9MB   52
3f0243e7c078   pbbs_suffixArray     4768.28%   27.46GiB / 96GiB    28.60%    0B / 0B   45.1kB / 69.2MB   52
2024-11-15 00:19:41.974756
CONTAINER ID   NAME                 CPU %      MEM USAGE / LIMIT   MEM %     NET I/O   BLOCK I/O         PIDS
7ac469a9bedd   pbbs_suffixArray_1   4693.19%   35.1GiB / 96GiB     36.56%    0B / 0B   32.8kB / 68.9MB   52
3f0243e7c078   pbbs_suffixArray     4785.73%   38.78GiB / 96GiB    40.40%    0B / 0B   45.1kB / 69.2MB   52
2024-11-15 00:19:43.984239
CONTAINER ID   NAME                 CPU %      MEM USAGE / LIMIT   MEM %     NET I/O   BLOCK I/O         PIDS
7ac469a9bedd   pbbs_suffixArray_1   4799.93%   41.06GiB / 96GiB    42.77%    0B / 0B   32.8kB / 68.9MB   52
3f0243e7c078   pbbs_suffixArray     4599.85%   40.56GiB / 96GiB    42.25%    0B / 0B   45.1kB / 69.2MB   52
2024-11-15 00:19:45.993439
CONTAINER ID   NAME                 CPU %      MEM USAGE / LIMIT   MEM %     NET I/O   BLOCK I/O         PIDS
7ac469a9bedd   pbbs_suffixArray_1   1464.33%   29.22GiB / 96GiB    30.44%    0B / 0B   32.8kB / 68.9MB   52
3f0243e7c078   pbbs_suffixArray     1957.48%   29.22GiB / 96GiB    30.44%    0B / 0B   45.1kB / 69.2MB   52
2024-11-15 00:19:48.016318
CONTAINER ID   NAME                 CPU %      MEM USAGE / LIMIT   MEM %     NET I/O   BLOCK I/O         PIDS
7ac469a9bedd   pbbs_suffixArray_1   4799.21%   32.15GiB / 96GiB    33.49%    0B / 0B   32.8kB / 68.9MB   52
3f0243e7c078   pbbs_suffixArray     4789.43%   32.14GiB / 96GiB    33.48%    0B / 0B   45.1kB / 69.2MB   52
2024-11-15 00:19:51.134565
CONTAINER ID   NAME                 CPU %      MEM USAGE / LIMIT   MEM %     NET I/O   BLOCK I/O         PIDS
7ac469a9bedd   pbbs_suffixArray_1   4769.35%   36.58GiB / 96GiB    38.11%    0B / 0B   32.8kB / 68.9MB   52
3f0243e7c078   pbbs_suffixArray     4786.10%   36.58GiB / 96GiB    38.10%    0B / 0B   45.1kB / 69.2MB   52
2024-11-15 00:19:54.348161
CONTAINER ID   NAME                 CPU %      MEM USAGE / LIMIT   MEM %     NET I/O   BLOCK I/O         PIDS
7ac469a9bedd   pbbs_suffixArray_1   4769.66%   37.07GiB / 96GiB    38.61%    0B / 0B   32.8kB / 68.9MB   52
3f0243e7c078   pbbs_suffixArray     4787.67%   37.35GiB / 96GiB    38.91%    0B / 0B   45.1kB / 69.2MB   52
2024-11-15 00:19:56.372853
CONTAINER ID   NAME                 CPU %      MEM USAGE / LIMIT   MEM %     NET I/O   BLOCK I/O         PIDS
7ac469a9bedd   pbbs_suffixArray_1   4793.56%   40.16GiB / 96GiB    41.83%    0B / 0B   32.8kB / 68.9MB   52
3f0243e7c078   pbbs_suffixArray     4748.32%   39.54GiB / 96GiB    41.19%    0B / 0B   45.1kB / 69.2MB   52
2024-11-15 00:19:59.718008
CONTAINER ID   NAME                 CPU %      MEM USAGE / LIMIT   MEM %     NET I/O   BLOCK I/O         PIDS
7ac469a9bedd   pbbs_suffixArray_1   1756.81%   35.1GiB / 96GiB     36.56%    0B / 0B   32.8kB / 68.9MB   52
3f0243e7c078   pbbs_suffixArray     2016.20%   35.83GiB / 96GiB    37.32%    0B / 0B   45.1kB / 69.2MB   52
2024-11-15 00:20:01.734072
CONTAINER ID   NAME                 CPU %      MEM USAGE / LIMIT   MEM %     NET I/O   BLOCK I/O         PIDS
7ac469a9bedd   pbbs_suffixArray_1   4798.97%   41.13GiB / 96GiB    42.84%    0B / 0B   32.8kB / 68.9MB   52
3f0243e7c078   pbbs_suffixArray     4826.10%   38.82GiB / 96GiB    40.43%    0B / 0B   45.1kB / 69.2MB   52
2024-11-15 00:20:05.195482
CONTAINER ID   NAME                 CPU %      MEM USAGE / LIMIT   MEM %     NET I/O   BLOCK I/O         PIDS
7ac469a9bedd   pbbs_suffixArray_1   1411.69%   38.96GiB / 96GiB    40.58%    0B / 0B   32.8kB / 68.9MB   52
3f0243e7c078   pbbs_suffixArray     1732.00%   39.14GiB / 96GiB    40.77%    0B / 0B   45.1kB / 69.2MB   52
2024-11-15 00:20:07.228535
CONTAINER ID   NAME                 CPU %      MEM USAGE / LIMIT   MEM %     NET I/O   BLOCK I/O         PIDS
7ac469a9bedd   pbbs_suffixArray_1   4786.11%   40.87GiB / 96GiB    42.58%    0B / 0B   32.8kB / 68.9MB   52
3f0243e7c078   pbbs_suffixArray     4793.14%   41.86GiB / 96GiB    43.60%    0B / 0B   45.1kB / 69.2MB   52
2024-11-15 00:20:10.485630
CONTAINER ID   NAME                 CPU %      MEM USAGE / LIMIT   MEM %     NET I/O   BLOCK I/O         PIDS
7ac469a9bedd   pbbs_suffixArray_1   4789.13%   44.59GiB / 96GiB    46.45%    0B / 0B   32.8kB / 68.9MB   52
3f0243e7c078   pbbs_suffixArray     4791.62%   43.85GiB / 96GiB    45.68%    0B / 0B   45.1kB / 69.2MB   52
2024-11-15 00:20:13.912768
CONTAINER ID   NAME                 CPU %     MEM USAGE / LIMIT   MEM %     NET I/O   BLOCK I/O         PIDS
7ac469a9bedd   pbbs_suffixArray_1   273.15%   35.95GiB / 96GiB    37.45%    0B / 0B   32.8kB / 68.9MB   52
3f0243e7c078   pbbs_suffixArray     100.28%   34.62GiB / 96GiB    36.06%    0B / 0B   45.1kB / 69.2MB   52
2024-11-15 00:20:15.922188
CONTAINER ID   NAME                 CPU %     MEM USAGE / LIMIT   MEM %     NET I/O   BLOCK I/O         PIDS
7ac469a9bedd   pbbs_suffixArray_1   0.17%     27.74GiB / 96GiB    28.89%    0B / 0B   32.8kB / 68.9MB   52
3f0243e7c078   pbbs_suffixArray     0.00%     27.73GiB / 96GiB    28.89%    0B / 0B   45.1kB / 69.2MB   52
2024-11-15 00:20:17.937811
CONTAINER ID   NAME                 CPU %     MEM USAGE / LIMIT   MEM %     NET I/O   BLOCK I/O         PIDS
7ac469a9bedd   pbbs_suffixArray_1   0.15%     27.73GiB / 96GiB    28.89%    0B / 0B   32.8kB / 68.9MB   52
3f0243e7c078   pbbs_suffixArray     0.00%     27.73GiB / 96GiB    28.89%    0B / 0B   45.1kB / 69.2MB   52
2024-11-15 00:20:19.948338
CONTAINER ID   NAME                 CPU %     MEM USAGE / LIMIT   MEM %     NET I/O   BLOCK I/O         PIDS
7ac469a9bedd   pbbs_suffixArray_1   0.13%     27.73GiB / 96GiB    28.89%    0B / 0B   32.8kB / 68.9MB   52
3f0243e7c078   pbbs_suffixArray     0.00%     27.73GiB / 96GiB    28.89%    0B / 0B   45.1kB / 69.2MB   52
2024-11-15 00:20:21.959975
CONTAINER ID   NAME                 CPU %     MEM USAGE / LIMIT   MEM %     NET I/O   BLOCK I/O         PIDS
7ac469a9bedd   pbbs_suffixArray_1   0.00%     27.73GiB / 96GiB    28.89%    0B / 0B   32.8kB / 68.9MB   52
3f0243e7c078   pbbs_suffixArray     0.00%     27.73GiB / 96GiB    28.89%    0B / 0B   45.1kB / 69.2MB   52
2024-11-15 00:20:23.973394
CONTAINER ID   NAME                 CPU %     MEM USAGE / LIMIT   MEM %     NET I/O   BLOCK I/O         PIDS
7ac469a9bedd   pbbs_suffixArray_1   0.00%     27.73GiB / 96GiB    28.89%    0B / 0B   32.8kB / 68.9MB   52
3f0243e7c078   pbbs_suffixArray     0.00%     27.73GiB / 96GiB    28.89%    0B / 0B   45.1kB / 69.2MB   52
2024-11-15 00:20:25.989209
CONTAINER ID   NAME                 CPU %     MEM USAGE / LIMIT   MEM %     NET I/O   BLOCK I/O         PIDS
7ac469a9bedd   pbbs_suffixArray_1   0.00%     27.73GiB / 96GiB    28.89%    0B / 0B   32.8kB / 68.9MB   52
3f0243e7c078   pbbs_suffixArray     0.00%     27.73GiB / 96GiB    28.89%    0B / 0B   45.1kB / 69.2MB   52
2024-11-15 00:20:28.002155
CONTAINER ID   NAME                 CPU %     MEM USAGE / LIMIT   MEM %     NET I/O   BLOCK I/O         PIDS
7ac469a9bedd   pbbs_suffixArray_1   0.00%     27.73GiB / 96GiB    28.89%    0B / 0B   32.8kB / 68.9MB   52
3f0243e7c078   pbbs_suffixArray     0.00%     27.73GiB / 96GiB    28.89%    0B / 0B   45.1kB / 69.2MB   52
2024-11-15 00:20:30.016348
CONTAINER ID   NAME                 CPU %      MEM USAGE / LIMIT   MEM %     NET I/O   BLOCK I/O         PIDS
7ac469a9bedd   pbbs_suffixArray_1   920.82%    22.79GiB / 96GiB    23.74%    0B / 0B   32.8kB / 68.9MB   52
3f0243e7c078   pbbs_suffixArray     1114.95%   23.22GiB / 96GiB    24.18%    0B / 0B   45.1kB / 69.2MB   52
2024-11-15 00:20:32.031670
CONTAINER ID   NAME                 CPU %      MEM USAGE / LIMIT   MEM %     NET I/O   BLOCK I/O         PIDS
7ac469a9bedd   pbbs_suffixArray_1   4784.47%   45.5GiB / 96GiB     47.40%    0B / 0B   32.8kB / 68.9MB   52
3f0243e7c078   pbbs_suffixArray     4757.86%   44.5GiB / 96GiB     46.36%    0B / 0B   45.1kB / 69.2MB   52
2024-11-15 00:20:35.327460
CONTAINER ID   NAME                 CPU %      MEM USAGE / LIMIT   MEM %     NET I/O   BLOCK I/O         PIDS
7ac469a9bedd   pbbs_suffixArray_1   2275.44%   42.52GiB / 96GiB    44.29%    0B / 0B   32.8kB / 68.9MB   52
3f0243e7c078   pbbs_suffixArray     2878.04%   44.67GiB / 96GiB    46.53%    0B / 0B   45.1kB / 69.2MB   52
2024-11-15 00:20:37.342524
CONTAINER ID   NAME                 CPU %      MEM USAGE / LIMIT   MEM %     NET I/O   BLOCK I/O         PIDS
7ac469a9bedd   pbbs_suffixArray_1   4765.55%   41.06GiB / 96GiB    42.78%    0B / 0B   32.8kB / 68.9MB   52
3f0243e7c078   pbbs_suffixArray     4781.12%   41.08GiB / 96GiB    42.79%    0B / 0B   45.1kB / 69.2MB   52
2024-11-15 00:20:39.381962
CONTAINER ID   NAME                 CPU %      MEM USAGE / LIMIT   MEM %     NET I/O   BLOCK I/O         PIDS
7ac469a9bedd   pbbs_suffixArray_1   2201.94%   34.59GiB / 96GiB    36.03%    0B / 0B   32.8kB / 68.9MB   52
3f0243e7c078   pbbs_suffixArray     4585.69%   41.38GiB / 96GiB    43.10%    0B / 0B   45.1kB / 69.2MB   52
2024-11-15 00:20:42.613478
CONTAINER ID   NAME                 CPU %      MEM USAGE / LIMIT   MEM %     NET I/O   BLOCK I/O         PIDS
7ac469a9bedd   pbbs_suffixArray_1   4771.34%   55.86GiB / 96GiB    58.19%    0B / 0B   32.8kB / 68.9MB   52
3f0243e7c078   pbbs_suffixArray     4787.70%   55.41GiB / 96GiB    57.72%    0B / 0B   45.1kB / 69.2MB   52
2024-11-15 00:20:46.030709
CONTAINER ID   NAME                 CPU %      MEM USAGE / LIMIT   MEM %     NET I/O   BLOCK I/O         PIDS
7ac469a9bedd   pbbs_suffixArray_1   4398.08%   54.5GiB / 96GiB     56.77%    0B / 0B   32.8kB / 68.9MB   52
3f0243e7c078   pbbs_suffixArray     2142.55%   46.73GiB / 96GiB    48.67%    0B / 0B   45.1kB / 69.2MB   52
2024-11-15 00:20:48.025566
CONTAINER ID   NAME                 CPU %      MEM USAGE / LIMIT   MEM %     NET I/O   BLOCK I/O         PIDS
7ac469a9bedd   pbbs_suffixArray_1   99.05%     33.11GiB / 96GiB    34.49%    0B / 0B   32.8kB / 68.9MB   52
3f0243e7c078   pbbs_suffixArray     3117.53%   32.2GiB / 96GiB     33.54%    0B / 0B   45.1kB / 69.2MB   52
2024-11-15 00:20:50.044544
CONTAINER ID   NAME                 CPU %      MEM USAGE / LIMIT   MEM %     NET I/O   BLOCK I/O         PIDS
7ac469a9bedd   pbbs_suffixArray_1   4661.03%   40.47GiB / 96GiB    42.16%    0B / 0B   32.8kB / 68.9MB   52
3f0243e7c078   pbbs_suffixArray     4771.19%   47.98GiB / 96GiB    49.98%    0B / 0B   45.1kB / 69.2MB   52
2024-11-15 00:20:53.311337
CONTAINER ID   NAME                 CPU %      MEM USAGE / LIMIT   MEM %     NET I/O   BLOCK I/O         PIDS
7ac469a9bedd   pbbs_suffixArray_1   4465.23%   46.79GiB / 96GiB    48.73%    0B / 0B   32.8kB / 68.9MB   52
3f0243e7c078   pbbs_suffixArray     2508.25%   42.01GiB / 96GiB    43.76%    0B / 0B   45.1kB / 69.2MB   52
2024-11-15 00:20:55.322481
CONTAINER ID   NAME                 CPU %      MEM USAGE / LIMIT   MEM %     NET I/O   BLOCK I/O         PIDS
7ac469a9bedd   pbbs_suffixArray_1   3588.55%   32.19GiB / 96GiB    33.53%    0B / 0B   32.8kB / 68.9MB   52
3f0243e7c078   pbbs_suffixArray     4773.61%   32.21GiB / 96GiB    33.55%    0B / 0B   45.1kB / 69.2MB   52
2024-11-15 00:20:57.342378
CONTAINER ID   NAME                 CPU %      MEM USAGE / LIMIT   MEM %     NET I/O   BLOCK I/O         PIDS
7ac469a9bedd   pbbs_suffixArray_1   4805.46%   32.19GiB / 96GiB    33.53%    0B / 0B   32.8kB / 68.9MB   52
3f0243e7c078   pbbs_suffixArray     4811.87%   32.2GiB / 96GiB     33.54%    0B / 0B   45.1kB / 69.2MB   52
2024-11-15 00:20:59.358106
CONTAINER ID   NAME                 CPU %      MEM USAGE / LIMIT   MEM %     NET I/O   BLOCK I/O         PIDS
7ac469a9bedd   pbbs_suffixArray_1   4806.88%   36.63GiB / 96GiB    38.15%    0B / 0B   32.8kB / 68.9MB   52
3f0243e7c078   pbbs_suffixArray     4738.49%   36.64GiB / 96GiB    38.17%    0B / 0B   45.1kB / 69.2MB   52
2024-11-15 00:21:02.610773
CONTAINER ID   NAME                 CPU %      MEM USAGE / LIMIT   MEM %     NET I/O   BLOCK I/O         PIDS
7ac469a9bedd   pbbs_suffixArray_1   4781.23%   37.15GiB / 96GiB    38.70%    0B / 0B   32.8kB / 68.9MB   52
3f0243e7c078   pbbs_suffixArray     4806.52%   37.36GiB / 96GiB    38.92%    0B / 0B   45.1kB / 69.2MB   52
2024-11-15 00:21:04.629752
CONTAINER ID   NAME                 CPU %      MEM USAGE / LIMIT   MEM %     NET I/O   BLOCK I/O         PIDS
7ac469a9bedd   pbbs_suffixArray_1   4788.49%   39.26GiB / 96GiB    40.89%    0B / 0B   32.8kB / 68.9MB   52
3f0243e7c078   pbbs_suffixArray     4810.76%   40.4GiB / 96GiB     42.08%    0B / 0B   45.1kB / 69.2MB   52
2024-11-15 00:21:07.898602
CONTAINER ID   NAME                 CPU %      MEM USAGE / LIMIT   MEM %     NET I/O   BLOCK I/O         PIDS
7ac469a9bedd   pbbs_suffixArray_1   1442.91%   34.15GiB / 96GiB    35.57%    0B / 0B   32.8kB / 68.9MB   52
3f0243e7c078   pbbs_suffixArray     1771.57%   35.1GiB / 96GiB     36.56%    0B / 0B   45.1kB / 69.2MB   52
2024-11-15 00:21:09.914713
CONTAINER ID   NAME                 CPU %      MEM USAGE / LIMIT   MEM %     NET I/O   BLOCK I/O         PIDS
7ac469a9bedd   pbbs_suffixArray_1   4781.35%   40.94GiB / 96GiB    42.64%    0B / 0B   32.8kB / 68.9MB   52
3f0243e7c078   pbbs_suffixArray     4789.91%   38.86GiB / 96GiB    40.48%    0B / 0B   45.1kB / 69.2MB   52
2024-11-15 00:21:13.401427
CONTAINER ID   NAME                 CPU %      MEM USAGE / LIMIT   MEM %     NET I/O   BLOCK I/O         PIDS
7ac469a9bedd   pbbs_suffixArray_1   1169.18%   38.9GiB / 96GiB     40.52%    0B / 0B   32.8kB / 68.9MB   52
3f0243e7c078   pbbs_suffixArray     1746.25%   39.25GiB / 96GiB    40.88%    0B / 0B   45.1kB / 69.2MB   52
2024-11-15 00:21:15.418910
CONTAINER ID   NAME                 CPU %      MEM USAGE / LIMIT   MEM %     NET I/O   BLOCK I/O         PIDS
7ac469a9bedd   pbbs_suffixArray_1   4774.09%   41.68GiB / 96GiB    43.42%    0B / 0B   32.8kB / 68.9MB   52
3f0243e7c078   pbbs_suffixArray     4767.63%   41.13GiB / 96GiB    42.84%    0B / 0B   45.1kB / 69.2MB   52
2024-11-15 00:21:18.682183
CONTAINER ID   NAME                 CPU %      MEM USAGE / LIMIT   MEM %     NET I/O   BLOCK I/O         PIDS
7ac469a9bedd   pbbs_suffixArray_1   4791.20%   44.43GiB / 96GiB    46.29%    0B / 0B   32.8kB / 68.9MB   52
3f0243e7c078   pbbs_suffixArray     4788.88%   43.83GiB / 96GiB    45.65%    0B / 0B   45.1kB / 69.2MB   52
2024-11-15 00:21:21.949757
CONTAINER ID   NAME                 CPU %     MEM USAGE / LIMIT   MEM %     NET I/O   BLOCK I/O         PIDS
7ac469a9bedd   pbbs_suffixArray_1   198.75%   21.31GiB / 96GiB    22.19%    0B / 0B   32.8kB / 68.9MB   52
3f0243e7c078   pbbs_suffixArray     99.87%    35.36GiB / 96GiB    36.84%    0B / 0B   45.1kB / 69.2MB   52
2024-11-15 00:21:25.022919
CONTAINER ID   NAME                 CPU %      MEM USAGE / LIMIT   MEM %     NET I/O   BLOCK I/O         PIDS
7ac469a9bedd   pbbs_suffixArray_1   4785.93%   38.35GiB / 96GiB    39.95%    0B / 0B   32.8kB / 68.9MB   52
3f0243e7c078   pbbs_suffixArray     4756.74%   45.53GiB / 96GiB    47.42%    0B / 0B   45.1kB / 69.2MB   52
2024-11-15 00:21:28.162808
CONTAINER ID   NAME                 CPU %      MEM USAGE / LIMIT   MEM %     NET I/O   BLOCK I/O         PIDS
7ac469a9bedd   pbbs_suffixArray_1   887.03%    38.81GiB / 96GiB    40.43%    0B / 0B   32.8kB / 68.9MB   52
3f0243e7c078   pbbs_suffixArray     1445.84%   40.62GiB / 96GiB    42.31%    0B / 0B   45.1kB / 69.2MB   52
2024-11-15 00:21:30.172264
CONTAINER ID   NAME                 CPU %      MEM USAGE / LIMIT   MEM %     NET I/O   BLOCK I/O         PIDS
7ac469a9bedd   pbbs_suffixArray_1   3633.20%   41.09GiB / 96GiB    42.80%    0B / 0B   32.8kB / 68.9MB   52
3f0243e7c078   pbbs_suffixArray     4739.77%   41.09GiB / 96GiB    42.80%    0B / 0B   45.1kB / 69.2MB   52
2024-11-15 00:21:32.209378
CONTAINER ID   NAME                 CPU %      MEM USAGE / LIMIT   MEM %     NET I/O   BLOCK I/O         PIDS
7ac469a9bedd   pbbs_suffixArray_1   3197.26%   38.27GiB / 96GiB    39.87%    0B / 0B   32.8kB / 68.9MB   52
3f0243e7c078   pbbs_suffixArray     455.61%    33.58GiB / 96GiB    34.98%    0B / 0B   45.1kB / 69.2MB   52
2024-11-15 00:21:35.706920
CONTAINER ID   NAME                 CPU %      MEM USAGE / LIMIT   MEM %     NET I/O   BLOCK I/O         PIDS
7ac469a9bedd   pbbs_suffixArray_1   4785.41%   50.56GiB / 96GiB    52.66%    0B / 0B   32.8kB / 68.9MB   52
3f0243e7c078   pbbs_suffixArray     4809.45%   53.06GiB / 96GiB    55.28%    0B / 0B   45.1kB / 69.2MB   52
2024-11-15 00:21:37.727443
CONTAINER ID   NAME                 CPU %      MEM USAGE / LIMIT   MEM %     NET I/O   BLOCK I/O         PIDS
7ac469a9bedd   pbbs_suffixArray_1   4778.40%   55.89GiB / 96GiB    58.22%    0B / 0B   32.8kB / 68.9MB   52
3f0243e7c078   pbbs_suffixArray     4789.54%   55.88GiB / 96GiB    58.21%    0B / 0B   45.1kB / 69.2MB   52
2024-11-15 00:21:39.739741
CONTAINER ID   NAME                 CPU %      MEM USAGE / LIMIT   MEM %     NET I/O   BLOCK I/O         PIDS
7ac469a9bedd   pbbs_suffixArray_1   1775.44%   46.98GiB / 96GiB    48.93%    0B / 0B   32.8kB / 68.9MB   52
3f0243e7c078   pbbs_suffixArray     1052.17%   40.83GiB / 96GiB    42.53%    0B / 0B   45.1kB / 69.2MB   52
2024-11-15 00:21:41.753244
CONTAINER ID   NAME                 CPU %      MEM USAGE / LIMIT   MEM %     NET I/O   BLOCK I/O         PIDS
7ac469a9bedd   pbbs_suffixArray_1   2329.94%   32.21GiB / 96GiB    33.55%    0B / 0B   32.8kB / 68.9MB   52
3f0243e7c078   pbbs_suffixArray     4760.92%   33.18GiB / 96GiB    34.56%    0B / 0B   45.1kB / 69.2MB   52
2024-11-15 00:21:43.775547
CONTAINER ID   NAME                 CPU %      MEM USAGE / LIMIT   MEM %     NET I/O   BLOCK I/O         PIDS
7ac469a9bedd   pbbs_suffixArray_1   4665.93%   42.32GiB / 96GiB    44.09%    0B / 0B   32.8kB / 68.9MB   52
3f0243e7c078   pbbs_suffixArray     4636.21%   45.56GiB / 96GiB    47.46%    0B / 0B   45.1kB / 69.2MB   52
2024-11-15 00:21:45.883970
CONTAINER ID   NAME                 CPU %      MEM USAGE / LIMIT   MEM %     NET I/O   BLOCK I/O         PIDS
7ac469a9bedd   pbbs_suffixArray_1   4819.15%   47.99GiB / 96GiB    49.99%    0B / 0B   32.8kB / 68.9MB   52
3f0243e7c078   pbbs_suffixArray     1142.10%   32.21GiB / 96GiB    33.55%    0B / 0B   45.1kB / 69.2MB   52
2024-11-15 00:21:49.219300
CONTAINER ID   NAME                 CPU %      MEM USAGE / LIMIT   MEM %     NET I/O   BLOCK I/O         PIDS
7ac469a9bedd   pbbs_suffixArray_1   4768.98%   32.21GiB / 96GiB    33.55%    0B / 0B   32.8kB / 68.9MB   52
3f0243e7c078   pbbs_suffixArray     4788.88%   32.21GiB / 96GiB    33.55%    0B / 0B   45.1kB / 69.2MB   52
2024-11-15 00:21:51.246497
CONTAINER ID   NAME                 CPU %      MEM USAGE / LIMIT   MEM %     NET I/O   BLOCK I/O         PIDS
7ac469a9bedd   pbbs_suffixArray_1   4788.20%   32.82GiB / 96GiB    34.19%    0B / 0B   32.8kB / 68.9MB   52
3f0243e7c078   pbbs_suffixArray     4789.41%   32.21GiB / 96GiB    33.55%    0B / 0B   45.1kB / 69.2MB   52
2024-11-15 00:21:54.524897
CONTAINER ID   NAME                 CPU %      MEM USAGE / LIMIT   MEM %     NET I/O   BLOCK I/O         PIDS
7ac469a9bedd   pbbs_suffixArray_1   4764.53%   37.23GiB / 96GiB    38.78%    0B / 0B   32.8kB / 68.9MB   52
3f0243e7c078   pbbs_suffixArray     4786.56%   37.09GiB / 96GiB    38.64%    0B / 0B   45.1kB / 69.2MB   52
2024-11-15 00:21:57.795828
CONTAINER ID   NAME                 CPU %      MEM USAGE / LIMIT   MEM %     NET I/O   BLOCK I/O         PIDS
7ac469a9bedd   pbbs_suffixArray_1   4805.65%   39.11GiB / 96GiB    40.74%    0B / 0B   32.8kB / 68.9MB   52
3f0243e7c078   pbbs_suffixArray     4808.61%   39.77GiB / 96GiB    41.43%    0B / 0B   45.1kB / 69.2MB   52
2024-11-15 00:21:59.806522
CONTAINER ID   NAME                 CPU %      MEM USAGE / LIMIT   MEM %     NET I/O   BLOCK I/O         PIDS
7ac469a9bedd   pbbs_suffixArray_1   1983.62%   35.06GiB / 96GiB    36.52%    0B / 0B   32.8kB / 68.9MB   52
3f0243e7c078   pbbs_suffixArray     4484.58%   38.87GiB / 96GiB    40.49%    0B / 0B   45.1kB / 69.2MB   52
2024-11-15 00:22:03.241702
CONTAINER ID   NAME                 CPU %      MEM USAGE / LIMIT   MEM %     NET I/O   BLOCK I/O         PIDS
7ac469a9bedd   pbbs_suffixArray_1   4789.39%   42.63GiB / 96GiB    44.40%    0B / 0B   32.8kB / 68.9MB   52
3f0243e7c078   pbbs_suffixArray     4799.39%   39.44GiB / 96GiB    41.08%    0B / 0B   45.1kB / 69.2MB   52
2024-11-15 00:22:06.553118
CONTAINER ID   NAME                 CPU %      MEM USAGE / LIMIT   MEM %     NET I/O   BLOCK I/O         PIDS
7ac469a9bedd   pbbs_suffixArray_1   2184.51%   39.18GiB / 96GiB    40.81%    0B / 0B   32.8kB / 68.9MB   52
3f0243e7c078   pbbs_suffixArray     3719.45%   39.69GiB / 96GiB    41.35%    0B / 0B   45.1kB / 69.2MB   52
2024-11-15 00:22:08.576963
CONTAINER ID   NAME                 CPU %      MEM USAGE / LIMIT   MEM %     NET I/O   BLOCK I/O         PIDS
7ac469a9bedd   pbbs_suffixArray_1   4808.26%   41.96GiB / 96GiB    43.71%    0B / 0B   32.8kB / 68.9MB   52
3f0243e7c078   pbbs_suffixArray     4790.28%   41.59GiB / 96GiB    43.32%    0B / 0B   45.1kB / 69.2MB   52
2024-11-15 00:22:11.857366
CONTAINER ID   NAME                 CPU %      MEM USAGE / LIMIT   MEM %     NET I/O   BLOCK I/O         PIDS
7ac469a9bedd   pbbs_suffixArray_1   4772.35%   43.85GiB / 96GiB    45.68%    0B / 0B   32.8kB / 68.9MB   52
3f0243e7c078   pbbs_suffixArray     4790.41%   45.12GiB / 96GiB    47.00%    0B / 0B   45.1kB / 69.2MB   52
2024-11-15 00:22:15.118812
CONTAINER ID   NAME                 CPU %     MEM USAGE / LIMIT   MEM %     NET I/O   BLOCK I/O         PIDS
7ac469a9bedd   pbbs_suffixArray_1   99.92%    33.08GiB / 96GiB    34.46%    0B / 0B   32.8kB / 68.9MB   52
3f0243e7c078   pbbs_suffixArray     100.10%   30.8GiB / 96GiB     32.09%    0B / 0B   45.1kB / 69.2MB   52
2024-11-15 00:22:17.133897
CONTAINER ID   NAME                 CPU %      MEM USAGE / LIMIT   MEM %     NET I/O   BLOCK I/O         PIDS
7ac469a9bedd   pbbs_suffixArray_1   4763.92%   30.68GiB / 96GiB    31.95%    0B / 0B   32.8kB / 68.9MB   52
3f0243e7c078   pbbs_suffixArray     4765.83%   33.44GiB / 96GiB    34.83%    0B / 0B   45.1kB / 69.2MB   52
2024-11-15 00:22:19.146986
CONTAINER ID   NAME                 CPU %      MEM USAGE / LIMIT   MEM %     NET I/O   BLOCK I/O         PIDS
7ac469a9bedd   pbbs_suffixArray_1   4771.19%   45.53GiB / 96GiB    47.43%    0B / 0B   32.8kB / 68.9MB   52
3f0243e7c078   pbbs_suffixArray     4523.83%   45.2GiB / 96GiB     47.09%    0B / 0B   45.1kB / 69.2MB   52
2024-11-15 00:22:21.166436
CONTAINER ID   NAME                 CPU %      MEM USAGE / LIMIT   MEM %     NET I/O   BLOCK I/O         PIDS
7ac469a9bedd   pbbs_suffixArray_1   606.00%    38.1GiB / 96GiB     39.68%    0B / 0B   32.8kB / 68.9MB   52
3f0243e7c078   pbbs_suffixArray     2323.70%   43.59GiB / 96GiB    45.41%    0B / 0B   45.1kB / 69.2MB   52
2024-11-15 00:22:23.172746
CONTAINER ID   NAME                 CPU %      MEM USAGE / LIMIT   MEM %     NET I/O   BLOCK I/O         PIDS
7ac469a9bedd   pbbs_suffixArray_1   3450.37%   39.88GiB / 96GiB    41.54%    0B / 0B   32.8kB / 68.9MB   52
3f0243e7c078   pbbs_suffixArray     4771.66%   41.1GiB / 96GiB     42.81%    0B / 0B   45.1kB / 69.2MB   52
2024-11-15 00:22:25.206015
CONTAINER ID   NAME                 CPU %      MEM USAGE / LIMIT   MEM %     NET I/O   BLOCK I/O         PIDS
7ac469a9bedd   pbbs_suffixArray_1   1892.47%   35.72GiB / 96GiB    37.20%    0B / 0B   32.8kB / 68.9MB   52
3f0243e7c078   pbbs_suffixArray     106.51%    36.62GiB / 96GiB    38.15%    0B / 0B   45.1kB / 69.2MB   52
2024-11-15 00:22:28.345180
CONTAINER ID   NAME                 CPU %      MEM USAGE / LIMIT   MEM %     NET I/O   BLOCK I/O         PIDS
7ac469a9bedd   pbbs_suffixArray_1   4769.80%   49.22GiB / 96GiB    51.28%    0B / 0B   32.8kB / 68.9MB   52
3f0243e7c078   pbbs_suffixArray     4810.72%   50.5GiB / 96GiB     52.61%    0B / 0B   45.1kB / 69.2MB   52
2024-11-15 00:22:30.357571
CONTAINER ID   NAME                 CPU %      MEM USAGE / LIMIT   MEM %     NET I/O   BLOCK I/O         PIDS
7ac469a9bedd   pbbs_suffixArray_1   4788.86%   55.9GiB / 96GiB     58.23%    0B / 0B   32.8kB / 68.9MB   52
3f0243e7c078   pbbs_suffixArray     4824.60%   55.89GiB / 96GiB    58.22%    0B / 0B   45.1kB / 69.2MB   52
2024-11-15 00:22:33.492775
CONTAINER ID   NAME                 CPU %      MEM USAGE / LIMIT   MEM %     NET I/O   BLOCK I/O         PIDS
7ac469a9bedd   pbbs_suffixArray_1   1051.80%   39.16GiB / 96GiB    40.80%    0B / 0B   32.8kB / 68.9MB   52
3f0243e7c078   pbbs_suffixArray     883.79%    35.18GiB / 96GiB    36.65%    0B / 0B   45.1kB / 69.2MB   52
2024-11-15 00:22:35.511562
CONTAINER ID   NAME                 CPU %      MEM USAGE / LIMIT   MEM %     NET I/O   BLOCK I/O         PIDS
7ac469a9bedd   pbbs_suffixArray_1   4781.51%   32.31GiB / 96GiB    33.66%    0B / 0B   32.8kB / 68.9MB   52
3f0243e7c078   pbbs_suffixArray     4786.48%   35.09GiB / 96GiB    36.56%    0B / 0B   45.1kB / 69.2MB   52
2024-11-15 00:22:37.532575
CONTAINER ID   NAME                 CPU %      MEM USAGE / LIMIT   MEM %     NET I/O   BLOCK I/O         PIDS
7ac469a9bedd   pbbs_suffixArray_1   4784.90%   44.94GiB / 96GiB    46.81%    0B / 0B   32.8kB / 68.9MB   52
3f0243e7c078   pbbs_suffixArray     4808.58%   47.67GiB / 96GiB    49.66%    0B / 0B   45.1kB / 69.2MB   52
2024-11-15 00:22:39.542549
CONTAINER ID   NAME                 CPU %      MEM USAGE / LIMIT   MEM %     NET I/O   BLOCK I/O         PIDS
7ac469a9bedd   pbbs_suffixArray_1   4791.84%   48GiB / 96GiB       50.00%    0B / 0B   32.8kB / 68.9MB   52
3f0243e7c078   pbbs_suffixArray     2828.11%   41.94GiB / 96GiB    43.68%    0B / 0B   45.1kB / 69.2MB   52
2024-11-15 00:22:41.569069
CONTAINER ID   NAME                 CPU %      MEM USAGE / LIMIT   MEM %     NET I/O   BLOCK I/O         PIDS
7ac469a9bedd   pbbs_suffixArray_1   2596.90%   32.22GiB / 96GiB    33.57%    0B / 0B   32.8kB / 68.9MB   52
3f0243e7c078   pbbs_suffixArray     4795.99%   32.22GiB / 96GiB    33.56%    0B / 0B   45.1kB / 69.2MB   52
2024-11-15 00:22:43.592164
CONTAINER ID   NAME                 CPU %      MEM USAGE / LIMIT   MEM %     NET I/O   BLOCK I/O         PIDS
7ac469a9bedd   pbbs_suffixArray_1   4788.68%   32.22GiB / 96GiB    33.57%    0B / 0B   32.8kB / 68.9MB   52
3f0243e7c078   pbbs_suffixArray     4730.93%   32.22GiB / 96GiB    33.56%    0B / 0B   45.1kB / 69.2MB   52
2024-11-15 00:22:45.600256
CONTAINER ID   NAME                 CPU %      MEM USAGE / LIMIT   MEM %     NET I/O   BLOCK I/O         PIDS
7ac469a9bedd   pbbs_suffixArray_1   4788.26%   36.66GiB / 96GiB    38.19%    0B / 0B   32.8kB / 68.9MB   52
3f0243e7c078   pbbs_suffixArray     4764.19%   36.66GiB / 96GiB    38.19%    0B / 0B   45.1kB / 69.2MB   52
2024-11-15 00:22:49.026804
CONTAINER ID   NAME                 CPU %      MEM USAGE / LIMIT   MEM %     NET I/O   BLOCK I/O         PIDS
7ac469a9bedd   pbbs_suffixArray_1   4786.52%   37.26GiB / 96GiB    38.81%    0B / 0B   32.8kB / 68.9MB   52
3f0243e7c078   pbbs_suffixArray     4788.82%   37.63GiB / 96GiB    39.20%    0B / 0B   45.1kB / 69.2MB   52
2024-11-15 00:22:51.038158
CONTAINER ID   NAME                 CPU %      MEM USAGE / LIMIT   MEM %     NET I/O   BLOCK I/O         PIDS
7ac469a9bedd   pbbs_suffixArray_1   4795.12%   40.38GiB / 96GiB    42.06%    0B / 0B   32.8kB / 68.9MB   52
3f0243e7c078   pbbs_suffixArray     4785.80%   39.81GiB / 96GiB    41.47%    0B / 0B   45.1kB / 69.2MB   52
2024-11-15 00:22:54.377324
CONTAINER ID   NAME                 CPU %      MEM USAGE / LIMIT   MEM %     NET I/O   BLOCK I/O         PIDS
7ac469a9bedd   pbbs_suffixArray_1   2444.98%   37.4GiB / 96GiB     38.96%    0B / 0B   32.8kB / 68.9MB   52
3f0243e7c078   pbbs_suffixArray     2937.32%   38.88GiB / 96GiB    40.50%    0B / 0B   45.1kB / 69.2MB   52
2024-11-15 00:22:56.403755
CONTAINER ID   NAME                 CPU %      MEM USAGE / LIMIT   MEM %     NET I/O   BLOCK I/O         PIDS
7ac469a9bedd   pbbs_suffixArray_1   4782.92%   38.88GiB / 96GiB    40.50%    0B / 0B   32.8kB / 68.9MB   52
3f0243e7c078   pbbs_suffixArray     4794.35%   38.88GiB / 96GiB    40.50%    0B / 0B   45.1kB / 69.2MB   52
2024-11-15 00:22:58.877961
CONTAINER ID   NAME                 CPU %      MEM USAGE / LIMIT   MEM %     NET I/O   BLOCK I/O         PIDS
7ac469a9bedd   pbbs_suffixArray_1   4123.10%   46.16GiB / 96GiB    48.08%    0B / 0B   32.8kB / 68.9MB   52
3f0243e7c078   pbbs_suffixArray     2979.43%   45.02GiB / 96GiB    46.90%    0B / 0B   45.1kB / 69.2MB   52
2024-11-15 00:23:00.893392
CONTAINER ID   NAME                 CPU %      MEM USAGE / LIMIT   MEM %     NET I/O   BLOCK I/O         PIDS
7ac469a9bedd   pbbs_suffixArray_1   4788.12%   40GiB / 96GiB       41.66%    0B / 0B   32.8kB / 68.9MB   52
3f0243e7c078   pbbs_suffixArray     4793.83%   40.24GiB / 96GiB    41.92%    0B / 0B   45.1kB / 69.2MB   52
2024-11-15 00:23:02.910509
CONTAINER ID   NAME                 CPU %      MEM USAGE / LIMIT   MEM %     NET I/O   BLOCK I/O         PIDS
7ac469a9bedd   pbbs_suffixArray_1   4781.92%   42.92GiB / 96GiB    44.71%    0B / 0B   32.8kB / 68.9MB   52
3f0243e7c078   pbbs_suffixArray     4790.32%   42.29GiB / 96GiB    44.05%    0B / 0B   45.1kB / 69.2MB   52
2024-11-15 00:23:06.393541
CONTAINER ID   NAME                 CPU %      MEM USAGE / LIMIT   MEM %     NET I/O   BLOCK I/O         PIDS
7ac469a9bedd   pbbs_suffixArray_1   3681.09%   43.37GiB / 96GiB    45.18%    0B / 0B   32.8kB / 68.9MB   52
3f0243e7c078   pbbs_suffixArray     4790.50%   45GiB / 96GiB       46.88%    0B / 0B   45.1kB / 69.2MB   52
2024-11-15 00:23:09.663203
CONTAINER ID   NAME                 CPU %     MEM USAGE / LIMIT   MEM %     NET I/O   BLOCK I/O         PIDS
7ac469a9bedd   pbbs_suffixArray_1   101.32%   15.35GiB / 96GiB    15.99%    0B / 0B   32.8kB / 68.9MB   5
3f0243e7c078   pbbs_suffixArray     101.01%   16.44GiB / 96GiB    17.13%    0B / 0B   45.1kB / 69.2MB   5
2024-11-15 00:23:11.678692
CONTAINER ID   NAME      CPU %     MEM USAGE / LIMIT   MEM %     NET I/O   BLOCK I/O   PIDS
