2024-11-13 20:34:58.613093
CONTAINER ID   NAME      CPU %     MEM USAGE / LIMIT   MEM %     NET I/O   BLOCK I/O   PIDS
2024-11-13 20:34:59.248559
CONTAINER ID   NAME      CPU %     MEM USAGE / LIMIT   MEM %     NET I/O   BLOCK I/O   PIDS
2024-11-13 20:34:59.884351
CONTAINER ID   NAME      CPU %     MEM USAGE / LIMIT   MEM %     NET I/O   BLOCK I/O   PIDS
2024-11-13 20:35:00.519350
CONTAINER ID   NAME      CPU %     MEM USAGE / LIMIT   MEM %     NET I/O   BLOCK I/O   PIDS
2024-11-13 20:35:01.152663
CONTAINER ID   NAME      CPU %     MEM USAGE / LIMIT   MEM %     NET I/O   BLOCK I/O   PIDS
2024-11-13 20:35:01.786497
CONTAINER ID   NAME      CPU %     MEM USAGE / LIMIT   MEM %     NET I/O   BLOCK I/O   PIDS
2024-11-13 20:35:02.418299
CONTAINER ID   NAME      CPU %     MEM USAGE / LIMIT   MEM %     NET I/O   BLOCK I/O   PIDS
2024-11-13 20:35:03.051036
CONTAINER ID   NAME      CPU %     MEM USAGE / LIMIT   MEM %     NET I/O   BLOCK I/O   PIDS
2024-11-13 20:35:03.683215
CONTAINER ID   NAME      CPU %     MEM USAGE / LIMIT   MEM %     NET I/O   BLOCK I/O   PIDS
2024-11-13 20:35:04.315956
CONTAINER ID   NAME      CPU %     MEM USAGE / LIMIT   MEM %     NET I/O   BLOCK I/O   PIDS
2024-11-13 20:35:04.947866
CONTAINER ID   NAME      CPU %     MEM USAGE / LIMIT   MEM %     NET I/O   BLOCK I/O   PIDS
2024-11-13 20:35:05.578946
CONTAINER ID   NAME      CPU %     MEM USAGE / LIMIT   MEM %     NET I/O   BLOCK I/O   PIDS
2024-11-13 20:35:06.210906
CONTAINER ID   NAME      CPU %     MEM USAGE / LIMIT   MEM %     NET I/O   BLOCK I/O   PIDS
2024-11-13 20:35:06.843778
CONTAINER ID   NAME      CPU %     MEM USAGE / LIMIT   MEM %     NET I/O   BLOCK I/O   PIDS
2024-11-13 20:35:07.475945
CONTAINER ID   NAME      CPU %     MEM USAGE / LIMIT   MEM %     NET I/O   BLOCK I/O   PIDS
2024-11-13 20:35:08.109061
CONTAINER ID   NAME      CPU %     MEM USAGE / LIMIT   MEM %     NET I/O   BLOCK I/O   PIDS
2024-11-13 20:35:08.741211
CONTAINER ID   NAME      CPU %     MEM USAGE / LIMIT   MEM %     NET I/O   BLOCK I/O   PIDS
2024-11-13 20:35:09.373832
CONTAINER ID   NAME      CPU %     MEM USAGE / LIMIT   MEM %     NET I/O   BLOCK I/O   PIDS
2024-11-13 20:35:10.005622
CONTAINER ID   NAME      CPU %     MEM USAGE / LIMIT   MEM %     NET I/O   BLOCK I/O   PIDS
2024-11-13 20:35:10.639797
CONTAINER ID   NAME      CPU %     MEM USAGE / LIMIT   MEM %     NET I/O   BLOCK I/O   PIDS
2024-11-13 20:35:11.272622
CONTAINER ID   NAME      CPU %     MEM USAGE / LIMIT   MEM %     NET I/O   BLOCK I/O   PIDS
2024-11-13 20:35:11.904430
CONTAINER ID   NAME      CPU %     MEM USAGE / LIMIT   MEM %     NET I/O   BLOCK I/O   PIDS
2024-11-13 20:35:12.538039
CONTAINER ID   NAME      CPU %     MEM USAGE / LIMIT   MEM %     NET I/O   BLOCK I/O   PIDS
2024-11-13 20:35:13.170565
CONTAINER ID   NAME      CPU %     MEM USAGE / LIMIT   MEM %     NET I/O   BLOCK I/O   PIDS
2024-11-13 20:35:13.803355
CONTAINER ID   NAME      CPU %     MEM USAGE / LIMIT   MEM %     NET I/O   BLOCK I/O   PIDS
2024-11-13 20:35:14.437168
CONTAINER ID   NAME      CPU %     MEM USAGE / LIMIT   MEM %     NET I/O   BLOCK I/O   PIDS
2024-11-13 20:35:15.068178
CONTAINER ID   NAME      CPU %     MEM USAGE / LIMIT   MEM %     NET I/O   BLOCK I/O   PIDS
2024-11-13 20:35:15.701597
CONTAINER ID   NAME      CPU %     MEM USAGE / LIMIT   MEM %     NET I/O   BLOCK I/O   PIDS
2024-11-13 20:35:16.334322
CONTAINER ID   NAME      CPU %     MEM USAGE / LIMIT   MEM %     NET I/O   BLOCK I/O   PIDS
2024-11-13 20:35:16.965760
CONTAINER ID   NAME      CPU %     MEM USAGE / LIMIT   MEM %     NET I/O   BLOCK I/O   PIDS
2024-11-13 20:35:17.598732
CONTAINER ID   NAME      CPU %     MEM USAGE / LIMIT   MEM %     NET I/O   BLOCK I/O   PIDS
2024-11-13 20:35:18.230635
CONTAINER ID   NAME      CPU %     MEM USAGE / LIMIT   MEM %     NET I/O   BLOCK I/O   PIDS
2024-11-13 20:35:18.863214
CONTAINER ID   NAME                     CPU %     MEM USAGE / LIMIT   MEM %     NET I/O   BLOCK I/O     PIDS
1f202f9311e6   pbbs_minSpanningForest   99.92%    184MiB / 96GiB      0.19%     0B / 0B   2.31MB / 0B   5
2024-11-13 20:35:20.510335
CONTAINER ID   NAME                     CPU %     MEM USAGE / LIMIT   MEM %     NET I/O   BLOCK I/O     PIDS
1f202f9311e6   pbbs_minSpanningForest   99.80%    344.4MiB / 96GiB    0.35%     0B / 0B   2.31MB / 0B   5
2024-11-13 20:35:22.519704
CONTAINER ID   NAME                     CPU %     MEM USAGE / LIMIT   MEM %     NET I/O   BLOCK I/O     PIDS
1f202f9311e6   pbbs_minSpanningForest   100.05%   391.2MiB / 96GiB    0.40%     0B / 0B   2.31MB / 0B   5
2024-11-13 20:35:24.528401
CONTAINER ID   NAME                     CPU %     MEM USAGE / LIMIT   MEM %     NET I/O   BLOCK I/O     PIDS
1f202f9311e6   pbbs_minSpanningForest   99.99%    423.1MiB / 96GiB    0.43%     0B / 0B   2.31MB / 0B   5
2024-11-13 20:35:26.537159
CONTAINER ID   NAME                     CPU %     MEM USAGE / LIMIT   MEM %     NET I/O   BLOCK I/O         PIDS
1f202f9311e6   pbbs_minSpanningForest   99.44%    218.6MiB / 96GiB    0.22%     0B / 0B   2.53MB / 18.7MB   5
2024-11-13 20:35:28.546213
CONTAINER ID   NAME                     CPU %     MEM USAGE / LIMIT   MEM %     NET I/O   BLOCK I/O         PIDS
1f202f9311e6   pbbs_minSpanningForest   100.39%   339.7MiB / 96GiB    0.35%     0B / 0B   2.53MB / 18.7MB   5
2024-11-13 20:35:30.555812
CONTAINER ID   NAME                     CPU %     MEM USAGE / LIMIT   MEM %     NET I/O   BLOCK I/O         PIDS
1f202f9311e6   pbbs_minSpanningForest   100.08%   386.6MiB / 96GiB    0.39%     0B / 0B   2.53MB / 18.7MB   5
2024-11-13 20:35:32.563936
CONTAINER ID   NAME                     CPU %     MEM USAGE / LIMIT   MEM %     NET I/O   BLOCK I/O         PIDS
1f202f9311e6   pbbs_minSpanningForest   100.01%   422.2MiB / 96GiB    0.43%     0B / 0B   2.53MB / 18.7MB   5
2024-11-13 20:35:34.574409
CONTAINER ID   NAME                     CPU %     MEM USAGE / LIMIT   MEM %     NET I/O   BLOCK I/O         PIDS
1f202f9311e6   pbbs_minSpanningForest   99.92%    432.1MiB / 96GiB    0.44%     0B / 0B   2.53MB / 18.7MB   5
2024-11-13 20:35:36.582231
CONTAINER ID   NAME                     CPU %     MEM USAGE / LIMIT   MEM %     NET I/O   BLOCK I/O         PIDS
1f202f9311e6   pbbs_minSpanningForest   99.73%    184.1MiB / 96GiB    0.19%     0B / 0B   2.56MB / 42.4MB   7
2024-11-13 20:35:38.588880
CONTAINER ID   NAME                     CPU %     MEM USAGE / LIMIT   MEM %     NET I/O   BLOCK I/O         PIDS
1f202f9311e6   pbbs_minSpanningForest   100.06%   297.6MiB / 96GiB    0.30%     0B / 0B   2.56MB / 42.4MB   7
2024-11-13 20:35:40.598040
CONTAINER ID   NAME                     CPU %     MEM USAGE / LIMIT   MEM %     NET I/O   BLOCK I/O         PIDS
1f202f9311e6   pbbs_minSpanningForest   100.09%   160.9MiB / 96GiB    0.16%     0B / 0B   2.56MB / 51.9MB   7
2024-11-13 20:35:42.606466
CONTAINER ID   NAME                     CPU %     MEM USAGE / LIMIT   MEM %     NET I/O   BLOCK I/O         PIDS
1f202f9311e6   pbbs_minSpanningForest   99.92%    342MiB / 96GiB      0.35%     0B / 0B   2.56MB / 51.9MB   7
2024-11-13 20:35:44.618643
CONTAINER ID   NAME                     CPU %     MEM USAGE / LIMIT   MEM %     NET I/O   BLOCK I/O         PIDS
1f202f9311e6   pbbs_minSpanningForest   99.48%    390.1MiB / 96GiB    0.40%     0B / 0B   2.56MB / 51.9MB   7
2024-11-13 20:35:46.624892
CONTAINER ID   NAME                     CPU %     MEM USAGE / LIMIT   MEM %     NET I/O   BLOCK I/O         PIDS
1f202f9311e6   pbbs_minSpanningForest   99.57%    425.8MiB / 96GiB    0.43%     0B / 0B   2.56MB / 51.9MB   7
2024-11-13 20:35:48.633524
CONTAINER ID   NAME                     CPU %      MEM USAGE / LIMIT   MEM %     NET I/O   BLOCK I/O         PIDS
1f202f9311e6   pbbs_minSpanningForest   3176.17%   7.005GiB / 96GiB    7.30%     0B / 0B   3.04MB / 71.9MB   52
2024-11-13 20:35:50.641834
CONTAINER ID   NAME                     CPU %      MEM USAGE / LIMIT   MEM %     NET I/O   BLOCK I/O         PIDS
1f202f9311e6   pbbs_minSpanningForest   4796.30%   27.29GiB / 96GiB    28.43%    0B / 0B   3.04MB / 71.9MB   52
2024-11-13 20:35:52.647273
CONTAINER ID   NAME                     CPU %      MEM USAGE / LIMIT   MEM %     NET I/O   BLOCK I/O         PIDS
1f202f9311e6   pbbs_minSpanningForest   1669.00%   40.5GiB / 96GiB     42.19%    0B / 0B   3.04MB / 71.9MB   52
2024-11-13 20:35:54.653297
CONTAINER ID   NAME                     CPU %     MEM USAGE / LIMIT   MEM %     NET I/O   BLOCK I/O         PIDS
1f202f9311e6   pbbs_minSpanningForest   100.04%   40.5GiB / 96GiB     42.19%    0B / 0B   3.04MB / 71.9MB   52
2024-11-13 20:35:56.660191
CONTAINER ID   NAME                     CPU %     MEM USAGE / LIMIT   MEM %     NET I/O   BLOCK I/O         PIDS
1f202f9311e6   pbbs_minSpanningForest   99.86%    40.5GiB / 96GiB     42.18%    0B / 0B   3.04MB / 71.9MB   52
2024-11-13 20:35:58.668001
CONTAINER ID   NAME                     CPU %     MEM USAGE / LIMIT   MEM %     NET I/O   BLOCK I/O         PIDS
1f202f9311e6   pbbs_minSpanningForest   99.97%    40.5GiB / 96GiB     42.18%    0B / 0B   3.04MB / 71.9MB   52
2024-11-13 20:36:00.676197
CONTAINER ID   NAME                     CPU %     MEM USAGE / LIMIT   MEM %     NET I/O   BLOCK I/O        PIDS
1f202f9311e6   pbbs_minSpanningForest   40.28%    40.69GiB / 96GiB    42.38%    0B / 0B   205MB / 71.9MB   52
2024-11-13 20:36:02.685185
CONTAINER ID   NAME                     CPU %     MEM USAGE / LIMIT   MEM %     NET I/O   BLOCK I/O        PIDS
1f202f9311e6   pbbs_minSpanningForest   34.82%    41.29GiB / 96GiB    43.01%    0B / 0B   855MB / 71.9MB   52
2024-11-13 20:36:04.694441
CONTAINER ID   NAME                     CPU %     MEM USAGE / LIMIT   MEM %     NET I/O   BLOCK I/O         PIDS
1f202f9311e6   pbbs_minSpanningForest   34.90%    41.9GiB / 96GiB     43.64%    0B / 0B   1.51GB / 71.9MB   52
2024-11-13 20:36:06.703292
CONTAINER ID   NAME                     CPU %     MEM USAGE / LIMIT   MEM %     NET I/O   BLOCK I/O         PIDS
1f202f9311e6   pbbs_minSpanningForest   51.97%    42.84GiB / 96GiB    44.62%    0B / 0B   2.51GB / 71.9MB   52
2024-11-13 20:36:08.708456
CONTAINER ID   NAME                     CPU %     MEM USAGE / LIMIT   MEM %     NET I/O   BLOCK I/O        PIDS
1f202f9311e6   pbbs_minSpanningForest   51.12%    43.76GiB / 96GiB    45.58%    0B / 0B   3.5GB / 71.9MB   52
2024-11-13 20:36:10.718022
CONTAINER ID   NAME                     CPU %     MEM USAGE / LIMIT   MEM %     NET I/O   BLOCK I/O        PIDS
1f202f9311e6   pbbs_minSpanningForest   37.22%    44.41GiB / 96GiB    46.26%    0B / 0B   4.2GB / 71.9MB   52
2024-11-13 20:36:12.725614
CONTAINER ID   NAME                     CPU %     MEM USAGE / LIMIT   MEM %     NET I/O   BLOCK I/O         PIDS
1f202f9311e6   pbbs_minSpanningForest   37.04%    45GiB / 96GiB       46.87%    0B / 0B   4.84GB / 71.9MB   52
2024-11-13 20:36:14.734685
CONTAINER ID   NAME                     CPU %     MEM USAGE / LIMIT   MEM %     NET I/O   BLOCK I/O         PIDS
1f202f9311e6   pbbs_minSpanningForest   36.99%    45.59GiB / 96GiB    47.49%    0B / 0B   5.47GB / 71.9MB   52
2024-11-13 20:36:16.742399
CONTAINER ID   NAME                     CPU %     MEM USAGE / LIMIT   MEM %     NET I/O   BLOCK I/O        PIDS
1f202f9311e6   pbbs_minSpanningForest   52.00%    46.36GiB / 96GiB    48.29%    0B / 0B   6.3GB / 71.9MB   52
2024-11-13 20:36:18.749202
CONTAINER ID   NAME                     CPU %     MEM USAGE / LIMIT   MEM %     NET I/O   BLOCK I/O         PIDS
1f202f9311e6   pbbs_minSpanningForest   51.31%    47.31GiB / 96GiB    49.28%    0B / 0B   7.32GB / 71.9MB   52
2024-11-13 20:36:20.756145
CONTAINER ID   NAME                     CPU %     MEM USAGE / LIMIT   MEM %     NET I/O   BLOCK I/O        PIDS
1f202f9311e6   pbbs_minSpanningForest   39.51%    48.13GiB / 96GiB    50.14%    0B / 0B   8.2GB / 71.9MB   52
2024-11-13 20:36:22.764637
CONTAINER ID   NAME                     CPU %     MEM USAGE / LIMIT   MEM %     NET I/O   BLOCK I/O         PIDS
1f202f9311e6   pbbs_minSpanningForest   35.02%    48.75GiB / 96GiB    50.78%    0B / 0B   8.86GB / 71.9MB   52
2024-11-13 20:36:24.772958
CONTAINER ID   NAME                     CPU %     MEM USAGE / LIMIT   MEM %     NET I/O   BLOCK I/O         PIDS
1f202f9311e6   pbbs_minSpanningForest   35.18%    49.36GiB / 96GiB    51.41%    0B / 0B   9.52GB / 71.9MB   52
2024-11-13 20:36:26.780568
CONTAINER ID   NAME                     CPU %     MEM USAGE / LIMIT   MEM %     NET I/O   BLOCK I/O         PIDS
1f202f9311e6   pbbs_minSpanningForest   38.39%    50GiB / 96GiB       52.08%    0B / 0B   10.2GB / 71.9MB   52
2024-11-13 20:36:28.788529
CONTAINER ID   NAME                     CPU %     MEM USAGE / LIMIT   MEM %     NET I/O   BLOCK I/O         PIDS
1f202f9311e6   pbbs_minSpanningForest   48.12%    50.94GiB / 96GiB    53.06%    0B / 0B   11.2GB / 71.9MB   52
2024-11-13 20:36:30.796907
CONTAINER ID   NAME                     CPU %     MEM USAGE / LIMIT   MEM %     NET I/O   BLOCK I/O         PIDS
1f202f9311e6   pbbs_minSpanningForest   50.78%    51.85GiB / 96GiB    54.01%    0B / 0B   12.2GB / 71.9MB   52
2024-11-13 20:36:32.807071
CONTAINER ID   NAME                     CPU %     MEM USAGE / LIMIT   MEM %     NET I/O   BLOCK I/O         PIDS
1f202f9311e6   pbbs_minSpanningForest   37.34%    52.47GiB / 96GiB    54.65%    0B / 0B   12.9GB / 71.9MB   52
2024-11-13 20:36:34.812502
CONTAINER ID   NAME                     CPU %     MEM USAGE / LIMIT   MEM %     NET I/O   BLOCK I/O         PIDS
1f202f9311e6   pbbs_minSpanningForest   37.23%    53.06GiB / 96GiB    55.27%    0B / 0B   13.5GB / 71.9MB   52
2024-11-13 20:36:36.818790
CONTAINER ID   NAME                     CPU %     MEM USAGE / LIMIT   MEM %     NET I/O   BLOCK I/O         PIDS
1f202f9311e6   pbbs_minSpanningForest   37.62%    53.66GiB / 96GiB    55.90%    0B / 0B   14.1GB / 71.9MB   52
2024-11-13 20:36:38.827021
CONTAINER ID   NAME                     CPU %      MEM USAGE / LIMIT   MEM %     NET I/O   BLOCK I/O         PIDS
1f202f9311e6   pbbs_minSpanningForest   1565.14%   54.29GiB / 96GiB    56.56%    0B / 0B   14.8GB / 71.9MB   52
2024-11-13 20:36:40.833189
CONTAINER ID   NAME                     CPU %      MEM USAGE / LIMIT   MEM %     NET I/O   BLOCK I/O         PIDS
1f202f9311e6   pbbs_minSpanningForest   4788.97%   61.49GiB / 96GiB    64.05%    0B / 0B   14.8GB / 71.9MB   52
2024-11-13 20:36:42.839393
CONTAINER ID   NAME                     CPU %      MEM USAGE / LIMIT   MEM %     NET I/O   BLOCK I/O         PIDS
1f202f9311e6   pbbs_minSpanningForest   4810.56%   80.4GiB / 96GiB     83.75%    0B / 0B   14.8GB / 71.9MB   52
2024-11-13 20:36:44.842220
CONTAINER ID   NAME                     CPU %      MEM USAGE / LIMIT   MEM %     NET I/O   BLOCK I/O         PIDS
1f202f9311e6   pbbs_minSpanningForest   4785.25%   94.7GiB / 96GiB     98.65%    0B / 0B   14.8GB / 71.9MB   52
2024-11-13 20:36:46.848483
CONTAINER ID   NAME                     CPU %      MEM USAGE / LIMIT   MEM %     NET I/O   BLOCK I/O         PIDS
1f202f9311e6   pbbs_minSpanningForest   4787.54%   94.36GiB / 96GiB    98.29%    0B / 0B   14.8GB / 71.9MB   52
2024-11-13 20:36:48.857662
CONTAINER ID   NAME                     CPU %      MEM USAGE / LIMIT   MEM %     NET I/O   BLOCK I/O         PIDS
1f202f9311e6   pbbs_minSpanningForest   4775.81%   94.7GiB / 96GiB     98.65%    0B / 0B   14.8GB / 71.9MB   52
2024-11-13 20:36:50.863716
CONTAINER ID   NAME                     CPU %      MEM USAGE / LIMIT   MEM %     NET I/O   BLOCK I/O         PIDS
1f202f9311e6   pbbs_minSpanningForest   4047.89%   94.71GiB / 96GiB    98.66%    0B / 0B   14.8GB / 71.9MB   52
2024-11-13 20:36:52.874543
CONTAINER ID   NAME                     CPU %      MEM USAGE / LIMIT   MEM %     NET I/O   BLOCK I/O         PIDS
1f202f9311e6   pbbs_minSpanningForest   1139.84%   94.9GiB / 96GiB     98.86%    0B / 0B   14.8GB / 71.9MB   52
2024-11-13 20:36:54.880356
CONTAINER ID   NAME                     CPU %     MEM USAGE / LIMIT   MEM %     NET I/O   BLOCK I/O         PIDS
1f202f9311e6   pbbs_minSpanningForest   804.04%   94.86GiB / 96GiB    98.81%    0B / 0B   14.8GB / 71.9MB   52
2024-11-13 20:36:56.888363
CONTAINER ID   NAME                     CPU %      MEM USAGE / LIMIT   MEM %     NET I/O   BLOCK I/O         PIDS
1f202f9311e6   pbbs_minSpanningForest   1122.66%   95.08GiB / 96GiB    99.04%    0B / 0B   14.8GB / 71.9MB   52
2024-11-13 20:36:58.895618
CONTAINER ID   NAME                     CPU %     MEM USAGE / LIMIT   MEM %     NET I/O   BLOCK I/O         PIDS
1f202f9311e6   pbbs_minSpanningForest   852.33%   95.07GiB / 96GiB    99.03%    0B / 0B   14.8GB / 71.9MB   52
2024-11-13 20:37:00.914767
CONTAINER ID   NAME                     CPU %      MEM USAGE / LIMIT   MEM %     NET I/O   BLOCK I/O         PIDS
1f202f9311e6   pbbs_minSpanningForest   1128.96%   95.35GiB / 96GiB    99.33%    0B / 0B   14.8GB / 71.9MB   52
2024-11-13 20:37:02.911686
CONTAINER ID   NAME                     CPU %     MEM USAGE / LIMIT   MEM %     NET I/O   BLOCK I/O         PIDS
1f202f9311e6   pbbs_minSpanningForest   796.24%   95.38GiB / 96GiB    99.35%    0B / 0B   14.8GB / 71.9MB   52
2024-11-13 20:37:04.919072
CONTAINER ID   NAME                     CPU %     MEM USAGE / LIMIT   MEM %     NET I/O   BLOCK I/O         PIDS
1f202f9311e6   pbbs_minSpanningForest   683.30%   95.22GiB / 96GiB    99.19%    0B / 0B   14.8GB / 71.9MB   52
2024-11-13 20:37:06.926149
CONTAINER ID   NAME                     CPU %     MEM USAGE / LIMIT   MEM %     NET I/O   BLOCK I/O         PIDS
1f202f9311e6   pbbs_minSpanningForest   806.23%   95.44GiB / 96GiB    99.42%    0B / 0B   14.8GB / 71.9MB   52
2024-11-13 20:37:08.933365
CONTAINER ID   NAME                     CPU %     MEM USAGE / LIMIT   MEM %     NET I/O   BLOCK I/O         PIDS
1f202f9311e6   pbbs_minSpanningForest   702.59%   95.63GiB / 96GiB    99.61%    0B / 0B   14.8GB / 71.9MB   52
2024-11-13 20:37:10.941021
CONTAINER ID   NAME                     CPU %     MEM USAGE / LIMIT   MEM %     NET I/O   BLOCK I/O         PIDS
1f202f9311e6   pbbs_minSpanningForest   629.91%   95.75GiB / 96GiB    99.74%    0B / 0B   14.8GB / 71.9MB   52
2024-11-13 20:37:12.947856
CONTAINER ID   NAME                     CPU %     MEM USAGE / LIMIT   MEM %     NET I/O   BLOCK I/O         PIDS
1f202f9311e6   pbbs_minSpanningForest   584.40%   95.82GiB / 96GiB    99.81%    0B / 0B   14.8GB / 71.9MB   52
2024-11-13 20:37:14.955502
CONTAINER ID   NAME                     CPU %     MEM USAGE / LIMIT   MEM %     NET I/O   BLOCK I/O         PIDS
1f202f9311e6   pbbs_minSpanningForest   598.38%   95.87GiB / 96GiB    99.86%    0B / 0B   14.8GB / 71.9MB   52
2024-11-13 20:37:16.962515
CONTAINER ID   NAME                     CPU %     MEM USAGE / LIMIT   MEM %     NET I/O   BLOCK I/O         PIDS
1f202f9311e6   pbbs_minSpanningForest   565.03%   95.89GiB / 96GiB    99.89%    0B / 0B   14.8GB / 71.9MB   52
2024-11-13 20:37:18.969769
CONTAINER ID   NAME                     CPU %     MEM USAGE / LIMIT   MEM %     NET I/O   BLOCK I/O         PIDS
1f202f9311e6   pbbs_minSpanningForest   527.92%   95.91GiB / 96GiB    99.91%    0B / 0B   14.8GB / 71.9MB   52
2024-11-13 20:37:20.979461
CONTAINER ID   NAME                     CPU %     MEM USAGE / LIMIT   MEM %     NET I/O   BLOCK I/O         PIDS
1f202f9311e6   pbbs_minSpanningForest   533.83%   95.93GiB / 96GiB    99.93%    0B / 0B   14.8GB / 71.9MB   52
2024-11-13 20:37:22.985873
CONTAINER ID   NAME                     CPU %     MEM USAGE / LIMIT   MEM %     NET I/O   BLOCK I/O         PIDS
1f202f9311e6   pbbs_minSpanningForest   528.11%   95.94GiB / 96GiB    99.93%    0B / 0B   14.8GB / 71.9MB   52
2024-11-13 20:37:24.995990
CONTAINER ID   NAME                     CPU %     MEM USAGE / LIMIT   MEM %     NET I/O   BLOCK I/O         PIDS
1f202f9311e6   pbbs_minSpanningForest   471.78%   95.94GiB / 96GiB    99.94%    0B / 0B   14.8GB / 71.9MB   52
2024-11-13 20:37:27.002205
CONTAINER ID   NAME                     CPU %     MEM USAGE / LIMIT   MEM %     NET I/O   BLOCK I/O         PIDS
1f202f9311e6   pbbs_minSpanningForest   457.64%   95.94GiB / 96GiB    99.94%    0B / 0B   14.8GB / 71.9MB   52
2024-11-13 20:37:29.011263
CONTAINER ID   NAME                     CPU %     MEM USAGE / LIMIT   MEM %     NET I/O   BLOCK I/O         PIDS
1f202f9311e6   pbbs_minSpanningForest   304.99%   95.94GiB / 96GiB    99.94%    0B / 0B   14.8GB / 71.9MB   52
2024-11-13 20:37:31.016522
CONTAINER ID   NAME                     CPU %     MEM USAGE / LIMIT   MEM %     NET I/O   BLOCK I/O         PIDS
1f202f9311e6   pbbs_minSpanningForest   295.75%   95.94GiB / 96GiB    99.93%    0B / 0B   14.8GB / 71.9MB   52
2024-11-13 20:37:33.025358
CONTAINER ID   NAME                     CPU %     MEM USAGE / LIMIT   MEM %     NET I/O   BLOCK I/O         PIDS
1f202f9311e6   pbbs_minSpanningForest   279.91%   95.94GiB / 96GiB    99.93%    0B / 0B   14.8GB / 71.9MB   52
2024-11-13 20:37:35.032460
CONTAINER ID   NAME                     CPU %     MEM USAGE / LIMIT   MEM %     NET I/O   BLOCK I/O         PIDS
1f202f9311e6   pbbs_minSpanningForest   285.43%   95.94GiB / 96GiB    99.93%    0B / 0B   14.8GB / 71.9MB   52
2024-11-13 20:37:37.041024
CONTAINER ID   NAME                     CPU %     MEM USAGE / LIMIT   MEM %     NET I/O   BLOCK I/O         PIDS
1f202f9311e6   pbbs_minSpanningForest   300.13%   95.94GiB / 96GiB    99.93%    0B / 0B   14.8GB / 71.9MB   52
2024-11-13 20:37:39.047802
CONTAINER ID   NAME                     CPU %     MEM USAGE / LIMIT   MEM %     NET I/O   BLOCK I/O         PIDS
1f202f9311e6   pbbs_minSpanningForest   253.47%   95.94GiB / 96GiB    99.93%    0B / 0B   14.8GB / 71.9MB   52
2024-11-13 20:37:41.055175
CONTAINER ID   NAME                     CPU %     MEM USAGE / LIMIT   MEM %     NET I/O   BLOCK I/O         PIDS
1f202f9311e6   pbbs_minSpanningForest   203.03%   95.94GiB / 96GiB    99.93%    0B / 0B   14.8GB / 71.9MB   52
2024-11-13 20:37:43.061792
CONTAINER ID   NAME                     CPU %     MEM USAGE / LIMIT   MEM %     NET I/O   BLOCK I/O         PIDS
1f202f9311e6   pbbs_minSpanningForest   276.10%   95.94GiB / 96GiB    99.94%    0B / 0B   14.8GB / 71.9MB   52
2024-11-13 20:37:45.074297
CONTAINER ID   NAME                     CPU %     MEM USAGE / LIMIT   MEM %     NET I/O   BLOCK I/O         PIDS
1f202f9311e6   pbbs_minSpanningForest   253.53%   95.94GiB / 96GiB    99.93%    0B / 0B   14.8GB / 71.9MB   52
2024-11-13 20:37:47.078914
CONTAINER ID   NAME                     CPU %     MEM USAGE / LIMIT   MEM %     NET I/O   BLOCK I/O         PIDS
1f202f9311e6   pbbs_minSpanningForest   291.98%   95.94GiB / 96GiB    99.94%    0B / 0B   14.8GB / 71.9MB   52
2024-11-13 20:37:49.085071
CONTAINER ID   NAME                     CPU %     MEM USAGE / LIMIT   MEM %     NET I/O   BLOCK I/O         PIDS
1f202f9311e6   pbbs_minSpanningForest   247.24%   95.94GiB / 96GiB    99.93%    0B / 0B   14.8GB / 71.9MB   52
2024-11-13 20:37:51.091761
CONTAINER ID   NAME                     CPU %     MEM USAGE / LIMIT   MEM %     NET I/O   BLOCK I/O         PIDS
1f202f9311e6   pbbs_minSpanningForest   316.84%   95.94GiB / 96GiB    99.94%    0B / 0B   14.8GB / 71.9MB   52
2024-11-13 20:37:53.101437
CONTAINER ID   NAME                     CPU %     MEM USAGE / LIMIT   MEM %     NET I/O   BLOCK I/O         PIDS
1f202f9311e6   pbbs_minSpanningForest   248.35%   95.94GiB / 96GiB    99.93%    0B / 0B   14.8GB / 71.9MB   52
2024-11-13 20:37:55.111839
CONTAINER ID   NAME                     CPU %     MEM USAGE / LIMIT   MEM %     NET I/O   BLOCK I/O         PIDS
1f202f9311e6   pbbs_minSpanningForest   299.89%   95.94GiB / 96GiB    99.93%    0B / 0B   14.8GB / 71.9MB   52
2024-11-13 20:37:57.117399
CONTAINER ID   NAME                     CPU %     MEM USAGE / LIMIT   MEM %     NET I/O   BLOCK I/O         PIDS
1f202f9311e6   pbbs_minSpanningForest   317.33%   95.94GiB / 96GiB    99.93%    0B / 0B   14.8GB / 71.9MB   52
2024-11-13 20:37:59.126175
CONTAINER ID   NAME                     CPU %     MEM USAGE / LIMIT   MEM %     NET I/O   BLOCK I/O         PIDS
1f202f9311e6   pbbs_minSpanningForest   266.95%   95.94GiB / 96GiB    99.93%    0B / 0B   14.8GB / 71.9MB   52
2024-11-13 20:38:01.130378
CONTAINER ID   NAME                     CPU %     MEM USAGE / LIMIT   MEM %     NET I/O   BLOCK I/O         PIDS
1f202f9311e6   pbbs_minSpanningForest   293.46%   95.94GiB / 96GiB    99.93%    0B / 0B   14.8GB / 71.9MB   52
2024-11-13 20:38:03.141217
CONTAINER ID   NAME                     CPU %     MEM USAGE / LIMIT   MEM %     NET I/O   BLOCK I/O         PIDS
1f202f9311e6   pbbs_minSpanningForest   302.97%   95.94GiB / 96GiB    99.93%    0B / 0B   14.8GB / 71.9MB   52
2024-11-13 20:38:05.147249
CONTAINER ID   NAME                     CPU %     MEM USAGE / LIMIT   MEM %     NET I/O   BLOCK I/O         PIDS
1f202f9311e6   pbbs_minSpanningForest   264.32%   95.94GiB / 96GiB    99.93%    0B / 0B   14.8GB / 71.9MB   52
2024-11-13 20:38:07.154691
CONTAINER ID   NAME                     CPU %     MEM USAGE / LIMIT   MEM %     NET I/O   BLOCK I/O         PIDS
1f202f9311e6   pbbs_minSpanningForest   263.97%   95.94GiB / 96GiB    99.93%    0B / 0B   14.8GB / 71.9MB   52
2024-11-13 20:38:09.162686
CONTAINER ID   NAME                     CPU %     MEM USAGE / LIMIT   MEM %     NET I/O   BLOCK I/O         PIDS
1f202f9311e6   pbbs_minSpanningForest   288.44%   95.94GiB / 96GiB    99.94%    0B / 0B   14.8GB / 71.9MB   52
2024-11-13 20:38:11.169655
CONTAINER ID   NAME                     CPU %     MEM USAGE / LIMIT   MEM %     NET I/O   BLOCK I/O         PIDS
1f202f9311e6   pbbs_minSpanningForest   314.40%   95.94GiB / 96GiB    99.94%    0B / 0B   14.8GB / 71.9MB   52
2024-11-13 20:38:13.176784
CONTAINER ID   NAME                     CPU %     MEM USAGE / LIMIT   MEM %     NET I/O   BLOCK I/O         PIDS
1f202f9311e6   pbbs_minSpanningForest   266.16%   95.94GiB / 96GiB    99.93%    0B / 0B   14.8GB / 71.9MB   52
2024-11-13 20:38:15.183906
CONTAINER ID   NAME                     CPU %     MEM USAGE / LIMIT   MEM %     NET I/O   BLOCK I/O         PIDS
1f202f9311e6   pbbs_minSpanningForest   289.73%   95.94GiB / 96GiB    99.94%    0B / 0B   14.8GB / 71.9MB   52
2024-11-13 20:38:17.191559
CONTAINER ID   NAME                     CPU %     MEM USAGE / LIMIT   MEM %     NET I/O   BLOCK I/O         PIDS
1f202f9311e6   pbbs_minSpanningForest   281.29%   95.94GiB / 96GiB    99.93%    0B / 0B   14.8GB / 71.9MB   52
2024-11-13 20:38:19.197463
CONTAINER ID   NAME                     CPU %     MEM USAGE / LIMIT   MEM %     NET I/O   BLOCK I/O         PIDS
1f202f9311e6   pbbs_minSpanningForest   307.83%   95.94GiB / 96GiB    99.93%    0B / 0B   14.8GB / 71.9MB   52
2024-11-13 20:38:21.204071
CONTAINER ID   NAME                     CPU %     MEM USAGE / LIMIT   MEM %     NET I/O   BLOCK I/O         PIDS
1f202f9311e6   pbbs_minSpanningForest   311.19%   95.94GiB / 96GiB    99.93%    0B / 0B   14.8GB / 71.9MB   52
2024-11-13 20:38:23.211891
CONTAINER ID   NAME                     CPU %     MEM USAGE / LIMIT   MEM %     NET I/O   BLOCK I/O         PIDS
1f202f9311e6   pbbs_minSpanningForest   319.98%   95.94GiB / 96GiB    99.93%    0B / 0B   14.8GB / 71.9MB   52
2024-11-13 20:38:25.222609
CONTAINER ID   NAME                     CPU %     MEM USAGE / LIMIT   MEM %     NET I/O   BLOCK I/O         PIDS
1f202f9311e6   pbbs_minSpanningForest   300.26%   95.94GiB / 96GiB    99.93%    0B / 0B   14.8GB / 71.9MB   52
2024-11-13 20:38:27.230321
CONTAINER ID   NAME                     CPU %     MEM USAGE / LIMIT   MEM %     NET I/O   BLOCK I/O         PIDS
1f202f9311e6   pbbs_minSpanningForest   286.50%   95.94GiB / 96GiB    99.94%    0B / 0B   14.8GB / 71.9MB   52
2024-11-13 20:38:29.239993
CONTAINER ID   NAME                     CPU %     MEM USAGE / LIMIT   MEM %     NET I/O   BLOCK I/O         PIDS
1f202f9311e6   pbbs_minSpanningForest   248.25%   95.94GiB / 96GiB    99.93%    0B / 0B   14.8GB / 71.9MB   52
2024-11-13 20:38:31.244570
CONTAINER ID   NAME                     CPU %     MEM USAGE / LIMIT   MEM %     NET I/O   BLOCK I/O         PIDS
1f202f9311e6   pbbs_minSpanningForest   270.16%   95.94GiB / 96GiB    99.94%    0B / 0B   14.8GB / 71.9MB   52
2024-11-13 20:38:33.255071
CONTAINER ID   NAME                     CPU %     MEM USAGE / LIMIT   MEM %     NET I/O   BLOCK I/O         PIDS
1f202f9311e6   pbbs_minSpanningForest   316.98%   95.94GiB / 96GiB    99.94%    0B / 0B   14.8GB / 71.9MB   52
2024-11-13 20:38:35.258810
CONTAINER ID   NAME                     CPU %     MEM USAGE / LIMIT   MEM %     NET I/O   BLOCK I/O         PIDS
1f202f9311e6   pbbs_minSpanningForest   300.19%   95.94GiB / 96GiB    99.93%    0B / 0B   14.8GB / 71.9MB   52
2024-11-13 20:38:37.266439
CONTAINER ID   NAME                     CPU %     MEM USAGE / LIMIT   MEM %     NET I/O   BLOCK I/O         PIDS
1f202f9311e6   pbbs_minSpanningForest   289.66%   95.94GiB / 96GiB    99.93%    0B / 0B   14.8GB / 71.9MB   52
2024-11-13 20:38:39.273194
CONTAINER ID   NAME                     CPU %     MEM USAGE / LIMIT   MEM %     NET I/O   BLOCK I/O         PIDS
1f202f9311e6   pbbs_minSpanningForest   285.32%   95.94GiB / 96GiB    99.93%    0B / 0B   14.8GB / 71.9MB   52
2024-11-13 20:38:41.288745
CONTAINER ID   NAME                     CPU %     MEM USAGE / LIMIT   MEM %     NET I/O   BLOCK I/O         PIDS
1f202f9311e6   pbbs_minSpanningForest   319.06%   95.94GiB / 96GiB    99.93%    0B / 0B   14.8GB / 71.9MB   52
2024-11-13 20:38:43.294974
CONTAINER ID   NAME                     CPU %     MEM USAGE / LIMIT   MEM %     NET I/O   BLOCK I/O         PIDS
1f202f9311e6   pbbs_minSpanningForest   273.15%   95.94GiB / 96GiB    99.94%    0B / 0B   14.8GB / 71.9MB   52
2024-11-13 20:38:45.303614
CONTAINER ID   NAME                     CPU %     MEM USAGE / LIMIT   MEM %     NET I/O   BLOCK I/O         PIDS
1f202f9311e6   pbbs_minSpanningForest   285.09%   95.94GiB / 96GiB    99.93%    0B / 0B   14.8GB / 71.9MB   52
2024-11-13 20:38:47.309238
CONTAINER ID   NAME                     CPU %     MEM USAGE / LIMIT   MEM %     NET I/O   BLOCK I/O         PIDS
1f202f9311e6   pbbs_minSpanningForest   289.18%   95.94GiB / 96GiB    99.93%    0B / 0B   14.8GB / 71.9MB   52
2024-11-13 20:38:49.317255
CONTAINER ID   NAME                     CPU %     MEM USAGE / LIMIT   MEM %     NET I/O   BLOCK I/O         PIDS
1f202f9311e6   pbbs_minSpanningForest   308.43%   95.94GiB / 96GiB    99.93%    0B / 0B   14.8GB / 71.9MB   52
2024-11-13 20:38:51.326246
CONTAINER ID   NAME                     CPU %     MEM USAGE / LIMIT   MEM %     NET I/O   BLOCK I/O         PIDS
1f202f9311e6   pbbs_minSpanningForest   361.28%   95.94GiB / 96GiB    99.93%    0B / 0B   14.8GB / 71.9MB   52
2024-11-13 20:38:53.331299
CONTAINER ID   NAME                     CPU %     MEM USAGE / LIMIT   MEM %     NET I/O   BLOCK I/O         PIDS
1f202f9311e6   pbbs_minSpanningForest   356.18%   95.94GiB / 96GiB    99.93%    0B / 0B   14.8GB / 71.9MB   52
2024-11-13 20:38:55.338124
CONTAINER ID   NAME                     CPU %     MEM USAGE / LIMIT   MEM %     NET I/O   BLOCK I/O         PIDS
1f202f9311e6   pbbs_minSpanningForest   873.67%   95.94GiB / 96GiB    99.94%    0B / 0B   14.8GB / 71.9MB   52
2024-11-13 20:38:57.345874
CONTAINER ID   NAME                     CPU %     MEM USAGE / LIMIT   MEM %     NET I/O   BLOCK I/O         PIDS
1f202f9311e6   pbbs_minSpanningForest   414.71%   95.94GiB / 96GiB    99.94%    0B / 0B   14.8GB / 71.9MB   52
2024-11-13 20:38:59.354578
CONTAINER ID   NAME                     CPU %     MEM USAGE / LIMIT   MEM %     NET I/O   BLOCK I/O         PIDS
1f202f9311e6   pbbs_minSpanningForest   445.41%   95.94GiB / 96GiB    99.94%    0B / 0B   14.8GB / 71.9MB   52
2024-11-13 20:39:01.361821
CONTAINER ID   NAME                     CPU %     MEM USAGE / LIMIT   MEM %     NET I/O   BLOCK I/O         PIDS
1f202f9311e6   pbbs_minSpanningForest   163.45%   86.36GiB / 96GiB    89.95%    0B / 0B   14.8GB / 71.9MB   52
2024-11-13 20:39:03.366770
CONTAINER ID   NAME                     CPU %     MEM USAGE / LIMIT   MEM %     NET I/O   BLOCK I/O         PIDS
1f202f9311e6   pbbs_minSpanningForest   99.23%    68.08GiB / 96GiB    70.91%    0B / 0B   14.8GB / 71.9MB   52
2024-11-13 20:39:05.378305
CONTAINER ID   NAME                     CPU %     MEM USAGE / LIMIT   MEM %     NET I/O   BLOCK I/O         PIDS
1f202f9311e6   pbbs_minSpanningForest   99.58%    50.68GiB / 96GiB    52.79%    0B / 0B   14.8GB / 71.9MB   52
2024-11-13 20:39:07.385616
CONTAINER ID   NAME                     CPU %     MEM USAGE / LIMIT   MEM %     NET I/O   BLOCK I/O         PIDS
1f202f9311e6   pbbs_minSpanningForest   128.22%   32.03GiB / 96GiB    33.36%    0B / 0B   14.8GB / 71.9MB   52
2024-11-13 20:39:09.389867
CONTAINER ID   NAME                     CPU %     MEM USAGE / LIMIT   MEM %     NET I/O   BLOCK I/O         PIDS
1f202f9311e6   pbbs_minSpanningForest   343.74%   32.86GiB / 96GiB    34.23%    0B / 0B   15.5GB / 71.9MB   52
2024-11-13 20:39:11.396189
CONTAINER ID   NAME                     CPU %     MEM USAGE / LIMIT   MEM %     NET I/O   BLOCK I/O         PIDS
1f202f9311e6   pbbs_minSpanningForest   353.77%   33.69GiB / 96GiB    35.10%    0B / 0B   16.1GB / 71.9MB   52
2024-11-13 20:39:13.401184
CONTAINER ID   NAME                     CPU %     MEM USAGE / LIMIT   MEM %     NET I/O   BLOCK I/O         PIDS
1f202f9311e6   pbbs_minSpanningForest   349.58%   34.52GiB / 96GiB    35.96%    0B / 0B   16.8GB / 71.9MB   52
2024-11-13 20:39:15.407835
CONTAINER ID   NAME                     CPU %     MEM USAGE / LIMIT   MEM %     NET I/O   BLOCK I/O         PIDS
1f202f9311e6   pbbs_minSpanningForest   347.56%   35.35GiB / 96GiB    36.82%    0B / 0B   17.4GB / 71.9MB   52
2024-11-13 20:39:17.413912
CONTAINER ID   NAME                     CPU %     MEM USAGE / LIMIT   MEM %     NET I/O   BLOCK I/O         PIDS
1f202f9311e6   pbbs_minSpanningForest   344.43%   36.18GiB / 96GiB    37.69%    0B / 0B   18.1GB / 71.9MB   52
2024-11-13 20:39:19.418038
CONTAINER ID   NAME                     CPU %     MEM USAGE / LIMIT   MEM %     NET I/O   BLOCK I/O         PIDS
1f202f9311e6   pbbs_minSpanningForest   344.51%   37GiB / 96GiB       38.54%    0B / 0B   18.7GB / 71.9MB   52
2024-11-13 20:39:21.422890
CONTAINER ID   NAME                     CPU %     MEM USAGE / LIMIT   MEM %     NET I/O   BLOCK I/O         PIDS
1f202f9311e6   pbbs_minSpanningForest   347.84%   37.82GiB / 96GiB    39.40%    0B / 0B   19.4GB / 71.9MB   52
2024-11-13 20:39:23.427436
CONTAINER ID   NAME                     CPU %     MEM USAGE / LIMIT   MEM %     NET I/O   BLOCK I/O       PIDS
1f202f9311e6   pbbs_minSpanningForest   346.38%   38.66GiB / 96GiB    40.27%    0B / 0B   20GB / 71.9MB   52
2024-11-13 20:39:25.432686
CONTAINER ID   NAME                     CPU %     MEM USAGE / LIMIT   MEM %     NET I/O   BLOCK I/O         PIDS
1f202f9311e6   pbbs_minSpanningForest   355.06%   39.49GiB / 96GiB    41.14%    0B / 0B   20.7GB / 71.9MB   52
2024-11-13 20:39:27.437267
CONTAINER ID   NAME                     CPU %     MEM USAGE / LIMIT   MEM %     NET I/O   BLOCK I/O         PIDS
1f202f9311e6   pbbs_minSpanningForest   357.15%   40.32GiB / 96GiB    42.00%    0B / 0B   21.3GB / 71.9MB   52
2024-11-13 20:39:29.442295
CONTAINER ID   NAME                     CPU %     MEM USAGE / LIMIT   MEM %     NET I/O   BLOCK I/O       PIDS
1f202f9311e6   pbbs_minSpanningForest   354.74%   41.16GiB / 96GiB    42.87%    0B / 0B   22GB / 71.9MB   52
2024-11-13 20:39:31.446968
CONTAINER ID   NAME                     CPU %     MEM USAGE / LIMIT   MEM %     NET I/O   BLOCK I/O         PIDS
1f202f9311e6   pbbs_minSpanningForest   344.87%   41.99GiB / 96GiB    43.74%    0B / 0B   22.6GB / 71.9MB   52
2024-11-13 20:39:33.451483
CONTAINER ID   NAME                     CPU %     MEM USAGE / LIMIT   MEM %     NET I/O   BLOCK I/O         PIDS
1f202f9311e6   pbbs_minSpanningForest   343.94%   42.82GiB / 96GiB    44.60%    0B / 0B   23.3GB / 71.9MB   52
2024-11-13 20:39:35.456450
CONTAINER ID   NAME                     CPU %     MEM USAGE / LIMIT   MEM %     NET I/O   BLOCK I/O         PIDS
1f202f9311e6   pbbs_minSpanningForest   352.28%   43.65GiB / 96GiB    45.47%    0B / 0B   23.9GB / 71.9MB   52
2024-11-13 20:39:37.462223
CONTAINER ID   NAME                     CPU %     MEM USAGE / LIMIT   MEM %     NET I/O   BLOCK I/O         PIDS
1f202f9311e6   pbbs_minSpanningForest   351.20%   44.48GiB / 96GiB    46.33%    0B / 0B   24.6GB / 71.9MB   52
2024-11-13 20:39:39.467889
CONTAINER ID   NAME                     CPU %     MEM USAGE / LIMIT   MEM %     NET I/O   BLOCK I/O         PIDS
1f202f9311e6   pbbs_minSpanningForest   348.02%   45.31GiB / 96GiB    47.20%    0B / 0B   25.2GB / 71.9MB   52
2024-11-13 20:39:41.473516
CONTAINER ID   NAME                     CPU %     MEM USAGE / LIMIT   MEM %     NET I/O   BLOCK I/O         PIDS
1f202f9311e6   pbbs_minSpanningForest   355.62%   46.14GiB / 96GiB    48.06%    0B / 0B   25.9GB / 71.9MB   52
2024-11-13 20:39:43.477732
CONTAINER ID   NAME                     CPU %     MEM USAGE / LIMIT   MEM %     NET I/O   BLOCK I/O         PIDS
1f202f9311e6   pbbs_minSpanningForest   356.50%   46.97GiB / 96GiB    48.93%    0B / 0B   26.5GB / 71.9MB   52
2024-11-13 20:39:45.482561
CONTAINER ID   NAME                     CPU %     MEM USAGE / LIMIT   MEM %     NET I/O   BLOCK I/O         PIDS
1f202f9311e6   pbbs_minSpanningForest   348.50%   47.8GiB / 96GiB     49.79%    0B / 0B   27.2GB / 71.9MB   52
2024-11-13 20:39:47.487429
CONTAINER ID   NAME                     CPU %     MEM USAGE / LIMIT   MEM %     NET I/O   BLOCK I/O         PIDS
1f202f9311e6   pbbs_minSpanningForest   345.27%   48.63GiB / 96GiB    50.66%    0B / 0B   27.8GB / 71.9MB   52
2024-11-13 20:39:49.492130
CONTAINER ID   NAME                     CPU %     MEM USAGE / LIMIT   MEM %     NET I/O   BLOCK I/O         PIDS
1f202f9311e6   pbbs_minSpanningForest   351.30%   49.46GiB / 96GiB    51.52%    0B / 0B   28.5GB / 71.9MB   52
2024-11-13 20:39:51.496331
CONTAINER ID   NAME                     CPU %     MEM USAGE / LIMIT   MEM %     NET I/O   BLOCK I/O         PIDS
1f202f9311e6   pbbs_minSpanningForest   350.16%   50.29GiB / 96GiB    52.39%    0B / 0B   29.1GB / 71.9MB   52
2024-11-13 20:39:53.501904
CONTAINER ID   NAME                     CPU %     MEM USAGE / LIMIT   MEM %     NET I/O   BLOCK I/O         PIDS
1f202f9311e6   pbbs_minSpanningForest   352.77%   51.12GiB / 96GiB    53.25%    0B / 0B   29.8GB / 71.9MB   52
2024-11-13 20:39:55.507981
CONTAINER ID   NAME                     CPU %     MEM USAGE / LIMIT   MEM %     NET I/O   BLOCK I/O         PIDS
1f202f9311e6   pbbs_minSpanningForest   357.73%   51.96GiB / 96GiB    54.12%    0B / 0B   30.4GB / 71.9MB   52
2024-11-13 20:39:57.511064
CONTAINER ID   NAME                     CPU %     MEM USAGE / LIMIT   MEM %     NET I/O   BLOCK I/O         PIDS
1f202f9311e6   pbbs_minSpanningForest   352.98%   52.79GiB / 96GiB    54.99%    0B / 0B   31.1GB / 71.9MB   52
2024-11-13 20:39:59.515353
CONTAINER ID   NAME                     CPU %     MEM USAGE / LIMIT   MEM %     NET I/O   BLOCK I/O         PIDS
1f202f9311e6   pbbs_minSpanningForest   356.16%   53.62GiB / 96GiB    55.86%    0B / 0B   31.7GB / 71.9MB   52
2024-11-13 20:40:01.522147
CONTAINER ID   NAME                     CPU %     MEM USAGE / LIMIT   MEM %     NET I/O   BLOCK I/O         PIDS
1f202f9311e6   pbbs_minSpanningForest   350.04%   54.45GiB / 96GiB    56.72%    0B / 0B   32.4GB / 71.9MB   52
2024-11-13 20:40:03.526106
CONTAINER ID   NAME                     CPU %     MEM USAGE / LIMIT   MEM %     NET I/O   BLOCK I/O       PIDS
1f202f9311e6   pbbs_minSpanningForest   350.84%   55.28GiB / 96GiB    57.59%    0B / 0B   33GB / 71.9MB   52
2024-11-13 20:40:05.531686
CONTAINER ID   NAME                     CPU %     MEM USAGE / LIMIT   MEM %     NET I/O   BLOCK I/O         PIDS
1f202f9311e6   pbbs_minSpanningForest   349.26%   56.12GiB / 96GiB    58.46%    0B / 0B   33.7GB / 71.9MB   52
2024-11-13 20:40:07.537299
CONTAINER ID   NAME                     CPU %     MEM USAGE / LIMIT   MEM %     NET I/O   BLOCK I/O         PIDS
1f202f9311e6   pbbs_minSpanningForest   356.20%   56.95GiB / 96GiB    59.32%    0B / 0B   34.3GB / 71.9MB   52
2024-11-13 20:40:09.544305
CONTAINER ID   NAME                     CPU %     MEM USAGE / LIMIT   MEM %     NET I/O   BLOCK I/O       PIDS
1f202f9311e6   pbbs_minSpanningForest   356.67%   57.78GiB / 96GiB    60.19%    0B / 0B   35GB / 71.9MB   52
2024-11-13 20:40:11.548959
CONTAINER ID   NAME                     CPU %     MEM USAGE / LIMIT   MEM %     NET I/O   BLOCK I/O         PIDS
1f202f9311e6   pbbs_minSpanningForest   350.41%   58.61GiB / 96GiB    61.05%    0B / 0B   35.6GB / 71.9MB   52
2024-11-13 20:40:13.554282
CONTAINER ID   NAME                     CPU %     MEM USAGE / LIMIT   MEM %     NET I/O   BLOCK I/O         PIDS
1f202f9311e6   pbbs_minSpanningForest   354.48%   59.45GiB / 96GiB    61.92%    0B / 0B   36.3GB / 71.9MB   52
2024-11-13 20:40:15.558201
CONTAINER ID   NAME                     CPU %     MEM USAGE / LIMIT   MEM %     NET I/O   BLOCK I/O         PIDS
1f202f9311e6   pbbs_minSpanningForest   351.83%   60.28GiB / 96GiB    62.79%    0B / 0B   36.9GB / 71.9MB   52
2024-11-13 20:40:17.562659
CONTAINER ID   NAME                     CPU %     MEM USAGE / LIMIT   MEM %     NET I/O   BLOCK I/O         PIDS
1f202f9311e6   pbbs_minSpanningForest   350.22%   61.12GiB / 96GiB    63.66%    0B / 0B   37.6GB / 71.9MB   52
2024-11-13 20:40:19.569168
CONTAINER ID   NAME                     CPU %     MEM USAGE / LIMIT   MEM %     NET I/O   BLOCK I/O         PIDS
1f202f9311e6   pbbs_minSpanningForest   365.10%   61.95GiB / 96GiB    64.53%    0B / 0B   38.2GB / 71.9MB   52
2024-11-13 20:40:21.573771
CONTAINER ID   NAME                     CPU %     MEM USAGE / LIMIT   MEM %     NET I/O   BLOCK I/O         PIDS
1f202f9311e6   pbbs_minSpanningForest   355.32%   62.78GiB / 96GiB    65.40%    0B / 0B   38.9GB / 71.9MB   52
2024-11-13 20:40:23.578638
CONTAINER ID   NAME                     CPU %     MEM USAGE / LIMIT   MEM %     NET I/O   BLOCK I/O         PIDS
1f202f9311e6   pbbs_minSpanningForest   355.46%   63.62GiB / 96GiB    66.27%    0B / 0B   39.5GB / 71.9MB   52
2024-11-13 20:40:25.583966
CONTAINER ID   NAME                     CPU %     MEM USAGE / LIMIT   MEM %     NET I/O   BLOCK I/O         PIDS
1f202f9311e6   pbbs_minSpanningForest   344.30%   64.45GiB / 96GiB    67.14%    0B / 0B   40.2GB / 71.9MB   52
2024-11-13 20:40:27.591147
CONTAINER ID   NAME                     CPU %     MEM USAGE / LIMIT   MEM %     NET I/O   BLOCK I/O         PIDS
1f202f9311e6   pbbs_minSpanningForest   348.72%   65.28GiB / 96GiB    68.00%    0B / 0B   40.8GB / 71.9MB   52
2024-11-13 20:40:29.596208
CONTAINER ID   NAME                     CPU %     MEM USAGE / LIMIT   MEM %     NET I/O   BLOCK I/O         PIDS
1f202f9311e6   pbbs_minSpanningForest   350.76%   66.12GiB / 96GiB    68.87%    0B / 0B   41.5GB / 71.9MB   52
2024-11-13 20:40:31.600370
CONTAINER ID   NAME                     CPU %     MEM USAGE / LIMIT   MEM %     NET I/O   BLOCK I/O         PIDS
1f202f9311e6   pbbs_minSpanningForest   359.39%   66.95GiB / 96GiB    69.74%    0B / 0B   42.1GB / 71.9MB   52
2024-11-13 20:40:33.606762
CONTAINER ID   NAME                     CPU %     MEM USAGE / LIMIT   MEM %     NET I/O   BLOCK I/O         PIDS
1f202f9311e6   pbbs_minSpanningForest   356.05%   67.78GiB / 96GiB    70.61%    0B / 0B   42.8GB / 71.9MB   52
2024-11-13 20:40:35.611406
CONTAINER ID   NAME                     CPU %     MEM USAGE / LIMIT   MEM %     NET I/O   BLOCK I/O         PIDS
1f202f9311e6   pbbs_minSpanningForest   353.14%   68.62GiB / 96GiB    71.48%    0B / 0B   43.4GB / 71.9MB   52
2024-11-13 20:40:37.614852
CONTAINER ID   NAME                     CPU %     MEM USAGE / LIMIT   MEM %     NET I/O   BLOCK I/O         PIDS
1f202f9311e6   pbbs_minSpanningForest   356.99%   69.45GiB / 96GiB    72.35%    0B / 0B   44.1GB / 71.9MB   52
2024-11-13 20:40:39.619366
CONTAINER ID   NAME                     CPU %     MEM USAGE / LIMIT   MEM %     NET I/O   BLOCK I/O         PIDS
1f202f9311e6   pbbs_minSpanningForest   354.07%   70.28GiB / 96GiB    73.21%    0B / 0B   44.7GB / 71.9MB   52
2024-11-13 20:40:41.625340
CONTAINER ID   NAME                     CPU %     MEM USAGE / LIMIT   MEM %     NET I/O   BLOCK I/O         PIDS
1f202f9311e6   pbbs_minSpanningForest   358.96%   71.12GiB / 96GiB    74.08%    0B / 0B   45.4GB / 71.9MB   52
2024-11-13 20:40:43.629918
CONTAINER ID   NAME                     CPU %     MEM USAGE / LIMIT   MEM %     NET I/O   BLOCK I/O       PIDS
1f202f9311e6   pbbs_minSpanningForest   359.69%   71.95GiB / 96GiB    74.95%    0B / 0B   46GB / 71.9MB   52
2024-11-13 20:40:45.635724
CONTAINER ID   NAME                     CPU %     MEM USAGE / LIMIT   MEM %     NET I/O   BLOCK I/O         PIDS
1f202f9311e6   pbbs_minSpanningForest   357.87%   72.79GiB / 96GiB    75.82%    0B / 0B   46.7GB / 71.9MB   52
2024-11-13 20:40:47.640467
CONTAINER ID   NAME                     CPU %     MEM USAGE / LIMIT   MEM %     NET I/O   BLOCK I/O         PIDS
1f202f9311e6   pbbs_minSpanningForest   357.17%   73.62GiB / 96GiB    76.69%    0B / 0B   47.3GB / 71.9MB   52
2024-11-13 20:40:49.644558
CONTAINER ID   NAME                     CPU %     MEM USAGE / LIMIT   MEM %     NET I/O   BLOCK I/O       PIDS
1f202f9311e6   pbbs_minSpanningForest   362.81%   74.46GiB / 96GiB    77.56%    0B / 0B   48GB / 71.9MB   52
2024-11-13 20:40:51.649878
CONTAINER ID   NAME                     CPU %     MEM USAGE / LIMIT   MEM %     NET I/O   BLOCK I/O         PIDS
1f202f9311e6   pbbs_minSpanningForest   354.16%   75.3GiB / 96GiB     78.43%    0B / 0B   48.6GB / 71.9MB   52
2024-11-13 20:40:53.655100
CONTAINER ID   NAME                     CPU %     MEM USAGE / LIMIT   MEM %     NET I/O   BLOCK I/O         PIDS
1f202f9311e6   pbbs_minSpanningForest   353.56%   76.13GiB / 96GiB    79.30%    0B / 0B   49.3GB / 71.9MB   52
2024-11-13 20:40:55.659929
CONTAINER ID   NAME                     CPU %     MEM USAGE / LIMIT   MEM %     NET I/O   BLOCK I/O         PIDS
1f202f9311e6   pbbs_minSpanningForest   350.67%   76.97GiB / 96GiB    80.18%    0B / 0B   49.9GB / 71.9MB   52
2024-11-13 20:40:57.667732
CONTAINER ID   NAME                     CPU %     MEM USAGE / LIMIT   MEM %     NET I/O   BLOCK I/O         PIDS
1f202f9311e6   pbbs_minSpanningForest   366.26%   77.81GiB / 96GiB    81.05%    0B / 0B   50.6GB / 71.9MB   52
2024-11-13 20:40:59.670807
CONTAINER ID   NAME                     CPU %     MEM USAGE / LIMIT   MEM %     NET I/O   BLOCK I/O         PIDS
1f202f9311e6   pbbs_minSpanningForest   347.66%   78.65GiB / 96GiB    81.92%    0B / 0B   51.2GB / 71.9MB   52
2024-11-13 20:41:01.675876
CONTAINER ID   NAME                     CPU %     MEM USAGE / LIMIT   MEM %     NET I/O   BLOCK I/O         PIDS
1f202f9311e6   pbbs_minSpanningForest   321.77%   79.44GiB / 96GiB    82.75%    0B / 0B   51.8GB / 71.9MB   52
2024-11-13 20:41:03.682253
CONTAINER ID   NAME                     CPU %     MEM USAGE / LIMIT   MEM %     NET I/O   BLOCK I/O         PIDS
1f202f9311e6   pbbs_minSpanningForest   360.80%   80.28GiB / 96GiB    83.63%    0B / 0B   52.5GB / 71.9MB   52
2024-11-13 20:41:05.687805
CONTAINER ID   NAME                     CPU %     MEM USAGE / LIMIT   MEM %     NET I/O   BLOCK I/O         PIDS
1f202f9311e6   pbbs_minSpanningForest   506.32%   81.13GiB / 96GiB    84.51%    0B / 0B   53.1GB / 71.9MB   52
2024-11-13 20:41:07.696492
CONTAINER ID   NAME                     CPU %     MEM USAGE / LIMIT   MEM %     NET I/O   BLOCK I/O         PIDS
1f202f9311e6   pbbs_minSpanningForest   99.59%    63.64GiB / 96GiB    66.29%    0B / 0B   53.2GB / 71.9MB   52
2024-11-13 20:41:09.704349
CONTAINER ID   NAME                     CPU %     MEM USAGE / LIMIT   MEM %     NET I/O   BLOCK I/O         PIDS
1f202f9311e6   pbbs_minSpanningForest   98.47%    50.2GiB / 96GiB     52.29%    0B / 0B   53.2GB / 71.9MB   52
2024-11-13 20:41:11.712459
CONTAINER ID   NAME                     CPU %     MEM USAGE / LIMIT   MEM %     NET I/O   BLOCK I/O         PIDS
1f202f9311e6   pbbs_minSpanningForest   98.76%    41.84GiB / 96GiB    43.58%    0B / 0B   53.2GB / 71.9MB   52
2024-11-13 20:41:13.718315
CONTAINER ID   NAME                     CPU %     MEM USAGE / LIMIT   MEM %     NET I/O   BLOCK I/O         PIDS
1f202f9311e6   pbbs_minSpanningForest   98.58%    32.55GiB / 96GiB    33.90%    0B / 0B   53.2GB / 71.9MB   52
2024-11-13 20:41:15.725357
CONTAINER ID   NAME                     CPU %     MEM USAGE / LIMIT   MEM %     NET I/O   BLOCK I/O         PIDS
1f202f9311e6   pbbs_minSpanningForest   98.44%    23.85GiB / 96GiB    24.84%    0B / 0B   53.2GB / 71.9MB   52
2024-11-13 20:41:17.732783
CONTAINER ID   NAME                     CPU %     MEM USAGE / LIMIT   MEM %     NET I/O   BLOCK I/O         PIDS
1f202f9311e6   pbbs_minSpanningForest   97.79%    15.17GiB / 96GiB    15.80%    0B / 0B   53.2GB / 71.9MB   52
2024-11-13 20:41:19.741898
CONTAINER ID   NAME                     CPU %      MEM USAGE / LIMIT   MEM %     NET I/O   BLOCK I/O         PIDS
1f202f9311e6   pbbs_minSpanningForest   4777.29%   20.2GiB / 96GiB     21.04%    0B / 0B   53.2GB / 71.9MB   52
2024-11-13 20:41:21.747113
CONTAINER ID   NAME                     CPU %      MEM USAGE / LIMIT   MEM %     NET I/O   BLOCK I/O         PIDS
1f202f9311e6   pbbs_minSpanningForest   4800.71%   21.34GiB / 96GiB    22.23%    0B / 0B   53.2GB / 71.9MB   52
2024-11-13 20:41:23.754903
CONTAINER ID   NAME                     CPU %      MEM USAGE / LIMIT   MEM %     NET I/O   BLOCK I/O         PIDS
1f202f9311e6   pbbs_minSpanningForest   4808.75%   21.34GiB / 96GiB    22.23%    0B / 0B   53.2GB / 71.9MB   52
2024-11-13 20:41:25.759650
CONTAINER ID   NAME                     CPU %      MEM USAGE / LIMIT   MEM %     NET I/O   BLOCK I/O         PIDS
1f202f9311e6   pbbs_minSpanningForest   4778.55%   26.17GiB / 96GiB    27.26%    0B / 0B   53.2GB / 71.9MB   52
2024-11-13 20:41:27.766285
CONTAINER ID   NAME                     CPU %      MEM USAGE / LIMIT   MEM %     NET I/O   BLOCK I/O         PIDS
1f202f9311e6   pbbs_minSpanningForest   4801.31%   26.61GiB / 96GiB    27.72%    0B / 0B   53.2GB / 71.9MB   52
2024-11-13 20:41:29.774557
CONTAINER ID   NAME                     CPU %      MEM USAGE / LIMIT   MEM %     NET I/O   BLOCK I/O         PIDS
1f202f9311e6   pbbs_minSpanningForest   4800.59%   26.61GiB / 96GiB    27.72%    0B / 0B   53.2GB / 71.9MB   52
2024-11-13 20:41:31.778379
CONTAINER ID   NAME                     CPU %      MEM USAGE / LIMIT   MEM %     NET I/O   BLOCK I/O         PIDS
1f202f9311e6   pbbs_minSpanningForest   4768.83%   26.61GiB / 96GiB    27.72%    0B / 0B   53.2GB / 71.9MB   52
2024-11-13 20:41:33.782846
CONTAINER ID   NAME                     CPU %      MEM USAGE / LIMIT   MEM %     NET I/O   BLOCK I/O         PIDS
1f202f9311e6   pbbs_minSpanningForest   4762.73%   26.61GiB / 96GiB    27.72%    0B / 0B   53.2GB / 71.9MB   52
2024-11-13 20:41:35.789808
CONTAINER ID   NAME                     CPU %      MEM USAGE / LIMIT   MEM %     NET I/O   BLOCK I/O         PIDS
1f202f9311e6   pbbs_minSpanningForest   4809.53%   26.61GiB / 96GiB    27.72%    0B / 0B   53.2GB / 71.9MB   52
2024-11-13 20:41:37.797321
CONTAINER ID   NAME                     CPU %      MEM USAGE / LIMIT   MEM %     NET I/O   BLOCK I/O         PIDS
1f202f9311e6   pbbs_minSpanningForest   4801.93%   26.61GiB / 96GiB    27.72%    0B / 0B   53.2GB / 71.9MB   52
2024-11-13 20:41:39.802379
CONTAINER ID   NAME                     CPU %      MEM USAGE / LIMIT   MEM %     NET I/O   BLOCK I/O         PIDS
1f202f9311e6   pbbs_minSpanningForest   4747.07%   26.61GiB / 96GiB    27.72%    0B / 0B   53.2GB / 71.9MB   52
2024-11-13 20:41:41.809683
CONTAINER ID   NAME                     CPU %      MEM USAGE / LIMIT   MEM %     NET I/O   BLOCK I/O         PIDS
1f202f9311e6   pbbs_minSpanningForest   4773.90%   26.61GiB / 96GiB    27.72%    0B / 0B   53.2GB / 71.9MB   52
2024-11-13 20:41:43.823274
CONTAINER ID   NAME                     CPU %      MEM USAGE / LIMIT   MEM %     NET I/O   BLOCK I/O         PIDS
1f202f9311e6   pbbs_minSpanningForest   4795.06%   26.61GiB / 96GiB    27.72%    0B / 0B   53.2GB / 71.9MB   52
2024-11-13 20:41:45.829253
CONTAINER ID   NAME                     CPU %      MEM USAGE / LIMIT   MEM %     NET I/O   BLOCK I/O         PIDS
1f202f9311e6   pbbs_minSpanningForest   4800.83%   26.61GiB / 96GiB    27.72%    0B / 0B   53.2GB / 71.9MB   52
2024-11-13 20:41:47.837232
CONTAINER ID   NAME                     CPU %      MEM USAGE / LIMIT   MEM %     NET I/O   BLOCK I/O         PIDS
1f202f9311e6   pbbs_minSpanningForest   4794.53%   26.61GiB / 96GiB    27.72%    0B / 0B   53.2GB / 71.9MB   52
2024-11-13 20:41:49.844837
CONTAINER ID   NAME                     CPU %      MEM USAGE / LIMIT   MEM %     NET I/O   BLOCK I/O         PIDS
1f202f9311e6   pbbs_minSpanningForest   4790.96%   26.61GiB / 96GiB    27.72%    0B / 0B   53.2GB / 71.9MB   52
2024-11-13 20:41:51.849735
CONTAINER ID   NAME                     CPU %      MEM USAGE / LIMIT   MEM %     NET I/O   BLOCK I/O         PIDS
1f202f9311e6   pbbs_minSpanningForest   4805.43%   26.61GiB / 96GiB    27.72%    0B / 0B   53.2GB / 71.9MB   52
2024-11-13 20:41:53.856855
CONTAINER ID   NAME                     CPU %      MEM USAGE / LIMIT   MEM %     NET I/O   BLOCK I/O         PIDS
1f202f9311e6   pbbs_minSpanningForest   4756.47%   26.61GiB / 96GiB    27.72%    0B / 0B   53.2GB / 71.9MB   52
2024-11-13 20:41:55.860795
CONTAINER ID   NAME                     CPU %      MEM USAGE / LIMIT   MEM %     NET I/O   BLOCK I/O         PIDS
1f202f9311e6   pbbs_minSpanningForest   4798.20%   26.61GiB / 96GiB    27.72%    0B / 0B   53.2GB / 71.9MB   52
2024-11-13 20:41:57.869074
CONTAINER ID   NAME                     CPU %      MEM USAGE / LIMIT   MEM %     NET I/O   BLOCK I/O         PIDS
1f202f9311e6   pbbs_minSpanningForest   4808.01%   26.61GiB / 96GiB    27.72%    0B / 0B   53.2GB / 71.9MB   52
2024-11-13 20:41:59.877465
CONTAINER ID   NAME                     CPU %      MEM USAGE / LIMIT   MEM %     NET I/O   BLOCK I/O         PIDS
1f202f9311e6   pbbs_minSpanningForest   4783.28%   26.61GiB / 96GiB    27.72%    0B / 0B   53.2GB / 71.9MB   52
2024-11-13 20:42:01.881323
CONTAINER ID   NAME                     CPU %      MEM USAGE / LIMIT   MEM %     NET I/O   BLOCK I/O         PIDS
1f202f9311e6   pbbs_minSpanningForest   4782.50%   26.61GiB / 96GiB    27.72%    0B / 0B   53.2GB / 71.9MB   52
2024-11-13 20:42:03.889183
CONTAINER ID   NAME                     CPU %      MEM USAGE / LIMIT   MEM %     NET I/O   BLOCK I/O         PIDS
1f202f9311e6   pbbs_minSpanningForest   4794.85%   26.61GiB / 96GiB    27.72%    0B / 0B   53.2GB / 71.9MB   52
2024-11-13 20:42:05.897051
CONTAINER ID   NAME                     CPU %      MEM USAGE / LIMIT   MEM %     NET I/O   BLOCK I/O         PIDS
1f202f9311e6   pbbs_minSpanningForest   4795.48%   26.61GiB / 96GiB    27.72%    0B / 0B   53.2GB / 71.9MB   52
2024-11-13 20:42:07.904076
CONTAINER ID   NAME                     CPU %      MEM USAGE / LIMIT   MEM %     NET I/O   BLOCK I/O         PIDS
1f202f9311e6   pbbs_minSpanningForest   4801.07%   26.61GiB / 96GiB    27.72%    0B / 0B   53.2GB / 71.9MB   52
2024-11-13 20:42:09.914220
CONTAINER ID   NAME                     CPU %      MEM USAGE / LIMIT   MEM %     NET I/O   BLOCK I/O         PIDS
1f202f9311e6   pbbs_minSpanningForest   4810.27%   26.61GiB / 96GiB    27.72%    0B / 0B   53.2GB / 71.9MB   52
2024-11-13 20:42:11.918513
CONTAINER ID   NAME                     CPU %      MEM USAGE / LIMIT   MEM %     NET I/O   BLOCK I/O         PIDS
1f202f9311e6   pbbs_minSpanningForest   4777.97%   26.61GiB / 96GiB    27.72%    0B / 0B   53.2GB / 71.9MB   52
2024-11-13 20:42:13.922933
CONTAINER ID   NAME                     CPU %      MEM USAGE / LIMIT   MEM %     NET I/O   BLOCK I/O         PIDS
1f202f9311e6   pbbs_minSpanningForest   4801.06%   26.61GiB / 96GiB    27.72%    0B / 0B   53.2GB / 71.9MB   52
2024-11-13 20:42:15.929062
CONTAINER ID   NAME                     CPU %      MEM USAGE / LIMIT   MEM %     NET I/O   BLOCK I/O         PIDS
1f202f9311e6   pbbs_minSpanningForest   4797.08%   26.61GiB / 96GiB    27.72%    0B / 0B   53.2GB / 71.9MB   52
2024-11-13 20:42:17.938675
CONTAINER ID   NAME                     CPU %      MEM USAGE / LIMIT   MEM %     NET I/O   BLOCK I/O         PIDS
1f202f9311e6   pbbs_minSpanningForest   4800.73%   26.61GiB / 96GiB    27.72%    0B / 0B   53.2GB / 71.9MB   52
2024-11-13 20:42:19.945752
CONTAINER ID   NAME                     CPU %      MEM USAGE / LIMIT   MEM %     NET I/O   BLOCK I/O         PIDS
1f202f9311e6   pbbs_minSpanningForest   4774.79%   26.61GiB / 96GiB    27.72%    0B / 0B   53.2GB / 71.9MB   52
2024-11-13 20:42:21.950626
CONTAINER ID   NAME                     CPU %      MEM USAGE / LIMIT   MEM %     NET I/O   BLOCK I/O         PIDS
1f202f9311e6   pbbs_minSpanningForest   4802.88%   26.61GiB / 96GiB    27.72%    0B / 0B   53.2GB / 71.9MB   52
2024-11-13 20:42:23.957410
CONTAINER ID   NAME                     CPU %      MEM USAGE / LIMIT   MEM %     NET I/O   BLOCK I/O         PIDS
1f202f9311e6   pbbs_minSpanningForest   4797.16%   26.61GiB / 96GiB    27.72%    0B / 0B   53.2GB / 71.9MB   52
2024-11-13 20:42:25.963191
CONTAINER ID   NAME                     CPU %      MEM USAGE / LIMIT   MEM %     NET I/O   BLOCK I/O         PIDS
1f202f9311e6   pbbs_minSpanningForest   4759.86%   26.61GiB / 96GiB    27.72%    0B / 0B   53.2GB / 71.9MB   52
2024-11-13 20:42:27.969528
CONTAINER ID   NAME                     CPU %      MEM USAGE / LIMIT   MEM %     NET I/O   BLOCK I/O         PIDS
1f202f9311e6   pbbs_minSpanningForest   4795.12%   26.61GiB / 96GiB    27.72%    0B / 0B   53.2GB / 71.9MB   52
2024-11-13 20:42:29.976541
CONTAINER ID   NAME                     CPU %      MEM USAGE / LIMIT   MEM %     NET I/O   BLOCK I/O         PIDS
1f202f9311e6   pbbs_minSpanningForest   4803.06%   26.61GiB / 96GiB    27.72%    0B / 0B   53.2GB / 71.9MB   52
2024-11-13 20:42:31.982747
CONTAINER ID   NAME                     CPU %      MEM USAGE / LIMIT   MEM %     NET I/O   BLOCK I/O         PIDS
1f202f9311e6   pbbs_minSpanningForest   4790.50%   26.61GiB / 96GiB    27.72%    0B / 0B   53.2GB / 71.9MB   52
2024-11-13 20:42:33.995573
CONTAINER ID   NAME                     CPU %      MEM USAGE / LIMIT   MEM %     NET I/O   BLOCK I/O         PIDS
1f202f9311e6   pbbs_minSpanningForest   4798.09%   26.61GiB / 96GiB    27.72%    0B / 0B   53.2GB / 71.9MB   52
2024-11-13 20:42:35.998702
CONTAINER ID   NAME                     CPU %      MEM USAGE / LIMIT   MEM %     NET I/O   BLOCK I/O         PIDS
1f202f9311e6   pbbs_minSpanningForest   4811.99%   26.61GiB / 96GiB    27.72%    0B / 0B   53.2GB / 71.9MB   52
2024-11-13 20:42:38.003979
CONTAINER ID   NAME                     CPU %      MEM USAGE / LIMIT   MEM %     NET I/O   BLOCK I/O         PIDS
1f202f9311e6   pbbs_minSpanningForest   4792.96%   26.61GiB / 96GiB    27.72%    0B / 0B   53.2GB / 71.9MB   52
2024-11-13 20:42:40.010718
CONTAINER ID   NAME                     CPU %      MEM USAGE / LIMIT   MEM %     NET I/O   BLOCK I/O         PIDS
1f202f9311e6   pbbs_minSpanningForest   4791.84%   26.61GiB / 96GiB    27.72%    0B / 0B   53.2GB / 71.9MB   52
2024-11-13 20:42:42.016290
CONTAINER ID   NAME                     CPU %      MEM USAGE / LIMIT   MEM %     NET I/O   BLOCK I/O         PIDS
1f202f9311e6   pbbs_minSpanningForest   4798.27%   26.61GiB / 96GiB    27.72%    0B / 0B   53.2GB / 71.9MB   52
2024-11-13 20:42:44.022065
CONTAINER ID   NAME                     CPU %      MEM USAGE / LIMIT   MEM %     NET I/O   BLOCK I/O         PIDS
1f202f9311e6   pbbs_minSpanningForest   4799.60%   26.61GiB / 96GiB    27.72%    0B / 0B   53.2GB / 71.9MB   52
2024-11-13 20:42:46.031842
CONTAINER ID   NAME                     CPU %      MEM USAGE / LIMIT   MEM %     NET I/O   BLOCK I/O         PIDS
1f202f9311e6   pbbs_minSpanningForest   4754.86%   26.61GiB / 96GiB    27.72%    0B / 0B   53.2GB / 71.9MB   52
2024-11-13 20:42:48.036766
CONTAINER ID   NAME                     CPU %      MEM USAGE / LIMIT   MEM %     NET I/O   BLOCK I/O         PIDS
1f202f9311e6   pbbs_minSpanningForest   4770.42%   26.61GiB / 96GiB    27.72%    0B / 0B   53.2GB / 71.9MB   52
2024-11-13 20:42:50.044329
CONTAINER ID   NAME                     CPU %      MEM USAGE / LIMIT   MEM %     NET I/O   BLOCK I/O         PIDS
1f202f9311e6   pbbs_minSpanningForest   4778.04%   26.61GiB / 96GiB    27.72%    0B / 0B   53.2GB / 71.9MB   52
2024-11-13 20:42:52.052486
CONTAINER ID   NAME                     CPU %      MEM USAGE / LIMIT   MEM %     NET I/O   BLOCK I/O         PIDS
1f202f9311e6   pbbs_minSpanningForest   4811.48%   26.61GiB / 96GiB    27.72%    0B / 0B   53.2GB / 71.9MB   52
2024-11-13 20:42:54.055855
CONTAINER ID   NAME                     CPU %      MEM USAGE / LIMIT   MEM %     NET I/O   BLOCK I/O         PIDS
1f202f9311e6   pbbs_minSpanningForest   4792.24%   26.61GiB / 96GiB    27.72%    0B / 0B   53.2GB / 71.9MB   52
2024-11-13 20:42:56.060979
CONTAINER ID   NAME                     CPU %      MEM USAGE / LIMIT   MEM %     NET I/O   BLOCK I/O         PIDS
1f202f9311e6   pbbs_minSpanningForest   4792.41%   26.61GiB / 96GiB    27.72%    0B / 0B   53.2GB / 71.9MB   52
2024-11-13 20:42:58.069389
CONTAINER ID   NAME                     CPU %      MEM USAGE / LIMIT   MEM %     NET I/O   BLOCK I/O         PIDS
1f202f9311e6   pbbs_minSpanningForest   4799.28%   26.61GiB / 96GiB    27.72%    0B / 0B   53.2GB / 71.9MB   52
2024-11-13 20:43:00.074941
CONTAINER ID   NAME                     CPU %      MEM USAGE / LIMIT   MEM %     NET I/O   BLOCK I/O         PIDS
1f202f9311e6   pbbs_minSpanningForest   4812.36%   26.61GiB / 96GiB    27.72%    0B / 0B   53.2GB / 71.9MB   52
2024-11-13 20:43:02.080469
CONTAINER ID   NAME                     CPU %      MEM USAGE / LIMIT   MEM %     NET I/O   BLOCK I/O         PIDS
1f202f9311e6   pbbs_minSpanningForest   4799.88%   26.61GiB / 96GiB    27.72%    0B / 0B   53.2GB / 71.9MB   52
2024-11-13 20:43:04.088835
CONTAINER ID   NAME                     CPU %      MEM USAGE / LIMIT   MEM %     NET I/O   BLOCK I/O         PIDS
1f202f9311e6   pbbs_minSpanningForest   4788.50%   26.61GiB / 96GiB    27.72%    0B / 0B   53.2GB / 71.9MB   52
2024-11-13 20:43:06.094681
CONTAINER ID   NAME                     CPU %      MEM USAGE / LIMIT   MEM %     NET I/O   BLOCK I/O         PIDS
1f202f9311e6   pbbs_minSpanningForest   4798.32%   26.61GiB / 96GiB    27.72%    0B / 0B   53.2GB / 71.9MB   52
2024-11-13 20:43:08.099299
CONTAINER ID   NAME                     CPU %      MEM USAGE / LIMIT   MEM %     NET I/O   BLOCK I/O         PIDS
1f202f9311e6   pbbs_minSpanningForest   4762.14%   26.61GiB / 96GiB    27.72%    0B / 0B   53.2GB / 71.9MB   52
2024-11-13 20:43:10.104931
CONTAINER ID   NAME                     CPU %      MEM USAGE / LIMIT   MEM %     NET I/O   BLOCK I/O         PIDS
1f202f9311e6   pbbs_minSpanningForest   3010.66%   23.41GiB / 96GiB    24.38%    0B / 0B   53.2GB / 71.9MB   52
2024-11-13 20:43:12.115636
CONTAINER ID   NAME                     CPU %     MEM USAGE / LIMIT   MEM %     NET I/O   BLOCK I/O         PIDS
1f202f9311e6   pbbs_minSpanningForest   99.82%    5.042GiB / 96GiB    5.25%     0B / 0B   53.2GB / 71.9MB   5
2024-11-13 20:43:14.124377
CONTAINER ID   NAME      CPU %     MEM USAGE / LIMIT   MEM %     NET I/O   BLOCK I/O   PIDS
