2024-11-13 19:50:07.230398
CONTAINER ID   NAME      CPU %     MEM USAGE / LIMIT   MEM %     NET I/O   BLOCK I/O   PIDS
2024-11-13 19:50:07.857648
CONTAINER ID   NAME      CPU %     MEM USAGE / LIMIT   MEM %     NET I/O   BLOCK I/O   PIDS
2024-11-13 19:50:08.491991
CONTAINER ID   NAME      CPU %     MEM USAGE / LIMIT   MEM %     NET I/O   BLOCK I/O   PIDS
2024-11-13 19:50:09.127019
CONTAINER ID   NAME      CPU %     MEM USAGE / LIMIT   MEM %     NET I/O   BLOCK I/O   PIDS
2024-11-13 19:50:09.762666
CONTAINER ID   NAME      CPU %     MEM USAGE / LIMIT   MEM %     NET I/O   BLOCK I/O   PIDS
2024-11-13 20:27:38.244617
CONTAINER ID   NAME      CPU %     MEM USAGE / LIMIT   MEM %     NET I/O   BLOCK I/O   PIDS
2024-11-13 20:27:39.049262
CONTAINER ID   NAME      CPU %     MEM USAGE / LIMIT   MEM %     NET I/O   BLOCK I/O   PIDS
2024-11-13 20:27:39.688175
CONTAINER ID   NAME      CPU %     MEM USAGE / LIMIT   MEM %     NET I/O   BLOCK I/O   PIDS
2024-11-13 20:27:40.328278
CONTAINER ID   NAME      CPU %     MEM USAGE / LIMIT   MEM %     NET I/O   BLOCK I/O   PIDS
2024-11-13 20:27:40.962217
CONTAINER ID   NAME      CPU %     MEM USAGE / LIMIT   MEM %     NET I/O   BLOCK I/O   PIDS
2024-11-13 20:27:41.596564
CONTAINER ID   NAME      CPU %     MEM USAGE / LIMIT   MEM %     NET I/O   BLOCK I/O   PIDS
2024-11-13 20:27:42.229852
CONTAINER ID   NAME      CPU %     MEM USAGE / LIMIT   MEM %     NET I/O   BLOCK I/O   PIDS
2024-11-13 20:27:42.862604
CONTAINER ID   NAME      CPU %     MEM USAGE / LIMIT   MEM %     NET I/O   BLOCK I/O   PIDS
2024-11-13 20:27:43.500580
CONTAINER ID   NAME      CPU %     MEM USAGE / LIMIT   MEM %     NET I/O   BLOCK I/O   PIDS
2024-11-13 20:27:44.132374
CONTAINER ID   NAME      CPU %     MEM USAGE / LIMIT   MEM %     NET I/O   BLOCK I/O   PIDS
2024-11-13 20:27:44.765406
CONTAINER ID   NAME      CPU %     MEM USAGE / LIMIT   MEM %     NET I/O   BLOCK I/O   PIDS
2024-11-13 20:27:45.398663
CONTAINER ID   NAME      CPU %     MEM USAGE / LIMIT   MEM %     NET I/O   BLOCK I/O   PIDS
2024-11-13 20:27:46.032504
CONTAINER ID   NAME      CPU %     MEM USAGE / LIMIT   MEM %     NET I/O   BLOCK I/O   PIDS
2024-11-13 20:27:46.665750
CONTAINER ID   NAME      CPU %     MEM USAGE / LIMIT   MEM %     NET I/O   BLOCK I/O   PIDS
2024-11-13 20:27:47.299021
CONTAINER ID   NAME      CPU %     MEM USAGE / LIMIT   MEM %     NET I/O   BLOCK I/O   PIDS
2024-11-13 20:27:47.932334
CONTAINER ID   NAME      CPU %     MEM USAGE / LIMIT   MEM %     NET I/O   BLOCK I/O   PIDS
2024-11-13 20:27:48.564812
CONTAINER ID   NAME      CPU %     MEM USAGE / LIMIT   MEM %     NET I/O   BLOCK I/O   PIDS
2024-11-13 20:27:49.198496
CONTAINER ID   NAME      CPU %     MEM USAGE / LIMIT   MEM %     NET I/O   BLOCK I/O   PIDS
2024-11-13 20:27:49.833386
CONTAINER ID   NAME      CPU %     MEM USAGE / LIMIT   MEM %     NET I/O   BLOCK I/O   PIDS
2024-11-13 20:27:50.468475
CONTAINER ID   NAME      CPU %     MEM USAGE / LIMIT   MEM %     NET I/O   BLOCK I/O   PIDS
2024-11-13 20:27:51.100943
CONTAINER ID   NAME      CPU %     MEM USAGE / LIMIT   MEM %     NET I/O   BLOCK I/O   PIDS
2024-11-13 20:27:51.734640
CONTAINER ID   NAME      CPU %     MEM USAGE / LIMIT   MEM %     NET I/O   BLOCK I/O   PIDS
2024-11-13 20:27:52.366697
CONTAINER ID   NAME      CPU %     MEM USAGE / LIMIT   MEM %     NET I/O   BLOCK I/O   PIDS
2024-11-13 20:27:53.000125
CONTAINER ID   NAME      CPU %     MEM USAGE / LIMIT   MEM %     NET I/O   BLOCK I/O   PIDS
2024-11-13 20:27:53.632316
CONTAINER ID   NAME      CPU %     MEM USAGE / LIMIT   MEM %     NET I/O   BLOCK I/O   PIDS
2024-11-13 20:27:54.264750
CONTAINER ID   NAME      CPU %     MEM USAGE / LIMIT   MEM %     NET I/O   BLOCK I/O   PIDS
2024-11-13 20:27:54.897212
CONTAINER ID   NAME      CPU %     MEM USAGE / LIMIT   MEM %     NET I/O   BLOCK I/O   PIDS
2024-11-13 20:27:55.529583
CONTAINER ID   NAME      CPU %     MEM USAGE / LIMIT   MEM %     NET I/O   BLOCK I/O   PIDS
2024-11-13 20:27:56.162752
CONTAINER ID   NAME      CPU %     MEM USAGE / LIMIT   MEM %     NET I/O   BLOCK I/O   PIDS
2024-11-13 20:27:56.795555
CONTAINER ID   NAME      CPU %     MEM USAGE / LIMIT   MEM %     NET I/O   BLOCK I/O   PIDS
2024-11-13 20:27:57.430551
CONTAINER ID   NAME      CPU %     MEM USAGE / LIMIT   MEM %     NET I/O   BLOCK I/O   PIDS
2024-11-13 20:27:58.062269
CONTAINER ID   NAME      CPU %     MEM USAGE / LIMIT   MEM %     NET I/O   BLOCK I/O   PIDS
2024-11-13 20:27:58.693688
CONTAINER ID   NAME                    CPU %     MEM USAGE / LIMIT   MEM %     NET I/O   BLOCK I/O     PIDS
3de6fbff86a2   pbbs_removeDuplicates   74.75%    124.9MiB / 96GiB    0.13%     0B / 0B   42.9MB / 0B   5
2024-11-13 20:28:00.348968
CONTAINER ID   NAME                    CPU %     MEM USAGE / LIMIT   MEM %     NET I/O   BLOCK I/O     PIDS
3de6fbff86a2   pbbs_removeDuplicates   98.28%    363.8MiB / 96GiB    0.37%     0B / 0B   44.9MB / 0B   5
2024-11-13 20:28:02.361428
CONTAINER ID   NAME                    CPU %     MEM USAGE / LIMIT   MEM %     NET I/O   BLOCK I/O   PIDS
3de6fbff86a2   pbbs_removeDuplicates   96.12%    433.2MiB / 96GiB    0.44%     0B / 0B   53MB / 0B   5
2024-11-13 20:28:04.371214
CONTAINER ID   NAME                    CPU %     MEM USAGE / LIMIT   MEM %     NET I/O   BLOCK I/O     PIDS
3de6fbff86a2   pbbs_removeDuplicates   100.27%   428.7MiB / 96GiB    0.44%     0B / 0B   53.5MB / 0B   5
2024-11-13 20:28:06.381178
CONTAINER ID   NAME                    CPU %     MEM USAGE / LIMIT   MEM %     NET I/O   BLOCK I/O     PIDS
3de6fbff86a2   pbbs_removeDuplicates   99.90%    447.4MiB / 96GiB    0.46%     0B / 0B   53.6MB / 0B   5
2024-11-13 20:28:08.391430
CONTAINER ID   NAME                    CPU %     MEM USAGE / LIMIT   MEM %     NET I/O   BLOCK I/O     PIDS
3de6fbff86a2   pbbs_removeDuplicates   99.69%    504.3MiB / 96GiB    0.51%     0B / 0B   53.8MB / 0B   5
2024-11-13 20:28:10.400964
CONTAINER ID   NAME                    CPU %     MEM USAGE / LIMIT   MEM %     NET I/O   BLOCK I/O         PIDS
3de6fbff86a2   pbbs_removeDuplicates   95.07%    127MiB / 96GiB      0.13%     0B / 0B   60.2MB / 39.9MB   7
2024-11-13 20:28:12.410342
CONTAINER ID   NAME                    CPU %     MEM USAGE / LIMIT   MEM %     NET I/O   BLOCK I/O         PIDS
3de6fbff86a2   pbbs_removeDuplicates   100.13%   329.5MiB / 96GiB    0.34%     0B / 0B   60.2MB / 39.9MB   7
2024-11-13 20:28:14.419971
CONTAINER ID   NAME                    CPU %     MEM USAGE / LIMIT   MEM %     NET I/O   BLOCK I/O         PIDS
3de6fbff86a2   pbbs_removeDuplicates   99.98%    360MiB / 96GiB      0.37%     0B / 0B   60.2MB / 39.9MB   7
2024-11-13 20:28:16.429549
CONTAINER ID   NAME                    CPU %     MEM USAGE / LIMIT   MEM %     NET I/O   BLOCK I/O        PIDS
3de6fbff86a2   pbbs_removeDuplicates   152.07%   68.76MiB / 96GiB    0.07%     0B / 0B   280MB / 60.5MB   52
2024-11-13 20:28:18.477578
CONTAINER ID   NAME                    CPU %     MEM USAGE / LIMIT   MEM %     NET I/O   BLOCK I/O        PIDS
3de6fbff86a2   pbbs_removeDuplicates   171.14%   79.3MiB / 96GiB     0.08%     0B / 0B   1.3GB / 60.5MB   52
2024-11-13 20:28:20.474920
CONTAINER ID   NAME                    CPU %     MEM USAGE / LIMIT   MEM %     NET I/O   BLOCK I/O         PIDS
3de6fbff86a2   pbbs_removeDuplicates   146.56%   89.21MiB / 96GiB    0.09%     0B / 0B   2.32GB / 60.5MB   52
2024-11-13 20:28:22.522832
CONTAINER ID   NAME                    CPU %     MEM USAGE / LIMIT   MEM %     NET I/O   BLOCK I/O        PIDS
3de6fbff86a2   pbbs_removeDuplicates   140.12%   101.8MiB / 96GiB    0.10%     0B / 0B   3.3GB / 60.5MB   52
2024-11-13 20:28:24.648225
CONTAINER ID   NAME                    CPU %     MEM USAGE / LIMIT   MEM %     NET I/O   BLOCK I/O         PIDS
3de6fbff86a2   pbbs_removeDuplicates   140.87%   113.6MiB / 96GiB    0.12%     0B / 0B   4.38GB / 60.5MB   52
2024-11-13 20:28:26.837588
CONTAINER ID   NAME                    CPU %     MEM USAGE / LIMIT   MEM %     NET I/O   BLOCK I/O         PIDS
3de6fbff86a2   pbbs_removeDuplicates   166.17%   127.3MiB / 96GiB    0.13%     0B / 0B   5.47GB / 60.5MB   52
2024-11-13 20:28:28.881422
CONTAINER ID   NAME                    CPU %     MEM USAGE / LIMIT   MEM %     NET I/O   BLOCK I/O         PIDS
3de6fbff86a2   pbbs_removeDuplicates   141.33%   139MiB / 96GiB      0.14%     0B / 0B   6.52GB / 60.5MB   52
2024-11-13 20:28:31.074327
CONTAINER ID   NAME                    CPU %     MEM USAGE / LIMIT   MEM %     NET I/O   BLOCK I/O         PIDS
3de6fbff86a2   pbbs_removeDuplicates   151.05%   152MiB / 96GiB      0.15%     0B / 0B   7.52GB / 60.5MB   52
2024-11-13 20:28:33.109102
CONTAINER ID   NAME                    CPU %     MEM USAGE / LIMIT   MEM %     NET I/O   BLOCK I/O         PIDS
3de6fbff86a2   pbbs_removeDuplicates   169.39%   165.5MiB / 96GiB    0.17%     0B / 0B   8.55GB / 60.5MB   52
2024-11-13 20:28:35.186894
CONTAINER ID   NAME                    CPU %     MEM USAGE / LIMIT   MEM %     NET I/O   BLOCK I/O         PIDS
3de6fbff86a2   pbbs_removeDuplicates   166.82%   176.9MiB / 96GiB    0.18%     0B / 0B   9.61GB / 60.5MB   52
2024-11-13 20:28:37.255815
CONTAINER ID   NAME                    CPU %     MEM USAGE / LIMIT   MEM %     NET I/O   BLOCK I/O         PIDS
3de6fbff86a2   pbbs_removeDuplicates   174.65%   190.1MiB / 96GiB    0.19%     0B / 0B   10.7GB / 60.5MB   52
2024-11-13 20:28:39.344996
CONTAINER ID   NAME                    CPU %     MEM USAGE / LIMIT   MEM %     NET I/O   BLOCK I/O         PIDS
3de6fbff86a2   pbbs_removeDuplicates   186.55%   202.2MiB / 96GiB    0.21%     0B / 0B   11.7GB / 60.5MB   52
2024-11-13 20:28:41.399148
CONTAINER ID   NAME                    CPU %     MEM USAGE / LIMIT   MEM %     NET I/O   BLOCK I/O         PIDS
3de6fbff86a2   pbbs_removeDuplicates   162.81%   213.8MiB / 96GiB    0.22%     0B / 0B   12.7GB / 60.5MB   52
2024-11-13 20:28:43.486051
CONTAINER ID   NAME                    CPU %     MEM USAGE / LIMIT   MEM %     NET I/O   BLOCK I/O         PIDS
3de6fbff86a2   pbbs_removeDuplicates   170.93%   224.5MiB / 96GiB    0.23%     0B / 0B   13.7GB / 60.5MB   52
2024-11-13 20:28:45.579450
CONTAINER ID   NAME                    CPU %     MEM USAGE / LIMIT   MEM %     NET I/O   BLOCK I/O         PIDS
3de6fbff86a2   pbbs_removeDuplicates   174.55%   236.2MiB / 96GiB    0.24%     0B / 0B   14.7GB / 60.5MB   52
2024-11-13 20:28:47.588098
CONTAINER ID   NAME                    CPU %     MEM USAGE / LIMIT   MEM %     NET I/O   BLOCK I/O         PIDS
3de6fbff86a2   pbbs_removeDuplicates   175.48%   248.3MiB / 96GiB    0.25%     0B / 0B   15.7GB / 60.5MB   52
2024-11-13 20:28:49.667441
CONTAINER ID   NAME                    CPU %     MEM USAGE / LIMIT   MEM %     NET I/O   BLOCK I/O         PIDS
3de6fbff86a2   pbbs_removeDuplicates   180.03%   260.5MiB / 96GiB    0.27%     0B / 0B   16.7GB / 60.5MB   52
2024-11-13 20:28:51.675896
CONTAINER ID   NAME                    CPU %     MEM USAGE / LIMIT   MEM %     NET I/O   BLOCK I/O         PIDS
3de6fbff86a2   pbbs_removeDuplicates   154.78%   270.8MiB / 96GiB    0.28%     0B / 0B   17.6GB / 60.5MB   52
2024-11-13 20:28:53.684640
CONTAINER ID   NAME                    CPU %     MEM USAGE / LIMIT   MEM %     NET I/O   BLOCK I/O         PIDS
3de6fbff86a2   pbbs_removeDuplicates   164.61%   282.4MiB / 96GiB    0.29%     0B / 0B   18.7GB / 60.5MB   52
2024-11-13 20:28:55.721105
CONTAINER ID   NAME                    CPU %     MEM USAGE / LIMIT   MEM %     NET I/O   BLOCK I/O         PIDS
3de6fbff86a2   pbbs_removeDuplicates   160.44%   294.4MiB / 96GiB    0.30%     0B / 0B   19.6GB / 60.5MB   52
2024-11-13 20:28:57.728604
CONTAINER ID   NAME                    CPU %     MEM USAGE / LIMIT   MEM %     NET I/O   BLOCK I/O         PIDS
3de6fbff86a2   pbbs_removeDuplicates   160.25%   306.2MiB / 96GiB    0.31%     0B / 0B   20.7GB / 60.5MB   52
2024-11-13 20:28:59.788203
CONTAINER ID   NAME                    CPU %      MEM USAGE / LIMIT   MEM %     NET I/O   BLOCK I/O       PIDS
3de6fbff86a2   pbbs_removeDuplicates   4801.72%   10.78GiB / 96GiB    11.23%    0B / 0B   21GB / 60.5MB   52
2024-11-13 20:29:01.795169
CONTAINER ID   NAME                    CPU %      MEM USAGE / LIMIT   MEM %     NET I/O   BLOCK I/O       PIDS
3de6fbff86a2   pbbs_removeDuplicates   4783.45%   26.16GiB / 96GiB    27.24%    0B / 0B   21GB / 60.5MB   52
2024-11-13 20:29:03.801261
CONTAINER ID   NAME                    CPU %      MEM USAGE / LIMIT   MEM %     NET I/O   BLOCK I/O       PIDS
3de6fbff86a2   pbbs_removeDuplicates   4788.79%   37.6GiB / 96GiB     39.17%    0B / 0B   21GB / 60.5MB   52
2024-11-13 20:29:05.809142
CONTAINER ID   NAME                    CPU %      MEM USAGE / LIMIT   MEM %     NET I/O   BLOCK I/O       PIDS
3de6fbff86a2   pbbs_removeDuplicates   4800.75%   45.07GiB / 96GiB    46.95%    0B / 0B   21GB / 60.5MB   52
2024-11-13 20:29:07.818875
CONTAINER ID   NAME                    CPU %      MEM USAGE / LIMIT   MEM %     NET I/O   BLOCK I/O       PIDS
3de6fbff86a2   pbbs_removeDuplicates   4504.81%   49.98GiB / 96GiB    52.07%    0B / 0B   21GB / 60.5MB   52
2024-11-13 20:29:09.823090
CONTAINER ID   NAME                    CPU %      MEM USAGE / LIMIT   MEM %     NET I/O   BLOCK I/O       PIDS
3de6fbff86a2   pbbs_removeDuplicates   1828.26%   47.06GiB / 96GiB    49.02%    0B / 0B   21GB / 60.5MB   52
2024-11-13 20:29:11.833982
CONTAINER ID   NAME                    CPU %      MEM USAGE / LIMIT   MEM %     NET I/O   BLOCK I/O       PIDS
3de6fbff86a2   pbbs_removeDuplicates   4794.08%   50.03GiB / 96GiB    52.11%    0B / 0B   21GB / 60.5MB   52
2024-11-13 20:29:13.840159
CONTAINER ID   NAME                    CPU %      MEM USAGE / LIMIT   MEM %     NET I/O   BLOCK I/O       PIDS
3de6fbff86a2   pbbs_removeDuplicates   4192.88%   53.55GiB / 96GiB    55.78%    0B / 0B   21GB / 60.5MB   52
2024-11-13 20:29:15.849755
CONTAINER ID   NAME                    CPU %      MEM USAGE / LIMIT   MEM %     NET I/O   BLOCK I/O       PIDS
3de6fbff86a2   pbbs_removeDuplicates   4723.34%   48.03GiB / 96GiB    50.03%    0B / 0B   21GB / 60.5MB   52
2024-11-13 20:29:17.858767
CONTAINER ID   NAME                    CPU %      MEM USAGE / LIMIT   MEM %     NET I/O   BLOCK I/O       PIDS
3de6fbff86a2   pbbs_removeDuplicates   4687.74%   50.03GiB / 96GiB    52.11%    0B / 0B   21GB / 60.5MB   52
2024-11-13 20:29:19.868261
CONTAINER ID   NAME                    CPU %      MEM USAGE / LIMIT   MEM %     NET I/O   BLOCK I/O       PIDS
3de6fbff86a2   pbbs_removeDuplicates   1410.20%   48.39GiB / 96GiB    50.40%    0B / 0B   21GB / 60.5MB   52
2024-11-13 20:29:21.874273
CONTAINER ID   NAME                    CPU %      MEM USAGE / LIMIT   MEM %     NET I/O   BLOCK I/O       PIDS
3de6fbff86a2   pbbs_removeDuplicates   4802.06%   49.16GiB / 96GiB    51.21%    0B / 0B   21GB / 60.5MB   52
2024-11-13 20:29:23.882192
CONTAINER ID   NAME                    CPU %      MEM USAGE / LIMIT   MEM %     NET I/O   BLOCK I/O       PIDS
3de6fbff86a2   pbbs_removeDuplicates   4693.08%   50.03GiB / 96GiB    52.12%    0B / 0B   21GB / 60.5MB   52
2024-11-13 20:29:25.886083
CONTAINER ID   NAME                    CPU %     MEM USAGE / LIMIT   MEM %     NET I/O   BLOCK I/O       PIDS
3de6fbff86a2   pbbs_removeDuplicates   833.65%   43.68GiB / 96GiB    45.50%    0B / 0B   21GB / 60.5MB   52
2024-11-13 20:29:27.894319
CONTAINER ID   NAME                    CPU %      MEM USAGE / LIMIT   MEM %     NET I/O   BLOCK I/O       PIDS
3de6fbff86a2   pbbs_removeDuplicates   4797.18%   49.91GiB / 96GiB    51.99%    0B / 0B   21GB / 60.5MB   52
2024-11-13 20:29:29.901876
CONTAINER ID   NAME                    CPU %      MEM USAGE / LIMIT   MEM %     NET I/O   BLOCK I/O       PIDS
3de6fbff86a2   pbbs_removeDuplicates   4777.22%   53.59GiB / 96GiB    55.82%    0B / 0B   21GB / 60.5MB   52
2024-11-13 20:29:31.910955
CONTAINER ID   NAME                    CPU %      MEM USAGE / LIMIT   MEM %     NET I/O   BLOCK I/O       PIDS
3de6fbff86a2   pbbs_removeDuplicates   3575.58%   47.82GiB / 96GiB    49.81%    0B / 0B   21GB / 60.5MB   52
2024-11-13 20:29:33.918455
CONTAINER ID   NAME                    CPU %      MEM USAGE / LIMIT   MEM %     NET I/O   BLOCK I/O       PIDS
3de6fbff86a2   pbbs_removeDuplicates   4707.32%   50.03GiB / 96GiB    52.12%    0B / 0B   21GB / 60.5MB   52
2024-11-13 20:29:35.922988
CONTAINER ID   NAME                    CPU %      MEM USAGE / LIMIT   MEM %     NET I/O   BLOCK I/O       PIDS
3de6fbff86a2   pbbs_removeDuplicates   2371.18%   50.05GiB / 96GiB    52.14%    0B / 0B   21GB / 60.5MB   52
2024-11-13 20:29:37.932167
CONTAINER ID   NAME                    CPU %      MEM USAGE / LIMIT   MEM %     NET I/O   BLOCK I/O       PIDS
3de6fbff86a2   pbbs_removeDuplicates   4801.49%   48.83GiB / 96GiB    50.86%    0B / 0B   21GB / 60.5MB   52
2024-11-13 20:29:39.939906
CONTAINER ID   NAME                    CPU %      MEM USAGE / LIMIT   MEM %     NET I/O   BLOCK I/O       PIDS
3de6fbff86a2   pbbs_removeDuplicates   4662.92%   50.03GiB / 96GiB    52.12%    0B / 0B   21GB / 60.5MB   52
2024-11-13 20:29:41.945148
CONTAINER ID   NAME                    CPU %     MEM USAGE / LIMIT   MEM %     NET I/O   BLOCK I/O       PIDS
3de6fbff86a2   pbbs_removeDuplicates   99.74%    43.55GiB / 96GiB    45.37%    0B / 0B   21GB / 60.5MB   52
2024-11-13 20:29:43.955550
CONTAINER ID   NAME                    CPU %      MEM USAGE / LIMIT   MEM %     NET I/O   BLOCK I/O       PIDS
3de6fbff86a2   pbbs_removeDuplicates   4795.34%   49.74GiB / 96GiB    51.82%    0B / 0B   21GB / 60.5MB   52
2024-11-13 20:29:45.964660
CONTAINER ID   NAME                    CPU %      MEM USAGE / LIMIT   MEM %     NET I/O   BLOCK I/O       PIDS
3de6fbff86a2   pbbs_removeDuplicates   4776.62%   52.2GiB / 96GiB     54.38%    0B / 0B   21GB / 60.5MB   52
2024-11-13 20:29:47.970400
CONTAINER ID   NAME                    CPU %      MEM USAGE / LIMIT   MEM %     NET I/O   BLOCK I/O       PIDS
3de6fbff86a2   pbbs_removeDuplicates   2848.24%   47.28GiB / 96GiB    49.25%    0B / 0B   21GB / 60.5MB   52
2024-11-13 20:29:49.981564
CONTAINER ID   NAME                    CPU %      MEM USAGE / LIMIT   MEM %     NET I/O   BLOCK I/O       PIDS
3de6fbff86a2   pbbs_removeDuplicates   4707.68%   50.03GiB / 96GiB    52.12%    0B / 0B   21GB / 60.5MB   52
2024-11-13 20:29:51.987268
CONTAINER ID   NAME                    CPU %      MEM USAGE / LIMIT   MEM %     NET I/O   BLOCK I/O       PIDS
3de6fbff86a2   pbbs_removeDuplicates   2926.36%   51.03GiB / 96GiB    53.15%    0B / 0B   21GB / 60.5MB   52
2024-11-13 20:29:53.998043
CONTAINER ID   NAME                    CPU %      MEM USAGE / LIMIT   MEM %     NET I/O   BLOCK I/O       PIDS
3de6fbff86a2   pbbs_removeDuplicates   4772.42%   49.12GiB / 96GiB    51.17%    0B / 0B   21GB / 60.5MB   52
2024-11-13 20:29:56.007231
CONTAINER ID   NAME                    CPU %      MEM USAGE / LIMIT   MEM %     NET I/O   BLOCK I/O       PIDS
3de6fbff86a2   pbbs_removeDuplicates   4685.60%   50.04GiB / 96GiB    52.12%    0B / 0B   21GB / 60.5MB   52
2024-11-13 20:29:58.014505
CONTAINER ID   NAME                    CPU %     MEM USAGE / LIMIT   MEM %     NET I/O   BLOCK I/O       PIDS
3de6fbff86a2   pbbs_removeDuplicates   99.04%    43.14GiB / 96GiB    44.93%    0B / 0B   21GB / 60.5MB   52
2024-11-13 20:30:00.026025
CONTAINER ID   NAME                    CPU %      MEM USAGE / LIMIT   MEM %     NET I/O   BLOCK I/O       PIDS
3de6fbff86a2   pbbs_removeDuplicates   4816.21%   49.84GiB / 96GiB    51.92%    0B / 0B   21GB / 60.5MB   52
2024-11-13 20:30:02.035680
CONTAINER ID   NAME                    CPU %      MEM USAGE / LIMIT   MEM %     NET I/O   BLOCK I/O       PIDS
3de6fbff86a2   pbbs_removeDuplicates   4749.95%   52.08GiB / 96GiB    54.25%    0B / 0B   21GB / 60.5MB   52
2024-11-13 20:30:04.044837
CONTAINER ID   NAME                    CPU %      MEM USAGE / LIMIT   MEM %     NET I/O   BLOCK I/O       PIDS
3de6fbff86a2   pbbs_removeDuplicates   2849.22%   47.62GiB / 96GiB    49.61%    0B / 0B   21GB / 60.5MB   52
2024-11-13 20:30:06.056570
CONTAINER ID   NAME                    CPU %      MEM USAGE / LIMIT   MEM %     NET I/O   BLOCK I/O       PIDS
3de6fbff86a2   pbbs_removeDuplicates   4765.62%   50.03GiB / 96GiB    52.12%    0B / 0B   21GB / 60.5MB   52
2024-11-13 20:30:08.064188
CONTAINER ID   NAME                    CPU %      MEM USAGE / LIMIT   MEM %     NET I/O   BLOCK I/O       PIDS
3de6fbff86a2   pbbs_removeDuplicates   3410.98%   52.02GiB / 96GiB    54.19%    0B / 0B   21GB / 60.5MB   52
2024-11-13 20:30:10.073925
CONTAINER ID   NAME                    CPU %      MEM USAGE / LIMIT   MEM %     NET I/O   BLOCK I/O       PIDS
3de6fbff86a2   pbbs_removeDuplicates   4795.03%   48.28GiB / 96GiB    50.29%    0B / 0B   21GB / 60.5MB   52
2024-11-13 20:30:12.083829
CONTAINER ID   NAME                    CPU %      MEM USAGE / LIMIT   MEM %     NET I/O   BLOCK I/O       PIDS
3de6fbff86a2   pbbs_removeDuplicates   4646.73%   50.04GiB / 96GiB    52.12%    0B / 0B   21GB / 60.5MB   52
2024-11-13 20:30:14.089571
CONTAINER ID   NAME                    CPU %     MEM USAGE / LIMIT   MEM %     NET I/O   BLOCK I/O       PIDS
3de6fbff86a2   pbbs_removeDuplicates   705.13%   47.35GiB / 96GiB    49.32%    0B / 0B   21GB / 60.5MB   52
2024-11-13 20:30:16.097731
CONTAINER ID   NAME                    CPU %      MEM USAGE / LIMIT   MEM %     NET I/O   BLOCK I/O       PIDS
3de6fbff86a2   pbbs_removeDuplicates   4807.42%   49.76GiB / 96GiB    51.84%    0B / 0B   21GB / 60.5MB   52
2024-11-13 20:30:18.107748
CONTAINER ID   NAME                    CPU %      MEM USAGE / LIMIT   MEM %     NET I/O   BLOCK I/O       PIDS
3de6fbff86a2   pbbs_removeDuplicates   4799.56%   50.66GiB / 96GiB    52.77%    0B / 0B   21GB / 60.5MB   52
2024-11-13 20:30:20.111537
CONTAINER ID   NAME                    CPU %      MEM USAGE / LIMIT   MEM %     NET I/O   BLOCK I/O       PIDS
3de6fbff86a2   pbbs_removeDuplicates   2113.36%   47.18GiB / 96GiB    49.15%    0B / 0B   21GB / 60.5MB   52
2024-11-13 20:30:22.122682
CONTAINER ID   NAME                    CPU %      MEM USAGE / LIMIT   MEM %     NET I/O   BLOCK I/O       PIDS
3de6fbff86a2   pbbs_removeDuplicates   4821.53%   50.04GiB / 96GiB    52.12%    0B / 0B   21GB / 60.5MB   52
2024-11-13 20:30:24.130296
CONTAINER ID   NAME                    CPU %      MEM USAGE / LIMIT   MEM %     NET I/O   BLOCK I/O       PIDS
3de6fbff86a2   pbbs_removeDuplicates   3587.44%   52.43GiB / 96GiB    54.61%    0B / 0B   21GB / 60.5MB   52
2024-11-13 20:30:26.140258
CONTAINER ID   NAME                    CPU %      MEM USAGE / LIMIT   MEM %     NET I/O   BLOCK I/O       PIDS
3de6fbff86a2   pbbs_removeDuplicates   4779.04%   48.34GiB / 96GiB    50.35%    0B / 0B   21GB / 60.5MB   52
2024-11-13 20:30:28.147963
CONTAINER ID   NAME                    CPU %      MEM USAGE / LIMIT   MEM %     NET I/O   BLOCK I/O       PIDS
3de6fbff86a2   pbbs_removeDuplicates   4671.41%   50.04GiB / 96GiB    52.13%    0B / 0B   21GB / 60.5MB   52
2024-11-13 20:30:30.154301
CONTAINER ID   NAME                    CPU %     MEM USAGE / LIMIT   MEM %     NET I/O   BLOCK I/O       PIDS
3de6fbff86a2   pbbs_removeDuplicates   970.80%   47.81GiB / 96GiB    49.80%    0B / 0B   21GB / 60.5MB   52
2024-11-13 20:30:32.162200
CONTAINER ID   NAME                    CPU %      MEM USAGE / LIMIT   MEM %     NET I/O   BLOCK I/O       PIDS
3de6fbff86a2   pbbs_removeDuplicates   4816.12%   49.27GiB / 96GiB    51.33%    0B / 0B   21GB / 60.5MB   52
2024-11-13 20:30:34.172932
CONTAINER ID   NAME                    CPU %      MEM USAGE / LIMIT   MEM %     NET I/O   BLOCK I/O       PIDS
3de6fbff86a2   pbbs_removeDuplicates   4798.55%   50.04GiB / 96GiB    52.13%    0B / 0B   21GB / 60.5MB   52
2024-11-13 20:30:36.177098
CONTAINER ID   NAME                    CPU %      MEM USAGE / LIMIT   MEM %     NET I/O   BLOCK I/O       PIDS
3de6fbff86a2   pbbs_removeDuplicates   1515.63%   46.08GiB / 96GiB    48.00%    0B / 0B   21GB / 60.5MB   52
2024-11-13 20:30:38.189407
CONTAINER ID   NAME                    CPU %      MEM USAGE / LIMIT   MEM %     NET I/O   BLOCK I/O       PIDS
3de6fbff86a2   pbbs_removeDuplicates   4815.42%   49.96GiB / 96GiB    52.04%    0B / 0B   21GB / 60.5MB   52
2024-11-13 20:30:40.194200
CONTAINER ID   NAME                    CPU %      MEM USAGE / LIMIT   MEM %     NET I/O   BLOCK I/O       PIDS
3de6fbff86a2   pbbs_removeDuplicates   4570.78%   54.31GiB / 96GiB    56.58%    0B / 0B   21GB / 60.5MB   52
2024-11-13 20:30:42.203964
CONTAINER ID   NAME                    CPU %      MEM USAGE / LIMIT   MEM %     NET I/O   BLOCK I/O       PIDS
3de6fbff86a2   pbbs_removeDuplicates   4219.07%   47.5GiB / 96GiB     49.48%    0B / 0B   21GB / 60.5MB   52
2024-11-13 20:30:44.212999
CONTAINER ID   NAME                    CPU %      MEM USAGE / LIMIT   MEM %     NET I/O   BLOCK I/O       PIDS
3de6fbff86a2   pbbs_removeDuplicates   4677.96%   50.04GiB / 96GiB    52.13%    0B / 0B   21GB / 60.5MB   52
2024-11-13 20:30:46.219184
CONTAINER ID   NAME                    CPU %      MEM USAGE / LIMIT   MEM %     NET I/O   BLOCK I/O       PIDS
3de6fbff86a2   pbbs_removeDuplicates   1595.38%   48.88GiB / 96GiB    50.91%    0B / 0B   21GB / 60.5MB   52
2024-11-13 20:30:48.228146
CONTAINER ID   NAME                    CPU %      MEM USAGE / LIMIT   MEM %     NET I/O   BLOCK I/O       PIDS
3de6fbff86a2   pbbs_removeDuplicates   4798.94%   49.55GiB / 96GiB    51.61%    0B / 0B   21GB / 60.5MB   52
2024-11-13 20:30:50.239498
CONTAINER ID   NAME                    CPU %      MEM USAGE / LIMIT   MEM %     NET I/O   BLOCK I/O       PIDS
3de6fbff86a2   pbbs_removeDuplicates   4678.09%   50.05GiB / 96GiB    52.13%    0B / 0B   21GB / 60.5MB   52
2024-11-13 20:30:52.244172
CONTAINER ID   NAME                    CPU %     MEM USAGE / LIMIT   MEM %     NET I/O   BLOCK I/O       PIDS
3de6fbff86a2   pbbs_removeDuplicates   633.86%   43.04GiB / 96GiB    44.83%    0B / 0B   21GB / 60.5MB   52
2024-11-13 20:30:54.253292
CONTAINER ID   NAME                    CPU %      MEM USAGE / LIMIT   MEM %     NET I/O   BLOCK I/O       PIDS
3de6fbff86a2   pbbs_removeDuplicates   4799.40%   50.05GiB / 96GiB    52.13%    0B / 0B   21GB / 60.5MB   52
2024-11-13 20:30:56.261898
CONTAINER ID   NAME                    CPU %      MEM USAGE / LIMIT   MEM %     NET I/O   BLOCK I/O       PIDS
3de6fbff86a2   pbbs_removeDuplicates   4800.46%   53.94GiB / 96GiB    56.19%    0B / 0B   21GB / 60.5MB   52
2024-11-13 20:30:58.268966
CONTAINER ID   NAME                    CPU %      MEM USAGE / LIMIT   MEM %     NET I/O   BLOCK I/O       PIDS
3de6fbff86a2   pbbs_removeDuplicates   3658.48%   48.28GiB / 96GiB    50.29%    0B / 0B   21GB / 60.5MB   52
2024-11-13 20:31:00.281248
CONTAINER ID   NAME                    CPU %      MEM USAGE / LIMIT   MEM %     NET I/O   BLOCK I/O       PIDS
3de6fbff86a2   pbbs_removeDuplicates   4651.16%   50.05GiB / 96GiB    52.13%    0B / 0B   21GB / 60.5MB   52
2024-11-13 20:31:02.285286
CONTAINER ID   NAME                    CPU %      MEM USAGE / LIMIT   MEM %     NET I/O   BLOCK I/O       PIDS
3de6fbff86a2   pbbs_removeDuplicates   2384.62%   50.23GiB / 96GiB    52.32%    0B / 0B   21GB / 60.5MB   52
2024-11-13 20:31:04.293592
CONTAINER ID   NAME                    CPU %      MEM USAGE / LIMIT   MEM %     NET I/O   BLOCK I/O       PIDS
3de6fbff86a2   pbbs_removeDuplicates   1350.67%   21.09GiB / 96GiB    21.97%    0B / 0B   21GB / 60.5MB   52
2024-11-13 20:31:06.306431
CONTAINER ID   NAME      CPU %     MEM USAGE / LIMIT   MEM %     NET I/O   BLOCK I/O   PIDS
