2025-02-17 04:42:58.631682
CONTAINER ID   NAME      CPU %     MEM USAGE / LIMIT   MEM %     NET I/O   BLOCK I/O   PIDS
2025-02-17 04:42:59.250354
CONTAINER ID   NAME      CPU %     MEM USAGE / LIMIT   MEM %     NET I/O   BLOCK I/O   PIDS
2025-02-17 04:42:59.868966
CONTAINER ID   NAME      CPU %     MEM USAGE / LIMIT   MEM %     NET I/O   BLOCK I/O   PIDS
2025-02-17 04:43:00.490882
CONTAINER ID   NAME      CPU %     MEM USAGE / LIMIT   MEM %     NET I/O   BLOCK I/O   PIDS
2025-02-17 04:43:01.110667
CONTAINER ID   NAME      CPU %     MEM USAGE / LIMIT   MEM %     NET I/O   BLOCK I/O   PIDS
2025-02-17 04:43:01.730519
CONTAINER ID   NAME      CPU %     MEM USAGE / LIMIT   MEM %     NET I/O   BLOCK I/O   PIDS
2025-02-17 04:43:02.349599
CONTAINER ID   NAME      CPU %     MEM USAGE / LIMIT   MEM %     NET I/O   BLOCK I/O   PIDS
2025-02-17 04:43:02.969584
CONTAINER ID   NAME      CPU %     MEM USAGE / LIMIT   MEM %     NET I/O   BLOCK I/O   PIDS
2025-02-17 04:43:03.586843
CONTAINER ID   NAME      CPU %     MEM USAGE / LIMIT   MEM %     NET I/O   BLOCK I/O   PIDS
2025-02-17 04:43:04.204164
CONTAINER ID   NAME      CPU %     MEM USAGE / LIMIT   MEM %     NET I/O   BLOCK I/O   PIDS
2025-02-17 04:43:04.821117
CONTAINER ID   NAME      CPU %     MEM USAGE / LIMIT   MEM %     NET I/O   BLOCK I/O   PIDS
2025-02-17 04:43:05.440194
CONTAINER ID   NAME      CPU %     MEM USAGE / LIMIT   MEM %     NET I/O   BLOCK I/O   PIDS
2025-02-17 04:43:06.059226
CONTAINER ID   NAME      CPU %     MEM USAGE / LIMIT   MEM %     NET I/O   BLOCK I/O   PIDS
2025-02-17 04:43:06.676554
CONTAINER ID   NAME      CPU %     MEM USAGE / LIMIT   MEM %     NET I/O   BLOCK I/O   PIDS
2025-02-17 04:43:07.294827
CONTAINER ID   NAME      CPU %     MEM USAGE / LIMIT   MEM %     NET I/O   BLOCK I/O   PIDS
2025-02-17 04:43:07.911547
CONTAINER ID   NAME      CPU %     MEM USAGE / LIMIT   MEM %     NET I/O   BLOCK I/O   PIDS
2025-02-17 04:43:08.527846
CONTAINER ID   NAME      CPU %     MEM USAGE / LIMIT   MEM %     NET I/O   BLOCK I/O   PIDS
2025-02-17 04:43:09.146806
CONTAINER ID   NAME      CPU %     MEM USAGE / LIMIT   MEM %     NET I/O   BLOCK I/O   PIDS
2025-02-17 04:43:09.763730
CONTAINER ID   NAME      CPU %     MEM USAGE / LIMIT   MEM %     NET I/O   BLOCK I/O   PIDS
2025-02-17 04:43:10.380525
CONTAINER ID   NAME      CPU %     MEM USAGE / LIMIT   MEM %     NET I/O   BLOCK I/O   PIDS
2025-02-17 04:43:10.999509
CONTAINER ID   NAME      CPU %     MEM USAGE / LIMIT   MEM %     NET I/O   BLOCK I/O   PIDS
2025-02-17 04:43:11.617741
CONTAINER ID   NAME      CPU %     MEM USAGE / LIMIT   MEM %     NET I/O   BLOCK I/O   PIDS
2025-02-17 04:43:12.234302
CONTAINER ID   NAME      CPU %     MEM USAGE / LIMIT   MEM %     NET I/O   BLOCK I/O   PIDS
2025-02-17 04:43:12.851365
CONTAINER ID   NAME      CPU %     MEM USAGE / LIMIT   MEM %     NET I/O   BLOCK I/O   PIDS
2025-02-17 04:43:13.470426
CONTAINER ID   NAME      CPU %     MEM USAGE / LIMIT   MEM %     NET I/O   BLOCK I/O   PIDS
2025-02-17 04:43:14.088055
CONTAINER ID   NAME      CPU %     MEM USAGE / LIMIT   MEM %     NET I/O   BLOCK I/O   PIDS
2025-02-17 04:43:14.706047
CONTAINER ID   NAME      CPU %     MEM USAGE / LIMIT   MEM %     NET I/O   BLOCK I/O   PIDS
2025-02-17 04:43:15.321971
CONTAINER ID   NAME      CPU %     MEM USAGE / LIMIT   MEM %     NET I/O   BLOCK I/O   PIDS
2025-02-17 04:43:15.938574
CONTAINER ID   NAME      CPU %     MEM USAGE / LIMIT   MEM %     NET I/O   BLOCK I/O   PIDS
2025-02-17 04:43:16.557050
CONTAINER ID   NAME      CPU %     MEM USAGE / LIMIT   MEM %     NET I/O   BLOCK I/O   PIDS
2025-02-17 04:43:17.174798
CONTAINER ID   NAME      CPU %     MEM USAGE / LIMIT   MEM %     NET I/O   BLOCK I/O   PIDS
2025-02-17 04:43:17.791532
CONTAINER ID   NAME      CPU %     MEM USAGE / LIMIT   MEM %     NET I/O   BLOCK I/O   PIDS
2025-02-17 04:43:18.408711
CONTAINER ID   NAME      CPU %     MEM USAGE / LIMIT   MEM %     NET I/O   BLOCK I/O   PIDS
               --        0.00%     0B / 0B             0.00%     0B / 0B   0B / 0B     0
               --        0.00%     0B / 0B             0.00%     0B / 0B   0B / 0B     0
2025-02-17 04:43:19.029258
CONTAINER ID   NAME      CPU %      MEM USAGE / LIMIT   MEM %     NET I/O   BLOCK I/O    PIDS
d1e3cb922c17   x265_1    2719.47%   1.797GiB / 96GiB    1.87%     0B / 0B   102MB / 0B   117
d6f6575247be   x265      3213.54%   2.108GiB / 96GiB    2.20%     0B / 0B   366MB / 0B   117
2025-02-17 04:43:21.385410
CONTAINER ID   NAME      CPU %      MEM USAGE / LIMIT   MEM %     NET I/O   BLOCK I/O    PIDS
d1e3cb922c17   x265_1    4254.62%   2.959GiB / 96GiB    3.08%     0B / 0B   102MB / 0B   117
d6f6575247be   x265      4091.57%   3.347GiB / 96GiB    3.49%     0B / 0B   606MB / 0B   117
2025-02-17 04:43:23.395466
CONTAINER ID   NAME      CPU %      MEM USAGE / LIMIT   MEM %     NET I/O   BLOCK I/O    PIDS
d1e3cb922c17   x265_1    4016.90%   2.992GiB / 96GiB    3.12%     0B / 0B   135MB / 0B   117
d6f6575247be   x265      4104.18%   3.476GiB / 96GiB    3.62%     0B / 0B   807MB / 0B   117
2025-02-17 04:43:25.407618
CONTAINER ID   NAME      CPU %      MEM USAGE / LIMIT   MEM %     NET I/O   BLOCK I/O     PIDS
d1e3cb922c17   x265_1    4008.66%   2.992GiB / 96GiB    3.12%     0B / 0B   135MB / 0B    117
d6f6575247be   x265      4194.94%   3.71GiB / 96GiB     3.86%     0B / 0B   1.06GB / 0B   117
2025-02-17 04:43:27.419547
CONTAINER ID   NAME      CPU %      MEM USAGE / LIMIT   MEM %     NET I/O   BLOCK I/O     PIDS
d1e3cb922c17   x265_1    3938.52%   2.993GiB / 96GiB    3.12%     0B / 0B   135MB / 0B    117
d6f6575247be   x265      4203.06%   3.916GiB / 96GiB    4.08%     0B / 0B   1.32GB / 0B   117
2025-02-17 04:43:29.432227
CONTAINER ID   NAME      CPU %      MEM USAGE / LIMIT   MEM %     NET I/O   BLOCK I/O     PIDS
d1e3cb922c17   x265_1    4008.53%   3GiB / 96GiB        3.12%     0B / 0B   142MB / 0B    117
d6f6575247be   x265      4202.95%   4.03GiB / 96GiB     4.20%     0B / 0B   1.48GB / 0B   117
2025-02-17 04:43:31.441041
CONTAINER ID   NAME      CPU %      MEM USAGE / LIMIT   MEM %     NET I/O   BLOCK I/O     PIDS
d1e3cb922c17   x265_1    4060.14%   3GiB / 96GiB        3.13%     0B / 0B   143MB / 0B    117
d6f6575247be   x265      4100.98%   4.186GiB / 96GiB    4.36%     0B / 0B   1.69GB / 0B   117
2025-02-17 04:43:33.449263
CONTAINER ID   NAME      CPU %      MEM USAGE / LIMIT   MEM %     NET I/O   BLOCK I/O     PIDS
d1e3cb922c17   x265_1    4060.27%   2.999GiB / 96GiB    3.12%     0B / 0B   144MB / 0B    117
d6f6575247be   x265      4142.57%   4.356GiB / 96GiB    4.54%     0B / 0B   1.95GB / 0B   117
2025-02-17 04:43:35.461465
CONTAINER ID   NAME      CPU %      MEM USAGE / LIMIT   MEM %     NET I/O   BLOCK I/O     PIDS
d1e3cb922c17   x265_1    3880.61%   2.999GiB / 96GiB    3.12%     0B / 0B   144MB / 0B    117
d6f6575247be   x265      4341.52%   4.521GiB / 96GiB    4.71%     0B / 0B   2.15GB / 0B   117
2025-02-17 04:43:37.478105
CONTAINER ID   NAME      CPU %      MEM USAGE / LIMIT   MEM %     NET I/O   BLOCK I/O     PIDS
d1e3cb922c17   x265_1    3972.82%   3.025GiB / 96GiB    3.15%     0B / 0B   144MB / 0B    117
d6f6575247be   x265      4204.48%   4.702GiB / 96GiB    4.90%     0B / 0B   2.34GB / 0B   117
2025-02-17 04:43:39.484110
CONTAINER ID   NAME      CPU %      MEM USAGE / LIMIT   MEM %     NET I/O   BLOCK I/O    PIDS
d1e3cb922c17   x265_1    4102.40%   3.025GiB / 96GiB    3.15%     0B / 0B   144MB / 0B   117
d6f6575247be   x265      4114.83%   4.735GiB / 96GiB    4.93%     0B / 0B   2.4GB / 0B   117
2025-02-17 04:43:41.497076
CONTAINER ID   NAME      CPU %      MEM USAGE / LIMIT   MEM %     NET I/O   BLOCK I/O     PIDS
d1e3cb922c17   x265_1    3947.09%   3.032GiB / 96GiB    3.16%     0B / 0B   144MB / 0B    117
d6f6575247be   x265      4514.91%   4.749GiB / 96GiB    4.95%     0B / 0B   2.43GB / 0B   117
2025-02-17 04:43:43.507743
CONTAINER ID   NAME      CPU %      MEM USAGE / LIMIT   MEM %     NET I/O   BLOCK I/O     PIDS
d1e3cb922c17   x265_1    4539.03%   3.031GiB / 96GiB    3.16%     0B / 0B   148MB / 0B    117
d6f6575247be   x265      4159.58%   4.845GiB / 96GiB    5.05%     0B / 0B   2.56GB / 0B   117
2025-02-17 04:43:45.516971
CONTAINER ID   NAME      CPU %      MEM USAGE / LIMIT   MEM %     NET I/O   BLOCK I/O     PIDS
d1e3cb922c17   x265_1    4193.73%   3.261GiB / 96GiB    3.40%     0B / 0B   445MB / 0B    117
d6f6575247be   x265      4095.78%   4.846GiB / 96GiB    5.05%     0B / 0B   2.57GB / 0B   117
2025-02-17 04:43:47.527188
CONTAINER ID   NAME      CPU %      MEM USAGE / LIMIT   MEM %     NET I/O   BLOCK I/O    PIDS
d1e3cb922c17   x265_1    4023.99%   3.315GiB / 96GiB    3.45%     0B / 0B   532MB / 0B   117
d6f6575247be   x265      4105.27%   4.87GiB / 96GiB     5.07%     0B / 0B   2.6GB / 0B   117
2025-02-17 04:43:49.536965
CONTAINER ID   NAME      CPU %      MEM USAGE / LIMIT   MEM %     NET I/O   BLOCK I/O     PIDS
d1e3cb922c17   x265_1    4148.21%   3.38GiB / 96GiB     3.52%     0B / 0B   617MB / 0B    117
d6f6575247be   x265      4005.55%   4.901GiB / 96GiB    5.11%     0B / 0B   2.64GB / 0B   117
2025-02-17 04:43:51.547600
CONTAINER ID   NAME      CPU %      MEM USAGE / LIMIT   MEM %     NET I/O   BLOCK I/O     PIDS
d1e3cb922c17   x265_1    4295.58%   3.387GiB / 96GiB    3.53%     0B / 0B   653MB / 0B    117
d6f6575247be   x265      3999.26%   4.902GiB / 96GiB    5.11%     0B / 0B   2.64GB / 0B   117
2025-02-17 04:43:53.559102
CONTAINER ID   NAME      CPU %      MEM USAGE / LIMIT   MEM %     NET I/O   BLOCK I/O     PIDS
d1e3cb922c17   x265_1    4060.89%   3.395GiB / 96GiB    3.54%     0B / 0B   688MB / 0B    117
d6f6575247be   x265      4144.85%   4.902GiB / 96GiB    5.11%     0B / 0B   2.64GB / 0B   117
2025-02-17 04:43:55.568735
CONTAINER ID   NAME      CPU %      MEM USAGE / LIMIT   MEM %     NET I/O   BLOCK I/O     PIDS
d1e3cb922c17   x265_1    4033.92%   3.409GiB / 96GiB    3.55%     0B / 0B   730MB / 0B    117
d6f6575247be   x265      4221.02%   4.901GiB / 96GiB    5.11%     0B / 0B   2.64GB / 0B   117
2025-02-17 04:43:57.581593
CONTAINER ID   NAME      CPU %      MEM USAGE / LIMIT   MEM %     NET I/O   BLOCK I/O     PIDS
d1e3cb922c17   x265_1    4019.54%   3.428GiB / 96GiB    3.57%     0B / 0B   821MB / 0B    117
d6f6575247be   x265      4206.78%   4.901GiB / 96GiB    5.11%     0B / 0B   2.64GB / 0B   117
2025-02-17 04:43:59.588685
CONTAINER ID   NAME      CPU %      MEM USAGE / LIMIT   MEM %     NET I/O   BLOCK I/O     PIDS
d1e3cb922c17   x265_1    4065.33%   3.616GiB / 96GiB    3.77%     0B / 0B   1.06GB / 0B   117
d6f6575247be   x265      4111.26%   4.901GiB / 96GiB    5.11%     0B / 0B   2.64GB / 0B   117
2025-02-17 04:44:01.599860
CONTAINER ID   NAME      CPU %      MEM USAGE / LIMIT   MEM %     NET I/O   BLOCK I/O     PIDS
d1e3cb922c17   x265_1    4154.95%   3.688GiB / 96GiB    3.84%     0B / 0B   1.13GB / 0B   117
d6f6575247be   x265      4113.75%   4.901GiB / 96GiB    5.11%     0B / 0B   2.64GB / 0B   117
2025-02-17 04:44:03.611484
CONTAINER ID   NAME      CPU %      MEM USAGE / LIMIT   MEM %     NET I/O   BLOCK I/O     PIDS
d1e3cb922c17   x265_1    3976.28%   3.698GiB / 96GiB    3.85%     0B / 0B   1.16GB / 0B   117
d6f6575247be   x265      4141.87%   4.901GiB / 96GiB    5.11%     0B / 0B   2.64GB / 0B   117
2025-02-17 04:44:05.620567
CONTAINER ID   NAME      CPU %      MEM USAGE / LIMIT   MEM %     NET I/O   BLOCK I/O     PIDS
d1e3cb922c17   x265_1    4549.76%   3.714GiB / 96GiB    3.87%     0B / 0B   1.18GB / 0B   117
d6f6575247be   x265      4211.27%   4.916GiB / 96GiB    5.12%     0B / 0B   2.64GB / 0B   117
2025-02-17 04:44:07.630844
CONTAINER ID   NAME      CPU %      MEM USAGE / LIMIT   MEM %     NET I/O   BLOCK I/O     PIDS
d1e3cb922c17   x265_1    2894.38%   3.79GiB / 96GiB     3.95%     0B / 0B   1.28GB / 0B   117
d6f6575247be   x265      4981.81%   4.962GiB / 96GiB    5.17%     0B / 0B   2.68GB / 0B   117
2025-02-17 04:44:09.643174
CONTAINER ID   NAME      CPU %      MEM USAGE / LIMIT   MEM %     NET I/O   BLOCK I/O     PIDS
d1e3cb922c17   x265_1    4126.40%   3.995GiB / 96GiB    4.16%     0B / 0B   1.52GB / 0B   117
d6f6575247be   x265      4154.59%   4.988GiB / 96GiB    5.20%     0B / 0B   2.69GB / 0B   117
2025-02-17 04:44:11.656740
CONTAINER ID   NAME      CPU %      MEM USAGE / LIMIT   MEM %     NET I/O   BLOCK I/O    PIDS
d1e3cb922c17   x265_1    4129.17%   4.148GiB / 96GiB    4.32%     0B / 0B   1.7GB / 0B   115
d6f6575247be   x265      4140.05%   4.994GiB / 96GiB    5.20%     0B / 0B   2.7GB / 0B   116
2025-02-17 04:44:13.665095
CONTAINER ID   NAME      CPU %      MEM USAGE / LIMIT   MEM %     NET I/O   BLOCK I/O    PIDS
d1e3cb922c17   x265_1    3953.90%   4.148GiB / 96GiB    4.32%     0B / 0B   1.7GB / 0B   115
d6f6575247be   x265      3801.25%   4.995GiB / 96GiB    5.20%     0B / 0B   2.7GB / 0B   115
2025-02-17 04:44:15.674193
CONTAINER ID   NAME      CPU %      MEM USAGE / LIMIT   MEM %     NET I/O   BLOCK I/O       PIDS
d1e3cb922c17   x265_1    2776.81%   1.807GiB / 96GiB    1.88%     0B / 0B   1.7GB / 483kB   3
d6f6575247be   x265      3953.04%   4.995GiB / 96GiB    5.20%     0B / 0B   2.7GB / 0B      115
2025-02-17 04:44:17.683057
CONTAINER ID   NAME      CPU %      MEM USAGE / LIMIT   MEM %     NET I/O   BLOCK I/O       PIDS
d1e3cb922c17   x265_1    3580.26%   3.376GiB / 96GiB    3.52%     0B / 0B   1.7GB / 483kB   117
d6f6575247be   x265      3200.10%   3.886GiB / 96GiB    4.05%     0B / 0B   2.7GB / 4.1kB   117
2025-02-17 04:44:19.696686
CONTAINER ID   NAME      CPU %      MEM USAGE / LIMIT   MEM %     NET I/O   BLOCK I/O       PIDS
d1e3cb922c17   x265_1    3801.84%   4.061GiB / 96GiB    4.23%     0B / 0B   1.7GB / 483kB   117
d6f6575247be   x265      4102.93%   4.964GiB / 96GiB    5.17%     0B / 0B   2.7GB / 4.1kB   117
2025-02-17 04:44:21.708570
CONTAINER ID   NAME      CPU %      MEM USAGE / LIMIT   MEM %     NET I/O   BLOCK I/O       PIDS
d1e3cb922c17   x265_1    3683.74%   4.066GiB / 96GiB    4.24%     0B / 0B   1.7GB / 483kB   117
d6f6575247be   x265      4013.27%   4.98GiB / 96GiB     5.19%     0B / 0B   2.7GB / 4.1kB   117
2025-02-17 04:44:23.719146
CONTAINER ID   NAME      CPU %      MEM USAGE / LIMIT   MEM %     NET I/O   BLOCK I/O       PIDS
d1e3cb922c17   x265_1    4050.82%   4.067GiB / 96GiB    4.24%     0B / 0B   1.7GB / 483kB   117
d6f6575247be   x265      4082.73%   5.005GiB / 96GiB    5.21%     0B / 0B   2.7GB / 4.1kB   117
2025-02-17 04:44:25.731651
CONTAINER ID   NAME      CPU %      MEM USAGE / LIMIT   MEM %     NET I/O   BLOCK I/O       PIDS
d1e3cb922c17   x265_1    4168.29%   4.068GiB / 96GiB    4.24%     0B / 0B   1.7GB / 483kB   117
d6f6575247be   x265      4027.06%   5.026GiB / 96GiB    5.23%     0B / 0B   2.7GB / 4.1kB   117
2025-02-17 04:44:27.741000
CONTAINER ID   NAME      CPU %      MEM USAGE / LIMIT   MEM %     NET I/O   BLOCK I/O       PIDS
d1e3cb922c17   x265_1    4047.01%   4.07GiB / 96GiB     4.24%     0B / 0B   1.7GB / 483kB   117
d6f6575247be   x265      4155.58%   5.045GiB / 96GiB    5.25%     0B / 0B   2.7GB / 4.1kB   117
2025-02-17 04:44:29.751375
CONTAINER ID   NAME      CPU %      MEM USAGE / LIMIT   MEM %     NET I/O   BLOCK I/O       PIDS
d1e3cb922c17   x265_1    4025.71%   4.07GiB / 96GiB     4.24%     0B / 0B   1.7GB / 483kB   117
d6f6575247be   x265      4211.27%   5.067GiB / 96GiB    5.28%     0B / 0B   2.7GB / 4.1kB   117
2025-02-17 04:44:31.764567
CONTAINER ID   NAME      CPU %      MEM USAGE / LIMIT   MEM %     NET I/O   BLOCK I/O       PIDS
d1e3cb922c17   x265_1    4087.98%   4.07GiB / 96GiB     4.24%     0B / 0B   1.7GB / 483kB   117
d6f6575247be   x265      4182.08%   5.088GiB / 96GiB    5.30%     0B / 0B   2.7GB / 4.1kB   117
2025-02-17 04:44:33.775052
CONTAINER ID   NAME      CPU %      MEM USAGE / LIMIT   MEM %     NET I/O   BLOCK I/O       PIDS
d1e3cb922c17   x265_1    4029.10%   4.07GiB / 96GiB     4.24%     0B / 0B   1.7GB / 483kB   117
d6f6575247be   x265      4118.90%   5.109GiB / 96GiB    5.32%     0B / 0B   2.7GB / 4.1kB   117
2025-02-17 04:44:35.785910
CONTAINER ID   NAME      CPU %      MEM USAGE / LIMIT   MEM %     NET I/O   BLOCK I/O       PIDS
d1e3cb922c17   x265_1    4048.55%   4.096GiB / 96GiB    4.27%     0B / 0B   1.7GB / 483kB   117
d6f6575247be   x265      4108.59%   5.153GiB / 96GiB    5.37%     0B / 0B   2.7GB / 4.1kB   117
2025-02-17 04:44:37.795258
CONTAINER ID   NAME      CPU %      MEM USAGE / LIMIT   MEM %     NET I/O   BLOCK I/O       PIDS
d1e3cb922c17   x265_1    4159.32%   4.095GiB / 96GiB    4.27%     0B / 0B   1.7GB / 483kB   117
d6f6575247be   x265      4136.61%   5.164GiB / 96GiB    5.38%     0B / 0B   2.7GB / 4.1kB   117
2025-02-17 04:44:39.805989
CONTAINER ID   NAME      CPU %      MEM USAGE / LIMIT   MEM %     NET I/O   BLOCK I/O       PIDS
d1e3cb922c17   x265_1    4107.90%   4.1GiB / 96GiB      4.27%     0B / 0B   1.7GB / 483kB   117
d6f6575247be   x265      4093.51%   5.178GiB / 96GiB    5.39%     0B / 0B   2.7GB / 4.1kB   117
2025-02-17 04:44:41.816234
CONTAINER ID   NAME      CPU %      MEM USAGE / LIMIT   MEM %     NET I/O   BLOCK I/O       PIDS
d1e3cb922c17   x265_1    4624.24%   4.1GiB / 96GiB      4.27%     0B / 0B   1.7GB / 483kB   117
d6f6575247be   x265      4579.72%   5.19GiB / 96GiB     5.41%     0B / 0B   2.7GB / 4.1kB   117
2025-02-17 04:44:43.831888
CONTAINER ID   NAME      CPU %      MEM USAGE / LIMIT   MEM %     NET I/O   BLOCK I/O       PIDS
d1e3cb922c17   x265_1    3969.81%   4.126GiB / 96GiB    4.30%     0B / 0B   1.7GB / 483kB   117
d6f6575247be   x265      4119.83%   5.193GiB / 96GiB    5.41%     0B / 0B   2.7GB / 4.1kB   117
2025-02-17 04:44:45.841572
CONTAINER ID   NAME      CPU %      MEM USAGE / LIMIT   MEM %     NET I/O   BLOCK I/O       PIDS
d1e3cb922c17   x265_1    4031.09%   4.142GiB / 96GiB    4.31%     0B / 0B   1.7GB / 483kB   117
d6f6575247be   x265      4222.84%   5.198GiB / 96GiB    5.41%     0B / 0B   2.7GB / 4.1kB   117
2025-02-17 04:44:47.850362
CONTAINER ID   NAME      CPU %      MEM USAGE / LIMIT   MEM %     NET I/O   BLOCK I/O       PIDS
d1e3cb922c17   x265_1    4129.37%   4.163GiB / 96GiB    4.34%     0B / 0B   1.7GB / 483kB   117
d6f6575247be   x265      4007.38%   5.21GiB / 96GiB     5.43%     0B / 0B   2.7GB / 4.1kB   117
2025-02-17 04:44:49.862742
CONTAINER ID   NAME      CPU %      MEM USAGE / LIMIT   MEM %     NET I/O   BLOCK I/O       PIDS
d1e3cb922c17   x265_1    3814.81%   4.172GiB / 96GiB    4.35%     0B / 0B   1.7GB / 483kB   117
d6f6575247be   x265      3948.23%   5.211GiB / 96GiB    5.43%     0B / 0B   2.7GB / 4.1kB   117
2025-02-17 04:44:51.872821
CONTAINER ID   NAME      CPU %      MEM USAGE / LIMIT   MEM %     NET I/O   BLOCK I/O       PIDS
d1e3cb922c17   x265_1    4022.47%   4.18GiB / 96GiB     4.35%     0B / 0B   1.7GB / 483kB   117
d6f6575247be   x265      3988.69%   5.211GiB / 96GiB    5.43%     0B / 0B   2.7GB / 4.1kB   117
2025-02-17 04:44:53.882622
CONTAINER ID   NAME      CPU %      MEM USAGE / LIMIT   MEM %     NET I/O   BLOCK I/O       PIDS
d1e3cb922c17   x265_1    3987.43%   4.187GiB / 96GiB    4.36%     0B / 0B   1.7GB / 483kB   117
d6f6575247be   x265      4003.04%   5.211GiB / 96GiB    5.43%     0B / 0B   2.7GB / 4.1kB   117
2025-02-17 04:44:55.893338
CONTAINER ID   NAME      CPU %      MEM USAGE / LIMIT   MEM %     NET I/O   BLOCK I/O       PIDS
d1e3cb922c17   x265_1    4121.28%   4.194GiB / 96GiB    4.37%     0B / 0B   1.7GB / 483kB   117
d6f6575247be   x265      4032.04%   5.212GiB / 96GiB    5.43%     0B / 0B   2.7GB / 4.1kB   117
2025-02-17 04:44:57.906255
CONTAINER ID   NAME      CPU %      MEM USAGE / LIMIT   MEM %     NET I/O   BLOCK I/O       PIDS
d1e3cb922c17   x265_1    4108.47%   4.212GiB / 96GiB    4.39%     0B / 0B   1.7GB / 483kB   117
d6f6575247be   x265      4130.59%   5.212GiB / 96GiB    5.43%     0B / 0B   2.7GB / 4.1kB   117
2025-02-17 04:44:59.918731
CONTAINER ID   NAME      CPU %      MEM USAGE / LIMIT   MEM %     NET I/O   BLOCK I/O       PIDS
d1e3cb922c17   x265_1    4165.93%   4.225GiB / 96GiB    4.40%     0B / 0B   1.7GB / 483kB   117
d6f6575247be   x265      4078.20%   5.212GiB / 96GiB    5.43%     0B / 0B   2.7GB / 4.1kB   117
2025-02-17 04:45:01.930221
CONTAINER ID   NAME      CPU %      MEM USAGE / LIMIT   MEM %     NET I/O   BLOCK I/O       PIDS
d1e3cb922c17   x265_1    3882.68%   4.232GiB / 96GiB    4.41%     0B / 0B   1.7GB / 483kB   117
d6f6575247be   x265      4115.47%   5.212GiB / 96GiB    5.43%     0B / 0B   2.7GB / 4.1kB   117
2025-02-17 04:45:03.941581
CONTAINER ID   NAME      CPU %      MEM USAGE / LIMIT   MEM %     NET I/O   BLOCK I/O       PIDS
d1e3cb922c17   x265_1    4101.20%   4.251GiB / 96GiB    4.43%     0B / 0B   1.7GB / 483kB   117
d6f6575247be   x265      4028.59%   5.226GiB / 96GiB    5.44%     0B / 0B   2.7GB / 4.1kB   117
2025-02-17 04:45:05.954831
CONTAINER ID   NAME      CPU %      MEM USAGE / LIMIT   MEM %     NET I/O   BLOCK I/O       PIDS
d1e3cb922c17   x265_1    4635.11%   4.251GiB / 96GiB    4.43%     0B / 0B   1.7GB / 483kB   117
d6f6575247be   x265      4256.69%   5.229GiB / 96GiB    5.45%     0B / 0B   2.7GB / 4.1kB   117
2025-02-17 04:45:07.964199
CONTAINER ID   NAME      CPU %      MEM USAGE / LIMIT   MEM %     NET I/O   BLOCK I/O       PIDS
d1e3cb922c17   x265_1    4204.50%   4.31GiB / 96GiB     4.49%     0B / 0B   1.7GB / 483kB   117
d6f6575247be   x265      4111.12%   5.265GiB / 96GiB    5.48%     0B / 0B   2.7GB / 4.1kB   117
2025-02-17 04:45:09.978679
CONTAINER ID   NAME      CPU %      MEM USAGE / LIMIT   MEM %     NET I/O   BLOCK I/O       PIDS
d1e3cb922c17   x265_1    4327.14%   4.343GiB / 96GiB    4.52%     0B / 0B   1.7GB / 483kB   117
d6f6575247be   x265      3874.02%   5.273GiB / 96GiB    5.49%     0B / 0B   2.7GB / 4.1kB   117
2025-02-17 04:45:11.992069
CONTAINER ID   NAME      CPU %      MEM USAGE / LIMIT   MEM %     NET I/O   BLOCK I/O       PIDS
d1e3cb922c17   x265_1    4112.32%   4.353GiB / 96GiB    4.53%     0B / 0B   1.7GB / 483kB   115
d6f6575247be   x265      4098.01%   5.275GiB / 96GiB    5.50%     0B / 0B   2.7GB / 4.1kB   115
2025-02-17 04:45:14.001481
CONTAINER ID   NAME      CPU %      MEM USAGE / LIMIT   MEM %     NET I/O   BLOCK I/O       PIDS
d1e3cb922c17   x265_1    3843.07%   4.354GiB / 96GiB    4.54%     0B / 0B   1.7GB / 483kB   115
d6f6575247be   x265      3931.39%   5.276GiB / 96GiB    5.50%     0B / 0B   2.7GB / 4.1kB   115
2025-02-17 04:45:16.012564
CONTAINER ID   NAME      CPU %     MEM USAGE / LIMIT   MEM %     NET I/O   BLOCK I/O       PIDS
d1e3cb922c17   x265_1    144.61%   1.365GiB / 96GiB    1.42%     0B / 0B   1.7GB / 512kB   1
d6f6575247be   x265      615.96%   2.303GiB / 96GiB    2.40%     0B / 0B   2.7GB / 4.1kB   1
2025-02-17 04:45:18.023064
CONTAINER ID   NAME      CPU %     MEM USAGE / LIMIT   MEM %     NET I/O   BLOCK I/O       PIDS
d1e3cb922c17   x265_1    0.00%     1.365GiB / 96GiB    1.42%     0B / 0B   1.7GB / 512kB   1
d6f6575247be   x265      0.00%     2.302GiB / 96GiB    2.40%     0B / 0B   2.7GB / 4.1kB   1
2025-02-17 04:45:20.030962
CONTAINER ID   NAME      CPU %     MEM USAGE / LIMIT   MEM %     NET I/O   BLOCK I/O       PIDS
d1e3cb922c17   x265_1    0.00%     1.365GiB / 96GiB    1.42%     0B / 0B   1.7GB / 512kB   1
d6f6575247be   x265      0.00%     2.302GiB / 96GiB    2.40%     0B / 0B   2.7GB / 4.1kB   1
2025-02-17 04:45:22.040036
CONTAINER ID   NAME      CPU %     MEM USAGE / LIMIT   MEM %     NET I/O   BLOCK I/O       PIDS
d1e3cb922c17   x265_1    0.00%     1.365GiB / 96GiB    1.42%     0B / 0B   1.7GB / 512kB   1
d6f6575247be   x265      0.00%     2.302GiB / 96GiB    2.40%     0B / 0B   2.7GB / 4.1kB   1
2025-02-17 04:45:24.050983
CONTAINER ID   NAME      CPU %     MEM USAGE / LIMIT   MEM %     NET I/O   BLOCK I/O       PIDS
d1e3cb922c17   x265_1    0.00%     1.365GiB / 96GiB    1.42%     0B / 0B   1.7GB / 512kB   1
d6f6575247be   x265      0.00%     2.302GiB / 96GiB    2.40%     0B / 0B   2.7GB / 4.1kB   1
2025-02-17 04:45:26.060596
CONTAINER ID   NAME      CPU %     MEM USAGE / LIMIT   MEM %     NET I/O   BLOCK I/O       PIDS
d1e3cb922c17   x265_1    0.00%     1.365GiB / 96GiB    1.42%     0B / 0B   1.7GB / 512kB   1
d6f6575247be   x265      0.00%     2.302GiB / 96GiB    2.40%     0B / 0B   2.7GB / 4.1kB   1
2025-02-17 04:45:28.069461
CONTAINER ID   NAME      CPU %     MEM USAGE / LIMIT   MEM %     NET I/O   BLOCK I/O       PIDS
d1e3cb922c17   x265_1    0.00%     1.365GiB / 96GiB    1.42%     0B / 0B   1.7GB / 512kB   1
d6f6575247be   x265      0.00%     2.302GiB / 96GiB    2.40%     0B / 0B   2.7GB / 4.1kB   1
2025-02-17 04:45:30.078282
CONTAINER ID   NAME      CPU %     MEM USAGE / LIMIT   MEM %     NET I/O   BLOCK I/O       PIDS
d1e3cb922c17   x265_1    0.00%     1.365GiB / 96GiB    1.42%     0B / 0B   1.7GB / 512kB   1
d6f6575247be   x265      0.00%     2.302GiB / 96GiB    2.40%     0B / 0B   2.7GB / 4.1kB   1
2025-02-17 04:45:32.087651
CONTAINER ID   NAME      CPU %     MEM USAGE / LIMIT   MEM %     NET I/O   BLOCK I/O       PIDS
d1e3cb922c17   x265_1    0.00%     1.365GiB / 96GiB    1.42%     0B / 0B   1.7GB / 512kB   1
d6f6575247be   x265      0.00%     2.302GiB / 96GiB    2.40%     0B / 0B   2.7GB / 4.1kB   1
2025-02-17 04:45:34.096258
CONTAINER ID   NAME      CPU %     MEM USAGE / LIMIT   MEM %     NET I/O   BLOCK I/O       PIDS
d1e3cb922c17   x265_1    0.00%     1.365GiB / 96GiB    1.42%     0B / 0B   1.7GB / 512kB   1
d6f6575247be   x265      0.00%     2.302GiB / 96GiB    2.40%     0B / 0B   2.7GB / 4.1kB   1
2025-02-17 04:45:36.105551
CONTAINER ID   NAME      CPU %     MEM USAGE / LIMIT   MEM %     NET I/O   BLOCK I/O       PIDS
d1e3cb922c17   x265_1    0.00%     1.365GiB / 96GiB    1.42%     0B / 0B   1.7GB / 512kB   1
d6f6575247be   x265      0.00%     2.302GiB / 96GiB    2.40%     0B / 0B   2.7GB / 4.1kB   1
2025-02-17 04:45:38.114585
CONTAINER ID   NAME      CPU %     MEM USAGE / LIMIT   MEM %     NET I/O   BLOCK I/O       PIDS
d1e3cb922c17   x265_1    0.00%     1.365GiB / 96GiB    1.42%     0B / 0B   1.7GB / 512kB   1
d6f6575247be   x265      0.00%     2.302GiB / 96GiB    2.40%     0B / 0B   2.7GB / 4.1kB   1
2025-02-17 04:45:40.124119
CONTAINER ID   NAME      CPU %     MEM USAGE / LIMIT   MEM %     NET I/O   BLOCK I/O       PIDS
d1e3cb922c17   x265_1    0.00%     1.365GiB / 96GiB    1.42%     0B / 0B   1.7GB / 512kB   1
d6f6575247be   x265      0.00%     2.302GiB / 96GiB    2.40%     0B / 0B   2.7GB / 4.1kB   1
2025-02-17 04:45:42.133290
CONTAINER ID   NAME      CPU %     MEM USAGE / LIMIT   MEM %     NET I/O   BLOCK I/O       PIDS
d1e3cb922c17   x265_1    0.00%     1.365GiB / 96GiB    1.42%     0B / 0B   1.7GB / 512kB   1
d6f6575247be   x265      0.00%     2.302GiB / 96GiB    2.40%     0B / 0B   2.7GB / 4.1kB   1
2025-02-17 04:45:44.144043
CONTAINER ID   NAME      CPU %     MEM USAGE / LIMIT   MEM %     NET I/O   BLOCK I/O       PIDS
d1e3cb922c17   x265_1    0.00%     1.365GiB / 96GiB    1.42%     0B / 0B   1.7GB / 512kB   1
d6f6575247be   x265      0.00%     2.302GiB / 96GiB    2.40%     0B / 0B   2.7GB / 4.1kB   1
2025-02-17 04:45:46.153472
CONTAINER ID   NAME      CPU %     MEM USAGE / LIMIT   MEM %     NET I/O   BLOCK I/O       PIDS
d1e3cb922c17   x265_1    0.00%     1.365GiB / 96GiB    1.42%     0B / 0B   1.7GB / 512kB   1
d6f6575247be   x265      0.00%     2.302GiB / 96GiB    2.40%     0B / 0B   2.7GB / 4.1kB   1
2025-02-17 04:45:48.165818
CONTAINER ID   NAME      CPU %      MEM USAGE / LIMIT   MEM %     NET I/O   BLOCK I/O       PIDS
d1e3cb922c17   x265_1    2782.72%   2.969GiB / 96GiB    3.09%     0B / 0B   1.7GB / 512kB   117
d6f6575247be   x265      3073.10%   3.97GiB / 96GiB     4.14%     0B / 0B   2.7GB / 4.1kB   117
2025-02-17 04:45:50.178439
CONTAINER ID   NAME      CPU %      MEM USAGE / LIMIT   MEM %     NET I/O   BLOCK I/O       PIDS
d1e3cb922c17   x265_1    4071.52%   4.241GiB / 96GiB    4.42%     0B / 0B   1.7GB / 512kB   117
d6f6575247be   x265      4039.70%   5.176GiB / 96GiB    5.39%     0B / 0B   2.7GB / 4.1kB   117
2025-02-17 04:45:52.191138
CONTAINER ID   NAME      CPU %      MEM USAGE / LIMIT   MEM %     NET I/O   BLOCK I/O       PIDS
d1e3cb922c17   x265_1    3951.71%   4.249GiB / 96GiB    4.43%     0B / 0B   1.7GB / 512kB   117
d6f6575247be   x265      4195.64%   5.185GiB / 96GiB    5.40%     0B / 0B   2.7GB / 4.1kB   117
2025-02-17 04:45:54.205193
CONTAINER ID   NAME      CPU %      MEM USAGE / LIMIT   MEM %     NET I/O   BLOCK I/O       PIDS
d1e3cb922c17   x265_1    4032.59%   4.25GiB / 96GiB     4.43%     0B / 0B   1.7GB / 512kB   117
d6f6575247be   x265      4041.79%   5.187GiB / 96GiB    5.40%     0B / 0B   2.7GB / 4.1kB   117
2025-02-17 04:45:56.217248
CONTAINER ID   NAME      CPU %      MEM USAGE / LIMIT   MEM %     NET I/O   BLOCK I/O       PIDS
d1e3cb922c17   x265_1    4091.49%   4.25GiB / 96GiB     4.43%     0B / 0B   1.7GB / 512kB   117
d6f6575247be   x265      3884.35%   5.188GiB / 96GiB    5.40%     0B / 0B   2.7GB / 4.1kB   117
2025-02-17 04:45:58.225230
CONTAINER ID   NAME      CPU %      MEM USAGE / LIMIT   MEM %     NET I/O   BLOCK I/O       PIDS
d1e3cb922c17   x265_1    4016.98%   4.251GiB / 96GiB    4.43%     0B / 0B   1.7GB / 512kB   117
d6f6575247be   x265      4071.84%   5.19GiB / 96GiB     5.41%     0B / 0B   2.7GB / 4.1kB   117
2025-02-17 04:46:00.236715
CONTAINER ID   NAME      CPU %      MEM USAGE / LIMIT   MEM %     NET I/O   BLOCK I/O       PIDS
d1e3cb922c17   x265_1    3915.64%   4.251GiB / 96GiB    4.43%     0B / 0B   1.7GB / 512kB   117
d6f6575247be   x265      3917.95%   5.19GiB / 96GiB     5.41%     0B / 0B   2.7GB / 4.1kB   117
2025-02-17 04:46:02.244320
CONTAINER ID   NAME      CPU %      MEM USAGE / LIMIT   MEM %     NET I/O   BLOCK I/O       PIDS
d1e3cb922c17   x265_1    4183.91%   4.251GiB / 96GiB    4.43%     0B / 0B   1.7GB / 512kB   117
d6f6575247be   x265      4125.45%   5.191GiB / 96GiB    5.41%     0B / 0B   2.7GB / 4.1kB   117
2025-02-17 04:46:04.255083
CONTAINER ID   NAME      CPU %      MEM USAGE / LIMIT   MEM %     NET I/O   BLOCK I/O       PIDS
d1e3cb922c17   x265_1    4215.81%   4.251GiB / 96GiB    4.43%     0B / 0B   1.7GB / 512kB   117
d6f6575247be   x265      4155.79%   5.19GiB / 96GiB     5.41%     0B / 0B   2.7GB / 4.1kB   117
2025-02-17 04:46:06.269004
CONTAINER ID   NAME      CPU %      MEM USAGE / LIMIT   MEM %     NET I/O   BLOCK I/O       PIDS
d1e3cb922c17   x265_1    4015.87%   4.273GiB / 96GiB    4.45%     0B / 0B   1.7GB / 512kB   117
d6f6575247be   x265      4260.01%   5.217GiB / 96GiB    5.43%     0B / 0B   2.7GB / 4.1kB   117
2025-02-17 04:46:08.278579
CONTAINER ID   NAME      CPU %      MEM USAGE / LIMIT   MEM %     NET I/O   BLOCK I/O       PIDS
d1e3cb922c17   x265_1    4163.04%   4.274GiB / 96GiB    4.45%     0B / 0B   1.7GB / 512kB   117
d6f6575247be   x265      4187.51%   5.216GiB / 96GiB    5.43%     0B / 0B   2.7GB / 4.1kB   117
2025-02-17 04:46:10.296725
CONTAINER ID   NAME      CPU %      MEM USAGE / LIMIT   MEM %     NET I/O   BLOCK I/O       PIDS
d1e3cb922c17   x265_1    4120.00%   4.278GiB / 96GiB    4.46%     0B / 0B   1.7GB / 512kB   117
d6f6575247be   x265      4069.30%   5.22GiB / 96GiB     5.44%     0B / 0B   2.7GB / 4.1kB   117
2025-02-17 04:46:12.308602
CONTAINER ID   NAME      CPU %      MEM USAGE / LIMIT   MEM %     NET I/O   BLOCK I/O       PIDS
d1e3cb922c17   x265_1    4656.03%   4.279GiB / 96GiB    4.46%     0B / 0B   1.7GB / 512kB   117
d6f6575247be   x265      4565.55%   5.221GiB / 96GiB    5.44%     0B / 0B   2.7GB / 4.1kB   117
2025-02-17 04:46:14.322691
CONTAINER ID   NAME      CPU %      MEM USAGE / LIMIT   MEM %     NET I/O   BLOCK I/O       PIDS
d1e3cb922c17   x265_1    4144.29%   4.278GiB / 96GiB    4.46%     0B / 0B   1.7GB / 512kB   117
d6f6575247be   x265      4067.58%   5.221GiB / 96GiB    5.44%     0B / 0B   2.7GB / 4.1kB   117
2025-02-17 04:46:16.332596
CONTAINER ID   NAME      CPU %      MEM USAGE / LIMIT   MEM %     NET I/O   BLOCK I/O       PIDS
d1e3cb922c17   x265_1    4145.87%   4.277GiB / 96GiB    4.46%     0B / 0B   1.7GB / 512kB   117
d6f6575247be   x265      4005.88%   5.221GiB / 96GiB    5.44%     0B / 0B   2.7GB / 4.1kB   117
2025-02-17 04:46:18.344376
CONTAINER ID   NAME      CPU %      MEM USAGE / LIMIT   MEM %     NET I/O   BLOCK I/O       PIDS
d1e3cb922c17   x265_1    3789.15%   4.285GiB / 96GiB    4.46%     0B / 0B   1.7GB / 512kB   117
d6f6575247be   x265      4025.90%   5.226GiB / 96GiB    5.44%     0B / 0B   2.7GB / 4.1kB   117
2025-02-17 04:46:20.354185
CONTAINER ID   NAME      CPU %      MEM USAGE / LIMIT   MEM %     NET I/O   BLOCK I/O       PIDS
d1e3cb922c17   x265_1    4071.33%   4.285GiB / 96GiB    4.46%     0B / 0B   1.7GB / 512kB   117
d6f6575247be   x265      3953.09%   5.227GiB / 96GiB    5.44%     0B / 0B   2.7GB / 4.1kB   117
2025-02-17 04:46:22.363341
CONTAINER ID   NAME      CPU %      MEM USAGE / LIMIT   MEM %     NET I/O   BLOCK I/O       PIDS
d1e3cb922c17   x265_1    3876.91%   4.285GiB / 96GiB    4.46%     0B / 0B   1.7GB / 512kB   117
d6f6575247be   x265      3977.81%   5.225GiB / 96GiB    5.44%     0B / 0B   2.7GB / 4.1kB   117
2025-02-17 04:46:24.374171
CONTAINER ID   NAME      CPU %      MEM USAGE / LIMIT   MEM %     NET I/O   BLOCK I/O       PIDS
d1e3cb922c17   x265_1    4046.76%   4.285GiB / 96GiB    4.46%     0B / 0B   1.7GB / 512kB   117
d6f6575247be   x265      4032.66%   5.225GiB / 96GiB    5.44%     0B / 0B   2.7GB / 4.1kB   117
2025-02-17 04:46:26.383420
CONTAINER ID   NAME      CPU %      MEM USAGE / LIMIT   MEM %     NET I/O   BLOCK I/O       PIDS
d1e3cb922c17   x265_1    4169.71%   4.285GiB / 96GiB    4.46%     0B / 0B   1.7GB / 512kB   117
d6f6575247be   x265      4035.15%   5.225GiB / 96GiB    5.44%     0B / 0B   2.7GB / 4.1kB   117
2025-02-17 04:46:28.395083
CONTAINER ID   NAME      CPU %      MEM USAGE / LIMIT   MEM %     NET I/O   BLOCK I/O       PIDS
d1e3cb922c17   x265_1    4031.76%   4.285GiB / 96GiB    4.46%     0B / 0B   1.7GB / 512kB   117
d6f6575247be   x265      4160.75%   5.226GiB / 96GiB    5.44%     0B / 0B   2.7GB / 4.1kB   117
2025-02-17 04:46:30.405081
CONTAINER ID   NAME      CPU %      MEM USAGE / LIMIT   MEM %     NET I/O   BLOCK I/O       PIDS
d1e3cb922c17   x265_1    4017.87%   4.285GiB / 96GiB    4.46%     0B / 0B   1.7GB / 512kB   117
d6f6575247be   x265      4161.76%   5.226GiB / 96GiB    5.44%     0B / 0B   2.7GB / 4.1kB   117
2025-02-17 04:46:32.413615
CONTAINER ID   NAME      CPU %      MEM USAGE / LIMIT   MEM %     NET I/O   BLOCK I/O       PIDS
d1e3cb922c17   x265_1    4105.38%   4.285GiB / 96GiB    4.46%     0B / 0B   1.7GB / 512kB   117
d6f6575247be   x265      4016.22%   5.226GiB / 96GiB    5.44%     0B / 0B   2.7GB / 4.1kB   117
2025-02-17 04:46:34.428920
CONTAINER ID   NAME      CPU %      MEM USAGE / LIMIT   MEM %     NET I/O   BLOCK I/O       PIDS
d1e3cb922c17   x265_1    3853.33%   4.298GiB / 96GiB    4.48%     0B / 0B   1.7GB / 512kB   117
d6f6575247be   x265      3971.28%   5.24GiB / 96GiB     5.46%     0B / 0B   2.7GB / 4.1kB   117
2025-02-17 04:46:36.434907
CONTAINER ID   NAME      CPU %      MEM USAGE / LIMIT   MEM %     NET I/O   BLOCK I/O       PIDS
d1e3cb922c17   x265_1    4348.43%   4.305GiB / 96GiB    4.48%     0B / 0B   1.7GB / 512kB   117
d6f6575247be   x265      4273.00%   5.242GiB / 96GiB    5.46%     0B / 0B   2.7GB / 4.1kB   117
2025-02-17 04:46:38.442655
CONTAINER ID   NAME      CPU %      MEM USAGE / LIMIT   MEM %     NET I/O   BLOCK I/O       PIDS
d1e3cb922c17   x265_1    3913.33%   4.332GiB / 96GiB    4.51%     0B / 0B   1.7GB / 512kB   117
d6f6575247be   x265      4241.85%   5.276GiB / 96GiB    5.50%     0B / 0B   2.7GB / 4.1kB   117
2025-02-17 04:46:40.452264
CONTAINER ID   NAME      CPU %      MEM USAGE / LIMIT   MEM %     NET I/O   BLOCK I/O       PIDS
d1e3cb922c17   x265_1    4097.24%   4.353GiB / 96GiB    4.53%     0B / 0B   1.7GB / 512kB   117
d6f6575247be   x265      4185.11%   5.281GiB / 96GiB    5.50%     0B / 0B   2.7GB / 4.1kB   117
2025-02-17 04:46:42.462451
CONTAINER ID   NAME      CPU %      MEM USAGE / LIMIT   MEM %     NET I/O   BLOCK I/O       PIDS
d1e3cb922c17   x265_1    4228.18%   4.353GiB / 96GiB    4.53%     0B / 0B   1.7GB / 512kB   115
d6f6575247be   x265      4010.03%   5.281GiB / 96GiB    5.50%     0B / 0B   2.7GB / 4.1kB   115
2025-02-17 04:46:44.471124
CONTAINER ID   NAME      CPU %      MEM USAGE / LIMIT   MEM %     NET I/O   BLOCK I/O       PIDS
d1e3cb922c17   x265_1    4016.21%   4.354GiB / 96GiB    4.54%     0B / 0B   1.7GB / 512kB   115
d6f6575247be   x265      3688.99%   5.282GiB / 96GiB    5.50%     0B / 0B   2.7GB / 4.1kB   115
2025-02-17 04:46:46.480144
CONTAINER ID   NAME      CPU %      MEM USAGE / LIMIT   MEM %     NET I/O   BLOCK I/O       PIDS
d1e3cb922c17   x265_1    997.55%    1.941GiB / 96GiB    2.02%     0B / 0B   1.7GB / 516kB   117
d6f6575247be   x265      1063.76%   3.175GiB / 96GiB    3.31%     0B / 0B   2.7GB / 754kB   117
2025-02-17 04:46:48.492579
CONTAINER ID   NAME      CPU %      MEM USAGE / LIMIT   MEM %     NET I/O   BLOCK I/O       PIDS
d1e3cb922c17   x265_1    3824.92%   3.887GiB / 96GiB    4.05%     0B / 0B   1.7GB / 516kB   117
d6f6575247be   x265      3978.63%   5.055GiB / 96GiB    5.27%     0B / 0B   2.7GB / 754kB   117
2025-02-17 04:46:50.504423
CONTAINER ID   NAME      CPU %      MEM USAGE / LIMIT   MEM %     NET I/O   BLOCK I/O       PIDS
d1e3cb922c17   x265_1    4209.85%   4.248GiB / 96GiB    4.43%     0B / 0B   1.7GB / 516kB   117
d6f6575247be   x265      4094.56%   5.185GiB / 96GiB    5.40%     0B / 0B   2.7GB / 754kB   117
2025-02-17 04:46:52.512421
CONTAINER ID   NAME      CPU %      MEM USAGE / LIMIT   MEM %     NET I/O   BLOCK I/O       PIDS
d1e3cb922c17   x265_1    4036.08%   4.247GiB / 96GiB    4.42%     0B / 0B   1.7GB / 516kB   117
d6f6575247be   x265      4222.02%   5.187GiB / 96GiB    5.40%     0B / 0B   2.7GB / 754kB   117
2025-02-17 04:46:54.526255
CONTAINER ID   NAME      CPU %      MEM USAGE / LIMIT   MEM %     NET I/O   BLOCK I/O       PIDS
d1e3cb922c17   x265_1    3998.16%   4.247GiB / 96GiB    4.42%     0B / 0B   1.7GB / 516kB   117
d6f6575247be   x265      4131.96%   5.188GiB / 96GiB    5.40%     0B / 0B   2.7GB / 754kB   117
2025-02-17 04:46:56.533290
CONTAINER ID   NAME      CPU %      MEM USAGE / LIMIT   MEM %     NET I/O   BLOCK I/O       PIDS
d1e3cb922c17   x265_1    4179.39%   4.248GiB / 96GiB    4.42%     0B / 0B   1.7GB / 516kB   117
d6f6575247be   x265      4086.65%   5.189GiB / 96GiB    5.41%     0B / 0B   2.7GB / 754kB   117
2025-02-17 04:46:58.543456
CONTAINER ID   NAME      CPU %      MEM USAGE / LIMIT   MEM %     NET I/O   BLOCK I/O       PIDS
d1e3cb922c17   x265_1    4117.88%   4.249GiB / 96GiB    4.43%     0B / 0B   1.7GB / 516kB   117
d6f6575247be   x265      4137.49%   5.19GiB / 96GiB     5.41%     0B / 0B   2.7GB / 754kB   117
2025-02-17 04:47:00.564039
CONTAINER ID   NAME      CPU %      MEM USAGE / LIMIT   MEM %     NET I/O   BLOCK I/O       PIDS
d1e3cb922c17   x265_1    4102.52%   4.249GiB / 96GiB    4.43%     0B / 0B   1.7GB / 516kB   117
d6f6575247be   x265      4219.23%   5.19GiB / 96GiB     5.41%     0B / 0B   2.7GB / 754kB   117
2025-02-17 04:47:02.573770
CONTAINER ID   NAME      CPU %      MEM USAGE / LIMIT   MEM %     NET I/O   BLOCK I/O       PIDS
d1e3cb922c17   x265_1    4115.36%   4.249GiB / 96GiB    4.43%     0B / 0B   1.7GB / 516kB   117
d6f6575247be   x265      4094.07%   5.19GiB / 96GiB     5.41%     0B / 0B   2.7GB / 754kB   117
2025-02-17 04:47:04.585260
CONTAINER ID   NAME      CPU %      MEM USAGE / LIMIT   MEM %     NET I/O   BLOCK I/O       PIDS
d1e3cb922c17   x265_1    3953.11%   4.248GiB / 96GiB    4.43%     0B / 0B   1.7GB / 516kB   117
d6f6575247be   x265      4211.94%   5.211GiB / 96GiB    5.43%     0B / 0B   2.7GB / 754kB   117
2025-02-17 04:47:06.595448
CONTAINER ID   NAME      CPU %      MEM USAGE / LIMIT   MEM %     NET I/O   BLOCK I/O       PIDS
d1e3cb922c17   x265_1    3979.48%   4.268GiB / 96GiB    4.45%     0B / 0B   1.7GB / 516kB   117
d6f6575247be   x265      4172.10%   5.211GiB / 96GiB    5.43%     0B / 0B   2.7GB / 754kB   117
2025-02-17 04:47:08.603256
CONTAINER ID   NAME      CPU %      MEM USAGE / LIMIT   MEM %     NET I/O   BLOCK I/O       PIDS
d1e3cb922c17   x265_1    4115.84%   4.268GiB / 96GiB    4.45%     0B / 0B   1.7GB / 516kB   117
d6f6575247be   x265      4065.32%   5.216GiB / 96GiB    5.43%     0B / 0B   2.7GB / 754kB   117
2025-02-17 04:47:10.611319
CONTAINER ID   NAME      CPU %      MEM USAGE / LIMIT   MEM %     NET I/O   BLOCK I/O       PIDS
d1e3cb922c17   x265_1    3666.81%   4.275GiB / 96GiB    4.45%     0B / 0B   1.7GB / 516kB   117
d6f6575247be   x265      4805.27%   5.216GiB / 96GiB    5.43%     0B / 0B   2.7GB / 754kB   117
2025-02-17 04:47:12.620187
CONTAINER ID   NAME      CPU %      MEM USAGE / LIMIT   MEM %     NET I/O   BLOCK I/O       PIDS
d1e3cb922c17   x265_1    4507.77%   4.273GiB / 96GiB    4.45%     0B / 0B   1.7GB / 516kB   117
d6f6575247be   x265      3727.41%   5.216GiB / 96GiB    5.43%     0B / 0B   2.7GB / 754kB   117
2025-02-17 04:47:14.631520
CONTAINER ID   NAME      CPU %      MEM USAGE / LIMIT   MEM %     NET I/O   BLOCK I/O       PIDS
d1e3cb922c17   x265_1    4272.12%   4.273GiB / 96GiB    4.45%     0B / 0B   1.7GB / 516kB   117
d6f6575247be   x265      4025.31%   5.215GiB / 96GiB    5.43%     0B / 0B   2.7GB / 754kB   117
2025-02-17 04:47:16.641317
CONTAINER ID   NAME      CPU %      MEM USAGE / LIMIT   MEM %     NET I/O   BLOCK I/O       PIDS
d1e3cb922c17   x265_1    4230.47%   4.273GiB / 96GiB    4.45%     0B / 0B   1.7GB / 516kB   117
d6f6575247be   x265      3976.07%   5.225GiB / 96GiB    5.44%     0B / 0B   2.7GB / 754kB   117
2025-02-17 04:47:18.650664
CONTAINER ID   NAME      CPU %      MEM USAGE / LIMIT   MEM %     NET I/O   BLOCK I/O       PIDS
d1e3cb922c17   x265_1    3959.97%   4.28GiB / 96GiB     4.46%     0B / 0B   1.7GB / 516kB   117
d6f6575247be   x265      4134.59%   5.225GiB / 96GiB    5.44%     0B / 0B   2.7GB / 754kB   117
2025-02-17 04:47:20.660716
CONTAINER ID   NAME      CPU %      MEM USAGE / LIMIT   MEM %     NET I/O   BLOCK I/O       PIDS
d1e3cb922c17   x265_1    3967.57%   4.28GiB / 96GiB     4.46%     0B / 0B   1.7GB / 516kB   117
d6f6575247be   x265      4188.31%   5.225GiB / 96GiB    5.44%     0B / 0B   2.7GB / 754kB   117
2025-02-17 04:47:22.670052
CONTAINER ID   NAME      CPU %      MEM USAGE / LIMIT   MEM %     NET I/O   BLOCK I/O       PIDS
d1e3cb922c17   x265_1    3934.74%   4.28GiB / 96GiB     4.46%     0B / 0B   1.7GB / 516kB   117
d6f6575247be   x265      4186.00%   5.226GiB / 96GiB    5.44%     0B / 0B   2.7GB / 754kB   117
2025-02-17 04:47:24.679071
CONTAINER ID   NAME      CPU %      MEM USAGE / LIMIT   MEM %     NET I/O   BLOCK I/O       PIDS
d1e3cb922c17   x265_1    3982.84%   4.28GiB / 96GiB     4.46%     0B / 0B   1.7GB / 516kB   117
d6f6575247be   x265      4116.01%   5.225GiB / 96GiB    5.44%     0B / 0B   2.7GB / 754kB   117
2025-02-17 04:47:26.688129
CONTAINER ID   NAME      CPU %      MEM USAGE / LIMIT   MEM %     NET I/O   BLOCK I/O       PIDS
d1e3cb922c17   x265_1    4047.88%   4.28GiB / 96GiB     4.46%     0B / 0B   1.7GB / 516kB   117
d6f6575247be   x265      4092.27%   5.225GiB / 96GiB    5.44%     0B / 0B   2.7GB / 754kB   117
2025-02-17 04:47:28.699004
CONTAINER ID   NAME      CPU %      MEM USAGE / LIMIT   MEM %     NET I/O   BLOCK I/O       PIDS
d1e3cb922c17   x265_1    4089.79%   4.28GiB / 96GiB     4.46%     0B / 0B   1.7GB / 516kB   117
d6f6575247be   x265      4053.14%   5.226GiB / 96GiB    5.44%     0B / 0B   2.7GB / 754kB   117
2025-02-17 04:47:30.708458
CONTAINER ID   NAME      CPU %      MEM USAGE / LIMIT   MEM %     NET I/O   BLOCK I/O       PIDS
d1e3cb922c17   x265_1    4124.99%   4.28GiB / 96GiB     4.46%     0B / 0B   1.7GB / 516kB   117
d6f6575247be   x265      4108.64%   5.225GiB / 96GiB    5.44%     0B / 0B   2.7GB / 754kB   117
2025-02-17 04:47:32.717577
CONTAINER ID   NAME      CPU %      MEM USAGE / LIMIT   MEM %     NET I/O   BLOCK I/O       PIDS
d1e3cb922c17   x265_1    4045.19%   4.28GiB / 96GiB     4.46%     0B / 0B   1.7GB / 516kB   117
d6f6575247be   x265      4200.01%   5.239GiB / 96GiB    5.46%     0B / 0B   2.7GB / 754kB   117
2025-02-17 04:47:34.728234
CONTAINER ID   NAME      CPU %      MEM USAGE / LIMIT   MEM %     NET I/O   BLOCK I/O       PIDS
d1e3cb922c17   x265_1    3909.88%   4.295GiB / 96GiB    4.47%     0B / 0B   1.7GB / 516kB   117
d6f6575247be   x265      4849.73%   5.259GiB / 96GiB    5.48%     0B / 0B   2.7GB / 754kB   117
2025-02-17 04:47:36.736123
CONTAINER ID   NAME      CPU %      MEM USAGE / LIMIT   MEM %     NET I/O   BLOCK I/O       PIDS
d1e3cb922c17   x265_1    4894.03%   4.305GiB / 96GiB    4.48%     0B / 0B   1.7GB / 516kB   117
d6f6575247be   x265      3694.31%   5.286GiB / 96GiB    5.51%     0B / 0B   2.7GB / 754kB   117
2025-02-17 04:47:38.749343
CONTAINER ID   NAME      CPU %      MEM USAGE / LIMIT   MEM %     NET I/O   BLOCK I/O       PIDS
d1e3cb922c17   x265_1    4082.82%   4.341GiB / 96GiB    4.52%     0B / 0B   1.7GB / 516kB   117
d6f6575247be   x265      4167.66%   5.286GiB / 96GiB    5.51%     0B / 0B   2.7GB / 754kB   117
2025-02-17 04:47:40.758253
CONTAINER ID   NAME      CPU %      MEM USAGE / LIMIT   MEM %     NET I/O   BLOCK I/O       PIDS
d1e3cb922c17   x265_1    4199.52%   4.355GiB / 96GiB    4.54%     0B / 0B   1.7GB / 516kB   117
d6f6575247be   x265      4004.42%   5.285GiB / 96GiB    5.51%     0B / 0B   2.7GB / 754kB   115
2025-02-17 04:47:42.774811
CONTAINER ID   NAME      CPU %      MEM USAGE / LIMIT   MEM %     NET I/O   BLOCK I/O       PIDS
d1e3cb922c17   x265_1    4092.70%   4.355GiB / 96GiB    4.54%     0B / 0B   1.7GB / 516kB   115
d6f6575247be   x265      3806.40%   5.285GiB / 96GiB    5.51%     0B / 0B   2.7GB / 754kB   115
2025-02-17 04:47:44.779660
CONTAINER ID   NAME      CPU %      MEM USAGE / LIMIT   MEM %     NET I/O   BLOCK I/O       PIDS
d1e3cb922c17   x265_1    3815.54%   4.355GiB / 96GiB    4.54%     0B / 0B   1.7GB / 516kB   115
d6f6575247be   x265      1650.89%   3.293GiB / 96GiB    3.43%     0B / 0B   2.7GB / 758kB   117
2025-02-17 04:47:46.788559
CONTAINER ID   NAME      CPU %      MEM USAGE / LIMIT   MEM %     NET I/O   BLOCK I/O       PIDS
d1e3cb922c17   x265_1    2558.58%   2.72GiB / 96GiB     2.83%     0B / 0B   1.7GB / 827kB   117
d6f6575247be   x265      4080.31%   5.153GiB / 96GiB    5.37%     0B / 0B   2.7GB / 758kB   117
2025-02-17 04:47:48.799264
CONTAINER ID   NAME      CPU %      MEM USAGE / LIMIT   MEM %     NET I/O   BLOCK I/O       PIDS
d1e3cb922c17   x265_1    4000.87%   4.233GiB / 96GiB    4.41%     0B / 0B   1.7GB / 827kB   117
d6f6575247be   x265      3982.89%   5.184GiB / 96GiB    5.40%     0B / 0B   2.7GB / 758kB   117
2025-02-17 04:47:50.811778
CONTAINER ID   NAME      CPU %      MEM USAGE / LIMIT   MEM %     NET I/O   BLOCK I/O       PIDS
d1e3cb922c17   x265_1    4171.18%   4.25GiB / 96GiB     4.43%     0B / 0B   1.7GB / 827kB   117
d6f6575247be   x265      4107.45%   5.186GiB / 96GiB    5.40%     0B / 0B   2.7GB / 758kB   117
2025-02-17 04:47:52.821605
CONTAINER ID   NAME      CPU %      MEM USAGE / LIMIT   MEM %     NET I/O   BLOCK I/O       PIDS
d1e3cb922c17   x265_1    4297.03%   4.251GiB / 96GiB    4.43%     0B / 0B   1.7GB / 827kB   117
d6f6575247be   x265      3883.06%   5.187GiB / 96GiB    5.40%     0B / 0B   2.7GB / 758kB   117
2025-02-17 04:47:54.830073
CONTAINER ID   NAME      CPU %      MEM USAGE / LIMIT   MEM %     NET I/O   BLOCK I/O       PIDS
d1e3cb922c17   x265_1    4092.52%   4.252GiB / 96GiB    4.43%     0B / 0B   1.7GB / 827kB   117
d6f6575247be   x265      4088.23%   5.188GiB / 96GiB    5.40%     0B / 0B   2.7GB / 758kB   117
2025-02-17 04:47:56.840948
CONTAINER ID   NAME      CPU %      MEM USAGE / LIMIT   MEM %     NET I/O   BLOCK I/O       PIDS
d1e3cb922c17   x265_1    4165.71%   4.252GiB / 96GiB    4.43%     0B / 0B   1.7GB / 827kB   117
d6f6575247be   x265      4017.48%   5.189GiB / 96GiB    5.40%     0B / 0B   2.7GB / 758kB   117
2025-02-17 04:47:58.849968
CONTAINER ID   NAME      CPU %      MEM USAGE / LIMIT   MEM %     NET I/O   BLOCK I/O       PIDS
d1e3cb922c17   x265_1    4258.92%   4.251GiB / 96GiB    4.43%     0B / 0B   1.7GB / 827kB   117
d6f6575247be   x265      3976.52%   5.189GiB / 96GiB    5.41%     0B / 0B   2.7GB / 758kB   117
2025-02-17 04:48:00.862545
CONTAINER ID   NAME      CPU %      MEM USAGE / LIMIT   MEM %     NET I/O   BLOCK I/O       PIDS
d1e3cb922c17   x265_1    4141.93%   4.251GiB / 96GiB    4.43%     0B / 0B   1.7GB / 827kB   117
d6f6575247be   x265      4014.06%   5.189GiB / 96GiB    5.41%     0B / 0B   2.7GB / 758kB   117
2025-02-17 04:48:02.870613
CONTAINER ID   NAME      CPU %      MEM USAGE / LIMIT   MEM %     NET I/O   BLOCK I/O       PIDS
d1e3cb922c17   x265_1    4174.69%   4.251GiB / 96GiB    4.43%     0B / 0B   1.7GB / 827kB   117
d6f6575247be   x265      4060.48%   5.208GiB / 96GiB    5.43%     0B / 0B   2.7GB / 758kB   117
2025-02-17 04:48:04.881259
CONTAINER ID   NAME      CPU %      MEM USAGE / LIMIT   MEM %     NET I/O   BLOCK I/O       PIDS
d1e3cb922c17   x265_1    4010.60%   4.273GiB / 96GiB    4.45%     0B / 0B   1.7GB / 827kB   117
d6f6575247be   x265      4270.11%   5.213GiB / 96GiB    5.43%     0B / 0B   2.7GB / 758kB   117
2025-02-17 04:48:06.893366
CONTAINER ID   NAME      CPU %      MEM USAGE / LIMIT   MEM %     NET I/O   BLOCK I/O       PIDS
d1e3cb922c17   x265_1    4123.41%   4.276GiB / 96GiB    4.45%     0B / 0B   1.7GB / 827kB   117
d6f6575247be   x265      4063.73%   5.216GiB / 96GiB    5.43%     0B / 0B   2.7GB / 758kB   117
2025-02-17 04:48:08.902678
CONTAINER ID   NAME      CPU %      MEM USAGE / LIMIT   MEM %     NET I/O   BLOCK I/O       PIDS
d1e3cb922c17   x265_1    3624.18%   4.276GiB / 96GiB    4.45%     0B / 0B   1.7GB / 827kB   117
d6f6575247be   x265      4858.12%   5.218GiB / 96GiB    5.44%     0B / 0B   2.7GB / 758kB   117
2025-02-17 04:48:10.914422
CONTAINER ID   NAME      CPU %      MEM USAGE / LIMIT   MEM %     NET I/O   BLOCK I/O       PIDS
d1e3cb922c17   x265_1    4690.53%   4.282GiB / 96GiB    4.46%     0B / 0B   1.7GB / 827kB   117
d6f6575247be   x265      2815.01%   5.218GiB / 96GiB    5.44%     0B / 0B   2.7GB / 758kB   117
2025-02-17 04:48:12.923905
CONTAINER ID   NAME      CPU %      MEM USAGE / LIMIT   MEM %     NET I/O   BLOCK I/O       PIDS
d1e3cb922c17   x265_1    4152.36%   4.28GiB / 96GiB     4.46%     0B / 0B   1.7GB / 827kB   117
d6f6575247be   x265      4030.56%   5.219GiB / 96GiB    5.44%     0B / 0B   2.7GB / 758kB   117
2025-02-17 04:48:14.933201
CONTAINER ID   NAME      CPU %      MEM USAGE / LIMIT   MEM %     NET I/O   BLOCK I/O       PIDS
d1e3cb922c17   x265_1    4027.62%   4.28GiB / 96GiB     4.46%     0B / 0B   1.7GB / 827kB   117
d6f6575247be   x265      4079.04%   5.225GiB / 96GiB    5.44%     0B / 0B   2.7GB / 758kB   117
2025-02-17 04:48:16.945693
CONTAINER ID   NAME      CPU %      MEM USAGE / LIMIT   MEM %     NET I/O   BLOCK I/O       PIDS
d1e3cb922c17   x265_1    4185.87%   4.282GiB / 96GiB    4.46%     0B / 0B   1.7GB / 827kB   117
d6f6575247be   x265      3818.72%   5.225GiB / 96GiB    5.44%     0B / 0B   2.7GB / 758kB   117
2025-02-17 04:48:18.958784
CONTAINER ID   NAME      CPU %      MEM USAGE / LIMIT   MEM %     NET I/O   BLOCK I/O       PIDS
d1e3cb922c17   x265_1    3737.93%   4.287GiB / 96GiB    4.47%     0B / 0B   1.7GB / 827kB   117
d6f6575247be   x265      4015.68%   5.226GiB / 96GiB    5.44%     0B / 0B   2.7GB / 758kB   117
2025-02-17 04:48:20.966876
CONTAINER ID   NAME      CPU %      MEM USAGE / LIMIT   MEM %     NET I/O   BLOCK I/O       PIDS
d1e3cb922c17   x265_1    4039.85%   4.287GiB / 96GiB    4.47%     0B / 0B   1.7GB / 827kB   117
d6f6575247be   x265      3896.50%   5.226GiB / 96GiB    5.44%     0B / 0B   2.7GB / 758kB   117
2025-02-17 04:48:22.976643
CONTAINER ID   NAME      CPU %      MEM USAGE / LIMIT   MEM %     NET I/O   BLOCK I/O       PIDS
d1e3cb922c17   x265_1    4112.70%   4.287GiB / 96GiB    4.47%     0B / 0B   1.7GB / 827kB   117
d6f6575247be   x265      4086.53%   5.226GiB / 96GiB    5.44%     0B / 0B   2.7GB / 758kB   117
2025-02-17 04:48:24.986602
CONTAINER ID   NAME      CPU %      MEM USAGE / LIMIT   MEM %     NET I/O   BLOCK I/O       PIDS
d1e3cb922c17   x265_1    4085.31%   4.287GiB / 96GiB    4.47%     0B / 0B   1.7GB / 827kB   117
d6f6575247be   x265      4035.81%   5.226GiB / 96GiB    5.44%     0B / 0B   2.7GB / 758kB   117
2025-02-17 04:48:26.996399
CONTAINER ID   NAME      CPU %      MEM USAGE / LIMIT   MEM %     NET I/O   BLOCK I/O       PIDS
d1e3cb922c17   x265_1    4115.19%   4.287GiB / 96GiB    4.47%     0B / 0B   1.7GB / 827kB   117
d6f6575247be   x265      4064.45%   5.225GiB / 96GiB    5.44%     0B / 0B   2.7GB / 758kB   117
2025-02-17 04:48:29.008680
CONTAINER ID   NAME      CPU %      MEM USAGE / LIMIT   MEM %     NET I/O   BLOCK I/O       PIDS
d1e3cb922c17   x265_1    4085.55%   4.287GiB / 96GiB    4.47%     0B / 0B   1.7GB / 827kB   117
d6f6575247be   x265      4051.86%   5.226GiB / 96GiB    5.44%     0B / 0B   2.7GB / 758kB   117
2025-02-17 04:48:31.017589
CONTAINER ID   NAME      CPU %      MEM USAGE / LIMIT   MEM %     NET I/O   BLOCK I/O       PIDS
d1e3cb922c17   x265_1    4215.03%   4.287GiB / 96GiB    4.47%     0B / 0B   1.7GB / 827kB   117
d6f6575247be   x265      3830.83%   5.226GiB / 96GiB    5.44%     0B / 0B   2.7GB / 758kB   117
2025-02-17 04:48:33.028762
CONTAINER ID   NAME      CPU %      MEM USAGE / LIMIT   MEM %     NET I/O   BLOCK I/O       PIDS
d1e3cb922c17   x265_1    3675.94%   4.287GiB / 96GiB    4.47%     0B / 0B   1.7GB / 827kB   117
d6f6575247be   x265      4638.93%   5.237GiB / 96GiB    5.46%     0B / 0B   2.7GB / 758kB   117
2025-02-17 04:48:35.037221
CONTAINER ID   NAME      CPU %      MEM USAGE / LIMIT   MEM %     NET I/O   BLOCK I/O       PIDS
d1e3cb922c17   x265_1    4150.08%   4.3GiB / 96GiB      4.48%     0B / 0B   1.7GB / 827kB   117
d6f6575247be   x265      4215.55%   5.261GiB / 96GiB    5.48%     0B / 0B   2.7GB / 758kB   117
2025-02-17 04:48:37.048499
CONTAINER ID   NAME      CPU %      MEM USAGE / LIMIT   MEM %     NET I/O   BLOCK I/O       PIDS
d1e3cb922c17   x265_1    4113.37%   4.317GiB / 96GiB    4.50%     0B / 0B   1.7GB / 827kB   117
d6f6575247be   x265      4065.01%   5.276GiB / 96GiB    5.50%     0B / 0B   2.7GB / 758kB   117
2025-02-17 04:48:39.062603
CONTAINER ID   NAME      CPU %      MEM USAGE / LIMIT   MEM %     NET I/O   BLOCK I/O       PIDS
d1e3cb922c17   x265_1    4273.94%   4.349GiB / 96GiB    4.53%     0B / 0B   1.7GB / 827kB   117
d6f6575247be   x265      3949.84%   5.276GiB / 96GiB    5.50%     0B / 0B   2.7GB / 758kB   115
2025-02-17 04:48:41.069464
CONTAINER ID   NAME      CPU %      MEM USAGE / LIMIT   MEM %     NET I/O   BLOCK I/O       PIDS
d1e3cb922c17   x265_1    4274.05%   4.353GiB / 96GiB    4.53%     0B / 0B   1.7GB / 827kB   116
d6f6575247be   x265      3815.20%   5.276GiB / 96GiB    5.50%     0B / 0B   2.7GB / 758kB   115
2025-02-17 04:48:43.079291
CONTAINER ID   NAME      CPU %      MEM USAGE / LIMIT   MEM %     NET I/O   BLOCK I/O       PIDS
d1e3cb922c17   x265_1    4492.33%   4.353GiB / 96GiB    4.53%     0B / 0B   1.7GB / 827kB   115
d6f6575247be   x265      950.01%    2.851GiB / 96GiB    2.97%     0B / 0B   2.7GB / 1.8MB   117
2025-02-17 04:48:45.088690
CONTAINER ID   NAME      CPU %      MEM USAGE / LIMIT   MEM %     NET I/O   BLOCK I/O        PIDS
d1e3cb922c17   x265_1    2509.02%   1.365GiB / 96GiB    1.42%     0B / 0B   1.7GB / 1.31MB   1
d6f6575247be   x265      3987.58%   4.768GiB / 96GiB    4.97%     0B / 0B   2.7GB / 1.8MB    117
2025-02-17 04:48:47.100021
CONTAINER ID   NAME      CPU %      MEM USAGE / LIMIT   MEM %     NET I/O   BLOCK I/O        PIDS
d1e3cb922c17   x265_1    3550.59%   3.422GiB / 96GiB    3.56%     0B / 0B   1.7GB / 1.31MB   117
d6f6575247be   x265      4389.17%   5.183GiB / 96GiB    5.40%     0B / 0B   2.7GB / 1.8MB    117
2025-02-17 04:48:49.108025
CONTAINER ID   NAME      CPU %      MEM USAGE / LIMIT   MEM %     NET I/O   BLOCK I/O        PIDS
d1e3cb922c17   x265_1    4099.66%   4.25GiB / 96GiB     4.43%     0B / 0B   1.7GB / 1.31MB   117
d6f6575247be   x265      4184.47%   5.185GiB / 96GiB    5.40%     0B / 0B   2.7GB / 1.8MB    117
2025-02-17 04:48:51.119093
CONTAINER ID   NAME      CPU %      MEM USAGE / LIMIT   MEM %     NET I/O   BLOCK I/O        PIDS
d1e3cb922c17   x265_1    4121.29%   4.249GiB / 96GiB    4.43%     0B / 0B   1.7GB / 1.31MB   117
d6f6575247be   x265      4053.49%   5.188GiB / 96GiB    5.40%     0B / 0B   2.7GB / 1.8MB    117
2025-02-17 04:48:53.129139
CONTAINER ID   NAME      CPU %      MEM USAGE / LIMIT   MEM %     NET I/O   BLOCK I/O        PIDS
d1e3cb922c17   x265_1    4135.13%   4.25GiB / 96GiB     4.43%     0B / 0B   1.7GB / 1.31MB   117
d6f6575247be   x265      4046.76%   5.189GiB / 96GiB    5.41%     0B / 0B   2.7GB / 1.8MB    117
2025-02-17 04:48:55.143226
CONTAINER ID   NAME      CPU %      MEM USAGE / LIMIT   MEM %     NET I/O   BLOCK I/O        PIDS
d1e3cb922c17   x265_1    3998.79%   4.251GiB / 96GiB    4.43%     0B / 0B   1.7GB / 1.31MB   117
d6f6575247be   x265      4098.35%   5.19GiB / 96GiB     5.41%     0B / 0B   2.7GB / 1.8MB    117
2025-02-17 04:48:57.151305
CONTAINER ID   NAME      CPU %      MEM USAGE / LIMIT   MEM %     NET I/O   BLOCK I/O        PIDS
d1e3cb922c17   x265_1    4213.77%   4.251GiB / 96GiB    4.43%     0B / 0B   1.7GB / 1.31MB   117
d6f6575247be   x265      3976.88%   5.189GiB / 96GiB    5.41%     0B / 0B   2.7GB / 1.8MB    117
2025-02-17 04:48:59.161539
CONTAINER ID   NAME      CPU %      MEM USAGE / LIMIT   MEM %     NET I/O   BLOCK I/O        PIDS
d1e3cb922c17   x265_1    4187.74%   4.252GiB / 96GiB    4.43%     0B / 0B   1.7GB / 1.31MB   117
d6f6575247be   x265      4085.06%   5.189GiB / 96GiB    5.41%     0B / 0B   2.7GB / 1.8MB    117
2025-02-17 04:49:01.175036
CONTAINER ID   NAME      CPU %      MEM USAGE / LIMIT   MEM %     NET I/O   BLOCK I/O        PIDS
d1e3cb922c17   x265_1    4067.52%   4.251GiB / 96GiB    4.43%     0B / 0B   1.7GB / 1.31MB   117
d6f6575247be   x265      3949.46%   5.206GiB / 96GiB    5.42%     0B / 0B   2.7GB / 1.8MB    117
2025-02-17 04:49:03.187795
CONTAINER ID   NAME      CPU %      MEM USAGE / LIMIT   MEM %     NET I/O   BLOCK I/O        PIDS
d1e3cb922c17   x265_1    4296.00%   4.251GiB / 96GiB    4.43%     0B / 0B   1.7GB / 1.31MB   117
d6f6575247be   x265      3925.31%   5.213GiB / 96GiB    5.43%     0B / 0B   2.7GB / 1.8MB    117
2025-02-17 04:49:05.196233
CONTAINER ID   NAME      CPU %      MEM USAGE / LIMIT   MEM %     NET I/O   BLOCK I/O        PIDS
d1e3cb922c17   x265_1    4139.44%   4.274GiB / 96GiB    4.45%     0B / 0B   1.7GB / 1.31MB   117
d6f6575247be   x265      3962.83%   5.214GiB / 96GiB    5.43%     0B / 0B   2.7GB / 1.8MB    117
2025-02-17 04:49:07.209333
CONTAINER ID   NAME      CPU %      MEM USAGE / LIMIT   MEM %     NET I/O   BLOCK I/O        PIDS
d1e3cb922c17   x265_1    3805.33%   4.273GiB / 96GiB    4.45%     0B / 0B   1.7GB / 1.31MB   117
d6f6575247be   x265      3925.66%   5.22GiB / 96GiB     5.44%     0B / 0B   2.7GB / 1.8MB    117
2025-02-17 04:49:09.218137
CONTAINER ID   NAME      CPU %      MEM USAGE / LIMIT   MEM %     NET I/O   BLOCK I/O        PIDS
d1e3cb922c17   x265_1    4368.65%   4.278GiB / 96GiB    4.46%     0B / 0B   1.7GB / 1.31MB   117
d6f6575247be   x265      2852.32%   5.218GiB / 96GiB    5.44%     0B / 0B   2.7GB / 1.8MB    117
2025-02-17 04:49:11.226840
CONTAINER ID   NAME      CPU %      MEM USAGE / LIMIT   MEM %     NET I/O   BLOCK I/O        PIDS
d1e3cb922c17   x265_1    4579.13%   4.279GiB / 96GiB    4.46%     0B / 0B   1.7GB / 1.31MB   117
d6f6575247be   x265      3581.78%   5.218GiB / 96GiB    5.44%     0B / 0B   2.7GB / 1.8MB    117
2025-02-17 04:49:13.235945
CONTAINER ID   NAME      CPU %      MEM USAGE / LIMIT   MEM %     NET I/O   BLOCK I/O        PIDS
d1e3cb922c17   x265_1    4174.24%   4.278GiB / 96GiB    4.46%     0B / 0B   1.7GB / 1.31MB   117
d6f6575247be   x265      4098.44%   5.219GiB / 96GiB    5.44%     0B / 0B   2.7GB / 1.8MB    117
2025-02-17 04:49:15.246865
CONTAINER ID   NAME      CPU %      MEM USAGE / LIMIT   MEM %     NET I/O   BLOCK I/O        PIDS
d1e3cb922c17   x265_1    3819.16%   4.278GiB / 96GiB    4.46%     0B / 0B   1.7GB / 1.31MB   117
d6f6575247be   x265      4252.13%   5.226GiB / 96GiB    5.44%     0B / 0B   2.7GB / 1.8MB    117
2025-02-17 04:49:17.258904
CONTAINER ID   NAME      CPU %      MEM USAGE / LIMIT   MEM %     NET I/O   BLOCK I/O        PIDS
d1e3cb922c17   x265_1    4047.70%   4.283GiB / 96GiB    4.46%     0B / 0B   1.7GB / 1.31MB   117
d6f6575247be   x265      4117.13%   5.226GiB / 96GiB    5.44%     0B / 0B   2.7GB / 1.8MB    117
2025-02-17 04:49:19.270052
CONTAINER ID   NAME      CPU %      MEM USAGE / LIMIT   MEM %     NET I/O   BLOCK I/O        PIDS
d1e3cb922c17   x265_1    4110.11%   4.282GiB / 96GiB    4.46%     0B / 0B   1.7GB / 1.31MB   117
d6f6575247be   x265      4029.19%   5.225GiB / 96GiB    5.44%     0B / 0B   2.7GB / 1.8MB    117
2025-02-17 04:49:21.278076
CONTAINER ID   NAME      CPU %      MEM USAGE / LIMIT   MEM %     NET I/O   BLOCK I/O        PIDS
d1e3cb922c17   x265_1    3963.25%   4.283GiB / 96GiB    4.46%     0B / 0B   1.7GB / 1.31MB   117
d6f6575247be   x265      4060.73%   5.226GiB / 96GiB    5.44%     0B / 0B   2.7GB / 1.8MB    117
2025-02-17 04:49:23.287276
CONTAINER ID   NAME      CPU %      MEM USAGE / LIMIT   MEM %     NET I/O   BLOCK I/O        PIDS
d1e3cb922c17   x265_1    3951.51%   4.282GiB / 96GiB    4.46%     0B / 0B   1.7GB / 1.31MB   117
d6f6575247be   x265      4052.15%   5.227GiB / 96GiB    5.44%     0B / 0B   2.7GB / 1.8MB    117
2025-02-17 04:49:25.295483
CONTAINER ID   NAME      CPU %      MEM USAGE / LIMIT   MEM %     NET I/O   BLOCK I/O        PIDS
d1e3cb922c17   x265_1    3942.02%   4.283GiB / 96GiB    4.46%     0B / 0B   1.7GB / 1.31MB   117
d6f6575247be   x265      4272.87%   5.227GiB / 96GiB    5.44%     0B / 0B   2.7GB / 1.8MB    117
2025-02-17 04:49:27.307795
CONTAINER ID   NAME      CPU %      MEM USAGE / LIMIT   MEM %     NET I/O   BLOCK I/O        PIDS
d1e3cb922c17   x265_1    3893.39%   4.283GiB / 96GiB    4.46%     0B / 0B   1.7GB / 1.31MB   117
d6f6575247be   x265      4136.97%   5.227GiB / 96GiB    5.44%     0B / 0B   2.7GB / 1.8MB    117
2025-02-17 04:49:29.317758
CONTAINER ID   NAME      CPU %      MEM USAGE / LIMIT   MEM %     NET I/O   BLOCK I/O        PIDS
d1e3cb922c17   x265_1    3970.91%   4.282GiB / 96GiB    4.46%     0B / 0B   1.7GB / 1.31MB   117
d6f6575247be   x265      4203.82%   5.225GiB / 96GiB    5.44%     0B / 0B   2.7GB / 1.8MB    117
2025-02-17 04:49:31.327776
CONTAINER ID   NAME      CPU %      MEM USAGE / LIMIT   MEM %     NET I/O   BLOCK I/O        PIDS
d1e3cb922c17   x265_1    3931.54%   4.283GiB / 96GiB    4.46%     0B / 0B   1.7GB / 1.31MB   117
d6f6575247be   x265      4317.16%   5.24GiB / 96GiB     5.46%     0B / 0B   2.7GB / 1.8MB    117
2025-02-17 04:49:33.336216
CONTAINER ID   NAME      CPU %      MEM USAGE / LIMIT   MEM %     NET I/O   BLOCK I/O        PIDS
d1e3cb922c17   x265_1    3557.46%   4.283GiB / 96GiB    4.46%     0B / 0B   1.7GB / 1.31MB   117
d6f6575247be   x265      4560.52%   5.254GiB / 96GiB    5.47%     0B / 0B   2.7GB / 1.8MB    117
2025-02-17 04:49:35.346353
CONTAINER ID   NAME      CPU %      MEM USAGE / LIMIT   MEM %     NET I/O   BLOCK I/O        PIDS
d1e3cb922c17   x265_1    4386.15%   4.299GiB / 96GiB    4.48%     0B / 0B   1.7GB / 1.31MB   117
d6f6575247be   x265      3717.46%   5.271GiB / 96GiB    5.49%     0B / 0B   2.7GB / 1.8MB    117
2025-02-17 04:49:37.357343
CONTAINER ID   NAME      CPU %      MEM USAGE / LIMIT   MEM %     NET I/O   BLOCK I/O        PIDS
d1e3cb922c17   x265_1    3946.55%   4.326GiB / 96GiB    4.51%     0B / 0B   1.7GB / 1.31MB   117
d6f6575247be   x265      4342.25%   5.289GiB / 96GiB    5.51%     0B / 0B   2.7GB / 1.8MB    117
2025-02-17 04:49:39.365921
CONTAINER ID   NAME      CPU %      MEM USAGE / LIMIT   MEM %     NET I/O   BLOCK I/O        PIDS
d1e3cb922c17   x265_1    4323.98%   4.346GiB / 96GiB    4.53%     0B / 0B   1.7GB / 1.31MB   117
d6f6575247be   x265      3914.73%   5.289GiB / 96GiB    5.51%     0B / 0B   2.7GB / 1.8MB    115
2025-02-17 04:49:41.376205
CONTAINER ID   NAME      CPU %      MEM USAGE / LIMIT   MEM %     NET I/O   BLOCK I/O        PIDS
d1e3cb922c17   x265_1    4131.75%   4.345GiB / 96GiB    4.53%     0B / 0B   1.7GB / 1.31MB   115
d6f6575247be   x265      3544.77%   5.288GiB / 96GiB    5.51%     0B / 0B   2.7GB / 1.8MB    115
2025-02-17 04:49:43.386843
CONTAINER ID   NAME      CPU %      MEM USAGE / LIMIT   MEM %     NET I/O   BLOCK I/O        PIDS
d1e3cb922c17   x265_1    3771.37%   4.346GiB / 96GiB    4.53%     0B / 0B   1.7GB / 1.31MB   115
d6f6575247be   x265      1498.23%   3.279GiB / 96GiB    3.42%     0B / 0B   2.7GB / 2.13MB   117
2025-02-17 04:49:45.397805
CONTAINER ID   NAME      CPU %      MEM USAGE / LIMIT   MEM %     NET I/O   BLOCK I/O        PIDS
d1e3cb922c17   x265_1    796.17%    2.238GiB / 96GiB    2.33%     0B / 0B   1.7GB / 1.95MB   117
d6f6575247be   x265      4182.53%   5.147GiB / 96GiB    5.36%     0B / 0B   2.7GB / 2.13MB   117
2025-02-17 04:49:47.407974
CONTAINER ID   NAME      CPU %      MEM USAGE / LIMIT   MEM %     NET I/O   BLOCK I/O        PIDS
d1e3cb922c17   x265_1    3697.15%   3.958GiB / 96GiB    4.12%     0B / 0B   1.7GB / 1.95MB   117
d6f6575247be   x265      4253.82%   5.184GiB / 96GiB    5.40%     0B / 0B   2.7GB / 2.13MB   117
2025-02-17 04:49:49.423444
CONTAINER ID   NAME      CPU %      MEM USAGE / LIMIT   MEM %     NET I/O   BLOCK I/O        PIDS
d1e3cb922c17   x265_1    3994.74%   4.249GiB / 96GiB    4.43%     0B / 0B   1.7GB / 1.95MB   117
d6f6575247be   x265      4102.25%   5.186GiB / 96GiB    5.40%     0B / 0B   2.7GB / 2.13MB   117
2025-02-17 04:49:51.435495
CONTAINER ID   NAME      CPU %      MEM USAGE / LIMIT   MEM %     NET I/O   BLOCK I/O        PIDS
d1e3cb922c17   x265_1    4252.52%   4.25GiB / 96GiB     4.43%     0B / 0B   1.7GB / 1.95MB   117
d6f6575247be   x265      3953.32%   5.188GiB / 96GiB    5.40%     0B / 0B   2.7GB / 2.13MB   117
2025-02-17 04:49:53.446818
CONTAINER ID   NAME      CPU %      MEM USAGE / LIMIT   MEM %     NET I/O   BLOCK I/O        PIDS
d1e3cb922c17   x265_1    4116.76%   4.251GiB / 96GiB    4.43%     0B / 0B   1.7GB / 1.95MB   117
d6f6575247be   x265      4137.98%   5.188GiB / 96GiB    5.40%     0B / 0B   2.7GB / 2.13MB   117
2025-02-17 04:49:55.456937
CONTAINER ID   NAME      CPU %      MEM USAGE / LIMIT   MEM %     NET I/O   BLOCK I/O        PIDS
d1e3cb922c17   x265_1    4075.52%   4.251GiB / 96GiB    4.43%     0B / 0B   1.7GB / 1.95MB   117
d6f6575247be   x265      4125.72%   5.189GiB / 96GiB    5.41%     0B / 0B   2.7GB / 2.13MB   117
2025-02-17 04:49:57.467346
CONTAINER ID   NAME      CPU %      MEM USAGE / LIMIT   MEM %     NET I/O   BLOCK I/O        PIDS
d1e3cb922c17   x265_1    4112.56%   4.251GiB / 96GiB    4.43%     0B / 0B   1.7GB / 1.95MB   117
d6f6575247be   x265      4065.29%   5.189GiB / 96GiB    5.41%     0B / 0B   2.7GB / 2.13MB   117
2025-02-17 04:49:59.476592
CONTAINER ID   NAME      CPU %      MEM USAGE / LIMIT   MEM %     NET I/O   BLOCK I/O        PIDS
d1e3cb922c17   x265_1    4177.83%   4.251GiB / 96GiB    4.43%     0B / 0B   1.7GB / 1.95MB   117
d6f6575247be   x265      4109.73%   5.19GiB / 96GiB     5.41%     0B / 0B   2.7GB / 2.13MB   117
2025-02-17 04:50:01.487139
CONTAINER ID   NAME      CPU %      MEM USAGE / LIMIT   MEM %     NET I/O   BLOCK I/O        PIDS
d1e3cb922c17   x265_1    4183.53%   4.251GiB / 96GiB    4.43%     0B / 0B   1.7GB / 1.95MB   117
d6f6575247be   x265      4126.14%   5.212GiB / 96GiB    5.43%     0B / 0B   2.7GB / 2.13MB   117
2025-02-17 04:50:03.495950
CONTAINER ID   NAME      CPU %      MEM USAGE / LIMIT   MEM %     NET I/O   BLOCK I/O        PIDS
d1e3cb922c17   x265_1    4132.47%   4.266GiB / 96GiB    4.44%     0B / 0B   1.7GB / 1.95MB   117
d6f6575247be   x265      4092.35%   5.212GiB / 96GiB    5.43%     0B / 0B   2.7GB / 2.13MB   117
2025-02-17 04:50:05.513608
CONTAINER ID   NAME      CPU %      MEM USAGE / LIMIT   MEM %     NET I/O   BLOCK I/O        PIDS
d1e3cb922c17   x265_1    4003.40%   4.275GiB / 96GiB    4.45%     0B / 0B   1.7GB / 1.95MB   117
d6f6575247be   x265      4247.15%   5.216GiB / 96GiB    5.43%     0B / 0B   2.7GB / 2.13MB   117
2025-02-17 04:50:07.525052
CONTAINER ID   NAME      CPU %      MEM USAGE / LIMIT   MEM %     NET I/O   BLOCK I/O        PIDS
d1e3cb922c17   x265_1    3685.16%   4.275GiB / 96GiB    4.45%     0B / 0B   1.7GB / 1.95MB   117
d6f6575247be   x265      4857.36%   5.217GiB / 96GiB    5.43%     0B / 0B   2.7GB / 2.13MB   117
2025-02-17 04:50:09.533165
CONTAINER ID   NAME      CPU %      MEM USAGE / LIMIT   MEM %     NET I/O   BLOCK I/O        PIDS
d1e3cb922c17   x265_1    4513.36%   4.281GiB / 96GiB    4.46%     0B / 0B   1.7GB / 1.95MB   117
d6f6575247be   x265      3646.18%   5.216GiB / 96GiB    5.43%     0B / 0B   2.7GB / 2.13MB   117
2025-02-17 04:50:11.545965
CONTAINER ID   NAME      CPU %      MEM USAGE / LIMIT   MEM %     NET I/O   BLOCK I/O        PIDS
d1e3cb922c17   x265_1    3970.65%   4.28GiB / 96GiB     4.46%     0B / 0B   1.7GB / 1.95MB   117
d6f6575247be   x265      3898.59%   5.216GiB / 96GiB    5.43%     0B / 0B   2.7GB / 2.13MB   117
2025-02-17 04:50:13.556008
CONTAINER ID   NAME      CPU %      MEM USAGE / LIMIT   MEM %     NET I/O   BLOCK I/O        PIDS
d1e3cb922c17   x265_1    4111.11%   4.28GiB / 96GiB     4.46%     0B / 0B   1.7GB / 1.95MB   117
d6f6575247be   x265      3812.65%   5.223GiB / 96GiB    5.44%     0B / 0B   2.7GB / 2.13MB   117
2025-02-17 04:50:15.564951
CONTAINER ID   NAME      CPU %      MEM USAGE / LIMIT   MEM %     NET I/O   BLOCK I/O        PIDS
d1e3cb922c17   x265_1    4082.38%   4.28GiB / 96GiB     4.46%     0B / 0B   1.7GB / 1.95MB   117
d6f6575247be   x265      4066.05%   5.224GiB / 96GiB    5.44%     0B / 0B   2.7GB / 2.13MB   117
2025-02-17 04:50:17.575615
CONTAINER ID   NAME      CPU %      MEM USAGE / LIMIT   MEM %     NET I/O   BLOCK I/O        PIDS
d1e3cb922c17   x265_1    4061.17%   4.287GiB / 96GiB    4.47%     0B / 0B   1.7GB / 1.95MB   117
d6f6575247be   x265      3991.60%   5.224GiB / 96GiB    5.44%     0B / 0B   2.7GB / 2.13MB   117
2025-02-17 04:50:19.586028
CONTAINER ID   NAME      CPU %      MEM USAGE / LIMIT   MEM %     NET I/O   BLOCK I/O        PIDS
d1e3cb922c17   x265_1    3938.40%   4.287GiB / 96GiB    4.47%     0B / 0B   1.7GB / 1.95MB   117
d6f6575247be   x265      4071.33%   5.224GiB / 96GiB    5.44%     0B / 0B   2.7GB / 2.13MB   117
2025-02-17 04:50:21.594741
CONTAINER ID   NAME      CPU %      MEM USAGE / LIMIT   MEM %     NET I/O   BLOCK I/O        PIDS
d1e3cb922c17   x265_1    4001.52%   4.287GiB / 96GiB    4.47%     0B / 0B   1.7GB / 1.95MB   117
d6f6575247be   x265      4206.04%   5.223GiB / 96GiB    5.44%     0B / 0B   2.7GB / 2.13MB   117
2025-02-17 04:50:23.604548
CONTAINER ID   NAME      CPU %      MEM USAGE / LIMIT   MEM %     NET I/O   BLOCK I/O        PIDS
d1e3cb922c17   x265_1    4011.27%   4.287GiB / 96GiB    4.47%     0B / 0B   1.7GB / 1.95MB   117
d6f6575247be   x265      4163.43%   5.223GiB / 96GiB    5.44%     0B / 0B   2.7GB / 2.13MB   117
2025-02-17 04:50:25.614433
CONTAINER ID   NAME      CPU %      MEM USAGE / LIMIT   MEM %     NET I/O   BLOCK I/O        PIDS
d1e3cb922c17   x265_1    4016.98%   4.287GiB / 96GiB    4.47%     0B / 0B   1.7GB / 1.95MB   117
d6f6575247be   x265      4229.72%   5.223GiB / 96GiB    5.44%     0B / 0B   2.7GB / 2.13MB   117
2025-02-17 04:50:27.627326
CONTAINER ID   NAME      CPU %      MEM USAGE / LIMIT   MEM %     NET I/O   BLOCK I/O        PIDS
d1e3cb922c17   x265_1    4000.01%   4.287GiB / 96GiB    4.47%     0B / 0B   1.7GB / 1.95MB   117
d6f6575247be   x265      4162.04%   5.223GiB / 96GiB    5.44%     0B / 0B   2.7GB / 2.13MB   117
2025-02-17 04:50:29.635832
CONTAINER ID   NAME      CPU %      MEM USAGE / LIMIT   MEM %     NET I/O   BLOCK I/O        PIDS
d1e3cb922c17   x265_1    4234.96%   4.288GiB / 96GiB    4.47%     0B / 0B   1.7GB / 1.95MB   117
d6f6575247be   x265      3744.83%   5.223GiB / 96GiB    5.44%     0B / 0B   2.7GB / 2.13MB   117
2025-02-17 04:50:31.646853
CONTAINER ID   NAME      CPU %      MEM USAGE / LIMIT   MEM %     NET I/O   BLOCK I/O        PIDS
d1e3cb922c17   x265_1    3785.00%   4.287GiB / 96GiB    4.47%     0B / 0B   1.7GB / 1.95MB   117
d6f6575247be   x265      4668.44%   5.238GiB / 96GiB    5.46%     0B / 0B   2.7GB / 2.13MB   117
2025-02-17 04:50:33.656141
CONTAINER ID   NAME      CPU %      MEM USAGE / LIMIT   MEM %     NET I/O   BLOCK I/O        PIDS
d1e3cb922c17   x265_1    4337.69%   4.302GiB / 96GiB    4.48%     0B / 0B   1.7GB / 1.95MB   117
d6f6575247be   x265      3894.63%   5.269GiB / 96GiB    5.49%     0B / 0B   2.7GB / 2.13MB   117
2025-02-17 04:50:35.667744
CONTAINER ID   NAME      CPU %      MEM USAGE / LIMIT   MEM %     NET I/O   BLOCK I/O        PIDS
d1e3cb922c17   x265_1    4314.83%   4.338GiB / 96GiB    4.52%     0B / 0B   1.7GB / 1.95MB   117
d6f6575247be   x265      4041.26%   5.284GiB / 96GiB    5.50%     0B / 0B   2.7GB / 2.13MB   117
2025-02-17 04:50:37.677580
CONTAINER ID   NAME      CPU %      MEM USAGE / LIMIT   MEM %     NET I/O   BLOCK I/O        PIDS
d1e3cb922c17   x265_1    4143.63%   4.35GiB / 96GiB     4.53%     0B / 0B   1.7GB / 1.95MB   117
d6f6575247be   x265      4136.96%   5.284GiB / 96GiB    5.50%     0B / 0B   2.7GB / 2.13MB   115
2025-02-17 04:50:39.687000
CONTAINER ID   NAME      CPU %      MEM USAGE / LIMIT   MEM %     NET I/O   BLOCK I/O        PIDS
d1e3cb922c17   x265_1    4301.58%   4.35GiB / 96GiB     4.53%     0B / 0B   1.7GB / 1.95MB   115
d6f6575247be   x265      3819.48%   5.284GiB / 96GiB    5.50%     0B / 0B   2.7GB / 2.13MB   115
2025-02-17 04:50:41.698009
CONTAINER ID   NAME      CPU %      MEM USAGE / LIMIT   MEM %     NET I/O   BLOCK I/O        PIDS
d1e3cb922c17   x265_1    3827.38%   4.351GiB / 96GiB    4.53%     0B / 0B   1.7GB / 1.95MB   115
d6f6575247be   x265      2521.49%   2.303GiB / 96GiB    2.40%     0B / 0B   2.7GB / 3.17MB   1
2025-02-17 04:50:43.706817
CONTAINER ID   NAME      CPU %      MEM USAGE / LIMIT   MEM %     NET I/O   BLOCK I/O        PIDS
d1e3cb922c17   x265_1    1168.94%   2.257GiB / 96GiB    2.35%     0B / 0B   1.7GB / 1.95MB   117
d6f6575247be   x265      3637.89%   4.587GiB / 96GiB    4.78%     0B / 0B   2.7GB / 3.17MB   117
2025-02-17 04:50:45.718846
CONTAINER ID   NAME      CPU %      MEM USAGE / LIMIT   MEM %     NET I/O   BLOCK I/O        PIDS
d1e3cb922c17   x265_1    3573.84%   4.012GiB / 96GiB    4.18%     0B / 0B   1.7GB / 1.95MB   117
d6f6575247be   x265      4211.52%   5.183GiB / 96GiB    5.40%     0B / 0B   2.7GB / 3.17MB   117
2025-02-17 04:50:47.730099
CONTAINER ID   NAME      CPU %      MEM USAGE / LIMIT   MEM %     NET I/O   BLOCK I/O        PIDS
d1e3cb922c17   x265_1    4125.72%   4.25GiB / 96GiB     4.43%     0B / 0B   1.7GB / 1.95MB   117
d6f6575247be   x265      3984.02%   5.186GiB / 96GiB    5.40%     0B / 0B   2.7GB / 3.17MB   117
2025-02-17 04:50:49.738807
CONTAINER ID   NAME      CPU %      MEM USAGE / LIMIT   MEM %     NET I/O   BLOCK I/O        PIDS
d1e3cb922c17   x265_1    3985.58%   4.25GiB / 96GiB     4.43%     0B / 0B   1.7GB / 1.95MB   117
d6f6575247be   x265      3954.52%   5.187GiB / 96GiB    5.40%     0B / 0B   2.7GB / 3.17MB   117
2025-02-17 04:50:51.749307
CONTAINER ID   NAME      CPU %      MEM USAGE / LIMIT   MEM %     NET I/O   BLOCK I/O        PIDS
d1e3cb922c17   x265_1    3866.04%   4.25GiB / 96GiB     4.43%     0B / 0B   1.7GB / 1.95MB   117
d6f6575247be   x265      3899.00%   5.188GiB / 96GiB    5.40%     0B / 0B   2.7GB / 3.17MB   117
2025-02-17 04:50:53.761939
CONTAINER ID   NAME      CPU %      MEM USAGE / LIMIT   MEM %     NET I/O   BLOCK I/O        PIDS
d1e3cb922c17   x265_1    4091.41%   4.251GiB / 96GiB    4.43%     0B / 0B   1.7GB / 1.95MB   117
d6f6575247be   x265      4171.45%   5.189GiB / 96GiB    5.41%     0B / 0B   2.7GB / 3.17MB   117
2025-02-17 04:50:55.769503
CONTAINER ID   NAME      CPU %      MEM USAGE / LIMIT   MEM %     NET I/O   BLOCK I/O        PIDS
d1e3cb922c17   x265_1    4106.85%   4.252GiB / 96GiB    4.43%     0B / 0B   1.7GB / 1.95MB   117
d6f6575247be   x265      4107.21%   5.19GiB / 96GiB     5.41%     0B / 0B   2.7GB / 3.17MB   117
2025-02-17 04:50:57.781569
CONTAINER ID   NAME      CPU %      MEM USAGE / LIMIT   MEM %     NET I/O   BLOCK I/O        PIDS
d1e3cb922c17   x265_1    4049.85%   4.251GiB / 96GiB    4.43%     0B / 0B   1.7GB / 1.95MB   117
d6f6575247be   x265      4115.55%   5.189GiB / 96GiB    5.41%     0B / 0B   2.7GB / 3.17MB   117
2025-02-17 04:50:59.789744
CONTAINER ID   NAME      CPU %      MEM USAGE / LIMIT   MEM %     NET I/O   BLOCK I/O        PIDS
d1e3cb922c17   x265_1    4113.40%   4.251GiB / 96GiB    4.43%     0B / 0B   1.7GB / 1.95MB   117
d6f6575247be   x265      4042.02%   5.189GiB / 96GiB    5.40%     0B / 0B   2.7GB / 3.17MB   117
2025-02-17 04:51:01.800717
CONTAINER ID   NAME      CPU %      MEM USAGE / LIMIT   MEM %     NET I/O   BLOCK I/O        PIDS
d1e3cb922c17   x265_1    4325.26%   4.263GiB / 96GiB    4.44%     0B / 0B   1.7GB / 1.95MB   117
d6f6575247be   x265      4062.93%   5.213GiB / 96GiB    5.43%     0B / 0B   2.7GB / 3.17MB   117
2025-02-17 04:51:03.811381
CONTAINER ID   NAME      CPU %      MEM USAGE / LIMIT   MEM %     NET I/O   BLOCK I/O        PIDS
d1e3cb922c17   x265_1    4141.03%   4.273GiB / 96GiB    4.45%     0B / 0B   1.7GB / 1.95MB   117
d6f6575247be   x265      4170.42%   5.214GiB / 96GiB    5.43%     0B / 0B   2.7GB / 3.17MB   117
2025-02-17 04:51:05.821365
CONTAINER ID   NAME      CPU %      MEM USAGE / LIMIT   MEM %     NET I/O   BLOCK I/O        PIDS
d1e3cb922c17   x265_1    3669.78%   4.273GiB / 96GiB    4.45%     0B / 0B   1.7GB / 1.95MB   117
d6f6575247be   x265      4259.77%   5.219GiB / 96GiB    5.44%     0B / 0B   2.7GB / 3.17MB   117
2025-02-17 04:51:07.831863
CONTAINER ID   NAME      CPU %      MEM USAGE / LIMIT   MEM %     NET I/O   BLOCK I/O        PIDS
d1e3cb922c17   x265_1    4133.98%   4.279GiB / 96GiB    4.46%     0B / 0B   1.7GB / 1.95MB   117
d6f6575247be   x265      4232.90%   5.218GiB / 96GiB    5.44%     0B / 0B   2.7GB / 3.17MB   117
2025-02-17 04:51:09.843869
CONTAINER ID   NAME      CPU %      MEM USAGE / LIMIT   MEM %     NET I/O   BLOCK I/O        PIDS
d1e3cb922c17   x265_1    4188.11%   4.279GiB / 96GiB    4.46%     0B / 0B   1.7GB / 1.95MB   117
d6f6575247be   x265      4003.38%   5.218GiB / 96GiB    5.44%     0B / 0B   2.7GB / 3.17MB   117
2025-02-17 04:51:11.852267
CONTAINER ID   NAME      CPU %      MEM USAGE / LIMIT   MEM %     NET I/O   BLOCK I/O        PIDS
d1e3cb922c17   x265_1    4006.98%   4.278GiB / 96GiB    4.46%     0B / 0B   1.7GB / 1.95MB   117
d6f6575247be   x265      4172.25%   5.218GiB / 96GiB    5.44%     0B / 0B   2.7GB / 3.17MB   117
2025-02-17 04:51:13.863717
CONTAINER ID   NAME      CPU %      MEM USAGE / LIMIT   MEM %     NET I/O   BLOCK I/O        PIDS
d1e3cb922c17   x265_1    4265.48%   4.278GiB / 96GiB    4.46%     0B / 0B   1.7GB / 1.95MB   117
d6f6575247be   x265      3980.14%   5.225GiB / 96GiB    5.44%     0B / 0B   2.7GB / 3.17MB   117
2025-02-17 04:51:15.876787
CONTAINER ID   NAME      CPU %      MEM USAGE / LIMIT   MEM %     NET I/O   BLOCK I/O        PIDS
d1e3cb922c17   x265_1    4167.69%   4.285GiB / 96GiB    4.46%     0B / 0B   1.7GB / 1.95MB   117
d6f6575247be   x265      3915.34%   5.226GiB / 96GiB    5.44%     0B / 0B   2.7GB / 3.17MB   117
2025-02-17 04:51:17.892477
CONTAINER ID   NAME      CPU %      MEM USAGE / LIMIT   MEM %     NET I/O   BLOCK I/O        PIDS
d1e3cb922c17   x265_1    4170.26%   4.285GiB / 96GiB    4.46%     0B / 0B   1.7GB / 1.95MB   117
d6f6575247be   x265      3985.81%   5.226GiB / 96GiB    5.44%     0B / 0B   2.7GB / 3.17MB   117
2025-02-17 04:51:19.899757
CONTAINER ID   NAME      CPU %      MEM USAGE / LIMIT   MEM %     NET I/O   BLOCK I/O        PIDS
d1e3cb922c17   x265_1    4132.70%   4.285GiB / 96GiB    4.46%     0B / 0B   1.7GB / 1.95MB   117
d6f6575247be   x265      4027.69%   5.226GiB / 96GiB    5.44%     0B / 0B   2.7GB / 3.17MB   117
2025-02-17 04:51:21.909656
CONTAINER ID   NAME      CPU %      MEM USAGE / LIMIT   MEM %     NET I/O   BLOCK I/O        PIDS
d1e3cb922c17   x265_1    4030.20%   4.285GiB / 96GiB    4.46%     0B / 0B   1.7GB / 1.95MB   117
d6f6575247be   x265      4007.22%   5.226GiB / 96GiB    5.44%     0B / 0B   2.7GB / 3.17MB   117
2025-02-17 04:51:23.922748
CONTAINER ID   NAME      CPU %      MEM USAGE / LIMIT   MEM %     NET I/O   BLOCK I/O        PIDS
d1e3cb922c17   x265_1    4025.87%   4.285GiB / 96GiB    4.46%     0B / 0B   1.7GB / 1.95MB   117
d6f6575247be   x265      4168.35%   5.226GiB / 96GiB    5.44%     0B / 0B   2.7GB / 3.17MB   117
2025-02-17 04:51:25.932452
CONTAINER ID   NAME      CPU %      MEM USAGE / LIMIT   MEM %     NET I/O   BLOCK I/O        PIDS
d1e3cb922c17   x265_1    4088.82%   4.285GiB / 96GiB    4.46%     0B / 0B   1.7GB / 1.95MB   117
d6f6575247be   x265      4063.52%   5.226GiB / 96GiB    5.44%     0B / 0B   2.7GB / 3.17MB   117
2025-02-17 04:51:27.945098
CONTAINER ID   NAME      CPU %      MEM USAGE / LIMIT   MEM %     NET I/O   BLOCK I/O        PIDS
d1e3cb922c17   x265_1    3919.18%   4.285GiB / 96GiB    4.46%     0B / 0B   1.7GB / 1.95MB   117
d6f6575247be   x265      4219.73%   5.225GiB / 96GiB    5.44%     0B / 0B   2.7GB / 3.17MB   117
2025-02-17 04:51:29.957826
CONTAINER ID   NAME      CPU %      MEM USAGE / LIMIT   MEM %     NET I/O   BLOCK I/O        PIDS
d1e3cb922c17   x265_1    3701.28%   4.285GiB / 96GiB    4.46%     0B / 0B   1.7GB / 1.95MB   117
d6f6575247be   x265      4561.40%   5.238GiB / 96GiB    5.46%     0B / 0B   2.7GB / 3.17MB   117
2025-02-17 04:51:31.968329
CONTAINER ID   NAME      CPU %      MEM USAGE / LIMIT   MEM %     NET I/O   BLOCK I/O        PIDS
d1e3cb922c17   x265_1    4386.63%   4.302GiB / 96GiB    4.48%     0B / 0B   1.7GB / 1.95MB   117
d6f6575247be   x265      4107.01%   5.255GiB / 96GiB    5.47%     0B / 0B   2.7GB / 3.17MB   117
2025-02-17 04:51:33.979770
CONTAINER ID   NAME      CPU %      MEM USAGE / LIMIT   MEM %     NET I/O   BLOCK I/O        PIDS
d1e3cb922c17   x265_1    4123.87%   4.331GiB / 96GiB    4.51%     0B / 0B   1.7GB / 1.95MB   117
d6f6575247be   x265      4236.35%   5.285GiB / 96GiB    5.51%     0B / 0B   2.7GB / 3.17MB   117
2025-02-17 04:51:35.988582
CONTAINER ID   NAME      CPU %      MEM USAGE / LIMIT   MEM %     NET I/O   BLOCK I/O        PIDS
d1e3cb922c17   x265_1    4020.69%   4.343GiB / 96GiB    4.52%     0B / 0B   1.7GB / 1.95MB   117
d6f6575247be   x265      4134.05%   5.285GiB / 96GiB    5.50%     0B / 0B   2.7GB / 3.17MB   117
2025-02-17 04:51:38.000654
CONTAINER ID   NAME      CPU %      MEM USAGE / LIMIT   MEM %     NET I/O   BLOCK I/O        PIDS
d1e3cb922c17   x265_1    4054.19%   4.343GiB / 96GiB    4.52%     0B / 0B   1.7GB / 1.95MB   115
d6f6575247be   x265      3967.14%   5.284GiB / 96GiB    5.50%     0B / 0B   2.7GB / 3.17MB   115
2025-02-17 04:51:40.007437
CONTAINER ID   NAME      CPU %      MEM USAGE / LIMIT   MEM %     NET I/O   BLOCK I/O        PIDS
d1e3cb922c17   x265_1    3919.68%   4.343GiB / 96GiB    4.52%     0B / 0B   1.7GB / 1.95MB   115
d6f6575247be   x265      3896.48%   5.284GiB / 96GiB    5.50%     0B / 0B   2.7GB / 3.17MB   115
2025-02-17 04:51:42.016122
CONTAINER ID   NAME      CPU %     MEM USAGE / LIMIT   MEM %     NET I/O   BLOCK I/O        PIDS
d1e3cb922c17   x265_1    874.39%   1.366GiB / 96GiB    1.42%     0B / 0B   1.7GB / 1.95MB   1
d6f6575247be   x265      0.00%     2.302GiB / 96GiB    2.40%     0B / 0B   2.7GB / 3.67MB   1
2025-02-17 04:51:44.028959
CONTAINER ID   NAME      CPU %     MEM USAGE / LIMIT   MEM %     NET I/O   BLOCK I/O        PIDS
d1e3cb922c17   x265_1    0.00%     1.366GiB / 96GiB    1.42%     0B / 0B   1.7GB / 1.95MB   1
d6f6575247be   x265      0.00%     2.302GiB / 96GiB    2.40%     0B / 0B   2.7GB / 3.67MB   1
2025-02-17 04:51:46.038150
CONTAINER ID   NAME      CPU %     MEM USAGE / LIMIT   MEM %     NET I/O   BLOCK I/O        PIDS
d1e3cb922c17   x265_1    0.00%     1.365GiB / 96GiB    1.42%     0B / 0B   1.7GB / 1.95MB   1
d6f6575247be   x265      0.00%     2.302GiB / 96GiB    2.40%     0B / 0B   2.7GB / 3.67MB   1
2025-02-17 04:51:48.046354
CONTAINER ID   NAME      CPU %     MEM USAGE / LIMIT   MEM %     NET I/O   BLOCK I/O        PIDS
d1e3cb922c17   x265_1    0.00%     1.365GiB / 96GiB    1.42%     0B / 0B   1.7GB / 1.95MB   1
d6f6575247be   x265      0.00%     2.302GiB / 96GiB    2.40%     0B / 0B   2.7GB / 3.67MB   1
2025-02-17 04:51:50.055506
CONTAINER ID   NAME      CPU %     MEM USAGE / LIMIT   MEM %     NET I/O   BLOCK I/O        PIDS
d1e3cb922c17   x265_1    0.00%     1.365GiB / 96GiB    1.42%     0B / 0B   1.7GB / 1.95MB   1
d6f6575247be   x265      0.00%     2.302GiB / 96GiB    2.40%     0B / 0B   2.7GB / 3.67MB   1
2025-02-17 04:51:52.064821
CONTAINER ID   NAME      CPU %     MEM USAGE / LIMIT   MEM %     NET I/O   BLOCK I/O   PIDS
