2025-02-17 05:59:51.850977
CONTAINER ID   NAME      CPU %     MEM USAGE / LIMIT   MEM %     NET I/O   BLOCK I/O   PIDS
2025-02-17 05:59:52.472637
CONTAINER ID   NAME      CPU %     MEM USAGE / LIMIT   MEM %     NET I/O   BLOCK I/O   PIDS
2025-02-17 05:59:53.088699
CONTAINER ID   NAME      CPU %     MEM USAGE / LIMIT   MEM %     NET I/O   BLOCK I/O   PIDS
2025-02-17 05:59:53.708437
CONTAINER ID   NAME      CPU %     MEM USAGE / LIMIT   MEM %     NET I/O   BLOCK I/O   PIDS
2025-02-17 05:59:54.328697
CONTAINER ID   NAME      CPU %     MEM USAGE / LIMIT   MEM %     NET I/O   BLOCK I/O   PIDS
2025-02-17 05:59:54.947979
CONTAINER ID   NAME      CPU %     MEM USAGE / LIMIT   MEM %     NET I/O   BLOCK I/O   PIDS
2025-02-17 05:59:55.564447
CONTAINER ID   NAME      CPU %     MEM USAGE / LIMIT   MEM %     NET I/O   BLOCK I/O   PIDS
2025-02-17 05:59:56.181614
CONTAINER ID   NAME      CPU %     MEM USAGE / LIMIT   MEM %     NET I/O   BLOCK I/O   PIDS
2025-02-17 05:59:56.798953
CONTAINER ID   NAME      CPU %     MEM USAGE / LIMIT   MEM %     NET I/O   BLOCK I/O   PIDS
2025-02-17 05:59:57.415602
CONTAINER ID   NAME      CPU %     MEM USAGE / LIMIT   MEM %     NET I/O   BLOCK I/O   PIDS
2025-02-17 05:59:58.034620
CONTAINER ID   NAME      CPU %     MEM USAGE / LIMIT   MEM %     NET I/O   BLOCK I/O   PIDS
2025-02-17 05:59:58.652137
CONTAINER ID   NAME      CPU %     MEM USAGE / LIMIT   MEM %     NET I/O   BLOCK I/O   PIDS
2025-02-17 05:59:59.271968
CONTAINER ID   NAME      CPU %     MEM USAGE / LIMIT   MEM %     NET I/O   BLOCK I/O   PIDS
2025-02-17 05:59:59.891037
CONTAINER ID   NAME      CPU %     MEM USAGE / LIMIT   MEM %     NET I/O   BLOCK I/O   PIDS
2025-02-17 06:00:00.507634
CONTAINER ID   NAME      CPU %     MEM USAGE / LIMIT   MEM %     NET I/O   BLOCK I/O   PIDS
2025-02-17 06:00:01.126327
CONTAINER ID   NAME      CPU %     MEM USAGE / LIMIT   MEM %     NET I/O   BLOCK I/O   PIDS
2025-02-17 06:00:01.743924
CONTAINER ID   NAME      CPU %     MEM USAGE / LIMIT   MEM %     NET I/O   BLOCK I/O   PIDS
2025-02-17 06:00:02.363246
CONTAINER ID   NAME      CPU %     MEM USAGE / LIMIT   MEM %     NET I/O   BLOCK I/O   PIDS
2025-02-17 06:00:02.979608
CONTAINER ID   NAME      CPU %     MEM USAGE / LIMIT   MEM %     NET I/O   BLOCK I/O   PIDS
2025-02-17 06:00:03.596257
CONTAINER ID   NAME      CPU %     MEM USAGE / LIMIT   MEM %     NET I/O   BLOCK I/O   PIDS
2025-02-17 06:00:04.212800
CONTAINER ID   NAME      CPU %     MEM USAGE / LIMIT   MEM %     NET I/O   BLOCK I/O   PIDS
2025-02-17 06:00:04.830754
CONTAINER ID   NAME      CPU %     MEM USAGE / LIMIT   MEM %     NET I/O   BLOCK I/O   PIDS
2025-02-17 06:00:05.448336
CONTAINER ID   NAME      CPU %     MEM USAGE / LIMIT   MEM %     NET I/O   BLOCK I/O   PIDS
2025-02-17 06:00:06.066597
CONTAINER ID   NAME      CPU %     MEM USAGE / LIMIT   MEM %     NET I/O   BLOCK I/O   PIDS
2025-02-17 06:00:06.682880
CONTAINER ID   NAME      CPU %     MEM USAGE / LIMIT   MEM %     NET I/O   BLOCK I/O   PIDS
2025-02-17 06:00:07.302140
CONTAINER ID   NAME      CPU %     MEM USAGE / LIMIT   MEM %     NET I/O   BLOCK I/O   PIDS
2025-02-17 06:00:07.919637
CONTAINER ID   NAME      CPU %     MEM USAGE / LIMIT   MEM %     NET I/O   BLOCK I/O   PIDS
2025-02-17 06:00:08.535879
CONTAINER ID   NAME      CPU %     MEM USAGE / LIMIT   MEM %     NET I/O   BLOCK I/O   PIDS
2025-02-17 06:00:09.157290
CONTAINER ID   NAME      CPU %     MEM USAGE / LIMIT   MEM %     NET I/O   BLOCK I/O   PIDS
2025-02-17 06:00:09.776879
CONTAINER ID   NAME      CPU %     MEM USAGE / LIMIT   MEM %     NET I/O   BLOCK I/O   PIDS
2025-02-17 06:00:10.395203
CONTAINER ID   NAME      CPU %     MEM USAGE / LIMIT   MEM %     NET I/O   BLOCK I/O   PIDS
2025-02-17 06:00:11.011986
CONTAINER ID   NAME      CPU %     MEM USAGE / LIMIT   MEM %     NET I/O   BLOCK I/O   PIDS
2025-02-17 06:00:11.628302
CONTAINER ID   NAME      CPU %     MEM USAGE / LIMIT   MEM %     NET I/O   BLOCK I/O   PIDS
               --        0.00%     0B / 0B             0.00%     0B / 0B   0B / 0B     0
               --        0.00%     0B / 0B             0.00%     0B / 0B   0B / 0B     0
2025-02-17 06:00:12.248608
CONTAINER ID   NAME               CPU %      MEM USAGE / LIMIT   MEM %     NET I/O   BLOCK I/O    PIDS
1fa8a3c44c9e   pbbs_suffixArray   4912.80%   14.88GiB / 96GiB    15.50%    0B / 0B   668kB / 0B   52
81a0614b3b6f   x265               3235.01%   2.205GiB / 96GiB    2.30%     0B / 0B   0B / 0B      117
2025-02-17 06:00:14.601805
CONTAINER ID   NAME               CPU %      MEM USAGE / LIMIT   MEM %     NET I/O   BLOCK I/O    PIDS
1fa8a3c44c9e   pbbs_suffixArray   4946.07%   19.11GiB / 96GiB    19.90%    0B / 0B   668kB / 0B   52
81a0614b3b6f   x265               3883.22%   2.885GiB / 96GiB    3.01%     0B / 0B   0B / 0B      117
2025-02-17 06:00:16.618057
CONTAINER ID   NAME               CPU %      MEM USAGE / LIMIT   MEM %     NET I/O   BLOCK I/O    PIDS
1fa8a3c44c9e   pbbs_suffixArray   1806.54%   24.06GiB / 96GiB    25.06%    0B / 0B   668kB / 0B   52
81a0614b3b6f   x265               3606.76%   2.886GiB / 96GiB    3.01%     0B / 0B   0B / 0B      117
2025-02-17 06:00:18.629033
CONTAINER ID   NAME               CPU %      MEM USAGE / LIMIT   MEM %     NET I/O   BLOCK I/O    PIDS
1fa8a3c44c9e   pbbs_suffixArray   2187.36%   23.17GiB / 96GiB    24.13%    0B / 0B   676kB / 0B   52
81a0614b3b6f   x265               4173.42%   2.887GiB / 96GiB    3.01%     0B / 0B   0B / 0B      117
2025-02-17 06:00:20.644161
CONTAINER ID   NAME               CPU %      MEM USAGE / LIMIT   MEM %     NET I/O   BLOCK I/O    PIDS
1fa8a3c44c9e   pbbs_suffixArray   4955.70%   23.8GiB / 96GiB     24.79%    0B / 0B   676kB / 0B   52
81a0614b3b6f   x265               3433.46%   2.887GiB / 96GiB    3.01%     0B / 0B   0B / 0B      117
2025-02-17 06:00:22.658748
CONTAINER ID   NAME               CPU %      MEM USAGE / LIMIT   MEM %     NET I/O   BLOCK I/O    PIDS
1fa8a3c44c9e   pbbs_suffixArray   3651.75%   21.77GiB / 96GiB    22.67%    0B / 0B   676kB / 0B   52
81a0614b3b6f   x265               4089.41%   2.888GiB / 96GiB    3.01%     0B / 0B   0B / 0B      117
2025-02-17 06:00:24.671289
CONTAINER ID   NAME               CPU %      MEM USAGE / LIMIT   MEM %     NET I/O   BLOCK I/O    PIDS
1fa8a3c44c9e   pbbs_suffixArray   5016.93%   34.98GiB / 96GiB    36.44%    0B / 0B   676kB / 0B   52
81a0614b3b6f   x265               3637.90%   2.888GiB / 96GiB    3.01%     0B / 0B   0B / 0B      117
2025-02-17 06:00:26.684943
CONTAINER ID   NAME               CPU %      MEM USAGE / LIMIT   MEM %     NET I/O   BLOCK I/O    PIDS
1fa8a3c44c9e   pbbs_suffixArray   4979.58%   39.75GiB / 96GiB    41.40%    0B / 0B   676kB / 0B   52
81a0614b3b6f   x265               3780.45%   2.888GiB / 96GiB    3.01%     0B / 0B   0B / 0B      117
2025-02-17 06:00:28.698135
CONTAINER ID   NAME               CPU %      MEM USAGE / LIMIT   MEM %     NET I/O   BLOCK I/O    PIDS
1fa8a3c44c9e   pbbs_suffixArray   558.65%    29.26GiB / 96GiB    30.48%    0B / 0B   676kB / 0B   52
81a0614b3b6f   x265               4333.40%   2.888GiB / 96GiB    3.01%     0B / 0B   0B / 0B      117
2025-02-17 06:00:30.709928
CONTAINER ID   NAME               CPU %      MEM USAGE / LIMIT   MEM %     NET I/O   BLOCK I/O    PIDS
1fa8a3c44c9e   pbbs_suffixArray   1868.10%   24.95GiB / 96GiB    25.99%    0B / 0B   676kB / 0B   52
81a0614b3b6f   x265               4214.09%   2.915GiB / 96GiB    3.04%     0B / 0B   0B / 0B      117
2025-02-17 06:00:32.729121
CONTAINER ID   NAME               CPU %      MEM USAGE / LIMIT   MEM %     NET I/O   BLOCK I/O    PIDS
1fa8a3c44c9e   pbbs_suffixArray   4818.82%   34.03GiB / 96GiB    35.44%    0B / 0B   676kB / 0B   52
81a0614b3b6f   x265               3786.13%   2.914GiB / 96GiB    3.04%     0B / 0B   0B / 0B      117
2025-02-17 06:00:34.736964
CONTAINER ID   NAME               CPU %      MEM USAGE / LIMIT   MEM %     NET I/O   BLOCK I/O    PIDS
1fa8a3c44c9e   pbbs_suffixArray   4821.13%   41.06GiB / 96GiB    42.77%    0B / 0B   676kB / 0B   52
81a0614b3b6f   x265               3841.77%   2.921GiB / 96GiB    3.04%     0B / 0B   0B / 0B      117
2025-02-17 06:00:36.747468
CONTAINER ID   NAME               CPU %      MEM USAGE / LIMIT   MEM %     NET I/O   BLOCK I/O    PIDS
1fa8a3c44c9e   pbbs_suffixArray   1501.51%   33.49GiB / 96GiB    34.88%    0B / 0B   676kB / 0B   52
81a0614b3b6f   x265               4302.12%   2.92GiB / 96GiB     3.04%     0B / 0B   0B / 0B      117
2025-02-17 06:00:38.763993
CONTAINER ID   NAME               CPU %      MEM USAGE / LIMIT   MEM %     NET I/O   BLOCK I/O    PIDS
1fa8a3c44c9e   pbbs_suffixArray   4964.76%   31.37GiB / 96GiB    32.67%    0B / 0B   676kB / 0B   52
81a0614b3b6f   x265               3551.03%   2.919GiB / 96GiB    3.04%     0B / 0B   0B / 0B      117
2025-02-17 06:00:40.778649
CONTAINER ID   NAME               CPU %      MEM USAGE / LIMIT   MEM %     NET I/O   BLOCK I/O    PIDS
1fa8a3c44c9e   pbbs_suffixArray   4955.47%   32.14GiB / 96GiB    33.48%    0B / 0B   676kB / 0B   52
81a0614b3b6f   x265               3710.62%   2.92GiB / 96GiB     3.04%     0B / 0B   0B / 0B      117
2025-02-17 06:00:42.788948
CONTAINER ID   NAME               CPU %      MEM USAGE / LIMIT   MEM %     NET I/O   BLOCK I/O    PIDS
1fa8a3c44c9e   pbbs_suffixArray   4983.94%   36.58GiB / 96GiB    38.11%    0B / 0B   676kB / 0B   52
81a0614b3b6f   x265               3556.26%   2.925GiB / 96GiB    3.05%     0B / 0B   0B / 0B      117
2025-02-17 06:00:44.804753
CONTAINER ID   NAME               CPU %      MEM USAGE / LIMIT   MEM %     NET I/O   BLOCK I/O    PIDS
1fa8a3c44c9e   pbbs_suffixArray   4951.53%   37.83GiB / 96GiB    39.41%    0B / 0B   676kB / 0B   52
81a0614b3b6f   x265               3703.41%   2.924GiB / 96GiB    3.05%     0B / 0B   0B / 0B      117
2025-02-17 06:00:46.821704
CONTAINER ID   NAME               CPU %      MEM USAGE / LIMIT   MEM %     NET I/O   BLOCK I/O    PIDS
1fa8a3c44c9e   pbbs_suffixArray   4966.37%   40.07GiB / 96GiB    41.74%    0B / 0B   676kB / 0B   52
81a0614b3b6f   x265               3667.71%   2.924GiB / 96GiB    3.05%     0B / 0B   0B / 0B      117
2025-02-17 06:00:48.833531
CONTAINER ID   NAME               CPU %      MEM USAGE / LIMIT   MEM %     NET I/O   BLOCK I/O    PIDS
1fa8a3c44c9e   pbbs_suffixArray   104.20%    33GiB / 96GiB       34.37%    0B / 0B   676kB / 0B   52
81a0614b3b6f   x265               4342.85%   2.925GiB / 96GiB    3.05%     0B / 0B   0B / 0B      117
2025-02-17 06:00:50.840799
CONTAINER ID   NAME               CPU %      MEM USAGE / LIMIT   MEM %     NET I/O   BLOCK I/O    PIDS
1fa8a3c44c9e   pbbs_suffixArray   4969.22%   38.82GiB / 96GiB    40.44%    0B / 0B   676kB / 0B   52
81a0614b3b6f   x265               3859.89%   2.925GiB / 96GiB    3.05%     0B / 0B   0B / 0B      117
2025-02-17 06:00:52.857618
CONTAINER ID   NAME               CPU %      MEM USAGE / LIMIT   MEM %     NET I/O   BLOCK I/O    PIDS
1fa8a3c44c9e   pbbs_suffixArray   2615.18%   43.96GiB / 96GiB    45.80%    0B / 0B   676kB / 0B   52
81a0614b3b6f   x265               4024.98%   2.924GiB / 96GiB    3.05%     0B / 0B   0B / 0B      117
2025-02-17 06:00:54.870950
CONTAINER ID   NAME               CPU %      MEM USAGE / LIMIT   MEM %     NET I/O   BLOCK I/O    PIDS
1fa8a3c44c9e   pbbs_suffixArray   4986.06%   40.32GiB / 96GiB    42.00%    0B / 0B   676kB / 0B   52
81a0614b3b6f   x265               3658.05%   2.925GiB / 96GiB    3.05%     0B / 0B   0B / 0B      117
2025-02-17 06:00:56.883897
CONTAINER ID   NAME               CPU %      MEM USAGE / LIMIT   MEM %     NET I/O   BLOCK I/O    PIDS
1fa8a3c44c9e   pbbs_suffixArray   5021.39%   42.36GiB / 96GiB    44.13%    0B / 0B   676kB / 0B   52
81a0614b3b6f   x265               3568.76%   2.924GiB / 96GiB    3.05%     0B / 0B   0B / 0B      117
2025-02-17 06:00:58.895758
CONTAINER ID   NAME               CPU %      MEM USAGE / LIMIT   MEM %     NET I/O   BLOCK I/O    PIDS
1fa8a3c44c9e   pbbs_suffixArray   4942.52%   44.39GiB / 96GiB    46.23%    0B / 0B   676kB / 0B   52
81a0614b3b6f   x265               3506.70%   2.924GiB / 96GiB    3.05%     0B / 0B   0B / 0B      117
2025-02-17 06:01:00.907002
CONTAINER ID   NAME               CPU %      MEM USAGE / LIMIT   MEM %     NET I/O   BLOCK I/O    PIDS
1fa8a3c44c9e   pbbs_suffixArray   582.28%    40.06GiB / 96GiB    41.73%    0B / 0B   676kB / 0B   52
81a0614b3b6f   x265               4934.15%   2.937GiB / 96GiB    3.06%     0B / 0B   0B / 0B      117
2025-02-17 06:01:02.914158
CONTAINER ID   NAME               CPU %      MEM USAGE / LIMIT   MEM %     NET I/O   BLOCK I/O    PIDS
1fa8a3c44c9e   pbbs_suffixArray   41.15%     27.74GiB / 96GiB    28.89%    0B / 0B   676kB / 0B   52
81a0614b3b6f   x265               4211.41%   2.959GiB / 96GiB    3.08%     0B / 0B   0B / 0B      117
2025-02-17 06:01:04.924163
CONTAINER ID   NAME               CPU %      MEM USAGE / LIMIT   MEM %     NET I/O   BLOCK I/O    PIDS
1fa8a3c44c9e   pbbs_suffixArray   0.05%      27.73GiB / 96GiB    28.89%    0B / 0B   676kB / 0B   52
81a0614b3b6f   x265               4503.88%   2.979GiB / 96GiB    3.10%     0B / 0B   0B / 0B      117
2025-02-17 06:01:06.933322
CONTAINER ID   NAME               CPU %      MEM USAGE / LIMIT   MEM %     NET I/O   BLOCK I/O    PIDS
1fa8a3c44c9e   pbbs_suffixArray   0.05%      27.73GiB / 96GiB    28.89%    0B / 0B   676kB / 0B   52
81a0614b3b6f   x265               4606.85%   2.979GiB / 96GiB    3.10%     0B / 0B   0B / 0B      115
2025-02-17 06:01:08.940163
CONTAINER ID   NAME               CPU %      MEM USAGE / LIMIT   MEM %     NET I/O   BLOCK I/O    PIDS
1fa8a3c44c9e   pbbs_suffixArray   0.06%      27.73GiB / 96GiB    28.89%    0B / 0B   676kB / 0B   52
81a0614b3b6f   x265               4008.16%   2.979GiB / 96GiB    3.10%     0B / 0B   0B / 0B      115
2025-02-17 06:01:10.950035
CONTAINER ID   NAME               CPU %      MEM USAGE / LIMIT   MEM %     NET I/O   BLOCK I/O    PIDS
1fa8a3c44c9e   pbbs_suffixArray   0.08%      27.73GiB / 96GiB    28.89%    0B / 0B   676kB / 0B   52
81a0614b3b6f   x265               3264.99%   1.764GiB / 96GiB    1.84%     0B / 0B   0B / 647kB   117
2025-02-17 06:01:12.964185
CONTAINER ID   NAME               CPU %      MEM USAGE / LIMIT   MEM %     NET I/O   BLOCK I/O    PIDS
1fa8a3c44c9e   pbbs_suffixArray   0.06%      27.73GiB / 96GiB    28.89%    0B / 0B   676kB / 0B   52
81a0614b3b6f   x265               4721.51%   2.877GiB / 96GiB    3.00%     0B / 0B   0B / 647kB   117
2025-02-17 06:01:14.971670
CONTAINER ID   NAME               CPU %      MEM USAGE / LIMIT   MEM %     NET I/O   BLOCK I/O    PIDS
1fa8a3c44c9e   pbbs_suffixArray   0.06%      27.73GiB / 96GiB    28.89%    0B / 0B   676kB / 0B   52
81a0614b3b6f   x265               4570.01%   2.888GiB / 96GiB    3.01%     0B / 0B   0B / 647kB   117
2025-02-17 06:01:16.981680
CONTAINER ID   NAME               CPU %      MEM USAGE / LIMIT   MEM %     NET I/O   BLOCK I/O    PIDS
1fa8a3c44c9e   pbbs_suffixArray   0.07%      27.73GiB / 96GiB    28.89%    0B / 0B   676kB / 0B   52
81a0614b3b6f   x265               4568.07%   2.889GiB / 96GiB    3.01%     0B / 0B   0B / 647kB   117
2025-02-17 06:01:18.991597
CONTAINER ID   NAME               CPU %      MEM USAGE / LIMIT   MEM %     NET I/O   BLOCK I/O    PIDS
1fa8a3c44c9e   pbbs_suffixArray   0.06%      27.73GiB / 96GiB    28.89%    0B / 0B   676kB / 0B   52
81a0614b3b6f   x265               4728.63%   2.889GiB / 96GiB    3.01%     0B / 0B   0B / 647kB   117
2025-02-17 06:01:21.002967
CONTAINER ID   NAME               CPU %      MEM USAGE / LIMIT   MEM %     NET I/O   BLOCK I/O    PIDS
1fa8a3c44c9e   pbbs_suffixArray   0.07%      27.73GiB / 96GiB    28.89%    0B / 0B   676kB / 0B   52
81a0614b3b6f   x265               4756.09%   2.889GiB / 96GiB    3.01%     0B / 0B   0B / 647kB   117
2025-02-17 06:01:23.012736
CONTAINER ID   NAME               CPU %      MEM USAGE / LIMIT   MEM %     NET I/O   BLOCK I/O    PIDS
1fa8a3c44c9e   pbbs_suffixArray   0.01%      27.73GiB / 96GiB    28.89%    0B / 0B   676kB / 0B   52
81a0614b3b6f   x265               4558.09%   2.889GiB / 96GiB    3.01%     0B / 0B   0B / 647kB   117
2025-02-17 06:01:25.022048
CONTAINER ID   NAME               CPU %      MEM USAGE / LIMIT   MEM %     NET I/O   BLOCK I/O    PIDS
1fa8a3c44c9e   pbbs_suffixArray   0.00%      27.73GiB / 96GiB    28.89%    0B / 0B   676kB / 0B   52
81a0614b3b6f   x265               4718.27%   2.889GiB / 96GiB    3.01%     0B / 0B   0B / 647kB   117
2025-02-17 06:01:27.031331
CONTAINER ID   NAME               CPU %      MEM USAGE / LIMIT   MEM %     NET I/O   BLOCK I/O    PIDS
1fa8a3c44c9e   pbbs_suffixArray   0.00%      27.73GiB / 96GiB    28.89%    0B / 0B   676kB / 0B   52
81a0614b3b6f   x265               4610.16%   2.916GiB / 96GiB    3.04%     0B / 0B   0B / 647kB   117
2025-02-17 06:01:29.041026
CONTAINER ID   NAME               CPU %      MEM USAGE / LIMIT   MEM %     NET I/O   BLOCK I/O    PIDS
1fa8a3c44c9e   pbbs_suffixArray   0.00%      27.73GiB / 96GiB    28.89%    0B / 0B   676kB / 0B   52
81a0614b3b6f   x265               4594.45%   2.922GiB / 96GiB    3.04%     0B / 0B   0B / 647kB   117
2025-02-17 06:01:31.049040
CONTAINER ID   NAME               CPU %      MEM USAGE / LIMIT   MEM %     NET I/O   BLOCK I/O    PIDS
1fa8a3c44c9e   pbbs_suffixArray   0.00%      27.73GiB / 96GiB    28.89%    0B / 0B   676kB / 0B   52
81a0614b3b6f   x265               4438.55%   2.921GiB / 96GiB    3.04%     0B / 0B   0B / 647kB   117
2025-02-17 06:01:33.060723
CONTAINER ID   NAME               CPU %      MEM USAGE / LIMIT   MEM %     NET I/O   BLOCK I/O    PIDS
1fa8a3c44c9e   pbbs_suffixArray   0.00%      27.73GiB / 96GiB    28.89%    0B / 0B   676kB / 0B   52
81a0614b3b6f   x265               4607.77%   2.92GiB / 96GiB     3.04%     0B / 0B   0B / 647kB   117
2025-02-17 06:01:35.071432
CONTAINER ID   NAME               CPU %      MEM USAGE / LIMIT   MEM %     NET I/O   BLOCK I/O    PIDS
1fa8a3c44c9e   pbbs_suffixArray   0.00%      27.73GiB / 96GiB    28.89%    0B / 0B   676kB / 0B   52
81a0614b3b6f   x265               4783.22%   2.92GiB / 96GiB     3.04%     0B / 0B   0B / 647kB   117
2025-02-17 06:01:37.081028
CONTAINER ID   NAME               CPU %      MEM USAGE / LIMIT   MEM %     NET I/O   BLOCK I/O    PIDS
1fa8a3c44c9e   pbbs_suffixArray   0.00%      27.73GiB / 96GiB    28.89%    0B / 0B   676kB / 0B   52
81a0614b3b6f   x265               4630.96%   2.928GiB / 96GiB    3.05%     0B / 0B   0B / 647kB   117
2025-02-17 06:01:39.091092
CONTAINER ID   NAME               CPU %      MEM USAGE / LIMIT   MEM %     NET I/O   BLOCK I/O    PIDS
1fa8a3c44c9e   pbbs_suffixArray   0.00%      27.73GiB / 96GiB    28.89%    0B / 0B   676kB / 0B   52
81a0614b3b6f   x265               4658.90%   2.928GiB / 96GiB    3.05%     0B / 0B   0B / 647kB   117
2025-02-17 06:01:41.099603
CONTAINER ID   NAME               CPU %      MEM USAGE / LIMIT   MEM %     NET I/O   BLOCK I/O    PIDS
1fa8a3c44c9e   pbbs_suffixArray   0.00%      27.73GiB / 96GiB    28.89%    0B / 0B   676kB / 0B   52
81a0614b3b6f   x265               4584.91%   2.928GiB / 96GiB    3.05%     0B / 0B   0B / 647kB   117
2025-02-17 06:01:43.109507
CONTAINER ID   NAME               CPU %      MEM USAGE / LIMIT   MEM %     NET I/O   BLOCK I/O    PIDS
1fa8a3c44c9e   pbbs_suffixArray   0.00%      27.73GiB / 96GiB    28.89%    0B / 0B   676kB / 0B   52
81a0614b3b6f   x265               4292.92%   2.927GiB / 96GiB    3.05%     0B / 0B   0B / 647kB   117
2025-02-17 06:01:45.119002
CONTAINER ID   NAME               CPU %      MEM USAGE / LIMIT   MEM %     NET I/O   BLOCK I/O    PIDS
1fa8a3c44c9e   pbbs_suffixArray   0.00%      27.73GiB / 96GiB    28.89%    0B / 0B   676kB / 0B   52
81a0614b3b6f   x265               4500.85%   2.927GiB / 96GiB    3.05%     0B / 0B   0B / 647kB   117
2025-02-17 06:01:47.130188
CONTAINER ID   NAME               CPU %      MEM USAGE / LIMIT   MEM %     NET I/O   BLOCK I/O    PIDS
1fa8a3c44c9e   pbbs_suffixArray   0.00%      27.73GiB / 96GiB    28.89%    0B / 0B   676kB / 0B   52
81a0614b3b6f   x265               4539.70%   2.928GiB / 96GiB    3.05%     0B / 0B   0B / 647kB   117
2025-02-17 06:01:49.139536
CONTAINER ID   NAME               CPU %      MEM USAGE / LIMIT   MEM %     NET I/O   BLOCK I/O    PIDS
1fa8a3c44c9e   pbbs_suffixArray   0.00%      27.73GiB / 96GiB    28.89%    0B / 0B   676kB / 0B   52
81a0614b3b6f   x265               4702.17%   2.943GiB / 96GiB    3.07%     0B / 0B   0B / 647kB   117
2025-02-17 06:01:51.148689
CONTAINER ID   NAME               CPU %      MEM USAGE / LIMIT   MEM %     NET I/O   BLOCK I/O    PIDS
1fa8a3c44c9e   pbbs_suffixArray   0.00%      27.73GiB / 96GiB    28.89%    0B / 0B   676kB / 0B   52
81a0614b3b6f   x265               3754.90%   2.952GiB / 96GiB    3.07%     0B / 0B   0B / 647kB   117
2025-02-17 06:01:53.156888
CONTAINER ID   NAME               CPU %      MEM USAGE / LIMIT   MEM %     NET I/O   BLOCK I/O    PIDS
1fa8a3c44c9e   pbbs_suffixArray   0.00%      27.73GiB / 96GiB    28.89%    0B / 0B   676kB / 0B   52
81a0614b3b6f   x265               4733.54%   2.978GiB / 96GiB    3.10%     0B / 0B   0B / 647kB   117
2025-02-17 06:01:55.166750
CONTAINER ID   NAME               CPU %      MEM USAGE / LIMIT   MEM %     NET I/O   BLOCK I/O    PIDS
1fa8a3c44c9e   pbbs_suffixArray   0.00%      27.73GiB / 96GiB    28.89%    0B / 0B   676kB / 0B   52
81a0614b3b6f   x265               4466.25%   2.978GiB / 96GiB    3.10%     0B / 0B   0B / 647kB   115
2025-02-17 06:01:57.177442
CONTAINER ID   NAME               CPU %      MEM USAGE / LIMIT   MEM %     NET I/O   BLOCK I/O    PIDS
1fa8a3c44c9e   pbbs_suffixArray   0.00%      27.73GiB / 96GiB    28.89%    0B / 0B   676kB / 0B   52
81a0614b3b6f   x265               3998.25%   2.979GiB / 96GiB    3.10%     0B / 0B   0B / 647kB   115
2025-02-17 06:01:59.185511
CONTAINER ID   NAME               CPU %     MEM USAGE / LIMIT   MEM %     NET I/O   BLOCK I/O    PIDS
1fa8a3c44c9e   pbbs_suffixArray   0.00%     27.73GiB / 96GiB    28.89%    0B / 0B   676kB / 0B   52
81a0614b3b6f   x265               23.86%    3.895MiB / 96GiB    0.00%     0B / 0B   0B / 651kB   1
2025-02-17 06:02:01.198416
CONTAINER ID   NAME               CPU %     MEM USAGE / LIMIT   MEM %     NET I/O   BLOCK I/O    PIDS
1fa8a3c44c9e   pbbs_suffixArray   0.00%     27.73GiB / 96GiB    28.89%    0B / 0B   676kB / 0B   52
81a0614b3b6f   x265               0.00%     3.523MiB / 96GiB    0.00%     0B / 0B   0B / 651kB   1
2025-02-17 06:02:03.208266
CONTAINER ID   NAME               CPU %     MEM USAGE / LIMIT   MEM %     NET I/O   BLOCK I/O    PIDS
1fa8a3c44c9e   pbbs_suffixArray   0.00%     27.73GiB / 96GiB    28.89%    0B / 0B   676kB / 0B   52
81a0614b3b6f   x265               0.00%     3.297MiB / 96GiB    0.00%     0B / 0B   0B / 651kB   1
2025-02-17 06:02:05.215786
CONTAINER ID   NAME               CPU %     MEM USAGE / LIMIT   MEM %     NET I/O   BLOCK I/O    PIDS
1fa8a3c44c9e   pbbs_suffixArray   0.00%     27.73GiB / 96GiB    28.89%    0B / 0B   676kB / 0B   52
81a0614b3b6f   x265               0.00%     3.25MiB / 96GiB     0.00%     0B / 0B   0B / 651kB   1
2025-02-17 06:02:07.226157
CONTAINER ID   NAME               CPU %     MEM USAGE / LIMIT   MEM %     NET I/O   BLOCK I/O    PIDS
1fa8a3c44c9e   pbbs_suffixArray   0.00%     27.73GiB / 96GiB    28.89%    0B / 0B   676kB / 0B   52
81a0614b3b6f   x265               0.00%     3.133MiB / 96GiB    0.00%     0B / 0B   0B / 651kB   1
2025-02-17 06:02:09.234002
CONTAINER ID   NAME               CPU %     MEM USAGE / LIMIT   MEM %     NET I/O   BLOCK I/O    PIDS
1fa8a3c44c9e   pbbs_suffixArray   0.00%     27.73GiB / 96GiB    28.89%    0B / 0B   676kB / 0B   52
81a0614b3b6f   x265               0.00%     3.133MiB / 96GiB    0.00%     0B / 0B   0B / 651kB   1
2025-02-17 06:02:11.243458
CONTAINER ID   NAME               CPU %     MEM USAGE / LIMIT   MEM %     NET I/O   BLOCK I/O    PIDS
1fa8a3c44c9e   pbbs_suffixArray   0.00%     27.73GiB / 96GiB    28.89%    0B / 0B   676kB / 0B   52
81a0614b3b6f   x265               0.00%     3.039MiB / 96GiB    0.00%     0B / 0B   0B / 651kB   1
2025-02-17 06:02:13.252881
CONTAINER ID   NAME               CPU %     MEM USAGE / LIMIT   MEM %     NET I/O   BLOCK I/O    PIDS
1fa8a3c44c9e   pbbs_suffixArray   0.00%     27.73GiB / 96GiB    28.89%    0B / 0B   676kB / 0B   52
81a0614b3b6f   x265               0.00%     2.992MiB / 96GiB    0.00%     0B / 0B   0B / 651kB   1
2025-02-17 06:02:15.262647
CONTAINER ID   NAME               CPU %     MEM USAGE / LIMIT   MEM %     NET I/O   BLOCK I/O    PIDS
1fa8a3c44c9e   pbbs_suffixArray   0.00%     27.73GiB / 96GiB    28.89%    0B / 0B   676kB / 0B   52
81a0614b3b6f   x265               0.00%     2.992MiB / 96GiB    0.00%     0B / 0B   0B / 651kB   1
2025-02-17 06:02:17.271375
CONTAINER ID   NAME               CPU %     MEM USAGE / LIMIT   MEM %     NET I/O   BLOCK I/O    PIDS
1fa8a3c44c9e   pbbs_suffixArray   0.00%     27.73GiB / 96GiB    28.89%    0B / 0B   676kB / 0B   52
81a0614b3b6f   x265               0.00%     2.969MiB / 96GiB    0.00%     0B / 0B   0B / 651kB   1
2025-02-17 06:02:19.279318
CONTAINER ID   NAME               CPU %     MEM USAGE / LIMIT   MEM %     NET I/O   BLOCK I/O    PIDS
1fa8a3c44c9e   pbbs_suffixArray   0.00%     27.73GiB / 96GiB    28.89%    0B / 0B   676kB / 0B   52
81a0614b3b6f   x265               0.00%     2.969MiB / 96GiB    0.00%     0B / 0B   0B / 651kB   1
2025-02-17 06:02:21.290754
CONTAINER ID   NAME               CPU %     MEM USAGE / LIMIT   MEM %     NET I/O   BLOCK I/O    PIDS
1fa8a3c44c9e   pbbs_suffixArray   0.00%     27.73GiB / 96GiB    28.89%    0B / 0B   676kB / 0B   52
81a0614b3b6f   x265               0.00%     2.898MiB / 96GiB    0.00%     0B / 0B   0B / 651kB   1
2025-02-17 06:02:23.299194
CONTAINER ID   NAME               CPU %     MEM USAGE / LIMIT   MEM %     NET I/O   BLOCK I/O    PIDS
1fa8a3c44c9e   pbbs_suffixArray   0.00%     27.73GiB / 96GiB    28.89%    0B / 0B   676kB / 0B   52
81a0614b3b6f   x265               0.00%     2.898MiB / 96GiB    0.00%     0B / 0B   0B / 651kB   1
2025-02-17 06:02:25.309896
CONTAINER ID   NAME               CPU %     MEM USAGE / LIMIT   MEM %     NET I/O   BLOCK I/O    PIDS
1fa8a3c44c9e   pbbs_suffixArray   0.00%     27.73GiB / 96GiB    28.89%    0B / 0B   676kB / 0B   52
81a0614b3b6f   x265               0.00%     2.898MiB / 96GiB    0.00%     0B / 0B   0B / 651kB   1
2025-02-17 06:02:27.319574
CONTAINER ID   NAME               CPU %     MEM USAGE / LIMIT   MEM %     NET I/O   BLOCK I/O    PIDS
1fa8a3c44c9e   pbbs_suffixArray   0.00%     27.73GiB / 96GiB    28.89%    0B / 0B   676kB / 0B   52
81a0614b3b6f   x265               0.00%     2.898MiB / 96GiB    0.00%     0B / 0B   0B / 651kB   1
2025-02-17 06:02:29.329972
CONTAINER ID   NAME               CPU %     MEM USAGE / LIMIT   MEM %     NET I/O   BLOCK I/O    PIDS
1fa8a3c44c9e   pbbs_suffixArray   0.00%     27.73GiB / 96GiB    28.89%    0B / 0B   676kB / 0B   52
81a0614b3b6f   x265               0.00%     2.898MiB / 96GiB    0.00%     0B / 0B   0B / 651kB   1
2025-02-17 06:02:31.339737
CONTAINER ID   NAME               CPU %     MEM USAGE / LIMIT   MEM %     NET I/O   BLOCK I/O    PIDS
1fa8a3c44c9e   pbbs_suffixArray   0.00%     27.73GiB / 96GiB    28.89%    0B / 0B   676kB / 0B   52
81a0614b3b6f   x265               0.00%     2.898MiB / 96GiB    0.00%     0B / 0B   0B / 651kB   1
2025-02-17 06:02:33.348230
CONTAINER ID   NAME               CPU %     MEM USAGE / LIMIT   MEM %     NET I/O   BLOCK I/O    PIDS
1fa8a3c44c9e   pbbs_suffixArray   0.00%     27.73GiB / 96GiB    28.89%    0B / 0B   676kB / 0B   52
81a0614b3b6f   x265               0.00%     2.023MiB / 96GiB    0.00%     0B / 0B   0B / 651kB   1
2025-02-17 06:02:35.364871
CONTAINER ID   NAME               CPU %     MEM USAGE / LIMIT   MEM %     NET I/O   BLOCK I/O    PIDS
1fa8a3c44c9e   pbbs_suffixArray   0.00%     27.73GiB / 96GiB    28.89%    0B / 0B   676kB / 0B   52
81a0614b3b6f   x265               0.00%     1.852MiB / 96GiB    0.00%     0B / 0B   0B / 651kB   1
2025-02-17 06:02:37.375675
CONTAINER ID   NAME               CPU %     MEM USAGE / LIMIT   MEM %     NET I/O   BLOCK I/O    PIDS
1fa8a3c44c9e   pbbs_suffixArray   0.00%     27.73GiB / 96GiB    28.89%    0B / 0B   676kB / 0B   52
81a0614b3b6f   x265               0.00%     1.852MiB / 96GiB    0.00%     0B / 0B   0B / 651kB   1
2025-02-17 06:02:39.386033
CONTAINER ID   NAME               CPU %     MEM USAGE / LIMIT   MEM %     NET I/O   BLOCK I/O    PIDS
1fa8a3c44c9e   pbbs_suffixArray   0.00%     27.73GiB / 96GiB    28.89%    0B / 0B   676kB / 0B   52
81a0614b3b6f   x265               0.00%     1.852MiB / 96GiB    0.00%     0B / 0B   0B / 651kB   1
2025-02-17 06:02:41.397377
CONTAINER ID   NAME               CPU %      MEM USAGE / LIMIT   MEM %     NET I/O   BLOCK I/O    PIDS
1fa8a3c44c9e   pbbs_suffixArray   3169.07%   27.25GiB / 96GiB    28.38%    0B / 0B   676kB / 0B   52
81a0614b3b6f   x265               2747.80%   1.824GiB / 96GiB    1.90%     0B / 0B   0B / 651kB   117
2025-02-17 06:02:43.405599
CONTAINER ID   NAME               CPU %      MEM USAGE / LIMIT   MEM %     NET I/O   BLOCK I/O    PIDS
1fa8a3c44c9e   pbbs_suffixArray   4870.96%   45.51GiB / 96GiB    47.40%    0B / 0B   676kB / 0B   52
81a0614b3b6f   x265               2564.78%   2.804GiB / 96GiB    2.92%     0B / 0B   0B / 651kB   117
2025-02-17 06:02:45.419207
CONTAINER ID   NAME               CPU %      MEM USAGE / LIMIT   MEM %     NET I/O   BLOCK I/O    PIDS
1fa8a3c44c9e   pbbs_suffixArray   1074.51%   39.48GiB / 96GiB    41.13%    0B / 0B   676kB / 0B   52
81a0614b3b6f   x265               4413.90%   2.885GiB / 96GiB    3.00%     0B / 0B   0B / 651kB   117
2025-02-17 06:02:47.428186
CONTAINER ID   NAME               CPU %      MEM USAGE / LIMIT   MEM %     NET I/O   BLOCK I/O    PIDS
1fa8a3c44c9e   pbbs_suffixArray   2829.65%   41.07GiB / 96GiB    42.78%    0B / 0B   676kB / 0B   52
81a0614b3b6f   x265               4133.88%   2.886GiB / 96GiB    3.01%     0B / 0B   0B / 651kB   117
2025-02-17 06:02:49.443473
CONTAINER ID   NAME               CPU %      MEM USAGE / LIMIT   MEM %     NET I/O   BLOCK I/O    PIDS
1fa8a3c44c9e   pbbs_suffixArray   1387.46%   34.04GiB / 96GiB    35.45%    0B / 0B   676kB / 0B   52
81a0614b3b6f   x265               4275.78%   2.887GiB / 96GiB    3.01%     0B / 0B   0B / 651kB   117
2025-02-17 06:02:51.450492
CONTAINER ID   NAME               CPU %      MEM USAGE / LIMIT   MEM %     NET I/O   BLOCK I/O    PIDS
1fa8a3c44c9e   pbbs_suffixArray   4854.82%   46.71GiB / 96GiB    48.65%    0B / 0B   676kB / 0B   52
81a0614b3b6f   x265               3653.08%   2.887GiB / 96GiB    3.01%     0B / 0B   0B / 651kB   117
2025-02-17 06:02:53.460456
CONTAINER ID   NAME               CPU %      MEM USAGE / LIMIT   MEM %     NET I/O   BLOCK I/O    PIDS
1fa8a3c44c9e   pbbs_suffixArray   4984.58%   55.87GiB / 96GiB    58.20%    0B / 0B   676kB / 0B   52
81a0614b3b6f   x265               3681.91%   2.888GiB / 96GiB    3.01%     0B / 0B   0B / 651kB   117
2025-02-17 06:02:55.472540
CONTAINER ID   NAME               CPU %      MEM USAGE / LIMIT   MEM %     NET I/O   BLOCK I/O    PIDS
1fa8a3c44c9e   pbbs_suffixArray   4121.00%   53.43GiB / 96GiB    55.65%    0B / 0B   676kB / 0B   52
81a0614b3b6f   x265               3858.96%   2.888GiB / 96GiB    3.01%     0B / 0B   0B / 651kB   117
2025-02-17 06:02:57.483128
CONTAINER ID   NAME               CPU %      MEM USAGE / LIMIT   MEM %     NET I/O   BLOCK I/O    PIDS
1fa8a3c44c9e   pbbs_suffixArray   104.38%    34.05GiB / 96GiB    35.47%    0B / 0B   676kB / 0B   52
81a0614b3b6f   x265               4667.70%   2.889GiB / 96GiB    3.01%     0B / 0B   0B / 651kB   117
2025-02-17 06:02:59.496799
CONTAINER ID   NAME               CPU %      MEM USAGE / LIMIT   MEM %     NET I/O   BLOCK I/O    PIDS
1fa8a3c44c9e   pbbs_suffixArray   4946.39%   39.47GiB / 96GiB    41.12%    0B / 0B   676kB / 0B   52
81a0614b3b6f   x265               3609.39%   2.908GiB / 96GiB    3.03%     0B / 0B   0B / 651kB   117
2025-02-17 06:03:01.511341
CONTAINER ID   NAME               CPU %      MEM USAGE / LIMIT   MEM %     NET I/O   BLOCK I/O    PIDS
1fa8a3c44c9e   pbbs_suffixArray   4971.06%   47.98GiB / 96GiB    49.98%    0B / 0B   676kB / 0B   52
81a0614b3b6f   x265               3660.20%   2.915GiB / 96GiB    3.04%     0B / 0B   0B / 651kB   117
2025-02-17 06:03:03.523125
CONTAINER ID   NAME               CPU %      MEM USAGE / LIMIT   MEM %     NET I/O   BLOCK I/O    PIDS
1fa8a3c44c9e   pbbs_suffixArray   848.17%    37.05GiB / 96GiB    38.59%    0B / 0B   676kB / 0B   52
81a0614b3b6f   x265               4094.67%   2.916GiB / 96GiB    3.04%     0B / 0B   0B / 651kB   117
2025-02-17 06:03:05.531964
CONTAINER ID   NAME               CPU %      MEM USAGE / LIMIT   MEM %     NET I/O   BLOCK I/O    PIDS
1fa8a3c44c9e   pbbs_suffixArray   4808.56%   32.2GiB / 96GiB     33.54%    0B / 0B   676kB / 0B   52
81a0614b3b6f   x265               3667.54%   2.921GiB / 96GiB    3.04%     0B / 0B   0B / 651kB   117
2025-02-17 06:03:07.545050
CONTAINER ID   NAME               CPU %      MEM USAGE / LIMIT   MEM %     NET I/O   BLOCK I/O    PIDS
1fa8a3c44c9e   pbbs_suffixArray   4953.48%   32.2GiB / 96GiB     33.54%    0B / 0B   676kB / 0B   52
81a0614b3b6f   x265               3768.19%   2.921GiB / 96GiB    3.04%     0B / 0B   0B / 651kB   117
2025-02-17 06:03:09.554672
CONTAINER ID   NAME               CPU %      MEM USAGE / LIMIT   MEM %     NET I/O   BLOCK I/O    PIDS
1fa8a3c44c9e   pbbs_suffixArray   4938.14%   36.64GiB / 96GiB    38.16%    0B / 0B   676kB / 0B   52
81a0614b3b6f   x265               3610.35%   2.92GiB / 96GiB     3.04%     0B / 0B   0B / 651kB   117
2025-02-17 06:03:11.571767
CONTAINER ID   NAME               CPU %      MEM USAGE / LIMIT   MEM %     NET I/O   BLOCK I/O    PIDS
1fa8a3c44c9e   pbbs_suffixArray   4965.02%   38.39GiB / 96GiB    39.99%    0B / 0B   676kB / 0B   52
81a0614b3b6f   x265               3623.73%   2.919GiB / 96GiB    3.04%     0B / 0B   0B / 651kB   117
2025-02-17 06:03:13.582769
CONTAINER ID   NAME               CPU %      MEM USAGE / LIMIT   MEM %     NET I/O   BLOCK I/O    PIDS
1fa8a3c44c9e   pbbs_suffixArray   4977.21%   40.59GiB / 96GiB    42.28%    0B / 0B   676kB / 0B   52
81a0614b3b6f   x265               3682.41%   2.922GiB / 96GiB    3.04%     0B / 0B   0B / 651kB   117
2025-02-17 06:03:15.596052
CONTAINER ID   NAME               CPU %      MEM USAGE / LIMIT   MEM %     NET I/O   BLOCK I/O    PIDS
1fa8a3c44c9e   pbbs_suffixArray   1381.08%   33.95GiB / 96GiB    35.36%    0B / 0B   676kB / 0B   52
81a0614b3b6f   x265               4163.66%   2.922GiB / 96GiB    3.04%     0B / 0B   0B / 651kB   117
2025-02-17 06:03:17.606860
CONTAINER ID   NAME               CPU %      MEM USAGE / LIMIT   MEM %     NET I/O   BLOCK I/O    PIDS
1fa8a3c44c9e   pbbs_suffixArray   4952.86%   39.35GiB / 96GiB    40.99%    0B / 0B   676kB / 0B   52
81a0614b3b6f   x265               3626.14%   2.922GiB / 96GiB    3.04%     0B / 0B   0B / 651kB   117
2025-02-17 06:03:19.620952
CONTAINER ID   NAME               CPU %      MEM USAGE / LIMIT   MEM %     NET I/O   BLOCK I/O    PIDS
1fa8a3c44c9e   pbbs_suffixArray   1178.54%   41.85GiB / 96GiB    43.60%    0B / 0B   676kB / 0B   52
81a0614b3b6f   x265               4433.58%   2.922GiB / 96GiB    3.04%     0B / 0B   0B / 651kB   117
2025-02-17 06:03:21.630872
CONTAINER ID   NAME               CPU %      MEM USAGE / LIMIT   MEM %     NET I/O   BLOCK I/O    PIDS
1fa8a3c44c9e   pbbs_suffixArray   4941.04%   40.68GiB / 96GiB    42.37%    0B / 0B   676kB / 0B   52
81a0614b3b6f   x265               3574.29%   2.923GiB / 96GiB    3.04%     0B / 0B   0B / 651kB   117
2025-02-17 06:03:23.642670
CONTAINER ID   NAME               CPU %      MEM USAGE / LIMIT   MEM %     NET I/O   BLOCK I/O    PIDS
1fa8a3c44c9e   pbbs_suffixArray   4979.54%   42.73GiB / 96GiB    44.51%    0B / 0B   676kB / 0B   52
81a0614b3b6f   x265               3649.28%   2.922GiB / 96GiB    3.04%     0B / 0B   0B / 651kB   117
2025-02-17 06:03:25.656983
CONTAINER ID   NAME               CPU %      MEM USAGE / LIMIT   MEM %     NET I/O   BLOCK I/O    PIDS
1fa8a3c44c9e   pbbs_suffixArray   4949.14%   44.8GiB / 96GiB     46.66%    0B / 0B   676kB / 0B   52
81a0614b3b6f   x265               3693.96%   2.922GiB / 96GiB    3.04%     0B / 0B   0B / 651kB   117
2025-02-17 06:03:27.669097
CONTAINER ID   NAME               CPU %      MEM USAGE / LIMIT   MEM %     NET I/O   BLOCK I/O    PIDS
1fa8a3c44c9e   pbbs_suffixArray   106.27%    36.04GiB / 96GiB    37.54%    0B / 0B   676kB / 0B   52
81a0614b3b6f   x265               4544.61%   2.922GiB / 96GiB    3.04%     0B / 0B   0B / 651kB   117
2025-02-17 06:03:29.680353
CONTAINER ID   NAME               CPU %      MEM USAGE / LIMIT   MEM %     NET I/O   BLOCK I/O    PIDS
1fa8a3c44c9e   pbbs_suffixArray   2911.89%   26.65GiB / 96GiB    27.76%    0B / 0B   676kB / 0B   52
81a0614b3b6f   x265               4294.95%   2.932GiB / 96GiB    3.05%     0B / 0B   0B / 651kB   117
2025-02-17 06:03:31.692553
CONTAINER ID   NAME               CPU %      MEM USAGE / LIMIT   MEM %     NET I/O   BLOCK I/O    PIDS
1fa8a3c44c9e   pbbs_suffixArray   4907.62%   45.52GiB / 96GiB    47.41%    0B / 0B   676kB / 0B   52
81a0614b3b6f   x265               3930.49%   2.951GiB / 96GiB    3.07%     0B / 0B   0B / 651kB   117
2025-02-17 06:03:33.707646
CONTAINER ID   NAME               CPU %      MEM USAGE / LIMIT   MEM %     NET I/O   BLOCK I/O    PIDS
1fa8a3c44c9e   pbbs_suffixArray   105.24%    37.27GiB / 96GiB    38.82%    0B / 0B   676kB / 0B   52
81a0614b3b6f   x265               4129.42%   2.966GiB / 96GiB    3.09%     0B / 0B   0B / 651kB   117
2025-02-17 06:03:35.716392
CONTAINER ID   NAME               CPU %      MEM USAGE / LIMIT   MEM %     NET I/O   BLOCK I/O    PIDS
1fa8a3c44c9e   pbbs_suffixArray   1146.38%   37.96GiB / 96GiB    39.54%    0B / 0B   676kB / 0B   52
81a0614b3b6f   x265               4178.87%   2.983GiB / 96GiB    3.11%     0B / 0B   0B / 651kB   117
2025-02-17 06:03:37.727070
CONTAINER ID   NAME               CPU %      MEM USAGE / LIMIT   MEM %     NET I/O   BLOCK I/O    PIDS
1fa8a3c44c9e   pbbs_suffixArray   3084.82%   37.31GiB / 96GiB    38.86%    0B / 0B   676kB / 0B   52
81a0614b3b6f   x265               4147.20%   2.983GiB / 96GiB    3.11%     0B / 0B   0B / 651kB   115
2025-02-17 06:03:39.733696
CONTAINER ID   NAME               CPU %      MEM USAGE / LIMIT   MEM %     NET I/O   BLOCK I/O    PIDS
1fa8a3c44c9e   pbbs_suffixArray   4898.38%   44.57GiB / 96GiB    46.43%    0B / 0B   676kB / 0B   52
81a0614b3b6f   x265               3305.72%   2.983GiB / 96GiB    3.11%     0B / 0B   0B / 651kB   115
2025-02-17 06:03:41.745211
CONTAINER ID   NAME               CPU %      MEM USAGE / LIMIT   MEM %     NET I/O   BLOCK I/O     PIDS
1fa8a3c44c9e   pbbs_suffixArray   4765.76%   55.88GiB / 96GiB    58.21%    0B / 0B   676kB / 0B    52
81a0614b3b6f   x265               1415.04%   985.4MiB / 96GiB    1.00%     0B / 0B   0B / 1.76MB   117
2025-02-17 06:03:43.757088
CONTAINER ID   NAME               CPU %      MEM USAGE / LIMIT   MEM %     NET I/O   BLOCK I/O     PIDS
1fa8a3c44c9e   pbbs_suffixArray   4065.02%   53.74GiB / 96GiB    55.98%    0B / 0B   676kB / 0B    52
81a0614b3b6f   x265               3995.20%   2.703GiB / 96GiB    2.82%     0B / 0B   0B / 1.76MB   117
2025-02-17 06:03:45.764948
CONTAINER ID   NAME               CPU %      MEM USAGE / LIMIT   MEM %     NET I/O   BLOCK I/O     PIDS
1fa8a3c44c9e   pbbs_suffixArray   349.52%    34.52GiB / 96GiB    35.96%    0B / 0B   676kB / 0B    52
81a0614b3b6f   x265               4736.02%   2.887GiB / 96GiB    3.01%     0B / 0B   0B / 1.76MB   117
2025-02-17 06:03:47.786271
CONTAINER ID   NAME               CPU %      MEM USAGE / LIMIT   MEM %     NET I/O   BLOCK I/O     PIDS
1fa8a3c44c9e   pbbs_suffixArray   4958.73%   39.48GiB / 96GiB    41.12%    0B / 0B   676kB / 0B    52
81a0614b3b6f   x265               3259.37%   2.885GiB / 96GiB    3.01%     0B / 0B   0B / 1.76MB   117
2025-02-17 06:03:49.799694
CONTAINER ID   NAME               CPU %      MEM USAGE / LIMIT   MEM %     NET I/O   BLOCK I/O     PIDS
1fa8a3c44c9e   pbbs_suffixArray   4961.41%   47.99GiB / 96GiB    49.99%    0B / 0B   676kB / 0B    52
81a0614b3b6f   x265               3399.93%   2.886GiB / 96GiB    3.01%     0B / 0B   0B / 1.76MB   117
2025-02-17 06:03:51.811424
CONTAINER ID   NAME               CPU %      MEM USAGE / LIMIT   MEM %     NET I/O   BLOCK I/O     PIDS
1fa8a3c44c9e   pbbs_suffixArray   862.21%    37.11GiB / 96GiB    38.66%    0B / 0B   676kB / 0B    52
81a0614b3b6f   x265               4749.81%   2.888GiB / 96GiB    3.01%     0B / 0B   0B / 1.76MB   117
2025-02-17 06:03:53.818325
CONTAINER ID   NAME               CPU %      MEM USAGE / LIMIT   MEM %     NET I/O   BLOCK I/O     PIDS
1fa8a3c44c9e   pbbs_suffixArray   4965.83%   32.21GiB / 96GiB    33.55%    0B / 0B   676kB / 0B    52
81a0614b3b6f   x265               3708.49%   2.889GiB / 96GiB    3.01%     0B / 0B   0B / 1.76MB   117
2025-02-17 06:03:55.831327
CONTAINER ID   NAME               CPU %      MEM USAGE / LIMIT   MEM %     NET I/O   BLOCK I/O     PIDS
1fa8a3c44c9e   pbbs_suffixArray   4955.67%   32.21GiB / 96GiB    33.55%    0B / 0B   676kB / 0B    52
81a0614b3b6f   x265               3651.21%   2.889GiB / 96GiB    3.01%     0B / 0B   0B / 1.76MB   117
2025-02-17 06:03:57.842399
CONTAINER ID   NAME               CPU %      MEM USAGE / LIMIT   MEM %     NET I/O   BLOCK I/O     PIDS
1fa8a3c44c9e   pbbs_suffixArray   4928.33%   36.65GiB / 96GiB    38.17%    0B / 0B   676kB / 0B    52
81a0614b3b6f   x265               3633.89%   2.888GiB / 96GiB    3.01%     0B / 0B   0B / 1.76MB   117
2025-02-17 06:03:59.853443
CONTAINER ID   NAME               CPU %      MEM USAGE / LIMIT   MEM %     NET I/O   BLOCK I/O     PIDS
1fa8a3c44c9e   pbbs_suffixArray   4964.32%   38.46GiB / 96GiB    40.07%    0B / 0B   676kB / 0B    52
81a0614b3b6f   x265               3668.64%   2.888GiB / 96GiB    3.01%     0B / 0B   0B / 1.76MB   117
2025-02-17 06:04:01.864734
CONTAINER ID   NAME               CPU %      MEM USAGE / LIMIT   MEM %     NET I/O   BLOCK I/O     PIDS
1fa8a3c44c9e   pbbs_suffixArray   4957.76%   40.74GiB / 96GiB    42.44%    0B / 0B   676kB / 0B    52
81a0614b3b6f   x265               3690.81%   2.905GiB / 96GiB    3.03%     0B / 0B   0B / 1.76MB   117
2025-02-17 06:04:03.877431
CONTAINER ID   NAME               CPU %      MEM USAGE / LIMIT   MEM %     NET I/O   BLOCK I/O     PIDS
1fa8a3c44c9e   pbbs_suffixArray   2443.55%   37.44GiB / 96GiB    39.00%    0B / 0B   676kB / 0B    52
81a0614b3b6f   x265               4206.29%   2.913GiB / 96GiB    3.03%     0B / 0B   0B / 1.76MB   117
2025-02-17 06:04:05.890612
CONTAINER ID   NAME               CPU %      MEM USAGE / LIMIT   MEM %     NET I/O   BLOCK I/O     PIDS
1fa8a3c44c9e   pbbs_suffixArray   4986.07%   40.84GiB / 96GiB    42.54%    0B / 0B   676kB / 0B    52
81a0614b3b6f   x265               3566.03%   2.913GiB / 96GiB    3.03%     0B / 0B   0B / 1.76MB   117
2025-02-17 06:04:07.900497
CONTAINER ID   NAME               CPU %      MEM USAGE / LIMIT   MEM %     NET I/O   BLOCK I/O     PIDS
1fa8a3c44c9e   pbbs_suffixArray   525.27%    39.95GiB / 96GiB    41.61%    0B / 0B   676kB / 0B    52
81a0614b3b6f   x265               4744.44%   2.919GiB / 96GiB    3.04%     0B / 0B   0B / 1.76MB   117
2025-02-17 06:04:09.906391
CONTAINER ID   NAME               CPU %      MEM USAGE / LIMIT   MEM %     NET I/O   BLOCK I/O     PIDS
1fa8a3c44c9e   pbbs_suffixArray   4961.48%   40.8GiB / 96GiB     42.50%    0B / 0B   676kB / 0B    52
81a0614b3b6f   x265               3855.94%   2.917GiB / 96GiB    3.04%     0B / 0B   0B / 1.76MB   117
2025-02-17 06:04:11.919030
CONTAINER ID   NAME               CPU %      MEM USAGE / LIMIT   MEM %     NET I/O   BLOCK I/O     PIDS
1fa8a3c44c9e   pbbs_suffixArray   4966.10%   42.83GiB / 96GiB    44.61%    0B / 0B   676kB / 0B    52
81a0614b3b6f   x265               3571.63%   2.917GiB / 96GiB    3.04%     0B / 0B   0B / 1.76MB   117
2025-02-17 06:04:13.929919
CONTAINER ID   NAME               CPU %      MEM USAGE / LIMIT   MEM %     NET I/O   BLOCK I/O     PIDS
1fa8a3c44c9e   pbbs_suffixArray   4968.35%   44.85GiB / 96GiB    46.72%    0B / 0B   676kB / 0B    52
81a0614b3b6f   x265               3706.76%   2.919GiB / 96GiB    3.04%     0B / 0B   0B / 1.76MB   117
2025-02-17 06:04:15.943347
CONTAINER ID   NAME               CPU %      MEM USAGE / LIMIT   MEM %     NET I/O   BLOCK I/O     PIDS
1fa8a3c44c9e   pbbs_suffixArray   106.05%    35.54GiB / 96GiB    37.02%    0B / 0B   676kB / 0B    52
81a0614b3b6f   x265               4576.97%   2.925GiB / 96GiB    3.05%     0B / 0B   0B / 1.76MB   117
2025-02-17 06:04:17.952942
CONTAINER ID   NAME               CPU %      MEM USAGE / LIMIT   MEM %     NET I/O   BLOCK I/O     PIDS
1fa8a3c44c9e   pbbs_suffixArray   2966.78%   26.79GiB / 96GiB    27.90%    0B / 0B   676kB / 0B    52
81a0614b3b6f   x265               4014.38%   2.924GiB / 96GiB    3.05%     0B / 0B   0B / 1.76MB   117
2025-02-17 06:04:19.963863
CONTAINER ID   NAME               CPU %      MEM USAGE / LIMIT   MEM %     NET I/O   BLOCK I/O     PIDS
1fa8a3c44c9e   pbbs_suffixArray   4986.16%   45.53GiB / 96GiB    47.42%    0B / 0B   676kB / 0B    52
81a0614b3b6f   x265               3546.38%   2.924GiB / 96GiB    3.05%     0B / 0B   0B / 1.76MB   117
2025-02-17 06:04:21.980527
CONTAINER ID   NAME               CPU %      MEM USAGE / LIMIT   MEM %     NET I/O   BLOCK I/O     PIDS
1fa8a3c44c9e   pbbs_suffixArray   103.45%    37.53GiB / 96GiB    39.09%    0B / 0B   676kB / 0B    52
81a0614b3b6f   x265               4677.07%   2.924GiB / 96GiB    3.05%     0B / 0B   0B / 1.76MB   117
2025-02-17 06:04:23.991649
CONTAINER ID   NAME               CPU %      MEM USAGE / LIMIT   MEM %     NET I/O   BLOCK I/O     PIDS
1fa8a3c44c9e   pbbs_suffixArray   1092.33%   37.78GiB / 96GiB    39.35%    0B / 0B   676kB / 0B    52
81a0614b3b6f   x265               4224.11%   2.924GiB / 96GiB    3.05%     0B / 0B   0B / 1.76MB   117
2025-02-17 06:04:26.004360
CONTAINER ID   NAME               CPU %      MEM USAGE / LIMIT   MEM %     NET I/O   BLOCK I/O     PIDS
1fa8a3c44c9e   pbbs_suffixArray   3158.68%   37.54GiB / 96GiB    39.10%    0B / 0B   676kB / 0B    52
81a0614b3b6f   x265               3867.28%   2.925GiB / 96GiB    3.05%     0B / 0B   0B / 1.76MB   117
2025-02-17 06:04:28.015538
CONTAINER ID   NAME               CPU %      MEM USAGE / LIMIT   MEM %     NET I/O   BLOCK I/O     PIDS
1fa8a3c44c9e   pbbs_suffixArray   4869.82%   44.23GiB / 96GiB    46.08%    0B / 0B   676kB / 0B    52
81a0614b3b6f   x265               3640.36%   2.924GiB / 96GiB    3.05%     0B / 0B   0B / 1.76MB   117
2025-02-17 06:04:30.029424
CONTAINER ID   NAME               CPU %      MEM USAGE / LIMIT   MEM %     NET I/O   BLOCK I/O     PIDS
1fa8a3c44c9e   pbbs_suffixArray   4959.67%   55.65GiB / 96GiB    57.97%    0B / 0B   676kB / 0B    52
81a0614b3b6f   x265               3670.63%   2.939GiB / 96GiB    3.06%     0B / 0B   0B / 1.76MB   117
2025-02-17 06:04:32.038443
CONTAINER ID   NAME               CPU %      MEM USAGE / LIMIT   MEM %     NET I/O   BLOCK I/O     PIDS
1fa8a3c44c9e   pbbs_suffixArray   4865.48%   55.88GiB / 96GiB    58.21%    0B / 0B   676kB / 0B    52
81a0614b3b6f   x265               4292.52%   2.944GiB / 96GiB    3.07%     0B / 0B   0B / 1.76MB   117
2025-02-17 06:04:34.048454
CONTAINER ID   NAME               CPU %      MEM USAGE / LIMIT   MEM %     NET I/O   BLOCK I/O     PIDS
1fa8a3c44c9e   pbbs_suffixArray   1183.02%   39.11GiB / 96GiB    40.74%    0B / 0B   676kB / 0B    52
81a0614b3b6f   x265               4407.49%   2.968GiB / 96GiB    3.09%     0B / 0B   0B / 1.76MB   117
2025-02-17 06:04:36.058451
CONTAINER ID   NAME               CPU %      MEM USAGE / LIMIT   MEM %     NET I/O   BLOCK I/O     PIDS
1fa8a3c44c9e   pbbs_suffixArray   4978.31%   35GiB / 96GiB       36.46%    0B / 0B   676kB / 0B    52
81a0614b3b6f   x265               3675.61%   2.98GiB / 96GiB     3.10%     0B / 0B   0B / 1.76MB   117
2025-02-17 06:04:38.072824
CONTAINER ID   NAME               CPU %      MEM USAGE / LIMIT   MEM %     NET I/O   BLOCK I/O     PIDS
1fa8a3c44c9e   pbbs_suffixArray   4935.46%   47.58GiB / 96GiB    49.56%    0B / 0B   676kB / 0B    52
81a0614b3b6f   x265               3943.12%   2.985GiB / 96GiB    3.11%     0B / 0B   0B / 1.76MB   115
2025-02-17 06:04:40.081664
CONTAINER ID   NAME               CPU %      MEM USAGE / LIMIT   MEM %     NET I/O   BLOCK I/O     PIDS
1fa8a3c44c9e   pbbs_suffixArray   2530.48%   41.45GiB / 96GiB    43.18%    0B / 0B   676kB / 0B    52
81a0614b3b6f   x265               3869.75%   2.985GiB / 96GiB    3.11%     0B / 0B   0B / 1.76MB   115
2025-02-17 06:04:42.092193
CONTAINER ID   NAME               CPU %      MEM USAGE / LIMIT   MEM %     NET I/O   BLOCK I/O     PIDS
1fa8a3c44c9e   pbbs_suffixArray   4775.71%   32.21GiB / 96GiB    33.55%    0B / 0B   676kB / 0B    52
81a0614b3b6f   x265               1234.76%   233.2MiB / 96GiB    0.24%     0B / 0B   0B / 2.78MB   117
2025-02-17 06:04:44.106051
CONTAINER ID   NAME               CPU %      MEM USAGE / LIMIT   MEM %     NET I/O   BLOCK I/O     PIDS
1fa8a3c44c9e   pbbs_suffixArray   4947.35%   32.21GiB / 96GiB    33.55%    0B / 0B   676kB / 0B    52
81a0614b3b6f   x265               3077.47%   2.042GiB / 96GiB    2.13%     0B / 0B   0B / 2.78MB   117
2025-02-17 06:04:46.114934
CONTAINER ID   NAME               CPU %      MEM USAGE / LIMIT   MEM %     NET I/O   BLOCK I/O     PIDS
1fa8a3c44c9e   pbbs_suffixArray   4937.03%   36.65GiB / 96GiB    38.18%    0B / 0B   676kB / 0B    52
81a0614b3b6f   x265               3725.70%   2.871GiB / 96GiB    2.99%     0B / 0B   0B / 2.78MB   117
2025-02-17 06:04:48.131227
CONTAINER ID   NAME               CPU %      MEM USAGE / LIMIT   MEM %     NET I/O   BLOCK I/O     PIDS
1fa8a3c44c9e   pbbs_suffixArray   4966.37%   38.51GiB / 96GiB    40.11%    0B / 0B   676kB / 0B    52
81a0614b3b6f   x265               3785.34%   2.885GiB / 96GiB    3.01%     0B / 0B   0B / 2.78MB   117
2025-02-17 06:04:50.141704
CONTAINER ID   NAME               CPU %      MEM USAGE / LIMIT   MEM %     NET I/O   BLOCK I/O     PIDS
1fa8a3c44c9e   pbbs_suffixArray   4942.23%   40.79GiB / 96GiB    42.49%    0B / 0B   676kB / 0B    52
81a0614b3b6f   x265               3752.66%   2.886GiB / 96GiB    3.01%     0B / 0B   0B / 2.78MB   117
2025-02-17 06:04:52.151685
CONTAINER ID   NAME               CPU %      MEM USAGE / LIMIT   MEM %     NET I/O   BLOCK I/O     PIDS
1fa8a3c44c9e   pbbs_suffixArray   2459.85%   37.28GiB / 96GiB    38.83%    0B / 0B   676kB / 0B    52
81a0614b3b6f   x265               4267.26%   2.887GiB / 96GiB    3.01%     0B / 0B   0B / 2.78MB   117
2025-02-17 06:04:54.165836
CONTAINER ID   NAME               CPU %      MEM USAGE / LIMIT   MEM %     NET I/O   BLOCK I/O     PIDS
1fa8a3c44c9e   pbbs_suffixArray   4979.64%   40.79GiB / 96GiB    42.49%    0B / 0B   676kB / 0B    52
81a0614b3b6f   x265               3547.20%   2.888GiB / 96GiB    3.01%     0B / 0B   0B / 2.78MB   117
2025-02-17 06:04:56.181246
CONTAINER ID   NAME               CPU %      MEM USAGE / LIMIT   MEM %     NET I/O   BLOCK I/O     PIDS
1fa8a3c44c9e   pbbs_suffixArray   603.67%    38.89GiB / 96GiB    40.51%    0B / 0B   676kB / 0B    52
81a0614b3b6f   x265               4529.80%   2.888GiB / 96GiB    3.01%     0B / 0B   0B / 2.78MB   117
2025-02-17 06:04:58.190488
CONTAINER ID   NAME               CPU %      MEM USAGE / LIMIT   MEM %     NET I/O   BLOCK I/O     PIDS
1fa8a3c44c9e   pbbs_suffixArray   4973.76%   40.94GiB / 96GiB    42.64%    0B / 0B   676kB / 0B    52
81a0614b3b6f   x265               3713.70%   2.888GiB / 96GiB    3.01%     0B / 0B   0B / 2.78MB   117
2025-02-17 06:05:00.205441
CONTAINER ID   NAME               CPU %      MEM USAGE / LIMIT   MEM %     NET I/O   BLOCK I/O     PIDS
1fa8a3c44c9e   pbbs_suffixArray   4952.95%   42.94GiB / 96GiB    44.73%    0B / 0B   676kB / 0B    52
81a0614b3b6f   x265               3724.72%   2.888GiB / 96GiB    3.01%     0B / 0B   0B / 2.78MB   117
2025-02-17 06:05:02.219908
CONTAINER ID   NAME               CPU %      MEM USAGE / LIMIT   MEM %     NET I/O   BLOCK I/O     PIDS
1fa8a3c44c9e   pbbs_suffixArray   4983.79%   44.97GiB / 96GiB    46.84%    0B / 0B   676kB / 0B    52
81a0614b3b6f   x265               3687.13%   2.905GiB / 96GiB    3.03%     0B / 0B   0B / 2.78MB   117
2025-02-17 06:05:04.233051
CONTAINER ID   NAME               CPU %      MEM USAGE / LIMIT   MEM %     NET I/O   BLOCK I/O     PIDS
1fa8a3c44c9e   pbbs_suffixArray   104.80%    34.59GiB / 96GiB    36.03%    0B / 0B   676kB / 0B    52
81a0614b3b6f   x265               4620.75%   2.91GiB / 96GiB     3.03%     0B / 0B   0B / 2.78MB   117
2025-02-17 06:05:06.240745
CONTAINER ID   NAME               CPU %      MEM USAGE / LIMIT   MEM %     NET I/O   BLOCK I/O     PIDS
1fa8a3c44c9e   pbbs_suffixArray   3045.06%   26.88GiB / 96GiB    28.00%    0B / 0B   676kB / 0B    52
81a0614b3b6f   x265               4454.59%   2.916GiB / 96GiB    3.04%     0B / 0B   0B / 2.78MB   117
2025-02-17 06:05:08.252569
CONTAINER ID   NAME               CPU %      MEM USAGE / LIMIT   MEM %     NET I/O   BLOCK I/O     PIDS
1fa8a3c44c9e   pbbs_suffixArray   4857.99%   45.53GiB / 96GiB    47.43%    0B / 0B   676kB / 0B    52
81a0614b3b6f   x265               4275.46%   2.915GiB / 96GiB    3.04%     0B / 0B   0B / 2.78MB   117
2025-02-17 06:05:10.277906
CONTAINER ID   NAME               CPU %      MEM USAGE / LIMIT   MEM %     NET I/O   BLOCK I/O     PIDS
1fa8a3c44c9e   pbbs_suffixArray   104.87%    37.32GiB / 96GiB    38.87%    0B / 0B   676kB / 0B    52
81a0614b3b6f   x265               4605.74%   2.916GiB / 96GiB    3.04%     0B / 0B   0B / 2.78MB   117
2025-02-17 06:05:12.283103
CONTAINER ID   NAME               CPU %      MEM USAGE / LIMIT   MEM %     NET I/O   BLOCK I/O     PIDS
1fa8a3c44c9e   pbbs_suffixArray   971.01%    37.47GiB / 96GiB    39.03%    0B / 0B   676kB / 0B    52
81a0614b3b6f   x265               4627.82%   2.915GiB / 96GiB    3.04%     0B / 0B   0B / 2.78MB   117
2025-02-17 06:05:14.294360
CONTAINER ID   NAME               CPU %      MEM USAGE / LIMIT   MEM %     NET I/O   BLOCK I/O     PIDS
1fa8a3c44c9e   pbbs_suffixArray   3262.69%   37.77GiB / 96GiB    39.34%    0B / 0B   676kB / 0B    52
81a0614b3b6f   x265               4125.75%   2.922GiB / 96GiB    3.04%     0B / 0B   0B / 2.78MB   117
2025-02-17 06:05:16.304466
CONTAINER ID   NAME               CPU %      MEM USAGE / LIMIT   MEM %     NET I/O   BLOCK I/O     PIDS
1fa8a3c44c9e   pbbs_suffixArray   4894.20%   44.62GiB / 96GiB    46.48%    0B / 0B   676kB / 0B    52
81a0614b3b6f   x265               3637.87%   2.922GiB / 96GiB    3.04%     0B / 0B   0B / 2.78MB   117
2025-02-17 06:05:18.316547
CONTAINER ID   NAME               CPU %      MEM USAGE / LIMIT   MEM %     NET I/O   BLOCK I/O     PIDS
1fa8a3c44c9e   pbbs_suffixArray   4990.73%   55.89GiB / 96GiB    58.22%    0B / 0B   676kB / 0B    52
81a0614b3b6f   x265               3661.16%   2.922GiB / 96GiB    3.04%     0B / 0B   0B / 2.78MB   117
2025-02-17 06:05:20.330453
CONTAINER ID   NAME               CPU %      MEM USAGE / LIMIT   MEM %     NET I/O   BLOCK I/O     PIDS
1fa8a3c44c9e   pbbs_suffixArray   4991.64%   55.89GiB / 96GiB    58.22%    0B / 0B   676kB / 0B    52
81a0614b3b6f   x265               3736.61%   2.922GiB / 96GiB    3.04%     0B / 0B   0B / 2.78MB   117
2025-02-17 06:05:22.340193
CONTAINER ID   NAME               CPU %      MEM USAGE / LIMIT   MEM %     NET I/O   BLOCK I/O     PIDS
1fa8a3c44c9e   pbbs_suffixArray   1178.01%   37.06GiB / 96GiB    38.60%    0B / 0B   676kB / 0B    52
81a0614b3b6f   x265               4070.67%   2.923GiB / 96GiB    3.04%     0B / 0B   0B / 2.78MB   117
2025-02-17 06:05:24.350530
CONTAINER ID   NAME               CPU %      MEM USAGE / LIMIT   MEM %     NET I/O   BLOCK I/O     PIDS
1fa8a3c44c9e   pbbs_suffixArray   4911.60%   36.22GiB / 96GiB    37.73%    0B / 0B   676kB / 0B    52
81a0614b3b6f   x265               3745.07%   2.922GiB / 96GiB    3.04%     0B / 0B   0B / 2.78MB   117
2025-02-17 06:05:26.361739
CONTAINER ID   NAME               CPU %      MEM USAGE / LIMIT   MEM %     NET I/O   BLOCK I/O     PIDS
1fa8a3c44c9e   pbbs_suffixArray   4938.30%   48GiB / 96GiB       50.00%    0B / 0B   676kB / 0B    52
81a0614b3b6f   x265               3698.43%   2.922GiB / 96GiB    3.04%     0B / 0B   0B / 2.78MB   117
2025-02-17 06:05:28.374098
CONTAINER ID   NAME               CPU %      MEM USAGE / LIMIT   MEM %     NET I/O   BLOCK I/O     PIDS
1fa8a3c44c9e   pbbs_suffixArray   1923.17%   41.23GiB / 96GiB    42.95%    0B / 0B   676kB / 0B    52
81a0614b3b6f   x265               4356.97%   2.922GiB / 96GiB    3.04%     0B / 0B   0B / 2.78MB   117
2025-02-17 06:05:30.382689
CONTAINER ID   NAME               CPU %      MEM USAGE / LIMIT   MEM %     NET I/O   BLOCK I/O     PIDS
1fa8a3c44c9e   pbbs_suffixArray   4447.83%   32.22GiB / 96GiB    33.56%    0B / 0B   676kB / 0B    52
81a0614b3b6f   x265               4083.80%   2.937GiB / 96GiB    3.06%     0B / 0B   0B / 2.78MB   117
2025-02-17 06:05:32.394965
CONTAINER ID   NAME               CPU %      MEM USAGE / LIMIT   MEM %     NET I/O   BLOCK I/O     PIDS
1fa8a3c44c9e   pbbs_suffixArray   4856.32%   32.22GiB / 96GiB    33.56%    0B / 0B   676kB / 0B    52
81a0614b3b6f   x265               4326.53%   2.94GiB / 96GiB     3.06%     0B / 0B   0B / 2.78MB   117
2025-02-17 06:05:34.407962
CONTAINER ID   NAME               CPU %      MEM USAGE / LIMIT   MEM %     NET I/O   BLOCK I/O     PIDS
1fa8a3c44c9e   pbbs_suffixArray   4944.72%   36.66GiB / 96GiB    38.19%    0B / 0B   676kB / 0B    52
81a0614b3b6f   x265               3678.33%   2.968GiB / 96GiB    3.09%     0B / 0B   0B / 2.78MB   117
2025-02-17 06:05:36.419659
CONTAINER ID   NAME               CPU %      MEM USAGE / LIMIT   MEM %     NET I/O   BLOCK I/O     PIDS
1fa8a3c44c9e   pbbs_suffixArray   4946.96%   37.69GiB / 96GiB    39.26%    0B / 0B   676kB / 0B    52
81a0614b3b6f   x265               3849.92%   2.988GiB / 96GiB    3.11%     0B / 0B   0B / 2.78MB   117
2025-02-17 06:05:38.437421
CONTAINER ID   NAME               CPU %      MEM USAGE / LIMIT   MEM %     NET I/O   BLOCK I/O     PIDS
1fa8a3c44c9e   pbbs_suffixArray   4941.02%   39.9GiB / 96GiB     41.57%    0B / 0B   676kB / 0B    52
81a0614b3b6f   x265               3696.02%   2.988GiB / 96GiB    3.11%     0B / 0B   0B / 2.78MB   115
2025-02-17 06:05:40.449092
CONTAINER ID   NAME               CPU %      MEM USAGE / LIMIT   MEM %     NET I/O   BLOCK I/O     PIDS
1fa8a3c44c9e   pbbs_suffixArray   426.31%    34.55GiB / 96GiB    35.99%    0B / 0B   676kB / 0B    52
81a0614b3b6f   x265               4033.12%   2.989GiB / 96GiB    3.11%     0B / 0B   0B / 2.78MB   115
2025-02-17 06:05:42.460058
CONTAINER ID   NAME               CPU %      MEM USAGE / LIMIT   MEM %     NET I/O   BLOCK I/O     PIDS
1fa8a3c44c9e   pbbs_suffixArray   4936.94%   38.88GiB / 96GiB    40.50%    0B / 0B   676kB / 0B    52
81a0614b3b6f   x265               1674.75%   3.094MiB / 96GiB    0.00%     0B / 0B   0B / 3.54MB   1
2025-02-17 06:05:44.475710
CONTAINER ID   NAME               CPU %      MEM USAGE / LIMIT   MEM %     NET I/O   BLOCK I/O     PIDS
1fa8a3c44c9e   pbbs_suffixArray   2166.35%   42.98GiB / 96GiB    44.77%    0B / 0B   676kB / 0B    52
81a0614b3b6f   x265               3136.01%   1.82GiB / 96GiB     1.90%     0B / 0B   0B / 3.54MB   117
2025-02-17 06:05:46.485926
CONTAINER ID   NAME               CPU %      MEM USAGE / LIMIT   MEM %     NET I/O   BLOCK I/O     PIDS
1fa8a3c44c9e   pbbs_suffixArray   4934.17%   40.51GiB / 96GiB    42.20%    0B / 0B   676kB / 0B    52
81a0614b3b6f   x265               3686.97%   2.876GiB / 96GiB    3.00%     0B / 0B   0B / 3.54MB   117
2025-02-17 06:05:48.497768
CONTAINER ID   NAME               CPU %      MEM USAGE / LIMIT   MEM %     NET I/O   BLOCK I/O     PIDS
1fa8a3c44c9e   pbbs_suffixArray   4963.31%   42.56GiB / 96GiB    44.34%    0B / 0B   676kB / 0B    52
81a0614b3b6f   x265               3810.15%   2.882GiB / 96GiB    3.00%     0B / 0B   0B / 3.54MB   117
2025-02-17 06:05:50.508280
CONTAINER ID   NAME               CPU %      MEM USAGE / LIMIT   MEM %     NET I/O   BLOCK I/O     PIDS
1fa8a3c44c9e   pbbs_suffixArray   4956.63%   44.65GiB / 96GiB    46.51%    0B / 0B   676kB / 0B    52
81a0614b3b6f   x265               3615.43%   2.884GiB / 96GiB    3.00%     0B / 0B   0B / 3.54MB   117
2025-02-17 06:05:52.519956
CONTAINER ID   NAME               CPU %      MEM USAGE / LIMIT   MEM %     NET I/O   BLOCK I/O     PIDS
1fa8a3c44c9e   pbbs_suffixArray   103.89%    37.47GiB / 96GiB    39.03%    0B / 0B   676kB / 0B    52
81a0614b3b6f   x265               4475.35%   2.886GiB / 96GiB    3.01%     0B / 0B   0B / 3.54MB   117
2025-02-17 06:05:54.525061
CONTAINER ID   NAME               CPU %      MEM USAGE / LIMIT   MEM %     NET I/O   BLOCK I/O     PIDS
1fa8a3c44c9e   pbbs_suffixArray   1993.72%   24.82GiB / 96GiB    25.85%    0B / 0B   676kB / 0B    52
81a0614b3b6f   x265               4382.98%   2.886GiB / 96GiB    3.01%     0B / 0B   0B / 3.54MB   117
2025-02-17 06:05:56.539065
CONTAINER ID   NAME               CPU %      MEM USAGE / LIMIT   MEM %     NET I/O   BLOCK I/O     PIDS
1fa8a3c44c9e   pbbs_suffixArray   4962.19%   43.44GiB / 96GiB    45.25%    0B / 0B   676kB / 0B    52
81a0614b3b6f   x265               3709.07%   2.885GiB / 96GiB    3.01%     0B / 0B   0B / 3.54MB   117
2025-02-17 06:05:58.551699
CONTAINER ID   NAME               CPU %      MEM USAGE / LIMIT   MEM %     NET I/O   BLOCK I/O     PIDS
1fa8a3c44c9e   pbbs_suffixArray   104.99%    38.53GiB / 96GiB    40.13%    0B / 0B   676kB / 0B    52
81a0614b3b6f   x265               4815.53%   2.886GiB / 96GiB    3.01%     0B / 0B   0B / 3.54MB   117
2025-02-17 06:06:00.561531
CONTAINER ID   NAME               CPU %      MEM USAGE / LIMIT   MEM %     NET I/O   BLOCK I/O     PIDS
1fa8a3c44c9e   pbbs_suffixArray   230.34%    36.66GiB / 96GiB    38.19%    0B / 0B   676kB / 0B    52
81a0614b3b6f   x265               4584.45%   2.898GiB / 96GiB    3.02%     0B / 0B   0B / 3.54MB   117
2025-02-17 06:06:02.576336
CONTAINER ID   NAME               CPU %      MEM USAGE / LIMIT   MEM %     NET I/O   BLOCK I/O     PIDS
1fa8a3c44c9e   pbbs_suffixArray   4059.93%   39.25GiB / 96GiB    40.88%    0B / 0B   676kB / 0B    52
81a0614b3b6f   x265               3731.16%   2.908GiB / 96GiB    3.03%     0B / 0B   0B / 3.54MB   117
2025-02-17 06:06:04.584774
CONTAINER ID   NAME               CPU %      MEM USAGE / LIMIT   MEM %     NET I/O   BLOCK I/O     PIDS
1fa8a3c44c9e   pbbs_suffixArray   4963.18%   43.33GiB / 96GiB    45.13%    0B / 0B   676kB / 0B    52
81a0614b3b6f   x265               3589.71%   2.908GiB / 96GiB    3.03%     0B / 0B   0B / 3.54MB   117
2025-02-17 06:06:06.595459
CONTAINER ID   NAME               CPU %      MEM USAGE / LIMIT   MEM %     NET I/O   BLOCK I/O     PIDS
1fa8a3c44c9e   pbbs_suffixArray   4922.30%   54.51GiB / 96GiB    56.78%    0B / 0B   676kB / 0B    52
81a0614b3b6f   x265               4047.59%   2.913GiB / 96GiB    3.03%     0B / 0B   0B / 3.54MB   117
2025-02-17 06:06:08.607864
CONTAINER ID   NAME               CPU %      MEM USAGE / LIMIT   MEM %     NET I/O   BLOCK I/O     PIDS
1fa8a3c44c9e   pbbs_suffixArray   4940.98%   55.89GiB / 96GiB    58.22%    0B / 0B   676kB / 0B    52
81a0614b3b6f   x265               4143.57%   2.913GiB / 96GiB    3.03%     0B / 0B   0B / 3.54MB   117
2025-02-17 06:06:10.616841
CONTAINER ID   NAME               CPU %      MEM USAGE / LIMIT   MEM %     NET I/O   BLOCK I/O     PIDS
1fa8a3c44c9e   pbbs_suffixArray   1132.51%   39.99GiB / 96GiB    41.65%    0B / 0B   676kB / 0B    52
81a0614b3b6f   x265               4455.86%   2.912GiB / 96GiB    3.03%     0B / 0B   0B / 3.54MB   117
2025-02-17 06:06:12.630658
CONTAINER ID   NAME               CPU %      MEM USAGE / LIMIT   MEM %     NET I/O   BLOCK I/O     PIDS
1fa8a3c44c9e   pbbs_suffixArray   4915.06%   33.68GiB / 96GiB    35.08%    0B / 0B   676kB / 0B    52
81a0614b3b6f   x265               3748.39%   2.912GiB / 96GiB    3.03%     0B / 0B   0B / 3.54MB   117
2025-02-17 06:06:14.646182
CONTAINER ID   NAME               CPU %      MEM USAGE / LIMIT   MEM %     NET I/O   BLOCK I/O     PIDS
1fa8a3c44c9e   pbbs_suffixArray   4943.37%   46.98GiB / 96GiB    48.94%    0B / 0B   676kB / 0B    52
81a0614b3b6f   x265               3658.39%   2.922GiB / 96GiB    3.04%     0B / 0B   0B / 3.54MB   117
2025-02-17 06:06:16.657067
CONTAINER ID   NAME               CPU %      MEM USAGE / LIMIT   MEM %     NET I/O   BLOCK I/O     PIDS
1fa8a3c44c9e   pbbs_suffixArray   3050.04%   43.71GiB / 96GiB    45.53%    0B / 0B   676kB / 0B    52
81a0614b3b6f   x265               3979.59%   2.922GiB / 96GiB    3.04%     0B / 0B   0B / 3.54MB   117
2025-02-17 06:06:18.667037
CONTAINER ID   NAME               CPU %      MEM USAGE / LIMIT   MEM %     NET I/O   BLOCK I/O     PIDS
1fa8a3c44c9e   pbbs_suffixArray   3403.51%   32.22GiB / 96GiB    33.56%    0B / 0B   676kB / 0B    52
81a0614b3b6f   x265               3790.52%   2.922GiB / 96GiB    3.04%     0B / 0B   0B / 3.54MB   117
2025-02-17 06:06:20.684642
CONTAINER ID   NAME               CPU %      MEM USAGE / LIMIT   MEM %     NET I/O   BLOCK I/O     PIDS
1fa8a3c44c9e   pbbs_suffixArray   4975.33%   32.22GiB / 96GiB    33.56%    0B / 0B   676kB / 0B    52
81a0614b3b6f   x265               3818.60%   2.922GiB / 96GiB    3.04%     0B / 0B   0B / 3.54MB   117
2025-02-17 06:06:22.693445
CONTAINER ID   NAME               CPU %      MEM USAGE / LIMIT   MEM %     NET I/O   BLOCK I/O     PIDS
1fa8a3c44c9e   pbbs_suffixArray   4993.15%   36.66GiB / 96GiB    38.19%    0B / 0B   676kB / 0B    52
81a0614b3b6f   x265               3910.05%   2.922GiB / 96GiB    3.04%     0B / 0B   0B / 3.54MB   117
2025-02-17 06:06:24.703797
CONTAINER ID   NAME               CPU %      MEM USAGE / LIMIT   MEM %     NET I/O   BLOCK I/O     PIDS
1fa8a3c44c9e   pbbs_suffixArray   4964.08%   37.52GiB / 96GiB    39.09%    0B / 0B   676kB / 0B    52
81a0614b3b6f   x265               3745.43%   2.922GiB / 96GiB    3.04%     0B / 0B   0B / 3.54MB   117
2025-02-17 06:06:26.714855
CONTAINER ID   NAME               CPU %      MEM USAGE / LIMIT   MEM %     NET I/O   BLOCK I/O     PIDS
1fa8a3c44c9e   pbbs_suffixArray   5002.16%   39.88GiB / 96GiB    41.54%    0B / 0B   676kB / 0B    52
81a0614b3b6f   x265               3735.36%   2.922GiB / 96GiB    3.04%     0B / 0B   0B / 3.54MB   117
2025-02-17 06:06:28.725827
CONTAINER ID   NAME               CPU %      MEM USAGE / LIMIT   MEM %     NET I/O   BLOCK I/O     PIDS
1fa8a3c44c9e   pbbs_suffixArray   331.39%    34.44GiB / 96GiB    35.87%    0B / 0B   676kB / 0B    52
81a0614b3b6f   x265               4467.97%   2.922GiB / 96GiB    3.04%     0B / 0B   0B / 3.54MB   117
2025-02-17 06:06:30.738167
CONTAINER ID   NAME               CPU %      MEM USAGE / LIMIT   MEM %     NET I/O   BLOCK I/O     PIDS
1fa8a3c44c9e   pbbs_suffixArray   4970.70%   38.88GiB / 96GiB    40.50%    0B / 0B   676kB / 0B    52
81a0614b3b6f   x265               3938.75%   2.932GiB / 96GiB    3.05%     0B / 0B   0B / 3.54MB   117
2025-02-17 06:06:32.753095
CONTAINER ID   NAME               CPU %      MEM USAGE / LIMIT   MEM %     NET I/O   BLOCK I/O     PIDS
1fa8a3c44c9e   pbbs_suffixArray   3562.35%   45.5GiB / 96GiB     47.40%    0B / 0B   676kB / 0B    52
81a0614b3b6f   x265               4667.80%   2.939GiB / 96GiB    3.06%     0B / 0B   0B / 3.54MB   117
2025-02-17 06:06:34.762061
CONTAINER ID   NAME               CPU %      MEM USAGE / LIMIT   MEM %     NET I/O   BLOCK I/O     PIDS
1fa8a3c44c9e   pbbs_suffixArray   5006.18%   40.16GiB / 96GiB    41.84%    0B / 0B   676kB / 0B    52
81a0614b3b6f   x265               3798.58%   2.98GiB / 96GiB     3.10%     0B / 0B   0B / 3.54MB   117
2025-02-17 06:06:36.775868
CONTAINER ID   NAME               CPU %      MEM USAGE / LIMIT   MEM %     NET I/O   BLOCK I/O     PIDS
1fa8a3c44c9e   pbbs_suffixArray   4961.54%   42.27GiB / 96GiB    44.03%    0B / 0B   676kB / 0B    52
81a0614b3b6f   x265               3708.08%   2.99GiB / 96GiB     3.11%     0B / 0B   0B / 3.54MB   117
2025-02-17 06:06:38.785212
CONTAINER ID   NAME               CPU %      MEM USAGE / LIMIT   MEM %     NET I/O   BLOCK I/O     PIDS
1fa8a3c44c9e   pbbs_suffixArray   4982.68%   44.37GiB / 96GiB    46.22%    0B / 0B   676kB / 0B    52
81a0614b3b6f   x265               3792.21%   2.99GiB / 96GiB     3.11%     0B / 0B   0B / 3.54MB   115
2025-02-17 06:06:40.796892
CONTAINER ID   NAME               CPU %      MEM USAGE / LIMIT   MEM %     NET I/O   BLOCK I/O     PIDS
1fa8a3c44c9e   pbbs_suffixArray   645.71%    39.1GiB / 96GiB     40.73%    0B / 0B   676kB / 0B    52
81a0614b3b6f   x265               3810.06%   2.99GiB / 96GiB     3.12%     0B / 0B   0B / 3.54MB   115
2025-02-17 06:06:42.805390
CONTAINER ID   NAME               CPU %      MEM USAGE / LIMIT   MEM %     NET I/O   BLOCK I/O     PIDS
1fa8a3c44c9e   pbbs_suffixArray   2353.73%   26.65GiB / 96GiB    27.76%    0B / 0B   676kB / 0B    52
81a0614b3b6f   x265               657.62%    831.3MiB / 96GiB    0.85%     0B / 0B   0B / 4.02MB   117
2025-02-17 06:06:44.815924
CONTAINER ID   NAME               CPU %      MEM USAGE / LIMIT   MEM %     NET I/O   BLOCK I/O     PIDS
1fa8a3c44c9e   pbbs_suffixArray   4932.13%   45.54GiB / 96GiB    47.43%    0B / 0B   676kB / 0B    52
81a0614b3b6f   x265               3406.07%   2.518GiB / 96GiB    2.62%     0B / 0B   0B / 4.02MB   117
2025-02-17 06:06:46.837788
CONTAINER ID   NAME               CPU %      MEM USAGE / LIMIT   MEM %     NET I/O   BLOCK I/O     PIDS
1fa8a3c44c9e   pbbs_suffixArray   267.87%    37.18GiB / 96GiB    38.73%    0B / 0B   676kB / 0B    52
81a0614b3b6f   x265               4422.85%   2.885GiB / 96GiB    3.01%     0B / 0B   0B / 4.02MB   117
2025-02-17 06:06:48.842342
CONTAINER ID   NAME               CPU %      MEM USAGE / LIMIT   MEM %     NET I/O   BLOCK I/O     PIDS
1fa8a3c44c9e   pbbs_suffixArray   1695.19%   39.71GiB / 96GiB    41.36%    0B / 0B   676kB / 0B    52
81a0614b3b6f   x265               4402.95%   2.886GiB / 96GiB    3.01%     0B / 0B   0B / 4.02MB   117
2025-02-17 06:06:50.859949
CONTAINER ID   NAME               CPU %      MEM USAGE / LIMIT   MEM %     NET I/O   BLOCK I/O     PIDS
1fa8a3c44c9e   pbbs_suffixArray   2483.74%   36.62GiB / 96GiB    38.15%    0B / 0B   676kB / 0B    52
81a0614b3b6f   x265               4092.09%   2.888GiB / 96GiB    3.01%     0B / 0B   0B / 4.02MB   117
2025-02-17 06:06:52.867942
CONTAINER ID   NAME               CPU %      MEM USAGE / LIMIT   MEM %     NET I/O   BLOCK I/O     PIDS
1fa8a3c44c9e   pbbs_suffixArray   4792.74%   44.98GiB / 96GiB    46.86%    0B / 0B   676kB / 0B    52
81a0614b3b6f   x265               3657.53%   2.887GiB / 96GiB    3.01%     0B / 0B   0B / 4.02MB   117
2025-02-17 06:06:54.879094
CONTAINER ID   NAME               CPU %      MEM USAGE / LIMIT   MEM %     NET I/O   BLOCK I/O     PIDS
1fa8a3c44c9e   pbbs_suffixArray   4939.20%   55.9GiB / 96GiB     58.23%    0B / 0B   676kB / 0B    52
81a0614b3b6f   x265               3846.82%   2.888GiB / 96GiB    3.01%     0B / 0B   0B / 4.02MB   117
2025-02-17 06:06:56.891704
CONTAINER ID   NAME               CPU %      MEM USAGE / LIMIT   MEM %     NET I/O   BLOCK I/O     PIDS
1fa8a3c44c9e   pbbs_suffixArray   4980.43%   55.9GiB / 96GiB     58.22%    0B / 0B   676kB / 0B    52
81a0614b3b6f   x265               3661.65%   2.889GiB / 96GiB    3.01%     0B / 0B   0B / 4.02MB   117
2025-02-17 06:06:58.901454
CONTAINER ID   NAME               CPU %      MEM USAGE / LIMIT   MEM %     NET I/O   BLOCK I/O     PIDS
1fa8a3c44c9e   pbbs_suffixArray   1089.45%   36.16GiB / 96GiB    37.66%    0B / 0B   676kB / 0B    52
81a0614b3b6f   x265               4243.03%   2.889GiB / 96GiB    3.01%     0B / 0B   0B / 4.02MB   117
2025-02-17 06:07:00.921556
CONTAINER ID   NAME               CPU %      MEM USAGE / LIMIT   MEM %     NET I/O   BLOCK I/O     PIDS
1fa8a3c44c9e   pbbs_suffixArray   4918.83%   37.44GiB / 96GiB    39.00%    0B / 0B   676kB / 0B    52
81a0614b3b6f   x265               3882.89%   2.888GiB / 96GiB    3.01%     0B / 0B   0B / 4.02MB   117
2025-02-17 06:07:02.926933
CONTAINER ID   NAME               CPU %      MEM USAGE / LIMIT   MEM %     NET I/O   BLOCK I/O     PIDS
1fa8a3c44c9e   pbbs_suffixArray   4956.10%   48.01GiB / 96GiB    50.01%    0B / 0B   676kB / 0B    52
81a0614b3b6f   x265               3716.57%   2.913GiB / 96GiB    3.03%     0B / 0B   0B / 4.02MB   117
2025-02-17 06:07:04.941290
CONTAINER ID   NAME               CPU %      MEM USAGE / LIMIT   MEM %     NET I/O   BLOCK I/O     PIDS
1fa8a3c44c9e   pbbs_suffixArray   1884.34%   39.78GiB / 96GiB    41.44%    0B / 0B   676kB / 0B    52
81a0614b3b6f   x265               4581.80%   2.913GiB / 96GiB    3.03%     0B / 0B   0B / 4.02MB   117
2025-02-17 06:07:06.948792
CONTAINER ID   NAME               CPU %      MEM USAGE / LIMIT   MEM %     NET I/O   BLOCK I/O     PIDS
1fa8a3c44c9e   pbbs_suffixArray   4817.34%   32.22GiB / 96GiB    33.57%    0B / 0B   676kB / 0B    52
81a0614b3b6f   x265               4037.51%   2.919GiB / 96GiB    3.04%     0B / 0B   0B / 4.02MB   117
2025-02-17 06:07:08.964570
CONTAINER ID   NAME               CPU %      MEM USAGE / LIMIT   MEM %     NET I/O   BLOCK I/O     PIDS
1fa8a3c44c9e   pbbs_suffixArray   4884.03%   32.22GiB / 96GiB    33.57%    0B / 0B   676kB / 0B    52
81a0614b3b6f   x265               3958.78%   2.919GiB / 96GiB    3.04%     0B / 0B   0B / 4.02MB   117
2025-02-17 06:07:10.981092
CONTAINER ID   NAME               CPU %      MEM USAGE / LIMIT   MEM %     NET I/O   BLOCK I/O     PIDS
1fa8a3c44c9e   pbbs_suffixArray   4968.99%   36.66GiB / 96GiB    38.19%    0B / 0B   676kB / 0B    52
81a0614b3b6f   x265               3580.00%   2.918GiB / 96GiB    3.04%     0B / 0B   0B / 4.02MB   117
2025-02-17 06:07:12.995854
CONTAINER ID   NAME               CPU %      MEM USAGE / LIMIT   MEM %     NET I/O   BLOCK I/O     PIDS
1fa8a3c44c9e   pbbs_suffixArray   4955.03%   38.06GiB / 96GiB    39.65%    0B / 0B   676kB / 0B    52
81a0614b3b6f   x265               3613.84%   2.917GiB / 96GiB    3.04%     0B / 0B   0B / 4.02MB   117
2025-02-17 06:07:15.004213
CONTAINER ID   NAME               CPU %      MEM USAGE / LIMIT   MEM %     NET I/O   BLOCK I/O     PIDS
1fa8a3c44c9e   pbbs_suffixArray   4977.43%   40.35GiB / 96GiB    42.03%    0B / 0B   676kB / 0B    52
81a0614b3b6f   x265               3495.87%   2.925GiB / 96GiB    3.05%     0B / 0B   0B / 4.02MB   117
2025-02-17 06:07:17.017779
CONTAINER ID   NAME               CPU %      MEM USAGE / LIMIT   MEM %     NET I/O   BLOCK I/O     PIDS
1fa8a3c44c9e   pbbs_suffixArray   569.19%    32.22GiB / 96GiB    33.56%    0B / 0B   676kB / 0B    52
81a0614b3b6f   x265               4331.48%   2.925GiB / 96GiB    3.05%     0B / 0B   0B / 4.02MB   117
2025-02-17 06:07:19.025380
CONTAINER ID   NAME               CPU %      MEM USAGE / LIMIT   MEM %     NET I/O   BLOCK I/O     PIDS
1fa8a3c44c9e   pbbs_suffixArray   4933.44%   38.88GiB / 96GiB    40.50%    0B / 0B   676kB / 0B    52
81a0614b3b6f   x265               3669.43%   2.925GiB / 96GiB    3.05%     0B / 0B   0B / 4.02MB   117
2025-02-17 06:07:21.037995
CONTAINER ID   NAME               CPU %      MEM USAGE / LIMIT   MEM %     NET I/O   BLOCK I/O     PIDS
1fa8a3c44c9e   pbbs_suffixArray   1974.90%   42.55GiB / 96GiB    44.33%    0B / 0B   676kB / 0B    52
81a0614b3b6f   x265               4154.97%   2.925GiB / 96GiB    3.05%     0B / 0B   0B / 4.02MB   117
2025-02-17 06:07:23.050029
CONTAINER ID   NAME               CPU %      MEM USAGE / LIMIT   MEM %     NET I/O   BLOCK I/O     PIDS
1fa8a3c44c9e   pbbs_suffixArray   4954.54%   40.64GiB / 96GiB    42.33%    0B / 0B   676kB / 0B    52
81a0614b3b6f   x265               3559.56%   2.924GiB / 96GiB    3.05%     0B / 0B   0B / 4.02MB   117
2025-02-17 06:07:25.064311
CONTAINER ID   NAME               CPU %      MEM USAGE / LIMIT   MEM %     NET I/O   BLOCK I/O     PIDS
1fa8a3c44c9e   pbbs_suffixArray   4992.34%   42.66GiB / 96GiB    44.44%    0B / 0B   676kB / 0B    52
81a0614b3b6f   x265               3653.42%   2.925GiB / 96GiB    3.05%     0B / 0B   0B / 4.02MB   117
2025-02-17 06:07:27.081409
CONTAINER ID   NAME               CPU %      MEM USAGE / LIMIT   MEM %     NET I/O   BLOCK I/O     PIDS
1fa8a3c44c9e   pbbs_suffixArray   4962.93%   44.68GiB / 96GiB    46.54%    0B / 0B   676kB / 0B    52
81a0614b3b6f   x265               3752.99%   2.925GiB / 96GiB    3.05%     0B / 0B   0B / 4.02MB   117
2025-02-17 06:07:29.091734
CONTAINER ID   NAME               CPU %      MEM USAGE / LIMIT   MEM %     NET I/O   BLOCK I/O     PIDS
1fa8a3c44c9e   pbbs_suffixArray   106.47%    37.9GiB / 96GiB     39.48%    0B / 0B   676kB / 0B    52
81a0614b3b6f   x265               4765.04%   2.925GiB / 96GiB    3.05%     0B / 0B   0B / 4.02MB   117
2025-02-17 06:07:31.099795
CONTAINER ID   NAME               CPU %      MEM USAGE / LIMIT   MEM %     NET I/O   BLOCK I/O     PIDS
1fa8a3c44c9e   pbbs_suffixArray   2096.15%   25.13GiB / 96GiB    26.18%    0B / 0B   676kB / 0B    52
81a0614b3b6f   x265               4229.51%   2.935GiB / 96GiB    3.06%     0B / 0B   0B / 4.02MB   117
2025-02-17 06:07:33.112586
CONTAINER ID   NAME               CPU %      MEM USAGE / LIMIT   MEM %     NET I/O   BLOCK I/O     PIDS
1fa8a3c44c9e   pbbs_suffixArray   4733.98%   43.33GiB / 96GiB    45.13%    0B / 0B   676kB / 0B    52
81a0614b3b6f   x265               4455.84%   2.939GiB / 96GiB    3.06%     0B / 0B   0B / 4.02MB   117
2025-02-17 06:07:35.126821
CONTAINER ID   NAME               CPU %      MEM USAGE / LIMIT   MEM %     NET I/O   BLOCK I/O     PIDS
1fa8a3c44c9e   pbbs_suffixArray   105.32%    38.65GiB / 96GiB    40.26%    0B / 0B   676kB / 0B    52
81a0614b3b6f   x265               4274.24%   2.964GiB / 96GiB    3.09%     0B / 0B   0B / 4.02MB   117
2025-02-17 06:07:37.132082
CONTAINER ID   NAME               CPU %      MEM USAGE / LIMIT   MEM %     NET I/O   BLOCK I/O     PIDS
1fa8a3c44c9e   pbbs_suffixArray   105.91%    36.97GiB / 96GiB    38.51%    0B / 0B   676kB / 0B    52
81a0614b3b6f   x265               4940.00%   2.979GiB / 96GiB    3.10%     0B / 0B   0B / 4.02MB   117
2025-02-17 06:07:39.142454
CONTAINER ID   NAME               CPU %      MEM USAGE / LIMIT   MEM %     NET I/O   BLOCK I/O     PIDS
1fa8a3c44c9e   pbbs_suffixArray   4253.68%   39.62GiB / 96GiB    41.27%    0B / 0B   676kB / 0B    52
81a0614b3b6f   x265               4018.29%   2.978GiB / 96GiB    3.10%     0B / 0B   0B / 4.02MB   115
2025-02-17 06:07:41.156760
CONTAINER ID   NAME               CPU %      MEM USAGE / LIMIT   MEM %     NET I/O   BLOCK I/O     PIDS
1fa8a3c44c9e   pbbs_suffixArray   4985.40%   43.04GiB / 96GiB    44.83%    0B / 0B   676kB / 0B    52
81a0614b3b6f   x265               3489.25%   2.978GiB / 96GiB    3.10%     0B / 0B   0B / 4.02MB   115
2025-02-17 06:07:43.167979
CONTAINER ID   NAME               CPU %      MEM USAGE / LIMIT   MEM %     NET I/O   BLOCK I/O     PIDS
1fa8a3c44c9e   pbbs_suffixArray   4797.09%   55.9GiB / 96GiB     58.23%    0B / 0B   676kB / 0B    52
81a0614b3b6f   x265               784.90%    899.9MiB / 96GiB    0.92%     0B / 0B   0B / 4.15MB   117
2025-02-17 06:07:45.183424
CONTAINER ID   NAME               CPU %      MEM USAGE / LIMIT   MEM %     NET I/O   BLOCK I/O     PIDS
1fa8a3c44c9e   pbbs_suffixArray   4941.97%   55.9GiB / 96GiB     58.23%    0B / 0B   676kB / 0B    52
81a0614b3b6f   x265               3522.65%   2.284GiB / 96GiB    2.38%     0B / 0B   0B / 4.15MB   117
2025-02-17 06:07:47.194617
CONTAINER ID   NAME               CPU %      MEM USAGE / LIMIT   MEM %     NET I/O   BLOCK I/O     PIDS
1fa8a3c44c9e   pbbs_suffixArray   1204.17%   36.48GiB / 96GiB    38.00%    0B / 0B   676kB / 0B    52
81a0614b3b6f   x265               3697.21%   2.879GiB / 96GiB    3.00%     0B / 0B   0B / 4.15MB   117
2025-02-17 06:07:49.211122
CONTAINER ID   NAME               CPU %      MEM USAGE / LIMIT   MEM %     NET I/O   BLOCK I/O     PIDS
1fa8a3c44c9e   pbbs_suffixArray   4923.65%   37.01GiB / 96GiB    38.55%    0B / 0B   676kB / 0B    52
81a0614b3b6f   x265               3623.50%   2.886GiB / 96GiB    3.01%     0B / 0B   0B / 4.15MB   117
2025-02-17 06:07:51.217425
CONTAINER ID   NAME               CPU %      MEM USAGE / LIMIT   MEM %     NET I/O   BLOCK I/O     PIDS
1fa8a3c44c9e   pbbs_suffixArray   4980.76%   48.01GiB / 96GiB    50.01%    0B / 0B   676kB / 0B    52
81a0614b3b6f   x265               3613.44%   2.886GiB / 96GiB    3.01%     0B / 0B   0B / 4.15MB   117
2025-02-17 06:07:53.231377
CONTAINER ID   NAME               CPU %      MEM USAGE / LIMIT   MEM %     NET I/O   BLOCK I/O     PIDS
1fa8a3c44c9e   pbbs_suffixArray   1732.07%   40.12GiB / 96GiB    41.79%    0B / 0B   676kB / 0B    52
81a0614b3b6f   x265               4433.23%   2.887GiB / 96GiB    3.01%     0B / 0B   0B / 4.15MB   117
2025-02-17 06:07:55.253028
CONTAINER ID   NAME               CPU %      MEM USAGE / LIMIT   MEM %     NET I/O   BLOCK I/O     PIDS
1fa8a3c44c9e   pbbs_suffixArray   4891.51%   32.23GiB / 96GiB    33.57%    0B / 0B   676kB / 0B    52
81a0614b3b6f   x265               3680.37%   2.889GiB / 96GiB    3.01%     0B / 0B   0B / 4.15MB   117
2025-02-17 06:07:57.264045
CONTAINER ID   NAME               CPU %      MEM USAGE / LIMIT   MEM %     NET I/O   BLOCK I/O     PIDS
1fa8a3c44c9e   pbbs_suffixArray   4944.02%   32.22GiB / 96GiB    33.57%    0B / 0B   676kB / 0B    52
81a0614b3b6f   x265               3717.38%   2.889GiB / 96GiB    3.01%     0B / 0B   0B / 4.15MB   117
2025-02-17 06:07:59.278651
CONTAINER ID   NAME               CPU %      MEM USAGE / LIMIT   MEM %     NET I/O   BLOCK I/O     PIDS
1fa8a3c44c9e   pbbs_suffixArray   5023.11%   36.67GiB / 96GiB    38.19%    0B / 0B   676kB / 0B    52
81a0614b3b6f   x265               3587.09%   2.888GiB / 96GiB    3.01%     0B / 0B   0B / 4.15MB   117
2025-02-17 06:08:01.314716
CONTAINER ID   NAME               CPU %      MEM USAGE / LIMIT   MEM %     NET I/O   BLOCK I/O     PIDS
1fa8a3c44c9e   pbbs_suffixArray   4652.32%   37.99GiB / 96GiB    39.57%    0B / 0B   676kB / 0B    52
81a0614b3b6f   x265               3818.73%   2.888GiB / 96GiB    3.01%     0B / 0B   0B / 4.15MB   117
2025-02-17 06:08:03.325392
CONTAINER ID   NAME               CPU %      MEM USAGE / LIMIT   MEM %     NET I/O   BLOCK I/O     PIDS
1fa8a3c44c9e   pbbs_suffixArray   4957.90%   40.19GiB / 96GiB    41.86%    0B / 0B   676kB / 0B    52
81a0614b3b6f   x265               3668.66%   2.905GiB / 96GiB    3.03%     0B / 0B   0B / 4.15MB   117
2025-02-17 06:08:05.338689
CONTAINER ID   NAME               CPU %      MEM USAGE / LIMIT   MEM %     NET I/O   BLOCK I/O     PIDS
1fa8a3c44c9e   pbbs_suffixArray   103.86%    33.41GiB / 96GiB    34.80%    0B / 0B   676kB / 0B    52
81a0614b3b6f   x265               4515.63%   2.911GiB / 96GiB    3.03%     0B / 0B   0B / 4.15MB   117
2025-02-17 06:08:07.348412
CONTAINER ID   NAME               CPU %      MEM USAGE / LIMIT   MEM %     NET I/O   BLOCK I/O     PIDS
1fa8a3c44c9e   pbbs_suffixArray   4988.60%   38.88GiB / 96GiB    40.50%    0B / 0B   676kB / 0B    52
81a0614b3b6f   x265               3407.19%   2.913GiB / 96GiB    3.03%     0B / 0B   0B / 4.15MB   117
2025-02-17 06:08:09.368195
CONTAINER ID   NAME               CPU %      MEM USAGE / LIMIT   MEM %     NET I/O   BLOCK I/O     PIDS
1fa8a3c44c9e   pbbs_suffixArray   2460.11%   44.24GiB / 96GiB    46.08%    0B / 0B   676kB / 0B    52
81a0614b3b6f   x265               4684.63%   2.916GiB / 96GiB    3.04%     0B / 0B   0B / 4.15MB   117
2025-02-17 06:08:11.377551
CONTAINER ID   NAME               CPU %      MEM USAGE / LIMIT   MEM %     NET I/O   BLOCK I/O     PIDS
1fa8a3c44c9e   pbbs_suffixArray   4980.62%   40.31GiB / 96GiB    41.99%    0B / 0B   676kB / 0B    52
81a0614b3b6f   x265               3680.88%   2.914GiB / 96GiB    3.04%     0B / 0B   0B / 4.15MB   117
2025-02-17 06:08:13.391152
CONTAINER ID   NAME               CPU %      MEM USAGE / LIMIT   MEM %     NET I/O   BLOCK I/O     PIDS
1fa8a3c44c9e   pbbs_suffixArray   4924.93%   42.32GiB / 96GiB    44.08%    0B / 0B   676kB / 0B    52
81a0614b3b6f   x265               3751.22%   2.915GiB / 96GiB    3.04%     0B / 0B   0B / 4.15MB   117
2025-02-17 06:08:15.400630
CONTAINER ID   NAME               CPU %      MEM USAGE / LIMIT   MEM %     NET I/O   BLOCK I/O     PIDS
1fa8a3c44c9e   pbbs_suffixArray   5001.00%   44.36GiB / 96GiB    46.20%    0B / 0B   676kB / 0B    52
81a0614b3b6f   x265               3701.08%   2.915GiB / 96GiB    3.04%     0B / 0B   0B / 4.15MB   117
2025-02-17 06:08:17.413070
CONTAINER ID   NAME               CPU %      MEM USAGE / LIMIT   MEM %     NET I/O   BLOCK I/O     PIDS
1fa8a3c44c9e   pbbs_suffixArray   942.36%    40.29GiB / 96GiB    41.97%    0B / 0B   676kB / 0B    52
81a0614b3b6f   x265               4603.88%   2.922GiB / 96GiB    3.04%     0B / 0B   0B / 4.15MB   117
2025-02-17 06:08:19.420691
CONTAINER ID   NAME               CPU %      MEM USAGE / LIMIT   MEM %     NET I/O   BLOCK I/O     PIDS
1fa8a3c44c9e   pbbs_suffixArray   104.61%    22.02GiB / 96GiB    22.93%    0B / 0B   676kB / 0B    52
81a0614b3b6f   x265               4743.91%   2.923GiB / 96GiB    3.04%     0B / 0B   0B / 4.15MB   117
2025-02-17 06:08:21.429165
CONTAINER ID   NAME               CPU %      MEM USAGE / LIMIT   MEM %     NET I/O   BLOCK I/O     PIDS
1fa8a3c44c9e   pbbs_suffixArray   4966.77%   36.89GiB / 96GiB    38.43%    0B / 0B   676kB / 0B    52
81a0614b3b6f   x265               3594.90%   2.922GiB / 96GiB    3.04%     0B / 0B   0B / 4.15MB   117
2025-02-17 06:08:23.442920
CONTAINER ID   NAME               CPU %      MEM USAGE / LIMIT   MEM %     NET I/O   BLOCK I/O     PIDS
1fa8a3c44c9e   pbbs_suffixArray   1869.31%   41.29GiB / 96GiB    43.01%    0B / 0B   676kB / 0B    52
81a0614b3b6f   x265               4354.70%   2.922GiB / 96GiB    3.04%     0B / 0B   0B / 4.15MB   117
2025-02-17 06:08:25.456864
CONTAINER ID   NAME               CPU %      MEM USAGE / LIMIT   MEM %     NET I/O   BLOCK I/O     PIDS
1fa8a3c44c9e   pbbs_suffixArray   2253.76%   40.46GiB / 96GiB    42.14%    0B / 0B   676kB / 0B    52
81a0614b3b6f   x265               4333.26%   2.923GiB / 96GiB    3.04%     0B / 0B   0B / 4.15MB   117
2025-02-17 06:08:27.474456
CONTAINER ID   NAME               CPU %      MEM USAGE / LIMIT   MEM %     NET I/O   BLOCK I/O     PIDS
1fa8a3c44c9e   pbbs_suffixArray   4983.67%   41.11GiB / 96GiB    42.82%    0B / 0B   676kB / 0B    52
81a0614b3b6f   x265               3489.68%   2.922GiB / 96GiB    3.04%     0B / 0B   0B / 4.15MB   117
2025-02-17 06:08:29.487675
CONTAINER ID   NAME               CPU %      MEM USAGE / LIMIT   MEM %     NET I/O   BLOCK I/O     PIDS
1fa8a3c44c9e   pbbs_suffixArray   3531.49%   38.8GiB / 96GiB     40.42%    0B / 0B   676kB / 0B    52
81a0614b3b6f   x265               4049.51%   2.923GiB / 96GiB    3.04%     0B / 0B   0B / 4.15MB   117
2025-02-17 06:08:31.499576
CONTAINER ID   NAME               CPU %      MEM USAGE / LIMIT   MEM %     NET I/O   BLOCK I/O     PIDS
1fa8a3c44c9e   pbbs_suffixArray   4924.81%   51.85GiB / 96GiB    54.01%    0B / 0B   676kB / 0B    52
81a0614b3b6f   x265               3808.30%   2.934GiB / 96GiB    3.06%     0B / 0B   0B / 4.15MB   117
2025-02-17 06:08:33.511403
CONTAINER ID   NAME               CPU %      MEM USAGE / LIMIT   MEM %     NET I/O   BLOCK I/O     PIDS
1fa8a3c44c9e   pbbs_suffixArray   4834.97%   55.9GiB / 96GiB     58.23%    0B / 0B   676kB / 0B    52
81a0614b3b6f   x265               4379.15%   2.942GiB / 96GiB    3.06%     0B / 0B   0B / 4.15MB   117
2025-02-17 06:08:35.529658
CONTAINER ID   NAME               CPU %      MEM USAGE / LIMIT   MEM %     NET I/O   BLOCK I/O     PIDS
1fa8a3c44c9e   pbbs_suffixArray   529.44%    44.07GiB / 96GiB    45.90%    0B / 0B   676kB / 0B    52
81a0614b3b6f   x265               4287.04%   2.962GiB / 96GiB    3.09%     0B / 0B   0B / 4.15MB   117
2025-02-17 06:08:37.541555
CONTAINER ID   NAME               CPU %      MEM USAGE / LIMIT   MEM %     NET I/O   BLOCK I/O     PIDS
1fa8a3c44c9e   pbbs_suffixArray   2932.53%   32.23GiB / 96GiB    33.57%    0B / 0B   676kB / 0B    52
81a0614b3b6f   x265               2366.90%   2.974GiB / 96GiB    3.10%     0B / 0B   0B / 4.15MB   117
2025-02-17 06:08:39.554740
CONTAINER ID   NAME               CPU %      MEM USAGE / LIMIT   MEM %     NET I/O   BLOCK I/O     PIDS
1fa8a3c44c9e   pbbs_suffixArray   4798.14%   44.24GiB / 96GiB    46.09%    0B / 0B   676kB / 0B    52
81a0614b3b6f   x265               3861.08%   2.981GiB / 96GiB    3.10%     0B / 0B   0B / 4.15MB   116
2025-02-17 06:08:41.565294
CONTAINER ID   NAME               CPU %      MEM USAGE / LIMIT   MEM %     NET I/O   BLOCK I/O     PIDS
1fa8a3c44c9e   pbbs_suffixArray   5004.43%   48.01GiB / 96GiB    50.01%    0B / 0B   676kB / 0B    52
81a0614b3b6f   x265               3661.73%   2.98GiB / 96GiB     3.10%     0B / 0B   0B / 4.15MB   115
2025-02-17 06:08:43.573060
CONTAINER ID   NAME               CPU %      MEM USAGE / LIMIT   MEM %     NET I/O   BLOCK I/O     PIDS
1fa8a3c44c9e   pbbs_suffixArray   1278.27%   32.23GiB / 96GiB    33.57%    0B / 0B   676kB / 0B    52
81a0614b3b6f   x265               3300.02%   2.791GiB / 96GiB    2.91%     0B / 0B   0B / 4.15MB   3
2025-02-17 06:08:45.589365
CONTAINER ID   NAME               CPU %      MEM USAGE / LIMIT   MEM %     NET I/O   BLOCK I/O     PIDS
1fa8a3c44c9e   pbbs_suffixArray   4796.50%   32.23GiB / 96GiB    33.57%    0B / 0B   676kB / 0B    52
81a0614b3b6f   x265               0.00%      2.035MiB / 96GiB    0.00%     0B / 0B   0B / 4.36MB   1
2025-02-17 06:08:47.598222
CONTAINER ID   NAME               CPU %      MEM USAGE / LIMIT   MEM %     NET I/O   BLOCK I/O     PIDS
1fa8a3c44c9e   pbbs_suffixArray   4806.32%   36.67GiB / 96GiB    38.20%    0B / 0B   676kB / 0B    52
81a0614b3b6f   x265               0.00%      1.684MiB / 96GiB    0.00%     0B / 0B   0B / 4.36MB   1
2025-02-17 06:08:49.613779
CONTAINER ID   NAME               CPU %      MEM USAGE / LIMIT   MEM %     NET I/O   BLOCK I/O     PIDS
1fa8a3c44c9e   pbbs_suffixArray   4790.53%   39.51GiB / 96GiB    41.15%    0B / 0B   676kB / 0B    52
81a0614b3b6f   x265               0.00%      1.609MiB / 96GiB    0.00%     0B / 0B   0B / 4.36MB   1
2025-02-17 06:08:51.622244
CONTAINER ID   NAME               CPU %     MEM USAGE / LIMIT   MEM %     NET I/O   BLOCK I/O     PIDS
1fa8a3c44c9e   pbbs_suffixArray   536.28%   32.23GiB / 96GiB    33.57%    0B / 0B   676kB / 0B    52
81a0614b3b6f   x265               0.00%     1.605MiB / 96GiB    0.00%     0B / 0B   0B / 4.36MB   1
2025-02-17 06:08:53.631552
CONTAINER ID   NAME               CPU %      MEM USAGE / LIMIT   MEM %     NET I/O   BLOCK I/O    PIDS
1fa8a3c44c9e   pbbs_suffixArray   4780.14%   40.88GiB / 96GiB    42.58%    0B / 0B   676kB / 0B   52
2025-02-17 06:08:55.642651
CONTAINER ID   NAME               CPU %      MEM USAGE / LIMIT   MEM %     NET I/O   BLOCK I/O    PIDS
1fa8a3c44c9e   pbbs_suffixArray   2473.02%   39.55GiB / 96GiB    41.19%    0B / 0B   676kB / 0B   52
2025-02-17 06:08:57.649810
CONTAINER ID   NAME               CPU %      MEM USAGE / LIMIT   MEM %     NET I/O   BLOCK I/O    PIDS
1fa8a3c44c9e   pbbs_suffixArray   4783.70%   42.68GiB / 96GiB    44.46%    0B / 0B   676kB / 0B   52
2025-02-17 06:08:59.655439
CONTAINER ID   NAME               CPU %      MEM USAGE / LIMIT   MEM %     NET I/O   BLOCK I/O    PIDS
1fa8a3c44c9e   pbbs_suffixArray   4052.73%   44.12GiB / 96GiB    45.95%    0B / 0B   676kB / 0B   52
2025-02-17 06:09:01.661626
CONTAINER ID   NAME               CPU %     MEM USAGE / LIMIT   MEM %     NET I/O   BLOCK I/O    PIDS
1fa8a3c44c9e   pbbs_suffixArray   99.92%    21.34GiB / 96GiB    22.23%    0B / 0B   676kB / 0B   52
2025-02-17 06:09:03.666835
CONTAINER ID   NAME      CPU %     MEM USAGE / LIMIT   MEM %     NET I/O   BLOCK I/O   PIDS
