2024-11-15 00:36:27.449186
CONTAINER ID   NAME      CPU %     MEM USAGE / LIMIT   MEM %     NET I/O   BLOCK I/O   PIDS
2024-11-15 00:36:28.086705
CONTAINER ID   NAME      CPU %     MEM USAGE / LIMIT   MEM %     NET I/O   BLOCK I/O   PIDS
2024-11-15 00:36:28.721642
CONTAINER ID   NAME      CPU %     MEM USAGE / LIMIT   MEM %     NET I/O   BLOCK I/O   PIDS
2024-11-15 00:36:29.357614
CONTAINER ID   NAME      CPU %     MEM USAGE / LIMIT   MEM %     NET I/O   BLOCK I/O   PIDS
2024-11-15 00:36:29.992194
CONTAINER ID   NAME      CPU %     MEM USAGE / LIMIT   MEM %     NET I/O   BLOCK I/O   PIDS
2024-11-15 00:36:30.625818
CONTAINER ID   NAME      CPU %     MEM USAGE / LIMIT   MEM %     NET I/O   BLOCK I/O   PIDS
2024-11-15 00:36:31.260230
CONTAINER ID   NAME      CPU %     MEM USAGE / LIMIT   MEM %     NET I/O   BLOCK I/O   PIDS
2024-11-15 00:36:31.892763
CONTAINER ID   NAME      CPU %     MEM USAGE / LIMIT   MEM %     NET I/O   BLOCK I/O   PIDS
2024-11-15 00:36:32.525643
CONTAINER ID   NAME      CPU %     MEM USAGE / LIMIT   MEM %     NET I/O   BLOCK I/O   PIDS
2024-11-15 00:36:33.158399
CONTAINER ID   NAME      CPU %     MEM USAGE / LIMIT   MEM %     NET I/O   BLOCK I/O   PIDS
2024-11-15 00:36:33.790499
CONTAINER ID   NAME      CPU %     MEM USAGE / LIMIT   MEM %     NET I/O   BLOCK I/O   PIDS
2024-11-15 00:36:34.422940
CONTAINER ID   NAME      CPU %     MEM USAGE / LIMIT   MEM %     NET I/O   BLOCK I/O   PIDS
2024-11-15 00:36:35.055776
CONTAINER ID   NAME      CPU %     MEM USAGE / LIMIT   MEM %     NET I/O   BLOCK I/O   PIDS
2024-11-15 00:36:35.687345
CONTAINER ID   NAME      CPU %     MEM USAGE / LIMIT   MEM %     NET I/O   BLOCK I/O   PIDS
2024-11-15 00:36:36.319710
CONTAINER ID   NAME      CPU %     MEM USAGE / LIMIT   MEM %     NET I/O   BLOCK I/O   PIDS
2024-11-15 00:36:36.952359
CONTAINER ID   NAME      CPU %     MEM USAGE / LIMIT   MEM %     NET I/O   BLOCK I/O   PIDS
2024-11-15 00:36:37.585374
CONTAINER ID   NAME      CPU %     MEM USAGE / LIMIT   MEM %     NET I/O   BLOCK I/O   PIDS
2024-11-15 00:36:38.218380
CONTAINER ID   NAME      CPU %     MEM USAGE / LIMIT   MEM %     NET I/O   BLOCK I/O   PIDS
2024-11-15 00:36:38.850286
CONTAINER ID   NAME      CPU %     MEM USAGE / LIMIT   MEM %     NET I/O   BLOCK I/O   PIDS
2024-11-15 00:36:39.483583
CONTAINER ID   NAME      CPU %     MEM USAGE / LIMIT   MEM %     NET I/O   BLOCK I/O   PIDS
2024-11-15 00:36:40.115225
CONTAINER ID   NAME      CPU %     MEM USAGE / LIMIT   MEM %     NET I/O   BLOCK I/O   PIDS
2024-11-15 00:36:40.747594
CONTAINER ID   NAME      CPU %     MEM USAGE / LIMIT   MEM %     NET I/O   BLOCK I/O   PIDS
2024-11-15 00:36:41.381384
CONTAINER ID   NAME      CPU %     MEM USAGE / LIMIT   MEM %     NET I/O   BLOCK I/O   PIDS
2024-11-15 00:36:42.013271
CONTAINER ID   NAME      CPU %     MEM USAGE / LIMIT   MEM %     NET I/O   BLOCK I/O   PIDS
2024-11-15 00:36:42.646654
CONTAINER ID   NAME      CPU %     MEM USAGE / LIMIT   MEM %     NET I/O   BLOCK I/O   PIDS
2024-11-15 00:36:43.278574
CONTAINER ID   NAME      CPU %     MEM USAGE / LIMIT   MEM %     NET I/O   BLOCK I/O   PIDS
2024-11-15 00:36:43.911402
CONTAINER ID   NAME      CPU %     MEM USAGE / LIMIT   MEM %     NET I/O   BLOCK I/O   PIDS
2024-11-15 00:36:44.544920
CONTAINER ID   NAME      CPU %     MEM USAGE / LIMIT   MEM %     NET I/O   BLOCK I/O   PIDS
2024-11-15 00:36:45.177708
CONTAINER ID   NAME      CPU %     MEM USAGE / LIMIT   MEM %     NET I/O   BLOCK I/O   PIDS
2024-11-15 00:36:45.811223
CONTAINER ID   NAME      CPU %     MEM USAGE / LIMIT   MEM %     NET I/O   BLOCK I/O   PIDS
2024-11-15 00:36:46.444589
CONTAINER ID   NAME      CPU %     MEM USAGE / LIMIT   MEM %     NET I/O   BLOCK I/O   PIDS
2024-11-15 00:36:47.077239
CONTAINER ID   NAME      CPU %     MEM USAGE / LIMIT   MEM %     NET I/O   BLOCK I/O   PIDS
2024-11-15 00:36:47.710678
CONTAINER ID   NAME           CPU %     MEM USAGE / LIMIT   MEM %     NET I/O   BLOCK I/O     PIDS
52b80db066f2   pbbs_nBody_1   99.89%    295MiB / 96GiB      0.30%     0B / 0B   0B / 0B       5
9880d3d88807   pbbs_nBody     100.38%   180.6MiB / 96GiB    0.18%     0B / 0B   28.7kB / 0B   5
2024-11-15 00:36:50.368848
CONTAINER ID   NAME           CPU %     MEM USAGE / LIMIT   MEM %     NET I/O   BLOCK I/O     PIDS
52b80db066f2   pbbs_nBody_1   99.92%    368.1MiB / 96GiB    0.37%     0B / 0B   0B / 0B       5
9880d3d88807   pbbs_nBody     99.81%    367.9MiB / 96GiB    0.37%     0B / 0B   28.7kB / 0B   5
2024-11-15 00:36:52.380765
CONTAINER ID   NAME           CPU %     MEM USAGE / LIMIT   MEM %     NET I/O   BLOCK I/O     PIDS
52b80db066f2   pbbs_nBody_1   99.52%    416.1MiB / 96GiB    0.42%     0B / 0B   0B / 0B       5
9880d3d88807   pbbs_nBody     99.56%    415.5MiB / 96GiB    0.42%     0B / 0B   28.7kB / 0B   5
2024-11-15 00:36:54.398494
CONTAINER ID   NAME           CPU %     MEM USAGE / LIMIT   MEM %     NET I/O   BLOCK I/O         PIDS
52b80db066f2   pbbs_nBody_1   94.34%    76.41MiB / 96GiB    0.08%     0B / 0B   0B / 19.6MB       5
9880d3d88807   pbbs_nBody     93.37%    64.46MiB / 96GiB    0.07%     0B / 0B   28.7kB / 19.6MB   5
2024-11-15 00:36:56.414062
CONTAINER ID   NAME           CPU %     MEM USAGE / LIMIT   MEM %     NET I/O   BLOCK I/O         PIDS
52b80db066f2   pbbs_nBody_1   99.45%    292.7MiB / 96GiB    0.30%     0B / 0B   119kB / 19.6MB    5
9880d3d88807   pbbs_nBody     99.79%    292.7MiB / 96GiB    0.30%     0B / 0B   28.7kB / 19.6MB   5
2024-11-15 00:36:58.429085
CONTAINER ID   NAME           CPU %     MEM USAGE / LIMIT   MEM %     NET I/O   BLOCK I/O         PIDS
52b80db066f2   pbbs_nBody_1   99.85%    477.8MiB / 96GiB    0.49%     0B / 0B   119kB / 19.6MB    5
9880d3d88807   pbbs_nBody     99.85%    477.4MiB / 96GiB    0.49%     0B / 0B   28.7kB / 19.6MB   5
2024-11-15 00:37:00.442757
CONTAINER ID   NAME           CPU %     MEM USAGE / LIMIT   MEM %     NET I/O   BLOCK I/O         PIDS
52b80db066f2   pbbs_nBody_1   100.27%   488.6MiB / 96GiB    0.50%     0B / 0B   119kB / 19.6MB    5
9880d3d88807   pbbs_nBody     99.79%    486.6MiB / 96GiB    0.49%     0B / 0B   28.7kB / 19.6MB   5
2024-11-15 00:37:02.459021
CONTAINER ID   NAME           CPU %     MEM USAGE / LIMIT   MEM %     NET I/O   BLOCK I/O         PIDS
52b80db066f2   pbbs_nBody_1   100.11%   521MiB / 96GiB      0.53%     0B / 0B   193kB / 19.6MB    5
9880d3d88807   pbbs_nBody     100.22%   511.7MiB / 96GiB    0.52%     0B / 0B   28.7kB / 19.6MB   5
2024-11-15 00:37:04.471324
CONTAINER ID   NAME           CPU %     MEM USAGE / LIMIT   MEM %     NET I/O   BLOCK I/O         PIDS
52b80db066f2   pbbs_nBody_1   99.18%    573.3MiB / 96GiB    0.58%     0B / 0B   193kB / 19.6MB    5
9880d3d88807   pbbs_nBody     99.07%    559.1MiB / 96GiB    0.57%     0B / 0B   28.7kB / 19.6MB   5
2024-11-15 00:37:06.485490
CONTAINER ID   NAME           CPU %     MEM USAGE / LIMIT   MEM %     NET I/O   BLOCK I/O         PIDS
52b80db066f2   pbbs_nBody_1   99.81%    618.6MiB / 96GiB    0.63%     0B / 0B   193kB / 19.6MB    5
9880d3d88807   pbbs_nBody     99.94%    607MiB / 96GiB      0.62%     0B / 0B   28.7kB / 19.6MB   5
2024-11-15 00:37:08.500906
CONTAINER ID   NAME           CPU %     MEM USAGE / LIMIT   MEM %     NET I/O   BLOCK I/O         PIDS
52b80db066f2   pbbs_nBody_1   99.83%    672.7MiB / 96GiB    0.68%     0B / 0B   193kB / 19.6MB    5
9880d3d88807   pbbs_nBody     100.24%   658.4MiB / 96GiB    0.67%     0B / 0B   28.7kB / 19.6MB   5
2024-11-15 00:37:10.514326
CONTAINER ID   NAME           CPU %     MEM USAGE / LIMIT   MEM %     NET I/O   BLOCK I/O         PIDS
52b80db066f2   pbbs_nBody_1   100.25%   7.367MiB / 96GiB    0.01%     0B / 0B   197kB / 63.4MB    4
9880d3d88807   pbbs_nBody     90.55%    134.6MiB / 96GiB    0.14%     0B / 0B   36.9kB / 63.8MB   5
2024-11-15 00:37:12.528394
CONTAINER ID   NAME           CPU %     MEM USAGE / LIMIT   MEM %     NET I/O   BLOCK I/O         PIDS
52b80db066f2   pbbs_nBody_1   99.68%    297.6MiB / 96GiB    0.30%     0B / 0B   205kB / 63.4MB    7
9880d3d88807   pbbs_nBody     99.40%    241.6MiB / 96GiB    0.25%     0B / 0B   36.9kB / 63.8MB   7
2024-11-15 00:37:14.543673
CONTAINER ID   NAME           CPU %     MEM USAGE / LIMIT   MEM %     NET I/O   BLOCK I/O         PIDS
52b80db066f2   pbbs_nBody_1   99.01%    357.3MiB / 96GiB    0.36%     0B / 0B   205kB / 63.4MB    7
9880d3d88807   pbbs_nBody     99.11%    345.8MiB / 96GiB    0.35%     0B / 0B   36.9kB / 63.8MB   7
2024-11-15 00:37:16.557107
CONTAINER ID   NAME           CPU %     MEM USAGE / LIMIT   MEM %     NET I/O   BLOCK I/O         PIDS
52b80db066f2   pbbs_nBody_1   99.69%    400.8MiB / 96GiB    0.41%     0B / 0B   205kB / 63.4MB    7
9880d3d88807   pbbs_nBody     100.06%   386.9MiB / 96GiB    0.39%     0B / 0B   36.9kB / 63.8MB   7
2024-11-15 00:37:18.570078
CONTAINER ID   NAME           CPU %     MEM USAGE / LIMIT   MEM %     NET I/O   BLOCK I/O         PIDS
52b80db066f2   pbbs_nBody_1   98.88%    191.4MiB / 96GiB    0.19%     0B / 0B   213kB / 82.2MB    6
9880d3d88807   pbbs_nBody     97.21%    77.5MiB / 96GiB     0.08%     0B / 0B   36.9kB / 82.7MB   7
2024-11-15 00:37:20.584828
CONTAINER ID   NAME           CPU %      MEM USAGE / LIMIT   MEM %     NET I/O   BLOCK I/O         PIDS
52b80db066f2   pbbs_nBody_1   1855.06%   2.177GiB / 96GiB    2.27%     0B / 0B   456MB / 82.2MB    52
9880d3d88807   pbbs_nBody     1766.43%   1.893GiB / 96GiB    1.97%     0B / 0B   99.7MB / 82.7MB   52
2024-11-15 00:37:22.603393
CONTAINER ID   NAME           CPU %     MEM USAGE / LIMIT   MEM %     NET I/O   BLOCK I/O         PIDS
52b80db066f2   pbbs_nBody_1   0.15%     2.177GiB / 96GiB    2.27%     0B / 0B   456MB / 82.2MB    52
9880d3d88807   pbbs_nBody     0.13%     1.892GiB / 96GiB    1.97%     0B / 0B   99.7MB / 82.7MB   52
2024-11-15 00:37:24.613333
CONTAINER ID   NAME           CPU %     MEM USAGE / LIMIT   MEM %     NET I/O   BLOCK I/O         PIDS
52b80db066f2   pbbs_nBody_1   0.14%     2.176GiB / 96GiB    2.27%     0B / 0B   456MB / 82.2MB    52
9880d3d88807   pbbs_nBody     0.14%     1.89GiB / 96GiB     1.97%     0B / 0B   99.7MB / 82.7MB   52
2024-11-15 00:37:26.625737
CONTAINER ID   NAME           CPU %     MEM USAGE / LIMIT   MEM %     NET I/O   BLOCK I/O         PIDS
52b80db066f2   pbbs_nBody_1   0.14%     2.176GiB / 96GiB    2.27%     0B / 0B   456MB / 82.2MB    52
9880d3d88807   pbbs_nBody     0.13%     1.89GiB / 96GiB     1.97%     0B / 0B   99.7MB / 82.7MB   52
2024-11-15 00:37:28.636709
CONTAINER ID   NAME           CPU %     MEM USAGE / LIMIT   MEM %     NET I/O   BLOCK I/O         PIDS
52b80db066f2   pbbs_nBody_1   0.14%     2.176GiB / 96GiB    2.27%     0B / 0B   456MB / 82.2MB    52
9880d3d88807   pbbs_nBody     0.12%     1.89GiB / 96GiB     1.97%     0B / 0B   99.7MB / 82.7MB   52
2024-11-15 00:37:30.647835
CONTAINER ID   NAME           CPU %     MEM USAGE / LIMIT   MEM %     NET I/O   BLOCK I/O         PIDS
52b80db066f2   pbbs_nBody_1   0.14%     2.176GiB / 96GiB    2.27%     0B / 0B   456MB / 82.2MB    52
9880d3d88807   pbbs_nBody     0.09%     1.89GiB / 96GiB     1.97%     0B / 0B   99.7MB / 82.7MB   52
2024-11-15 00:37:32.660642
CONTAINER ID   NAME           CPU %     MEM USAGE / LIMIT   MEM %     NET I/O   BLOCK I/O         PIDS
52b80db066f2   pbbs_nBody_1   0.14%     2.176GiB / 96GiB    2.27%     0B / 0B   456MB / 82.2MB    52
9880d3d88807   pbbs_nBody     0.12%     1.89GiB / 96GiB     1.97%     0B / 0B   99.7MB / 82.7MB   52
2024-11-15 00:37:34.673192
CONTAINER ID   NAME           CPU %     MEM USAGE / LIMIT   MEM %     NET I/O   BLOCK I/O         PIDS
52b80db066f2   pbbs_nBody_1   0.14%     2.176GiB / 96GiB    2.27%     0B / 0B   456MB / 82.2MB    52
9880d3d88807   pbbs_nBody     0.12%     1.89GiB / 96GiB     1.97%     0B / 0B   99.7MB / 82.7MB   52
2024-11-15 00:37:36.686334
CONTAINER ID   NAME           CPU %     MEM USAGE / LIMIT   MEM %     NET I/O   BLOCK I/O         PIDS
52b80db066f2   pbbs_nBody_1   0.15%     2.176GiB / 96GiB    2.27%     0B / 0B   456MB / 82.2MB    52
9880d3d88807   pbbs_nBody     0.12%     1.89GiB / 96GiB     1.97%     0B / 0B   99.7MB / 82.7MB   52
2024-11-15 00:37:38.698566
CONTAINER ID   NAME           CPU %     MEM USAGE / LIMIT   MEM %     NET I/O   BLOCK I/O         PIDS
52b80db066f2   pbbs_nBody_1   0.13%     2.176GiB / 96GiB    2.27%     0B / 0B   456MB / 82.2MB    52
9880d3d88807   pbbs_nBody     0.12%     1.89GiB / 96GiB     1.97%     0B / 0B   99.7MB / 82.7MB   52
2024-11-15 00:37:40.711029
CONTAINER ID   NAME           CPU %     MEM USAGE / LIMIT   MEM %     NET I/O   BLOCK I/O         PIDS
52b80db066f2   pbbs_nBody_1   0.13%     2.176GiB / 96GiB    2.27%     0B / 0B   456MB / 82.2MB    52
9880d3d88807   pbbs_nBody     0.12%     1.89GiB / 96GiB     1.97%     0B / 0B   99.7MB / 82.7MB   52
2024-11-15 00:37:42.723143
CONTAINER ID   NAME           CPU %     MEM USAGE / LIMIT   MEM %     NET I/O   BLOCK I/O         PIDS
52b80db066f2   pbbs_nBody_1   0.14%     2.176GiB / 96GiB    2.27%     0B / 0B   456MB / 82.2MB    52
9880d3d88807   pbbs_nBody     0.11%     1.89GiB / 96GiB     1.97%     0B / 0B   99.7MB / 82.7MB   52
2024-11-15 00:37:44.734860
CONTAINER ID   NAME           CPU %     MEM USAGE / LIMIT   MEM %     NET I/O   BLOCK I/O         PIDS
52b80db066f2   pbbs_nBody_1   0.14%     2.176GiB / 96GiB    2.27%     0B / 0B   456MB / 82.2MB    52
9880d3d88807   pbbs_nBody     0.11%     1.89GiB / 96GiB     1.97%     0B / 0B   99.7MB / 82.7MB   52
2024-11-15 00:37:46.746579
CONTAINER ID   NAME           CPU %     MEM USAGE / LIMIT   MEM %     NET I/O   BLOCK I/O         PIDS
52b80db066f2   pbbs_nBody_1   0.14%     2.176GiB / 96GiB    2.27%     0B / 0B   456MB / 82.2MB    52
9880d3d88807   pbbs_nBody     0.12%     1.89GiB / 96GiB     1.97%     0B / 0B   99.7MB / 82.7MB   52
2024-11-15 00:37:48.758818
CONTAINER ID   NAME           CPU %     MEM USAGE / LIMIT   MEM %     NET I/O   BLOCK I/O         PIDS
52b80db066f2   pbbs_nBody_1   0.14%     2.176GiB / 96GiB    2.27%     0B / 0B   456MB / 82.2MB    52
9880d3d88807   pbbs_nBody     0.12%     1.89GiB / 96GiB     1.97%     0B / 0B   99.7MB / 82.7MB   52
2024-11-15 00:37:50.772422
CONTAINER ID   NAME           CPU %     MEM USAGE / LIMIT   MEM %     NET I/O   BLOCK I/O         PIDS
52b80db066f2   pbbs_nBody_1   0.15%     2.176GiB / 96GiB    2.27%     0B / 0B   456MB / 82.2MB    52
9880d3d88807   pbbs_nBody     0.12%     1.89GiB / 96GiB     1.97%     0B / 0B   99.7MB / 82.7MB   52
2024-11-15 00:37:52.785691
CONTAINER ID   NAME           CPU %     MEM USAGE / LIMIT   MEM %     NET I/O   BLOCK I/O         PIDS
52b80db066f2   pbbs_nBody_1   0.15%     2.176GiB / 96GiB    2.27%     0B / 0B   456MB / 82.2MB    52
9880d3d88807   pbbs_nBody     0.11%     1.89GiB / 96GiB     1.97%     0B / 0B   99.7MB / 82.7MB   52
2024-11-15 00:37:54.797257
CONTAINER ID   NAME           CPU %     MEM USAGE / LIMIT   MEM %     NET I/O   BLOCK I/O         PIDS
52b80db066f2   pbbs_nBody_1   0.15%     2.176GiB / 96GiB    2.27%     0B / 0B   456MB / 82.2MB    52
9880d3d88807   pbbs_nBody     0.11%     1.89GiB / 96GiB     1.97%     0B / 0B   99.7MB / 82.7MB   52
2024-11-15 00:37:56.809162
CONTAINER ID   NAME           CPU %     MEM USAGE / LIMIT   MEM %     NET I/O   BLOCK I/O         PIDS
52b80db066f2   pbbs_nBody_1   0.15%     2.176GiB / 96GiB    2.27%     0B / 0B   456MB / 82.2MB    52
9880d3d88807   pbbs_nBody     0.11%     1.89GiB / 96GiB     1.97%     0B / 0B   99.7MB / 82.7MB   52
2024-11-15 00:37:58.820837
CONTAINER ID   NAME           CPU %     MEM USAGE / LIMIT   MEM %     NET I/O   BLOCK I/O         PIDS
52b80db066f2   pbbs_nBody_1   0.16%     2.176GiB / 96GiB    2.27%     0B / 0B   456MB / 82.2MB    52
9880d3d88807   pbbs_nBody     0.11%     1.89GiB / 96GiB     1.97%     0B / 0B   99.7MB / 82.7MB   52
2024-11-15 00:38:00.836577
CONTAINER ID   NAME           CPU %     MEM USAGE / LIMIT   MEM %     NET I/O   BLOCK I/O         PIDS
52b80db066f2   pbbs_nBody_1   0.15%     2.176GiB / 96GiB    2.27%     0B / 0B   456MB / 82.2MB    52
9880d3d88807   pbbs_nBody     0.11%     1.89GiB / 96GiB     1.97%     0B / 0B   99.7MB / 82.7MB   52
2024-11-15 00:38:02.849184
CONTAINER ID   NAME           CPU %     MEM USAGE / LIMIT   MEM %     NET I/O   BLOCK I/O         PIDS
52b80db066f2   pbbs_nBody_1   0.14%     2.176GiB / 96GiB    2.27%     0B / 0B   456MB / 82.2MB    52
9880d3d88807   pbbs_nBody     0.12%     1.89GiB / 96GiB     1.97%     0B / 0B   99.7MB / 82.7MB   52
2024-11-15 00:38:04.859212
CONTAINER ID   NAME           CPU %     MEM USAGE / LIMIT   MEM %     NET I/O   BLOCK I/O         PIDS
52b80db066f2   pbbs_nBody_1   0.14%     2.176GiB / 96GiB    2.27%     0B / 0B   456MB / 82.2MB    52
9880d3d88807   pbbs_nBody     0.11%     1.89GiB / 96GiB     1.97%     0B / 0B   99.7MB / 82.7MB   52
2024-11-15 00:38:06.871955
CONTAINER ID   NAME           CPU %     MEM USAGE / LIMIT   MEM %     NET I/O   BLOCK I/O         PIDS
52b80db066f2   pbbs_nBody_1   0.14%     2.176GiB / 96GiB    2.27%     0B / 0B   456MB / 82.2MB    52
9880d3d88807   pbbs_nBody     0.11%     1.89GiB / 96GiB     1.97%     0B / 0B   99.7MB / 82.7MB   52
2024-11-15 00:38:08.885746
CONTAINER ID   NAME           CPU %     MEM USAGE / LIMIT   MEM %     NET I/O   BLOCK I/O         PIDS
52b80db066f2   pbbs_nBody_1   0.14%     2.176GiB / 96GiB    2.27%     0B / 0B   456MB / 82.2MB    52
9880d3d88807   pbbs_nBody     0.11%     1.89GiB / 96GiB     1.97%     0B / 0B   99.7MB / 82.7MB   52
2024-11-15 00:38:10.895668
CONTAINER ID   NAME           CPU %     MEM USAGE / LIMIT   MEM %     NET I/O   BLOCK I/O         PIDS
52b80db066f2   pbbs_nBody_1   0.15%     2.176GiB / 96GiB    2.27%     0B / 0B   456MB / 82.2MB    52
9880d3d88807   pbbs_nBody     0.11%     1.89GiB / 96GiB     1.97%     0B / 0B   99.7MB / 82.7MB   52
2024-11-15 00:38:12.906654
CONTAINER ID   NAME           CPU %     MEM USAGE / LIMIT   MEM %     NET I/O   BLOCK I/O         PIDS
52b80db066f2   pbbs_nBody_1   0.14%     2.176GiB / 96GiB    2.27%     0B / 0B   456MB / 82.2MB    52
9880d3d88807   pbbs_nBody     0.11%     1.89GiB / 96GiB     1.97%     0B / 0B   99.7MB / 82.7MB   52
2024-11-15 00:38:14.916618
CONTAINER ID   NAME           CPU %     MEM USAGE / LIMIT   MEM %     NET I/O   BLOCK I/O         PIDS
52b80db066f2   pbbs_nBody_1   0.15%     2.176GiB / 96GiB    2.27%     0B / 0B   456MB / 82.2MB    52
9880d3d88807   pbbs_nBody     0.11%     1.89GiB / 96GiB     1.97%     0B / 0B   99.7MB / 82.7MB   52
2024-11-15 00:38:16.927939
CONTAINER ID   NAME           CPU %     MEM USAGE / LIMIT   MEM %     NET I/O   BLOCK I/O         PIDS
52b80db066f2   pbbs_nBody_1   0.14%     2.176GiB / 96GiB    2.27%     0B / 0B   456MB / 82.2MB    52
9880d3d88807   pbbs_nBody     0.11%     1.89GiB / 96GiB     1.97%     0B / 0B   99.7MB / 82.7MB   52
2024-11-15 00:38:18.938167
CONTAINER ID   NAME           CPU %     MEM USAGE / LIMIT   MEM %     NET I/O   BLOCK I/O         PIDS
52b80db066f2   pbbs_nBody_1   0.14%     2.176GiB / 96GiB    2.27%     0B / 0B   456MB / 82.2MB    52
9880d3d88807   pbbs_nBody     0.11%     1.89GiB / 96GiB     1.97%     0B / 0B   99.7MB / 82.7MB   52
2024-11-15 00:38:20.950964
CONTAINER ID   NAME           CPU %     MEM USAGE / LIMIT   MEM %     NET I/O   BLOCK I/O         PIDS
52b80db066f2   pbbs_nBody_1   0.14%     2.176GiB / 96GiB    2.27%     0B / 0B   456MB / 82.2MB    52
9880d3d88807   pbbs_nBody     0.11%     1.89GiB / 96GiB     1.97%     0B / 0B   99.7MB / 82.7MB   52
2024-11-15 00:38:22.964358
CONTAINER ID   NAME           CPU %     MEM USAGE / LIMIT   MEM %     NET I/O   BLOCK I/O         PIDS
52b80db066f2   pbbs_nBody_1   0.14%     2.176GiB / 96GiB    2.27%     0B / 0B   456MB / 82.2MB    52
9880d3d88807   pbbs_nBody     0.10%     1.89GiB / 96GiB     1.97%     0B / 0B   99.7MB / 82.7MB   52
2024-11-15 00:38:24.976736
CONTAINER ID   NAME           CPU %     MEM USAGE / LIMIT   MEM %     NET I/O   BLOCK I/O         PIDS
52b80db066f2   pbbs_nBody_1   0.14%     2.176GiB / 96GiB    2.27%     0B / 0B   456MB / 82.2MB    52
9880d3d88807   pbbs_nBody     0.11%     1.89GiB / 96GiB     1.97%     0B / 0B   99.7MB / 82.7MB   52
2024-11-15 00:38:26.987964
CONTAINER ID   NAME           CPU %      MEM USAGE / LIMIT   MEM %     NET I/O   BLOCK I/O         PIDS
52b80db066f2   pbbs_nBody_1   2663.01%   2.531GiB / 96GiB    2.64%     0B / 0B   456MB / 82.2MB    52
9880d3d88807   pbbs_nBody     2746.31%   2.272GiB / 96GiB    2.37%     0B / 0B   99.7MB / 82.7MB   52
2024-11-15 00:38:29.012953
CONTAINER ID   NAME           CPU %      MEM USAGE / LIMIT   MEM %     NET I/O   BLOCK I/O         PIDS
52b80db066f2   pbbs_nBody_1   3125.28%   4.507GiB / 96GiB    4.70%     0B / 0B   456MB / 82.2MB    52
9880d3d88807   pbbs_nBody     3012.61%   4.234GiB / 96GiB    4.41%     0B / 0B   99.7MB / 82.7MB   52
2024-11-15 00:38:31.031681
CONTAINER ID   NAME           CPU %      MEM USAGE / LIMIT   MEM %     NET I/O   BLOCK I/O         PIDS
52b80db066f2   pbbs_nBody_1   4806.56%   4.596GiB / 96GiB    4.79%     0B / 0B   456MB / 82.2MB    52
9880d3d88807   pbbs_nBody     4792.45%   4.313GiB / 96GiB    4.49%     0B / 0B   99.7MB / 82.7MB   52
2024-11-15 00:38:33.048926
CONTAINER ID   NAME           CPU %      MEM USAGE / LIMIT   MEM %     NET I/O   BLOCK I/O         PIDS
52b80db066f2   pbbs_nBody_1   4809.42%   4.596GiB / 96GiB    4.79%     0B / 0B   456MB / 82.2MB    52
9880d3d88807   pbbs_nBody     4794.38%   4.313GiB / 96GiB    4.49%     0B / 0B   99.7MB / 82.7MB   52
2024-11-15 00:38:35.054556
CONTAINER ID   NAME           CPU %      MEM USAGE / LIMIT   MEM %     NET I/O   BLOCK I/O         PIDS
52b80db066f2   pbbs_nBody_1   4791.07%   4.596GiB / 96GiB    4.79%     0B / 0B   456MB / 82.2MB    52
9880d3d88807   pbbs_nBody     4791.90%   4.313GiB / 96GiB    4.49%     0B / 0B   99.7MB / 82.7MB   52
2024-11-15 00:38:38.357536
CONTAINER ID   NAME           CPU %      MEM USAGE / LIMIT   MEM %     NET I/O   BLOCK I/O         PIDS
52b80db066f2   pbbs_nBody_1   4809.58%   4.596GiB / 96GiB    4.79%     0B / 0B   456MB / 82.2MB    52
9880d3d88807   pbbs_nBody     4810.75%   4.313GiB / 96GiB    4.49%     0B / 0B   99.7MB / 82.7MB   52
2024-11-15 00:38:40.368254
CONTAINER ID   NAME           CPU %      MEM USAGE / LIMIT   MEM %     NET I/O   BLOCK I/O         PIDS
52b80db066f2   pbbs_nBody_1   4809.88%   4.596GiB / 96GiB    4.79%     0B / 0B   456MB / 82.2MB    52
9880d3d88807   pbbs_nBody     4791.74%   4.312GiB / 96GiB    4.49%     0B / 0B   99.7MB / 82.7MB   52
2024-11-15 00:38:42.377825
CONTAINER ID   NAME           CPU %      MEM USAGE / LIMIT   MEM %     NET I/O   BLOCK I/O         PIDS
52b80db066f2   pbbs_nBody_1   4790.24%   4.596GiB / 96GiB    4.79%     0B / 0B   456MB / 82.2MB    52
9880d3d88807   pbbs_nBody     4773.19%   4.313GiB / 96GiB    4.49%     0B / 0B   99.7MB / 82.7MB   52
2024-11-15 00:38:45.750882
CONTAINER ID   NAME           CPU %      MEM USAGE / LIMIT   MEM %     NET I/O   BLOCK I/O         PIDS
52b80db066f2   pbbs_nBody_1   4787.26%   4.883GiB / 96GiB    5.09%     0B / 0B   456MB / 82.2MB    52
9880d3d88807   pbbs_nBody     4789.20%   4.313GiB / 96GiB    4.49%     0B / 0B   99.7MB / 82.7MB   52
2024-11-15 00:38:49.059672
CONTAINER ID   NAME           CPU %      MEM USAGE / LIMIT   MEM %     NET I/O   BLOCK I/O         PIDS
52b80db066f2   pbbs_nBody_1   4742.73%   6.367GiB / 96GiB    6.63%     0B / 0B   456MB / 82.2MB    52
9880d3d88807   pbbs_nBody     4783.26%   6.691GiB / 96GiB    6.97%     0B / 0B   99.7MB / 82.7MB   52
2024-11-15 00:38:51.069589
CONTAINER ID   NAME           CPU %      MEM USAGE / LIMIT   MEM %     NET I/O   BLOCK I/O         PIDS
52b80db066f2   pbbs_nBody_1   4803.50%   7.817GiB / 96GiB    8.14%     0B / 0B   456MB / 82.2MB    52
9880d3d88807   pbbs_nBody     4771.68%   8.172GiB / 96GiB    8.51%     0B / 0B   99.7MB / 82.7MB   52
2024-11-15 00:38:53.087502
CONTAINER ID   NAME           CPU %      MEM USAGE / LIMIT   MEM %     NET I/O   BLOCK I/O         PIDS
52b80db066f2   pbbs_nBody_1   4844.45%   9.289GiB / 96GiB    9.68%     0B / 0B   456MB / 82.2MB    52
9880d3d88807   pbbs_nBody     4774.08%   9.679GiB / 96GiB    10.08%    0B / 0B   99.7MB / 82.7MB   52
2024-11-15 00:38:55.111432
CONTAINER ID   NAME           CPU %      MEM USAGE / LIMIT   MEM %     NET I/O   BLOCK I/O         PIDS
52b80db066f2   pbbs_nBody_1   4787.41%   10.71GiB / 96GiB    11.16%    0B / 0B   456MB / 82.2MB    52
9880d3d88807   pbbs_nBody     4810.07%   11.16GiB / 96GiB    11.62%    0B / 0B   99.7MB / 82.7MB   52
2024-11-15 00:38:57.125261
CONTAINER ID   NAME           CPU %      MEM USAGE / LIMIT   MEM %     NET I/O   BLOCK I/O         PIDS
52b80db066f2   pbbs_nBody_1   4808.25%   12.17GiB / 96GiB    12.67%    0B / 0B   456MB / 82.2MB    52
9880d3d88807   pbbs_nBody     4747.22%   12.48GiB / 96GiB    13.00%    0B / 0B   99.7MB / 82.7MB   52
2024-11-15 00:38:59.139194
CONTAINER ID   NAME           CPU %      MEM USAGE / LIMIT   MEM %     NET I/O   BLOCK I/O         PIDS
52b80db066f2   pbbs_nBody_1   3568.04%   12.76GiB / 96GiB    13.29%    0B / 0B   456MB / 82.2MB    52
9880d3d88807   pbbs_nBody     4539.71%   13.21GiB / 96GiB    13.76%    0B / 0B   99.7MB / 82.7MB   52
2024-11-15 00:39:01.161623
CONTAINER ID   NAME           CPU %      MEM USAGE / LIMIT   MEM %     NET I/O   BLOCK I/O         PIDS
52b80db066f2   pbbs_nBody_1   3372.74%   14.34GiB / 96GiB    14.94%    0B / 0B   456MB / 82.2MB    52
9880d3d88807   pbbs_nBody     368.94%    14.21GiB / 96GiB    14.80%    0B / 0B   99.7MB / 82.7MB   52
2024-11-15 00:39:03.178075
CONTAINER ID   NAME           CPU %      MEM USAGE / LIMIT   MEM %     NET I/O   BLOCK I/O         PIDS
52b80db066f2   pbbs_nBody_1   4807.64%   14.47GiB / 96GiB    15.07%    0B / 0B   456MB / 82.2MB    52
9880d3d88807   pbbs_nBody     4771.07%   14.2GiB / 96GiB     14.80%    0B / 0B   99.7MB / 82.7MB   52
2024-11-15 00:39:05.190568
CONTAINER ID   NAME           CPU %      MEM USAGE / LIMIT   MEM %     NET I/O   BLOCK I/O         PIDS
52b80db066f2   pbbs_nBody_1   4771.80%   14.47GiB / 96GiB    15.07%    0B / 0B   456MB / 82.2MB    52
9880d3d88807   pbbs_nBody     4771.94%   14.2GiB / 96GiB     14.80%    0B / 0B   99.7MB / 82.7MB   52
2024-11-15 00:39:08.484343
CONTAINER ID   NAME           CPU %      MEM USAGE / LIMIT   MEM %     NET I/O   BLOCK I/O         PIDS
52b80db066f2   pbbs_nBody_1   4788.71%   14.47GiB / 96GiB    15.07%    0B / 0B   456MB / 82.2MB    52
9880d3d88807   pbbs_nBody     4790.49%   14.2GiB / 96GiB     14.80%    0B / 0B   99.7MB / 82.7MB   52
2024-11-15 00:39:10.793515
CONTAINER ID   NAME           CPU %      MEM USAGE / LIMIT   MEM %     NET I/O   BLOCK I/O         PIDS
52b80db066f2   pbbs_nBody_1   4774.66%   14.47GiB / 96GiB    15.07%    0B / 0B   456MB / 82.2MB    52
9880d3d88807   pbbs_nBody     4813.95%   14.2GiB / 96GiB     14.80%    0B / 0B   99.7MB / 82.7MB   52
2024-11-15 00:39:12.807843
CONTAINER ID   NAME           CPU %      MEM USAGE / LIMIT   MEM %     NET I/O   BLOCK I/O         PIDS
52b80db066f2   pbbs_nBody_1   4789.72%   14.47GiB / 96GiB    15.07%    0B / 0B   456MB / 82.2MB    52
9880d3d88807   pbbs_nBody     4813.88%   14.2GiB / 96GiB     14.80%    0B / 0B   99.7MB / 82.7MB   52
2024-11-15 00:39:16.103174
CONTAINER ID   NAME           CPU %      MEM USAGE / LIMIT   MEM %     NET I/O   BLOCK I/O         PIDS
52b80db066f2   pbbs_nBody_1   4763.80%   14.47GiB / 96GiB    15.07%    0B / 0B   456MB / 82.2MB    52
9880d3d88807   pbbs_nBody     4770.06%   14.2GiB / 96GiB     14.80%    0B / 0B   99.7MB / 82.7MB   52
2024-11-15 00:39:18.121047
CONTAINER ID   NAME           CPU %      MEM USAGE / LIMIT   MEM %     NET I/O   BLOCK I/O         PIDS
52b80db066f2   pbbs_nBody_1   4783.63%   14.47GiB / 96GiB    15.07%    0B / 0B   456MB / 82.2MB    52
9880d3d88807   pbbs_nBody     4809.49%   15.43GiB / 96GiB    16.08%    0B / 0B   99.7MB / 82.7MB   52
2024-11-15 00:39:21.174840
CONTAINER ID   NAME           CPU %      MEM USAGE / LIMIT   MEM %     NET I/O   BLOCK I/O         PIDS
52b80db066f2   pbbs_nBody_1   4774.88%   16.2GiB / 96GiB     16.88%    0B / 0B   456MB / 82.2MB    52
9880d3d88807   pbbs_nBody     4783.09%   16.93GiB / 96GiB    17.63%    0B / 0B   99.7MB / 82.7MB   52
2024-11-15 00:39:23.187997
CONTAINER ID   NAME           CPU %      MEM USAGE / LIMIT   MEM %     NET I/O   BLOCK I/O         PIDS
52b80db066f2   pbbs_nBody_1   4809.17%   17.69GiB / 96GiB    18.42%    0B / 0B   456MB / 82.2MB    52
9880d3d88807   pbbs_nBody     4807.13%   18.4GiB / 96GiB     19.17%    0B / 0B   99.7MB / 82.7MB   52
2024-11-15 00:39:25.203792
CONTAINER ID   NAME           CPU %      MEM USAGE / LIMIT   MEM %     NET I/O   BLOCK I/O         PIDS
52b80db066f2   pbbs_nBody_1   4810.86%   19.17GiB / 96GiB    19.97%    0B / 0B   456MB / 82.2MB    52
9880d3d88807   pbbs_nBody     4790.94%   19.87GiB / 96GiB    20.70%    0B / 0B   99.7MB / 82.7MB   52
2024-11-15 00:39:27.213282
CONTAINER ID   NAME           CPU %      MEM USAGE / LIMIT   MEM %     NET I/O   BLOCK I/O         PIDS
52b80db066f2   pbbs_nBody_1   4804.79%   20.62GiB / 96GiB    21.48%    0B / 0B   456MB / 82.2MB    52
9880d3d88807   pbbs_nBody     4793.89%   21.33GiB / 96GiB    22.22%    0B / 0B   99.7MB / 82.7MB   52
2024-11-15 00:39:29.228369
CONTAINER ID   NAME           CPU %      MEM USAGE / LIMIT   MEM %     NET I/O   BLOCK I/O         PIDS
52b80db066f2   pbbs_nBody_1   4758.37%   22.1GiB / 96GiB     23.02%    0B / 0B   456MB / 82.2MB    52
9880d3d88807   pbbs_nBody     4215.67%   22.37GiB / 96GiB    23.31%    0B / 0B   99.7MB / 82.7MB   52
2024-11-15 00:39:31.241624
CONTAINER ID   NAME           CPU %      MEM USAGE / LIMIT   MEM %     NET I/O   BLOCK I/O         PIDS
52b80db066f2   pbbs_nBody_1   3949.31%   22.64GiB / 96GiB    23.59%    0B / 0B   456MB / 82.2MB    52
9880d3d88807   pbbs_nBody     4366.70%   23.83GiB / 96GiB    24.82%    0B / 0B   99.7MB / 82.7MB   52
2024-11-15 00:39:33.258944
CONTAINER ID   NAME           CPU %      MEM USAGE / LIMIT   MEM %     NET I/O   BLOCK I/O         PIDS
52b80db066f2   pbbs_nBody_1   2282.94%   24.27GiB / 96GiB    25.29%    0B / 0B   456MB / 82.2MB    52
9880d3d88807   pbbs_nBody     1815.84%   24.06GiB / 96GiB    25.06%    0B / 0B   99.7MB / 82.7MB   52
2024-11-15 00:39:35.269065
CONTAINER ID   NAME           CPU %      MEM USAGE / LIMIT   MEM %     NET I/O   BLOCK I/O         PIDS
52b80db066f2   pbbs_nBody_1   4791.56%   24.35GiB / 96GiB    25.36%    0B / 0B   456MB / 82.2MB    52
9880d3d88807   pbbs_nBody     4779.19%   24.06GiB / 96GiB    25.06%    0B / 0B   99.7MB / 82.7MB   52
2024-11-15 00:39:38.570945
CONTAINER ID   NAME           CPU %      MEM USAGE / LIMIT   MEM %     NET I/O   BLOCK I/O         PIDS
52b80db066f2   pbbs_nBody_1   4791.29%   24.35GiB / 96GiB    25.36%    0B / 0B   456MB / 82.2MB    52
9880d3d88807   pbbs_nBody     4814.55%   24.06GiB / 96GiB    25.06%    0B / 0B   99.7MB / 82.7MB   52
2024-11-15 00:39:41.850657
CONTAINER ID   NAME           CPU %      MEM USAGE / LIMIT   MEM %     NET I/O   BLOCK I/O         PIDS
52b80db066f2   pbbs_nBody_1   4790.87%   24.35GiB / 96GiB    25.36%    0B / 0B   456MB / 82.2MB    52
9880d3d88807   pbbs_nBody     4791.32%   24.06GiB / 96GiB    25.06%    0B / 0B   99.7MB / 82.7MB   52
2024-11-15 00:39:45.181193
CONTAINER ID   NAME           CPU %      MEM USAGE / LIMIT   MEM %     NET I/O   BLOCK I/O         PIDS
52b80db066f2   pbbs_nBody_1   4786.07%   24.35GiB / 96GiB    25.36%    0B / 0B   456MB / 82.2MB    52
9880d3d88807   pbbs_nBody     4776.18%   24.06GiB / 96GiB    25.06%    0B / 0B   99.7MB / 82.7MB   52
2024-11-15 00:39:48.496297
CONTAINER ID   NAME           CPU %      MEM USAGE / LIMIT   MEM %     NET I/O   BLOCK I/O         PIDS
52b80db066f2   pbbs_nBody_1   4766.19%   24.35GiB / 96GiB    25.36%    0B / 0B   456MB / 82.2MB    52
9880d3d88807   pbbs_nBody     4792.62%   24.06GiB / 96GiB    25.06%    0B / 0B   99.7MB / 82.7MB   52
2024-11-15 00:39:50.509568
CONTAINER ID   NAME           CPU %      MEM USAGE / LIMIT   MEM %     NET I/O   BLOCK I/O         PIDS
52b80db066f2   pbbs_nBody_1   4816.92%   24.35GiB / 96GiB    25.36%    0B / 0B   456MB / 82.2MB    52
9880d3d88807   pbbs_nBody     4521.31%   24.88GiB / 96GiB    25.92%    0B / 0B   99.7MB / 82.7MB   52
2024-11-15 00:39:52.517182
CONTAINER ID   NAME           CPU %      MEM USAGE / LIMIT   MEM %     NET I/O   BLOCK I/O         PIDS
52b80db066f2   pbbs_nBody_1   4786.39%   25.68GiB / 96GiB    26.74%    0B / 0B   456MB / 82.2MB    52
9880d3d88807   pbbs_nBody     4792.83%   26.38GiB / 96GiB    27.47%    0B / 0B   99.7MB / 82.7MB   52
2024-11-15 00:39:54.536095
CONTAINER ID   NAME           CPU %      MEM USAGE / LIMIT   MEM %     NET I/O   BLOCK I/O         PIDS
52b80db066f2   pbbs_nBody_1   4812.48%   27.18GiB / 96GiB    28.31%    0B / 0B   456MB / 82.2MB    52
9880d3d88807   pbbs_nBody     4770.72%   27.85GiB / 96GiB    29.01%    0B / 0B   99.7MB / 82.7MB   52
2024-11-15 00:39:56.541556
CONTAINER ID   NAME           CPU %      MEM USAGE / LIMIT   MEM %     NET I/O   BLOCK I/O         PIDS
52b80db066f2   pbbs_nBody_1   4775.02%   28.64GiB / 96GiB    29.83%    0B / 0B   456MB / 82.2MB    52
9880d3d88807   pbbs_nBody     4789.41%   29.3GiB / 96GiB     30.52%    0B / 0B   99.7MB / 82.7MB   52
2024-11-15 00:39:58.555500
CONTAINER ID   NAME           CPU %      MEM USAGE / LIMIT   MEM %     NET I/O   BLOCK I/O         PIDS
52b80db066f2   pbbs_nBody_1   4775.11%   30.11GiB / 96GiB    31.36%    0B / 0B   456MB / 82.2MB    52
9880d3d88807   pbbs_nBody     4791.85%   30.78GiB / 96GiB    32.06%    0B / 0B   99.7MB / 82.7MB   52
2024-11-15 00:40:00.565888
CONTAINER ID   NAME           CPU %      MEM USAGE / LIMIT   MEM %     NET I/O   BLOCK I/O         PIDS
52b80db066f2   pbbs_nBody_1   4772.04%   31.55GiB / 96GiB    32.86%    0B / 0B   456MB / 82.2MB    52
9880d3d88807   pbbs_nBody     4768.52%   32.22GiB / 96GiB    33.56%    0B / 0B   99.7MB / 82.7MB   52
2024-11-15 00:40:02.583549
CONTAINER ID   NAME           CPU %      MEM USAGE / LIMIT   MEM %     NET I/O   BLOCK I/O         PIDS
52b80db066f2   pbbs_nBody_1   4224.88%   32.52GiB / 96GiB    33.88%    0B / 0B   456MB / 82.2MB    52
9880d3d88807   pbbs_nBody     4426.22%   32.7GiB / 96GiB     34.06%    0B / 0B   99.7MB / 82.7MB   52
2024-11-15 00:40:04.602431
CONTAINER ID   NAME           CPU %      MEM USAGE / LIMIT   MEM %     NET I/O   BLOCK I/O         PIDS
52b80db066f2   pbbs_nBody_1   4496.17%   34.01GiB / 96GiB    35.42%    0B / 0B   456MB / 82.2MB    52
9880d3d88807   pbbs_nBody     99.87%     33.89GiB / 96GiB    35.30%    0B / 0B   99.7MB / 82.7MB   52
2024-11-15 00:40:06.615584
CONTAINER ID   NAME           CPU %      MEM USAGE / LIMIT   MEM %     NET I/O   BLOCK I/O         PIDS
52b80db066f2   pbbs_nBody_1   4789.87%   34.21GiB / 96GiB    35.63%    0B / 0B   456MB / 82.2MB    52
9880d3d88807   pbbs_nBody     4796.75%   33.93GiB / 96GiB    35.35%    0B / 0B   99.7MB / 82.7MB   52
2024-11-15 00:40:08.629239
CONTAINER ID   NAME           CPU %      MEM USAGE / LIMIT   MEM %     NET I/O   BLOCK I/O         PIDS
52b80db066f2   pbbs_nBody_1   4784.76%   34.2GiB / 96GiB     35.63%    0B / 0B   456MB / 82.2MB    52
9880d3d88807   pbbs_nBody     4790.60%   33.93GiB / 96GiB    35.35%    0B / 0B   99.7MB / 82.7MB   52
2024-11-15 00:40:11.865321
CONTAINER ID   NAME           CPU %      MEM USAGE / LIMIT   MEM %     NET I/O   BLOCK I/O         PIDS
52b80db066f2   pbbs_nBody_1   4809.38%   34.2GiB / 96GiB     35.63%    0B / 0B   456MB / 82.2MB    52
9880d3d88807   pbbs_nBody     4769.47%   33.93GiB / 96GiB    35.35%    0B / 0B   99.7MB / 82.7MB   52
2024-11-15 00:40:15.122662
CONTAINER ID   NAME           CPU %      MEM USAGE / LIMIT   MEM %     NET I/O   BLOCK I/O         PIDS
52b80db066f2   pbbs_nBody_1   4771.52%   34.2GiB / 96GiB     35.63%    0B / 0B   456MB / 82.2MB    52
9880d3d88807   pbbs_nBody     4789.89%   33.93GiB / 96GiB    35.35%    0B / 0B   99.7MB / 82.7MB   52
2024-11-15 00:40:18.377100
CONTAINER ID   NAME           CPU %      MEM USAGE / LIMIT   MEM %     NET I/O   BLOCK I/O         PIDS
52b80db066f2   pbbs_nBody_1   4808.01%   34.2GiB / 96GiB     35.63%    0B / 0B   456MB / 82.2MB    52
9880d3d88807   pbbs_nBody     4773.02%   33.93GiB / 96GiB    35.35%    0B / 0B   99.7MB / 82.7MB   52
2024-11-15 00:40:21.743592
CONTAINER ID   NAME           CPU %      MEM USAGE / LIMIT   MEM %     NET I/O   BLOCK I/O         PIDS
52b80db066f2   pbbs_nBody_1   4781.44%   34.2GiB / 96GiB     35.63%    0B / 0B   456MB / 82.2MB    52
9880d3d88807   pbbs_nBody     4765.67%   34.08GiB / 96GiB    35.50%    0B / 0B   99.7MB / 82.7MB   52
2024-11-15 00:40:23.755997
CONTAINER ID   NAME           CPU %      MEM USAGE / LIMIT   MEM %     NET I/O   BLOCK I/O         PIDS
52b80db066f2   pbbs_nBody_1   4806.42%   35.06GiB / 96GiB    36.52%    0B / 0B   456MB / 82.2MB    52
9880d3d88807   pbbs_nBody     4792.15%   35.61GiB / 96GiB    37.09%    0B / 0B   99.7MB / 82.7MB   52
2024-11-15 00:40:25.768257
CONTAINER ID   NAME           CPU %      MEM USAGE / LIMIT   MEM %     NET I/O   BLOCK I/O         PIDS
52b80db066f2   pbbs_nBody_1   4771.43%   36.52GiB / 96GiB    38.04%    0B / 0B   456MB / 82.2MB    52
9880d3d88807   pbbs_nBody     4814.67%   37.1GiB / 96GiB     38.65%    0B / 0B   99.7MB / 82.7MB   52
2024-11-15 00:40:27.781148
CONTAINER ID   NAME           CPU %      MEM USAGE / LIMIT   MEM %     NET I/O   BLOCK I/O         PIDS
52b80db066f2   pbbs_nBody_1   4772.42%   37.97GiB / 96GiB    39.55%    0B / 0B   456MB / 82.2MB    52
9880d3d88807   pbbs_nBody     4773.50%   38.58GiB / 96GiB    40.19%    0B / 0B   99.7MB / 82.7MB   52
2024-11-15 00:40:29.791618
CONTAINER ID   NAME           CPU %      MEM USAGE / LIMIT   MEM %     NET I/O   BLOCK I/O         PIDS
52b80db066f2   pbbs_nBody_1   4770.55%   39.43GiB / 96GiB    41.08%    0B / 0B   456MB / 82.2MB    52
9880d3d88807   pbbs_nBody     4772.02%   40.03GiB / 96GiB    41.70%    0B / 0B   99.7MB / 82.7MB   52
2024-11-15 00:40:31.807788
CONTAINER ID   NAME           CPU %      MEM USAGE / LIMIT   MEM %     NET I/O   BLOCK I/O         PIDS
52b80db066f2   pbbs_nBody_1   4772.82%   40.9GiB / 96GiB     42.60%    0B / 0B   456MB / 82.2MB    52
9880d3d88807   pbbs_nBody     4810.05%   41.46GiB / 96GiB    43.18%    0B / 0B   99.7MB / 82.7MB   52
2024-11-15 00:40:33.815339
CONTAINER ID   NAME           CPU %      MEM USAGE / LIMIT   MEM %     NET I/O   BLOCK I/O         PIDS
52b80db066f2   pbbs_nBody_1   4769.52%   42.36GiB / 96GiB    44.13%    0B / 0B   456MB / 82.2MB    52
9880d3d88807   pbbs_nBody     4146.07%   42.1GiB / 96GiB     43.86%    0B / 0B   99.7MB / 82.7MB   52
2024-11-15 00:40:35.837547
CONTAINER ID   NAME           CPU %      MEM USAGE / LIMIT   MEM %     NET I/O   BLOCK I/O         PIDS
52b80db066f2   pbbs_nBody_1   4677.10%   42.5GiB / 96GiB     44.28%    0B / 0B   456MB / 82.2MB    52
9880d3d88807   pbbs_nBody     4291.18%   43.58GiB / 96GiB    45.40%    0B / 0B   99.7MB / 82.7MB   52
2024-11-15 00:40:37.848398
CONTAINER ID   NAME           CPU %      MEM USAGE / LIMIT   MEM %     NET I/O   BLOCK I/O         PIDS
52b80db066f2   pbbs_nBody_1   1607.29%   44.06GiB / 96GiB    45.90%    0B / 0B   456MB / 82.2MB    52
9880d3d88807   pbbs_nBody     4614.73%   43.78GiB / 96GiB    45.60%    0B / 0B   99.7MB / 82.7MB   52
2024-11-15 00:40:39.861708
CONTAINER ID   NAME           CPU %      MEM USAGE / LIMIT   MEM %     NET I/O   BLOCK I/O         PIDS
52b80db066f2   pbbs_nBody_1   4774.44%   44.06GiB / 96GiB    45.90%    0B / 0B   456MB / 82.2MB    52
9880d3d88807   pbbs_nBody     4774.41%   43.78GiB / 96GiB    45.60%    0B / 0B   99.7MB / 82.7MB   52
2024-11-15 00:40:43.136488
CONTAINER ID   NAME           CPU %      MEM USAGE / LIMIT   MEM %     NET I/O   BLOCK I/O         PIDS
52b80db066f2   pbbs_nBody_1   4810.96%   44.06GiB / 96GiB    45.89%    0B / 0B   456MB / 82.2MB    52
9880d3d88807   pbbs_nBody     4792.01%   43.78GiB / 96GiB    45.60%    0B / 0B   99.7MB / 82.7MB   52
2024-11-15 00:40:46.474948
CONTAINER ID   NAME           CPU %      MEM USAGE / LIMIT   MEM %     NET I/O   BLOCK I/O         PIDS
52b80db066f2   pbbs_nBody_1   4806.98%   44.06GiB / 96GiB    45.89%    0B / 0B   456MB / 82.2MB    52
9880d3d88807   pbbs_nBody     4772.57%   43.78GiB / 96GiB    45.60%    0B / 0B   99.7MB / 82.7MB   52
2024-11-15 00:40:49.532081
CONTAINER ID   NAME           CPU %      MEM USAGE / LIMIT   MEM %     NET I/O   BLOCK I/O         PIDS
52b80db066f2   pbbs_nBody_1   4773.16%   44.06GiB / 96GiB    45.89%    0B / 0B   456MB / 82.2MB    52
9880d3d88807   pbbs_nBody     4771.83%   43.78GiB / 96GiB    45.60%    0B / 0B   99.7MB / 82.7MB   52
2024-11-15 00:40:52.781082
CONTAINER ID   NAME           CPU %      MEM USAGE / LIMIT   MEM %     NET I/O   BLOCK I/O         PIDS
52b80db066f2   pbbs_nBody_1   4794.02%   44.06GiB / 96GiB    45.89%    0B / 0B   456MB / 82.2MB    52
9880d3d88807   pbbs_nBody     4798.83%   43.78GiB / 96GiB    45.60%    0B / 0B   99.7MB / 82.7MB   52
2024-11-15 00:40:55.869194
CONTAINER ID   NAME           CPU %      MEM USAGE / LIMIT   MEM %     NET I/O   BLOCK I/O         PIDS
52b80db066f2   pbbs_nBody_1   4791.09%   44.9GiB / 96GiB     46.77%    0B / 0B   456MB / 82.2MB    52
9880d3d88807   pbbs_nBody     4789.18%   45.5GiB / 96GiB     47.40%    0B / 0B   99.7MB / 82.7MB   52
2024-11-15 00:40:57.875466
CONTAINER ID   NAME           CPU %      MEM USAGE / LIMIT   MEM %     NET I/O   BLOCK I/O         PIDS
52b80db066f2   pbbs_nBody_1   4789.87%   46.39GiB / 96GiB    48.32%    0B / 0B   456MB / 82.2MB    52
9880d3d88807   pbbs_nBody     4794.38%   46.96GiB / 96GiB    48.92%    0B / 0B   99.7MB / 82.7MB   52
2024-11-15 00:40:59.890684
CONTAINER ID   NAME           CPU %      MEM USAGE / LIMIT   MEM %     NET I/O   BLOCK I/O         PIDS
52b80db066f2   pbbs_nBody_1   4734.82%   47.83GiB / 96GiB    49.82%    0B / 0B   456MB / 82.2MB    52
9880d3d88807   pbbs_nBody     4806.13%   48.41GiB / 96GiB    50.42%    0B / 0B   99.7MB / 82.7MB   52
2024-11-15 00:41:01.901851
CONTAINER ID   NAME           CPU %      MEM USAGE / LIMIT   MEM %     NET I/O   BLOCK I/O         PIDS
52b80db066f2   pbbs_nBody_1   4776.02%   49.27GiB / 96GiB    51.32%    0B / 0B   456MB / 82.2MB    52
9880d3d88807   pbbs_nBody     4773.35%   49.87GiB / 96GiB    51.95%    0B / 0B   99.7MB / 82.7MB   52
2024-11-15 00:41:03.912912
CONTAINER ID   NAME           CPU %      MEM USAGE / LIMIT   MEM %     NET I/O   BLOCK I/O         PIDS
52b80db066f2   pbbs_nBody_1   4774.20%   50.73GiB / 96GiB    52.84%    0B / 0B   456MB / 82.2MB    52
9880d3d88807   pbbs_nBody     4809.61%   51.33GiB / 96GiB    53.47%    0B / 0B   99.7MB / 82.7MB   52
2024-11-15 00:41:05.926421
CONTAINER ID   NAME           CPU %      MEM USAGE / LIMIT   MEM %     NET I/O   BLOCK I/O         PIDS
52b80db066f2   pbbs_nBody_1   4774.88%   52.15GiB / 96GiB    54.33%    0B / 0B   456MB / 82.2MB    52
9880d3d88807   pbbs_nBody     4159.33%   51.96GiB / 96GiB    54.12%    0B / 0B   99.7MB / 82.7MB   52
2024-11-15 00:41:07.941994
CONTAINER ID   NAME           CPU %      MEM USAGE / LIMIT   MEM %     NET I/O   BLOCK I/O         PIDS
52b80db066f2   pbbs_nBody_1   4705.83%   52.5GiB / 96GiB     54.68%    0B / 0B   456MB / 82.2MB    52
9880d3d88807   pbbs_nBody     3763.13%   53.45GiB / 96GiB    55.68%    0B / 0B   99.7MB / 82.7MB   52
2024-11-15 00:41:09.976646
CONTAINER ID   NAME           CPU %      MEM USAGE / LIMIT   MEM %     NET I/O   BLOCK I/O         PIDS
52b80db066f2   pbbs_nBody_1   1822.29%   53.91GiB / 96GiB    56.16%    0B / 0B   456MB / 82.2MB    52
9880d3d88807   pbbs_nBody     4788.21%   53.64GiB / 96GiB    55.87%    0B / 0B   99.7MB / 82.7MB   52
2024-11-15 00:41:11.985844
CONTAINER ID   NAME           CPU %      MEM USAGE / LIMIT   MEM %     NET I/O   BLOCK I/O         PIDS
52b80db066f2   pbbs_nBody_1   4773.31%   53.91GiB / 96GiB    56.16%    0B / 0B   456MB / 82.2MB    52
9880d3d88807   pbbs_nBody     4772.84%   53.64GiB / 96GiB    55.87%    0B / 0B   99.7MB / 82.7MB   52
2024-11-15 00:41:13.999464
CONTAINER ID   NAME           CPU %      MEM USAGE / LIMIT   MEM %     NET I/O   BLOCK I/O         PIDS
52b80db066f2   pbbs_nBody_1   4809.72%   53.91GiB / 96GiB    56.16%    0B / 0B   456MB / 82.2MB    52
9880d3d88807   pbbs_nBody     4793.74%   53.64GiB / 96GiB    55.87%    0B / 0B   99.7MB / 82.7MB   52
2024-11-15 00:41:16.013075
CONTAINER ID   NAME           CPU %      MEM USAGE / LIMIT   MEM %     NET I/O   BLOCK I/O         PIDS
52b80db066f2   pbbs_nBody_1   4790.62%   53.91GiB / 96GiB    56.16%    0B / 0B   456MB / 82.2MB    52
9880d3d88807   pbbs_nBody     4812.95%   53.64GiB / 96GiB    55.87%    0B / 0B   99.7MB / 82.7MB   52
2024-11-15 00:41:18.027309
CONTAINER ID   NAME           CPU %      MEM USAGE / LIMIT   MEM %     NET I/O   BLOCK I/O         PIDS
52b80db066f2   pbbs_nBody_1   4789.19%   53.91GiB / 96GiB    56.16%    0B / 0B   456MB / 82.2MB    52
9880d3d88807   pbbs_nBody     4814.54%   53.64GiB / 96GiB    55.87%    0B / 0B   99.7MB / 82.7MB   52
2024-11-15 00:41:21.303099
CONTAINER ID   NAME           CPU %      MEM USAGE / LIMIT   MEM %     NET I/O   BLOCK I/O         PIDS
52b80db066f2   pbbs_nBody_1   4790.42%   53.91GiB / 96GiB    56.16%    0B / 0B   456MB / 82.2MB    52
9880d3d88807   pbbs_nBody     4781.67%   53.64GiB / 96GiB    55.87%    0B / 0B   99.7MB / 82.7MB   52
2024-11-15 00:41:24.560684
CONTAINER ID   NAME           CPU %      MEM USAGE / LIMIT   MEM %     NET I/O   BLOCK I/O         PIDS
52b80db066f2   pbbs_nBody_1   4771.29%   53.91GiB / 96GiB    56.16%    0B / 0B   456MB / 82.2MB    52
9880d3d88807   pbbs_nBody     4790.87%   53.64GiB / 96GiB    55.87%    0B / 0B   99.7MB / 82.7MB   52
2024-11-15 00:41:27.740857
CONTAINER ID   NAME           CPU %      MEM USAGE / LIMIT   MEM %     NET I/O   BLOCK I/O         PIDS
52b80db066f2   pbbs_nBody_1   4786.87%   54.56GiB / 96GiB    56.84%    0B / 0B   456MB / 82.2MB    52
9880d3d88807   pbbs_nBody     4752.13%   55.15GiB / 96GiB    57.44%    0B / 0B   99.7MB / 82.7MB   52
2024-11-15 00:41:29.751519
CONTAINER ID   NAME           CPU %      MEM USAGE / LIMIT   MEM %     NET I/O   BLOCK I/O         PIDS
52b80db066f2   pbbs_nBody_1   4771.98%   56.03GiB / 96GiB    58.37%    0B / 0B   456MB / 82.2MB    52
9880d3d88807   pbbs_nBody     4807.44%   56.62GiB / 96GiB    58.98%    0B / 0B   99.7MB / 82.7MB   52
2024-11-15 00:41:31.770679
CONTAINER ID   NAME           CPU %      MEM USAGE / LIMIT   MEM %     NET I/O   BLOCK I/O         PIDS
52b80db066f2   pbbs_nBody_1   4794.16%   57.46GiB / 96GiB    59.86%    0B / 0B   456MB / 82.2MB    52
9880d3d88807   pbbs_nBody     4772.11%   58.06GiB / 96GiB    60.48%    0B / 0B   99.7MB / 82.7MB   52
2024-11-15 00:41:33.781617
CONTAINER ID   NAME           CPU %      MEM USAGE / LIMIT   MEM %     NET I/O   BLOCK I/O         PIDS
52b80db066f2   pbbs_nBody_1   4778.00%   58.93GiB / 96GiB    61.38%    0B / 0B   456MB / 82.2MB    52
9880d3d88807   pbbs_nBody     4769.25%   59.51GiB / 96GiB    61.99%    0B / 0B   99.7MB / 82.7MB   52
2024-11-15 00:41:35.793117
CONTAINER ID   NAME           CPU %      MEM USAGE / LIMIT   MEM %     NET I/O   BLOCK I/O         PIDS
52b80db066f2   pbbs_nBody_1   4788.60%   60.39GiB / 96GiB    62.91%    0B / 0B   456MB / 82.2MB    52
9880d3d88807   pbbs_nBody     4792.59%   60.96GiB / 96GiB    63.50%    0B / 0B   99.7MB / 82.7MB   52
2024-11-15 00:41:37.804777
CONTAINER ID   NAME           CPU %      MEM USAGE / LIMIT   MEM %     NET I/O   BLOCK I/O         PIDS
52b80db066f2   pbbs_nBody_1   4810.56%   61.85GiB / 96GiB    64.42%    0B / 0B   456MB / 82.2MB    52
9880d3d88807   pbbs_nBody     4232.45%   61.81GiB / 96GiB    64.39%    0B / 0B   99.7MB / 82.7MB   52
2024-11-15 00:41:39.818665
CONTAINER ID   NAME           CPU %     MEM USAGE / LIMIT   MEM %     NET I/O   BLOCK I/O         PIDS
52b80db066f2   pbbs_nBody_1   776.25%   45.64GiB / 96GiB    47.54%    0B / 0B   456MB / 82.2MB    5
9880d3d88807   pbbs_nBody     99.81%    30.97GiB / 96GiB    32.26%    0B / 0B   99.7MB / 82.7MB   5
2024-11-15 00:41:41.833688
CONTAINER ID   NAME      CPU %     MEM USAGE / LIMIT   MEM %     NET I/O   BLOCK I/O   PIDS
