2024-11-13 20:49:08.454819
CONTAINER ID   NAME      CPU %     MEM USAGE / LIMIT   MEM %     NET I/O   BLOCK I/O   PIDS
2024-11-13 20:49:09.094043
CONTAINER ID   NAME      CPU %     MEM USAGE / LIMIT   MEM %     NET I/O   BLOCK I/O   PIDS
2024-11-13 20:49:09.728787
CONTAINER ID   NAME      CPU %     MEM USAGE / LIMIT   MEM %     NET I/O   BLOCK I/O   PIDS
2024-11-13 20:49:10.364195
CONTAINER ID   NAME      CPU %     MEM USAGE / LIMIT   MEM %     NET I/O   BLOCK I/O   PIDS
2024-11-13 20:49:10.999967
CONTAINER ID   NAME      CPU %     MEM USAGE / LIMIT   MEM %     NET I/O   BLOCK I/O   PIDS
2024-11-13 20:49:11.633201
CONTAINER ID   NAME      CPU %     MEM USAGE / LIMIT   MEM %     NET I/O   BLOCK I/O   PIDS
2024-11-13 20:49:12.266402
CONTAINER ID   NAME      CPU %     MEM USAGE / LIMIT   MEM %     NET I/O   BLOCK I/O   PIDS
2024-11-13 20:49:12.899985
CONTAINER ID   NAME      CPU %     MEM USAGE / LIMIT   MEM %     NET I/O   BLOCK I/O   PIDS
2024-11-13 20:49:13.535782
CONTAINER ID   NAME      CPU %     MEM USAGE / LIMIT   MEM %     NET I/O   BLOCK I/O   PIDS
2024-11-13 20:49:14.168455
CONTAINER ID   NAME      CPU %     MEM USAGE / LIMIT   MEM %     NET I/O   BLOCK I/O   PIDS
2024-11-13 20:49:14.801625
CONTAINER ID   NAME      CPU %     MEM USAGE / LIMIT   MEM %     NET I/O   BLOCK I/O   PIDS
2024-11-13 20:49:15.433539
CONTAINER ID   NAME      CPU %     MEM USAGE / LIMIT   MEM %     NET I/O   BLOCK I/O   PIDS
2024-11-13 20:49:16.066387
CONTAINER ID   NAME      CPU %     MEM USAGE / LIMIT   MEM %     NET I/O   BLOCK I/O   PIDS
2024-11-13 20:49:16.698923
CONTAINER ID   NAME      CPU %     MEM USAGE / LIMIT   MEM %     NET I/O   BLOCK I/O   PIDS
2024-11-13 20:49:17.331225
CONTAINER ID   NAME      CPU %     MEM USAGE / LIMIT   MEM %     NET I/O   BLOCK I/O   PIDS
2024-11-13 20:49:17.964155
CONTAINER ID   NAME      CPU %     MEM USAGE / LIMIT   MEM %     NET I/O   BLOCK I/O   PIDS
2024-11-13 20:49:18.595696
CONTAINER ID   NAME      CPU %     MEM USAGE / LIMIT   MEM %     NET I/O   BLOCK I/O   PIDS
2024-11-13 20:49:19.228088
CONTAINER ID   NAME      CPU %     MEM USAGE / LIMIT   MEM %     NET I/O   BLOCK I/O   PIDS
2024-11-13 20:49:19.860709
CONTAINER ID   NAME      CPU %     MEM USAGE / LIMIT   MEM %     NET I/O   BLOCK I/O   PIDS
2024-11-13 20:49:20.493952
CONTAINER ID   NAME      CPU %     MEM USAGE / LIMIT   MEM %     NET I/O   BLOCK I/O   PIDS
2024-11-13 20:49:21.127839
CONTAINER ID   NAME      CPU %     MEM USAGE / LIMIT   MEM %     NET I/O   BLOCK I/O   PIDS
2024-11-13 20:49:21.760627
CONTAINER ID   NAME      CPU %     MEM USAGE / LIMIT   MEM %     NET I/O   BLOCK I/O   PIDS
2024-11-13 20:49:22.393292
CONTAINER ID   NAME      CPU %     MEM USAGE / LIMIT   MEM %     NET I/O   BLOCK I/O   PIDS
2024-11-13 20:49:23.026368
CONTAINER ID   NAME      CPU %     MEM USAGE / LIMIT   MEM %     NET I/O   BLOCK I/O   PIDS
2024-11-13 20:49:23.660062
CONTAINER ID   NAME      CPU %     MEM USAGE / LIMIT   MEM %     NET I/O   BLOCK I/O   PIDS
2024-11-13 20:49:24.292647
CONTAINER ID   NAME      CPU %     MEM USAGE / LIMIT   MEM %     NET I/O   BLOCK I/O   PIDS
2024-11-13 20:49:24.926618
CONTAINER ID   NAME      CPU %     MEM USAGE / LIMIT   MEM %     NET I/O   BLOCK I/O   PIDS
2024-11-13 20:49:25.558663
CONTAINER ID   NAME      CPU %     MEM USAGE / LIMIT   MEM %     NET I/O   BLOCK I/O   PIDS
2024-11-13 20:49:26.192075
CONTAINER ID   NAME      CPU %     MEM USAGE / LIMIT   MEM %     NET I/O   BLOCK I/O   PIDS
2024-11-13 20:49:26.824114
CONTAINER ID   NAME      CPU %     MEM USAGE / LIMIT   MEM %     NET I/O   BLOCK I/O   PIDS
2024-11-13 20:49:27.457604
CONTAINER ID   NAME      CPU %     MEM USAGE / LIMIT   MEM %     NET I/O   BLOCK I/O   PIDS
2024-11-13 20:49:28.089229
CONTAINER ID   NAME      CPU %     MEM USAGE / LIMIT   MEM %     NET I/O   BLOCK I/O   PIDS
2024-11-13 20:49:28.721801
CONTAINER ID   NAME              CPU %     MEM USAGE / LIMIT   MEM %     NET I/O   BLOCK I/O    PIDS
3c44d8a8bf83   pbbs_convexHull   99.77%    184.3MiB / 96GiB    0.19%     0B / 0B   176kB / 0B   5
2024-11-13 20:49:30.368330
CONTAINER ID   NAME              CPU %     MEM USAGE / LIMIT   MEM %     NET I/O   BLOCK I/O    PIDS
3c44d8a8bf83   pbbs_convexHull   99.29%    343.6MiB / 96GiB    0.35%     0B / 0B   176kB / 0B   5
2024-11-13 20:49:32.375795
CONTAINER ID   NAME              CPU %     MEM USAGE / LIMIT   MEM %     NET I/O   BLOCK I/O    PIDS
3c44d8a8bf83   pbbs_convexHull   99.65%    390.4MiB / 96GiB    0.40%     0B / 0B   176kB / 0B   5
2024-11-13 20:49:34.383701
CONTAINER ID   NAME              CPU %     MEM USAGE / LIMIT   MEM %     NET I/O   BLOCK I/O        PIDS
3c44d8a8bf83   pbbs_convexHull   96.07%    17.59MiB / 96GiB    0.02%     0B / 0B   176kB / 18.4MB   5
2024-11-13 20:49:36.393107
CONTAINER ID   NAME              CPU %     MEM USAGE / LIMIT   MEM %     NET I/O   BLOCK I/O        PIDS
3c44d8a8bf83   pbbs_convexHull   100.15%   275.7MiB / 96GiB    0.28%     0B / 0B   188kB / 18.4MB   5
2024-11-13 20:49:38.400043
CONTAINER ID   NAME              CPU %     MEM USAGE / LIMIT   MEM %     NET I/O   BLOCK I/O        PIDS
3c44d8a8bf83   pbbs_convexHull   99.99%    307.7MiB / 96GiB    0.31%     0B / 0B   258kB / 18.4MB   5
2024-11-13 20:49:40.407761
CONTAINER ID   NAME              CPU %     MEM USAGE / LIMIT   MEM %     NET I/O   BLOCK I/O        PIDS
3c44d8a8bf83   pbbs_convexHull   97.18%    82.74MiB / 96GiB    0.08%     0B / 0B   332kB / 31.3MB   7
2024-11-13 20:49:42.415613
CONTAINER ID   NAME              CPU %     MEM USAGE / LIMIT   MEM %     NET I/O   BLOCK I/O        PIDS
3c44d8a8bf83   pbbs_convexHull   100.15%   319.6MiB / 96GiB    0.33%     0B / 0B   332kB / 31.3MB   7
2024-11-13 20:49:44.424101
CONTAINER ID   NAME              CPU %     MEM USAGE / LIMIT   MEM %     NET I/O   BLOCK I/O        PIDS
3c44d8a8bf83   pbbs_convexHull   100.07%   408.7MiB / 96GiB    0.42%     0B / 0B   463kB / 31.3MB   7
2024-11-13 20:49:46.432103
CONTAINER ID   NAME              CPU %     MEM USAGE / LIMIT   MEM %     NET I/O   BLOCK I/O        PIDS
3c44d8a8bf83   pbbs_convexHull   99.89%    421.5MiB / 96GiB    0.43%     0B / 0B   463kB / 31.3MB   7
2024-11-13 20:49:48.441313
CONTAINER ID   NAME              CPU %     MEM USAGE / LIMIT   MEM %     NET I/O   BLOCK I/O        PIDS
3c44d8a8bf83   pbbs_convexHull   100.02%   421.6MiB / 96GiB    0.43%     0B / 0B   463kB / 31.3MB   7
2024-11-13 20:49:50.452063
CONTAINER ID   NAME              CPU %     MEM USAGE / LIMIT   MEM %     NET I/O   BLOCK I/O        PIDS
3c44d8a8bf83   pbbs_convexHull   94.53%    20.77MiB / 96GiB    0.02%     0B / 0B   463kB / 56.6MB   7
2024-11-13 20:49:52.459363
CONTAINER ID   NAME              CPU %      MEM USAGE / LIMIT   MEM %     NET I/O   BLOCK I/O        PIDS
3c44d8a8bf83   pbbs_convexHull   4667.08%   10.43GiB / 96GiB    10.87%    0B / 0B   471kB / 56.6MB   52
2024-11-13 20:49:54.466939
CONTAINER ID   NAME              CPU %      MEM USAGE / LIMIT   MEM %     NET I/O   BLOCK I/O        PIDS
3c44d8a8bf83   pbbs_convexHull   4796.78%   31.19GiB / 96GiB    32.49%    0B / 0B   471kB / 56.6MB   52
2024-11-13 20:49:56.475747
CONTAINER ID   NAME              CPU %     MEM USAGE / LIMIT   MEM %     NET I/O   BLOCK I/O        PIDS
3c44d8a8bf83   pbbs_convexHull   50.22%    34.54GiB / 96GiB    35.98%    0B / 0B   121MB / 56.6MB   52
2024-11-13 20:49:58.483211
CONTAINER ID   NAME              CPU %     MEM USAGE / LIMIT   MEM %     NET I/O   BLOCK I/O        PIDS
3c44d8a8bf83   pbbs_convexHull   45.81%    34.57GiB / 96GiB    36.01%    0B / 0B   262MB / 56.6MB   52
2024-11-13 20:50:00.492996
CONTAINER ID   NAME              CPU %     MEM USAGE / LIMIT   MEM %     NET I/O   BLOCK I/O        PIDS
3c44d8a8bf83   pbbs_convexHull   48.58%    34.64GiB / 96GiB    36.08%    0B / 0B   410MB / 56.6MB   52
2024-11-13 20:50:02.500328
CONTAINER ID   NAME              CPU %     MEM USAGE / LIMIT   MEM %     NET I/O   BLOCK I/O        PIDS
3c44d8a8bf83   pbbs_convexHull   49.01%    34.71GiB / 96GiB    36.16%    0B / 0B   558MB / 56.6MB   52
2024-11-13 20:50:04.510770
CONTAINER ID   NAME              CPU %     MEM USAGE / LIMIT   MEM %     NET I/O   BLOCK I/O        PIDS
3c44d8a8bf83   pbbs_convexHull   48.64%    34.78GiB / 96GiB    36.23%    0B / 0B   704MB / 56.6MB   52
2024-11-13 20:50:06.516241
CONTAINER ID   NAME              CPU %     MEM USAGE / LIMIT   MEM %     NET I/O   BLOCK I/O        PIDS
3c44d8a8bf83   pbbs_convexHull   49.12%    34.85GiB / 96GiB    36.30%    0B / 0B   853MB / 56.6MB   52
2024-11-13 20:50:08.524844
CONTAINER ID   NAME              CPU %     MEM USAGE / LIMIT   MEM %     NET I/O   BLOCK I/O      PIDS
3c44d8a8bf83   pbbs_convexHull   50.01%    34.92GiB / 96GiB    36.37%    0B / 0B   1GB / 56.6MB   52
2024-11-13 20:50:10.536188
CONTAINER ID   NAME              CPU %     MEM USAGE / LIMIT   MEM %     NET I/O   BLOCK I/O         PIDS
3c44d8a8bf83   pbbs_convexHull   51.64%    34.99GiB / 96GiB    36.44%    0B / 0B   1.15GB / 56.6MB   52
2024-11-13 20:50:12.543614
CONTAINER ID   NAME              CPU %     MEM USAGE / LIMIT   MEM %     NET I/O   BLOCK I/O        PIDS
3c44d8a8bf83   pbbs_convexHull   51.81%    35.05GiB / 96GiB    36.51%    0B / 0B   1.3GB / 56.6MB   52
2024-11-13 20:50:14.553142
CONTAINER ID   NAME              CPU %     MEM USAGE / LIMIT   MEM %     NET I/O   BLOCK I/O         PIDS
3c44d8a8bf83   pbbs_convexHull   51.87%    35.12GiB / 96GiB    36.59%    0B / 0B   1.44GB / 56.6MB   52
2024-11-13 20:50:16.562387
CONTAINER ID   NAME              CPU %     MEM USAGE / LIMIT   MEM %     NET I/O   BLOCK I/O         PIDS
3c44d8a8bf83   pbbs_convexHull   52.41%    35.19GiB / 96GiB    36.66%    0B / 0B   1.59GB / 56.6MB   52
2024-11-13 20:50:18.574016
CONTAINER ID   NAME              CPU %     MEM USAGE / LIMIT   MEM %     NET I/O   BLOCK I/O         PIDS
3c44d8a8bf83   pbbs_convexHull   50.63%    35.26GiB / 96GiB    36.73%    0B / 0B   1.74GB / 56.6MB   52
2024-11-13 20:50:20.581845
CONTAINER ID   NAME              CPU %     MEM USAGE / LIMIT   MEM %     NET I/O   BLOCK I/O         PIDS
3c44d8a8bf83   pbbs_convexHull   51.60%    35.33GiB / 96GiB    36.80%    0B / 0B   1.88GB / 56.6MB   52
2024-11-13 20:50:22.590798
CONTAINER ID   NAME              CPU %     MEM USAGE / LIMIT   MEM %     NET I/O   BLOCK I/O         PIDS
3c44d8a8bf83   pbbs_convexHull   50.79%    35.39GiB / 96GiB    36.87%    0B / 0B   2.03GB / 56.6MB   52
2024-11-13 20:50:24.598443
CONTAINER ID   NAME              CPU %     MEM USAGE / LIMIT   MEM %     NET I/O   BLOCK I/O         PIDS
3c44d8a8bf83   pbbs_convexHull   51.64%    35.46GiB / 96GiB    36.94%    0B / 0B   2.17GB / 56.6MB   52
2024-11-13 20:50:26.608335
CONTAINER ID   NAME              CPU %     MEM USAGE / LIMIT   MEM %     NET I/O   BLOCK I/O         PIDS
3c44d8a8bf83   pbbs_convexHull   51.56%    35.53GiB / 96GiB    37.01%    0B / 0B   2.32GB / 56.6MB   52
2024-11-13 20:50:28.614911
CONTAINER ID   NAME              CPU %     MEM USAGE / LIMIT   MEM %     NET I/O   BLOCK I/O         PIDS
3c44d8a8bf83   pbbs_convexHull   50.90%    35.6GiB / 96GiB     37.08%    0B / 0B   2.46GB / 56.6MB   52
2024-11-13 20:50:30.621203
CONTAINER ID   NAME              CPU %      MEM USAGE / LIMIT   MEM %     NET I/O   BLOCK I/O         PIDS
3c44d8a8bf83   pbbs_convexHull   4793.38%   44.22GiB / 96GiB    46.06%    0B / 0B   2.47GB / 56.6MB   52
2024-11-13 20:50:32.626607
CONTAINER ID   NAME              CPU %      MEM USAGE / LIMIT   MEM %     NET I/O   BLOCK I/O         PIDS
3c44d8a8bf83   pbbs_convexHull   4795.02%   64.16GiB / 96GiB    66.83%    0B / 0B   2.47GB / 56.6MB   52
2024-11-13 20:50:34.634058
CONTAINER ID   NAME              CPU %      MEM USAGE / LIMIT   MEM %     NET I/O   BLOCK I/O         PIDS
3c44d8a8bf83   pbbs_convexHull   4796.30%   79.89GiB / 96GiB    83.21%    0B / 0B   2.47GB / 56.6MB   52
2024-11-13 20:50:36.640580
CONTAINER ID   NAME              CPU %      MEM USAGE / LIMIT   MEM %     NET I/O   BLOCK I/O         PIDS
3c44d8a8bf83   pbbs_convexHull   4783.54%   95.06GiB / 96GiB    99.03%    0B / 0B   2.47GB / 56.6MB   52
2024-11-13 20:50:38.652196
CONTAINER ID   NAME              CPU %      MEM USAGE / LIMIT   MEM %     NET I/O   BLOCK I/O         PIDS
3c44d8a8bf83   pbbs_convexHull   4770.18%   95.38GiB / 96GiB    99.36%    0B / 0B   2.47GB / 56.6MB   52
2024-11-13 20:50:40.666512
CONTAINER ID   NAME              CPU %      MEM USAGE / LIMIT   MEM %     NET I/O   BLOCK I/O         PIDS
3c44d8a8bf83   pbbs_convexHull   4606.56%   95.6GiB / 96GiB     99.58%    0B / 0B   2.47GB / 56.6MB   52
2024-11-13 20:50:42.672078
CONTAINER ID   NAME              CPU %     MEM USAGE / LIMIT   MEM %     NET I/O   BLOCK I/O         PIDS
3c44d8a8bf83   pbbs_convexHull   318.12%   95.72GiB / 96GiB    99.71%    0B / 0B   2.47GB / 56.6MB   52
2024-11-13 20:50:44.678721
CONTAINER ID   NAME              CPU %     MEM USAGE / LIMIT   MEM %     NET I/O   BLOCK I/O         PIDS
3c44d8a8bf83   pbbs_convexHull   343.20%   95.81GiB / 96GiB    99.80%    0B / 0B   2.47GB / 56.6MB   52
2024-11-13 20:50:46.686980
CONTAINER ID   NAME              CPU %     MEM USAGE / LIMIT   MEM %     NET I/O   BLOCK I/O         PIDS
3c44d8a8bf83   pbbs_convexHull   350.33%   95.86GiB / 96GiB    99.85%    0B / 0B   2.47GB / 56.6MB   52
2024-11-13 20:50:48.691667
CONTAINER ID   NAME              CPU %     MEM USAGE / LIMIT   MEM %     NET I/O   BLOCK I/O         PIDS
3c44d8a8bf83   pbbs_convexHull   329.23%   95.9GiB / 96GiB     99.89%    0B / 0B   2.47GB / 56.6MB   52
2024-11-13 20:50:50.699056
CONTAINER ID   NAME              CPU %     MEM USAGE / LIMIT   MEM %     NET I/O   BLOCK I/O         PIDS
3c44d8a8bf83   pbbs_convexHull   339.35%   95.92GiB / 96GiB    99.92%    0B / 0B   2.47GB / 56.6MB   52
2024-11-13 20:50:52.706166
CONTAINER ID   NAME              CPU %     MEM USAGE / LIMIT   MEM %     NET I/O   BLOCK I/O         PIDS
3c44d8a8bf83   pbbs_convexHull   99.52%    76.33GiB / 96GiB    79.51%    0B / 0B   2.47GB / 56.6MB   52
2024-11-13 20:50:54.718727
CONTAINER ID   NAME              CPU %     MEM USAGE / LIMIT   MEM %     NET I/O   BLOCK I/O         PIDS
3c44d8a8bf83   pbbs_convexHull   176.24%   46.51GiB / 96GiB    48.45%    0B / 0B   2.48GB / 56.6MB   52
2024-11-13 20:50:56.718336
CONTAINER ID   NAME              CPU %      MEM USAGE / LIMIT   MEM %     NET I/O   BLOCK I/O         PIDS
3c44d8a8bf83   pbbs_convexHull   1419.50%   48.73GiB / 96GiB    50.76%    0B / 0B   3.12GB / 56.6MB   52
2024-11-13 20:50:58.727022
CONTAINER ID   NAME              CPU %     MEM USAGE / LIMIT   MEM %     NET I/O   BLOCK I/O         PIDS
3c44d8a8bf83   pbbs_convexHull   747.08%   50.15GiB / 96GiB    52.24%    0B / 0B   3.77GB / 56.6MB   52
2024-11-13 20:51:00.729565
CONTAINER ID   NAME              CPU %     MEM USAGE / LIMIT   MEM %     NET I/O   BLOCK I/O         PIDS
3c44d8a8bf83   pbbs_convexHull   571.69%   51.38GiB / 96GiB    53.52%    0B / 0B   4.41GB / 56.6MB   52
2024-11-13 20:51:02.737242
CONTAINER ID   NAME              CPU %     MEM USAGE / LIMIT   MEM %     NET I/O   BLOCK I/O         PIDS
3c44d8a8bf83   pbbs_convexHull   852.63%   52.69GiB / 96GiB    54.89%    0B / 0B   5.05GB / 56.6MB   52
2024-11-13 20:51:04.742256
CONTAINER ID   NAME              CPU %      MEM USAGE / LIMIT   MEM %     NET I/O   BLOCK I/O         PIDS
3c44d8a8bf83   pbbs_convexHull   1266.55%   54.51GiB / 96GiB    56.78%    0B / 0B   5.68GB / 56.6MB   52
2024-11-13 20:51:06.749471
CONTAINER ID   NAME              CPU %      MEM USAGE / LIMIT   MEM %     NET I/O   BLOCK I/O      PIDS
3c44d8a8bf83   pbbs_convexHull   4507.24%   58.47GiB / 96GiB    60.90%    0B / 0B   6GB / 56.6MB   52
2024-11-13 20:51:08.759364
CONTAINER ID   NAME              CPU %      MEM USAGE / LIMIT   MEM %     NET I/O   BLOCK I/O         PIDS
3c44d8a8bf83   pbbs_convexHull   4776.17%   62.75GiB / 96GiB    65.37%    0B / 0B   6.06GB / 56.6MB   52
2024-11-13 20:51:10.763689
CONTAINER ID   NAME              CPU %      MEM USAGE / LIMIT   MEM %     NET I/O   BLOCK I/O         PIDS
3c44d8a8bf83   pbbs_convexHull   4777.10%   75.68GiB / 96GiB    78.83%    0B / 0B   6.06GB / 56.6MB   52
2024-11-13 20:51:12.771320
CONTAINER ID   NAME              CPU %     MEM USAGE / LIMIT   MEM %     NET I/O   BLOCK I/O         PIDS
3c44d8a8bf83   pbbs_convexHull   99.86%    52.35GiB / 96GiB    54.53%    0B / 0B   6.06GB / 56.6MB   52
2024-11-13 20:51:14.779181
CONTAINER ID   NAME              CPU %     MEM USAGE / LIMIT   MEM %     NET I/O   BLOCK I/O         PIDS
3c44d8a8bf83   pbbs_convexHull   99.40%    25.7GiB / 96GiB     26.78%    0B / 0B   6.06GB / 56.6MB   52
2024-11-13 20:51:16.786034
CONTAINER ID   NAME              CPU %      MEM USAGE / LIMIT   MEM %     NET I/O   BLOCK I/O         PIDS
3c44d8a8bf83   pbbs_convexHull   4324.93%   21.82GiB / 96GiB    22.73%    0B / 0B   6.06GB / 56.6MB   52
2024-11-13 20:51:18.794837
CONTAINER ID   NAME              CPU %      MEM USAGE / LIMIT   MEM %     NET I/O   BLOCK I/O         PIDS
3c44d8a8bf83   pbbs_convexHull   4803.16%   32.89GiB / 96GiB    34.26%    0B / 0B   6.06GB / 56.6MB   52
2024-11-13 20:51:20.801215
CONTAINER ID   NAME              CPU %      MEM USAGE / LIMIT   MEM %     NET I/O   BLOCK I/O         PIDS
3c44d8a8bf83   pbbs_convexHull   4806.27%   39.23GiB / 96GiB    40.87%    0B / 0B   6.06GB / 56.6MB   52
2024-11-13 20:51:22.809849
CONTAINER ID   NAME              CPU %      MEM USAGE / LIMIT   MEM %     NET I/O   BLOCK I/O         PIDS
3c44d8a8bf83   pbbs_convexHull   4750.80%   44.24GiB / 96GiB    46.08%    0B / 0B   6.06GB / 56.6MB   52
2024-11-13 20:51:24.815099
CONTAINER ID   NAME              CPU %      MEM USAGE / LIMIT   MEM %     NET I/O   BLOCK I/O         PIDS
3c44d8a8bf83   pbbs_convexHull   4773.94%   44.6GiB / 96GiB     46.46%    0B / 0B   6.06GB / 56.6MB   52
2024-11-13 20:51:26.823287
CONTAINER ID   NAME              CPU %      MEM USAGE / LIMIT   MEM %     NET I/O   BLOCK I/O         PIDS
3c44d8a8bf83   pbbs_convexHull   4782.06%   45.85GiB / 96GiB    47.76%    0B / 0B   6.06GB / 56.6MB   52
2024-11-13 20:51:28.828369
CONTAINER ID   NAME              CPU %      MEM USAGE / LIMIT   MEM %     NET I/O   BLOCK I/O         PIDS
3c44d8a8bf83   pbbs_convexHull   4787.28%   45.85GiB / 96GiB    47.77%    0B / 0B   6.06GB / 56.6MB   52
2024-11-13 20:51:30.832090
CONTAINER ID   NAME              CPU %      MEM USAGE / LIMIT   MEM %     NET I/O   BLOCK I/O         PIDS
3c44d8a8bf83   pbbs_convexHull   4785.61%   45.86GiB / 96GiB    47.77%    0B / 0B   6.06GB / 56.6MB   52
2024-11-13 20:51:32.838849
CONTAINER ID   NAME              CPU %      MEM USAGE / LIMIT   MEM %     NET I/O   BLOCK I/O         PIDS
3c44d8a8bf83   pbbs_convexHull   4770.85%   45.86GiB / 96GiB    47.77%    0B / 0B   6.06GB / 56.6MB   52
2024-11-13 20:51:34.845909
CONTAINER ID   NAME              CPU %      MEM USAGE / LIMIT   MEM %     NET I/O   BLOCK I/O         PIDS
3c44d8a8bf83   pbbs_convexHull   4794.54%   45.93GiB / 96GiB    47.84%    0B / 0B   6.06GB / 56.6MB   52
2024-11-13 20:51:36.853693
CONTAINER ID   NAME              CPU %      MEM USAGE / LIMIT   MEM %     NET I/O   BLOCK I/O         PIDS
3c44d8a8bf83   pbbs_convexHull   4799.30%   45.95GiB / 96GiB    47.86%    0B / 0B   6.06GB / 56.6MB   52
2024-11-13 20:51:38.859165
CONTAINER ID   NAME              CPU %      MEM USAGE / LIMIT   MEM %     NET I/O   BLOCK I/O         PIDS
3c44d8a8bf83   pbbs_convexHull   4795.64%   45.99GiB / 96GiB    47.90%    0B / 0B   6.06GB / 56.6MB   52
2024-11-13 20:51:40.865817
CONTAINER ID   NAME              CPU %      MEM USAGE / LIMIT   MEM %     NET I/O   BLOCK I/O         PIDS
3c44d8a8bf83   pbbs_convexHull   4804.60%   45.99GiB / 96GiB    47.91%    0B / 0B   6.06GB / 56.6MB   52
2024-11-13 20:51:42.870872
CONTAINER ID   NAME              CPU %      MEM USAGE / LIMIT   MEM %     NET I/O   BLOCK I/O         PIDS
3c44d8a8bf83   pbbs_convexHull   4776.97%   45.99GiB / 96GiB    47.91%    0B / 0B   6.06GB / 56.6MB   52
2024-11-13 20:51:44.877025
CONTAINER ID   NAME              CPU %      MEM USAGE / LIMIT   MEM %     NET I/O   BLOCK I/O         PIDS
3c44d8a8bf83   pbbs_convexHull   4796.09%   45.99GiB / 96GiB    47.91%    0B / 0B   6.06GB / 56.6MB   52
2024-11-13 20:51:46.883221
CONTAINER ID   NAME              CPU %      MEM USAGE / LIMIT   MEM %     NET I/O   BLOCK I/O         PIDS
3c44d8a8bf83   pbbs_convexHull   4790.73%   45.99GiB / 96GiB    47.91%    0B / 0B   6.06GB / 56.6MB   52
2024-11-13 20:51:48.892039
CONTAINER ID   NAME              CPU %      MEM USAGE / LIMIT   MEM %     NET I/O   BLOCK I/O         PIDS
3c44d8a8bf83   pbbs_convexHull   4807.77%   45.99GiB / 96GiB    47.91%    0B / 0B   6.06GB / 56.6MB   52
2024-11-13 20:51:50.896228
CONTAINER ID   NAME              CPU %      MEM USAGE / LIMIT   MEM %     NET I/O   BLOCK I/O         PIDS
3c44d8a8bf83   pbbs_convexHull   4774.43%   45.99GiB / 96GiB    47.91%    0B / 0B   6.06GB / 56.6MB   52
2024-11-13 20:51:52.909140
CONTAINER ID   NAME              CPU %      MEM USAGE / LIMIT   MEM %     NET I/O   BLOCK I/O         PIDS
3c44d8a8bf83   pbbs_convexHull   4786.12%   45.99GiB / 96GiB    47.91%    0B / 0B   6.06GB / 56.6MB   52
2024-11-13 20:51:54.917045
CONTAINER ID   NAME              CPU %      MEM USAGE / LIMIT   MEM %     NET I/O   BLOCK I/O         PIDS
3c44d8a8bf83   pbbs_convexHull   4771.39%   45.99GiB / 96GiB    47.91%    0B / 0B   6.06GB / 56.6MB   52
2024-11-13 20:51:56.921241
CONTAINER ID   NAME              CPU %      MEM USAGE / LIMIT   MEM %     NET I/O   BLOCK I/O         PIDS
3c44d8a8bf83   pbbs_convexHull   4803.88%   46GiB / 96GiB       47.91%    0B / 0B   6.06GB / 56.6MB   52
2024-11-13 20:51:58.927236
CONTAINER ID   NAME              CPU %      MEM USAGE / LIMIT   MEM %     NET I/O   BLOCK I/O         PIDS
3c44d8a8bf83   pbbs_convexHull   4799.58%   46GiB / 96GiB       47.91%    0B / 0B   6.06GB / 56.6MB   52
2024-11-13 20:52:00.931500
CONTAINER ID   NAME              CPU %      MEM USAGE / LIMIT   MEM %     NET I/O   BLOCK I/O         PIDS
3c44d8a8bf83   pbbs_convexHull   4774.87%   46GiB / 96GiB       47.91%    0B / 0B   6.06GB / 56.6MB   52
2024-11-13 20:52:02.938317
CONTAINER ID   NAME              CPU %      MEM USAGE / LIMIT   MEM %     NET I/O   BLOCK I/O         PIDS
3c44d8a8bf83   pbbs_convexHull   4793.32%   46GiB / 96GiB       47.91%    0B / 0B   6.06GB / 56.6MB   52
2024-11-13 20:52:04.944094
CONTAINER ID   NAME              CPU %      MEM USAGE / LIMIT   MEM %     NET I/O   BLOCK I/O         PIDS
3c44d8a8bf83   pbbs_convexHull   4792.74%   46GiB / 96GiB       47.91%    0B / 0B   6.06GB / 56.6MB   52
2024-11-13 20:52:06.950460
CONTAINER ID   NAME              CPU %      MEM USAGE / LIMIT   MEM %     NET I/O   BLOCK I/O         PIDS
3c44d8a8bf83   pbbs_convexHull   4791.87%   46GiB / 96GiB       47.92%    0B / 0B   6.06GB / 56.6MB   52
2024-11-13 20:52:08.959351
CONTAINER ID   NAME              CPU %      MEM USAGE / LIMIT   MEM %     NET I/O   BLOCK I/O         PIDS
3c44d8a8bf83   pbbs_convexHull   4784.64%   46GiB / 96GiB       47.92%    0B / 0B   6.06GB / 56.6MB   52
2024-11-13 20:52:10.966291
CONTAINER ID   NAME              CPU %      MEM USAGE / LIMIT   MEM %     NET I/O   BLOCK I/O         PIDS
3c44d8a8bf83   pbbs_convexHull   4803.70%   46GiB / 96GiB       47.92%    0B / 0B   6.06GB / 56.6MB   52
2024-11-13 20:52:12.974714
CONTAINER ID   NAME              CPU %      MEM USAGE / LIMIT   MEM %     NET I/O   BLOCK I/O         PIDS
3c44d8a8bf83   pbbs_convexHull   4801.49%   46GiB / 96GiB       47.92%    0B / 0B   6.06GB / 56.6MB   52
2024-11-13 20:52:14.979613
CONTAINER ID   NAME              CPU %      MEM USAGE / LIMIT   MEM %     NET I/O   BLOCK I/O         PIDS
3c44d8a8bf83   pbbs_convexHull   4781.96%   46.01GiB / 96GiB    47.92%    0B / 0B   6.06GB / 56.6MB   52
2024-11-13 20:52:16.985402
CONTAINER ID   NAME              CPU %      MEM USAGE / LIMIT   MEM %     NET I/O   BLOCK I/O         PIDS
3c44d8a8bf83   pbbs_convexHull   4795.87%   46GiB / 96GiB       47.92%    0B / 0B   6.06GB / 56.6MB   52
2024-11-13 20:52:18.992019
CONTAINER ID   NAME              CPU %      MEM USAGE / LIMIT   MEM %     NET I/O   BLOCK I/O         PIDS
3c44d8a8bf83   pbbs_convexHull   4787.87%   46.01GiB / 96GiB    47.92%    0B / 0B   6.06GB / 56.6MB   52
2024-11-13 20:52:20.998248
CONTAINER ID   NAME              CPU %      MEM USAGE / LIMIT   MEM %     NET I/O   BLOCK I/O         PIDS
3c44d8a8bf83   pbbs_convexHull   4811.04%   46.01GiB / 96GiB    47.92%    0B / 0B   6.06GB / 56.6MB   52
2024-11-13 20:52:23.003828
CONTAINER ID   NAME              CPU %      MEM USAGE / LIMIT   MEM %     NET I/O   BLOCK I/O         PIDS
3c44d8a8bf83   pbbs_convexHull   4773.29%   46.01GiB / 96GiB    47.93%    0B / 0B   6.06GB / 56.6MB   52
2024-11-13 20:52:25.018517
CONTAINER ID   NAME              CPU %      MEM USAGE / LIMIT   MEM %     NET I/O   BLOCK I/O         PIDS
3c44d8a8bf83   pbbs_convexHull   4802.83%   46.01GiB / 96GiB    47.92%    0B / 0B   6.06GB / 56.6MB   52
2024-11-13 20:52:27.027309
CONTAINER ID   NAME              CPU %      MEM USAGE / LIMIT   MEM %     NET I/O   BLOCK I/O         PIDS
3c44d8a8bf83   pbbs_convexHull   4795.84%   46.01GiB / 96GiB    47.92%    0B / 0B   6.06GB / 56.6MB   52
2024-11-13 20:52:29.031012
CONTAINER ID   NAME              CPU %      MEM USAGE / LIMIT   MEM %     NET I/O   BLOCK I/O         PIDS
3c44d8a8bf83   pbbs_convexHull   4791.64%   46.01GiB / 96GiB    47.92%    0B / 0B   6.06GB / 56.6MB   52
2024-11-13 20:52:31.039390
CONTAINER ID   NAME              CPU %      MEM USAGE / LIMIT   MEM %     NET I/O   BLOCK I/O         PIDS
3c44d8a8bf83   pbbs_convexHull   4794.90%   46.01GiB / 96GiB    47.93%    0B / 0B   6.06GB / 56.6MB   52
2024-11-13 20:52:33.043624
CONTAINER ID   NAME              CPU %      MEM USAGE / LIMIT   MEM %     NET I/O   BLOCK I/O         PIDS
3c44d8a8bf83   pbbs_convexHull   4796.99%   46.04GiB / 96GiB    47.95%    0B / 0B   6.06GB / 56.6MB   52
2024-11-13 20:52:35.050518
CONTAINER ID   NAME              CPU %      MEM USAGE / LIMIT   MEM %     NET I/O   BLOCK I/O         PIDS
3c44d8a8bf83   pbbs_convexHull   4792.08%   46.04GiB / 96GiB    47.96%    0B / 0B   6.06GB / 56.6MB   52
2024-11-13 20:52:37.056832
CONTAINER ID   NAME              CPU %      MEM USAGE / LIMIT   MEM %     NET I/O   BLOCK I/O         PIDS
3c44d8a8bf83   pbbs_convexHull   4790.41%   46.13GiB / 96GiB    48.05%    0B / 0B   6.06GB / 56.6MB   52
2024-11-13 20:52:39.065015
CONTAINER ID   NAME              CPU %      MEM USAGE / LIMIT   MEM %     NET I/O   BLOCK I/O         PIDS
3c44d8a8bf83   pbbs_convexHull   4805.13%   46.13GiB / 96GiB    48.05%    0B / 0B   6.06GB / 56.6MB   52
2024-11-13 20:52:41.072434
CONTAINER ID   NAME              CPU %      MEM USAGE / LIMIT   MEM %     NET I/O   BLOCK I/O         PIDS
3c44d8a8bf83   pbbs_convexHull   4794.22%   46.13GiB / 96GiB    48.05%    0B / 0B   6.06GB / 56.6MB   52
2024-11-13 20:52:43.079017
CONTAINER ID   NAME              CPU %      MEM USAGE / LIMIT   MEM %     NET I/O   BLOCK I/O         PIDS
3c44d8a8bf83   pbbs_convexHull   4771.66%   46.13GiB / 96GiB    48.05%    0B / 0B   6.06GB / 56.6MB   52
2024-11-13 20:52:45.086089
CONTAINER ID   NAME              CPU %      MEM USAGE / LIMIT   MEM %     NET I/O   BLOCK I/O         PIDS
3c44d8a8bf83   pbbs_convexHull   4801.95%   46.13GiB / 96GiB    48.05%    0B / 0B   6.06GB / 56.6MB   52
2024-11-13 20:52:47.091116
CONTAINER ID   NAME              CPU %      MEM USAGE / LIMIT   MEM %     NET I/O   BLOCK I/O         PIDS
3c44d8a8bf83   pbbs_convexHull   4794.18%   46.13GiB / 96GiB    48.05%    0B / 0B   6.06GB / 56.6MB   52
2024-11-13 20:52:49.098109
CONTAINER ID   NAME              CPU %      MEM USAGE / LIMIT   MEM %     NET I/O   BLOCK I/O         PIDS
3c44d8a8bf83   pbbs_convexHull   4771.49%   46.13GiB / 96GiB    48.05%    0B / 0B   6.06GB / 56.6MB   52
2024-11-13 20:52:51.105180
CONTAINER ID   NAME              CPU %      MEM USAGE / LIMIT   MEM %     NET I/O   BLOCK I/O         PIDS
3c44d8a8bf83   pbbs_convexHull   4787.18%   46.13GiB / 96GiB    48.06%    0B / 0B   6.06GB / 56.6MB   52
2024-11-13 20:52:53.112328
CONTAINER ID   NAME              CPU %      MEM USAGE / LIMIT   MEM %     NET I/O   BLOCK I/O         PIDS
3c44d8a8bf83   pbbs_convexHull   4793.52%   46.13GiB / 96GiB    48.06%    0B / 0B   6.06GB / 56.6MB   52
2024-11-13 20:52:55.118478
CONTAINER ID   NAME              CPU %      MEM USAGE / LIMIT   MEM %     NET I/O   BLOCK I/O         PIDS
3c44d8a8bf83   pbbs_convexHull   4791.29%   46.14GiB / 96GiB    48.06%    0B / 0B   6.06GB / 56.6MB   52
2024-11-13 20:52:57.126643
CONTAINER ID   NAME              CPU %      MEM USAGE / LIMIT   MEM %     NET I/O   BLOCK I/O         PIDS
3c44d8a8bf83   pbbs_convexHull   4808.22%   46.13GiB / 96GiB    48.05%    0B / 0B   6.06GB / 56.6MB   52
2024-11-13 20:52:59.136095
CONTAINER ID   NAME              CPU %      MEM USAGE / LIMIT   MEM %     NET I/O   BLOCK I/O         PIDS
3c44d8a8bf83   pbbs_convexHull   4788.65%   46.13GiB / 96GiB    48.05%    0B / 0B   6.06GB / 56.6MB   52
2024-11-13 20:53:01.140619
CONTAINER ID   NAME              CPU %      MEM USAGE / LIMIT   MEM %     NET I/O   BLOCK I/O         PIDS
3c44d8a8bf83   pbbs_convexHull   4793.02%   46.13GiB / 96GiB    48.06%    0B / 0B   6.06GB / 56.6MB   52
2024-11-13 20:53:03.146523
CONTAINER ID   NAME              CPU %      MEM USAGE / LIMIT   MEM %     NET I/O   BLOCK I/O         PIDS
3c44d8a8bf83   pbbs_convexHull   4772.29%   46.13GiB / 96GiB    48.06%    0B / 0B   6.06GB / 56.6MB   52
2024-11-13 20:53:05.153799
CONTAINER ID   NAME              CPU %      MEM USAGE / LIMIT   MEM %     NET I/O   BLOCK I/O         PIDS
3c44d8a8bf83   pbbs_convexHull   4793.67%   46.14GiB / 96GiB    48.06%    0B / 0B   6.06GB / 56.6MB   52
2024-11-13 20:53:07.160064
CONTAINER ID   NAME              CPU %      MEM USAGE / LIMIT   MEM %     NET I/O   BLOCK I/O         PIDS
3c44d8a8bf83   pbbs_convexHull   4778.74%   46.13GiB / 96GiB    48.06%    0B / 0B   6.06GB / 56.6MB   52
2024-11-13 20:53:09.165929
CONTAINER ID   NAME              CPU %      MEM USAGE / LIMIT   MEM %     NET I/O   BLOCK I/O         PIDS
3c44d8a8bf83   pbbs_convexHull   4769.74%   46.14GiB / 96GiB    48.06%    0B / 0B   6.06GB / 56.6MB   52
2024-11-13 20:53:11.172703
CONTAINER ID   NAME              CPU %      MEM USAGE / LIMIT   MEM %     NET I/O   BLOCK I/O         PIDS
3c44d8a8bf83   pbbs_convexHull   4781.04%   46.14GiB / 96GiB    48.06%    0B / 0B   6.06GB / 56.6MB   52
2024-11-13 20:53:13.182348
CONTAINER ID   NAME              CPU %      MEM USAGE / LIMIT   MEM %     NET I/O   BLOCK I/O         PIDS
3c44d8a8bf83   pbbs_convexHull   4794.94%   46.13GiB / 96GiB    48.06%    0B / 0B   6.06GB / 56.6MB   52
2024-11-13 20:53:15.186690
CONTAINER ID   NAME              CPU %      MEM USAGE / LIMIT   MEM %     NET I/O   BLOCK I/O         PIDS
3c44d8a8bf83   pbbs_convexHull   4770.13%   46.13GiB / 96GiB    48.06%    0B / 0B   6.06GB / 56.6MB   52
2024-11-13 20:53:17.193471
CONTAINER ID   NAME              CPU %      MEM USAGE / LIMIT   MEM %     NET I/O   BLOCK I/O         PIDS
3c44d8a8bf83   pbbs_convexHull   4800.67%   46.14GiB / 96GiB    48.06%    0B / 0B   6.06GB / 56.6MB   52
2024-11-13 20:53:19.199527
CONTAINER ID   NAME              CPU %      MEM USAGE / LIMIT   MEM %     NET I/O   BLOCK I/O         PIDS
3c44d8a8bf83   pbbs_convexHull   4791.30%   46.14GiB / 96GiB    48.06%    0B / 0B   6.06GB / 56.6MB   52
2024-11-13 20:53:21.205729
CONTAINER ID   NAME              CPU %      MEM USAGE / LIMIT   MEM %     NET I/O   BLOCK I/O         PIDS
3c44d8a8bf83   pbbs_convexHull   4776.49%   46.14GiB / 96GiB    48.06%    0B / 0B   6.06GB / 56.6MB   52
2024-11-13 20:53:23.212893
CONTAINER ID   NAME              CPU %      MEM USAGE / LIMIT   MEM %     NET I/O   BLOCK I/O         PIDS
3c44d8a8bf83   pbbs_convexHull   4790.00%   46.14GiB / 96GiB    48.06%    0B / 0B   6.06GB / 56.6MB   52
2024-11-13 20:53:25.220755
CONTAINER ID   NAME              CPU %      MEM USAGE / LIMIT   MEM %     NET I/O   BLOCK I/O         PIDS
3c44d8a8bf83   pbbs_convexHull   4792.20%   46.14GiB / 96GiB    48.06%    0B / 0B   6.06GB / 56.6MB   52
2024-11-13 20:53:27.225918
CONTAINER ID   NAME              CPU %      MEM USAGE / LIMIT   MEM %     NET I/O   BLOCK I/O         PIDS
3c44d8a8bf83   pbbs_convexHull   4781.63%   46.14GiB / 96GiB    48.06%    0B / 0B   6.06GB / 56.6MB   52
2024-11-13 20:53:29.232939
CONTAINER ID   NAME              CPU %     MEM USAGE / LIMIT   MEM %     NET I/O   BLOCK I/O         PIDS
3c44d8a8bf83   pbbs_convexHull   100.33%   20.52GiB / 96GiB    21.38%    0B / 0B   6.06GB / 56.6MB   5
2024-11-13 20:53:31.241719
CONTAINER ID   NAME      CPU %     MEM USAGE / LIMIT   MEM %     NET I/O   BLOCK I/O   PIDS
