2024-11-14 00:56:35.144749
CONTAINER ID   NAME      CPU %     MEM USAGE / LIMIT   MEM %     NET I/O   BLOCK I/O   PIDS
2024-11-14 00:56:35.782567
CONTAINER ID   NAME      CPU %     MEM USAGE / LIMIT   MEM %     NET I/O   BLOCK I/O   PIDS
2024-11-14 00:56:36.417809
CONTAINER ID   NAME      CPU %     MEM USAGE / LIMIT   MEM %     NET I/O   BLOCK I/O   PIDS
2024-11-14 00:56:37.054389
CONTAINER ID   NAME      CPU %     MEM USAGE / LIMIT   MEM %     NET I/O   BLOCK I/O   PIDS
2024-11-14 00:56:37.688681
CONTAINER ID   NAME      CPU %     MEM USAGE / LIMIT   MEM %     NET I/O   BLOCK I/O   PIDS
2024-11-14 00:56:38.322225
CONTAINER ID   NAME      CPU %     MEM USAGE / LIMIT   MEM %     NET I/O   BLOCK I/O   PIDS
2024-11-14 00:56:38.954339
CONTAINER ID   NAME      CPU %     MEM USAGE / LIMIT   MEM %     NET I/O   BLOCK I/O   PIDS
2024-11-14 00:56:39.589856
CONTAINER ID   NAME      CPU %     MEM USAGE / LIMIT   MEM %     NET I/O   BLOCK I/O   PIDS
2024-11-14 00:56:40.222770
CONTAINER ID   NAME      CPU %     MEM USAGE / LIMIT   MEM %     NET I/O   BLOCK I/O   PIDS
2024-11-14 00:56:40.855996
CONTAINER ID   NAME      CPU %     MEM USAGE / LIMIT   MEM %     NET I/O   BLOCK I/O   PIDS
2024-11-14 00:56:41.488164
CONTAINER ID   NAME      CPU %     MEM USAGE / LIMIT   MEM %     NET I/O   BLOCK I/O   PIDS
2024-11-14 00:56:42.121183
CONTAINER ID   NAME      CPU %     MEM USAGE / LIMIT   MEM %     NET I/O   BLOCK I/O   PIDS
2024-11-14 00:56:42.754118
CONTAINER ID   NAME      CPU %     MEM USAGE / LIMIT   MEM %     NET I/O   BLOCK I/O   PIDS
2024-11-14 00:56:43.386326
CONTAINER ID   NAME      CPU %     MEM USAGE / LIMIT   MEM %     NET I/O   BLOCK I/O   PIDS
2024-11-14 00:56:44.020398
CONTAINER ID   NAME      CPU %     MEM USAGE / LIMIT   MEM %     NET I/O   BLOCK I/O   PIDS
2024-11-14 00:56:44.653099
CONTAINER ID   NAME      CPU %     MEM USAGE / LIMIT   MEM %     NET I/O   BLOCK I/O   PIDS
2024-11-14 00:56:45.286048
CONTAINER ID   NAME      CPU %     MEM USAGE / LIMIT   MEM %     NET I/O   BLOCK I/O   PIDS
2024-11-14 00:56:45.919253
CONTAINER ID   NAME      CPU %     MEM USAGE / LIMIT   MEM %     NET I/O   BLOCK I/O   PIDS
2024-11-14 00:56:46.550787
CONTAINER ID   NAME      CPU %     MEM USAGE / LIMIT   MEM %     NET I/O   BLOCK I/O   PIDS
2024-11-14 00:56:47.184210
CONTAINER ID   NAME      CPU %     MEM USAGE / LIMIT   MEM %     NET I/O   BLOCK I/O   PIDS
2024-11-14 00:56:47.816697
CONTAINER ID   NAME      CPU %     MEM USAGE / LIMIT   MEM %     NET I/O   BLOCK I/O   PIDS
2024-11-14 00:56:48.448086
CONTAINER ID   NAME      CPU %     MEM USAGE / LIMIT   MEM %     NET I/O   BLOCK I/O   PIDS
2024-11-14 00:56:49.081457
CONTAINER ID   NAME      CPU %     MEM USAGE / LIMIT   MEM %     NET I/O   BLOCK I/O   PIDS
2024-11-14 00:56:49.714261
CONTAINER ID   NAME      CPU %     MEM USAGE / LIMIT   MEM %     NET I/O   BLOCK I/O   PIDS
2024-11-14 00:56:50.346091
CONTAINER ID   NAME      CPU %     MEM USAGE / LIMIT   MEM %     NET I/O   BLOCK I/O   PIDS
2024-11-14 00:56:50.979600
CONTAINER ID   NAME      CPU %     MEM USAGE / LIMIT   MEM %     NET I/O   BLOCK I/O   PIDS
2024-11-14 00:56:51.614819
CONTAINER ID   NAME      CPU %     MEM USAGE / LIMIT   MEM %     NET I/O   BLOCK I/O   PIDS
2024-11-14 00:56:52.250684
CONTAINER ID   NAME      CPU %     MEM USAGE / LIMIT   MEM %     NET I/O   BLOCK I/O   PIDS
2024-11-14 00:56:52.882872
CONTAINER ID   NAME      CPU %     MEM USAGE / LIMIT   MEM %     NET I/O   BLOCK I/O   PIDS
2024-11-14 00:56:53.517577
CONTAINER ID   NAME      CPU %     MEM USAGE / LIMIT   MEM %     NET I/O   BLOCK I/O   PIDS
2024-11-14 00:56:54.150975
CONTAINER ID   NAME      CPU %     MEM USAGE / LIMIT   MEM %     NET I/O   BLOCK I/O   PIDS
2024-11-14 00:56:54.783456
CONTAINER ID   NAME      CPU %     MEM USAGE / LIMIT   MEM %     NET I/O   BLOCK I/O   PIDS
2024-11-14 00:56:55.415767
CONTAINER ID   NAME              CPU %     MEM USAGE / LIMIT   MEM %     NET I/O   BLOCK I/O   PIDS
d402da99ef7d   pbbs_nBody        100.19%   294.9MiB / 96GiB    0.30%     0B / 0B   0B / 0B     5
73aaa0ef5bb0   pbbs_wordCounts   100.34%   181.6MiB / 96GiB    0.18%     0B / 0B   0B / 0B     5
2024-11-14 00:56:58.072999
CONTAINER ID   NAME              CPU %     MEM USAGE / LIMIT   MEM %     NET I/O   BLOCK I/O   PIDS
d402da99ef7d   pbbs_nBody        99.77%    366.2MiB / 96GiB    0.37%     0B / 0B   0B / 0B     5
73aaa0ef5bb0   pbbs_wordCounts   99.78%    337.5MiB / 96GiB    0.34%     0B / 0B   0B / 0B     5
2024-11-14 00:57:00.089359
CONTAINER ID   NAME              CPU %     MEM USAGE / LIMIT   MEM %     NET I/O   BLOCK I/O   PIDS
d402da99ef7d   pbbs_nBody        100.04%   415.3MiB / 96GiB    0.42%     0B / 0B   0B / 0B     5
73aaa0ef5bb0   pbbs_wordCounts   100.07%   378.3MiB / 96GiB    0.38%     0B / 0B   0B / 0B     5
2024-11-14 00:57:02.103163
CONTAINER ID   NAME              CPU %     MEM USAGE / LIMIT   MEM %     NET I/O   BLOCK I/O     PIDS
d402da99ef7d   pbbs_nBody        95.54%    67.4MiB / 96GiB     0.07%     0B / 0B   0B / 19.6MB   5
73aaa0ef5bb0   pbbs_wordCounts   99.96%    110.9MiB / 96GiB    0.11%     0B / 0B   0B / 16.3MB   5
2024-11-14 00:57:04.118108
CONTAINER ID   NAME              CPU %     MEM USAGE / LIMIT   MEM %     NET I/O   BLOCK I/O     PIDS
d402da99ef7d   pbbs_nBody        100.21%   292.7MiB / 96GiB    0.30%     0B / 0B   0B / 19.6MB   5
73aaa0ef5bb0   pbbs_wordCounts   100.14%   328MiB / 96GiB      0.33%     0B / 0B   0B / 16.3MB   5
2024-11-14 00:57:06.131966
CONTAINER ID   NAME              CPU %     MEM USAGE / LIMIT   MEM %     NET I/O   BLOCK I/O     PIDS
d402da99ef7d   pbbs_nBody        100.29%   477.9MiB / 96GiB    0.49%     0B / 0B   0B / 19.6MB   5
73aaa0ef5bb0   pbbs_wordCounts   99.91%    377.1MiB / 96GiB    0.38%     0B / 0B   0B / 16.3MB   5
2024-11-14 00:57:08.142977
CONTAINER ID   NAME              CPU %     MEM USAGE / LIMIT   MEM %     NET I/O   BLOCK I/O     PIDS
d402da99ef7d   pbbs_nBody        99.82%    487.7MiB / 96GiB    0.50%     0B / 0B   0B / 19.6MB   5
73aaa0ef5bb0   pbbs_wordCounts   100.16%   421.8MiB / 96GiB    0.43%     0B / 0B   0B / 16.3MB   5
2024-11-14 00:57:10.157708
CONTAINER ID   NAME              CPU %     MEM USAGE / LIMIT   MEM %     NET I/O   BLOCK I/O         PIDS
d402da99ef7d   pbbs_nBody        99.44%    517.3MiB / 96GiB    0.53%     0B / 0B   69.6kB / 19.6MB   5
73aaa0ef5bb0   pbbs_wordCounts   95.22%    101.1MiB / 96GiB    0.10%     0B / 0B   0B / 35MB         5
2024-11-14 00:57:12.170943
CONTAINER ID   NAME              CPU %     MEM USAGE / LIMIT   MEM %     NET I/O   BLOCK I/O         PIDS
d402da99ef7d   pbbs_nBody        100.28%   567.5MiB / 96GiB    0.58%     0B / 0B   69.6kB / 19.6MB   5
73aaa0ef5bb0   pbbs_wordCounts   99.93%    272.3MiB / 96GiB    0.28%     0B / 0B   0B / 35MB         7
2024-11-14 00:57:14.183861
CONTAINER ID   NAME              CPU %     MEM USAGE / LIMIT   MEM %     NET I/O   BLOCK I/O         PIDS
d402da99ef7d   pbbs_nBody        99.19%    614.7MiB / 96GiB    0.63%     0B / 0B   69.6kB / 19.6MB   5
73aaa0ef5bb0   pbbs_wordCounts   99.32%    306.9MiB / 96GiB    0.31%     0B / 0B   0B / 35MB         7
2024-11-14 00:57:16.197827
CONTAINER ID   NAME              CPU %     MEM USAGE / LIMIT   MEM %     NET I/O   BLOCK I/O         PIDS
d402da99ef7d   pbbs_nBody        99.19%    666.5MiB / 96GiB    0.68%     0B / 0B   69.6kB / 19.6MB   5
73aaa0ef5bb0   pbbs_wordCounts   99.57%    275.1MiB / 96GiB    0.28%     0B / 0B   0B / 44.9MB       7
2024-11-14 00:57:18.212117
CONTAINER ID   NAME              CPU %     MEM USAGE / LIMIT   MEM %     NET I/O   BLOCK I/O         PIDS
d402da99ef7d   pbbs_nBody        89.61%    165.8MiB / 96GiB    0.17%     0B / 0B   69.6kB / 68.3MB   5
73aaa0ef5bb0   pbbs_wordCounts   100.17%   392.1MiB / 96GiB    0.40%     0B / 0B   0B / 44.9MB       7
2024-11-14 00:57:20.227137
CONTAINER ID   NAME              CPU %     MEM USAGE / LIMIT   MEM %     NET I/O   BLOCK I/O         PIDS
d402da99ef7d   pbbs_nBody        100.23%   287.2MiB / 96GiB    0.29%     0B / 0B   69.6kB / 68.3MB   7
73aaa0ef5bb0   pbbs_wordCounts   100.10%   415.2MiB / 96GiB    0.42%     0B / 0B   0B / 44.9MB       7
2024-11-14 00:57:22.242251
CONTAINER ID   NAME              CPU %     MEM USAGE / LIMIT   MEM %     NET I/O   BLOCK I/O         PIDS
d402da99ef7d   pbbs_nBody        100.04%   350.8MiB / 96GiB    0.36%     0B / 0B   69.6kB / 68.3MB   7
73aaa0ef5bb0   pbbs_wordCounts   100.35%   416.5MiB / 96GiB    0.42%     0B / 0B   0B / 44.9MB       7
2024-11-14 00:57:24.256999
CONTAINER ID   NAME              CPU %     MEM USAGE / LIMIT   MEM %     NET I/O   BLOCK I/O         PIDS
d402da99ef7d   pbbs_nBody        99.65%    395.3MiB / 96GiB    0.40%     0B / 0B   69.6kB / 68.3MB   7
73aaa0ef5bb0   pbbs_wordCounts   99.29%    440.1MiB / 96GiB    0.45%     0B / 0B   0B / 44.9MB       7
2024-11-14 00:57:26.270942
CONTAINER ID   NAME              CPU %     MEM USAGE / LIMIT   MEM %     NET I/O   BLOCK I/O         PIDS
d402da99ef7d   pbbs_nBody        95.49%    374.3MiB / 96GiB    0.38%     0B / 0B   69.6kB / 87.2MB   6
73aaa0ef5bb0   pbbs_wordCounts   93.29%    29.86MiB / 96GiB    0.03%     0B / 0B   0B / 75MB         7
2024-11-14 00:57:28.285472
CONTAINER ID   NAME              CPU %      MEM USAGE / LIMIT   MEM %     NET I/O   BLOCK I/O         PIDS
d402da99ef7d   pbbs_nBody        0.00%      1.809GiB / 96GiB    1.88%     0B / 0B   69.6kB / 87.2MB   52
73aaa0ef5bb0   pbbs_wordCounts   3191.85%   4.722GiB / 96GiB    4.92%     0B / 0B   0B / 75MB         52
2024-11-14 00:57:30.299230
CONTAINER ID   NAME              CPU %      MEM USAGE / LIMIT   MEM %     NET I/O   BLOCK I/O         PIDS
d402da99ef7d   pbbs_nBody        0.00%      1.809GiB / 96GiB    1.88%     0B / 0B   69.6kB / 87.2MB   52
73aaa0ef5bb0   pbbs_wordCounts   2994.35%   11.31GiB / 96GiB    11.78%    0B / 0B   0B / 75MB         52
2024-11-14 00:57:32.312259
CONTAINER ID   NAME              CPU %     MEM USAGE / LIMIT   MEM %     NET I/O   BLOCK I/O         PIDS
d402da99ef7d   pbbs_nBody        0.00%     1.809GiB / 96GiB    1.88%     0B / 0B   69.6kB / 87.2MB   52
73aaa0ef5bb0   pbbs_wordCounts   0.00%     4.878GiB / 96GiB    5.08%     0B / 0B   0B / 75MB         52
2024-11-14 00:57:34.325404
CONTAINER ID   NAME              CPU %     MEM USAGE / LIMIT   MEM %     NET I/O   BLOCK I/O         PIDS
d402da99ef7d   pbbs_nBody        0.00%     1.809GiB / 96GiB    1.88%     0B / 0B   69.6kB / 87.2MB   52
73aaa0ef5bb0   pbbs_wordCounts   0.00%     4.878GiB / 96GiB    5.08%     0B / 0B   0B / 75MB         52
2024-11-14 00:57:36.338911
CONTAINER ID   NAME              CPU %     MEM USAGE / LIMIT   MEM %     NET I/O   BLOCK I/O         PIDS
d402da99ef7d   pbbs_nBody        0.00%     1.809GiB / 96GiB    1.88%     0B / 0B   69.6kB / 87.2MB   52
73aaa0ef5bb0   pbbs_wordCounts   0.00%     4.878GiB / 96GiB    5.08%     0B / 0B   0B / 75MB         52
2024-11-14 00:57:38.349504
CONTAINER ID   NAME              CPU %     MEM USAGE / LIMIT   MEM %     NET I/O   BLOCK I/O         PIDS
d402da99ef7d   pbbs_nBody        0.00%     1.809GiB / 96GiB    1.88%     0B / 0B   69.6kB / 87.2MB   52
73aaa0ef5bb0   pbbs_wordCounts   0.00%     4.878GiB / 96GiB    5.08%     0B / 0B   0B / 75MB         52
2024-11-14 00:57:40.360736
CONTAINER ID   NAME              CPU %     MEM USAGE / LIMIT   MEM %     NET I/O   BLOCK I/O         PIDS
d402da99ef7d   pbbs_nBody        0.00%     1.809GiB / 96GiB    1.88%     0B / 0B   69.6kB / 87.2MB   52
73aaa0ef5bb0   pbbs_wordCounts   0.00%     4.878GiB / 96GiB    5.08%     0B / 0B   0B / 75MB         52
2024-11-14 00:57:42.373221
CONTAINER ID   NAME              CPU %     MEM USAGE / LIMIT   MEM %     NET I/O   BLOCK I/O         PIDS
d402da99ef7d   pbbs_nBody        0.00%     1.809GiB / 96GiB    1.88%     0B / 0B   69.6kB / 87.2MB   52
73aaa0ef5bb0   pbbs_wordCounts   0.00%     4.878GiB / 96GiB    5.08%     0B / 0B   0B / 75MB         52
2024-11-14 00:57:44.385852
CONTAINER ID   NAME              CPU %     MEM USAGE / LIMIT   MEM %     NET I/O   BLOCK I/O         PIDS
d402da99ef7d   pbbs_nBody        0.00%     1.809GiB / 96GiB    1.88%     0B / 0B   69.6kB / 87.2MB   52
73aaa0ef5bb0   pbbs_wordCounts   0.00%     4.878GiB / 96GiB    5.08%     0B / 0B   0B / 75MB         52
2024-11-14 00:57:46.400125
CONTAINER ID   NAME              CPU %     MEM USAGE / LIMIT   MEM %     NET I/O   BLOCK I/O         PIDS
d402da99ef7d   pbbs_nBody        0.00%     1.809GiB / 96GiB    1.88%     0B / 0B   69.6kB / 87.2MB   52
73aaa0ef5bb0   pbbs_wordCounts   0.00%     4.878GiB / 96GiB    5.08%     0B / 0B   0B / 75MB         52
2024-11-14 00:57:48.411079
CONTAINER ID   NAME              CPU %     MEM USAGE / LIMIT   MEM %     NET I/O   BLOCK I/O         PIDS
d402da99ef7d   pbbs_nBody        0.00%     1.809GiB / 96GiB    1.88%     0B / 0B   69.6kB / 87.2MB   52
73aaa0ef5bb0   pbbs_wordCounts   0.00%     4.878GiB / 96GiB    5.08%     0B / 0B   0B / 75MB         52
2024-11-14 00:57:50.424491
CONTAINER ID   NAME              CPU %     MEM USAGE / LIMIT   MEM %     NET I/O   BLOCK I/O         PIDS
d402da99ef7d   pbbs_nBody        0.00%     1.809GiB / 96GiB    1.88%     0B / 0B   69.6kB / 87.2MB   52
73aaa0ef5bb0   pbbs_wordCounts   0.00%     4.878GiB / 96GiB    5.08%     0B / 0B   0B / 75MB         52
2024-11-14 00:57:52.435015
CONTAINER ID   NAME              CPU %     MEM USAGE / LIMIT   MEM %     NET I/O   BLOCK I/O         PIDS
d402da99ef7d   pbbs_nBody        0.00%     1.809GiB / 96GiB    1.88%     0B / 0B   69.6kB / 87.2MB   52
73aaa0ef5bb0   pbbs_wordCounts   0.00%     4.878GiB / 96GiB    5.08%     0B / 0B   0B / 75MB         52
2024-11-14 00:57:54.445650
CONTAINER ID   NAME              CPU %     MEM USAGE / LIMIT   MEM %     NET I/O   BLOCK I/O         PIDS
d402da99ef7d   pbbs_nBody        0.00%     1.809GiB / 96GiB    1.88%     0B / 0B   69.6kB / 87.2MB   52
73aaa0ef5bb0   pbbs_wordCounts   0.08%     4.878GiB / 96GiB    5.08%     0B / 0B   0B / 75MB         52
2024-11-14 00:57:56.457815
CONTAINER ID   NAME              CPU %     MEM USAGE / LIMIT   MEM %     NET I/O   BLOCK I/O         PIDS
d402da99ef7d   pbbs_nBody        0.00%     1.809GiB / 96GiB    1.88%     0B / 0B   69.6kB / 87.2MB   52
73aaa0ef5bb0   pbbs_wordCounts   0.13%     4.878GiB / 96GiB    5.08%     0B / 0B   0B / 75MB         52
2024-11-14 00:57:58.470158
CONTAINER ID   NAME              CPU %     MEM USAGE / LIMIT   MEM %     NET I/O   BLOCK I/O         PIDS
d402da99ef7d   pbbs_nBody        0.00%     1.809GiB / 96GiB    1.88%     0B / 0B   69.6kB / 87.2MB   52
73aaa0ef5bb0   pbbs_wordCounts   0.13%     4.878GiB / 96GiB    5.08%     0B / 0B   0B / 75MB         52
2024-11-14 00:58:00.483975
CONTAINER ID   NAME              CPU %     MEM USAGE / LIMIT   MEM %     NET I/O   BLOCK I/O         PIDS
d402da99ef7d   pbbs_nBody        0.00%     1.809GiB / 96GiB    1.88%     0B / 0B   69.6kB / 87.2MB   52
73aaa0ef5bb0   pbbs_wordCounts   0.13%     4.878GiB / 96GiB    5.08%     0B / 0B   0B / 75MB         52
2024-11-14 00:58:02.496772
CONTAINER ID   NAME              CPU %     MEM USAGE / LIMIT   MEM %     NET I/O   BLOCK I/O         PIDS
d402da99ef7d   pbbs_nBody        0.00%     1.809GiB / 96GiB    1.88%     0B / 0B   69.6kB / 87.2MB   52
73aaa0ef5bb0   pbbs_wordCounts   0.13%     4.878GiB / 96GiB    5.08%     0B / 0B   0B / 75MB         52
2024-11-14 00:58:04.506674
CONTAINER ID   NAME              CPU %     MEM USAGE / LIMIT   MEM %     NET I/O   BLOCK I/O         PIDS
d402da99ef7d   pbbs_nBody        0.00%     1.809GiB / 96GiB    1.88%     0B / 0B   69.6kB / 87.2MB   52
73aaa0ef5bb0   pbbs_wordCounts   0.12%     4.878GiB / 96GiB    5.08%     0B / 0B   0B / 75MB         52
2024-11-14 00:58:06.522020
CONTAINER ID   NAME              CPU %     MEM USAGE / LIMIT   MEM %     NET I/O   BLOCK I/O         PIDS
d402da99ef7d   pbbs_nBody        0.00%     1.809GiB / 96GiB    1.88%     0B / 0B   69.6kB / 87.2MB   52
73aaa0ef5bb0   pbbs_wordCounts   0.12%     4.878GiB / 96GiB    5.08%     0B / 0B   0B / 75MB         52
2024-11-14 00:58:08.532411
CONTAINER ID   NAME              CPU %     MEM USAGE / LIMIT   MEM %     NET I/O   BLOCK I/O         PIDS
d402da99ef7d   pbbs_nBody        0.00%     1.809GiB / 96GiB    1.88%     0B / 0B   69.6kB / 87.2MB   52
73aaa0ef5bb0   pbbs_wordCounts   0.13%     4.878GiB / 96GiB    5.08%     0B / 0B   0B / 75MB         52
2024-11-14 00:58:10.548327
CONTAINER ID   NAME              CPU %     MEM USAGE / LIMIT   MEM %     NET I/O   BLOCK I/O         PIDS
d402da99ef7d   pbbs_nBody        0.00%     1.809GiB / 96GiB    1.88%     0B / 0B   69.6kB / 87.2MB   52
73aaa0ef5bb0   pbbs_wordCounts   0.13%     4.878GiB / 96GiB    5.08%     0B / 0B   0B / 75MB         52
2024-11-14 00:58:12.556595
CONTAINER ID   NAME              CPU %     MEM USAGE / LIMIT   MEM %     NET I/O   BLOCK I/O         PIDS
d402da99ef7d   pbbs_nBody        0.00%     1.809GiB / 96GiB    1.88%     0B / 0B   69.6kB / 87.2MB   52
73aaa0ef5bb0   pbbs_wordCounts   0.13%     4.878GiB / 96GiB    5.08%     0B / 0B   0B / 75MB         52
2024-11-14 00:58:14.566963
CONTAINER ID   NAME              CPU %     MEM USAGE / LIMIT   MEM %     NET I/O   BLOCK I/O         PIDS
d402da99ef7d   pbbs_nBody        0.00%     1.809GiB / 96GiB    1.88%     0B / 0B   69.6kB / 87.2MB   52
73aaa0ef5bb0   pbbs_wordCounts   0.13%     4.878GiB / 96GiB    5.08%     0B / 0B   0B / 75MB         52
2024-11-14 00:58:16.582003
CONTAINER ID   NAME              CPU %     MEM USAGE / LIMIT   MEM %     NET I/O   BLOCK I/O         PIDS
d402da99ef7d   pbbs_nBody        0.00%     1.809GiB / 96GiB    1.88%     0B / 0B   69.6kB / 87.2MB   52
73aaa0ef5bb0   pbbs_wordCounts   0.13%     4.878GiB / 96GiB    5.08%     0B / 0B   0B / 75MB         52
2024-11-14 00:58:18.591937
CONTAINER ID   NAME              CPU %     MEM USAGE / LIMIT   MEM %     NET I/O   BLOCK I/O         PIDS
d402da99ef7d   pbbs_nBody        0.00%     1.809GiB / 96GiB    1.88%     0B / 0B   69.6kB / 87.2MB   52
73aaa0ef5bb0   pbbs_wordCounts   0.13%     4.878GiB / 96GiB    5.08%     0B / 0B   0B / 75MB         52
2024-11-14 00:58:20.604252
CONTAINER ID   NAME              CPU %     MEM USAGE / LIMIT   MEM %     NET I/O   BLOCK I/O         PIDS
d402da99ef7d   pbbs_nBody        0.00%     1.809GiB / 96GiB    1.88%     0B / 0B   69.6kB / 87.2MB   52
73aaa0ef5bb0   pbbs_wordCounts   0.12%     4.878GiB / 96GiB    5.08%     0B / 0B   0B / 75MB         52
2024-11-14 00:58:22.617109
CONTAINER ID   NAME              CPU %     MEM USAGE / LIMIT   MEM %     NET I/O   BLOCK I/O         PIDS
d402da99ef7d   pbbs_nBody        0.00%     1.809GiB / 96GiB    1.88%     0B / 0B   69.6kB / 87.2MB   52
73aaa0ef5bb0   pbbs_wordCounts   0.12%     4.878GiB / 96GiB    5.08%     0B / 0B   0B / 75MB         52
2024-11-14 00:58:24.629438
CONTAINER ID   NAME              CPU %     MEM USAGE / LIMIT   MEM %     NET I/O   BLOCK I/O         PIDS
d402da99ef7d   pbbs_nBody        0.00%     1.809GiB / 96GiB    1.88%     0B / 0B   69.6kB / 87.2MB   52
73aaa0ef5bb0   pbbs_wordCounts   0.13%     4.878GiB / 96GiB    5.08%     0B / 0B   0B / 75MB         52
2024-11-14 00:58:26.639895
CONTAINER ID   NAME              CPU %     MEM USAGE / LIMIT   MEM %     NET I/O   BLOCK I/O         PIDS
d402da99ef7d   pbbs_nBody        0.00%     1.809GiB / 96GiB    1.88%     0B / 0B   69.6kB / 87.2MB   52
73aaa0ef5bb0   pbbs_wordCounts   0.12%     4.878GiB / 96GiB    5.08%     0B / 0B   0B / 75MB         52
2024-11-14 00:58:28.650885
CONTAINER ID   NAME              CPU %     MEM USAGE / LIMIT   MEM %     NET I/O   BLOCK I/O         PIDS
d402da99ef7d   pbbs_nBody        0.00%     1.809GiB / 96GiB    1.88%     0B / 0B   69.6kB / 87.2MB   52
73aaa0ef5bb0   pbbs_wordCounts   0.13%     4.878GiB / 96GiB    5.08%     0B / 0B   0B / 75MB         52
2024-11-14 00:58:30.665179
CONTAINER ID   NAME              CPU %     MEM USAGE / LIMIT   MEM %     NET I/O   BLOCK I/O         PIDS
d402da99ef7d   pbbs_nBody        0.00%     1.809GiB / 96GiB    1.88%     0B / 0B   69.6kB / 87.2MB   52
73aaa0ef5bb0   pbbs_wordCounts   0.13%     4.878GiB / 96GiB    5.08%     0B / 0B   0B / 75MB         52
2024-11-14 00:58:32.676065
CONTAINER ID   NAME              CPU %     MEM USAGE / LIMIT   MEM %     NET I/O   BLOCK I/O         PIDS
d402da99ef7d   pbbs_nBody        0.00%     1.809GiB / 96GiB    1.88%     0B / 0B   69.6kB / 87.2MB   52
73aaa0ef5bb0   pbbs_wordCounts   0.13%     4.878GiB / 96GiB    5.08%     0B / 0B   0B / 75MB         52
2024-11-14 00:58:34.688059
CONTAINER ID   NAME              CPU %      MEM USAGE / LIMIT   MEM %     NET I/O   BLOCK I/O         PIDS
d402da99ef7d   pbbs_nBody        2998.85%   2.314GiB / 96GiB    2.41%     0B / 0B   69.6kB / 87.2MB   52
73aaa0ef5bb0   pbbs_wordCounts   4281.44%   7.835GiB / 96GiB    8.16%     0B / 0B   0B / 75MB         52
2024-11-14 00:58:36.702510
CONTAINER ID   NAME              CPU %      MEM USAGE / LIMIT   MEM %     NET I/O   BLOCK I/O         PIDS
d402da99ef7d   pbbs_nBody        1282.11%   4.225GiB / 96GiB    4.40%     0B / 0B   69.6kB / 87.2MB   52
73aaa0ef5bb0   pbbs_wordCounts   2501.21%   10.46GiB / 96GiB    10.90%    0B / 0B   0B / 75MB         52
2024-11-14 00:58:38.715204
CONTAINER ID   NAME              CPU %      MEM USAGE / LIMIT   MEM %     NET I/O   BLOCK I/O         PIDS
d402da99ef7d   pbbs_nBody        4790.62%   4.223GiB / 96GiB    4.40%     0B / 0B   69.6kB / 87.2MB   52
73aaa0ef5bb0   pbbs_wordCounts   4759.55%   11.4GiB / 96GiB     11.87%    0B / 0B   0B / 75MB         52
2024-11-14 00:58:40.733739
CONTAINER ID   NAME              CPU %      MEM USAGE / LIMIT   MEM %     NET I/O   BLOCK I/O         PIDS
d402da99ef7d   pbbs_nBody        4810.83%   4.223GiB / 96GiB    4.40%     0B / 0B   69.6kB / 87.2MB   52
73aaa0ef5bb0   pbbs_wordCounts   1297.41%   4.94GiB / 96GiB     5.15%     0B / 0B   0B / 75MB         52
2024-11-14 00:58:42.738418
CONTAINER ID   NAME              CPU %      MEM USAGE / LIMIT   MEM %     NET I/O   BLOCK I/O         PIDS
d402da99ef7d   pbbs_nBody        4814.55%   4.223GiB / 96GiB    4.40%     0B / 0B   69.6kB / 87.2MB   52
73aaa0ef5bb0   pbbs_wordCounts   4746.68%   15.04GiB / 96GiB    15.67%    0B / 0B   0B / 75MB         52
2024-11-14 00:58:44.750768
CONTAINER ID   NAME              CPU %      MEM USAGE / LIMIT   MEM %     NET I/O   BLOCK I/O         PIDS
d402da99ef7d   pbbs_nBody        4808.09%   4.223GiB / 96GiB    4.40%     0B / 0B   69.6kB / 87.2MB   52
73aaa0ef5bb0   pbbs_wordCounts   4427.72%   8.756GiB / 96GiB    9.12%     0B / 0B   0B / 75MB         52
2024-11-14 00:58:46.766338
CONTAINER ID   NAME              CPU %      MEM USAGE / LIMIT   MEM %     NET I/O   BLOCK I/O         PIDS
d402da99ef7d   pbbs_nBody        4803.95%   4.222GiB / 96GiB    4.40%     0B / 0B   69.6kB / 87.2MB   52
73aaa0ef5bb0   pbbs_wordCounts   1628.55%   8.296GiB / 96GiB    8.64%     0B / 0B   0B / 75MB         52
2024-11-14 00:58:49.956660
CONTAINER ID   NAME              CPU %      MEM USAGE / LIMIT   MEM %     NET I/O   BLOCK I/O         PIDS
d402da99ef7d   pbbs_nBody        4782.81%   4.223GiB / 96GiB    4.40%     0B / 0B   69.6kB / 87.2MB   52
73aaa0ef5bb0   pbbs_wordCounts   3117.31%   11.72GiB / 96GiB    12.20%    0B / 0B   0B / 75MB         52
2024-11-14 00:58:51.969788
CONTAINER ID   NAME              CPU %      MEM USAGE / LIMIT   MEM %     NET I/O   BLOCK I/O         PIDS
d402da99ef7d   pbbs_nBody        4791.34%   5.842GiB / 96GiB    6.09%     0B / 0B   69.6kB / 87.2MB   52
73aaa0ef5bb0   pbbs_wordCounts   4775.20%   12.23GiB / 96GiB    12.74%    0B / 0B   0B / 75MB         52
2024-11-14 00:58:55.116017
CONTAINER ID   NAME              CPU %      MEM USAGE / LIMIT   MEM %     NET I/O   BLOCK I/O         PIDS
d402da99ef7d   pbbs_nBody        4762.21%   7.73GiB / 96GiB     8.05%     0B / 0B   69.6kB / 87.2MB   52
73aaa0ef5bb0   pbbs_wordCounts   4770.60%   10.02GiB / 96GiB    10.44%    0B / 0B   0B / 75MB         52
2024-11-14 00:58:57.133360
CONTAINER ID   NAME              CPU %      MEM USAGE / LIMIT   MEM %     NET I/O   BLOCK I/O         PIDS
d402da99ef7d   pbbs_nBody        4816.79%   9.631GiB / 96GiB    10.03%    0B / 0B   69.6kB / 87.2MB   52
73aaa0ef5bb0   pbbs_wordCounts   255.04%    5.821GiB / 96GiB    6.06%     0B / 0B   0B / 75MB         52
2024-11-14 00:58:59.146200
CONTAINER ID   NAME              CPU %      MEM USAGE / LIMIT   MEM %     NET I/O   BLOCK I/O         PIDS
d402da99ef7d   pbbs_nBody        4772.35%   11.23GiB / 96GiB    11.69%    0B / 0B   69.6kB / 87.2MB   52
73aaa0ef5bb0   pbbs_wordCounts   4753.36%   15.04GiB / 96GiB    15.67%    0B / 0B   0B / 75MB         52
2024-11-14 00:59:01.176592
CONTAINER ID   NAME              CPU %      MEM USAGE / LIMIT   MEM %     NET I/O   BLOCK I/O         PIDS
d402da99ef7d   pbbs_nBody        4208.34%   12.39GiB / 96GiB    12.90%    0B / 0B   69.6kB / 87.2MB   52
73aaa0ef5bb0   pbbs_wordCounts   2972.20%   7.167GiB / 96GiB    7.47%     0B / 0B   0B / 75MB         52
2024-11-14 00:59:03.191272
CONTAINER ID   NAME              CPU %      MEM USAGE / LIMIT   MEM %     NET I/O   BLOCK I/O         PIDS
d402da99ef7d   pbbs_nBody        3827.97%   13.94GiB / 96GiB    14.52%    0B / 0B   69.6kB / 87.2MB   52
73aaa0ef5bb0   pbbs_wordCounts   4683.80%   14.83GiB / 96GiB    15.45%    0B / 0B   0B / 75MB         52
2024-11-14 00:59:05.201453
CONTAINER ID   NAME              CPU %      MEM USAGE / LIMIT   MEM %     NET I/O   BLOCK I/O         PIDS
d402da99ef7d   pbbs_nBody        4810.39%   14.12GiB / 96GiB    14.71%    0B / 0B   69.6kB / 87.2MB   52
73aaa0ef5bb0   pbbs_wordCounts   4804.60%   9.887GiB / 96GiB    10.30%    0B / 0B   0B / 75MB         52
2024-11-14 00:59:07.215087
CONTAINER ID   NAME              CPU %      MEM USAGE / LIMIT   MEM %     NET I/O   BLOCK I/O         PIDS
d402da99ef7d   pbbs_nBody        4800.59%   14.12GiB / 96GiB    14.71%    0B / 0B   69.6kB / 87.2MB   52
73aaa0ef5bb0   pbbs_wordCounts   1604.38%   9.365GiB / 96GiB    9.76%     0B / 0B   0B / 75MB         52
2024-11-14 00:59:10.229573
CONTAINER ID   NAME              CPU %      MEM USAGE / LIMIT   MEM %     NET I/O   BLOCK I/O         PIDS
d402da99ef7d   pbbs_nBody        4768.51%   14.12GiB / 96GiB    14.71%    0B / 0B   69.6kB / 87.2MB   52
73aaa0ef5bb0   pbbs_wordCounts   3900.82%   13.52GiB / 96GiB    14.08%    0B / 0B   0B / 75MB         52
2024-11-14 00:59:12.243491
CONTAINER ID   NAME              CPU %      MEM USAGE / LIMIT   MEM %     NET I/O   BLOCK I/O         PIDS
d402da99ef7d   pbbs_nBody        4794.01%   14.12GiB / 96GiB    14.71%    0B / 0B   69.6kB / 87.2MB   52
73aaa0ef5bb0   pbbs_wordCounts   4764.64%   9.849GiB / 96GiB    10.26%    0B / 0B   0B / 75MB         52
2024-11-14 00:59:14.256297
CONTAINER ID   NAME              CPU %      MEM USAGE / LIMIT   MEM %     NET I/O   BLOCK I/O         PIDS
d402da99ef7d   pbbs_nBody        4791.42%   14.12GiB / 96GiB    14.71%    0B / 0B   69.6kB / 87.2MB   52
73aaa0ef5bb0   pbbs_wordCounts   1561.60%   9.267GiB / 96GiB    9.65%     0B / 0B   0B / 75MB         52
2024-11-14 00:59:16.267894
CONTAINER ID   NAME              CPU %      MEM USAGE / LIMIT   MEM %     NET I/O   BLOCK I/O         PIDS
d402da99ef7d   pbbs_nBody        4786.99%   14.12GiB / 96GiB    14.71%    0B / 0B   69.6kB / 87.2MB   52
73aaa0ef5bb0   pbbs_wordCounts   4736.08%   12.24GiB / 96GiB    12.75%    0B / 0B   0B / 75MB         52
2024-11-14 00:59:18.283678
CONTAINER ID   NAME              CPU %      MEM USAGE / LIMIT   MEM %     NET I/O   BLOCK I/O         PIDS
d402da99ef7d   pbbs_nBody        4785.42%   15.1GiB / 96GiB     15.73%    0B / 0B   69.6kB / 87.2MB   52
73aaa0ef5bb0   pbbs_wordCounts   942.95%    5.015GiB / 96GiB    5.22%     0B / 0B   0B / 75MB         52
2024-11-14 00:59:20.294588
CONTAINER ID   NAME              CPU %      MEM USAGE / LIMIT   MEM %     NET I/O   BLOCK I/O         PIDS
d402da99ef7d   pbbs_nBody        4764.93%   16.69GiB / 96GiB    17.38%    0B / 0B   69.6kB / 87.2MB   52
73aaa0ef5bb0   pbbs_wordCounts   4762.47%   15.12GiB / 96GiB    15.75%    0B / 0B   0B / 75MB         52
2024-11-14 00:59:22.307019
CONTAINER ID   NAME              CPU %      MEM USAGE / LIMIT   MEM %     NET I/O   BLOCK I/O         PIDS
d402da99ef7d   pbbs_nBody        4769.83%   18.75GiB / 96GiB    19.53%    0B / 0B   69.6kB / 87.2MB   52
73aaa0ef5bb0   pbbs_wordCounts   3886.08%   8.538GiB / 96GiB    8.89%     0B / 0B   0B / 75MB         52
2024-11-14 00:59:24.321011
CONTAINER ID   NAME              CPU %      MEM USAGE / LIMIT   MEM %     NET I/O   BLOCK I/O         PIDS
d402da99ef7d   pbbs_nBody        4748.29%   20.63GiB / 96GiB    21.48%    0B / 0B   69.6kB / 87.2MB   52
73aaa0ef5bb0   pbbs_wordCounts   2079.10%   10.75GiB / 96GiB    11.20%    0B / 0B   0B / 75MB         52
2024-11-14 00:59:26.330610
CONTAINER ID   NAME              CPU %      MEM USAGE / LIMIT   MEM %     NET I/O   BLOCK I/O         PIDS
d402da99ef7d   pbbs_nBody        4772.85%   22.29GiB / 96GiB    23.22%    0B / 0B   69.6kB / 87.2MB   52
73aaa0ef5bb0   pbbs_wordCounts   4742.87%   11.58GiB / 96GiB    12.07%    0B / 0B   0B / 75MB         52
2024-11-14 00:59:28.347495
CONTAINER ID   NAME              CPU %      MEM USAGE / LIMIT   MEM %     NET I/O   BLOCK I/O         PIDS
d402da99ef7d   pbbs_nBody        4451.76%   23.61GiB / 96GiB    24.59%    0B / 0B   69.6kB / 87.2MB   52
73aaa0ef5bb0   pbbs_wordCounts   98.63%     10.1GiB / 96GiB     10.52%    0B / 0B   0B / 75MB         52
2024-11-14 00:59:30.363816
CONTAINER ID   NAME              CPU %      MEM USAGE / LIMIT   MEM %     NET I/O   BLOCK I/O         PIDS
d402da99ef7d   pbbs_nBody        3728.87%   24.01GiB / 96GiB    25.01%    0B / 0B   69.6kB / 87.2MB   52
73aaa0ef5bb0   pbbs_wordCounts   4765.40%   13.83GiB / 96GiB    14.41%    0B / 0B   0B / 75MB         52
2024-11-14 00:59:32.379426
CONTAINER ID   NAME              CPU %      MEM USAGE / LIMIT   MEM %     NET I/O   BLOCK I/O         PIDS
d402da99ef7d   pbbs_nBody        4779.85%   24.01GiB / 96GiB    25.01%    0B / 0B   69.6kB / 87.2MB   52
73aaa0ef5bb0   pbbs_wordCounts   578.22%    5.037GiB / 96GiB    5.25%     0B / 0B   0B / 75MB         52
2024-11-14 00:59:34.388574
CONTAINER ID   NAME              CPU %      MEM USAGE / LIMIT   MEM %     NET I/O   BLOCK I/O         PIDS
d402da99ef7d   pbbs_nBody        4824.39%   24.01GiB / 96GiB    25.01%    0B / 0B   69.6kB / 87.2MB   52
73aaa0ef5bb0   pbbs_wordCounts   4730.11%   15.13GiB / 96GiB    15.76%    0B / 0B   0B / 75MB         52
2024-11-14 00:59:37.473314
CONTAINER ID   NAME              CPU %      MEM USAGE / LIMIT   MEM %     NET I/O   BLOCK I/O         PIDS
d402da99ef7d   pbbs_nBody        4816.73%   24.01GiB / 96GiB    25.01%    0B / 0B   69.6kB / 87.2MB   52
73aaa0ef5bb0   pbbs_wordCounts   4761.06%   12.45GiB / 96GiB    12.97%    0B / 0B   0B / 75MB         52
2024-11-14 00:59:39.488399
CONTAINER ID   NAME              CPU %      MEM USAGE / LIMIT   MEM %     NET I/O   BLOCK I/O         PIDS
d402da99ef7d   pbbs_nBody        4808.93%   24.01GiB / 96GiB    25.01%    0B / 0B   69.6kB / 87.2MB   52
73aaa0ef5bb0   pbbs_wordCounts   840.60%    5.044GiB / 96GiB    5.25%     0B / 0B   0B / 75MB         52
2024-11-14 00:59:41.496903
CONTAINER ID   NAME              CPU %      MEM USAGE / LIMIT   MEM %     NET I/O   BLOCK I/O         PIDS
d402da99ef7d   pbbs_nBody        4784.27%   24.01GiB / 96GiB    25.01%    0B / 0B   69.6kB / 87.2MB   52
73aaa0ef5bb0   pbbs_wordCounts   4774.45%   15.15GiB / 96GiB    15.78%    0B / 0B   0B / 75MB         52
2024-11-14 00:59:44.558435
CONTAINER ID   NAME              CPU %      MEM USAGE / LIMIT   MEM %     NET I/O   BLOCK I/O         PIDS
d402da99ef7d   pbbs_nBody        4783.99%   25.59GiB / 96GiB    26.65%    0B / 0B   69.6kB / 87.2MB   52
73aaa0ef5bb0   pbbs_wordCounts   4755.51%   13.26GiB / 96GiB    13.81%    0B / 0B   0B / 75MB         52
2024-11-14 00:59:46.571798
CONTAINER ID   NAME              CPU %      MEM USAGE / LIMIT   MEM %     NET I/O   BLOCK I/O         PIDS
d402da99ef7d   pbbs_nBody        4807.28%   27.71GiB / 96GiB    28.87%    0B / 0B   69.6kB / 87.2MB   52
73aaa0ef5bb0   pbbs_wordCounts   1352.88%   5.056GiB / 96GiB    5.27%     0B / 0B   0B / 75MB         52
2024-11-14 00:59:48.582932
CONTAINER ID   NAME              CPU %      MEM USAGE / LIMIT   MEM %     NET I/O   BLOCK I/O         PIDS
d402da99ef7d   pbbs_nBody        4790.73%   29.28GiB / 96GiB    30.50%    0B / 0B   69.6kB / 87.2MB   52
73aaa0ef5bb0   pbbs_wordCounts   4613.83%   14.86GiB / 96GiB    15.48%    0B / 0B   0B / 75MB         52
2024-11-14 00:59:50.589763
CONTAINER ID   NAME              CPU %      MEM USAGE / LIMIT   MEM %     NET I/O   BLOCK I/O         PIDS
d402da99ef7d   pbbs_nBody        4774.48%   31.34GiB / 96GiB    32.65%    0B / 0B   69.6kB / 87.2MB   52
73aaa0ef5bb0   pbbs_wordCounts   4417.93%   9.326GiB / 96GiB    9.71%     0B / 0B   0B / 75MB         52
2024-11-14 00:59:52.601425
CONTAINER ID   NAME              CPU %      MEM USAGE / LIMIT   MEM %     NET I/O   BLOCK I/O         PIDS
d402da99ef7d   pbbs_nBody        4277.84%   32.19GiB / 96GiB    33.53%    0B / 0B   69.6kB / 87.2MB   52
73aaa0ef5bb0   pbbs_wordCounts   1625.83%   10.44GiB / 96GiB    10.87%    0B / 0B   0B / 75MB         52
2024-11-14 00:59:54.614312
CONTAINER ID   NAME              CPU %      MEM USAGE / LIMIT   MEM %     NET I/O   BLOCK I/O         PIDS
d402da99ef7d   pbbs_nBody        2882.28%   33.74GiB / 96GiB    35.15%    0B / 0B   69.6kB / 87.2MB   52
73aaa0ef5bb0   pbbs_wordCounts   4809.61%   10.12GiB / 96GiB    10.54%    0B / 0B   0B / 75MB         52
2024-11-14 00:59:56.628871
CONTAINER ID   NAME              CPU %      MEM USAGE / LIMIT   MEM %     NET I/O   BLOCK I/O         PIDS
d402da99ef7d   pbbs_nBody        4802.21%   33.87GiB / 96GiB    35.28%    0B / 0B   69.6kB / 87.2MB   52
73aaa0ef5bb0   pbbs_wordCounts   1103.82%   5.073GiB / 96GiB    5.28%     0B / 0B   0B / 75MB         52
2024-11-14 00:59:58.637069
CONTAINER ID   NAME              CPU %      MEM USAGE / LIMIT   MEM %     NET I/O   BLOCK I/O         PIDS
d402da99ef7d   pbbs_nBody        4809.72%   33.87GiB / 96GiB    35.28%    0B / 0B   69.6kB / 87.2MB   52
73aaa0ef5bb0   pbbs_wordCounts   4719.90%   15.17GiB / 96GiB    15.80%    0B / 0B   0B / 75MB         52
2024-11-14 01:00:00.651647
CONTAINER ID   NAME              CPU %      MEM USAGE / LIMIT   MEM %     NET I/O   BLOCK I/O         PIDS
d402da99ef7d   pbbs_nBody        4788.43%   33.87GiB / 96GiB    35.28%    0B / 0B   69.6kB / 87.2MB   52
73aaa0ef5bb0   pbbs_wordCounts   1941.53%   5.37GiB / 96GiB     5.59%     0B / 0B   0B / 75MB         52
2024-11-14 01:00:02.662024
CONTAINER ID   NAME              CPU %      MEM USAGE / LIMIT   MEM %     NET I/O   BLOCK I/O         PIDS
d402da99ef7d   pbbs_nBody        4811.65%   33.87GiB / 96GiB    35.28%    0B / 0B   69.6kB / 87.2MB   52
73aaa0ef5bb0   pbbs_wordCounts   4736.48%   15.17GiB / 96GiB    15.81%    0B / 0B   0B / 75MB         52
2024-11-14 01:00:04.672560
CONTAINER ID   NAME              CPU %      MEM USAGE / LIMIT   MEM %     NET I/O   BLOCK I/O         PIDS
d402da99ef7d   pbbs_nBody        4780.64%   33.87GiB / 96GiB    35.28%    0B / 0B   69.6kB / 87.2MB   52
73aaa0ef5bb0   pbbs_wordCounts   2757.07%   6.488GiB / 96GiB    6.76%     0B / 0B   0B / 75MB         52
2024-11-14 01:00:06.693091
CONTAINER ID   NAME              CPU %      MEM USAGE / LIMIT   MEM %     NET I/O   BLOCK I/O         PIDS
d402da99ef7d   pbbs_nBody        4763.40%   33.87GiB / 96GiB    35.28%    0B / 0B   69.6kB / 87.2MB   52
73aaa0ef5bb0   pbbs_wordCounts   4281.69%   14.49GiB / 96GiB    15.09%    0B / 0B   0B / 75MB         52
2024-11-14 01:00:08.702555
CONTAINER ID   NAME              CPU %      MEM USAGE / LIMIT   MEM %     NET I/O   BLOCK I/O         PIDS
d402da99ef7d   pbbs_nBody        4792.40%   34.35GiB / 96GiB    35.78%    0B / 0B   69.6kB / 87.2MB   52
73aaa0ef5bb0   pbbs_wordCounts   3572.33%   8.029GiB / 96GiB    8.36%     0B / 0B   0B / 75MB         52
2024-11-14 01:00:10.715466
CONTAINER ID   NAME              CPU %      MEM USAGE / LIMIT   MEM %     NET I/O   BLOCK I/O         PIDS
d402da99ef7d   pbbs_nBody        4788.98%   36.21GiB / 96GiB    37.72%    0B / 0B   69.6kB / 87.2MB   52
73aaa0ef5bb0   pbbs_wordCounts   2457.36%   11.7GiB / 96GiB     12.19%    0B / 0B   0B / 75MB         52
2024-11-14 01:00:12.725796
CONTAINER ID   NAME              CPU %      MEM USAGE / LIMIT   MEM %     NET I/O   BLOCK I/O         PIDS
d402da99ef7d   pbbs_nBody        4778.30%   38.13GiB / 96GiB    39.71%    0B / 0B   69.6kB / 87.2MB   52
73aaa0ef5bb0   pbbs_wordCounts   4779.79%   10.34GiB / 96GiB    10.77%    0B / 0B   0B / 75MB         52
2024-11-14 01:00:14.743835
CONTAINER ID   NAME              CPU %      MEM USAGE / LIMIT   MEM %     NET I/O   BLOCK I/O         PIDS
d402da99ef7d   pbbs_nBody        4766.17%   40.12GiB / 96GiB    41.79%    0B / 0B   69.6kB / 87.2MB   52
73aaa0ef5bb0   pbbs_wordCounts   272.49%    5.088GiB / 96GiB    5.30%     0B / 0B   0B / 75MB         52
2024-11-14 01:00:16.752346
CONTAINER ID   NAME              CPU %      MEM USAGE / LIMIT   MEM %     NET I/O   BLOCK I/O         PIDS
d402da99ef7d   pbbs_nBody        4799.82%   41.66GiB / 96GiB    43.40%    0B / 0B   69.6kB / 87.2MB   52
73aaa0ef5bb0   pbbs_wordCounts   4700.42%   15.18GiB / 96GiB    15.82%    0B / 0B   0B / 75MB         52
2024-11-14 01:00:18.766509
CONTAINER ID   NAME              CPU %      MEM USAGE / LIMIT   MEM %     NET I/O   BLOCK I/O         PIDS
d402da99ef7d   pbbs_nBody        4641.18%   42.53GiB / 96GiB    44.30%    0B / 0B   69.6kB / 87.2MB   52
73aaa0ef5bb0   pbbs_wordCounts   324.97%    5.09GiB / 96GiB     5.30%     0B / 0B   0B / 75MB         52
2024-11-14 01:00:20.778589
CONTAINER ID   NAME              CPU %      MEM USAGE / LIMIT   MEM %     NET I/O   BLOCK I/O         PIDS
d402da99ef7d   pbbs_nBody        99.83%     43.73GiB / 96GiB    45.55%    0B / 0B   69.6kB / 87.2MB   52
73aaa0ef5bb0   pbbs_wordCounts   4176.44%   14.02GiB / 96GiB    14.61%    0B / 0B   0B / 75MB         52
2024-11-14 01:00:22.792482
CONTAINER ID   NAME              CPU %      MEM USAGE / LIMIT   MEM %     NET I/O   BLOCK I/O         PIDS
d402da99ef7d   pbbs_nBody        4800.60%   43.74GiB / 96GiB    45.56%    0B / 0B   69.6kB / 87.2MB   52
73aaa0ef5bb0   pbbs_wordCounts   4782.18%   10.12GiB / 96GiB    10.55%    0B / 0B   0B / 75MB         52
2024-11-14 01:00:24.803002
CONTAINER ID   NAME              CPU %      MEM USAGE / LIMIT   MEM %     NET I/O   BLOCK I/O         PIDS
d402da99ef7d   pbbs_nBody        4786.52%   43.74GiB / 96GiB    45.56%    0B / 0B   69.6kB / 87.2MB   52
73aaa0ef5bb0   pbbs_wordCounts   1475.79%   8.85GiB / 96GiB     9.22%     0B / 0B   0B / 75MB         52
2024-11-14 01:00:26.815109
CONTAINER ID   NAME              CPU %      MEM USAGE / LIMIT   MEM %     NET I/O   BLOCK I/O         PIDS
d402da99ef7d   pbbs_nBody        4803.98%   43.74GiB / 96GiB    45.56%    0B / 0B   69.6kB / 87.2MB   52
73aaa0ef5bb0   pbbs_wordCounts   2529.02%   12.24GiB / 96GiB    12.75%    0B / 0B   0B / 75MB         52
2024-11-14 01:00:30.097926
CONTAINER ID   NAME              CPU %      MEM USAGE / LIMIT   MEM %     NET I/O   BLOCK I/O         PIDS
d402da99ef7d   pbbs_nBody        4812.92%   43.74GiB / 96GiB    45.56%    0B / 0B   69.6kB / 87.2MB   52
73aaa0ef5bb0   pbbs_wordCounts   4755.37%   9.096GiB / 96GiB    9.47%     0B / 0B   0B / 75MB         52
2024-11-14 01:00:32.110972
CONTAINER ID   NAME              CPU %      MEM USAGE / LIMIT   MEM %     NET I/O   BLOCK I/O         PIDS
d402da99ef7d   pbbs_nBody        4793.65%   43.74GiB / 96GiB    45.56%    0B / 0B   69.6kB / 87.2MB   52
73aaa0ef5bb0   pbbs_wordCounts   1581.12%   10.2GiB / 96GiB     10.62%    0B / 0B   0B / 75MB         52
2024-11-14 01:00:35.255264
CONTAINER ID   NAME              CPU %      MEM USAGE / LIMIT   MEM %     NET I/O   BLOCK I/O         PIDS
d402da99ef7d   pbbs_nBody        4756.60%   44.79GiB / 96GiB    46.65%    0B / 0B   69.6kB / 87.2MB   52
73aaa0ef5bb0   pbbs_wordCounts   3840.06%   13.62GiB / 96GiB    14.18%    0B / 0B   0B / 75MB         52
2024-11-14 01:00:37.266505
CONTAINER ID   NAME              CPU %      MEM USAGE / LIMIT   MEM %     NET I/O   BLOCK I/O         PIDS
d402da99ef7d   pbbs_nBody        4809.22%   46.81GiB / 96GiB    48.76%    0B / 0B   69.6kB / 87.2MB   52
73aaa0ef5bb0   pbbs_wordCounts   4792.54%   10.16GiB / 96GiB    10.58%    0B / 0B   0B / 75MB         52
2024-11-14 01:00:39.278014
CONTAINER ID   NAME              CPU %      MEM USAGE / LIMIT   MEM %     NET I/O   BLOCK I/O         PIDS
d402da99ef7d   pbbs_nBody        4785.53%   48.7GiB / 96GiB     50.73%    0B / 0B   69.6kB / 87.2MB   52
73aaa0ef5bb0   pbbs_wordCounts   977.64%    8.641GiB / 96GiB    9.00%     0B / 0B   0B / 75MB         52
2024-11-14 01:00:41.290443
CONTAINER ID   NAME              CPU %      MEM USAGE / LIMIT   MEM %     NET I/O   BLOCK I/O         PIDS
d402da99ef7d   pbbs_nBody        4790.15%   50.43GiB / 96GiB    52.53%    0B / 0B   69.6kB / 87.2MB   52
73aaa0ef5bb0   pbbs_wordCounts   4790.12%   13.5GiB / 96GiB     14.06%    0B / 0B   0B / 75MB         52
2024-11-14 01:00:43.306074
CONTAINER ID   NAME              CPU %      MEM USAGE / LIMIT   MEM %     NET I/O   BLOCK I/O         PIDS
d402da99ef7d   pbbs_nBody        4314.87%   51.91GiB / 96GiB    54.08%    0B / 0B   69.6kB / 87.2MB   52
73aaa0ef5bb0   pbbs_wordCounts   1433.97%   5.111GiB / 96GiB    5.32%     0B / 0B   0B / 75MB         52
2024-11-14 01:00:45.319395
CONTAINER ID   NAME              CPU %      MEM USAGE / LIMIT   MEM %     NET I/O   BLOCK I/O         PIDS
d402da99ef7d   pbbs_nBody        4285.40%   53.39GiB / 96GiB    55.62%    0B / 0B   69.6kB / 87.2MB   52
73aaa0ef5bb0   pbbs_wordCounts   4775.61%   14.92GiB / 96GiB    15.54%    0B / 0B   0B / 75MB         52
2024-11-14 01:00:47.336615
CONTAINER ID   NAME              CPU %      MEM USAGE / LIMIT   MEM %     NET I/O   BLOCK I/O         PIDS
d402da99ef7d   pbbs_nBody        4376.84%   53.59GiB / 96GiB    55.83%    0B / 0B   69.6kB / 87.2MB   52
73aaa0ef5bb0   pbbs_wordCounts   3082.20%   7.156GiB / 96GiB    7.45%     0B / 0B   0B / 75MB         52
2024-11-14 01:00:49.349732
CONTAINER ID   NAME              CPU %      MEM USAGE / LIMIT   MEM %     NET I/O   BLOCK I/O         PIDS
d402da99ef7d   pbbs_nBody        4757.10%   53.59GiB / 96GiB    55.83%    0B / 0B   69.6kB / 87.2MB   52
73aaa0ef5bb0   pbbs_wordCounts   3565.20%   13.09GiB / 96GiB    13.63%    0B / 0B   0B / 75MB         52
2024-11-14 01:00:51.359533
CONTAINER ID   NAME              CPU %      MEM USAGE / LIMIT   MEM %     NET I/O   BLOCK I/O         PIDS
d402da99ef7d   pbbs_nBody        4793.14%   53.59GiB / 96GiB    55.83%    0B / 0B   69.6kB / 87.2MB   52
73aaa0ef5bb0   pbbs_wordCounts   4766.06%   10.14GiB / 96GiB    10.56%    0B / 0B   0B / 75MB         52
2024-11-14 01:00:53.372496
CONTAINER ID   NAME              CPU %      MEM USAGE / LIMIT   MEM %     NET I/O   BLOCK I/O         PIDS
d402da99ef7d   pbbs_nBody        4779.06%   53.59GiB / 96GiB    55.82%    0B / 0B   69.6kB / 87.2MB   52
73aaa0ef5bb0   pbbs_wordCounts   1507.74%   9.097GiB / 96GiB    9.48%     0B / 0B   0B / 75MB         52
2024-11-14 01:00:55.382182
CONTAINER ID   NAME              CPU %      MEM USAGE / LIMIT   MEM %     NET I/O   BLOCK I/O         PIDS
d402da99ef7d   pbbs_nBody        4782.73%   53.59GiB / 96GiB    55.82%    0B / 0B   69.6kB / 87.2MB   52
73aaa0ef5bb0   pbbs_wordCounts   4758.65%   12.15GiB / 96GiB    12.66%    0B / 0B   0B / 75MB         52
2024-11-14 01:00:57.395088
CONTAINER ID   NAME              CPU %      MEM USAGE / LIMIT   MEM %     NET I/O   BLOCK I/O         PIDS
d402da99ef7d   pbbs_nBody        4824.42%   53.59GiB / 96GiB    55.82%    0B / 0B   69.6kB / 87.2MB   52
73aaa0ef5bb0   pbbs_wordCounts   823.28%    5.123GiB / 96GiB    5.34%     0B / 0B   0B / 75MB         52
2024-11-14 01:00:59.404833
CONTAINER ID   NAME              CPU %      MEM USAGE / LIMIT   MEM %     NET I/O   BLOCK I/O         PIDS
d402da99ef7d   pbbs_nBody        4783.60%   53.59GiB / 96GiB    55.82%    0B / 0B   69.6kB / 87.2MB   52
73aaa0ef5bb0   pbbs_wordCounts   4765.66%   15.22GiB / 96GiB    15.85%    0B / 0B   0B / 75MB         52
2024-11-14 01:01:01.419096
CONTAINER ID   NAME         CPU %      MEM USAGE / LIMIT   MEM %     NET I/O   BLOCK I/O         PIDS
d402da99ef7d   pbbs_nBody   4781.85%   55.26GiB / 96GiB    57.57%    0B / 0B   69.6kB / 87.2MB   52
2024-11-14 01:01:03.430641
CONTAINER ID   NAME         CPU %      MEM USAGE / LIMIT   MEM %     NET I/O   BLOCK I/O         PIDS
d402da99ef7d   pbbs_nBody   4795.69%   57.72GiB / 96GiB    60.12%    0B / 0B   69.6kB / 87.2MB   52
2024-11-14 01:01:05.437059
CONTAINER ID   NAME         CPU %      MEM USAGE / LIMIT   MEM %     NET I/O   BLOCK I/O         PIDS
d402da99ef7d   pbbs_nBody   4808.84%   60.14GiB / 96GiB    62.64%    0B / 0B   69.6kB / 87.2MB   52
2024-11-14 01:01:07.443285
CONTAINER ID   NAME         CPU %      MEM USAGE / LIMIT   MEM %     NET I/O   BLOCK I/O         PIDS
d402da99ef7d   pbbs_nBody   4365.18%   61.77GiB / 96GiB    64.35%    0B / 0B   69.6kB / 87.2MB   52
2024-11-14 01:01:09.451322
CONTAINER ID   NAME         CPU %     MEM USAGE / LIMIT   MEM %     NET I/O   BLOCK I/O         PIDS
d402da99ef7d   pbbs_nBody   99.74%    37.91GiB / 96GiB    39.49%    0B / 0B   69.6kB / 87.2MB   5
2024-11-14 01:01:11.460970
CONTAINER ID   NAME         CPU %     MEM USAGE / LIMIT   MEM %     NET I/O   BLOCK I/O         PIDS
d402da99ef7d   pbbs_nBody   100.05%   12.23GiB / 96GiB    12.74%    0B / 0B   69.6kB / 87.2MB   5
2024-11-14 01:01:13.468375
CONTAINER ID   NAME      CPU %     MEM USAGE / LIMIT   MEM %     NET I/O   BLOCK I/O   PIDS
