2025-02-15 23:41:35.184722
CONTAINER ID   NAME      CPU %     MEM USAGE / LIMIT   MEM %     NET I/O   BLOCK I/O   PIDS
2025-02-15 23:41:35.807144
CONTAINER ID   NAME      CPU %     MEM USAGE / LIMIT   MEM %     NET I/O   BLOCK I/O   PIDS
2025-02-15 23:41:36.425357
CONTAINER ID   NAME      CPU %     MEM USAGE / LIMIT   MEM %     NET I/O   BLOCK I/O   PIDS
2025-02-15 23:41:37.043701
CONTAINER ID   NAME      CPU %     MEM USAGE / LIMIT   MEM %     NET I/O   BLOCK I/O   PIDS
2025-02-15 23:41:37.662777
CONTAINER ID   NAME      CPU %     MEM USAGE / LIMIT   MEM %     NET I/O   BLOCK I/O   PIDS
2025-02-15 23:41:38.282427
CONTAINER ID   NAME      CPU %     MEM USAGE / LIMIT   MEM %     NET I/O   BLOCK I/O   PIDS
2025-02-15 23:41:38.900798
CONTAINER ID   NAME      CPU %     MEM USAGE / LIMIT   MEM %     NET I/O   BLOCK I/O   PIDS
2025-02-15 23:41:39.518490
CONTAINER ID   NAME      CPU %     MEM USAGE / LIMIT   MEM %     NET I/O   BLOCK I/O   PIDS
2025-02-15 23:41:40.135602
CONTAINER ID   NAME      CPU %     MEM USAGE / LIMIT   MEM %     NET I/O   BLOCK I/O   PIDS
2025-02-15 23:41:40.752881
CONTAINER ID   NAME      CPU %     MEM USAGE / LIMIT   MEM %     NET I/O   BLOCK I/O   PIDS
2025-02-15 23:41:41.371118
CONTAINER ID   NAME      CPU %     MEM USAGE / LIMIT   MEM %     NET I/O   BLOCK I/O   PIDS
2025-02-15 23:41:41.988354
CONTAINER ID   NAME      CPU %     MEM USAGE / LIMIT   MEM %     NET I/O   BLOCK I/O   PIDS
2025-02-15 23:41:42.608146
CONTAINER ID   NAME      CPU %     MEM USAGE / LIMIT   MEM %     NET I/O   BLOCK I/O   PIDS
2025-02-15 23:41:43.224970
CONTAINER ID   NAME      CPU %     MEM USAGE / LIMIT   MEM %     NET I/O   BLOCK I/O   PIDS
2025-02-15 23:41:43.843127
CONTAINER ID   NAME      CPU %     MEM USAGE / LIMIT   MEM %     NET I/O   BLOCK I/O   PIDS
2025-02-15 23:41:44.460023
CONTAINER ID   NAME      CPU %     MEM USAGE / LIMIT   MEM %     NET I/O   BLOCK I/O   PIDS
2025-02-15 23:41:45.076347
CONTAINER ID   NAME      CPU %     MEM USAGE / LIMIT   MEM %     NET I/O   BLOCK I/O   PIDS
2025-02-15 23:41:45.695018
CONTAINER ID   NAME      CPU %     MEM USAGE / LIMIT   MEM %     NET I/O   BLOCK I/O   PIDS
2025-02-15 23:41:46.312094
CONTAINER ID   NAME      CPU %     MEM USAGE / LIMIT   MEM %     NET I/O   BLOCK I/O   PIDS
2025-02-15 23:41:46.929125
CONTAINER ID   NAME      CPU %     MEM USAGE / LIMIT   MEM %     NET I/O   BLOCK I/O   PIDS
2025-02-15 23:41:47.547032
CONTAINER ID   NAME      CPU %     MEM USAGE / LIMIT   MEM %     NET I/O   BLOCK I/O   PIDS
2025-02-15 23:41:48.166264
CONTAINER ID   NAME      CPU %     MEM USAGE / LIMIT   MEM %     NET I/O   BLOCK I/O   PIDS
2025-02-15 23:41:48.783910
CONTAINER ID   NAME      CPU %     MEM USAGE / LIMIT   MEM %     NET I/O   BLOCK I/O   PIDS
2025-02-15 23:41:49.400918
CONTAINER ID   NAME      CPU %     MEM USAGE / LIMIT   MEM %     NET I/O   BLOCK I/O   PIDS
2025-02-15 23:41:50.018857
CONTAINER ID   NAME      CPU %     MEM USAGE / LIMIT   MEM %     NET I/O   BLOCK I/O   PIDS
2025-02-15 23:41:50.635973
CONTAINER ID   NAME      CPU %     MEM USAGE / LIMIT   MEM %     NET I/O   BLOCK I/O   PIDS
2025-02-15 23:41:51.252796
CONTAINER ID   NAME      CPU %     MEM USAGE / LIMIT   MEM %     NET I/O   BLOCK I/O   PIDS
2025-02-15 23:41:51.870630
CONTAINER ID   NAME      CPU %     MEM USAGE / LIMIT   MEM %     NET I/O   BLOCK I/O   PIDS
2025-02-15 23:41:52.487852
CONTAINER ID   NAME      CPU %     MEM USAGE / LIMIT   MEM %     NET I/O   BLOCK I/O   PIDS
2025-02-15 23:41:53.107153
CONTAINER ID   NAME      CPU %     MEM USAGE / LIMIT   MEM %     NET I/O   BLOCK I/O   PIDS
2025-02-15 23:41:53.725148
CONTAINER ID   NAME      CPU %     MEM USAGE / LIMIT   MEM %     NET I/O   BLOCK I/O   PIDS
2025-02-15 23:41:54.343500
CONTAINER ID   NAME      CPU %     MEM USAGE / LIMIT   MEM %     NET I/O   BLOCK I/O   PIDS
2025-02-15 23:41:54.962303
CONTAINER ID   NAME      CPU %     MEM USAGE / LIMIT   MEM %     NET I/O   BLOCK I/O   PIDS
               --        0.00%     0B / 0B             0.00%     0B / 0B   0B / 0B     0
2025-02-15 23:41:55.579033
CONTAINER ID   NAME      CPU %     MEM USAGE / LIMIT   MEM %     NET I/O   BLOCK I/O        PIDS
2f54c8c0d411   faiss     90.54%    61.28MiB / 96GiB    0.06%     0B / 0B   33.5MB / 4.1kB   3
2025-02-15 23:41:57.935759
CONTAINER ID   NAME      CPU %     MEM USAGE / LIMIT   MEM %     NET I/O   BLOCK I/O       PIDS
2f54c8c0d411   faiss     66.99%    1.375GiB / 96GiB    1.43%     0B / 0B   382MB / 4.1kB   19
2025-02-15 23:41:59.943038
CONTAINER ID   NAME      CPU %     MEM USAGE / LIMIT   MEM %     NET I/O   BLOCK I/O       PIDS
2f54c8c0d411   faiss     99.70%    5.205GiB / 96GiB    5.42%     0B / 0B   382MB / 4.1kB   19
2025-02-15 23:42:01.950302
CONTAINER ID   NAME      CPU %     MEM USAGE / LIMIT   MEM %     NET I/O   BLOCK I/O       PIDS
2f54c8c0d411   faiss     99.95%    9.085GiB / 96GiB    9.46%     0B / 0B   382MB / 4.1kB   19
2025-02-15 23:42:03.956670
CONTAINER ID   NAME      CPU %     MEM USAGE / LIMIT   MEM %     NET I/O   BLOCK I/O       PIDS
2f54c8c0d411   faiss     100.13%   12.99GiB / 96GiB    13.53%    0B / 0B   382MB / 4.1kB   19
2025-02-15 23:42:05.962409
CONTAINER ID   NAME      CPU %     MEM USAGE / LIMIT   MEM %     NET I/O   BLOCK I/O       PIDS
2f54c8c0d411   faiss     100.08%   16.91GiB / 96GiB    17.61%    0B / 0B   382MB / 4.1kB   19
2025-02-15 23:42:07.967862
CONTAINER ID   NAME      CPU %     MEM USAGE / LIMIT   MEM %     NET I/O   BLOCK I/O       PIDS
2f54c8c0d411   faiss     100.14%   20.79GiB / 96GiB    21.65%    0B / 0B   382MB / 4.1kB   19
2025-02-15 23:42:09.972485
CONTAINER ID   NAME      CPU %     MEM USAGE / LIMIT   MEM %     NET I/O   BLOCK I/O       PIDS
2f54c8c0d411   faiss     100.01%   24.65GiB / 96GiB    25.68%    0B / 0B   382MB / 4.1kB   19
2025-02-15 23:42:11.978144
CONTAINER ID   NAME      CPU %     MEM USAGE / LIMIT   MEM %     NET I/O   BLOCK I/O       PIDS
2f54c8c0d411   faiss     100.14%   28.5GiB / 96GiB     29.69%    0B / 0B   382MB / 4.1kB   19
2025-02-15 23:42:13.982839
CONTAINER ID   NAME      CPU %     MEM USAGE / LIMIT   MEM %     NET I/O   BLOCK I/O       PIDS
2f54c8c0d411   faiss     100.17%   32.4GiB / 96GiB     33.75%    0B / 0B   382MB / 4.1kB   19
2025-02-15 23:42:15.987799
CONTAINER ID   NAME      CPU %     MEM USAGE / LIMIT   MEM %     NET I/O   BLOCK I/O       PIDS
2f54c8c0d411   faiss     99.69%    36.29GiB / 96GiB    37.80%    0B / 0B   382MB / 4.1kB   19
2025-02-15 23:42:17.993575
CONTAINER ID   NAME      CPU %     MEM USAGE / LIMIT   MEM %     NET I/O   BLOCK I/O       PIDS
2f54c8c0d411   faiss     99.74%    40.17GiB / 96GiB    41.85%    0B / 0B   382MB / 4.1kB   19
2025-02-15 23:42:19.998111
CONTAINER ID   NAME      CPU %     MEM USAGE / LIMIT   MEM %     NET I/O   BLOCK I/O       PIDS
2f54c8c0d411   faiss     99.89%    44.05GiB / 96GiB    45.88%    0B / 0B   382MB / 4.1kB   19
2025-02-15 23:42:22.005776
CONTAINER ID   NAME      CPU %     MEM USAGE / LIMIT   MEM %     NET I/O   BLOCK I/O       PIDS
2f54c8c0d411   faiss     99.72%    47.92GiB / 96GiB    49.91%    0B / 0B   382MB / 4.1kB   19
2025-02-15 23:42:24.008473
CONTAINER ID   NAME      CPU %     MEM USAGE / LIMIT   MEM %     NET I/O   BLOCK I/O       PIDS
2f54c8c0d411   faiss     99.98%    51.81GiB / 96GiB    53.97%    0B / 0B   382MB / 4.1kB   19
2025-02-15 23:42:26.015059
CONTAINER ID   NAME      CPU %     MEM USAGE / LIMIT   MEM %     NET I/O   BLOCK I/O       PIDS
2f54c8c0d411   faiss     99.87%    55.68GiB / 96GiB    58.00%    0B / 0B   382MB / 4.1kB   19
2025-02-15 23:42:28.020885
CONTAINER ID   NAME      CPU %     MEM USAGE / LIMIT   MEM %     NET I/O   BLOCK I/O       PIDS
2f54c8c0d411   faiss     99.74%    59.56GiB / 96GiB    62.04%    0B / 0B   382MB / 4.1kB   19
2025-02-15 23:42:30.030571
CONTAINER ID   NAME      CPU %     MEM USAGE / LIMIT   MEM %     NET I/O   BLOCK I/O       PIDS
2f54c8c0d411   faiss     100.15%   63.44GiB / 96GiB    66.08%    0B / 0B   382MB / 4.1kB   19
2025-02-15 23:42:32.036810
CONTAINER ID   NAME      CPU %     MEM USAGE / LIMIT   MEM %     NET I/O   BLOCK I/O       PIDS
2f54c8c0d411   faiss     99.99%    67.32GiB / 96GiB    70.13%    0B / 0B   382MB / 4.1kB   19
2025-02-15 23:42:34.042726
CONTAINER ID   NAME      CPU %     MEM USAGE / LIMIT   MEM %     NET I/O   BLOCK I/O       PIDS
2f54c8c0d411   faiss     100.12%   71.2GiB / 96GiB     74.17%    0B / 0B   382MB / 4.1kB   19
2025-02-15 23:42:36.049491
CONTAINER ID   NAME      CPU %     MEM USAGE / LIMIT   MEM %     NET I/O   BLOCK I/O       PIDS
2f54c8c0d411   faiss     41.22%    72.85GiB / 96GiB    75.89%    0B / 0B   852MB / 4.1kB   19
2025-02-15 23:42:38.055530
CONTAINER ID   NAME      CPU %     MEM USAGE / LIMIT   MEM %     NET I/O   BLOCK I/O        PIDS
2f54c8c0d411   faiss     40.40%    72.85GiB / 96GiB    75.89%    0B / 0B   1.61GB / 4.1kB   19
2025-02-15 23:42:40.062180
CONTAINER ID   NAME      CPU %     MEM USAGE / LIMIT   MEM %     NET I/O   BLOCK I/O        PIDS
2f54c8c0d411   faiss     43.86%    72.85GiB / 96GiB    75.89%    0B / 0B   2.44GB / 4.1kB   19
2025-02-15 23:42:42.067676
CONTAINER ID   NAME      CPU %     MEM USAGE / LIMIT   MEM %     NET I/O   BLOCK I/O       PIDS
2f54c8c0d411   faiss     45.63%    72.85GiB / 96GiB    75.89%    0B / 0B   3.2GB / 4.1kB   19
2025-02-15 23:42:44.073170
CONTAINER ID   NAME      CPU %     MEM USAGE / LIMIT   MEM %     NET I/O   BLOCK I/O        PIDS
2f54c8c0d411   faiss     42.35%    72.85GiB / 96GiB    75.89%    0B / 0B   3.95GB / 4.1kB   19
2025-02-15 23:42:46.079227
CONTAINER ID   NAME      CPU %     MEM USAGE / LIMIT   MEM %     NET I/O   BLOCK I/O        PIDS
2f54c8c0d411   faiss     43.67%    72.85GiB / 96GiB    75.89%    0B / 0B   4.78GB / 4.1kB   19
2025-02-15 23:42:48.084066
CONTAINER ID   NAME      CPU %     MEM USAGE / LIMIT   MEM %     NET I/O   BLOCK I/O       PIDS
2f54c8c0d411   faiss     39.94%    72.85GiB / 96GiB    75.89%    0B / 0B   5.5GB / 4.1kB   19
2025-02-15 23:42:50.091629
CONTAINER ID   NAME      CPU %     MEM USAGE / LIMIT   MEM %     NET I/O   BLOCK I/O        PIDS
2f54c8c0d411   faiss     40.94%    72.85GiB / 96GiB    75.89%    0B / 0B   6.24GB / 4.1kB   19
2025-02-15 23:42:52.096972
CONTAINER ID   NAME      CPU %     MEM USAGE / LIMIT   MEM %     NET I/O   BLOCK I/O        PIDS
2f54c8c0d411   faiss     40.90%    72.85GiB / 96GiB    75.89%    0B / 0B   7.04GB / 4.1kB   19
2025-02-15 23:42:54.104713
CONTAINER ID   NAME      CPU %     MEM USAGE / LIMIT   MEM %     NET I/O   BLOCK I/O        PIDS
2f54c8c0d411   faiss     39.12%    72.85GiB / 96GiB    75.89%    0B / 0B   7.75GB / 4.1kB   19
2025-02-15 23:42:56.109750
CONTAINER ID   NAME      CPU %     MEM USAGE / LIMIT   MEM %     NET I/O   BLOCK I/O       PIDS
2f54c8c0d411   faiss     44.24%    72.85GiB / 96GiB    75.89%    0B / 0B   8.4GB / 4.1kB   19
2025-02-15 23:42:58.116190
CONTAINER ID   NAME      CPU %     MEM USAGE / LIMIT   MEM %     NET I/O   BLOCK I/O        PIDS
2f54c8c0d411   faiss     40.04%    72.85GiB / 96GiB    75.89%    0B / 0B   9.16GB / 4.1kB   19
2025-02-15 23:43:00.121997
CONTAINER ID   NAME      CPU %     MEM USAGE / LIMIT   MEM %     NET I/O   BLOCK I/O        PIDS
2f54c8c0d411   faiss     43.81%    72.85GiB / 96GiB    75.89%    0B / 0B   9.97GB / 4.1kB   19
2025-02-15 23:43:02.129215
CONTAINER ID   NAME      CPU %     MEM USAGE / LIMIT   MEM %     NET I/O   BLOCK I/O        PIDS
2f54c8c0d411   faiss     43.28%    72.85GiB / 96GiB    75.89%    0B / 0B   10.7GB / 4.1kB   19
2025-02-15 23:43:04.135077
CONTAINER ID   NAME      CPU %     MEM USAGE / LIMIT   MEM %     NET I/O   BLOCK I/O        PIDS
2f54c8c0d411   faiss     42.63%    72.86GiB / 96GiB    75.89%    0B / 0B   11.5GB / 4.1kB   19
2025-02-15 23:43:06.140191
CONTAINER ID   NAME      CPU %     MEM USAGE / LIMIT   MEM %     NET I/O   BLOCK I/O        PIDS
2f54c8c0d411   faiss     41.54%    72.86GiB / 96GiB    75.89%    0B / 0B   12.3GB / 4.1kB   19
2025-02-15 23:43:08.147113
CONTAINER ID   NAME      CPU %     MEM USAGE / LIMIT   MEM %     NET I/O   BLOCK I/O      PIDS
2f54c8c0d411   faiss     40.59%    72.86GiB / 96GiB    75.89%    0B / 0B   13GB / 4.1kB   19
2025-02-15 23:43:10.153261
CONTAINER ID   NAME      CPU %     MEM USAGE / LIMIT   MEM %     NET I/O   BLOCK I/O        PIDS
2f54c8c0d411   faiss     43.40%    72.86GiB / 96GiB    75.90%    0B / 0B   13.8GB / 4.1kB   19
2025-02-15 23:43:12.158558
CONTAINER ID   NAME      CPU %     MEM USAGE / LIMIT   MEM %     NET I/O   BLOCK I/O        PIDS
2f54c8c0d411   faiss     39.21%    72.86GiB / 96GiB    75.89%    0B / 0B   14.6GB / 4.1kB   19
2025-02-15 23:43:14.165682
CONTAINER ID   NAME      CPU %     MEM USAGE / LIMIT   MEM %     NET I/O   BLOCK I/O        PIDS
2f54c8c0d411   faiss     39.81%    72.86GiB / 96GiB    75.90%    0B / 0B   15.3GB / 4.1kB   19
2025-02-15 23:43:16.171152
CONTAINER ID   NAME      CPU %     MEM USAGE / LIMIT   MEM %     NET I/O   BLOCK I/O      PIDS
2f54c8c0d411   faiss     48.54%    72.86GiB / 96GiB    75.90%    0B / 0B   16GB / 4.1kB   19
2025-02-15 23:43:18.176762
CONTAINER ID   NAME      CPU %     MEM USAGE / LIMIT   MEM %     NET I/O   BLOCK I/O        PIDS
2f54c8c0d411   faiss     43.82%    72.86GiB / 96GiB    75.90%    0B / 0B   16.6GB / 4.1kB   19
2025-02-15 23:43:20.184006
CONTAINER ID   NAME      CPU %     MEM USAGE / LIMIT   MEM %     NET I/O   BLOCK I/O        PIDS
2f54c8c0d411   faiss     72.91%    72.87GiB / 96GiB    75.90%    0B / 0B   17.1GB / 4.1kB   19
2025-02-15 23:43:22.189896
CONTAINER ID   NAME      CPU %     MEM USAGE / LIMIT   MEM %     NET I/O   BLOCK I/O        PIDS
2f54c8c0d411   faiss     52.28%    72.87GiB / 96GiB    75.90%    0B / 0B   17.5GB / 4.1kB   19
2025-02-15 23:43:24.197624
CONTAINER ID   NAME      CPU %     MEM USAGE / LIMIT   MEM %     NET I/O   BLOCK I/O        PIDS
2f54c8c0d411   faiss     41.18%    72.87GiB / 96GiB    75.90%    0B / 0B   18.2GB / 4.1kB   19
2025-02-15 23:43:26.203803
CONTAINER ID   NAME      CPU %     MEM USAGE / LIMIT   MEM %     NET I/O   BLOCK I/O        PIDS
2f54c8c0d411   faiss     46.51%    72.87GiB / 96GiB    75.90%    0B / 0B   18.8GB / 4.1kB   19
2025-02-15 23:43:28.209981
CONTAINER ID   NAME      CPU %     MEM USAGE / LIMIT   MEM %     NET I/O   BLOCK I/O        PIDS
2f54c8c0d411   faiss     83.51%    72.87GiB / 96GiB    75.90%    0B / 0B   18.9GB / 4.1kB   19
2025-02-15 23:43:30.218529
CONTAINER ID   NAME      CPU %     MEM USAGE / LIMIT   MEM %     NET I/O   BLOCK I/O        PIDS
2f54c8c0d411   faiss     51.80%    72.87GiB / 96GiB    75.91%    0B / 0B   19.6GB / 4.1kB   19
2025-02-15 23:43:32.222666
CONTAINER ID   NAME      CPU %     MEM USAGE / LIMIT   MEM %     NET I/O   BLOCK I/O        PIDS
2f54c8c0d411   faiss     47.96%    72.87GiB / 96GiB    75.91%    0B / 0B   20.2GB / 4.1kB   19
2025-02-15 23:43:34.228053
CONTAINER ID   NAME      CPU %     MEM USAGE / LIMIT   MEM %     NET I/O   BLOCK I/O        PIDS
2f54c8c0d411   faiss     52.41%    72.87GiB / 96GiB    75.91%    0B / 0B   20.8GB / 4.1kB   19
2025-02-15 23:43:36.233717
CONTAINER ID   NAME      CPU %     MEM USAGE / LIMIT   MEM %     NET I/O   BLOCK I/O        PIDS
2f54c8c0d411   faiss     40.90%    72.87GiB / 96GiB    75.91%    0B / 0B   21.4GB / 4.1kB   19
2025-02-15 23:43:38.240602
CONTAINER ID   NAME      CPU %     MEM USAGE / LIMIT   MEM %     NET I/O   BLOCK I/O        PIDS
2f54c8c0d411   faiss     38.44%    72.87GiB / 96GiB    75.91%    0B / 0B   22.1GB / 4.1kB   19
2025-02-15 23:43:40.246896
CONTAINER ID   NAME      CPU %     MEM USAGE / LIMIT   MEM %     NET I/O   BLOCK I/O        PIDS
2f54c8c0d411   faiss     42.13%    72.87GiB / 96GiB    75.91%    0B / 0B   22.8GB / 4.1kB   19
2025-02-15 23:43:42.251697
CONTAINER ID   NAME      CPU %     MEM USAGE / LIMIT   MEM %     NET I/O   BLOCK I/O        PIDS
2f54c8c0d411   faiss     37.41%    72.87GiB / 96GiB    75.91%    0B / 0B   23.4GB / 4.1kB   19
2025-02-15 23:43:44.258072
CONTAINER ID   NAME      CPU %     MEM USAGE / LIMIT   MEM %     NET I/O   BLOCK I/O      PIDS
2f54c8c0d411   faiss     37.55%    72.87GiB / 96GiB    75.91%    0B / 0B   24GB / 4.1kB   19
2025-02-15 23:43:46.263872
CONTAINER ID   NAME      CPU %     MEM USAGE / LIMIT   MEM %     NET I/O   BLOCK I/O        PIDS
2f54c8c0d411   faiss     42.87%    72.87GiB / 96GiB    75.91%    0B / 0B   24.6GB / 4.1kB   19
2025-02-15 23:43:48.270222
CONTAINER ID   NAME      CPU %     MEM USAGE / LIMIT   MEM %     NET I/O   BLOCK I/O        PIDS
2f54c8c0d411   faiss     37.33%    72.87GiB / 96GiB    75.91%    0B / 0B   25.2GB / 4.1kB   19
2025-02-15 23:43:50.275519
CONTAINER ID   NAME      CPU %     MEM USAGE / LIMIT   MEM %     NET I/O   BLOCK I/O        PIDS
2f54c8c0d411   faiss     27.89%    72.87GiB / 96GiB    75.91%    0B / 0B   25.9GB / 4.1kB   19
2025-02-15 23:43:52.281620
CONTAINER ID   NAME      CPU %     MEM USAGE / LIMIT   MEM %     NET I/O   BLOCK I/O        PIDS
2f54c8c0d411   faiss     28.32%    72.87GiB / 96GiB    75.91%    0B / 0B   26.5GB / 4.1kB   19
2025-02-15 23:43:54.289005
CONTAINER ID   NAME      CPU %     MEM USAGE / LIMIT   MEM %     NET I/O   BLOCK I/O        PIDS
2f54c8c0d411   faiss     29.43%    72.87GiB / 96GiB    75.91%    0B / 0B   27.2GB / 4.1kB   19
2025-02-15 23:43:56.295107
CONTAINER ID   NAME      CPU %     MEM USAGE / LIMIT   MEM %     NET I/O   BLOCK I/O        PIDS
2f54c8c0d411   faiss     28.61%    72.88GiB / 96GiB    75.91%    0B / 0B   27.8GB / 4.1kB   19
2025-02-15 23:43:58.300628
CONTAINER ID   NAME      CPU %     MEM USAGE / LIMIT   MEM %     NET I/O   BLOCK I/O        PIDS
2f54c8c0d411   faiss     30.13%    72.88GiB / 96GiB    75.91%    0B / 0B   28.4GB / 4.1kB   19
2025-02-15 23:44:00.306428
CONTAINER ID   NAME      CPU %     MEM USAGE / LIMIT   MEM %     NET I/O   BLOCK I/O      PIDS
2f54c8c0d411   faiss     27.50%    72.88GiB / 96GiB    75.92%    0B / 0B   29GB / 4.1kB   19
2025-02-15 23:44:02.313793
CONTAINER ID   NAME      CPU %     MEM USAGE / LIMIT   MEM %     NET I/O   BLOCK I/O        PIDS
2f54c8c0d411   faiss     29.97%    72.88GiB / 96GiB    75.92%    0B / 0B   29.6GB / 4.1kB   19
2025-02-15 23:44:04.319791
CONTAINER ID   NAME      CPU %     MEM USAGE / LIMIT   MEM %     NET I/O   BLOCK I/O        PIDS
2f54c8c0d411   faiss     29.39%    72.88GiB / 96GiB    75.92%    0B / 0B   30.2GB / 4.1kB   19
2025-02-15 23:44:06.326312
CONTAINER ID   NAME      CPU %     MEM USAGE / LIMIT   MEM %     NET I/O   BLOCK I/O        PIDS
2f54c8c0d411   faiss     28.49%    72.88GiB / 96GiB    75.92%    0B / 0B   30.7GB / 4.1kB   19
2025-02-15 23:44:08.332320
CONTAINER ID   NAME      CPU %     MEM USAGE / LIMIT   MEM %     NET I/O   BLOCK I/O        PIDS
2f54c8c0d411   faiss     28.52%    72.88GiB / 96GiB    75.92%    0B / 0B   31.3GB / 4.1kB   19
2025-02-15 23:44:10.338546
CONTAINER ID   NAME      CPU %     MEM USAGE / LIMIT   MEM %     NET I/O   BLOCK I/O        PIDS
2f54c8c0d411   faiss     28.03%    72.88GiB / 96GiB    75.92%    0B / 0B   31.9GB / 4.1kB   19
2025-02-15 23:44:12.345371
CONTAINER ID   NAME      CPU %     MEM USAGE / LIMIT   MEM %     NET I/O   BLOCK I/O        PIDS
2f54c8c0d411   faiss     27.43%    72.88GiB / 96GiB    75.92%    0B / 0B   32.5GB / 4.1kB   19
2025-02-15 23:44:14.350242
CONTAINER ID   NAME      CPU %     MEM USAGE / LIMIT   MEM %     NET I/O   BLOCK I/O        PIDS
2f54c8c0d411   faiss     28.52%    72.89GiB / 96GiB    75.93%    0B / 0B   33.2GB / 4.1kB   19
2025-02-15 23:44:16.357782
CONTAINER ID   NAME      CPU %     MEM USAGE / LIMIT   MEM %     NET I/O   BLOCK I/O        PIDS
2f54c8c0d411   faiss     33.12%    72.93GiB / 96GiB    75.97%    0B / 0B   33.8GB / 4.1kB   19
2025-02-15 23:44:18.363883
CONTAINER ID   NAME      CPU %     MEM USAGE / LIMIT   MEM %     NET I/O   BLOCK I/O        PIDS
2f54c8c0d411   faiss     31.60%    72.97GiB / 96GiB    76.01%    0B / 0B   34.3GB / 4.1kB   19
2025-02-15 23:44:20.370324
CONTAINER ID   NAME      CPU %     MEM USAGE / LIMIT   MEM %     NET I/O   BLOCK I/O        PIDS
2f54c8c0d411   faiss     31.21%    72.97GiB / 96GiB    76.01%    0B / 0B   34.8GB / 4.1kB   19
2025-02-15 23:44:22.375719
CONTAINER ID   NAME      CPU %     MEM USAGE / LIMIT   MEM %     NET I/O   BLOCK I/O        PIDS
2f54c8c0d411   faiss     34.52%    72.97GiB / 96GiB    76.01%    0B / 0B   35.4GB / 4.1kB   19
2025-02-15 23:44:24.382067
CONTAINER ID   NAME      CPU %     MEM USAGE / LIMIT   MEM %     NET I/O   BLOCK I/O        PIDS
2f54c8c0d411   faiss     33.86%    72.97GiB / 96GiB    76.01%    0B / 0B   36.1GB / 4.1kB   19
2025-02-15 23:44:26.388737
CONTAINER ID   NAME      CPU %     MEM USAGE / LIMIT   MEM %     NET I/O   BLOCK I/O        PIDS
2f54c8c0d411   faiss     33.98%    72.98GiB / 96GiB    76.02%    0B / 0B   36.8GB / 4.1kB   19
2025-02-15 23:44:28.394832
CONTAINER ID   NAME      CPU %     MEM USAGE / LIMIT   MEM %     NET I/O   BLOCK I/O        PIDS
2f54c8c0d411   faiss     34.03%    72.98GiB / 96GiB    76.03%    0B / 0B   37.4GB / 4.1kB   19
2025-02-15 23:44:30.402410
CONTAINER ID   NAME      CPU %     MEM USAGE / LIMIT   MEM %     NET I/O   BLOCK I/O        PIDS
2f54c8c0d411   faiss     33.92%    72.99GiB / 96GiB    76.03%    0B / 0B   38.1GB / 4.1kB   19
2025-02-15 23:44:32.408012
CONTAINER ID   NAME      CPU %     MEM USAGE / LIMIT   MEM %     NET I/O   BLOCK I/O        PIDS
2f54c8c0d411   faiss     29.86%    72.99GiB / 96GiB    76.03%    0B / 0B   38.7GB / 4.1kB   19
2025-02-15 23:44:34.413893
CONTAINER ID   NAME      CPU %     MEM USAGE / LIMIT   MEM %     NET I/O   BLOCK I/O        PIDS
2f54c8c0d411   faiss     33.74%    72.99GiB / 96GiB    76.03%    0B / 0B   39.4GB / 4.1kB   19
2025-02-15 23:44:36.420281
CONTAINER ID   NAME      CPU %     MEM USAGE / LIMIT   MEM %     NET I/O   BLOCK I/O        PIDS
2f54c8c0d411   faiss     33.81%    72.99GiB / 96GiB    76.03%    0B / 0B   40.1GB / 4.1kB   19
2025-02-15 23:44:38.427173
CONTAINER ID   NAME      CPU %     MEM USAGE / LIMIT   MEM %     NET I/O   BLOCK I/O        PIDS
2f54c8c0d411   faiss     33.75%    72.99GiB / 96GiB    76.03%    0B / 0B   40.8GB / 4.1kB   19
2025-02-15 23:44:40.435021
CONTAINER ID   NAME      CPU %     MEM USAGE / LIMIT   MEM %     NET I/O   BLOCK I/O        PIDS
2f54c8c0d411   faiss     32.84%    73.02GiB / 96GiB    76.06%    0B / 0B   41.3GB / 4.1kB   19
2025-02-15 23:44:42.442172
CONTAINER ID   NAME      CPU %     MEM USAGE / LIMIT   MEM %     NET I/O   BLOCK I/O        PIDS
2f54c8c0d411   faiss     32.44%    73.02GiB / 96GiB    76.06%    0B / 0B   41.8GB / 4.1kB   19
2025-02-15 23:44:44.448055
CONTAINER ID   NAME      CPU %     MEM USAGE / LIMIT   MEM %     NET I/O   BLOCK I/O        PIDS
2f54c8c0d411   faiss     32.41%    73.03GiB / 96GiB    76.07%    0B / 0B   42.3GB / 4.1kB   19
2025-02-15 23:44:46.455180
CONTAINER ID   NAME      CPU %     MEM USAGE / LIMIT   MEM %     NET I/O   BLOCK I/O        PIDS
2f54c8c0d411   faiss     32.07%    73.04GiB / 96GiB    76.08%    0B / 0B   42.9GB / 4.1kB   19
2025-02-15 23:44:48.461415
CONTAINER ID   NAME      CPU %     MEM USAGE / LIMIT   MEM %     NET I/O   BLOCK I/O        PIDS
2f54c8c0d411   faiss     32.65%    73.06GiB / 96GiB    76.10%    0B / 0B   43.4GB / 4.1kB   19
2025-02-15 23:44:50.468127
CONTAINER ID   NAME      CPU %     MEM USAGE / LIMIT   MEM %     NET I/O   BLOCK I/O      PIDS
2f54c8c0d411   faiss     35.35%    73.22GiB / 96GiB    76.27%    0B / 0B   44GB / 4.1kB   19
2025-02-15 23:44:52.473458
CONTAINER ID   NAME      CPU %     MEM USAGE / LIMIT   MEM %     NET I/O   BLOCK I/O        PIDS
2f54c8c0d411   faiss     31.41%    73.22GiB / 96GiB    76.27%    0B / 0B   44.4GB / 4.1kB   19
2025-02-15 23:44:54.479671
CONTAINER ID   NAME      CPU %     MEM USAGE / LIMIT   MEM %     NET I/O   BLOCK I/O        PIDS
2f54c8c0d411   faiss     32.88%    73.22GiB / 96GiB    76.27%    0B / 0B   44.8GB / 4.1kB   19
2025-02-15 23:44:56.486999
CONTAINER ID   NAME      CPU %     MEM USAGE / LIMIT   MEM %     NET I/O   BLOCK I/O        PIDS
2f54c8c0d411   faiss     32.00%    73.22GiB / 96GiB    76.27%    0B / 0B   45.2GB / 4.1kB   19
2025-02-15 23:44:58.492714
CONTAINER ID   NAME      CPU %     MEM USAGE / LIMIT   MEM %     NET I/O   BLOCK I/O        PIDS
2f54c8c0d411   faiss     33.72%    73.22GiB / 96GiB    76.27%    0B / 0B   45.5GB / 4.1kB   19
2025-02-15 23:45:00.500872
CONTAINER ID   NAME      CPU %     MEM USAGE / LIMIT   MEM %     NET I/O   BLOCK I/O        PIDS
2f54c8c0d411   faiss     31.78%    73.22GiB / 96GiB    76.27%    0B / 0B   45.9GB / 4.1kB   19
2025-02-15 23:45:02.506828
CONTAINER ID   NAME      CPU %     MEM USAGE / LIMIT   MEM %     NET I/O   BLOCK I/O        PIDS
2f54c8c0d411   faiss     41.45%    73.22GiB / 96GiB    76.27%    0B / 0B   46.4GB / 4.1kB   19
2025-02-15 23:45:04.512610
CONTAINER ID   NAME      CPU %     MEM USAGE / LIMIT   MEM %     NET I/O   BLOCK I/O        PIDS
2f54c8c0d411   faiss     43.76%    73.22GiB / 96GiB    76.27%    0B / 0B   46.9GB / 4.1kB   19
2025-02-15 23:45:06.520532
CONTAINER ID   NAME      CPU %     MEM USAGE / LIMIT   MEM %     NET I/O   BLOCK I/O        PIDS
2f54c8c0d411   faiss     43.43%    73.23GiB / 96GiB    76.28%    0B / 0B   47.4GB / 4.1kB   19
2025-02-15 23:45:08.526305
CONTAINER ID   NAME      CPU %     MEM USAGE / LIMIT   MEM %     NET I/O   BLOCK I/O        PIDS
2f54c8c0d411   faiss     41.85%    73.24GiB / 96GiB    76.29%    0B / 0B   47.9GB / 4.1kB   19
2025-02-15 23:45:10.533833
CONTAINER ID   NAME      CPU %     MEM USAGE / LIMIT   MEM %     NET I/O   BLOCK I/O        PIDS
2f54c8c0d411   faiss     41.62%    73.24GiB / 96GiB    76.29%    0B / 0B   48.4GB / 4.1kB   19
2025-02-15 23:45:12.540601
CONTAINER ID   NAME      CPU %     MEM USAGE / LIMIT   MEM %     NET I/O   BLOCK I/O        PIDS
2f54c8c0d411   faiss     43.89%    73.24GiB / 96GiB    76.29%    0B / 0B   48.9GB / 4.1kB   19
2025-02-15 23:45:14.546117
CONTAINER ID   NAME      CPU %     MEM USAGE / LIMIT   MEM %     NET I/O   BLOCK I/O        PIDS
2f54c8c0d411   faiss     44.71%    73.24GiB / 96GiB    76.29%    0B / 0B   49.4GB / 4.1kB   19
2025-02-15 23:45:16.552388
CONTAINER ID   NAME      CPU %     MEM USAGE / LIMIT   MEM %     NET I/O   BLOCK I/O        PIDS
2f54c8c0d411   faiss     44.72%    73.24GiB / 96GiB    76.29%    0B / 0B   49.9GB / 4.1kB   19
2025-02-15 23:45:18.558594
CONTAINER ID   NAME      CPU %     MEM USAGE / LIMIT   MEM %     NET I/O   BLOCK I/O        PIDS
2f54c8c0d411   faiss     45.42%    73.24GiB / 96GiB    76.30%    0B / 0B   50.4GB / 4.1kB   19
2025-02-15 23:45:20.563373
CONTAINER ID   NAME      CPU %     MEM USAGE / LIMIT   MEM %     NET I/O   BLOCK I/O      PIDS
2f54c8c0d411   faiss     45.28%    73.24GiB / 96GiB    76.30%    0B / 0B   51GB / 4.1kB   19
2025-02-15 23:45:22.571349
CONTAINER ID   NAME      CPU %     MEM USAGE / LIMIT   MEM %     NET I/O   BLOCK I/O        PIDS
2f54c8c0d411   faiss     43.16%    73.24GiB / 96GiB    76.30%    0B / 0B   51.6GB / 4.1kB   19
2025-02-15 23:45:24.578383
CONTAINER ID   NAME      CPU %      MEM USAGE / LIMIT   MEM %     NET I/O   BLOCK I/O        PIDS
2f54c8c0d411   faiss     4550.61%   73.26GiB / 96GiB    76.31%    0B / 0B   51.6GB / 4.1kB   114
2025-02-15 23:45:26.591767
CONTAINER ID   NAME      CPU %      MEM USAGE / LIMIT   MEM %     NET I/O   BLOCK I/O        PIDS
2f54c8c0d411   faiss     4630.20%   73.26GiB / 96GiB    76.31%    0B / 0B   51.6GB / 4.1kB   114
2025-02-15 23:45:28.611733
CONTAINER ID   NAME      CPU %      MEM USAGE / LIMIT   MEM %     NET I/O   BLOCK I/O        PIDS
2f54c8c0d411   faiss     4255.17%   73.26GiB / 96GiB    76.31%    0B / 0B   51.6GB / 4.1kB   114
2025-02-15 23:45:30.618066
CONTAINER ID   NAME      CPU %      MEM USAGE / LIMIT   MEM %     NET I/O   BLOCK I/O        PIDS
2f54c8c0d411   faiss     4587.41%   73.25GiB / 96GiB    76.31%    0B / 0B   51.6GB / 4.1kB   114
2025-02-15 23:45:32.626571
CONTAINER ID   NAME      CPU %      MEM USAGE / LIMIT   MEM %     NET I/O   BLOCK I/O        PIDS
2f54c8c0d411   faiss     4301.83%   73.25GiB / 96GiB    76.31%    0B / 0B   51.6GB / 4.1kB   114
2025-02-15 23:45:34.634087
CONTAINER ID   NAME      CPU %      MEM USAGE / LIMIT   MEM %     NET I/O   BLOCK I/O        PIDS
2f54c8c0d411   faiss     4223.80%   73.25GiB / 96GiB    76.31%    0B / 0B   51.6GB / 4.1kB   114
2025-02-15 23:45:36.638582
CONTAINER ID   NAME      CPU %      MEM USAGE / LIMIT   MEM %     NET I/O   BLOCK I/O        PIDS
2f54c8c0d411   faiss     4133.10%   73.25GiB / 96GiB    76.31%    0B / 0B   51.6GB / 4.1kB   114
2025-02-15 23:45:38.652861
CONTAINER ID   NAME      CPU %      MEM USAGE / LIMIT   MEM %     NET I/O   BLOCK I/O        PIDS
2f54c8c0d411   faiss     4494.05%   73.25GiB / 96GiB    76.31%    0B / 0B   51.6GB / 4.1kB   114
2025-02-15 23:45:40.657639
CONTAINER ID   NAME      CPU %      MEM USAGE / LIMIT   MEM %     NET I/O   BLOCK I/O        PIDS
2f54c8c0d411   faiss     4255.58%   73.25GiB / 96GiB    76.31%    0B / 0B   51.6GB / 4.1kB   114
2025-02-15 23:45:42.668922
CONTAINER ID   NAME      CPU %      MEM USAGE / LIMIT   MEM %     NET I/O   BLOCK I/O        PIDS
2f54c8c0d411   faiss     4051.20%   73.25GiB / 96GiB    76.30%    0B / 0B   51.6GB / 4.1kB   114
2025-02-15 23:45:44.686586
CONTAINER ID   NAME      CPU %      MEM USAGE / LIMIT   MEM %     NET I/O   BLOCK I/O        PIDS
2f54c8c0d411   faiss     4458.64%   73.25GiB / 96GiB    76.30%    0B / 0B   51.6GB / 4.1kB   114
2025-02-15 23:45:46.699489
CONTAINER ID   NAME      CPU %      MEM USAGE / LIMIT   MEM %     NET I/O   BLOCK I/O        PIDS
2f54c8c0d411   faiss     3712.06%   73.25GiB / 96GiB    76.30%    0B / 0B   51.6GB / 4.1kB   114
2025-02-15 23:45:48.705702
CONTAINER ID   NAME      CPU %      MEM USAGE / LIMIT   MEM %     NET I/O   BLOCK I/O        PIDS
2f54c8c0d411   faiss     4717.01%   73.25GiB / 96GiB    76.30%    0B / 0B   51.6GB / 4.1kB   114
2025-02-15 23:45:50.714300
CONTAINER ID   NAME      CPU %      MEM USAGE / LIMIT   MEM %     NET I/O   BLOCK I/O        PIDS
2f54c8c0d411   faiss     4617.79%   73.25GiB / 96GiB    76.30%    0B / 0B   51.6GB / 4.1kB   114
2025-02-15 23:45:52.719420
CONTAINER ID   NAME      CPU %      MEM USAGE / LIMIT   MEM %     NET I/O   BLOCK I/O        PIDS
2f54c8c0d411   faiss     4621.86%   73.25GiB / 96GiB    76.30%    0B / 0B   51.6GB / 4.1kB   114
2025-02-15 23:45:54.727167
CONTAINER ID   NAME      CPU %      MEM USAGE / LIMIT   MEM %     NET I/O   BLOCK I/O        PIDS
2f54c8c0d411   faiss     4507.94%   73.25GiB / 96GiB    76.30%    0B / 0B   51.6GB / 4.1kB   114
2025-02-15 23:45:56.735403
CONTAINER ID   NAME      CPU %      MEM USAGE / LIMIT   MEM %     NET I/O   BLOCK I/O        PIDS
2f54c8c0d411   faiss     4468.92%   73.25GiB / 96GiB    76.30%    0B / 0B   51.6GB / 4.1kB   114
2025-02-15 23:45:58.745923
CONTAINER ID   NAME      CPU %      MEM USAGE / LIMIT   MEM %     NET I/O   BLOCK I/O        PIDS
2f54c8c0d411   faiss     4650.06%   73.25GiB / 96GiB    76.30%    0B / 0B   51.6GB / 4.1kB   114
2025-02-15 23:46:00.754814
CONTAINER ID   NAME      CPU %      MEM USAGE / LIMIT   MEM %     NET I/O   BLOCK I/O        PIDS
2f54c8c0d411   faiss     4770.73%   73.25GiB / 96GiB    76.30%    0B / 0B   51.6GB / 4.1kB   114
2025-02-15 23:46:02.767718
CONTAINER ID   NAME      CPU %      MEM USAGE / LIMIT   MEM %     NET I/O   BLOCK I/O        PIDS
2f54c8c0d411   faiss     4670.20%   73.25GiB / 96GiB    76.30%    0B / 0B   51.6GB / 4.1kB   114
2025-02-15 23:46:04.777955
CONTAINER ID   NAME      CPU %      MEM USAGE / LIMIT   MEM %     NET I/O   BLOCK I/O        PIDS
2f54c8c0d411   faiss     4737.03%   73.25GiB / 96GiB    76.30%    0B / 0B   51.6GB / 4.1kB   114
2025-02-15 23:46:06.793364
CONTAINER ID   NAME      CPU %      MEM USAGE / LIMIT   MEM %     NET I/O   BLOCK I/O        PIDS
2f54c8c0d411   faiss     4544.47%   73.25GiB / 96GiB    76.30%    0B / 0B   51.6GB / 4.1kB   114
2025-02-15 23:46:08.801773
CONTAINER ID   NAME      CPU %      MEM USAGE / LIMIT   MEM %     NET I/O   BLOCK I/O        PIDS
2f54c8c0d411   faiss     4857.42%   73.25GiB / 96GiB    76.30%    0B / 0B   51.6GB / 4.1kB   114
2025-02-15 23:46:10.812940
CONTAINER ID   NAME      CPU %      MEM USAGE / LIMIT   MEM %     NET I/O   BLOCK I/O        PIDS
2f54c8c0d411   faiss     4368.69%   73.25GiB / 96GiB    76.30%    0B / 0B   51.6GB / 4.1kB   114
2025-02-15 23:46:12.820747
CONTAINER ID   NAME      CPU %      MEM USAGE / LIMIT   MEM %     NET I/O   BLOCK I/O        PIDS
2f54c8c0d411   faiss     4275.58%   73.25GiB / 96GiB    76.30%    0B / 0B   51.6GB / 4.1kB   114
2025-02-15 23:46:14.827627
CONTAINER ID   NAME      CPU %      MEM USAGE / LIMIT   MEM %     NET I/O   BLOCK I/O        PIDS
2f54c8c0d411   faiss     4629.68%   73.25GiB / 96GiB    76.30%    0B / 0B   51.6GB / 4.1kB   114
2025-02-15 23:46:16.831058
CONTAINER ID   NAME      CPU %      MEM USAGE / LIMIT   MEM %     NET I/O   BLOCK I/O        PIDS
2f54c8c0d411   faiss     2192.07%   73.25GiB / 96GiB    76.30%    0B / 0B   51.6GB / 4.1kB   114
2025-02-15 23:46:18.839556
CONTAINER ID   NAME      CPU %      MEM USAGE / LIMIT   MEM %     NET I/O   BLOCK I/O        PIDS
2f54c8c0d411   faiss     2790.89%   73.25GiB / 96GiB    76.30%    0B / 0B   51.6GB / 4.1kB   114
2025-02-15 23:46:20.848631
CONTAINER ID   NAME      CPU %      MEM USAGE / LIMIT   MEM %     NET I/O   BLOCK I/O        PIDS
2f54c8c0d411   faiss     3839.07%   73.25GiB / 96GiB    76.30%    0B / 0B   51.6GB / 4.1kB   114
2025-02-15 23:46:22.858345
CONTAINER ID   NAME      CPU %      MEM USAGE / LIMIT   MEM %     NET I/O   BLOCK I/O        PIDS
2f54c8c0d411   faiss     4253.98%   73.25GiB / 96GiB    76.30%    0B / 0B   51.6GB / 4.1kB   114
2025-02-15 23:46:24.864342
CONTAINER ID   NAME      CPU %      MEM USAGE / LIMIT   MEM %     NET I/O   BLOCK I/O        PIDS
2f54c8c0d411   faiss     4472.82%   73.25GiB / 96GiB    76.30%    0B / 0B   51.6GB / 4.1kB   114
2025-02-15 23:46:26.874593
CONTAINER ID   NAME      CPU %      MEM USAGE / LIMIT   MEM %     NET I/O   BLOCK I/O        PIDS
2f54c8c0d411   faiss     3438.19%   73.25GiB / 96GiB    76.30%    0B / 0B   51.6GB / 4.1kB   114
2025-02-15 23:46:28.885522
CONTAINER ID   NAME      CPU %      MEM USAGE / LIMIT   MEM %     NET I/O   BLOCK I/O        PIDS
2f54c8c0d411   faiss     4316.85%   73.25GiB / 96GiB    76.31%    0B / 0B   51.6GB / 4.1kB   114
2025-02-15 23:46:30.896552
CONTAINER ID   NAME      CPU %      MEM USAGE / LIMIT   MEM %     NET I/O   BLOCK I/O        PIDS
2f54c8c0d411   faiss     4003.64%   73.25GiB / 96GiB    76.31%    0B / 0B   51.6GB / 4.1kB   114
2025-02-15 23:46:32.901967
CONTAINER ID   NAME      CPU %      MEM USAGE / LIMIT   MEM %     NET I/O   BLOCK I/O        PIDS
2f54c8c0d411   faiss     4276.60%   73.25GiB / 96GiB    76.30%    0B / 0B   51.6GB / 4.1kB   114
2025-02-15 23:46:34.913300
CONTAINER ID   NAME      CPU %      MEM USAGE / LIMIT   MEM %     NET I/O   BLOCK I/O        PIDS
2f54c8c0d411   faiss     4350.95%   73.25GiB / 96GiB    76.30%    0B / 0B   51.6GB / 4.1kB   114
2025-02-15 23:46:36.922011
CONTAINER ID   NAME      CPU %      MEM USAGE / LIMIT   MEM %     NET I/O   BLOCK I/O        PIDS
2f54c8c0d411   faiss     4143.78%   73.25GiB / 96GiB    76.30%    0B / 0B   51.6GB / 4.1kB   114
2025-02-15 23:46:38.928178
CONTAINER ID   NAME      CPU %      MEM USAGE / LIMIT   MEM %     NET I/O   BLOCK I/O        PIDS
2f54c8c0d411   faiss     4507.27%   73.25GiB / 96GiB    76.30%    0B / 0B   51.6GB / 4.1kB   114
2025-02-15 23:46:40.938611
CONTAINER ID   NAME      CPU %      MEM USAGE / LIMIT   MEM %     NET I/O   BLOCK I/O        PIDS
2f54c8c0d411   faiss     4323.76%   73.25GiB / 96GiB    76.30%    0B / 0B   51.6GB / 4.1kB   114
2025-02-15 23:46:42.950072
CONTAINER ID   NAME      CPU %      MEM USAGE / LIMIT   MEM %     NET I/O   BLOCK I/O        PIDS
2f54c8c0d411   faiss     4699.51%   73.25GiB / 96GiB    76.30%    0B / 0B   51.6GB / 4.1kB   114
2025-02-15 23:46:44.964115
CONTAINER ID   NAME      CPU %      MEM USAGE / LIMIT   MEM %     NET I/O   BLOCK I/O        PIDS
2f54c8c0d411   faiss     4095.13%   73.25GiB / 96GiB    76.30%    0B / 0B   51.6GB / 4.1kB   114
2025-02-15 23:46:46.973610
CONTAINER ID   NAME      CPU %      MEM USAGE / LIMIT   MEM %     NET I/O   BLOCK I/O        PIDS
2f54c8c0d411   faiss     4253.92%   73.25GiB / 96GiB    76.30%    0B / 0B   51.6GB / 4.1kB   114
2025-02-15 23:46:48.987200
CONTAINER ID   NAME      CPU %      MEM USAGE / LIMIT   MEM %     NET I/O   BLOCK I/O        PIDS
2f54c8c0d411   faiss     4600.33%   73.25GiB / 96GiB    76.30%    0B / 0B   51.6GB / 4.1kB   114
2025-02-15 23:46:51.000251
CONTAINER ID   NAME      CPU %      MEM USAGE / LIMIT   MEM %     NET I/O   BLOCK I/O        PIDS
2f54c8c0d411   faiss     4671.77%   73.25GiB / 96GiB    76.30%    0B / 0B   51.6GB / 4.1kB   114
2025-02-15 23:46:53.014369
CONTAINER ID   NAME      CPU %      MEM USAGE / LIMIT   MEM %     NET I/O   BLOCK I/O        PIDS
2f54c8c0d411   faiss     4331.46%   73.25GiB / 96GiB    76.30%    0B / 0B   51.6GB / 4.1kB   114
2025-02-15 23:46:55.019948
CONTAINER ID   NAME      CPU %      MEM USAGE / LIMIT   MEM %     NET I/O   BLOCK I/O        PIDS
2f54c8c0d411   faiss     4454.94%   73.25GiB / 96GiB    76.30%    0B / 0B   51.6GB / 4.1kB   114
2025-02-15 23:46:57.028372
CONTAINER ID   NAME      CPU %      MEM USAGE / LIMIT   MEM %     NET I/O   BLOCK I/O        PIDS
2f54c8c0d411   faiss     4427.84%   73.25GiB / 96GiB    76.30%    0B / 0B   51.6GB / 4.1kB   114
2025-02-15 23:46:59.036144
CONTAINER ID   NAME      CPU %      MEM USAGE / LIMIT   MEM %     NET I/O   BLOCK I/O        PIDS
2f54c8c0d411   faiss     4405.71%   73.25GiB / 96GiB    76.30%    0B / 0B   51.6GB / 4.1kB   114
2025-02-15 23:47:01.052518
CONTAINER ID   NAME      CPU %      MEM USAGE / LIMIT   MEM %     NET I/O   BLOCK I/O        PIDS
2f54c8c0d411   faiss     4556.88%   73.25GiB / 96GiB    76.30%    0B / 0B   51.6GB / 4.1kB   114
2025-02-15 23:47:03.064268
CONTAINER ID   NAME      CPU %      MEM USAGE / LIMIT   MEM %     NET I/O   BLOCK I/O        PIDS
2f54c8c0d411   faiss     4463.09%   73.25GiB / 96GiB    76.30%    0B / 0B   51.6GB / 4.1kB   114
2025-02-15 23:47:05.073795
CONTAINER ID   NAME      CPU %      MEM USAGE / LIMIT   MEM %     NET I/O   BLOCK I/O        PIDS
2f54c8c0d411   faiss     4394.94%   73.25GiB / 96GiB    76.30%    0B / 0B   51.6GB / 4.1kB   114
2025-02-15 23:47:07.086568
CONTAINER ID   NAME      CPU %      MEM USAGE / LIMIT   MEM %     NET I/O   BLOCK I/O        PIDS
2f54c8c0d411   faiss     4611.85%   73.25GiB / 96GiB    76.30%    0B / 0B   51.6GB / 4.1kB   114
2025-02-15 23:47:09.106298
CONTAINER ID   NAME      CPU %      MEM USAGE / LIMIT   MEM %     NET I/O   BLOCK I/O        PIDS
2f54c8c0d411   faiss     4555.60%   73.25GiB / 96GiB    76.30%    0B / 0B   51.6GB / 4.1kB   114
2025-02-15 23:47:11.114025
CONTAINER ID   NAME      CPU %      MEM USAGE / LIMIT   MEM %     NET I/O   BLOCK I/O        PIDS
2f54c8c0d411   faiss     4313.41%   73.25GiB / 96GiB    76.30%    0B / 0B   51.6GB / 4.1kB   114
2025-02-15 23:47:13.117853
CONTAINER ID   NAME      CPU %      MEM USAGE / LIMIT   MEM %     NET I/O   BLOCK I/O        PIDS
2f54c8c0d411   faiss     4550.27%   73.25GiB / 96GiB    76.30%    0B / 0B   51.6GB / 4.1kB   114
2025-02-15 23:47:15.129010
CONTAINER ID   NAME      CPU %      MEM USAGE / LIMIT   MEM %     NET I/O   BLOCK I/O        PIDS
2f54c8c0d411   faiss     4614.78%   73.25GiB / 96GiB    76.30%    0B / 0B   51.6GB / 4.1kB   114
2025-02-15 23:47:17.135181
CONTAINER ID   NAME      CPU %      MEM USAGE / LIMIT   MEM %     NET I/O   BLOCK I/O        PIDS
2f54c8c0d411   faiss     4308.48%   73.25GiB / 96GiB    76.30%    0B / 0B   51.6GB / 4.1kB   114
2025-02-15 23:47:19.140770
CONTAINER ID   NAME      CPU %      MEM USAGE / LIMIT   MEM %     NET I/O   BLOCK I/O        PIDS
2f54c8c0d411   faiss     4431.82%   73.25GiB / 96GiB    76.30%    0B / 0B   51.6GB / 4.1kB   114
2025-02-15 23:47:21.158910
CONTAINER ID   NAME      CPU %      MEM USAGE / LIMIT   MEM %     NET I/O   BLOCK I/O        PIDS
2f54c8c0d411   faiss     4410.88%   73.25GiB / 96GiB    76.30%    0B / 0B   51.6GB / 4.1kB   114
2025-02-15 23:47:23.173063
CONTAINER ID   NAME      CPU %      MEM USAGE / LIMIT   MEM %     NET I/O   BLOCK I/O        PIDS
2f54c8c0d411   faiss     4325.24%   73.25GiB / 96GiB    76.30%    0B / 0B   51.6GB / 4.1kB   114
2025-02-15 23:47:25.182557
CONTAINER ID   NAME      CPU %      MEM USAGE / LIMIT   MEM %     NET I/O   BLOCK I/O        PIDS
2f54c8c0d411   faiss     4790.93%   73.25GiB / 96GiB    76.30%    0B / 0B   51.6GB / 4.1kB   114
2025-02-15 23:47:27.193822
CONTAINER ID   NAME      CPU %      MEM USAGE / LIMIT   MEM %     NET I/O   BLOCK I/O        PIDS
2f54c8c0d411   faiss     4209.53%   73.25GiB / 96GiB    76.30%    0B / 0B   51.6GB / 4.1kB   114
2025-02-15 23:47:29.202031
CONTAINER ID   NAME      CPU %      MEM USAGE / LIMIT   MEM %     NET I/O   BLOCK I/O        PIDS
2f54c8c0d411   faiss     4620.88%   73.25GiB / 96GiB    76.30%    0B / 0B   51.6GB / 4.1kB   114
2025-02-15 23:47:31.212752
CONTAINER ID   NAME      CPU %      MEM USAGE / LIMIT   MEM %     NET I/O   BLOCK I/O        PIDS
2f54c8c0d411   faiss     4361.16%   73.25GiB / 96GiB    76.30%    0B / 0B   51.6GB / 4.1kB   114
2025-02-15 23:47:33.218748
CONTAINER ID   NAME      CPU %      MEM USAGE / LIMIT   MEM %     NET I/O   BLOCK I/O        PIDS
2f54c8c0d411   faiss     4252.54%   73.25GiB / 96GiB    76.30%    0B / 0B   51.6GB / 4.1kB   114
2025-02-15 23:47:35.224107
CONTAINER ID   NAME      CPU %      MEM USAGE / LIMIT   MEM %     NET I/O   BLOCK I/O        PIDS
2f54c8c0d411   faiss     4374.05%   73.25GiB / 96GiB    76.30%    0B / 0B   51.6GB / 4.1kB   114
2025-02-15 23:47:37.230376
CONTAINER ID   NAME      CPU %      MEM USAGE / LIMIT   MEM %     NET I/O   BLOCK I/O        PIDS
2f54c8c0d411   faiss     4153.72%   73.25GiB / 96GiB    76.30%    0B / 0B   51.6GB / 4.1kB   114
2025-02-15 23:47:39.241671
CONTAINER ID   NAME      CPU %      MEM USAGE / LIMIT   MEM %     NET I/O   BLOCK I/O        PIDS
2f54c8c0d411   faiss     4193.12%   73.25GiB / 96GiB    76.30%    0B / 0B   51.6GB / 4.1kB   114
2025-02-15 23:47:41.254256
CONTAINER ID   NAME      CPU %      MEM USAGE / LIMIT   MEM %     NET I/O   BLOCK I/O        PIDS
2f54c8c0d411   faiss     4550.13%   73.25GiB / 96GiB    76.30%    0B / 0B   51.6GB / 4.1kB   114
2025-02-15 23:47:43.267914
CONTAINER ID   NAME      CPU %      MEM USAGE / LIMIT   MEM %     NET I/O   BLOCK I/O        PIDS
2f54c8c0d411   faiss     4464.30%   73.25GiB / 96GiB    76.30%    0B / 0B   51.6GB / 4.1kB   114
2025-02-15 23:47:45.276160
CONTAINER ID   NAME      CPU %      MEM USAGE / LIMIT   MEM %     NET I/O   BLOCK I/O        PIDS
2f54c8c0d411   faiss     4279.19%   73.25GiB / 96GiB    76.30%    0B / 0B   51.6GB / 4.1kB   114
2025-02-15 23:47:47.290242
CONTAINER ID   NAME      CPU %      MEM USAGE / LIMIT   MEM %     NET I/O   BLOCK I/O        PIDS
2f54c8c0d411   faiss     4190.59%   73.25GiB / 96GiB    76.30%    0B / 0B   51.6GB / 4.1kB   114
2025-02-15 23:47:49.309944
CONTAINER ID   NAME      CPU %      MEM USAGE / LIMIT   MEM %     NET I/O   BLOCK I/O        PIDS
2f54c8c0d411   faiss     4266.73%   73.25GiB / 96GiB    76.30%    0B / 0B   51.6GB / 4.1kB   114
2025-02-15 23:47:51.319418
CONTAINER ID   NAME      CPU %      MEM USAGE / LIMIT   MEM %     NET I/O   BLOCK I/O        PIDS
2f54c8c0d411   faiss     4289.98%   73.25GiB / 96GiB    76.30%    0B / 0B   51.6GB / 4.1kB   114
2025-02-15 23:47:53.323438
CONTAINER ID   NAME      CPU %      MEM USAGE / LIMIT   MEM %     NET I/O   BLOCK I/O        PIDS
2f54c8c0d411   faiss     4015.90%   73.25GiB / 96GiB    76.30%    0B / 0B   51.6GB / 4.1kB   114
2025-02-15 23:47:55.329411
CONTAINER ID   NAME      CPU %      MEM USAGE / LIMIT   MEM %     NET I/O   BLOCK I/O        PIDS
2f54c8c0d411   faiss     4202.12%   73.25GiB / 96GiB    76.30%    0B / 0B   51.6GB / 4.1kB   114
2025-02-15 23:47:57.337413
CONTAINER ID   NAME      CPU %      MEM USAGE / LIMIT   MEM %     NET I/O   BLOCK I/O        PIDS
2f54c8c0d411   faiss     4105.40%   73.25GiB / 96GiB    76.30%    0B / 0B   51.6GB / 4.1kB   114
2025-02-15 23:47:59.345044
CONTAINER ID   NAME      CPU %      MEM USAGE / LIMIT   MEM %     NET I/O   BLOCK I/O        PIDS
2f54c8c0d411   faiss     3788.89%   73.25GiB / 96GiB    76.30%    0B / 0B   51.6GB / 4.1kB   114
2025-02-15 23:48:01.356339
CONTAINER ID   NAME      CPU %      MEM USAGE / LIMIT   MEM %     NET I/O   BLOCK I/O        PIDS
2f54c8c0d411   faiss     4149.36%   73.25GiB / 96GiB    76.30%    0B / 0B   51.6GB / 4.1kB   114
2025-02-15 23:48:03.363917
CONTAINER ID   NAME      CPU %      MEM USAGE / LIMIT   MEM %     NET I/O   BLOCK I/O        PIDS
2f54c8c0d411   faiss     4352.30%   73.25GiB / 96GiB    76.30%    0B / 0B   51.6GB / 4.1kB   114
2025-02-15 23:48:05.376208
CONTAINER ID   NAME      CPU %      MEM USAGE / LIMIT   MEM %     NET I/O   BLOCK I/O        PIDS
2f54c8c0d411   faiss     4232.53%   73.25GiB / 96GiB    76.30%    0B / 0B   51.6GB / 4.1kB   114
2025-02-15 23:48:07.384607
CONTAINER ID   NAME      CPU %      MEM USAGE / LIMIT   MEM %     NET I/O   BLOCK I/O        PIDS
2f54c8c0d411   faiss     4290.35%   73.25GiB / 96GiB    76.30%    0B / 0B   51.6GB / 4.1kB   114
2025-02-15 23:48:09.393248
CONTAINER ID   NAME      CPU %      MEM USAGE / LIMIT   MEM %     NET I/O   BLOCK I/O        PIDS
2f54c8c0d411   faiss     4222.07%   73.25GiB / 96GiB    76.30%    0B / 0B   51.6GB / 4.1kB   114
2025-02-15 23:48:11.406319
CONTAINER ID   NAME      CPU %      MEM USAGE / LIMIT   MEM %     NET I/O   BLOCK I/O        PIDS
2f54c8c0d411   faiss     3946.05%   73.25GiB / 96GiB    76.30%    0B / 0B   51.6GB / 4.1kB   114
2025-02-15 23:48:13.414562
CONTAINER ID   NAME      CPU %      MEM USAGE / LIMIT   MEM %     NET I/O   BLOCK I/O        PIDS
2f54c8c0d411   faiss     4406.00%   73.25GiB / 96GiB    76.30%    0B / 0B   51.6GB / 4.1kB   114
2025-02-15 23:48:15.422473
CONTAINER ID   NAME      CPU %      MEM USAGE / LIMIT   MEM %     NET I/O   BLOCK I/O        PIDS
2f54c8c0d411   faiss     4149.64%   73.25GiB / 96GiB    76.30%    0B / 0B   51.6GB / 4.1kB   114
2025-02-15 23:48:17.428858
CONTAINER ID   NAME      CPU %      MEM USAGE / LIMIT   MEM %     NET I/O   BLOCK I/O        PIDS
2f54c8c0d411   faiss     4237.04%   73.25GiB / 96GiB    76.30%    0B / 0B   51.6GB / 4.1kB   114
2025-02-15 23:48:19.434127
CONTAINER ID   NAME      CPU %      MEM USAGE / LIMIT   MEM %     NET I/O   BLOCK I/O        PIDS
2f54c8c0d411   faiss     4434.77%   73.25GiB / 96GiB    76.30%    0B / 0B   51.6GB / 4.1kB   114
2025-02-15 23:48:21.441326
CONTAINER ID   NAME      CPU %      MEM USAGE / LIMIT   MEM %     NET I/O   BLOCK I/O        PIDS
2f54c8c0d411   faiss     3843.98%   73.25GiB / 96GiB    76.30%    0B / 0B   51.6GB / 4.1kB   114
2025-02-15 23:48:23.464417
CONTAINER ID   NAME      CPU %      MEM USAGE / LIMIT   MEM %     NET I/O   BLOCK I/O        PIDS
2f54c8c0d411   faiss     4242.14%   73.25GiB / 96GiB    76.30%    0B / 0B   51.6GB / 4.1kB   114
2025-02-15 23:48:25.474450
CONTAINER ID   NAME      CPU %      MEM USAGE / LIMIT   MEM %     NET I/O   BLOCK I/O        PIDS
2f54c8c0d411   faiss     4058.53%   73.25GiB / 96GiB    76.30%    0B / 0B   51.6GB / 4.1kB   114
2025-02-15 23:48:27.487872
CONTAINER ID   NAME      CPU %      MEM USAGE / LIMIT   MEM %     NET I/O   BLOCK I/O        PIDS
2f54c8c0d411   faiss     4333.15%   73.25GiB / 96GiB    76.30%    0B / 0B   51.6GB / 4.1kB   114
2025-02-15 23:48:29.499393
CONTAINER ID   NAME      CPU %      MEM USAGE / LIMIT   MEM %     NET I/O   BLOCK I/O        PIDS
2f54c8c0d411   faiss     4295.43%   73.25GiB / 96GiB    76.30%    0B / 0B   51.6GB / 4.1kB   114
2025-02-15 23:48:31.508134
CONTAINER ID   NAME      CPU %      MEM USAGE / LIMIT   MEM %     NET I/O   BLOCK I/O        PIDS
2f54c8c0d411   faiss     3982.20%   73.25GiB / 96GiB    76.30%    0B / 0B   51.6GB / 4.1kB   114
2025-02-15 23:48:33.514401
CONTAINER ID   NAME      CPU %      MEM USAGE / LIMIT   MEM %     NET I/O   BLOCK I/O        PIDS
2f54c8c0d411   faiss     4183.17%   73.25GiB / 96GiB    76.30%    0B / 0B   51.6GB / 4.1kB   114
2025-02-15 23:48:35.524970
CONTAINER ID   NAME      CPU %      MEM USAGE / LIMIT   MEM %     NET I/O   BLOCK I/O        PIDS
2f54c8c0d411   faiss     4410.35%   73.25GiB / 96GiB    76.30%    0B / 0B   51.6GB / 4.1kB   114
2025-02-15 23:48:37.532499
CONTAINER ID   NAME      CPU %      MEM USAGE / LIMIT   MEM %     NET I/O   BLOCK I/O        PIDS
2f54c8c0d411   faiss     4188.28%   73.25GiB / 96GiB    76.30%    0B / 0B   51.6GB / 4.1kB   114
2025-02-15 23:48:39.537425
CONTAINER ID   NAME      CPU %      MEM USAGE / LIMIT   MEM %     NET I/O   BLOCK I/O        PIDS
2f54c8c0d411   faiss     4198.22%   73.25GiB / 96GiB    76.30%    0B / 0B   51.6GB / 4.1kB   114
2025-02-15 23:48:41.544640
CONTAINER ID   NAME      CPU %      MEM USAGE / LIMIT   MEM %     NET I/O   BLOCK I/O        PIDS
2f54c8c0d411   faiss     4028.67%   73.25GiB / 96GiB    76.30%    0B / 0B   51.6GB / 4.1kB   114
2025-02-15 23:48:43.559222
CONTAINER ID   NAME      CPU %      MEM USAGE / LIMIT   MEM %     NET I/O   BLOCK I/O        PIDS
2f54c8c0d411   faiss     4163.73%   73.25GiB / 96GiB    76.30%    0B / 0B   51.6GB / 4.1kB   114
2025-02-15 23:48:45.579013
CONTAINER ID   NAME      CPU %      MEM USAGE / LIMIT   MEM %     NET I/O   BLOCK I/O        PIDS
2f54c8c0d411   faiss     4406.64%   73.25GiB / 96GiB    76.30%    0B / 0B   51.6GB / 4.1kB   114
2025-02-15 23:48:47.585730
CONTAINER ID   NAME      CPU %      MEM USAGE / LIMIT   MEM %     NET I/O   BLOCK I/O        PIDS
2f54c8c0d411   faiss     4141.20%   73.25GiB / 96GiB    76.30%    0B / 0B   51.6GB / 4.1kB   114
2025-02-15 23:48:49.597017
CONTAINER ID   NAME      CPU %      MEM USAGE / LIMIT   MEM %     NET I/O   BLOCK I/O        PIDS
2f54c8c0d411   faiss     4188.69%   73.25GiB / 96GiB    76.30%    0B / 0B   51.6GB / 4.1kB   114
2025-02-15 23:48:51.613049
CONTAINER ID   NAME      CPU %      MEM USAGE / LIMIT   MEM %     NET I/O   BLOCK I/O        PIDS
2f54c8c0d411   faiss     4057.57%   73.25GiB / 96GiB    76.30%    0B / 0B   51.6GB / 4.1kB   114
2025-02-15 23:48:53.617724
CONTAINER ID   NAME      CPU %      MEM USAGE / LIMIT   MEM %     NET I/O   BLOCK I/O        PIDS
2f54c8c0d411   faiss     4078.41%   73.25GiB / 96GiB    76.30%    0B / 0B   51.6GB / 4.1kB   114
2025-02-15 23:48:55.622505
CONTAINER ID   NAME      CPU %      MEM USAGE / LIMIT   MEM %     NET I/O   BLOCK I/O        PIDS
2f54c8c0d411   faiss     4186.66%   73.25GiB / 96GiB    76.30%    0B / 0B   51.6GB / 4.1kB   114
2025-02-15 23:48:57.627537
CONTAINER ID   NAME      CPU %      MEM USAGE / LIMIT   MEM %     NET I/O   BLOCK I/O        PIDS
2f54c8c0d411   faiss     4179.08%   73.25GiB / 96GiB    76.30%    0B / 0B   51.6GB / 4.1kB   114
2025-02-15 23:48:59.630693
CONTAINER ID   NAME      CPU %      MEM USAGE / LIMIT   MEM %     NET I/O   BLOCK I/O        PIDS
2f54c8c0d411   faiss     4143.73%   73.25GiB / 96GiB    76.30%    0B / 0B   51.6GB / 4.1kB   114
2025-02-15 23:49:01.640990
CONTAINER ID   NAME      CPU %      MEM USAGE / LIMIT   MEM %     NET I/O   BLOCK I/O        PIDS
2f54c8c0d411   faiss     4448.90%   73.25GiB / 96GiB    76.30%    0B / 0B   51.6GB / 4.1kB   114
2025-02-15 23:49:03.645340
CONTAINER ID   NAME      CPU %      MEM USAGE / LIMIT   MEM %     NET I/O   BLOCK I/O        PIDS
2f54c8c0d411   faiss     4408.51%   73.25GiB / 96GiB    76.30%    0B / 0B   51.6GB / 4.1kB   114
2025-02-15 23:49:05.655193
CONTAINER ID   NAME      CPU %      MEM USAGE / LIMIT   MEM %     NET I/O   BLOCK I/O        PIDS
2f54c8c0d411   faiss     4465.48%   73.25GiB / 96GiB    76.30%    0B / 0B   51.6GB / 4.1kB   114
2025-02-15 23:49:07.667118
CONTAINER ID   NAME      CPU %      MEM USAGE / LIMIT   MEM %     NET I/O   BLOCK I/O        PIDS
2f54c8c0d411   faiss     4313.15%   73.25GiB / 96GiB    76.30%    0B / 0B   51.6GB / 4.1kB   114
2025-02-15 23:49:09.675004
CONTAINER ID   NAME      CPU %      MEM USAGE / LIMIT   MEM %     NET I/O   BLOCK I/O        PIDS
2f54c8c0d411   faiss     4387.69%   73.25GiB / 96GiB    76.30%    0B / 0B   51.6GB / 4.1kB   114
2025-02-15 23:49:11.693419
CONTAINER ID   NAME      CPU %      MEM USAGE / LIMIT   MEM %     NET I/O   BLOCK I/O        PIDS
2f54c8c0d411   faiss     4222.40%   73.25GiB / 96GiB    76.30%    0B / 0B   51.6GB / 4.1kB   114
2025-02-15 23:49:13.705020
CONTAINER ID   NAME      CPU %      MEM USAGE / LIMIT   MEM %     NET I/O   BLOCK I/O        PIDS
2f54c8c0d411   faiss     4469.51%   73.25GiB / 96GiB    76.30%    0B / 0B   51.6GB / 4.1kB   114
2025-02-15 23:49:15.713982
CONTAINER ID   NAME      CPU %      MEM USAGE / LIMIT   MEM %     NET I/O   BLOCK I/O        PIDS
2f54c8c0d411   faiss     4066.49%   73.25GiB / 96GiB    76.30%    0B / 0B   51.6GB / 4.1kB   114
2025-02-15 23:49:17.718102
CONTAINER ID   NAME      CPU %      MEM USAGE / LIMIT   MEM %     NET I/O   BLOCK I/O        PIDS
2f54c8c0d411   faiss     4474.30%   73.25GiB / 96GiB    76.30%    0B / 0B   51.6GB / 4.1kB   114
2025-02-15 23:49:19.726876
CONTAINER ID   NAME      CPU %      MEM USAGE / LIMIT   MEM %     NET I/O   BLOCK I/O        PIDS
2f54c8c0d411   faiss     4242.59%   73.25GiB / 96GiB    76.30%    0B / 0B   51.6GB / 4.1kB   114
2025-02-15 23:49:21.735233
CONTAINER ID   NAME      CPU %      MEM USAGE / LIMIT   MEM %     NET I/O   BLOCK I/O        PIDS
2f54c8c0d411   faiss     4391.36%   73.25GiB / 96GiB    76.30%    0B / 0B   51.6GB / 4.1kB   114
2025-02-15 23:49:23.741646
CONTAINER ID   NAME      CPU %      MEM USAGE / LIMIT   MEM %     NET I/O   BLOCK I/O        PIDS
2f54c8c0d411   faiss     4255.40%   73.25GiB / 96GiB    76.30%    0B / 0B   51.6GB / 4.1kB   114
2025-02-15 23:49:25.751885
CONTAINER ID   NAME      CPU %      MEM USAGE / LIMIT   MEM %     NET I/O   BLOCK I/O        PIDS
2f54c8c0d411   faiss     4413.59%   73.25GiB / 96GiB    76.30%    0B / 0B   51.6GB / 4.1kB   114
2025-02-15 23:49:27.769807
CONTAINER ID   NAME      CPU %      MEM USAGE / LIMIT   MEM %     NET I/O   BLOCK I/O        PIDS
2f54c8c0d411   faiss     4144.83%   73.25GiB / 96GiB    76.30%    0B / 0B   51.6GB / 4.1kB   114
2025-02-15 23:49:29.770984
CONTAINER ID   NAME      CPU %      MEM USAGE / LIMIT   MEM %     NET I/O   BLOCK I/O        PIDS
2f54c8c0d411   faiss     4442.80%   73.25GiB / 96GiB    76.30%    0B / 0B   51.6GB / 4.1kB   114
2025-02-15 23:49:31.783040
CONTAINER ID   NAME      CPU %      MEM USAGE / LIMIT   MEM %     NET I/O   BLOCK I/O        PIDS
2f54c8c0d411   faiss     4274.84%   73.25GiB / 96GiB    76.30%    0B / 0B   51.6GB / 4.1kB   114
2025-02-15 23:49:33.796466
CONTAINER ID   NAME      CPU %      MEM USAGE / LIMIT   MEM %     NET I/O   BLOCK I/O        PIDS
2f54c8c0d411   faiss     4231.97%   73.25GiB / 96GiB    76.30%    0B / 0B   51.6GB / 4.1kB   114
2025-02-15 23:49:35.804434
CONTAINER ID   NAME      CPU %      MEM USAGE / LIMIT   MEM %     NET I/O   BLOCK I/O        PIDS
2f54c8c0d411   faiss     4369.80%   73.25GiB / 96GiB    76.30%    0B / 0B   51.6GB / 4.1kB   114
2025-02-15 23:49:37.816766
CONTAINER ID   NAME      CPU %      MEM USAGE / LIMIT   MEM %     NET I/O   BLOCK I/O        PIDS
2f54c8c0d411   faiss     4255.92%   73.25GiB / 96GiB    76.30%    0B / 0B   51.6GB / 4.1kB   114
2025-02-15 23:49:39.827782
CONTAINER ID   NAME      CPU %      MEM USAGE / LIMIT   MEM %     NET I/O   BLOCK I/O        PIDS
2f54c8c0d411   faiss     4177.74%   73.25GiB / 96GiB    76.30%    0B / 0B   51.6GB / 4.1kB   114
2025-02-15 23:49:41.832965
CONTAINER ID   NAME      CPU %      MEM USAGE / LIMIT   MEM %     NET I/O   BLOCK I/O        PIDS
2f54c8c0d411   faiss     4353.21%   73.25GiB / 96GiB    76.30%    0B / 0B   51.6GB / 4.1kB   114
2025-02-15 23:49:43.852758
CONTAINER ID   NAME      CPU %      MEM USAGE / LIMIT   MEM %     NET I/O   BLOCK I/O        PIDS
2f54c8c0d411   faiss     4229.59%   73.25GiB / 96GiB    76.30%    0B / 0B   51.6GB / 4.1kB   114
2025-02-15 23:49:45.865043
CONTAINER ID   NAME      CPU %      MEM USAGE / LIMIT   MEM %     NET I/O   BLOCK I/O        PIDS
2f54c8c0d411   faiss     4306.27%   73.25GiB / 96GiB    76.30%    0B / 0B   51.6GB / 4.1kB   114
2025-02-15 23:49:47.881763
CONTAINER ID   NAME      CPU %      MEM USAGE / LIMIT   MEM %     NET I/O   BLOCK I/O        PIDS
2f54c8c0d411   faiss     4295.39%   73.25GiB / 96GiB    76.30%    0B / 0B   51.6GB / 4.1kB   114
2025-02-15 23:49:49.899455
CONTAINER ID   NAME      CPU %      MEM USAGE / LIMIT   MEM %     NET I/O   BLOCK I/O        PIDS
2f54c8c0d411   faiss     4378.66%   73.25GiB / 96GiB    76.30%    0B / 0B   51.6GB / 4.1kB   114
2025-02-15 23:49:51.910719
CONTAINER ID   NAME      CPU %      MEM USAGE / LIMIT   MEM %     NET I/O   BLOCK I/O        PIDS
2f54c8c0d411   faiss     4037.51%   73.25GiB / 96GiB    76.30%    0B / 0B   51.6GB / 4.1kB   114
2025-02-15 23:49:53.912083
CONTAINER ID   NAME      CPU %      MEM USAGE / LIMIT   MEM %     NET I/O   BLOCK I/O        PIDS
2f54c8c0d411   faiss     4447.15%   73.25GiB / 96GiB    76.30%    0B / 0B   51.6GB / 4.1kB   114
2025-02-15 23:49:55.921496
CONTAINER ID   NAME      CPU %      MEM USAGE / LIMIT   MEM %     NET I/O   BLOCK I/O        PIDS
2f54c8c0d411   faiss     4396.84%   73.25GiB / 96GiB    76.30%    0B / 0B   51.6GB / 4.1kB   114
2025-02-15 23:49:57.927146
CONTAINER ID   NAME      CPU %      MEM USAGE / LIMIT   MEM %     NET I/O   BLOCK I/O        PIDS
2f54c8c0d411   faiss     4315.74%   73.25GiB / 96GiB    76.30%    0B / 0B   51.6GB / 4.1kB   114
2025-02-15 23:49:59.942064
CONTAINER ID   NAME      CPU %      MEM USAGE / LIMIT   MEM %     NET I/O   BLOCK I/O        PIDS
2f54c8c0d411   faiss     4349.72%   73.25GiB / 96GiB    76.30%    0B / 0B   51.6GB / 4.1kB   114
2025-02-15 23:50:01.946631
CONTAINER ID   NAME      CPU %      MEM USAGE / LIMIT   MEM %     NET I/O   BLOCK I/O        PIDS
2f54c8c0d411   faiss     4071.36%   73.25GiB / 96GiB    76.30%    0B / 0B   51.6GB / 4.1kB   114
2025-02-15 23:50:03.952147
CONTAINER ID   NAME      CPU %      MEM USAGE / LIMIT   MEM %     NET I/O   BLOCK I/O        PIDS
2f54c8c0d411   faiss     4413.45%   73.25GiB / 96GiB    76.30%    0B / 0B   51.6GB / 4.1kB   114
2025-02-15 23:50:05.961986
CONTAINER ID   NAME      CPU %      MEM USAGE / LIMIT   MEM %     NET I/O   BLOCK I/O        PIDS
2f54c8c0d411   faiss     4502.16%   73.25GiB / 96GiB    76.30%    0B / 0B   51.6GB / 4.1kB   114
2025-02-15 23:50:07.975634
CONTAINER ID   NAME      CPU %      MEM USAGE / LIMIT   MEM %     NET I/O   BLOCK I/O        PIDS
2f54c8c0d411   faiss     4278.80%   73.25GiB / 96GiB    76.30%    0B / 0B   51.6GB / 4.1kB   114
2025-02-15 23:50:09.989384
CONTAINER ID   NAME      CPU %      MEM USAGE / LIMIT   MEM %     NET I/O   BLOCK I/O        PIDS
2f54c8c0d411   faiss     4217.78%   73.25GiB / 96GiB    76.30%    0B / 0B   51.6GB / 4.1kB   114
2025-02-15 23:50:12.008519
CONTAINER ID   NAME      CPU %      MEM USAGE / LIMIT   MEM %     NET I/O   BLOCK I/O        PIDS
2f54c8c0d411   faiss     4154.06%   73.25GiB / 96GiB    76.30%    0B / 0B   51.6GB / 4.1kB   114
2025-02-15 23:50:14.018401
CONTAINER ID   NAME      CPU %      MEM USAGE / LIMIT   MEM %     NET I/O   BLOCK I/O        PIDS
2f54c8c0d411   faiss     4044.37%   73.25GiB / 96GiB    76.30%    0B / 0B   51.6GB / 4.1kB   114
2025-02-15 23:50:16.023948
CONTAINER ID   NAME      CPU %      MEM USAGE / LIMIT   MEM %     NET I/O   BLOCK I/O        PIDS
2f54c8c0d411   faiss     4260.56%   73.25GiB / 96GiB    76.30%    0B / 0B   51.6GB / 4.1kB   114
2025-02-15 23:50:18.030821
CONTAINER ID   NAME      CPU %      MEM USAGE / LIMIT   MEM %     NET I/O   BLOCK I/O        PIDS
2f54c8c0d411   faiss     4171.39%   73.25GiB / 96GiB    76.30%    0B / 0B   51.6GB / 4.1kB   114
2025-02-15 23:50:20.043326
CONTAINER ID   NAME      CPU %      MEM USAGE / LIMIT   MEM %     NET I/O   BLOCK I/O        PIDS
2f54c8c0d411   faiss     4097.61%   73.25GiB / 96GiB    76.30%    0B / 0B   51.6GB / 4.1kB   114
2025-02-15 23:50:22.055307
CONTAINER ID   NAME      CPU %      MEM USAGE / LIMIT   MEM %     NET I/O   BLOCK I/O        PIDS
2f54c8c0d411   faiss     4443.47%   73.25GiB / 96GiB    76.30%    0B / 0B   51.6GB / 4.1kB   114
2025-02-15 23:50:24.069016
CONTAINER ID   NAME      CPU %      MEM USAGE / LIMIT   MEM %     NET I/O   BLOCK I/O        PIDS
2f54c8c0d411   faiss     4189.49%   73.25GiB / 96GiB    76.30%    0B / 0B   51.6GB / 4.1kB   114
2025-02-15 23:50:26.085326
CONTAINER ID   NAME      CPU %      MEM USAGE / LIMIT   MEM %     NET I/O   BLOCK I/O        PIDS
2f54c8c0d411   faiss     4262.82%   73.25GiB / 96GiB    76.30%    0B / 0B   51.6GB / 4.1kB   114
2025-02-15 23:50:28.095553
CONTAINER ID   NAME      CPU %      MEM USAGE / LIMIT   MEM %     NET I/O   BLOCK I/O        PIDS
2f54c8c0d411   faiss     4024.63%   73.25GiB / 96GiB    76.30%    0B / 0B   51.6GB / 4.1kB   114
2025-02-15 23:50:30.099705
CONTAINER ID   NAME      CPU %      MEM USAGE / LIMIT   MEM %     NET I/O   BLOCK I/O        PIDS
2f54c8c0d411   faiss     4024.28%   73.25GiB / 96GiB    76.30%    0B / 0B   51.6GB / 4.1kB   114
2025-02-15 23:50:32.110495
CONTAINER ID   NAME      CPU %      MEM USAGE / LIMIT   MEM %     NET I/O   BLOCK I/O        PIDS
2f54c8c0d411   faiss     4015.44%   73.25GiB / 96GiB    76.30%    0B / 0B   51.6GB / 4.1kB   114
2025-02-15 23:50:34.115714
CONTAINER ID   NAME      CPU %      MEM USAGE / LIMIT   MEM %     NET I/O   BLOCK I/O        PIDS
2f54c8c0d411   faiss     4402.45%   73.25GiB / 96GiB    76.30%    0B / 0B   51.6GB / 4.1kB   114
2025-02-15 23:50:36.121264
CONTAINER ID   NAME      CPU %      MEM USAGE / LIMIT   MEM %     NET I/O   BLOCK I/O        PIDS
2f54c8c0d411   faiss     4332.88%   73.25GiB / 96GiB    76.30%    0B / 0B   51.6GB / 4.1kB   114
2025-02-15 23:50:38.128335
CONTAINER ID   NAME      CPU %      MEM USAGE / LIMIT   MEM %     NET I/O   BLOCK I/O        PIDS
2f54c8c0d411   faiss     4278.02%   73.25GiB / 96GiB    76.30%    0B / 0B   51.6GB / 4.1kB   114
2025-02-15 23:50:40.134612
CONTAINER ID   NAME      CPU %      MEM USAGE / LIMIT   MEM %     NET I/O   BLOCK I/O        PIDS
2f54c8c0d411   faiss     4295.54%   73.25GiB / 96GiB    76.30%    0B / 0B   51.6GB / 4.1kB   114
2025-02-15 23:50:42.139438
CONTAINER ID   NAME      CPU %      MEM USAGE / LIMIT   MEM %     NET I/O   BLOCK I/O        PIDS
2f54c8c0d411   faiss     4203.91%   73.25GiB / 96GiB    76.30%    0B / 0B   51.6GB / 4.1kB   114
2025-02-15 23:50:44.149219
CONTAINER ID   NAME      CPU %      MEM USAGE / LIMIT   MEM %     NET I/O   BLOCK I/O        PIDS
2f54c8c0d411   faiss     4331.50%   73.25GiB / 96GiB    76.30%    0B / 0B   51.6GB / 4.1kB   114
2025-02-15 23:50:46.163293
CONTAINER ID   NAME      CPU %      MEM USAGE / LIMIT   MEM %     NET I/O   BLOCK I/O        PIDS
2f54c8c0d411   faiss     4461.45%   73.25GiB / 96GiB    76.30%    0B / 0B   51.6GB / 4.1kB   114
2025-02-15 23:50:48.176426
CONTAINER ID   NAME      CPU %      MEM USAGE / LIMIT   MEM %     NET I/O   BLOCK I/O        PIDS
2f54c8c0d411   faiss     4268.72%   73.25GiB / 96GiB    76.30%    0B / 0B   51.6GB / 4.1kB   114
2025-02-15 23:50:50.196564
CONTAINER ID   NAME      CPU %      MEM USAGE / LIMIT   MEM %     NET I/O   BLOCK I/O        PIDS
2f54c8c0d411   faiss     4197.38%   73.25GiB / 96GiB    76.30%    0B / 0B   51.6GB / 4.1kB   114
2025-02-15 23:50:52.210005
CONTAINER ID   NAME      CPU %      MEM USAGE / LIMIT   MEM %     NET I/O   BLOCK I/O        PIDS
2f54c8c0d411   faiss     4252.04%   73.25GiB / 96GiB    76.30%    0B / 0B   51.6GB / 4.1kB   114
2025-02-15 23:50:54.214388
CONTAINER ID   NAME      CPU %      MEM USAGE / LIMIT   MEM %     NET I/O   BLOCK I/O        PIDS
2f54c8c0d411   faiss     4253.22%   73.25GiB / 96GiB    76.30%    0B / 0B   51.6GB / 4.1kB   114
2025-02-15 23:50:56.223644
CONTAINER ID   NAME      CPU %      MEM USAGE / LIMIT   MEM %     NET I/O   BLOCK I/O        PIDS
2f54c8c0d411   faiss     4325.69%   73.25GiB / 96GiB    76.30%    0B / 0B   51.6GB / 4.1kB   114
2025-02-15 23:50:58.228465
CONTAINER ID   NAME      CPU %      MEM USAGE / LIMIT   MEM %     NET I/O   BLOCK I/O        PIDS
2f54c8c0d411   faiss     4430.42%   73.25GiB / 96GiB    76.30%    0B / 0B   51.6GB / 4.1kB   114
2025-02-15 23:51:00.233797
CONTAINER ID   NAME      CPU %      MEM USAGE / LIMIT   MEM %     NET I/O   BLOCK I/O        PIDS
2f54c8c0d411   faiss     4404.22%   73.25GiB / 96GiB    76.30%    0B / 0B   51.6GB / 4.1kB   114
2025-02-15 23:51:02.239143
CONTAINER ID   NAME      CPU %      MEM USAGE / LIMIT   MEM %     NET I/O   BLOCK I/O        PIDS
2f54c8c0d411   faiss     4085.89%   73.25GiB / 96GiB    76.30%    0B / 0B   51.6GB / 4.1kB   114
2025-02-15 23:51:04.246192
CONTAINER ID   NAME      CPU %     MEM USAGE / LIMIT   MEM %     NET I/O   BLOCK I/O        PIDS
2f54c8c0d411   faiss     99.83%    45.88GiB / 96GiB    47.80%    0B / 0B   51.6GB / 4.1kB   114
2025-02-15 23:51:06.251859
CONTAINER ID   NAME      CPU %     MEM USAGE / LIMIT   MEM %     NET I/O   BLOCK I/O        PIDS
2f54c8c0d411   faiss     100.19%   9.144GiB / 96GiB    9.52%     0B / 0B   51.6GB / 4.1kB   114
2025-02-15 23:51:08.258141
CONTAINER ID   NAME      CPU %     MEM USAGE / LIMIT   MEM %     NET I/O   BLOCK I/O   PIDS
