2025-02-17 10:33:35.692946
CONTAINER ID   NAME      CPU %     MEM USAGE / LIMIT   MEM %     NET I/O   BLOCK I/O   PIDS
2025-02-17 10:33:36.315667
CONTAINER ID   NAME      CPU %     MEM USAGE / LIMIT   MEM %     NET I/O   BLOCK I/O   PIDS
2025-02-17 10:33:36.933472
CONTAINER ID   NAME      CPU %     MEM USAGE / LIMIT   MEM %     NET I/O   BLOCK I/O   PIDS
2025-02-17 10:33:37.554431
CONTAINER ID   NAME      CPU %     MEM USAGE / LIMIT   MEM %     NET I/O   BLOCK I/O   PIDS
2025-02-17 10:33:38.175038
CONTAINER ID   NAME      CPU %     MEM USAGE / LIMIT   MEM %     NET I/O   BLOCK I/O   PIDS
2025-02-17 10:33:38.793954
CONTAINER ID   NAME      CPU %     MEM USAGE / LIMIT   MEM %     NET I/O   BLOCK I/O   PIDS
2025-02-17 10:33:39.411082
CONTAINER ID   NAME      CPU %     MEM USAGE / LIMIT   MEM %     NET I/O   BLOCK I/O   PIDS
2025-02-17 10:33:40.030403
CONTAINER ID   NAME      CPU %     MEM USAGE / LIMIT   MEM %     NET I/O   BLOCK I/O   PIDS
2025-02-17 10:33:40.650315
CONTAINER ID   NAME      CPU %     MEM USAGE / LIMIT   MEM %     NET I/O   BLOCK I/O   PIDS
2025-02-17 10:33:41.268484
CONTAINER ID   NAME      CPU %     MEM USAGE / LIMIT   MEM %     NET I/O   BLOCK I/O   PIDS
2025-02-17 10:33:41.889427
CONTAINER ID   NAME      CPU %     MEM USAGE / LIMIT   MEM %     NET I/O   BLOCK I/O   PIDS
2025-02-17 10:33:42.506253
CONTAINER ID   NAME      CPU %     MEM USAGE / LIMIT   MEM %     NET I/O   BLOCK I/O   PIDS
2025-02-17 10:33:43.123653
CONTAINER ID   NAME      CPU %     MEM USAGE / LIMIT   MEM %     NET I/O   BLOCK I/O   PIDS
2025-02-17 10:33:43.740738
CONTAINER ID   NAME      CPU %     MEM USAGE / LIMIT   MEM %     NET I/O   BLOCK I/O   PIDS
2025-02-17 10:33:44.361407
CONTAINER ID   NAME      CPU %     MEM USAGE / LIMIT   MEM %     NET I/O   BLOCK I/O   PIDS
2025-02-17 10:33:44.979848
CONTAINER ID   NAME      CPU %     MEM USAGE / LIMIT   MEM %     NET I/O   BLOCK I/O   PIDS
2025-02-17 10:33:45.599452
CONTAINER ID   NAME      CPU %     MEM USAGE / LIMIT   MEM %     NET I/O   BLOCK I/O   PIDS
2025-02-17 10:33:46.216581
CONTAINER ID   NAME      CPU %     MEM USAGE / LIMIT   MEM %     NET I/O   BLOCK I/O   PIDS
2025-02-17 10:33:46.837187
CONTAINER ID   NAME      CPU %     MEM USAGE / LIMIT   MEM %     NET I/O   BLOCK I/O   PIDS
2025-02-17 10:33:47.457324
CONTAINER ID   NAME      CPU %     MEM USAGE / LIMIT   MEM %     NET I/O   BLOCK I/O   PIDS
2025-02-17 10:33:48.076235
CONTAINER ID   NAME      CPU %     MEM USAGE / LIMIT   MEM %     NET I/O   BLOCK I/O   PIDS
2025-02-17 10:33:48.695344
CONTAINER ID   NAME      CPU %     MEM USAGE / LIMIT   MEM %     NET I/O   BLOCK I/O   PIDS
2025-02-17 10:33:49.312531
CONTAINER ID   NAME      CPU %     MEM USAGE / LIMIT   MEM %     NET I/O   BLOCK I/O   PIDS
2025-02-17 10:33:49.933231
CONTAINER ID   NAME      CPU %     MEM USAGE / LIMIT   MEM %     NET I/O   BLOCK I/O   PIDS
2025-02-17 10:33:50.550624
CONTAINER ID   NAME      CPU %     MEM USAGE / LIMIT   MEM %     NET I/O   BLOCK I/O   PIDS
2025-02-17 10:33:51.168078
CONTAINER ID   NAME      CPU %     MEM USAGE / LIMIT   MEM %     NET I/O   BLOCK I/O   PIDS
2025-02-17 10:33:51.785712
CONTAINER ID   NAME      CPU %     MEM USAGE / LIMIT   MEM %     NET I/O   BLOCK I/O   PIDS
2025-02-17 10:33:52.402552
CONTAINER ID   NAME      CPU %     MEM USAGE / LIMIT   MEM %     NET I/O   BLOCK I/O   PIDS
2025-02-17 10:33:53.019963
CONTAINER ID   NAME      CPU %     MEM USAGE / LIMIT   MEM %     NET I/O   BLOCK I/O   PIDS
2025-02-17 10:33:53.635959
CONTAINER ID   NAME      CPU %     MEM USAGE / LIMIT   MEM %     NET I/O   BLOCK I/O   PIDS
2025-02-17 10:33:54.255045
CONTAINER ID   NAME      CPU %     MEM USAGE / LIMIT   MEM %     NET I/O   BLOCK I/O   PIDS
2025-02-17 10:33:54.872562
CONTAINER ID   NAME      CPU %     MEM USAGE / LIMIT   MEM %     NET I/O   BLOCK I/O   PIDS
2025-02-17 10:33:55.490928
CONTAINER ID   NAME      CPU %     MEM USAGE / LIMIT   MEM %     NET I/O   BLOCK I/O   PIDS
               --        0.00%     0B / 0B             0.00%     0B / 0B   0B / 0B     0
               --        0.00%     0B / 0B             0.00%     0B / 0B   0B / 0B     0
2025-02-17 10:33:56.109685
CONTAINER ID   NAME                      CPU %     MEM USAGE / LIMIT   MEM %     NET I/O   BLOCK I/O         PIDS
6abaff545ca3   pbbs_breadthFirstSearch   260.61%   28.16MiB / 96GiB    0.03%     0B / 0B   937MB / 0B        52
2f51b57cac2e   spark                     324.25%   279.6MiB / 96GiB    0.28%     0B / 0B   8.19kB / 32.8kB   61
2025-02-17 10:33:58.441658
CONTAINER ID   NAME                      CPU %     MEM USAGE / LIMIT   MEM %     NET I/O   BLOCK I/O         PIDS
6abaff545ca3   pbbs_breadthFirstSearch   255.13%   41.14MiB / 96GiB    0.04%     0B / 0B   1.92GB / 0B       52
2f51b57cac2e   spark                     278.94%   445.6MiB / 96GiB    0.45%     0B / 0B   28.7kB / 32.8kB   117
2025-02-17 10:34:00.456232
CONTAINER ID   NAME                      CPU %     MEM USAGE / LIMIT   MEM %     NET I/O   BLOCK I/O         PIDS
6abaff545ca3   pbbs_breadthFirstSearch   258.09%   53.46MiB / 96GiB    0.05%     0B / 0B   2.9GB / 0B        52
2f51b57cac2e   spark                     244.07%   621.6MiB / 96GiB    0.63%     0B / 0B   28.7kB / 32.8kB   117
2025-02-17 10:34:02.472548
CONTAINER ID   NAME                      CPU %     MEM USAGE / LIMIT   MEM %     NET I/O   BLOCK I/O         PIDS
6abaff545ca3   pbbs_breadthFirstSearch   243.27%   64.1MiB / 96GiB     0.07%     0B / 0B   3.86GB / 0B       52
2f51b57cac2e   spark                     428.76%   906MiB / 96GiB      0.92%     0B / 0B   28.7kB / 32.8kB   117
2025-02-17 10:34:04.484506
CONTAINER ID   NAME                      CPU %     MEM USAGE / LIMIT   MEM %     NET I/O   BLOCK I/O         PIDS
6abaff545ca3   pbbs_breadthFirstSearch   256.14%   76.17MiB / 96GiB    0.08%     0B / 0B   4.86GB / 0B       52
2f51b57cac2e   spark                     508.05%   993.3MiB / 96GiB    1.01%     0B / 0B   77.8kB / 32.8kB   126
2025-02-17 10:34:06.498878
CONTAINER ID   NAME                      CPU %     MEM USAGE / LIMIT   MEM %     NET I/O   BLOCK I/O         PIDS
6abaff545ca3   pbbs_breadthFirstSearch   249.24%   87.14MiB / 96GiB    0.09%     0B / 0B   5.87GB / 0B       52
2f51b57cac2e   spark                     871.02%   2.342GiB / 96GiB    2.44%     0B / 0B   90.1kB / 32.8kB   131
2025-02-17 10:34:08.512383
CONTAINER ID   NAME                      CPU %     MEM USAGE / LIMIT   MEM %     NET I/O   BLOCK I/O        PIDS
6abaff545ca3   pbbs_breadthFirstSearch   256.80%   98.78MiB / 96GiB    0.10%     0B / 0B   6.87GB / 0B      52
2f51b57cac2e   spark                     872.45%   2.406GiB / 96GiB    2.51%     0B / 0B   152kB / 32.8kB   134
2025-02-17 10:34:10.526167
CONTAINER ID   NAME                      CPU %     MEM USAGE / LIMIT   MEM %     NET I/O   BLOCK I/O        PIDS
6abaff545ca3   pbbs_breadthFirstSearch   245.94%   109.9MiB / 96GiB    0.11%     0B / 0B   7.87GB / 0B      52
2f51b57cac2e   spark                     836.58%   2.436GiB / 96GiB    2.54%     0B / 0B   193kB / 32.8kB   134
2025-02-17 10:34:12.538716
CONTAINER ID   NAME                      CPU %     MEM USAGE / LIMIT   MEM %     NET I/O   BLOCK I/O        PIDS
6abaff545ca3   pbbs_breadthFirstSearch   238.88%   122.6MiB / 96GiB    0.12%     0B / 0B   8.85GB / 0B      52
2f51b57cac2e   spark                     828.10%   2.443GiB / 96GiB    2.54%     0B / 0B   217kB / 32.8kB   134
2025-02-17 10:34:14.552925
CONTAINER ID   NAME                      CPU %     MEM USAGE / LIMIT   MEM %     NET I/O   BLOCK I/O        PIDS
6abaff545ca3   pbbs_breadthFirstSearch   247.10%   133.4MiB / 96GiB    0.14%     0B / 0B   9.85GB / 0B      52
2f51b57cac2e   spark                     834.17%   2.45GiB / 96GiB     2.55%     0B / 0B   229kB / 32.8kB   135
2025-02-17 10:34:16.564144
CONTAINER ID   NAME                      CPU %     MEM USAGE / LIMIT   MEM %     NET I/O   BLOCK I/O        PIDS
6abaff545ca3   pbbs_breadthFirstSearch   263.30%   146.2MiB / 96GiB    0.15%     0B / 0B   10.8GB / 0B      52
2f51b57cac2e   spark                     867.89%   2.47GiB / 96GiB     2.57%     0B / 0B   246kB / 32.8kB   135
2025-02-17 10:34:18.577416
CONTAINER ID   NAME                      CPU %     MEM USAGE / LIMIT   MEM %     NET I/O   BLOCK I/O        PIDS
6abaff545ca3   pbbs_breadthFirstSearch   261.26%   158.3MiB / 96GiB    0.16%     0B / 0B   11.9GB / 0B      52
2f51b57cac2e   spark                     842.85%   2.472GiB / 96GiB    2.58%     0B / 0B   250kB / 32.8kB   135
2025-02-17 10:34:20.591162
CONTAINER ID   NAME                      CPU %     MEM USAGE / LIMIT   MEM %     NET I/O   BLOCK I/O        PIDS
6abaff545ca3   pbbs_breadthFirstSearch   258.84%   169MiB / 96GiB      0.17%     0B / 0B   12.9GB / 0B      52
2f51b57cac2e   spark                     878.43%   2.479GiB / 96GiB    2.58%     0B / 0B   250kB / 32.8kB   135
2025-02-17 10:34:22.603243
CONTAINER ID   NAME                      CPU %     MEM USAGE / LIMIT   MEM %     NET I/O   BLOCK I/O        PIDS
6abaff545ca3   pbbs_breadthFirstSearch   243.41%   180.5MiB / 96GiB    0.18%     0B / 0B   13.8GB / 0B      52
2f51b57cac2e   spark                     837.58%   2.479GiB / 96GiB    2.58%     0B / 0B   258kB / 32.8kB   135
2025-02-17 10:34:24.616521
CONTAINER ID   NAME                      CPU %     MEM USAGE / LIMIT   MEM %     NET I/O   BLOCK I/O        PIDS
6abaff545ca3   pbbs_breadthFirstSearch   253.77%   192.6MiB / 96GiB    0.20%     0B / 0B   14.8GB / 0B      52
2f51b57cac2e   spark                     841.05%   2.482GiB / 96GiB    2.59%     0B / 0B   270kB / 32.8kB   135
2025-02-17 10:34:26.629977
CONTAINER ID   NAME                      CPU %     MEM USAGE / LIMIT   MEM %     NET I/O   BLOCK I/O        PIDS
6abaff545ca3   pbbs_breadthFirstSearch   248.61%   204.5MiB / 96GiB    0.21%     0B / 0B   15.8GB / 0B      52
2f51b57cac2e   spark                     816.13%   2.47GiB / 96GiB     2.57%     0B / 0B   283kB / 32.8kB   135
2025-02-17 10:34:28.641610
CONTAINER ID   NAME                      CPU %     MEM USAGE / LIMIT   MEM %     NET I/O   BLOCK I/O        PIDS
6abaff545ca3   pbbs_breadthFirstSearch   247.55%   216.3MiB / 96GiB    0.22%     0B / 0B   16.8GB / 0B      52
2f51b57cac2e   spark                     825.00%   2.471GiB / 96GiB    2.57%     0B / 0B   287kB / 32.8kB   135
2025-02-17 10:34:30.656333
CONTAINER ID   NAME                      CPU %     MEM USAGE / LIMIT   MEM %     NET I/O   BLOCK I/O        PIDS
6abaff545ca3   pbbs_breadthFirstSearch   242.91%   227.9MiB / 96GiB    0.23%     0B / 0B   17.8GB / 0B      52
2f51b57cac2e   spark                     814.59%   2.465GiB / 96GiB    2.57%     0B / 0B   287kB / 32.8kB   135
2025-02-17 10:34:32.669419
CONTAINER ID   NAME                      CPU %     MEM USAGE / LIMIT   MEM %     NET I/O   BLOCK I/O        PIDS
6abaff545ca3   pbbs_breadthFirstSearch   249.28%   239.4MiB / 96GiB    0.24%     0B / 0B   18.8GB / 0B      52
2f51b57cac2e   spark                     827.79%   2.466GiB / 96GiB    2.57%     0B / 0B   287kB / 32.8kB   135
2025-02-17 10:34:34.684140
CONTAINER ID   NAME                      CPU %     MEM USAGE / LIMIT   MEM %     NET I/O   BLOCK I/O        PIDS
6abaff545ca3   pbbs_breadthFirstSearch   252.36%   251MiB / 96GiB      0.26%     0B / 0B   19.8GB / 0B      52
2f51b57cac2e   spark                     836.89%   2.467GiB / 96GiB    2.57%     0B / 0B   287kB / 32.8kB   135
2025-02-17 10:34:36.698861
CONTAINER ID   NAME                      CPU %     MEM USAGE / LIMIT   MEM %     NET I/O   BLOCK I/O        PIDS
6abaff545ca3   pbbs_breadthFirstSearch   249.55%   263MiB / 96GiB      0.27%     0B / 0B   20.8GB / 0B      52
2f51b57cac2e   spark                     830.12%   2.469GiB / 96GiB    2.57%     0B / 0B   287kB / 32.8kB   135
2025-02-17 10:34:38.711672
CONTAINER ID   NAME                      CPU %     MEM USAGE / LIMIT   MEM %     NET I/O   BLOCK I/O        PIDS
6abaff545ca3   pbbs_breadthFirstSearch   261.49%   273.4MiB / 96GiB    0.28%     0B / 0B   21.8GB / 0B      52
2f51b57cac2e   spark                     820.37%   2.47GiB / 96GiB     2.57%     0B / 0B   291kB / 32.8kB   135
2025-02-17 10:34:40.726900
CONTAINER ID   NAME                      CPU %     MEM USAGE / LIMIT   MEM %     NET I/O   BLOCK I/O        PIDS
6abaff545ca3   pbbs_breadthFirstSearch   264.31%   285.9MiB / 96GiB    0.29%     0B / 0B   22.8GB / 0B      52
2f51b57cac2e   spark                     830.81%   2.47GiB / 96GiB     2.57%     0B / 0B   291kB / 32.8kB   135
2025-02-17 10:34:42.740282
CONTAINER ID   NAME                      CPU %     MEM USAGE / LIMIT   MEM %     NET I/O   BLOCK I/O        PIDS
6abaff545ca3   pbbs_breadthFirstSearch   252.98%   297.1MiB / 96GiB    0.30%     0B / 0B   23.7GB / 0B      52
2f51b57cac2e   spark                     824.20%   2.47GiB / 96GiB     2.57%     0B / 0B   291kB / 32.8kB   135
2025-02-17 10:34:44.752622
CONTAINER ID   NAME                      CPU %     MEM USAGE / LIMIT   MEM %     NET I/O   BLOCK I/O        PIDS
6abaff545ca3   pbbs_breadthFirstSearch   251.12%   309MiB / 96GiB      0.31%     0B / 0B   24.7GB / 0B      52
2f51b57cac2e   spark                     832.20%   2.471GiB / 96GiB    2.57%     0B / 0B   291kB / 32.8kB   135
2025-02-17 10:34:46.765553
CONTAINER ID   NAME                      CPU %     MEM USAGE / LIMIT   MEM %     NET I/O   BLOCK I/O        PIDS
6abaff545ca3   pbbs_breadthFirstSearch   252.61%   320.7MiB / 96GiB    0.33%     0B / 0B   25.7GB / 0B      52
2f51b57cac2e   spark                     836.41%   2.472GiB / 96GiB    2.57%     0B / 0B   291kB / 32.8kB   135
2025-02-17 10:34:48.780051
CONTAINER ID   NAME                      CPU %     MEM USAGE / LIMIT   MEM %     NET I/O   BLOCK I/O        PIDS
6abaff545ca3   pbbs_breadthFirstSearch   246.73%   331.4MiB / 96GiB    0.34%     0B / 0B   26.7GB / 0B      52
2f51b57cac2e   spark                     868.30%   2.473GiB / 96GiB    2.58%     0B / 0B   291kB / 32.8kB   135
2025-02-17 10:34:50.794340
CONTAINER ID   NAME                      CPU %     MEM USAGE / LIMIT   MEM %     NET I/O   BLOCK I/O        PIDS
6abaff545ca3   pbbs_breadthFirstSearch   246.57%   343.8MiB / 96GiB    0.35%     0B / 0B   27.7GB / 0B      52
2f51b57cac2e   spark                     832.23%   2.473GiB / 96GiB    2.58%     0B / 0B   291kB / 32.8kB   135
2025-02-17 10:34:52.806662
CONTAINER ID   NAME                      CPU %     MEM USAGE / LIMIT   MEM %     NET I/O   BLOCK I/O        PIDS
6abaff545ca3   pbbs_breadthFirstSearch   254.91%   354.5MiB / 96GiB    0.36%     0B / 0B   28.7GB / 0B      52
2f51b57cac2e   spark                     834.62%   2.475GiB / 96GiB    2.58%     0B / 0B   291kB / 32.8kB   135
2025-02-17 10:34:54.820563
CONTAINER ID   NAME                      CPU %     MEM USAGE / LIMIT   MEM %     NET I/O   BLOCK I/O        PIDS
6abaff545ca3   pbbs_breadthFirstSearch   250.01%   366.6MiB / 96GiB    0.37%     0B / 0B   29.7GB / 0B      52
2f51b57cac2e   spark                     825.96%   2.477GiB / 96GiB    2.58%     0B / 0B   291kB / 32.8kB   135
2025-02-17 10:34:56.832764
CONTAINER ID   NAME                      CPU %     MEM USAGE / LIMIT   MEM %     NET I/O   BLOCK I/O        PIDS
6abaff545ca3   pbbs_breadthFirstSearch   257.21%   378.2MiB / 96GiB    0.38%     0B / 0B   30.7GB / 0B      52
2f51b57cac2e   spark                     835.26%   2.477GiB / 96GiB    2.58%     0B / 0B   291kB / 32.8kB   135
2025-02-17 10:34:58.844183
CONTAINER ID   NAME                      CPU %     MEM USAGE / LIMIT   MEM %     NET I/O   BLOCK I/O        PIDS
6abaff545ca3   pbbs_breadthFirstSearch   250.74%   389.2MiB / 96GiB    0.40%     0B / 0B   31.7GB / 0B      52
2f51b57cac2e   spark                     824.84%   2.479GiB / 96GiB    2.58%     0B / 0B   291kB / 32.8kB   135
2025-02-17 10:35:00.858698
CONTAINER ID   NAME                      CPU %     MEM USAGE / LIMIT   MEM %     NET I/O   BLOCK I/O        PIDS
6abaff545ca3   pbbs_breadthFirstSearch   251.37%   402MiB / 96GiB      0.41%     0B / 0B   32.7GB / 0B      52
2f51b57cac2e   spark                     852.30%   2.491GiB / 96GiB    2.59%     0B / 0B   291kB / 32.8kB   135
2025-02-17 10:35:02.872549
CONTAINER ID   NAME                      CPU %     MEM USAGE / LIMIT   MEM %     NET I/O   BLOCK I/O        PIDS
6abaff545ca3   pbbs_breadthFirstSearch   253.12%   412.8MiB / 96GiB    0.42%     0B / 0B   33.6GB / 0B      52
2f51b57cac2e   spark                     843.70%   2.495GiB / 96GiB    2.60%     0B / 0B   291kB / 32.8kB   135
2025-02-17 10:35:04.886159
CONTAINER ID   NAME                      CPU %     MEM USAGE / LIMIT   MEM %     NET I/O   BLOCK I/O        PIDS
6abaff545ca3   pbbs_breadthFirstSearch   252.20%   424MiB / 96GiB      0.43%     0B / 0B   34.6GB / 0B      52
2f51b57cac2e   spark                     825.27%   2.496GiB / 96GiB    2.60%     0B / 0B   291kB / 32.8kB   130
2025-02-17 10:35:06.900332
CONTAINER ID   NAME                      CPU %     MEM USAGE / LIMIT   MEM %     NET I/O   BLOCK I/O        PIDS
6abaff545ca3   pbbs_breadthFirstSearch   250.40%   436.6MiB / 96GiB    0.44%     0B / 0B   35.6GB / 0B      52
2f51b57cac2e   spark                     816.90%   2.5GiB / 96GiB      2.60%     0B / 0B   291kB / 32.8kB   130
2025-02-17 10:35:08.913085
CONTAINER ID   NAME                      CPU %     MEM USAGE / LIMIT   MEM %     NET I/O   BLOCK I/O        PIDS
6abaff545ca3   pbbs_breadthFirstSearch   262.70%   447.8MiB / 96GiB    0.46%     0B / 0B   36.6GB / 0B      52
2f51b57cac2e   spark                     831.34%   2.5GiB / 96GiB      2.60%     0B / 0B   291kB / 32.8kB   130
2025-02-17 10:35:10.927462
CONTAINER ID   NAME                      CPU %     MEM USAGE / LIMIT   MEM %     NET I/O   BLOCK I/O        PIDS
6abaff545ca3   pbbs_breadthFirstSearch   248.31%   458.8MiB / 96GiB    0.47%     0B / 0B   37.6GB / 0B      52
2f51b57cac2e   spark                     823.09%   2.5GiB / 96GiB      2.60%     0B / 0B   291kB / 32.8kB   130
2025-02-17 10:35:12.942373
CONTAINER ID   NAME                      CPU %     MEM USAGE / LIMIT   MEM %     NET I/O   BLOCK I/O        PIDS
6abaff545ca3   pbbs_breadthFirstSearch   255.50%   471.4MiB / 96GiB    0.48%     0B / 0B   38.6GB / 0B      52
2f51b57cac2e   spark                     809.47%   2.502GiB / 96GiB    2.61%     0B / 0B   291kB / 32.8kB   130
2025-02-17 10:35:14.955011
CONTAINER ID   NAME                      CPU %     MEM USAGE / LIMIT   MEM %     NET I/O   BLOCK I/O        PIDS
6abaff545ca3   pbbs_breadthFirstSearch   259.43%   483.9MiB / 96GiB    0.49%     0B / 0B   39.6GB / 0B      52
2f51b57cac2e   spark                     114.65%   2.505GiB / 96GiB    2.61%     0B / 0B   291kB / 32.8kB   130
2025-02-17 10:35:16.970657
CONTAINER ID   NAME                      CPU %     MEM USAGE / LIMIT   MEM %     NET I/O   BLOCK I/O        PIDS
6abaff545ca3   pbbs_breadthFirstSearch   257.49%   495.5MiB / 96GiB    0.50%     0B / 0B   40.6GB / 0B      52
2f51b57cac2e   spark                     0.09%     2.504GiB / 96GiB    2.61%     0B / 0B   291kB / 32.8kB   130
2025-02-17 10:35:18.984235
CONTAINER ID   NAME                      CPU %     MEM USAGE / LIMIT   MEM %     NET I/O   BLOCK I/O        PIDS
6abaff545ca3   pbbs_breadthFirstSearch   257.26%   506.5MiB / 96GiB    0.52%     0B / 0B   41.6GB / 0B      52
2f51b57cac2e   spark                     0.10%     2.504GiB / 96GiB    2.61%     0B / 0B   291kB / 32.8kB   130
2025-02-17 10:35:20.995952
CONTAINER ID   NAME                      CPU %     MEM USAGE / LIMIT   MEM %     NET I/O   BLOCK I/O        PIDS
6abaff545ca3   pbbs_breadthFirstSearch   253.51%   518.2MiB / 96GiB    0.53%     0B / 0B   42.6GB / 0B      52
2f51b57cac2e   spark                     0.09%     2.503GiB / 96GiB    2.61%     0B / 0B   291kB / 32.8kB   130
2025-02-17 10:35:23.009430
CONTAINER ID   NAME                      CPU %     MEM USAGE / LIMIT   MEM %     NET I/O   BLOCK I/O        PIDS
6abaff545ca3   pbbs_breadthFirstSearch   252.19%   529.4MiB / 96GiB    0.54%     0B / 0B   43.5GB / 0B      52
2f51b57cac2e   spark                     0.09%     2.503GiB / 96GiB    2.61%     0B / 0B   291kB / 32.8kB   130
2025-02-17 10:35:25.020373
CONTAINER ID   NAME                      CPU %     MEM USAGE / LIMIT   MEM %     NET I/O   BLOCK I/O        PIDS
6abaff545ca3   pbbs_breadthFirstSearch   293.25%   540.7MiB / 96GiB    0.55%     0B / 0B   44.5GB / 0B      52
2f51b57cac2e   spark                     0.17%     2.503GiB / 96GiB    2.61%     0B / 0B   291kB / 32.8kB   130
2025-02-17 10:35:27.034698
CONTAINER ID   NAME                      CPU %      MEM USAGE / LIMIT   MEM %     NET I/O   BLOCK I/O        PIDS
6abaff545ca3   pbbs_breadthFirstSearch   4802.12%   18.15GiB / 96GiB    18.90%    0B / 0B   44.6GB / 0B      52
2f51b57cac2e   spark                     0.12%      2.503GiB / 96GiB    2.61%     0B / 0B   291kB / 32.8kB   130
2025-02-17 10:35:29.044542
CONTAINER ID   NAME                      CPU %      MEM USAGE / LIMIT   MEM %     NET I/O   BLOCK I/O        PIDS
6abaff545ca3   pbbs_breadthFirstSearch   4801.53%   38.49GiB / 96GiB    40.09%    0B / 0B   44.6GB / 0B      52
2f51b57cac2e   spark                     0.16%      2.503GiB / 96GiB    2.61%     0B / 0B   291kB / 32.8kB   130
2025-02-17 10:35:31.054959
CONTAINER ID   NAME                      CPU %      MEM USAGE / LIMIT   MEM %     NET I/O   BLOCK I/O        PIDS
6abaff545ca3   pbbs_breadthFirstSearch   4796.66%   52.21GiB / 96GiB    54.39%    0B / 0B   44.6GB / 0B      52
2f51b57cac2e   spark                     0.11%      2.503GiB / 96GiB    2.61%     0B / 0B   291kB / 32.8kB   130
2025-02-17 10:35:33.063273
CONTAINER ID   NAME                      CPU %      MEM USAGE / LIMIT   MEM %     NET I/O   BLOCK I/O        PIDS
6abaff545ca3   pbbs_breadthFirstSearch   4803.37%   54.44GiB / 96GiB    56.71%    0B / 0B   44.6GB / 0B      52
2f51b57cac2e   spark                     0.20%      2.503GiB / 96GiB    2.61%     0B / 0B   291kB / 32.8kB   130
2025-02-17 10:35:35.093994
CONTAINER ID   NAME                      CPU %      MEM USAGE / LIMIT   MEM %     NET I/O   BLOCK I/O        PIDS
6abaff545ca3   pbbs_breadthFirstSearch   4732.70%   55.12GiB / 96GiB    57.42%    0B / 0B   44.6GB / 0B      52
2f51b57cac2e   spark                     0.12%      2.503GiB / 96GiB    2.61%     0B / 0B   291kB / 32.8kB   130
2025-02-17 10:35:37.100194
CONTAINER ID   NAME                      CPU %      MEM USAGE / LIMIT   MEM %     NET I/O   BLOCK I/O        PIDS
6abaff545ca3   pbbs_breadthFirstSearch   2640.28%   58.93GiB / 96GiB    61.38%    0B / 0B   44.9GB / 0B      52
2f51b57cac2e   spark                     0.12%      2.503GiB / 96GiB    2.61%     0B / 0B   291kB / 32.8kB   130
2025-02-17 10:35:39.109594
CONTAINER ID   NAME                      CPU %      MEM USAGE / LIMIT   MEM %     NET I/O   BLOCK I/O        PIDS
6abaff545ca3   pbbs_breadthFirstSearch   3735.66%   61.67GiB / 96GiB    64.24%    0B / 0B   45.3GB / 0B      52
2f51b57cac2e   spark                     0.11%      2.503GiB / 96GiB    2.61%     0B / 0B   291kB / 32.8kB   130
2025-02-17 10:35:41.119846
CONTAINER ID   NAME                      CPU %      MEM USAGE / LIMIT   MEM %     NET I/O   BLOCK I/O        PIDS
6abaff545ca3   pbbs_breadthFirstSearch   4573.41%   66.69GiB / 96GiB    69.47%    0B / 0B   45.7GB / 0B      52
2f51b57cac2e   spark                     0.10%      2.503GiB / 96GiB    2.61%     0B / 0B   291kB / 32.8kB   130
2025-02-17 10:35:43.127465
CONTAINER ID   NAME                      CPU %      MEM USAGE / LIMIT   MEM %     NET I/O   BLOCK I/O        PIDS
6abaff545ca3   pbbs_breadthFirstSearch   4063.62%   76.47GiB / 96GiB    79.65%    0B / 0B   45.8GB / 0B      52
2f51b57cac2e   spark                     0.32%      2.503GiB / 96GiB    2.61%     0B / 0B   291kB / 32.8kB   130
2025-02-17 10:35:45.136601
CONTAINER ID   NAME                      CPU %      MEM USAGE / LIMIT   MEM %     NET I/O   BLOCK I/O        PIDS
6abaff545ca3   pbbs_breadthFirstSearch   4604.68%   82.72GiB / 96GiB    86.17%    0B / 0B   45.9GB / 0B      52
2f51b57cac2e   spark                     0.17%      2.503GiB / 96GiB    2.61%     0B / 0B   291kB / 32.8kB   130
2025-02-17 10:35:47.145070
CONTAINER ID   NAME                      CPU %      MEM USAGE / LIMIT   MEM %     NET I/O   BLOCK I/O        PIDS
6abaff545ca3   pbbs_breadthFirstSearch   4749.31%   88.99GiB / 96GiB    92.70%    0B / 0B   46GB / 0B        52
2f51b57cac2e   spark                     0.11%      2.503GiB / 96GiB    2.61%     0B / 0B   291kB / 32.8kB   130
2025-02-17 10:35:49.153852
CONTAINER ID   NAME                      CPU %      MEM USAGE / LIMIT   MEM %     NET I/O   BLOCK I/O        PIDS
6abaff545ca3   pbbs_breadthFirstSearch   1360.23%   82.06GiB / 96GiB    85.48%    0B / 0B   46GB / 0B        52
2f51b57cac2e   spark                     0.14%      2.503GiB / 96GiB    2.61%     0B / 0B   291kB / 32.8kB   130
2025-02-17 10:35:51.169940
CONTAINER ID   NAME                      CPU %     MEM USAGE / LIMIT   MEM %     NET I/O   BLOCK I/O        PIDS
6abaff545ca3   pbbs_breadthFirstSearch   99.87%    61.38GiB / 96GiB    63.93%    0B / 0B   46GB / 0B        52
2f51b57cac2e   spark                     0.07%     2.503GiB / 96GiB    2.61%     0B / 0B   291kB / 32.8kB   130
2025-02-17 10:35:53.181218
CONTAINER ID   NAME                      CPU %     MEM USAGE / LIMIT   MEM %     NET I/O   BLOCK I/O        PIDS
6abaff545ca3   pbbs_breadthFirstSearch   99.44%    33.58GiB / 96GiB    34.98%    0B / 0B   46GB / 0B        52
2f51b57cac2e   spark                     0.31%     2.503GiB / 96GiB    2.61%     0B / 0B   291kB / 32.8kB   130
2025-02-17 10:35:55.192114
CONTAINER ID   NAME                      CPU %      MEM USAGE / LIMIT   MEM %     NET I/O   BLOCK I/O        PIDS
6abaff545ca3   pbbs_breadthFirstSearch   4709.29%   28.67GiB / 96GiB    29.87%    0B / 0B   46GB / 0B        52
2f51b57cac2e   spark                     0.35%      2.503GiB / 96GiB    2.61%     0B / 0B   291kB / 32.8kB   130
2025-02-17 10:35:57.201529
CONTAINER ID   NAME                      CPU %      MEM USAGE / LIMIT   MEM %     NET I/O   BLOCK I/O        PIDS
6abaff545ca3   pbbs_breadthFirstSearch   4803.17%   28.75GiB / 96GiB    29.94%    0B / 0B   46GB / 0B        52
2f51b57cac2e   spark                     0.17%      2.503GiB / 96GiB    2.61%     0B / 0B   291kB / 32.8kB   130
2025-02-17 10:35:59.212237
CONTAINER ID   NAME                      CPU %      MEM USAGE / LIMIT   MEM %     NET I/O   BLOCK I/O        PIDS
6abaff545ca3   pbbs_breadthFirstSearch   4788.36%   28.75GiB / 96GiB    29.95%    0B / 0B   46GB / 0B        52
2f51b57cac2e   spark                     0.17%      2.503GiB / 96GiB    2.61%     0B / 0B   291kB / 32.8kB   130
2025-02-17 10:36:01.223850
CONTAINER ID   NAME                      CPU %      MEM USAGE / LIMIT   MEM %     NET I/O   BLOCK I/O        PIDS
6abaff545ca3   pbbs_breadthFirstSearch   4794.66%   28.75GiB / 96GiB    29.95%    0B / 0B   46GB / 0B        52
2f51b57cac2e   spark                     0.18%      2.503GiB / 96GiB    2.61%     0B / 0B   291kB / 32.8kB   130
2025-02-17 10:36:03.230192
CONTAINER ID   NAME                      CPU %     MEM USAGE / LIMIT   MEM %     NET I/O   BLOCK I/O        PIDS
6abaff545ca3   pbbs_breadthFirstSearch   0.00%     31.15GiB / 96GiB    32.44%    0B / 0B   46GB / 0B        52
2f51b57cac2e   spark                     0.87%     2.503GiB / 96GiB    2.61%     0B / 0B   291kB / 32.8kB   130
2025-02-17 10:36:05.240966
CONTAINER ID   NAME                      CPU %     MEM USAGE / LIMIT   MEM %     NET I/O   BLOCK I/O        PIDS
6abaff545ca3   pbbs_breadthFirstSearch   0.00%     31.15GiB / 96GiB    32.44%    0B / 0B   46GB / 0B        52
2f51b57cac2e   spark                     0.24%     2.503GiB / 96GiB    2.61%     0B / 0B   291kB / 32.8kB   130
2025-02-17 10:36:07.251408
CONTAINER ID   NAME                      CPU %     MEM USAGE / LIMIT   MEM %     NET I/O   BLOCK I/O        PIDS
6abaff545ca3   pbbs_breadthFirstSearch   0.00%     31.15GiB / 96GiB    32.44%    0B / 0B   46GB / 0B        52
2f51b57cac2e   spark                     0.05%     2.503GiB / 96GiB    2.61%     0B / 0B   291kB / 32.8kB   130
2025-02-17 10:36:09.261078
CONTAINER ID   NAME                      CPU %     MEM USAGE / LIMIT   MEM %     NET I/O   BLOCK I/O        PIDS
6abaff545ca3   pbbs_breadthFirstSearch   0.00%     31.15GiB / 96GiB    32.44%    0B / 0B   46GB / 0B        52
2f51b57cac2e   spark                     0.06%     2.503GiB / 96GiB    2.61%     0B / 0B   291kB / 32.8kB   130
2025-02-17 10:36:11.270252
CONTAINER ID   NAME                      CPU %     MEM USAGE / LIMIT   MEM %     NET I/O   BLOCK I/O        PIDS
6abaff545ca3   pbbs_breadthFirstSearch   0.00%     31.15GiB / 96GiB    32.44%    0B / 0B   46GB / 0B        52
2f51b57cac2e   spark                     0.05%     2.503GiB / 96GiB    2.61%     0B / 0B   291kB / 32.8kB   130
2025-02-17 10:36:13.279729
CONTAINER ID   NAME                      CPU %     MEM USAGE / LIMIT   MEM %     NET I/O   BLOCK I/O        PIDS
6abaff545ca3   pbbs_breadthFirstSearch   0.00%     31.14GiB / 96GiB    32.44%    0B / 0B   46GB / 0B        52
2f51b57cac2e   spark                     0.46%     2.502GiB / 96GiB    2.61%     0B / 0B   291kB / 32.8kB   124
2025-02-17 10:36:15.289966
CONTAINER ID   NAME                      CPU %     MEM USAGE / LIMIT   MEM %     NET I/O   BLOCK I/O        PIDS
6abaff545ca3   pbbs_breadthFirstSearch   0.00%     31.14GiB / 96GiB    32.44%    0B / 0B   46GB / 0B        52
2f51b57cac2e   spark                     0.09%     2.502GiB / 96GiB    2.61%     0B / 0B   291kB / 32.8kB   121
2025-02-17 10:36:17.300240
CONTAINER ID   NAME                      CPU %     MEM USAGE / LIMIT   MEM %     NET I/O   BLOCK I/O        PIDS
6abaff545ca3   pbbs_breadthFirstSearch   0.00%     31.14GiB / 96GiB    32.44%    0B / 0B   46GB / 0B        52
2f51b57cac2e   spark                     0.05%     2.502GiB / 96GiB    2.61%     0B / 0B   291kB / 32.8kB   121
2025-02-17 10:36:19.308088
CONTAINER ID   NAME                      CPU %     MEM USAGE / LIMIT   MEM %     NET I/O   BLOCK I/O        PIDS
6abaff545ca3   pbbs_breadthFirstSearch   0.00%     31.14GiB / 96GiB    32.44%    0B / 0B   46GB / 0B        52
2f51b57cac2e   spark                     0.09%     2.502GiB / 96GiB    2.61%     0B / 0B   291kB / 32.8kB   121
2025-02-17 10:36:21.318869
CONTAINER ID   NAME                      CPU %     MEM USAGE / LIMIT   MEM %     NET I/O   BLOCK I/O        PIDS
6abaff545ca3   pbbs_breadthFirstSearch   0.00%     31.14GiB / 96GiB    32.44%    0B / 0B   46GB / 0B        52
2f51b57cac2e   spark                     0.05%     2.502GiB / 96GiB    2.61%     0B / 0B   291kB / 32.8kB   121
2025-02-17 10:36:23.328963
CONTAINER ID   NAME                      CPU %     MEM USAGE / LIMIT   MEM %     NET I/O   BLOCK I/O        PIDS
6abaff545ca3   pbbs_breadthFirstSearch   0.00%     31.14GiB / 96GiB    32.44%    0B / 0B   46GB / 0B        52
2f51b57cac2e   spark                     0.22%     2.502GiB / 96GiB    2.61%     0B / 0B   291kB / 32.8kB   121
2025-02-17 10:36:25.338276
CONTAINER ID   NAME                      CPU %     MEM USAGE / LIMIT   MEM %     NET I/O   BLOCK I/O        PIDS
6abaff545ca3   pbbs_breadthFirstSearch   0.00%     31.14GiB / 96GiB    32.44%    0B / 0B   46GB / 0B        52
2f51b57cac2e   spark                     0.06%     2.502GiB / 96GiB    2.61%     0B / 0B   291kB / 32.8kB   121
2025-02-17 10:36:27.347491
CONTAINER ID   NAME                      CPU %     MEM USAGE / LIMIT   MEM %     NET I/O   BLOCK I/O        PIDS
6abaff545ca3   pbbs_breadthFirstSearch   0.00%     31.14GiB / 96GiB    32.44%    0B / 0B   46GB / 0B        52
2f51b57cac2e   spark                     0.05%     2.502GiB / 96GiB    2.61%     0B / 0B   291kB / 32.8kB   121
2025-02-17 10:36:29.354876
CONTAINER ID   NAME                      CPU %     MEM USAGE / LIMIT   MEM %     NET I/O   BLOCK I/O        PIDS
6abaff545ca3   pbbs_breadthFirstSearch   0.00%     31.14GiB / 96GiB    32.44%    0B / 0B   46GB / 0B        52
2f51b57cac2e   spark                     0.09%     2.502GiB / 96GiB    2.61%     0B / 0B   291kB / 32.8kB   121
2025-02-17 10:36:31.366061
CONTAINER ID   NAME                      CPU %     MEM USAGE / LIMIT   MEM %     NET I/O   BLOCK I/O        PIDS
6abaff545ca3   pbbs_breadthFirstSearch   0.00%     31.14GiB / 96GiB    32.44%    0B / 0B   46GB / 0B        52
2f51b57cac2e   spark                     0.05%     2.502GiB / 96GiB    2.61%     0B / 0B   291kB / 32.8kB   121
2025-02-17 10:36:33.375715
CONTAINER ID   NAME                      CPU %     MEM USAGE / LIMIT   MEM %     NET I/O   BLOCK I/O        PIDS
6abaff545ca3   pbbs_breadthFirstSearch   0.00%     31.14GiB / 96GiB    32.44%    0B / 0B   46GB / 0B        52
2f51b57cac2e   spark                     0.51%     2.502GiB / 96GiB    2.61%     0B / 0B   291kB / 32.8kB   121
2025-02-17 10:36:35.387977
CONTAINER ID   NAME                      CPU %     MEM USAGE / LIMIT   MEM %     NET I/O   BLOCK I/O        PIDS
6abaff545ca3   pbbs_breadthFirstSearch   0.00%     31.14GiB / 96GiB    32.44%    0B / 0B   46GB / 0B        52
2f51b57cac2e   spark                     0.06%     2.502GiB / 96GiB    2.61%     0B / 0B   291kB / 32.8kB   121
2025-02-17 10:36:37.398064
CONTAINER ID   NAME                      CPU %     MEM USAGE / LIMIT   MEM %     NET I/O   BLOCK I/O        PIDS
6abaff545ca3   pbbs_breadthFirstSearch   0.00%     31.14GiB / 96GiB    32.44%    0B / 0B   46GB / 0B        52
2f51b57cac2e   spark                     0.06%     2.502GiB / 96GiB    2.61%     0B / 0B   291kB / 32.8kB   121
2025-02-17 10:36:39.407271
CONTAINER ID   NAME                      CPU %     MEM USAGE / LIMIT   MEM %     NET I/O   BLOCK I/O        PIDS
6abaff545ca3   pbbs_breadthFirstSearch   0.00%     31.14GiB / 96GiB    32.44%    0B / 0B   46GB / 0B        52
2f51b57cac2e   spark                     0.05%     2.502GiB / 96GiB    2.61%     0B / 0B   291kB / 32.8kB   121
2025-02-17 10:36:41.417984
CONTAINER ID   NAME                      CPU %     MEM USAGE / LIMIT   MEM %     NET I/O   BLOCK I/O        PIDS
6abaff545ca3   pbbs_breadthFirstSearch   0.00%     31.14GiB / 96GiB    32.44%    0B / 0B   46GB / 0B        52
2f51b57cac2e   spark                     0.05%     2.502GiB / 96GiB    2.61%     0B / 0B   291kB / 32.8kB   121
2025-02-17 10:36:43.425593
CONTAINER ID   NAME                      CPU %     MEM USAGE / LIMIT   MEM %     NET I/O   BLOCK I/O        PIDS
6abaff545ca3   pbbs_breadthFirstSearch   0.00%     31.14GiB / 96GiB    32.44%    0B / 0B   46GB / 0B        52
2f51b57cac2e   spark                     1.01%     2.502GiB / 96GiB    2.61%     0B / 0B   291kB / 32.8kB   121
2025-02-17 10:36:45.435463
CONTAINER ID   NAME                      CPU %     MEM USAGE / LIMIT   MEM %     NET I/O   BLOCK I/O        PIDS
6abaff545ca3   pbbs_breadthFirstSearch   0.00%     31.14GiB / 96GiB    32.44%    0B / 0B   46GB / 0B        52
2f51b57cac2e   spark                     0.06%     2.502GiB / 96GiB    2.61%     0B / 0B   291kB / 32.8kB   121
2025-02-17 10:36:47.444568
CONTAINER ID   NAME                      CPU %     MEM USAGE / LIMIT   MEM %     NET I/O   BLOCK I/O        PIDS
6abaff545ca3   pbbs_breadthFirstSearch   0.00%     31.14GiB / 96GiB    32.44%    0B / 0B   46GB / 0B        52
2f51b57cac2e   spark                     0.05%     2.502GiB / 96GiB    2.61%     0B / 0B   291kB / 32.8kB   121
2025-02-17 10:36:49.456107
CONTAINER ID   NAME                      CPU %     MEM USAGE / LIMIT   MEM %     NET I/O   BLOCK I/O        PIDS
6abaff545ca3   pbbs_breadthFirstSearch   0.00%     31.14GiB / 96GiB    32.44%    0B / 0B   46GB / 0B        52
2f51b57cac2e   spark                     0.09%     2.502GiB / 96GiB    2.61%     0B / 0B   291kB / 32.8kB   121
2025-02-17 10:36:51.466318
CONTAINER ID   NAME                      CPU %     MEM USAGE / LIMIT   MEM %     NET I/O   BLOCK I/O        PIDS
6abaff545ca3   pbbs_breadthFirstSearch   0.00%     31.14GiB / 96GiB    32.44%    0B / 0B   46GB / 0B        52
2f51b57cac2e   spark                     0.06%     2.502GiB / 96GiB    2.61%     0B / 0B   291kB / 32.8kB   121
2025-02-17 10:36:53.473119
CONTAINER ID   NAME                      CPU %     MEM USAGE / LIMIT   MEM %     NET I/O   BLOCK I/O        PIDS
6abaff545ca3   pbbs_breadthFirstSearch   0.00%     31.14GiB / 96GiB    32.44%    0B / 0B   46GB / 0B        52
2f51b57cac2e   spark                     0.59%     2.502GiB / 96GiB    2.61%     0B / 0B   291kB / 32.8kB   121
2025-02-17 10:36:55.483495
CONTAINER ID   NAME                      CPU %     MEM USAGE / LIMIT   MEM %     NET I/O   BLOCK I/O        PIDS
6abaff545ca3   pbbs_breadthFirstSearch   0.00%     31.14GiB / 96GiB    32.44%    0B / 0B   46GB / 0B        52
2f51b57cac2e   spark                     0.07%     2.502GiB / 96GiB    2.61%     0B / 0B   291kB / 32.8kB   121
2025-02-17 10:36:57.492367
CONTAINER ID   NAME                      CPU %     MEM USAGE / LIMIT   MEM %     NET I/O   BLOCK I/O        PIDS
6abaff545ca3   pbbs_breadthFirstSearch   0.00%     31.14GiB / 96GiB    32.44%    0B / 0B   46GB / 0B        52
2f51b57cac2e   spark                     0.05%     2.502GiB / 96GiB    2.61%     0B / 0B   291kB / 32.8kB   121
2025-02-17 10:36:59.502933
CONTAINER ID   NAME                      CPU %     MEM USAGE / LIMIT   MEM %     NET I/O   BLOCK I/O        PIDS
6abaff545ca3   pbbs_breadthFirstSearch   0.00%     31.14GiB / 96GiB    32.44%    0B / 0B   46GB / 0B        52
2f51b57cac2e   spark                     0.05%     2.502GiB / 96GiB    2.61%     0B / 0B   291kB / 32.8kB   121
2025-02-17 10:37:01.514228
CONTAINER ID   NAME                      CPU %     MEM USAGE / LIMIT   MEM %     NET I/O   BLOCK I/O        PIDS
6abaff545ca3   pbbs_breadthFirstSearch   0.00%     31.14GiB / 96GiB    32.44%    0B / 0B   46GB / 0B        52
2f51b57cac2e   spark                     0.05%     2.502GiB / 96GiB    2.61%     0B / 0B   291kB / 32.8kB   121
2025-02-17 10:37:03.523019
CONTAINER ID   NAME                      CPU %     MEM USAGE / LIMIT   MEM %     NET I/O   BLOCK I/O        PIDS
6abaff545ca3   pbbs_breadthFirstSearch   0.00%     31.14GiB / 96GiB    32.44%    0B / 0B   46GB / 0B        52
2f51b57cac2e   spark                     0.45%     2.502GiB / 96GiB    2.61%     0B / 0B   291kB / 32.8kB   121
2025-02-17 10:37:05.532164
CONTAINER ID   NAME                      CPU %     MEM USAGE / LIMIT   MEM %     NET I/O   BLOCK I/O        PIDS
6abaff545ca3   pbbs_breadthFirstSearch   0.00%     31.14GiB / 96GiB    32.44%    0B / 0B   46GB / 0B        52
2f51b57cac2e   spark                     0.06%     2.502GiB / 96GiB    2.61%     0B / 0B   291kB / 32.8kB   121
2025-02-17 10:37:07.541954
CONTAINER ID   NAME                      CPU %     MEM USAGE / LIMIT   MEM %     NET I/O   BLOCK I/O        PIDS
6abaff545ca3   pbbs_breadthFirstSearch   0.00%     31.14GiB / 96GiB    32.44%    0B / 0B   46GB / 0B        52
2f51b57cac2e   spark                     0.05%     2.502GiB / 96GiB    2.61%     0B / 0B   291kB / 32.8kB   121
2025-02-17 10:37:09.553326
CONTAINER ID   NAME                      CPU %     MEM USAGE / LIMIT   MEM %     NET I/O   BLOCK I/O        PIDS
6abaff545ca3   pbbs_breadthFirstSearch   0.07%     31.14GiB / 96GiB    32.44%    0B / 0B   46GB / 0B        52
2f51b57cac2e   spark                     0.05%     2.502GiB / 96GiB    2.61%     0B / 0B   291kB / 32.8kB   121
2025-02-17 10:37:11.562117
CONTAINER ID   NAME                      CPU %     MEM USAGE / LIMIT   MEM %     NET I/O   BLOCK I/O        PIDS
6abaff545ca3   pbbs_breadthFirstSearch   0.07%     31.14GiB / 96GiB    32.44%    0B / 0B   46GB / 0B        52
2f51b57cac2e   spark                     0.06%     2.502GiB / 96GiB    2.61%     0B / 0B   291kB / 32.8kB   121
2025-02-17 10:37:13.571997
CONTAINER ID   NAME                      CPU %     MEM USAGE / LIMIT   MEM %     NET I/O   BLOCK I/O        PIDS
6abaff545ca3   pbbs_breadthFirstSearch   0.06%     31.14GiB / 96GiB    32.44%    0B / 0B   46GB / 0B        52
2f51b57cac2e   spark                     0.23%     2.502GiB / 96GiB    2.61%     0B / 0B   291kB / 32.8kB   121
2025-02-17 10:37:15.584386
CONTAINER ID   NAME                      CPU %      MEM USAGE / LIMIT   MEM %     NET I/O   BLOCK I/O         PIDS
6abaff545ca3   pbbs_breadthFirstSearch   4804.00%   31.15GiB / 96GiB    32.45%    0B / 0B   46GB / 0B         52
2f51b57cac2e   spark                     813.77%    2.592GiB / 96GiB    2.70%     0B / 0B   87.6MB / 32.8kB   134
2025-02-17 10:37:17.597329
CONTAINER ID   NAME                      CPU %      MEM USAGE / LIMIT   MEM %     NET I/O   BLOCK I/O        PIDS
6abaff545ca3   pbbs_breadthFirstSearch   4789.72%   31.15GiB / 96GiB    32.45%    0B / 0B   46GB / 0B        52
2f51b57cac2e   spark                     784.13%    2.661GiB / 96GiB    2.77%     0B / 0B   161MB / 32.8kB   134
2025-02-17 10:37:19.607642
CONTAINER ID   NAME                      CPU %      MEM USAGE / LIMIT   MEM %     NET I/O   BLOCK I/O        PIDS
6abaff545ca3   pbbs_breadthFirstSearch   4806.31%   31.15GiB / 96GiB    32.45%    0B / 0B   46GB / 0B        52
2f51b57cac2e   spark                     831.36%    2.758GiB / 96GiB    2.87%     0B / 0B   264MB / 32.8kB   134
2025-02-17 10:37:21.618154
CONTAINER ID   NAME                      CPU %      MEM USAGE / LIMIT   MEM %     NET I/O   BLOCK I/O        PIDS
6abaff545ca3   pbbs_breadthFirstSearch   4795.84%   31.15GiB / 96GiB    32.45%    0B / 0B   46GB / 0B        52
2f51b57cac2e   spark                     771.01%    2.837GiB / 96GiB    2.96%     0B / 0B   349MB / 32.8kB   134
2025-02-17 10:37:23.626295
CONTAINER ID   NAME                      CPU %      MEM USAGE / LIMIT   MEM %     NET I/O   BLOCK I/O        PIDS
6abaff545ca3   pbbs_breadthFirstSearch   4794.97%   33.55GiB / 96GiB    34.95%    0B / 0B   46GB / 0B        52
2f51b57cac2e   spark                     811.62%    2.936GiB / 96GiB    3.06%     0B / 0B   456MB / 32.8kB   134
2025-02-17 10:37:25.638403
CONTAINER ID   NAME                      CPU %      MEM USAGE / LIMIT   MEM %     NET I/O   BLOCK I/O        PIDS
6abaff545ca3   pbbs_breadthFirstSearch   4820.59%   33.55GiB / 96GiB    34.95%    0B / 0B   46GB / 0B        52
2f51b57cac2e   spark                     773.20%    3.044GiB / 96GiB    3.17%     0B / 0B   566MB / 32.8kB   134
2025-02-17 10:37:27.646583
CONTAINER ID   NAME                      CPU %      MEM USAGE / LIMIT   MEM %     NET I/O   BLOCK I/O        PIDS
6abaff545ca3   pbbs_breadthFirstSearch   4790.17%   33.55GiB / 96GiB    34.95%    0B / 0B   46GB / 0B        52
2f51b57cac2e   spark                     728.99%    3.145GiB / 96GiB    3.28%     0B / 0B   674MB / 32.8kB   134
2025-02-17 10:37:29.657175
CONTAINER ID   NAME                      CPU %      MEM USAGE / LIMIT   MEM %     NET I/O   BLOCK I/O        PIDS
6abaff545ca3   pbbs_breadthFirstSearch   4799.37%   33.55GiB / 96GiB    34.94%    0B / 0B   46GB / 0B        52
2f51b57cac2e   spark                     718.85%    3.251GiB / 96GiB    3.39%     0B / 0B   786MB / 32.8kB   134
2025-02-17 10:37:31.667665
CONTAINER ID   NAME                      CPU %      MEM USAGE / LIMIT   MEM %     NET I/O   BLOCK I/O        PIDS
6abaff545ca3   pbbs_breadthFirstSearch   4795.48%   33.55GiB / 96GiB    34.95%    0B / 0B   46GB / 0B        52
2f51b57cac2e   spark                     756.75%    3.357GiB / 96GiB    3.50%     0B / 0B   899MB / 32.8kB   134
2025-02-17 10:37:33.677498
CONTAINER ID   NAME                      CPU %      MEM USAGE / LIMIT   MEM %     NET I/O   BLOCK I/O         PIDS
6abaff545ca3   pbbs_breadthFirstSearch   4793.01%   33.55GiB / 96GiB    34.95%    0B / 0B   46GB / 0B         52
2f51b57cac2e   spark                     782.34%    3.472GiB / 96GiB    3.62%     0B / 0B   1.02GB / 32.8kB   134
2025-02-17 10:37:35.686119
CONTAINER ID   NAME                      CPU %      MEM USAGE / LIMIT   MEM %     NET I/O   BLOCK I/O         PIDS
6abaff545ca3   pbbs_breadthFirstSearch   4791.13%   33.55GiB / 96GiB    34.95%    0B / 0B   46GB / 0B         52
2f51b57cac2e   spark                     794.86%    3.585GiB / 96GiB    3.73%     0B / 0B   1.14GB / 32.8kB   134
2025-02-17 10:37:37.696954
CONTAINER ID   NAME                      CPU %      MEM USAGE / LIMIT   MEM %     NET I/O   BLOCK I/O         PIDS
6abaff545ca3   pbbs_breadthFirstSearch   4784.90%   33.55GiB / 96GiB    34.95%    0B / 0B   46GB / 0B         52
2f51b57cac2e   spark                     767.03%    3.693GiB / 96GiB    3.85%     0B / 0B   1.26GB / 32.8kB   134
2025-02-17 10:37:39.706335
CONTAINER ID   NAME                      CPU %      MEM USAGE / LIMIT   MEM %     NET I/O   BLOCK I/O         PIDS
6abaff545ca3   pbbs_breadthFirstSearch   4803.56%   33.55GiB / 96GiB    34.95%    0B / 0B   46GB / 0B         52
2f51b57cac2e   spark                     794.54%    3.803GiB / 96GiB    3.96%     0B / 0B   1.37GB / 32.8kB   134
2025-02-17 10:37:41.717063
CONTAINER ID   NAME                      CPU %      MEM USAGE / LIMIT   MEM %     NET I/O   BLOCK I/O         PIDS
6abaff545ca3   pbbs_breadthFirstSearch   4795.41%   33.55GiB / 96GiB    34.95%    0B / 0B   46GB / 0B         52
2f51b57cac2e   spark                     788.76%    3.917GiB / 96GiB    4.08%     0B / 0B   1.49GB / 32.8kB   134
2025-02-17 10:37:43.722173
CONTAINER ID   NAME                      CPU %      MEM USAGE / LIMIT   MEM %     NET I/O   BLOCK I/O         PIDS
6abaff545ca3   pbbs_breadthFirstSearch   4792.61%   33.55GiB / 96GiB    34.95%    0B / 0B   46GB / 0B         52
2f51b57cac2e   spark                     811.99%    3.98GiB / 96GiB     4.15%     0B / 0B   1.56GB / 32.8kB   134
2025-02-17 10:37:45.731478
CONTAINER ID   NAME                      CPU %      MEM USAGE / LIMIT   MEM %     NET I/O   BLOCK I/O         PIDS
6abaff545ca3   pbbs_breadthFirstSearch   4798.45%   33.55GiB / 96GiB    34.95%    0B / 0B   46GB / 0B         52
2f51b57cac2e   spark                     811.16%    4.035GiB / 96GiB    4.20%     0B / 0B   1.62GB / 32.8kB   134
2025-02-17 10:37:47.742402
CONTAINER ID   NAME                      CPU %      MEM USAGE / LIMIT   MEM %     NET I/O   BLOCK I/O         PIDS
6abaff545ca3   pbbs_breadthFirstSearch   4808.38%   33.55GiB / 96GiB    34.95%    0B / 0B   46GB / 0B         52
2f51b57cac2e   spark                     834.04%    4.076GiB / 96GiB    4.25%     0B / 0B   1.66GB / 32.8kB   134
2025-02-17 10:37:49.752059
CONTAINER ID   NAME                      CPU %      MEM USAGE / LIMIT   MEM %     NET I/O   BLOCK I/O         PIDS
6abaff545ca3   pbbs_breadthFirstSearch   4774.62%   33.55GiB / 96GiB    34.95%    0B / 0B   46GB / 0B         52
2f51b57cac2e   spark                     834.14%    4.078GiB / 96GiB    4.25%     0B / 0B   1.66GB / 32.8kB   134
2025-02-17 10:37:51.762602
CONTAINER ID   NAME                      CPU %      MEM USAGE / LIMIT   MEM %     NET I/O   BLOCK I/O         PIDS
6abaff545ca3   pbbs_breadthFirstSearch   4804.19%   33.55GiB / 96GiB    34.95%    0B / 0B   46GB / 0B         52
2f51b57cac2e   spark                     851.53%    4.078GiB / 96GiB    4.25%     0B / 0B   1.66GB / 32.8kB   134
2025-02-17 10:37:53.770980
CONTAINER ID   NAME                      CPU %      MEM USAGE / LIMIT   MEM %     NET I/O   BLOCK I/O         PIDS
6abaff545ca3   pbbs_breadthFirstSearch   4779.56%   33.55GiB / 96GiB    34.95%    0B / 0B   46GB / 0B         52
2f51b57cac2e   spark                     834.08%    4.079GiB / 96GiB    4.25%     0B / 0B   1.66GB / 32.8kB   134
2025-02-17 10:37:55.780663
CONTAINER ID   NAME                      CPU %      MEM USAGE / LIMIT   MEM %     NET I/O   BLOCK I/O         PIDS
6abaff545ca3   pbbs_breadthFirstSearch   4813.37%   33.55GiB / 96GiB    34.95%    0B / 0B   46GB / 0B         52
2f51b57cac2e   spark                     841.19%    4.08GiB / 96GiB     4.25%     0B / 0B   1.66GB / 32.8kB   134
2025-02-17 10:37:57.790376
CONTAINER ID   NAME                      CPU %      MEM USAGE / LIMIT   MEM %     NET I/O   BLOCK I/O         PIDS
6abaff545ca3   pbbs_breadthFirstSearch   4795.37%   33.55GiB / 96GiB    34.95%    0B / 0B   46GB / 0B         52
2f51b57cac2e   spark                     822.53%    4.081GiB / 96GiB    4.25%     0B / 0B   1.66GB / 32.8kB   134
2025-02-17 10:37:59.799228
CONTAINER ID   NAME                      CPU %      MEM USAGE / LIMIT   MEM %     NET I/O   BLOCK I/O         PIDS
6abaff545ca3   pbbs_breadthFirstSearch   4791.95%   33.56GiB / 96GiB    34.95%    0B / 0B   46GB / 0B         52
2f51b57cac2e   spark                     844.83%    4.082GiB / 96GiB    4.25%     0B / 0B   1.66GB / 32.8kB   134
2025-02-17 10:38:01.807025
CONTAINER ID   NAME                      CPU %      MEM USAGE / LIMIT   MEM %     NET I/O   BLOCK I/O         PIDS
6abaff545ca3   pbbs_breadthFirstSearch   4779.18%   33.56GiB / 96GiB    34.95%    0B / 0B   46GB / 0B         52
2f51b57cac2e   spark                     903.46%    4.083GiB / 96GiB    4.25%     0B / 0B   1.66GB / 32.8kB   134
2025-02-17 10:38:03.815492
CONTAINER ID   NAME                      CPU %      MEM USAGE / LIMIT   MEM %     NET I/O   BLOCK I/O         PIDS
6abaff545ca3   pbbs_breadthFirstSearch   4818.78%   33.56GiB / 96GiB    34.95%    0B / 0B   46GB / 0B         52
2f51b57cac2e   spark                     851.89%    4.083GiB / 96GiB    4.25%     0B / 0B   1.66GB / 32.8kB   134
2025-02-17 10:38:05.824624
CONTAINER ID   NAME                      CPU %      MEM USAGE / LIMIT   MEM %     NET I/O   BLOCK I/O         PIDS
6abaff545ca3   pbbs_breadthFirstSearch   4793.60%   33.56GiB / 96GiB    34.95%    0B / 0B   46GB / 0B         52
2f51b57cac2e   spark                     826.56%    4.086GiB / 96GiB    4.26%     0B / 0B   1.66GB / 32.8kB   134
2025-02-17 10:38:07.834336
CONTAINER ID   NAME                      CPU %      MEM USAGE / LIMIT   MEM %     NET I/O   BLOCK I/O         PIDS
6abaff545ca3   pbbs_breadthFirstSearch   4792.45%   33.56GiB / 96GiB    34.95%    0B / 0B   46GB / 0B         52
2f51b57cac2e   spark                     822.72%    4.087GiB / 96GiB    4.26%     0B / 0B   1.66GB / 32.8kB   134
2025-02-17 10:38:09.841579
CONTAINER ID   NAME                      CPU %      MEM USAGE / LIMIT   MEM %     NET I/O   BLOCK I/O         PIDS
6abaff545ca3   pbbs_breadthFirstSearch   4795.76%   33.56GiB / 96GiB    34.96%    0B / 0B   46GB / 0B         52
2f51b57cac2e   spark                     823.45%    4.087GiB / 96GiB    4.26%     0B / 0B   1.66GB / 32.8kB   134
2025-02-17 10:38:11.850718
CONTAINER ID   NAME                      CPU %      MEM USAGE / LIMIT   MEM %     NET I/O   BLOCK I/O         PIDS
6abaff545ca3   pbbs_breadthFirstSearch   4775.46%   33.56GiB / 96GiB    34.96%    0B / 0B   46GB / 0B         52
2f51b57cac2e   spark                     901.87%    4.089GiB / 96GiB    4.26%     0B / 0B   1.66GB / 32.8kB   134
2025-02-17 10:38:13.860316
CONTAINER ID   NAME                      CPU %      MEM USAGE / LIMIT   MEM %     NET I/O   BLOCK I/O         PIDS
6abaff545ca3   pbbs_breadthFirstSearch   4783.97%   33.56GiB / 96GiB    34.96%    0B / 0B   46GB / 0B         52
2f51b57cac2e   spark                     819.36%    4.089GiB / 96GiB    4.26%     0B / 0B   1.66GB / 32.8kB   134
2025-02-17 10:38:15.869727
CONTAINER ID   NAME                      CPU %      MEM USAGE / LIMIT   MEM %     NET I/O   BLOCK I/O         PIDS
6abaff545ca3   pbbs_breadthFirstSearch   4778.67%   33.56GiB / 96GiB    34.96%    0B / 0B   46GB / 0B         52
2f51b57cac2e   spark                     840.19%    4.09GiB / 96GiB     4.26%     0B / 0B   1.66GB / 32.8kB   129
2025-02-17 10:38:17.878263
CONTAINER ID   NAME                      CPU %      MEM USAGE / LIMIT   MEM %     NET I/O   BLOCK I/O         PIDS
6abaff545ca3   pbbs_breadthFirstSearch   4811.37%   33.56GiB / 96GiB    34.96%    0B / 0B   46GB / 0B         52
2f51b57cac2e   spark                     848.69%    4.091GiB / 96GiB    4.26%     0B / 0B   1.66GB / 32.8kB   129
2025-02-17 10:38:19.888626
CONTAINER ID   NAME                      CPU %      MEM USAGE / LIMIT   MEM %     NET I/O   BLOCK I/O         PIDS
6abaff545ca3   pbbs_breadthFirstSearch   4776.81%   33.56GiB / 96GiB    34.96%    0B / 0B   46GB / 0B         52
2f51b57cac2e   spark                     839.32%    4.091GiB / 96GiB    4.26%     0B / 0B   1.66GB / 32.8kB   129
2025-02-17 10:38:21.895395
CONTAINER ID   NAME                      CPU %      MEM USAGE / LIMIT   MEM %     NET I/O   BLOCK I/O         PIDS
6abaff545ca3   pbbs_breadthFirstSearch   4797.53%   33.56GiB / 96GiB    34.96%    0B / 0B   46GB / 0B         52
2f51b57cac2e   spark                     827.89%    4.093GiB / 96GiB    4.26%     0B / 0B   1.66GB / 32.8kB   129
2025-02-17 10:38:23.905452
CONTAINER ID   NAME                      CPU %      MEM USAGE / LIMIT   MEM %     NET I/O   BLOCK I/O         PIDS
6abaff545ca3   pbbs_breadthFirstSearch   4800.01%   33.56GiB / 96GiB    34.96%    0B / 0B   46GB / 0B         52
2f51b57cac2e   spark                     826.95%    4.094GiB / 96GiB    4.26%     0B / 0B   1.66GB / 32.8kB   129
2025-02-17 10:38:25.913875
CONTAINER ID   NAME                      CPU %      MEM USAGE / LIMIT   MEM %     NET I/O   BLOCK I/O         PIDS
6abaff545ca3   pbbs_breadthFirstSearch   4782.38%   33.56GiB / 96GiB    34.96%    0B / 0B   46GB / 0B         52
2f51b57cac2e   spark                     825.07%    4.096GiB / 96GiB    4.27%     0B / 0B   1.66GB / 32.8kB   129
2025-02-17 10:38:27.924183
CONTAINER ID   NAME                      CPU %      MEM USAGE / LIMIT   MEM %     NET I/O   BLOCK I/O         PIDS
6abaff545ca3   pbbs_breadthFirstSearch   4790.10%   33.56GiB / 96GiB    34.96%    0B / 0B   46GB / 0B         52
2f51b57cac2e   spark                     818.90%    4.099GiB / 96GiB    4.27%     0B / 0B   1.66GB / 32.8kB   129
2025-02-17 10:38:29.934525
CONTAINER ID   NAME                      CPU %      MEM USAGE / LIMIT   MEM %     NET I/O   BLOCK I/O         PIDS
6abaff545ca3   pbbs_breadthFirstSearch   4790.23%   33.56GiB / 96GiB    34.96%    0B / 0B   46GB / 0B         52
2f51b57cac2e   spark                     830.21%    4.099GiB / 96GiB    4.27%     0B / 0B   1.66GB / 32.8kB   129
2025-02-17 10:38:31.947737
CONTAINER ID   NAME                      CPU %      MEM USAGE / LIMIT   MEM %     NET I/O   BLOCK I/O         PIDS
6abaff545ca3   pbbs_breadthFirstSearch   4785.83%   33.56GiB / 96GiB    34.96%    0B / 0B   46GB / 0B         52
2f51b57cac2e   spark                     855.25%    4.102GiB / 96GiB    4.27%     0B / 0B   1.66GB / 32.8kB   129
2025-02-17 10:38:33.957769
CONTAINER ID   NAME                      CPU %      MEM USAGE / LIMIT   MEM %     NET I/O   BLOCK I/O         PIDS
6abaff545ca3   pbbs_breadthFirstSearch   4788.88%   33.56GiB / 96GiB    34.96%    0B / 0B   46GB / 0B         52
2f51b57cac2e   spark                     432.27%    4.107GiB / 96GiB    4.28%     0B / 0B   1.66GB / 32.8kB   129
2025-02-17 10:38:35.968794
CONTAINER ID   NAME                      CPU %      MEM USAGE / LIMIT   MEM %     NET I/O   BLOCK I/O         PIDS
6abaff545ca3   pbbs_breadthFirstSearch   4774.85%   33.56GiB / 96GiB    34.96%    0B / 0B   46GB / 0B         52
2f51b57cac2e   spark                     829.88%    4.109GiB / 96GiB    4.28%     0B / 0B   1.66GB / 32.8kB   135
2025-02-17 10:38:37.978391
CONTAINER ID   NAME                      CPU %      MEM USAGE / LIMIT   MEM %     NET I/O   BLOCK I/O         PIDS
6abaff545ca3   pbbs_breadthFirstSearch   4806.32%   33.56GiB / 96GiB    34.96%    0B / 0B   46GB / 0B         52
2f51b57cac2e   spark                     837.81%    4.11GiB / 96GiB     4.28%     0B / 0B   1.66GB / 32.8kB   135
2025-02-17 10:38:39.989454
CONTAINER ID   NAME                      CPU %      MEM USAGE / LIMIT   MEM %     NET I/O   BLOCK I/O         PIDS
6abaff545ca3   pbbs_breadthFirstSearch   4787.16%   33.56GiB / 96GiB    34.96%    0B / 0B   46GB / 0B         52
2f51b57cac2e   spark                     855.93%    4.109GiB / 96GiB    4.28%     0B / 0B   1.66GB / 32.8kB   135
2025-02-17 10:38:41.997557
CONTAINER ID   NAME                      CPU %      MEM USAGE / LIMIT   MEM %     NET I/O   BLOCK I/O         PIDS
6abaff545ca3   pbbs_breadthFirstSearch   4814.69%   33.56GiB / 96GiB    34.96%    0B / 0B   46GB / 0B         52
2f51b57cac2e   spark                     828.47%    4.11GiB / 96GiB     4.28%     0B / 0B   1.66GB / 32.8kB   135
2025-02-17 10:38:44.007179
CONTAINER ID   NAME                      CPU %      MEM USAGE / LIMIT   MEM %     NET I/O   BLOCK I/O         PIDS
6abaff545ca3   pbbs_breadthFirstSearch   4785.27%   33.56GiB / 96GiB    34.96%    0B / 0B   46GB / 0B         52
2f51b57cac2e   spark                     841.31%    4.111GiB / 96GiB    4.28%     0B / 0B   1.66GB / 32.8kB   135
2025-02-17 10:38:46.017669
CONTAINER ID   NAME                      CPU %      MEM USAGE / LIMIT   MEM %     NET I/O   BLOCK I/O         PIDS
6abaff545ca3   pbbs_breadthFirstSearch   4787.48%   33.56GiB / 96GiB    34.96%    0B / 0B   46GB / 0B         52
2f51b57cac2e   spark                     828.97%    4.112GiB / 96GiB    4.28%     0B / 0B   1.66GB / 32.8kB   135
2025-02-17 10:38:48.027224
CONTAINER ID   NAME                      CPU %      MEM USAGE / LIMIT   MEM %     NET I/O   BLOCK I/O         PIDS
6abaff545ca3   pbbs_breadthFirstSearch   4799.72%   33.56GiB / 96GiB    34.96%    0B / 0B   46GB / 0B         52
2f51b57cac2e   spark                     888.79%    4.113GiB / 96GiB    4.28%     0B / 0B   1.66GB / 32.8kB   135
2025-02-17 10:38:50.038354
CONTAINER ID   NAME                      CPU %      MEM USAGE / LIMIT   MEM %     NET I/O   BLOCK I/O         PIDS
6abaff545ca3   pbbs_breadthFirstSearch   4790.90%   33.56GiB / 96GiB    34.96%    0B / 0B   46GB / 0B         52
2f51b57cac2e   spark                     825.59%    4.114GiB / 96GiB    4.29%     0B / 0B   1.66GB / 32.8kB   135
2025-02-17 10:38:52.046787
CONTAINER ID   NAME                      CPU %      MEM USAGE / LIMIT   MEM %     NET I/O   BLOCK I/O         PIDS
6abaff545ca3   pbbs_breadthFirstSearch   4776.46%   33.56GiB / 96GiB    34.96%    0B / 0B   46GB / 0B         52
2f51b57cac2e   spark                     826.07%    4.114GiB / 96GiB    4.29%     0B / 0B   1.66GB / 32.8kB   135
2025-02-17 10:38:54.056513
CONTAINER ID   NAME                      CPU %      MEM USAGE / LIMIT   MEM %     NET I/O   BLOCK I/O         PIDS
6abaff545ca3   pbbs_breadthFirstSearch   4802.83%   33.56GiB / 96GiB    34.96%    0B / 0B   46GB / 0B         52
2f51b57cac2e   spark                     837.88%    4.115GiB / 96GiB    4.29%     0B / 0B   1.66GB / 32.8kB   135
2025-02-17 10:38:56.067138
CONTAINER ID   NAME                      CPU %      MEM USAGE / LIMIT   MEM %     NET I/O   BLOCK I/O         PIDS
6abaff545ca3   pbbs_breadthFirstSearch   4796.64%   33.56GiB / 96GiB    34.96%    0B / 0B   46GB / 0B         52
2f51b57cac2e   spark                     838.86%    4.116GiB / 96GiB    4.29%     0B / 0B   1.66GB / 32.8kB   135
2025-02-17 10:38:58.077207
CONTAINER ID   NAME                      CPU %      MEM USAGE / LIMIT   MEM %     NET I/O   BLOCK I/O         PIDS
6abaff545ca3   pbbs_breadthFirstSearch   4790.07%   33.56GiB / 96GiB    34.96%    0B / 0B   46GB / 0B         52
2f51b57cac2e   spark                     823.53%    4.117GiB / 96GiB    4.29%     0B / 0B   1.66GB / 32.8kB   135
2025-02-17 10:39:00.085549
CONTAINER ID   NAME                      CPU %      MEM USAGE / LIMIT   MEM %     NET I/O   BLOCK I/O         PIDS
6abaff545ca3   pbbs_breadthFirstSearch   4766.95%   33.56GiB / 96GiB    34.96%    0B / 0B   46GB / 0B         52
2f51b57cac2e   spark                     820.99%    4.117GiB / 96GiB    4.29%     0B / 0B   1.66GB / 32.8kB   135
2025-02-17 10:39:02.094510
CONTAINER ID   NAME                      CPU %      MEM USAGE / LIMIT   MEM %     NET I/O   BLOCK I/O         PIDS
6abaff545ca3   pbbs_breadthFirstSearch   4776.73%   33.56GiB / 96GiB    34.96%    0B / 0B   46GB / 0B         52
2f51b57cac2e   spark                     822.58%    4.116GiB / 96GiB    4.29%     0B / 0B   1.66GB / 32.8kB   135
2025-02-17 10:39:04.106900
CONTAINER ID   NAME                      CPU %      MEM USAGE / LIMIT   MEM %     NET I/O   BLOCK I/O         PIDS
6abaff545ca3   pbbs_breadthFirstSearch   4792.97%   33.56GiB / 96GiB    34.96%    0B / 0B   46GB / 0B         52
2f51b57cac2e   spark                     835.85%    4.117GiB / 96GiB    4.29%     0B / 0B   1.66GB / 32.8kB   135
2025-02-17 10:39:06.112212
CONTAINER ID   NAME                      CPU %      MEM USAGE / LIMIT   MEM %     NET I/O   BLOCK I/O         PIDS
6abaff545ca3   pbbs_breadthFirstSearch   4790.05%   33.56GiB / 96GiB    34.96%    0B / 0B   46GB / 0B         52
2f51b57cac2e   spark                     824.41%    4.118GiB / 96GiB    4.29%     0B / 0B   1.66GB / 32.8kB   135
2025-02-17 10:39:08.123507
CONTAINER ID   NAME                      CPU %      MEM USAGE / LIMIT   MEM %     NET I/O   BLOCK I/O         PIDS
6abaff545ca3   pbbs_breadthFirstSearch   4779.49%   33.56GiB / 96GiB    34.96%    0B / 0B   46GB / 0B         52
2f51b57cac2e   spark                     835.27%    4.119GiB / 96GiB    4.29%     0B / 0B   1.66GB / 32.8kB   135
2025-02-17 10:39:10.133638
CONTAINER ID   NAME                      CPU %      MEM USAGE / LIMIT   MEM %     NET I/O   BLOCK I/O         PIDS
6abaff545ca3   pbbs_breadthFirstSearch   4781.29%   33.56GiB / 96GiB    34.96%    0B / 0B   46GB / 0B         52
2f51b57cac2e   spark                     842.83%    4.119GiB / 96GiB    4.29%     0B / 0B   1.66GB / 32.8kB   135
2025-02-17 10:39:12.143071
CONTAINER ID   NAME                      CPU %      MEM USAGE / LIMIT   MEM %     NET I/O   BLOCK I/O         PIDS
6abaff545ca3   pbbs_breadthFirstSearch   4786.23%   33.56GiB / 96GiB    34.96%    0B / 0B   46GB / 0B         52
2f51b57cac2e   spark                     838.54%    4.12GiB / 96GiB     4.29%     0B / 0B   1.66GB / 32.8kB   135
2025-02-17 10:39:14.152656
CONTAINER ID   NAME                      CPU %      MEM USAGE / LIMIT   MEM %     NET I/O   BLOCK I/O         PIDS
6abaff545ca3   pbbs_breadthFirstSearch   4803.13%   33.56GiB / 96GiB    34.96%    0B / 0B   46GB / 0B         52
2f51b57cac2e   spark                     838.94%    4.12GiB / 96GiB     4.29%     0B / 0B   1.66GB / 32.8kB   135
2025-02-17 10:39:16.160464
CONTAINER ID   NAME                      CPU %      MEM USAGE / LIMIT   MEM %     NET I/O   BLOCK I/O         PIDS
6abaff545ca3   pbbs_breadthFirstSearch   4797.04%   33.56GiB / 96GiB    34.96%    0B / 0B   46GB / 0B         52
2f51b57cac2e   spark                     829.09%    4.121GiB / 96GiB    4.29%     0B / 0B   1.66GB / 32.8kB   135
2025-02-17 10:39:18.169675
CONTAINER ID   NAME                      CPU %      MEM USAGE / LIMIT   MEM %     NET I/O   BLOCK I/O         PIDS
6abaff545ca3   pbbs_breadthFirstSearch   4770.93%   33.56GiB / 96GiB    34.96%    0B / 0B   46GB / 0B         52
2f51b57cac2e   spark                     860.58%    4.121GiB / 96GiB    4.29%     0B / 0B   1.66GB / 32.8kB   135
2025-02-17 10:39:20.179989
CONTAINER ID   NAME                      CPU %      MEM USAGE / LIMIT   MEM %     NET I/O   BLOCK I/O         PIDS
6abaff545ca3   pbbs_breadthFirstSearch   4791.59%   33.56GiB / 96GiB    34.96%    0B / 0B   46GB / 0B         52
2f51b57cac2e   spark                     834.42%    4.121GiB / 96GiB    4.29%     0B / 0B   1.66GB / 32.8kB   135
2025-02-17 10:39:22.186722
CONTAINER ID   NAME                      CPU %      MEM USAGE / LIMIT   MEM %     NET I/O   BLOCK I/O         PIDS
6abaff545ca3   pbbs_breadthFirstSearch   4778.36%   33.56GiB / 96GiB    34.96%    0B / 0B   46GB / 0B         52
2f51b57cac2e   spark                     837.08%    4.124GiB / 96GiB    4.30%     0B / 0B   1.66GB / 32.8kB   135
2025-02-17 10:39:24.197228
CONTAINER ID   NAME                      CPU %      MEM USAGE / LIMIT   MEM %     NET I/O   BLOCK I/O         PIDS
6abaff545ca3   pbbs_breadthFirstSearch   4781.69%   33.56GiB / 96GiB    34.96%    0B / 0B   46GB / 0B         52
2f51b57cac2e   spark                     864.09%    4.128GiB / 96GiB    4.30%     0B / 0B   1.66GB / 32.8kB   135
2025-02-17 10:39:26.205262
CONTAINER ID   NAME                      CPU %      MEM USAGE / LIMIT   MEM %     NET I/O   BLOCK I/O         PIDS
6abaff545ca3   pbbs_breadthFirstSearch   4795.73%   33.56GiB / 96GiB    34.96%    0B / 0B   46GB / 0B         52
2f51b57cac2e   spark                     834.72%    4.128GiB / 96GiB    4.30%     0B / 0B   1.66GB / 32.8kB   135
2025-02-17 10:39:28.214328
CONTAINER ID   NAME                      CPU %      MEM USAGE / LIMIT   MEM %     NET I/O   BLOCK I/O         PIDS
6abaff545ca3   pbbs_breadthFirstSearch   4788.21%   33.56GiB / 96GiB    34.96%    0B / 0B   46GB / 0B         52
2f51b57cac2e   spark                     840.04%    4.129GiB / 96GiB    4.30%     0B / 0B   1.66GB / 32.8kB   135
2025-02-17 10:39:30.225217
CONTAINER ID   NAME                      CPU %      MEM USAGE / LIMIT   MEM %     NET I/O   BLOCK I/O         PIDS
6abaff545ca3   pbbs_breadthFirstSearch   4805.12%   33.56GiB / 96GiB    34.96%    0B / 0B   46GB / 0B         52
2f51b57cac2e   spark                     821.65%    4.129GiB / 96GiB    4.30%     0B / 0B   1.66GB / 32.8kB   135
2025-02-17 10:39:32.233839
CONTAINER ID   NAME                      CPU %      MEM USAGE / LIMIT   MEM %     NET I/O   BLOCK I/O         PIDS
6abaff545ca3   pbbs_breadthFirstSearch   4777.52%   33.56GiB / 96GiB    34.96%    0B / 0B   46GB / 0B         52
2f51b57cac2e   spark                     820.81%    4.13GiB / 96GiB     4.30%     0B / 0B   1.66GB / 32.8kB   135
2025-02-17 10:39:34.243247
CONTAINER ID   NAME                      CPU %      MEM USAGE / LIMIT   MEM %     NET I/O   BLOCK I/O         PIDS
6abaff545ca3   pbbs_breadthFirstSearch   4786.47%   33.56GiB / 96GiB    34.96%    0B / 0B   46GB / 0B         52
2f51b57cac2e   spark                     829.29%    4.13GiB / 96GiB     4.30%     0B / 0B   1.66GB / 32.8kB   135
2025-02-17 10:39:36.252177
CONTAINER ID   NAME                      CPU %      MEM USAGE / LIMIT   MEM %     NET I/O   BLOCK I/O         PIDS
6abaff545ca3   pbbs_breadthFirstSearch   4802.25%   33.56GiB / 96GiB    34.96%    0B / 0B   46GB / 0B         52
2f51b57cac2e   spark                     817.52%    4.13GiB / 96GiB     4.30%     0B / 0B   1.66GB / 32.8kB   129
2025-02-17 10:39:38.261699
CONTAINER ID   NAME                      CPU %      MEM USAGE / LIMIT   MEM %     NET I/O   BLOCK I/O         PIDS
6abaff545ca3   pbbs_breadthFirstSearch   4799.40%   33.56GiB / 96GiB    34.96%    0B / 0B   46GB / 0B         52
2f51b57cac2e   spark                     838.34%    4.13GiB / 96GiB     4.30%     0B / 0B   1.66GB / 32.8kB   129
2025-02-17 10:39:40.270909
CONTAINER ID   NAME                      CPU %      MEM USAGE / LIMIT   MEM %     NET I/O   BLOCK I/O         PIDS
6abaff545ca3   pbbs_breadthFirstSearch   4795.86%   33.56GiB / 96GiB    34.96%    0B / 0B   46GB / 0B         52
2f51b57cac2e   spark                     835.51%    4.131GiB / 96GiB    4.30%     0B / 0B   1.66GB / 32.8kB   129
2025-02-17 10:39:42.280277
CONTAINER ID   NAME                      CPU %      MEM USAGE / LIMIT   MEM %     NET I/O   BLOCK I/O         PIDS
6abaff545ca3   pbbs_breadthFirstSearch   4790.94%   33.56GiB / 96GiB    34.96%    0B / 0B   46GB / 0B         52
2f51b57cac2e   spark                     822.95%    4.132GiB / 96GiB    4.30%     0B / 0B   1.66GB / 32.8kB   129
2025-02-17 10:39:44.289254
CONTAINER ID   NAME                      CPU %      MEM USAGE / LIMIT   MEM %     NET I/O   BLOCK I/O         PIDS
6abaff545ca3   pbbs_breadthFirstSearch   4796.09%   33.56GiB / 96GiB    34.96%    0B / 0B   46GB / 0B         52
2f51b57cac2e   spark                     825.50%    4.135GiB / 96GiB    4.31%     0B / 0B   1.66GB / 32.8kB   129
2025-02-17 10:39:46.300275
CONTAINER ID   NAME                      CPU %      MEM USAGE / LIMIT   MEM %     NET I/O   BLOCK I/O         PIDS
6abaff545ca3   pbbs_breadthFirstSearch   4789.47%   33.56GiB / 96GiB    34.96%    0B / 0B   46GB / 0B         52
2f51b57cac2e   spark                     835.16%    4.135GiB / 96GiB    4.31%     0B / 0B   1.66GB / 32.8kB   129
2025-02-17 10:39:48.308931
CONTAINER ID   NAME                      CPU %      MEM USAGE / LIMIT   MEM %     NET I/O   BLOCK I/O         PIDS
6abaff545ca3   pbbs_breadthFirstSearch   4785.07%   33.56GiB / 96GiB    34.96%    0B / 0B   46GB / 0B         52
2f51b57cac2e   spark                     314.76%    4.138GiB / 96GiB    4.31%     0B / 0B   1.66GB / 32.8kB   130
2025-02-17 10:39:50.317482
CONTAINER ID   NAME                      CPU %      MEM USAGE / LIMIT   MEM %     NET I/O   BLOCK I/O         PIDS
6abaff545ca3   pbbs_breadthFirstSearch   4810.95%   33.56GiB / 96GiB    34.96%    0B / 0B   46GB / 0B         52
2f51b57cac2e   spark                     833.59%    4.14GiB / 96GiB     4.31%     0B / 0B   1.66GB / 32.8kB   135
2025-02-17 10:39:52.326904
CONTAINER ID   NAME                      CPU %      MEM USAGE / LIMIT   MEM %     NET I/O   BLOCK I/O         PIDS
6abaff545ca3   pbbs_breadthFirstSearch   4810.59%   33.56GiB / 96GiB    34.96%    0B / 0B   46GB / 0B         52
2f51b57cac2e   spark                     835.63%    4.14GiB / 96GiB     4.31%     0B / 0B   1.66GB / 32.8kB   135
2025-02-17 10:39:54.336006
CONTAINER ID   NAME                      CPU %      MEM USAGE / LIMIT   MEM %     NET I/O   BLOCK I/O         PIDS
6abaff545ca3   pbbs_breadthFirstSearch   4781.08%   33.56GiB / 96GiB    34.96%    0B / 0B   46GB / 0B         52
2f51b57cac2e   spark                     848.05%    4.141GiB / 96GiB    4.31%     0B / 0B   1.66GB / 32.8kB   135
2025-02-17 10:39:56.345718
CONTAINER ID   NAME                      CPU %      MEM USAGE / LIMIT   MEM %     NET I/O   BLOCK I/O         PIDS
6abaff545ca3   pbbs_breadthFirstSearch   4763.37%   33.56GiB / 96GiB    34.96%    0B / 0B   46GB / 0B         52
2f51b57cac2e   spark                     826.65%    4.141GiB / 96GiB    4.31%     0B / 0B   1.66GB / 32.8kB   135
2025-02-17 10:39:58.356286
CONTAINER ID   NAME                      CPU %      MEM USAGE / LIMIT   MEM %     NET I/O   BLOCK I/O         PIDS
6abaff545ca3   pbbs_breadthFirstSearch   4791.41%   33.56GiB / 96GiB    34.96%    0B / 0B   46GB / 0B         52
2f51b57cac2e   spark                     831.63%    4.142GiB / 96GiB    4.31%     0B / 0B   1.66GB / 32.8kB   135
2025-02-17 10:40:00.367550
CONTAINER ID   NAME                      CPU %      MEM USAGE / LIMIT   MEM %     NET I/O   BLOCK I/O         PIDS
6abaff545ca3   pbbs_breadthFirstSearch   4791.34%   33.56GiB / 96GiB    34.96%    0B / 0B   46GB / 0B         52
2f51b57cac2e   spark                     827.78%    4.143GiB / 96GiB    4.32%     0B / 0B   1.66GB / 32.8kB   135
2025-02-17 10:40:02.377273
CONTAINER ID   NAME                      CPU %      MEM USAGE / LIMIT   MEM %     NET I/O   BLOCK I/O         PIDS
6abaff545ca3   pbbs_breadthFirstSearch   4796.20%   33.56GiB / 96GiB    34.96%    0B / 0B   46GB / 0B         52
2f51b57cac2e   spark                     836.30%    4.143GiB / 96GiB    4.32%     0B / 0B   1.66GB / 32.8kB   135
2025-02-17 10:40:04.385448
CONTAINER ID   NAME                      CPU %      MEM USAGE / LIMIT   MEM %     NET I/O   BLOCK I/O         PIDS
6abaff545ca3   pbbs_breadthFirstSearch   4777.63%   33.56GiB / 96GiB    34.96%    0B / 0B   46GB / 0B         52
2f51b57cac2e   spark                     842.03%    4.143GiB / 96GiB    4.32%     0B / 0B   1.66GB / 32.8kB   135
2025-02-17 10:40:06.394765
CONTAINER ID   NAME                      CPU %      MEM USAGE / LIMIT   MEM %     NET I/O   BLOCK I/O         PIDS
6abaff545ca3   pbbs_breadthFirstSearch   4821.83%   33.56GiB / 96GiB    34.96%    0B / 0B   46GB / 0B         52
2f51b57cac2e   spark                     832.24%    4.143GiB / 96GiB    4.32%     0B / 0B   1.66GB / 32.8kB   135
2025-02-17 10:40:08.404128
CONTAINER ID   NAME                      CPU %      MEM USAGE / LIMIT   MEM %     NET I/O   BLOCK I/O         PIDS
6abaff545ca3   pbbs_breadthFirstSearch   4792.30%   33.56GiB / 96GiB    34.96%    0B / 0B   46GB / 0B         52
2f51b57cac2e   spark                     821.99%    4.145GiB / 96GiB    4.32%     0B / 0B   1.66GB / 32.8kB   135
2025-02-17 10:40:10.414374
CONTAINER ID   NAME                      CPU %      MEM USAGE / LIMIT   MEM %     NET I/O   BLOCK I/O         PIDS
6abaff545ca3   pbbs_breadthFirstSearch   4799.16%   33.56GiB / 96GiB    34.96%    0B / 0B   46GB / 0B         52
2f51b57cac2e   spark                     820.72%    4.145GiB / 96GiB    4.32%     0B / 0B   1.66GB / 32.8kB   135
2025-02-17 10:40:12.422327
CONTAINER ID   NAME                      CPU %      MEM USAGE / LIMIT   MEM %     NET I/O   BLOCK I/O         PIDS
6abaff545ca3   pbbs_breadthFirstSearch   4791.48%   33.56GiB / 96GiB    34.96%    0B / 0B   46GB / 0B         52
2f51b57cac2e   spark                     829.53%    4.146GiB / 96GiB    4.32%     0B / 0B   1.66GB / 32.8kB   135
2025-02-17 10:40:14.434353
CONTAINER ID   NAME                      CPU %      MEM USAGE / LIMIT   MEM %     NET I/O   BLOCK I/O         PIDS
6abaff545ca3   pbbs_breadthFirstSearch   4794.89%   33.56GiB / 96GiB    34.96%    0B / 0B   46GB / 0B         52
2f51b57cac2e   spark                     835.98%    4.147GiB / 96GiB    4.32%     0B / 0B   1.66GB / 32.8kB   135
2025-02-17 10:40:16.442355
CONTAINER ID   NAME                      CPU %      MEM USAGE / LIMIT   MEM %     NET I/O   BLOCK I/O         PIDS
6abaff545ca3   pbbs_breadthFirstSearch   4786.75%   33.56GiB / 96GiB    34.96%    0B / 0B   46GB / 0B         52
2f51b57cac2e   spark                     813.74%    4.147GiB / 96GiB    4.32%     0B / 0B   1.66GB / 32.8kB   135
2025-02-17 10:40:18.453788
CONTAINER ID   NAME                      CPU %      MEM USAGE / LIMIT   MEM %     NET I/O   BLOCK I/O         PIDS
6abaff545ca3   pbbs_breadthFirstSearch   4804.44%   33.56GiB / 96GiB    34.96%    0B / 0B   46GB / 0B         52
2f51b57cac2e   spark                     830.08%    4.147GiB / 96GiB    4.32%     0B / 0B   1.66GB / 32.8kB   135
2025-02-17 10:40:20.463264
CONTAINER ID   NAME                      CPU %      MEM USAGE / LIMIT   MEM %     NET I/O   BLOCK I/O         PIDS
6abaff545ca3   pbbs_breadthFirstSearch   4805.16%   33.56GiB / 96GiB    34.96%    0B / 0B   46GB / 0B         52
2f51b57cac2e   spark                     848.80%    4.149GiB / 96GiB    4.32%     0B / 0B   1.66GB / 32.8kB   135
2025-02-17 10:40:22.471372
CONTAINER ID   NAME                      CPU %      MEM USAGE / LIMIT   MEM %     NET I/O   BLOCK I/O         PIDS
6abaff545ca3   pbbs_breadthFirstSearch   4798.59%   33.56GiB / 96GiB    34.96%    0B / 0B   46GB / 0B         52
2f51b57cac2e   spark                     843.83%    4.149GiB / 96GiB    4.32%     0B / 0B   1.66GB / 32.8kB   135
2025-02-17 10:40:24.484023
CONTAINER ID   NAME                      CPU %      MEM USAGE / LIMIT   MEM %     NET I/O   BLOCK I/O         PIDS
6abaff545ca3   pbbs_breadthFirstSearch   4784.02%   33.56GiB / 96GiB    34.96%    0B / 0B   46GB / 0B         52
2f51b57cac2e   spark                     844.57%    4.149GiB / 96GiB    4.32%     0B / 0B   1.66GB / 32.8kB   135
2025-02-17 10:40:26.493802
CONTAINER ID   NAME                      CPU %      MEM USAGE / LIMIT   MEM %     NET I/O   BLOCK I/O         PIDS
6abaff545ca3   pbbs_breadthFirstSearch   4779.60%   33.56GiB / 96GiB    34.96%    0B / 0B   46GB / 0B         52
2f51b57cac2e   spark                     836.87%    4.15GiB / 96GiB     4.32%     0B / 0B   1.66GB / 32.8kB   135
2025-02-17 10:40:28.505809
CONTAINER ID   NAME                      CPU %      MEM USAGE / LIMIT   MEM %     NET I/O   BLOCK I/O         PIDS
6abaff545ca3   pbbs_breadthFirstSearch   4808.78%   33.56GiB / 96GiB    34.96%    0B / 0B   46GB / 0B         52
2f51b57cac2e   spark                     828.35%    4.152GiB / 96GiB    4.33%     0B / 0B   1.66GB / 32.8kB   135
2025-02-17 10:40:30.517556
CONTAINER ID   NAME                      CPU %      MEM USAGE / LIMIT   MEM %     NET I/O   BLOCK I/O         PIDS
6abaff545ca3   pbbs_breadthFirstSearch   4797.82%   33.56GiB / 96GiB    34.96%    0B / 0B   46GB / 0B         52
2f51b57cac2e   spark                     824.17%    4.153GiB / 96GiB    4.33%     0B / 0B   1.66GB / 32.8kB   135
2025-02-17 10:40:32.524765
CONTAINER ID   NAME                      CPU %      MEM USAGE / LIMIT   MEM %     NET I/O   BLOCK I/O         PIDS
6abaff545ca3   pbbs_breadthFirstSearch   4793.61%   33.56GiB / 96GiB    34.96%    0B / 0B   46GB / 0B         52
2f51b57cac2e   spark                     832.01%    4.156GiB / 96GiB    4.33%     0B / 0B   1.66GB / 32.8kB   135
2025-02-17 10:40:34.534886
CONTAINER ID   NAME                      CPU %      MEM USAGE / LIMIT   MEM %     NET I/O   BLOCK I/O         PIDS
6abaff545ca3   pbbs_breadthFirstSearch   4792.62%   33.56GiB / 96GiB    34.96%    0B / 0B   46GB / 0B         52
2f51b57cac2e   spark                     815.84%    4.156GiB / 96GiB    4.33%     0B / 0B   1.66GB / 32.8kB   135
2025-02-17 10:40:36.545997
CONTAINER ID   NAME                      CPU %      MEM USAGE / LIMIT   MEM %     NET I/O   BLOCK I/O         PIDS
6abaff545ca3   pbbs_breadthFirstSearch   4775.40%   33.56GiB / 96GiB    34.96%    0B / 0B   46GB / 0B         52
2f51b57cac2e   spark                     824.67%    4.157GiB / 96GiB    4.33%     0B / 0B   1.66GB / 32.8kB   135
2025-02-17 10:40:38.555048
CONTAINER ID   NAME                      CPU %      MEM USAGE / LIMIT   MEM %     NET I/O   BLOCK I/O         PIDS
6abaff545ca3   pbbs_breadthFirstSearch   4807.87%   33.56GiB / 96GiB    34.96%    0B / 0B   46GB / 0B         52
2f51b57cac2e   spark                     826.89%    4.157GiB / 96GiB    4.33%     0B / 0B   1.66GB / 32.8kB   135
2025-02-17 10:40:40.565408
CONTAINER ID   NAME                      CPU %      MEM USAGE / LIMIT   MEM %     NET I/O   BLOCK I/O         PIDS
6abaff545ca3   pbbs_breadthFirstSearch   4796.40%   33.56GiB / 96GiB    34.96%    0B / 0B   46GB / 0B         52
2f51b57cac2e   spark                     831.03%    4.159GiB / 96GiB    4.33%     0B / 0B   1.66GB / 32.8kB   135
2025-02-17 10:40:42.574717
CONTAINER ID   NAME                      CPU %      MEM USAGE / LIMIT   MEM %     NET I/O   BLOCK I/O         PIDS
6abaff545ca3   pbbs_breadthFirstSearch   4796.41%   33.56GiB / 96GiB    34.96%    0B / 0B   46GB / 0B         52
2f51b57cac2e   spark                     828.08%    4.159GiB / 96GiB    4.33%     0B / 0B   1.66GB / 32.8kB   135
2025-02-17 10:40:44.586841
CONTAINER ID   NAME                      CPU %      MEM USAGE / LIMIT   MEM %     NET I/O   BLOCK I/O         PIDS
6abaff545ca3   pbbs_breadthFirstSearch   4784.79%   33.56GiB / 96GiB    34.96%    0B / 0B   46GB / 0B         52
2f51b57cac2e   spark                     835.29%    4.16GiB / 96GiB     4.33%     0B / 0B   1.66GB / 32.8kB   135
2025-02-17 10:40:46.595556
CONTAINER ID   NAME                      CPU %      MEM USAGE / LIMIT   MEM %     NET I/O   BLOCK I/O         PIDS
6abaff545ca3   pbbs_breadthFirstSearch   4803.45%   33.56GiB / 96GiB    34.96%    0B / 0B   46GB / 0B         52
2f51b57cac2e   spark                     827.71%    4.161GiB / 96GiB    4.33%     0B / 0B   1.66GB / 32.8kB   135
2025-02-17 10:40:48.604554
CONTAINER ID   NAME                      CPU %      MEM USAGE / LIMIT   MEM %     NET I/O   BLOCK I/O         PIDS
6abaff545ca3   pbbs_breadthFirstSearch   4778.54%   33.56GiB / 96GiB    34.96%    0B / 0B   46GB / 0B         52
2f51b57cac2e   spark                     827.71%    4.16GiB / 96GiB     4.33%     0B / 0B   1.66GB / 32.8kB   129
2025-02-17 10:40:50.615646
CONTAINER ID   NAME                      CPU %      MEM USAGE / LIMIT   MEM %     NET I/O   BLOCK I/O         PIDS
6abaff545ca3   pbbs_breadthFirstSearch   4786.37%   33.56GiB / 96GiB    34.96%    0B / 0B   46GB / 0B         52
2f51b57cac2e   spark                     826.16%    4.161GiB / 96GiB    4.33%     0B / 0B   1.66GB / 32.8kB   129
2025-02-17 10:40:52.625588
CONTAINER ID   NAME                      CPU %      MEM USAGE / LIMIT   MEM %     NET I/O   BLOCK I/O         PIDS
6abaff545ca3   pbbs_breadthFirstSearch   4796.86%   33.56GiB / 96GiB    34.96%    0B / 0B   46GB / 0B         52
2f51b57cac2e   spark                     836.27%    4.163GiB / 96GiB    4.34%     0B / 0B   1.66GB / 32.8kB   129
2025-02-17 10:40:54.636080
CONTAINER ID   NAME                      CPU %      MEM USAGE / LIMIT   MEM %     NET I/O   BLOCK I/O         PIDS
6abaff545ca3   pbbs_breadthFirstSearch   4798.56%   33.56GiB / 96GiB    34.96%    0B / 0B   46GB / 0B         52
2f51b57cac2e   spark                     840.14%    4.166GiB / 96GiB    4.34%     0B / 0B   1.66GB / 32.8kB   129
2025-02-17 10:40:56.646557
CONTAINER ID   NAME                      CPU %      MEM USAGE / LIMIT   MEM %     NET I/O   BLOCK I/O         PIDS
6abaff545ca3   pbbs_breadthFirstSearch   4787.20%   33.56GiB / 96GiB    34.96%    0B / 0B   46GB / 0B         52
2f51b57cac2e   spark                     821.69%    4.168GiB / 96GiB    4.34%     0B / 0B   1.66GB / 32.8kB   129
2025-02-17 10:40:58.656603
CONTAINER ID   NAME                      CPU %      MEM USAGE / LIMIT   MEM %     NET I/O   BLOCK I/O         PIDS
6abaff545ca3   pbbs_breadthFirstSearch   4785.54%   33.56GiB / 96GiB    34.96%    0B / 0B   46GB / 0B         52
2f51b57cac2e   spark                     491.42%    4.171GiB / 96GiB    4.35%     0B / 0B   1.66GB / 32.8kB   129
2025-02-17 10:41:00.667035
CONTAINER ID   NAME                      CPU %      MEM USAGE / LIMIT   MEM %     NET I/O   BLOCK I/O         PIDS
6abaff545ca3   pbbs_breadthFirstSearch   4811.19%   33.56GiB / 96GiB    34.96%    0B / 0B   46GB / 0B         52
2f51b57cac2e   spark                     879.79%    4.186GiB / 96GiB    4.36%     0B / 0B   1.66GB / 32.8kB   135
2025-02-17 10:41:02.678614
CONTAINER ID   NAME                      CPU %      MEM USAGE / LIMIT   MEM %     NET I/O   BLOCK I/O         PIDS
6abaff545ca3   pbbs_breadthFirstSearch   4781.88%   33.56GiB / 96GiB    34.96%    0B / 0B   46GB / 0B         52
2f51b57cac2e   spark                     827.68%    4.188GiB / 96GiB    4.36%     0B / 0B   1.66GB / 32.8kB   135
2025-02-17 10:41:04.686894
CONTAINER ID   NAME                      CPU %     MEM USAGE / LIMIT   MEM %     NET I/O   BLOCK I/O         PIDS
6abaff545ca3   pbbs_breadthFirstSearch   101.67%   16.53GiB / 96GiB    17.22%    0B / 0B   46GB / 0B         5
2f51b57cac2e   spark                     824.63%   4.184GiB / 96GiB    4.36%     0B / 0B   1.66GB / 32.8kB   135
2025-02-17 10:41:06.697249
CONTAINER ID   NAME      CPU %     MEM USAGE / LIMIT   MEM %     NET I/O   BLOCK I/O         PIDS
2f51b57cac2e   spark     820.86%   4.173GiB / 96GiB    4.35%     0B / 0B   1.66GB / 32.8kB   135
2025-02-17 10:41:08.708406
CONTAINER ID   NAME      CPU %     MEM USAGE / LIMIT   MEM %     NET I/O   BLOCK I/O         PIDS
2f51b57cac2e   spark     822.58%   4.175GiB / 96GiB    4.35%     0B / 0B   1.66GB / 32.8kB   135
2025-02-17 10:41:10.715080
CONTAINER ID   NAME      CPU %     MEM USAGE / LIMIT   MEM %     NET I/O   BLOCK I/O         PIDS
2f51b57cac2e   spark     825.43%   4.177GiB / 96GiB    4.35%     0B / 0B   1.66GB / 32.8kB   135
2025-02-17 10:41:12.723776
CONTAINER ID   NAME      CPU %     MEM USAGE / LIMIT   MEM %     NET I/O   BLOCK I/O         PIDS
2f51b57cac2e   spark     821.58%   4.178GiB / 96GiB    4.35%     0B / 0B   1.66GB / 32.8kB   135
2025-02-17 10:41:14.732583
CONTAINER ID   NAME      CPU %     MEM USAGE / LIMIT   MEM %     NET I/O   BLOCK I/O         PIDS
2f51b57cac2e   spark     824.90%   4.18GiB / 96GiB     4.35%     0B / 0B   1.66GB / 32.8kB   135
2025-02-17 10:41:16.738363
CONTAINER ID   NAME      CPU %     MEM USAGE / LIMIT   MEM %     NET I/O   BLOCK I/O         PIDS
2f51b57cac2e   spark     823.77%   4.181GiB / 96GiB    4.36%     0B / 0B   1.66GB / 32.8kB   135
2025-02-17 10:41:18.745257
CONTAINER ID   NAME      CPU %     MEM USAGE / LIMIT   MEM %     NET I/O   BLOCK I/O         PIDS
2f51b57cac2e   spark     820.28%   4.184GiB / 96GiB    4.36%     0B / 0B   1.66GB / 32.8kB   135
2025-02-17 10:41:20.752599
CONTAINER ID   NAME      CPU %     MEM USAGE / LIMIT   MEM %     NET I/O   BLOCK I/O         PIDS
2f51b57cac2e   spark     814.40%   4.185GiB / 96GiB    4.36%     0B / 0B   1.66GB / 32.8kB   135
2025-02-17 10:41:22.758924
CONTAINER ID   NAME      CPU %     MEM USAGE / LIMIT   MEM %     NET I/O   BLOCK I/O         PIDS
2f51b57cac2e   spark     821.26%   4.186GiB / 96GiB    4.36%     0B / 0B   1.66GB / 32.8kB   135
2025-02-17 10:41:24.769000
CONTAINER ID   NAME      CPU %     MEM USAGE / LIMIT   MEM %     NET I/O   BLOCK I/O         PIDS
2f51b57cac2e   spark     823.71%   4.186GiB / 96GiB    4.36%     0B / 0B   1.66GB / 32.8kB   135
2025-02-17 10:41:26.775109
CONTAINER ID   NAME      CPU %     MEM USAGE / LIMIT   MEM %     NET I/O   BLOCK I/O         PIDS
2f51b57cac2e   spark     823.11%   4.188GiB / 96GiB    4.36%     0B / 0B   1.66GB / 32.8kB   135
2025-02-17 10:41:28.783254
CONTAINER ID   NAME      CPU %     MEM USAGE / LIMIT   MEM %     NET I/O   BLOCK I/O         PIDS
2f51b57cac2e   spark     823.75%   4.189GiB / 96GiB    4.36%     0B / 0B   1.66GB / 32.8kB   135
2025-02-17 10:41:30.789456
CONTAINER ID   NAME      CPU %     MEM USAGE / LIMIT   MEM %     NET I/O   BLOCK I/O         PIDS
2f51b57cac2e   spark     824.43%   4.189GiB / 96GiB    4.36%     0B / 0B   1.66GB / 32.8kB   135
2025-02-17 10:41:32.796245
CONTAINER ID   NAME      CPU %     MEM USAGE / LIMIT   MEM %     NET I/O   BLOCK I/O         PIDS
2f51b57cac2e   spark     835.11%   4.197GiB / 96GiB    4.37%     0B / 0B   1.66GB / 32.8kB   135
2025-02-17 10:41:34.802928
CONTAINER ID   NAME      CPU %     MEM USAGE / LIMIT   MEM %     NET I/O   BLOCK I/O         PIDS
2f51b57cac2e   spark     823.25%   4.202GiB / 96GiB    4.38%     0B / 0B   1.66GB / 32.8kB   135
2025-02-17 10:41:36.810450
CONTAINER ID   NAME      CPU %     MEM USAGE / LIMIT   MEM %     NET I/O   BLOCK I/O         PIDS
2f51b57cac2e   spark     822.28%   4.206GiB / 96GiB    4.38%     0B / 0B   1.66GB / 32.8kB   135
2025-02-17 10:41:38.817162
CONTAINER ID   NAME      CPU %     MEM USAGE / LIMIT   MEM %     NET I/O   BLOCK I/O         PIDS
2f51b57cac2e   spark     823.56%   4.207GiB / 96GiB    4.38%     0B / 0B   1.66GB / 32.8kB   135
2025-02-17 10:41:40.825314
CONTAINER ID   NAME      CPU %     MEM USAGE / LIMIT   MEM %     NET I/O   BLOCK I/O         PIDS
2f51b57cac2e   spark     820.67%   4.209GiB / 96GiB    4.38%     0B / 0B   1.66GB / 32.8kB   135
2025-02-17 10:41:42.831345
CONTAINER ID   NAME      CPU %     MEM USAGE / LIMIT   MEM %     NET I/O   BLOCK I/O         PIDS
2f51b57cac2e   spark     816.03%   4.21GiB / 96GiB     4.39%     0B / 0B   1.66GB / 32.8kB   135
2025-02-17 10:41:44.839925
CONTAINER ID   NAME      CPU %     MEM USAGE / LIMIT   MEM %     NET I/O   BLOCK I/O         PIDS
2f51b57cac2e   spark     817.40%   4.211GiB / 96GiB    4.39%     0B / 0B   1.66GB / 32.8kB   135
2025-02-17 10:41:46.845251
CONTAINER ID   NAME      CPU %     MEM USAGE / LIMIT   MEM %     NET I/O   BLOCK I/O         PIDS
2f51b57cac2e   spark     816.84%   4.212GiB / 96GiB    4.39%     0B / 0B   1.66GB / 32.8kB   135
2025-02-17 10:41:48.852305
CONTAINER ID   NAME      CPU %     MEM USAGE / LIMIT   MEM %     NET I/O   BLOCK I/O         PIDS
2f51b57cac2e   spark     816.93%   4.213GiB / 96GiB    4.39%     0B / 0B   1.66GB / 32.8kB   135
2025-02-17 10:41:50.859561
CONTAINER ID   NAME      CPU %     MEM USAGE / LIMIT   MEM %     NET I/O   BLOCK I/O         PIDS
2f51b57cac2e   spark     815.59%   4.213GiB / 96GiB    4.39%     0B / 0B   1.66GB / 32.8kB   135
2025-02-17 10:41:52.866194
CONTAINER ID   NAME      CPU %     MEM USAGE / LIMIT   MEM %     NET I/O   BLOCK I/O         PIDS
2f51b57cac2e   spark     825.49%   4.215GiB / 96GiB    4.39%     0B / 0B   1.66GB / 32.8kB   135
2025-02-17 10:41:54.874714
CONTAINER ID   NAME      CPU %     MEM USAGE / LIMIT   MEM %     NET I/O   BLOCK I/O         PIDS
2f51b57cac2e   spark     820.79%   4.216GiB / 96GiB    4.39%     0B / 0B   1.66GB / 32.8kB   135
2025-02-17 10:41:56.881513
CONTAINER ID   NAME      CPU %     MEM USAGE / LIMIT   MEM %     NET I/O   BLOCK I/O         PIDS
2f51b57cac2e   spark     820.37%   4.217GiB / 96GiB    4.39%     0B / 0B   1.66GB / 32.8kB   135
2025-02-17 10:41:58.888428
CONTAINER ID   NAME      CPU %     MEM USAGE / LIMIT   MEM %     NET I/O   BLOCK I/O         PIDS
2f51b57cac2e   spark     812.68%   4.217GiB / 96GiB    4.39%     0B / 0B   1.66GB / 32.8kB   135
2025-02-17 10:42:00.894879
CONTAINER ID   NAME      CPU %     MEM USAGE / LIMIT   MEM %     NET I/O   BLOCK I/O         PIDS
2f51b57cac2e   spark     818.88%   4.218GiB / 96GiB    4.39%     0B / 0B   1.66GB / 32.8kB   129
2025-02-17 10:42:02.901202
CONTAINER ID   NAME      CPU %     MEM USAGE / LIMIT   MEM %     NET I/O   BLOCK I/O         PIDS
2f51b57cac2e   spark     820.55%   4.22GiB / 96GiB     4.40%     0B / 0B   1.66GB / 32.8kB   129
2025-02-17 10:42:04.907684
CONTAINER ID   NAME      CPU %     MEM USAGE / LIMIT   MEM %     NET I/O   BLOCK I/O         PIDS
2f51b57cac2e   spark     816.73%   4.221GiB / 96GiB    4.40%     0B / 0B   1.66GB / 32.8kB   129
2025-02-17 10:42:06.915690
CONTAINER ID   NAME      CPU %     MEM USAGE / LIMIT   MEM %     NET I/O   BLOCK I/O         PIDS
2f51b57cac2e   spark     813.80%   4.222GiB / 96GiB    4.40%     0B / 0B   1.66GB / 32.8kB   129
2025-02-17 10:42:08.922657
CONTAINER ID   NAME      CPU %     MEM USAGE / LIMIT   MEM %     NET I/O   BLOCK I/O         PIDS
2f51b57cac2e   spark     259.92%   4.198GiB / 96GiB    4.37%     0B / 0B   1.66GB / 32.8kB   93
2025-02-17 10:42:10.929416
CONTAINER ID   NAME      CPU %     MEM USAGE / LIMIT   MEM %     NET I/O   BLOCK I/O         PIDS
2f51b57cac2e   spark     0.00%     1.554GiB / 96GiB    1.62%     0B / 0B   1.66GB / 32.8kB   1
2025-02-17 10:42:12.934746
CONTAINER ID   NAME      CPU %     MEM USAGE / LIMIT   MEM %     NET I/O   BLOCK I/O         PIDS
2f51b57cac2e   spark     0.00%     1.554GiB / 96GiB    1.62%     0B / 0B   1.66GB / 32.8kB   1
2025-02-17 10:42:14.940429
CONTAINER ID   NAME      CPU %     MEM USAGE / LIMIT   MEM %     NET I/O   BLOCK I/O         PIDS
2f51b57cac2e   spark     0.00%     1.554GiB / 96GiB    1.62%     0B / 0B   1.66GB / 32.8kB   1
2025-02-17 10:42:16.945388
CONTAINER ID   NAME      CPU %     MEM USAGE / LIMIT   MEM %     NET I/O   BLOCK I/O         PIDS
2f51b57cac2e   spark     0.00%     1.554GiB / 96GiB    1.62%     0B / 0B   1.66GB / 32.8kB   1
2025-02-17 10:42:18.952136
CONTAINER ID   NAME      CPU %     MEM USAGE / LIMIT   MEM %     NET I/O   BLOCK I/O   PIDS
