2024-11-13 20:45:52.248150
CONTAINER ID   NAME      CPU %     MEM USAGE / LIMIT   MEM %     NET I/O   BLOCK I/O   PIDS
2024-11-13 20:45:52.884281
CONTAINER ID   NAME      CPU %     MEM USAGE / LIMIT   MEM %     NET I/O   BLOCK I/O   PIDS
2024-11-13 20:45:53.518305
CONTAINER ID   NAME      CPU %     MEM USAGE / LIMIT   MEM %     NET I/O   BLOCK I/O   PIDS
2024-11-13 20:45:54.154429
CONTAINER ID   NAME      CPU %     MEM USAGE / LIMIT   MEM %     NET I/O   BLOCK I/O   PIDS
2024-11-13 20:45:54.790317
CONTAINER ID   NAME      CPU %     MEM USAGE / LIMIT   MEM %     NET I/O   BLOCK I/O   PIDS
2024-11-13 20:45:55.422304
CONTAINER ID   NAME      CPU %     MEM USAGE / LIMIT   MEM %     NET I/O   BLOCK I/O   PIDS
2024-11-13 20:45:56.054693
CONTAINER ID   NAME      CPU %     MEM USAGE / LIMIT   MEM %     NET I/O   BLOCK I/O   PIDS
2024-11-13 20:45:56.689579
CONTAINER ID   NAME      CPU %     MEM USAGE / LIMIT   MEM %     NET I/O   BLOCK I/O   PIDS
2024-11-13 20:45:57.322517
CONTAINER ID   NAME      CPU %     MEM USAGE / LIMIT   MEM %     NET I/O   BLOCK I/O   PIDS
2024-11-13 20:45:57.955083
CONTAINER ID   NAME      CPU %     MEM USAGE / LIMIT   MEM %     NET I/O   BLOCK I/O   PIDS
2024-11-13 20:45:58.587597
CONTAINER ID   NAME      CPU %     MEM USAGE / LIMIT   MEM %     NET I/O   BLOCK I/O   PIDS
2024-11-13 20:45:59.220504
CONTAINER ID   NAME      CPU %     MEM USAGE / LIMIT   MEM %     NET I/O   BLOCK I/O   PIDS
2024-11-13 20:45:59.851802
CONTAINER ID   NAME      CPU %     MEM USAGE / LIMIT   MEM %     NET I/O   BLOCK I/O   PIDS
2024-11-13 20:46:00.485111
CONTAINER ID   NAME      CPU %     MEM USAGE / LIMIT   MEM %     NET I/O   BLOCK I/O   PIDS
2024-11-13 20:46:01.117134
CONTAINER ID   NAME      CPU %     MEM USAGE / LIMIT   MEM %     NET I/O   BLOCK I/O   PIDS
2024-11-13 20:46:01.750268
CONTAINER ID   NAME      CPU %     MEM USAGE / LIMIT   MEM %     NET I/O   BLOCK I/O   PIDS
2024-11-13 20:46:02.382869
CONTAINER ID   NAME      CPU %     MEM USAGE / LIMIT   MEM %     NET I/O   BLOCK I/O   PIDS
2024-11-13 20:46:03.015014
CONTAINER ID   NAME      CPU %     MEM USAGE / LIMIT   MEM %     NET I/O   BLOCK I/O   PIDS
2024-11-13 20:46:03.648003
CONTAINER ID   NAME      CPU %     MEM USAGE / LIMIT   MEM %     NET I/O   BLOCK I/O   PIDS
2024-11-13 20:46:04.279787
CONTAINER ID   NAME      CPU %     MEM USAGE / LIMIT   MEM %     NET I/O   BLOCK I/O   PIDS
2024-11-13 20:46:04.913230
CONTAINER ID   NAME      CPU %     MEM USAGE / LIMIT   MEM %     NET I/O   BLOCK I/O   PIDS
2024-11-13 20:46:05.545384
CONTAINER ID   NAME      CPU %     MEM USAGE / LIMIT   MEM %     NET I/O   BLOCK I/O   PIDS
2024-11-13 20:46:06.177436
CONTAINER ID   NAME      CPU %     MEM USAGE / LIMIT   MEM %     NET I/O   BLOCK I/O   PIDS
2024-11-13 20:46:06.810729
CONTAINER ID   NAME      CPU %     MEM USAGE / LIMIT   MEM %     NET I/O   BLOCK I/O   PIDS
2024-11-13 20:46:07.442220
CONTAINER ID   NAME      CPU %     MEM USAGE / LIMIT   MEM %     NET I/O   BLOCK I/O   PIDS
2024-11-13 20:46:08.076005
CONTAINER ID   NAME      CPU %     MEM USAGE / LIMIT   MEM %     NET I/O   BLOCK I/O   PIDS
2024-11-13 20:46:08.708279
CONTAINER ID   NAME      CPU %     MEM USAGE / LIMIT   MEM %     NET I/O   BLOCK I/O   PIDS
2024-11-13 20:46:09.340313
CONTAINER ID   NAME      CPU %     MEM USAGE / LIMIT   MEM %     NET I/O   BLOCK I/O   PIDS
2024-11-13 20:46:09.973649
CONTAINER ID   NAME      CPU %     MEM USAGE / LIMIT   MEM %     NET I/O   BLOCK I/O   PIDS
2024-11-13 20:46:10.606098
CONTAINER ID   NAME      CPU %     MEM USAGE / LIMIT   MEM %     NET I/O   BLOCK I/O   PIDS
2024-11-13 20:46:11.239744
CONTAINER ID   NAME      CPU %     MEM USAGE / LIMIT   MEM %     NET I/O   BLOCK I/O   PIDS
2024-11-13 20:46:11.870891
CONTAINER ID   NAME      CPU %     MEM USAGE / LIMIT   MEM %     NET I/O   BLOCK I/O   PIDS
2024-11-13 20:46:12.503871
CONTAINER ID   NAME               CPU %     MEM USAGE / LIMIT   MEM %     NET I/O   BLOCK I/O     PIDS
06aafbbba5ee   pbbs_suffixArray   99.27%    176.2MiB / 96GiB    0.18%     0B / 0B   24.6kB / 0B   5
2024-11-13 20:46:14.150265
CONTAINER ID   NAME               CPU %     MEM USAGE / LIMIT   MEM %     NET I/O   BLOCK I/O     PIDS
06aafbbba5ee   pbbs_suffixArray   99.16%    331.6MiB / 96GiB    0.34%     0B / 0B   24.6kB / 0B   5
2024-11-13 20:46:16.159340
CONTAINER ID   NAME               CPU %     MEM USAGE / LIMIT   MEM %     NET I/O   BLOCK I/O     PIDS
06aafbbba5ee   pbbs_suffixArray   99.50%    378.3MiB / 96GiB    0.38%     0B / 0B   24.6kB / 0B   5
2024-11-13 20:46:18.166782
CONTAINER ID   NAME               CPU %     MEM USAGE / LIMIT   MEM %     NET I/O   BLOCK I/O         PIDS
06aafbbba5ee   pbbs_suffixArray   96.08%    40.04MiB / 96GiB    0.04%     0B / 0B   57.3kB / 16.3MB   5
2024-11-13 20:46:20.175636
CONTAINER ID   NAME               CPU %     MEM USAGE / LIMIT   MEM %     NET I/O   BLOCK I/O         PIDS
06aafbbba5ee   pbbs_suffixArray   100.02%   299MiB / 96GiB      0.30%     0B / 0B   57.3kB / 16.3MB   5
2024-11-13 20:46:22.187051
CONTAINER ID   NAME               CPU %     MEM USAGE / LIMIT   MEM %     NET I/O   BLOCK I/O         PIDS
06aafbbba5ee   pbbs_suffixArray   100.04%   393.5MiB / 96GiB    0.40%     0B / 0B   57.3kB / 16.3MB   5
2024-11-13 20:46:24.193184
CONTAINER ID   NAME               CPU %     MEM USAGE / LIMIT   MEM %     NET I/O   BLOCK I/O         PIDS
06aafbbba5ee   pbbs_suffixArray   99.20%    415.7MiB / 96GiB    0.42%     0B / 0B   57.3kB / 16.3MB   5
2024-11-13 20:46:26.201021
CONTAINER ID   NAME               CPU %     MEM USAGE / LIMIT   MEM %     NET I/O   BLOCK I/O         PIDS
06aafbbba5ee   pbbs_suffixArray   99.96%    416.8MiB / 96GiB    0.42%     0B / 0B   57.3kB / 16.3MB   5
2024-11-13 20:46:28.210548
CONTAINER ID   NAME               CPU %     MEM USAGE / LIMIT   MEM %     NET I/O   BLOCK I/O         PIDS
06aafbbba5ee   pbbs_suffixArray   99.05%    430.8MiB / 96GiB    0.44%     0B / 0B   57.3kB / 16.3MB   5
2024-11-13 20:46:30.217862
CONTAINER ID   NAME               CPU %     MEM USAGE / LIMIT   MEM %     NET I/O   BLOCK I/O         PIDS
06aafbbba5ee   pbbs_suffixArray   100.13%   476.9MiB / 96GiB    0.49%     0B / 0B   57.3kB / 16.3MB   5
2024-11-13 20:46:32.225738
CONTAINER ID   NAME               CPU %     MEM USAGE / LIMIT   MEM %     NET I/O   BLOCK I/O         PIDS
06aafbbba5ee   pbbs_suffixArray   100.03%   40.38MiB / 96GiB    0.04%     0B / 0B   65.5kB / 45.2MB   7
2024-11-13 20:46:34.234503
CONTAINER ID   NAME               CPU %     MEM USAGE / LIMIT   MEM %     NET I/O   BLOCK I/O         PIDS
06aafbbba5ee   pbbs_suffixArray   100.15%   299.4MiB / 96GiB    0.30%     0B / 0B   69.6kB / 45.2MB   7
2024-11-13 20:46:36.243356
CONTAINER ID   NAME               CPU %     MEM USAGE / LIMIT   MEM %     NET I/O   BLOCK I/O         PIDS
06aafbbba5ee   pbbs_suffixArray   100.05%   341.9MiB / 96GiB    0.35%     0B / 0B   69.6kB / 45.2MB   7
2024-11-13 20:46:38.252016
CONTAINER ID   NAME               CPU %     MEM USAGE / LIMIT   MEM %     NET I/O   BLOCK I/O         PIDS
06aafbbba5ee   pbbs_suffixArray   99.99%    384.8MiB / 96GiB    0.39%     0B / 0B   69.6kB / 45.2MB   7
2024-11-13 20:46:40.261554
CONTAINER ID   NAME               CPU %      MEM USAGE / LIMIT   MEM %     NET I/O   BLOCK I/O         PIDS
06aafbbba5ee   pbbs_suffixArray   2202.89%   5.352GiB / 96GiB    5.58%     0B / 0B   77.8kB / 68.5MB   52
2024-11-13 20:46:42.270103
CONTAINER ID   NAME               CPU %      MEM USAGE / LIMIT   MEM %     NET I/O   BLOCK I/O         PIDS
06aafbbba5ee   pbbs_suffixArray   4791.93%   19.03GiB / 96GiB    19.82%    0B / 0B   77.8kB / 68.5MB   52
2024-11-13 20:46:44.273924
CONTAINER ID   NAME               CPU %      MEM USAGE / LIMIT   MEM %     NET I/O   BLOCK I/O         PIDS
06aafbbba5ee   pbbs_suffixArray   4794.06%   28.23GiB / 96GiB    29.40%    0B / 0B   77.8kB / 68.5MB   52
2024-11-13 20:46:46.281883
CONTAINER ID   NAME               CPU %      MEM USAGE / LIMIT   MEM %     NET I/O   BLOCK I/O         PIDS
06aafbbba5ee   pbbs_suffixArray   2953.18%   27.96GiB / 96GiB    29.12%    0B / 0B   77.8kB / 68.5MB   52
2024-11-13 20:46:48.290661
CONTAINER ID   NAME               CPU %      MEM USAGE / LIMIT   MEM %     NET I/O   BLOCK I/O         PIDS
06aafbbba5ee   pbbs_suffixArray   4809.14%   23.8GiB / 96GiB     24.79%    0B / 0B   77.8kB / 68.5MB   52
2024-11-13 20:46:50.306093
CONTAINER ID   NAME               CPU %      MEM USAGE / LIMIT   MEM %     NET I/O   BLOCK I/O         PIDS
06aafbbba5ee   pbbs_suffixArray   4732.56%   26.89GiB / 96GiB    28.01%    0B / 0B   77.8kB / 68.5MB   52
2024-11-13 20:46:52.311765
CONTAINER ID   NAME               CPU %      MEM USAGE / LIMIT   MEM %     NET I/O   BLOCK I/O         PIDS
06aafbbba5ee   pbbs_suffixArray   4803.22%   39.74GiB / 96GiB    41.40%    0B / 0B   77.8kB / 68.5MB   52
2024-11-13 20:46:54.314663
CONTAINER ID   NAME               CPU %      MEM USAGE / LIMIT   MEM %     NET I/O   BLOCK I/O         PIDS
06aafbbba5ee   pbbs_suffixArray   1973.67%   28.13GiB / 96GiB    29.30%    0B / 0B   77.8kB / 68.5MB   52
2024-11-13 20:46:56.324602
CONTAINER ID   NAME               CPU %      MEM USAGE / LIMIT   MEM %     NET I/O   BLOCK I/O         PIDS
06aafbbba5ee   pbbs_suffixArray   3950.63%   24.94GiB / 96GiB    25.98%    0B / 0B   77.8kB / 68.5MB   52
2024-11-13 20:46:58.339092
CONTAINER ID   NAME               CPU %      MEM USAGE / LIMIT   MEM %     NET I/O   BLOCK I/O         PIDS
06aafbbba5ee   pbbs_suffixArray   4791.04%   40.29GiB / 96GiB    41.97%    0B / 0B   77.8kB / 68.5MB   52
2024-11-13 20:47:00.345859
CONTAINER ID   NAME               CPU %      MEM USAGE / LIMIT   MEM %     NET I/O   BLOCK I/O         PIDS
06aafbbba5ee   pbbs_suffixArray   2349.68%   34.95GiB / 96GiB    36.41%    0B / 0B   77.8kB / 68.5MB   52
2024-11-13 20:47:02.356202
CONTAINER ID   NAME               CPU %      MEM USAGE / LIMIT   MEM %     NET I/O   BLOCK I/O         PIDS
06aafbbba5ee   pbbs_suffixArray   4792.38%   32.14GiB / 96GiB    33.48%    0B / 0B   77.8kB / 68.5MB   52
2024-11-13 20:47:04.361652
CONTAINER ID   NAME               CPU %      MEM USAGE / LIMIT   MEM %     NET I/O   BLOCK I/O         PIDS
06aafbbba5ee   pbbs_suffixArray   4781.94%   36.58GiB / 96GiB    38.10%    0B / 0B   77.8kB / 68.5MB   52
2024-11-13 20:47:06.374027
CONTAINER ID   NAME               CPU %      MEM USAGE / LIMIT   MEM %     NET I/O   BLOCK I/O         PIDS
06aafbbba5ee   pbbs_suffixArray   4794.56%   37.9GiB / 96GiB     39.48%    0B / 0B   77.8kB / 68.5MB   52
2024-11-13 20:47:08.381447
CONTAINER ID   NAME               CPU %      MEM USAGE / LIMIT   MEM %     NET I/O   BLOCK I/O         PIDS
06aafbbba5ee   pbbs_suffixArray   4200.40%   39.81GiB / 96GiB    41.47%    0B / 0B   77.8kB / 68.5MB   52
2024-11-13 20:47:10.392272
CONTAINER ID   NAME               CPU %      MEM USAGE / LIMIT   MEM %     NET I/O   BLOCK I/O         PIDS
06aafbbba5ee   pbbs_suffixArray   4798.45%   38.82GiB / 96GiB    40.43%    0B / 0B   77.8kB / 68.5MB   52
2024-11-13 20:47:12.398979
CONTAINER ID   NAME               CPU %      MEM USAGE / LIMIT   MEM %     NET I/O   BLOCK I/O         PIDS
06aafbbba5ee   pbbs_suffixArray   3033.73%   43.23GiB / 96GiB    45.03%    0B / 0B   77.8kB / 68.5MB   52
2024-11-13 20:47:14.405003
CONTAINER ID   NAME               CPU %      MEM USAGE / LIMIT   MEM %     NET I/O   BLOCK I/O         PIDS
06aafbbba5ee   pbbs_suffixArray   4797.14%   41.7GiB / 96GiB     43.44%    0B / 0B   77.8kB / 68.5MB   52
2024-11-13 20:47:16.414398
CONTAINER ID   NAME               CPU %      MEM USAGE / LIMIT   MEM %     NET I/O   BLOCK I/O         PIDS
06aafbbba5ee   pbbs_suffixArray   4820.19%   44.98GiB / 96GiB    46.86%    0B / 0B   77.8kB / 68.5MB   52
2024-11-13 20:47:18.422859
CONTAINER ID   NAME               CPU %     MEM USAGE / LIMIT   MEM %     NET I/O   BLOCK I/O         PIDS
06aafbbba5ee   pbbs_suffixArray   99.90%    23.08GiB / 96GiB    24.04%    0B / 0B   77.8kB / 68.5MB   52
2024-11-13 20:47:20.429349
CONTAINER ID   NAME               CPU %      MEM USAGE / LIMIT   MEM %     NET I/O   BLOCK I/O         PIDS
06aafbbba5ee   pbbs_suffixArray   4806.79%   41.39GiB / 96GiB    43.11%    0B / 0B   77.8kB / 68.5MB   52
2024-11-13 20:47:22.440661
CONTAINER ID   NAME               CPU %     MEM USAGE / LIMIT   MEM %     NET I/O   BLOCK I/O         PIDS
06aafbbba5ee   pbbs_suffixArray   200.10%   36.84GiB / 96GiB    38.37%    0B / 0B   77.8kB / 68.5MB   52
2024-11-13 20:47:24.443736
CONTAINER ID   NAME               CPU %      MEM USAGE / LIMIT   MEM %     NET I/O   BLOCK I/O         PIDS
06aafbbba5ee   pbbs_suffixArray   4077.39%   41.07GiB / 96GiB    42.78%    0B / 0B   77.8kB / 68.5MB   52
2024-11-13 20:47:26.461110
CONTAINER ID   NAME               CPU %      MEM USAGE / LIMIT   MEM %     NET I/O   BLOCK I/O         PIDS
06aafbbba5ee   pbbs_suffixArray   2835.10%   38.35GiB / 96GiB    39.95%    0B / 0B   77.8kB / 68.5MB   52
2024-11-13 20:47:28.462579
CONTAINER ID   NAME               CPU %      MEM USAGE / LIMIT   MEM %     NET I/O   BLOCK I/O         PIDS
06aafbbba5ee   pbbs_suffixArray   4777.03%   54.75GiB / 96GiB    57.04%    0B / 0B   77.8kB / 68.5MB   52
2024-11-13 20:47:30.472576
CONTAINER ID   NAME               CPU %      MEM USAGE / LIMIT   MEM %     NET I/O   BLOCK I/O         PIDS
06aafbbba5ee   pbbs_suffixArray   4238.77%   53.68GiB / 96GiB    55.92%    0B / 0B   77.8kB / 68.5MB   52
2024-11-13 20:47:32.484322
CONTAINER ID   NAME               CPU %      MEM USAGE / LIMIT   MEM %     NET I/O   BLOCK I/O         PIDS
06aafbbba5ee   pbbs_suffixArray   2797.51%   32.19GiB / 96GiB    33.53%    0B / 0B   77.8kB / 68.5MB   52
2024-11-13 20:47:34.487874
CONTAINER ID   NAME               CPU %      MEM USAGE / LIMIT   MEM %     NET I/O   BLOCK I/O         PIDS
06aafbbba5ee   pbbs_suffixArray   4702.07%   46.77GiB / 96GiB    48.71%    0B / 0B   77.8kB / 68.5MB   52
2024-11-13 20:47:36.493819
CONTAINER ID   NAME               CPU %      MEM USAGE / LIMIT   MEM %     NET I/O   BLOCK I/O         PIDS
06aafbbba5ee   pbbs_suffixArray   2038.27%   36.97GiB / 96GiB    38.51%    0B / 0B   77.8kB / 68.5MB   52
2024-11-13 20:47:38.502508
CONTAINER ID   NAME               CPU %      MEM USAGE / LIMIT   MEM %     NET I/O   BLOCK I/O         PIDS
06aafbbba5ee   pbbs_suffixArray   4795.57%   32.19GiB / 96GiB    33.53%    0B / 0B   77.8kB / 68.5MB   52
2024-11-13 20:47:40.509880
CONTAINER ID   NAME               CPU %      MEM USAGE / LIMIT   MEM %     NET I/O   BLOCK I/O         PIDS
06aafbbba5ee   pbbs_suffixArray   4798.26%   36.63GiB / 96GiB    38.15%    0B / 0B   77.8kB / 68.5MB   52
2024-11-13 20:47:42.519665
CONTAINER ID   NAME               CPU %      MEM USAGE / LIMIT   MEM %     NET I/O   BLOCK I/O         PIDS
06aafbbba5ee   pbbs_suffixArray   4799.39%   38.79GiB / 96GiB    40.40%    0B / 0B   77.8kB / 68.5MB   52
2024-11-13 20:47:44.521912
CONTAINER ID   NAME               CPU %      MEM USAGE / LIMIT   MEM %     NET I/O   BLOCK I/O         PIDS
06aafbbba5ee   pbbs_suffixArray   1843.82%   34.65GiB / 96GiB    36.10%    0B / 0B   77.8kB / 68.5MB   52
2024-11-13 20:47:46.528937
CONTAINER ID   NAME               CPU %      MEM USAGE / LIMIT   MEM %     NET I/O   BLOCK I/O         PIDS
06aafbbba5ee   pbbs_suffixArray   4814.47%   38.85GiB / 96GiB    40.46%    0B / 0B   77.8kB / 68.5MB   52
2024-11-13 20:47:48.539735
CONTAINER ID   NAME               CPU %      MEM USAGE / LIMIT   MEM %     NET I/O   BLOCK I/O         PIDS
06aafbbba5ee   pbbs_suffixArray   2056.74%   39.32GiB / 96GiB    40.96%    0B / 0B   77.8kB / 68.5MB   52
2024-11-13 20:47:50.558433
CONTAINER ID   NAME               CPU %      MEM USAGE / LIMIT   MEM %     NET I/O   BLOCK I/O         PIDS
06aafbbba5ee   pbbs_suffixArray   4802.07%   42.59GiB / 96GiB    44.37%    0B / 0B   77.8kB / 68.5MB   52
2024-11-13 20:47:52.564787
CONTAINER ID   NAME               CPU %      MEM USAGE / LIMIT   MEM %     NET I/O   BLOCK I/O         PIDS
06aafbbba5ee   pbbs_suffixArray   3838.42%   43.62GiB / 96GiB    45.44%    0B / 0B   77.8kB / 68.5MB   52
2024-11-13 20:47:54.573230
CONTAINER ID   NAME               CPU %      MEM USAGE / LIMIT   MEM %     NET I/O   BLOCK I/O         PIDS
06aafbbba5ee   pbbs_suffixArray   2159.54%   25.78GiB / 96GiB    26.85%    0B / 0B   77.8kB / 68.5MB   52
2024-11-13 20:47:56.578668
CONTAINER ID   NAME               CPU %      MEM USAGE / LIMIT   MEM %     NET I/O   BLOCK I/O         PIDS
06aafbbba5ee   pbbs_suffixArray   4777.78%   45.52GiB / 96GiB    47.42%    0B / 0B   77.8kB / 68.5MB   52
2024-11-13 20:47:58.592741
CONTAINER ID   NAME               CPU %      MEM USAGE / LIMIT   MEM %     NET I/O   BLOCK I/O         PIDS
06aafbbba5ee   pbbs_suffixArray   2743.72%   45.04GiB / 96GiB    46.92%    0B / 0B   77.8kB / 68.5MB   52
2024-11-13 20:48:00.600614
CONTAINER ID   NAME               CPU %      MEM USAGE / LIMIT   MEM %     NET I/O   BLOCK I/O         PIDS
06aafbbba5ee   pbbs_suffixArray   4815.96%   41.09GiB / 96GiB    42.80%    0B / 0B   77.8kB / 68.5MB   52
2024-11-13 20:48:02.610093
CONTAINER ID   NAME               CPU %      MEM USAGE / LIMIT   MEM %     NET I/O   BLOCK I/O         PIDS
06aafbbba5ee   pbbs_suffixArray   4726.34%   44.09GiB / 96GiB    45.93%    0B / 0B   77.8kB / 68.5MB   52
2024-11-13 20:48:04.616995
CONTAINER ID   NAME               CPU %      MEM USAGE / LIMIT   MEM %     NET I/O   BLOCK I/O         PIDS
06aafbbba5ee   pbbs_suffixArray   4815.54%   55.88GiB / 96GiB    58.21%    0B / 0B   77.8kB / 68.5MB   52
2024-11-13 20:48:06.622667
CONTAINER ID   NAME               CPU %      MEM USAGE / LIMIT   MEM %     NET I/O   BLOCK I/O         PIDS
06aafbbba5ee   pbbs_suffixArray   2143.07%   44.04GiB / 96GiB    45.88%    0B / 0B   77.8kB / 68.5MB   52
2024-11-13 20:48:08.638818
CONTAINER ID   NAME               CPU %      MEM USAGE / LIMIT   MEM %     NET I/O   BLOCK I/O         PIDS
06aafbbba5ee   pbbs_suffixArray   4801.55%   35.25GiB / 96GiB    36.72%    0B / 0B   77.8kB / 68.5MB   52
2024-11-13 20:48:10.645290
CONTAINER ID   NAME               CPU %      MEM USAGE / LIMIT   MEM %     NET I/O   BLOCK I/O         PIDS
06aafbbba5ee   pbbs_suffixArray   4798.01%   47.99GiB / 96GiB    49.99%    0B / 0B   77.8kB / 68.5MB   52
2024-11-13 20:48:12.650118
CONTAINER ID   NAME               CPU %      MEM USAGE / LIMIT   MEM %     NET I/O   BLOCK I/O         PIDS
06aafbbba5ee   pbbs_suffixArray   2167.75%   32.21GiB / 96GiB    33.55%    0B / 0B   77.8kB / 68.5MB   52
2024-11-13 20:48:14.661992
CONTAINER ID   NAME               CPU %      MEM USAGE / LIMIT   MEM %     NET I/O   BLOCK I/O         PIDS
06aafbbba5ee   pbbs_suffixArray   4801.94%   32.21GiB / 96GiB    33.55%    0B / 0B   77.8kB / 68.5MB   52
2024-11-13 20:48:16.666217
CONTAINER ID   NAME               CPU %      MEM USAGE / LIMIT   MEM %     NET I/O   BLOCK I/O         PIDS
06aafbbba5ee   pbbs_suffixArray   4786.71%   36.65GiB / 96GiB    38.17%    0B / 0B   77.8kB / 68.5MB   52
2024-11-13 20:48:18.683956
CONTAINER ID   NAME               CPU %      MEM USAGE / LIMIT   MEM %     NET I/O   BLOCK I/O         PIDS
06aafbbba5ee   pbbs_suffixArray   4781.03%   39.9GiB / 96GiB     41.56%    0B / 0B   77.8kB / 68.5MB   52
2024-11-13 20:48:20.691052
CONTAINER ID   NAME               CPU %      MEM USAGE / LIMIT   MEM %     NET I/O   BLOCK I/O         PIDS
06aafbbba5ee   pbbs_suffixArray   2339.02%   38.15GiB / 96GiB    39.74%    0B / 0B   77.8kB / 68.5MB   52
2024-11-13 20:48:22.699690
CONTAINER ID   NAME               CPU %      MEM USAGE / LIMIT   MEM %     NET I/O   BLOCK I/O         PIDS
06aafbbba5ee   pbbs_suffixArray   4790.45%   43.96GiB / 96GiB    45.80%    0B / 0B   77.8kB / 68.5MB   52
2024-11-13 20:48:24.707167
CONTAINER ID   NAME               CPU %      MEM USAGE / LIMIT   MEM %     NET I/O   BLOCK I/O         PIDS
06aafbbba5ee   pbbs_suffixArray   4532.92%   40.32GiB / 96GiB    42.00%    0B / 0B   77.8kB / 68.5MB   52
2024-11-13 20:48:26.714697
CONTAINER ID   NAME               CPU %      MEM USAGE / LIMIT   MEM %     NET I/O   BLOCK I/O         PIDS
06aafbbba5ee   pbbs_suffixArray   4795.65%   43.59GiB / 96GiB    45.40%    0B / 0B   77.8kB / 68.5MB   52
2024-11-13 20:48:28.721913
CONTAINER ID   NAME               CPU %      MEM USAGE / LIMIT   MEM %     NET I/O   BLOCK I/O         PIDS
06aafbbba5ee   pbbs_suffixArray   1016.97%   38.39GiB / 96GiB    39.99%    0B / 0B   77.8kB / 68.5MB   52
2024-11-13 20:48:30.730985
CONTAINER ID   NAME               CPU %      MEM USAGE / LIMIT   MEM %     NET I/O   BLOCK I/O         PIDS
06aafbbba5ee   pbbs_suffixArray   4796.63%   31.52GiB / 96GiB    32.84%    0B / 0B   77.8kB / 68.5MB   52
2024-11-13 20:48:32.738915
CONTAINER ID   NAME               CPU %      MEM USAGE / LIMIT   MEM %     NET I/O   BLOCK I/O         PIDS
06aafbbba5ee   pbbs_suffixArray   3878.55%   43.51GiB / 96GiB    45.32%    0B / 0B   77.8kB / 68.5MB   52
2024-11-13 20:48:34.747092
CONTAINER ID   NAME               CPU %      MEM USAGE / LIMIT   MEM %     NET I/O   BLOCK I/O         PIDS
06aafbbba5ee   pbbs_suffixArray   2256.98%   36.98GiB / 96GiB    38.52%    0B / 0B   77.8kB / 68.5MB   52
2024-11-13 20:48:36.757594
CONTAINER ID   NAME               CPU %      MEM USAGE / LIMIT   MEM %     NET I/O   BLOCK I/O         PIDS
06aafbbba5ee   pbbs_suffixArray   3280.67%   36.25GiB / 96GiB    37.76%    0B / 0B   77.8kB / 68.5MB   52
2024-11-13 20:48:38.768895
CONTAINER ID   NAME               CPU %      MEM USAGE / LIMIT   MEM %     NET I/O   BLOCK I/O         PIDS
06aafbbba5ee   pbbs_suffixArray   4729.08%   48.41GiB / 96GiB    50.43%    0B / 0B   77.8kB / 68.5MB   52
2024-11-13 20:48:40.775916
CONTAINER ID   NAME               CPU %      MEM USAGE / LIMIT   MEM %     NET I/O   BLOCK I/O         PIDS
06aafbbba5ee   pbbs_suffixArray   4792.98%   55.89GiB / 96GiB    58.22%    0B / 0B   77.8kB / 68.5MB   52
2024-11-13 20:48:42.782784
CONTAINER ID   NAME               CPU %      MEM USAGE / LIMIT   MEM %     NET I/O   BLOCK I/O         PIDS
06aafbbba5ee   pbbs_suffixArray   1047.93%   36.93GiB / 96GiB    38.46%    0B / 0B   77.8kB / 68.5MB   52
2024-11-13 20:48:44.794339
CONTAINER ID   NAME               CPU %      MEM USAGE / LIMIT   MEM %     NET I/O   BLOCK I/O         PIDS
06aafbbba5ee   pbbs_suffixArray   4730.03%   40.61GiB / 96GiB    42.30%    0B / 0B   77.8kB / 68.5MB   52
2024-11-13 20:48:46.802464
CONTAINER ID   NAME               CPU %      MEM USAGE / LIMIT   MEM %     NET I/O   BLOCK I/O         PIDS
06aafbbba5ee   pbbs_suffixArray   4784.13%   48GiB / 96GiB       50.00%    0B / 0B   77.8kB / 68.5MB   52
2024-11-13 20:48:48.810344
CONTAINER ID   NAME               CPU %      MEM USAGE / LIMIT   MEM %     NET I/O   BLOCK I/O         PIDS
06aafbbba5ee   pbbs_suffixArray   4151.75%   32.22GiB / 96GiB    33.56%    0B / 0B   77.8kB / 68.5MB   52
2024-11-13 20:48:50.818378
CONTAINER ID   NAME               CPU %      MEM USAGE / LIMIT   MEM %     NET I/O   BLOCK I/O         PIDS
06aafbbba5ee   pbbs_suffixArray   4800.12%   34.66GiB / 96GiB    36.11%    0B / 0B   77.8kB / 68.5MB   52
2024-11-13 20:48:52.826581
CONTAINER ID   NAME               CPU %      MEM USAGE / LIMIT   MEM %     NET I/O   BLOCK I/O         PIDS
06aafbbba5ee   pbbs_suffixArray   4794.30%   37.43GiB / 96GiB    38.99%    0B / 0B   77.8kB / 68.5MB   52
2024-11-13 20:48:54.833135
CONTAINER ID   NAME               CPU %      MEM USAGE / LIMIT   MEM %     NET I/O   BLOCK I/O         PIDS
06aafbbba5ee   pbbs_suffixArray   4804.64%   40.81GiB / 96GiB    42.51%    0B / 0B   77.8kB / 68.5MB   52
2024-11-13 20:48:56.841074
CONTAINER ID   NAME               CPU %      MEM USAGE / LIMIT   MEM %     NET I/O   BLOCK I/O         PIDS
06aafbbba5ee   pbbs_suffixArray   4757.73%   38.88GiB / 96GiB    40.50%    0B / 0B   77.8kB / 68.5MB   52
2024-11-13 20:48:58.854457
CONTAINER ID   NAME               CPU %      MEM USAGE / LIMIT   MEM %     NET I/O   BLOCK I/O         PIDS
06aafbbba5ee   pbbs_suffixArray   4169.89%   46.02GiB / 96GiB    47.93%    0B / 0B   77.8kB / 68.5MB   52
2024-11-13 20:49:00.859613
CONTAINER ID   NAME               CPU %      MEM USAGE / LIMIT   MEM %     NET I/O   BLOCK I/O         PIDS
06aafbbba5ee   pbbs_suffixArray   4781.71%   41.26GiB / 96GiB    42.98%    0B / 0B   77.8kB / 68.5MB   52
2024-11-13 20:49:02.865890
CONTAINER ID   NAME               CPU %      MEM USAGE / LIMIT   MEM %     NET I/O   BLOCK I/O         PIDS
06aafbbba5ee   pbbs_suffixArray   4802.24%   44.55GiB / 96GiB    46.41%    0B / 0B   77.8kB / 68.5MB   52
2024-11-13 20:49:04.872704
CONTAINER ID   NAME               CPU %     MEM USAGE / LIMIT   MEM %     NET I/O   BLOCK I/O         PIDS
06aafbbba5ee   pbbs_suffixArray   99.60%    29.48GiB / 96GiB    30.71%    0B / 0B   77.8kB / 68.5MB   52
2024-11-13 20:49:06.883664
CONTAINER ID   NAME      CPU %     MEM USAGE / LIMIT   MEM %     NET I/O   BLOCK I/O   PIDS
