2025-02-17 05:13:48.481076
CONTAINER ID   NAME      CPU %     MEM USAGE / LIMIT   MEM %     NET I/O   BLOCK I/O   PIDS
2025-02-17 05:13:49.103928
CONTAINER ID   NAME      CPU %     MEM USAGE / LIMIT   MEM %     NET I/O   BLOCK I/O   PIDS
2025-02-17 05:13:49.720668
CONTAINER ID   NAME      CPU %     MEM USAGE / LIMIT   MEM %     NET I/O   BLOCK I/O   PIDS
2025-02-17 05:13:50.342872
CONTAINER ID   NAME      CPU %     MEM USAGE / LIMIT   MEM %     NET I/O   BLOCK I/O   PIDS
2025-02-17 05:13:50.961686
CONTAINER ID   NAME      CPU %     MEM USAGE / LIMIT   MEM %     NET I/O   BLOCK I/O   PIDS
2025-02-17 05:13:51.581361
CONTAINER ID   NAME      CPU %     MEM USAGE / LIMIT   MEM %     NET I/O   BLOCK I/O   PIDS
2025-02-17 05:13:52.199022
CONTAINER ID   NAME      CPU %     MEM USAGE / LIMIT   MEM %     NET I/O   BLOCK I/O   PIDS
2025-02-17 05:13:52.816122
CONTAINER ID   NAME      CPU %     MEM USAGE / LIMIT   MEM %     NET I/O   BLOCK I/O   PIDS
2025-02-17 05:13:53.433340
CONTAINER ID   NAME      CPU %     MEM USAGE / LIMIT   MEM %     NET I/O   BLOCK I/O   PIDS
2025-02-17 05:13:54.052976
CONTAINER ID   NAME      CPU %     MEM USAGE / LIMIT   MEM %     NET I/O   BLOCK I/O   PIDS
2025-02-17 05:13:54.671407
CONTAINER ID   NAME      CPU %     MEM USAGE / LIMIT   MEM %     NET I/O   BLOCK I/O   PIDS
2025-02-17 05:13:55.289604
CONTAINER ID   NAME      CPU %     MEM USAGE / LIMIT   MEM %     NET I/O   BLOCK I/O   PIDS
2025-02-17 05:13:55.906959
CONTAINER ID   NAME      CPU %     MEM USAGE / LIMIT   MEM %     NET I/O   BLOCK I/O   PIDS
2025-02-17 05:13:56.523724
CONTAINER ID   NAME      CPU %     MEM USAGE / LIMIT   MEM %     NET I/O   BLOCK I/O   PIDS
2025-02-17 05:13:57.140596
CONTAINER ID   NAME      CPU %     MEM USAGE / LIMIT   MEM %     NET I/O   BLOCK I/O   PIDS
2025-02-17 05:13:57.759271
CONTAINER ID   NAME      CPU %     MEM USAGE / LIMIT   MEM %     NET I/O   BLOCK I/O   PIDS
2025-02-17 05:13:58.377167
CONTAINER ID   NAME      CPU %     MEM USAGE / LIMIT   MEM %     NET I/O   BLOCK I/O   PIDS
2025-02-17 05:13:58.995314
CONTAINER ID   NAME      CPU %     MEM USAGE / LIMIT   MEM %     NET I/O   BLOCK I/O   PIDS
2025-02-17 05:13:59.612546
CONTAINER ID   NAME      CPU %     MEM USAGE / LIMIT   MEM %     NET I/O   BLOCK I/O   PIDS
2025-02-17 05:14:00.228823
CONTAINER ID   NAME      CPU %     MEM USAGE / LIMIT   MEM %     NET I/O   BLOCK I/O   PIDS
2025-02-17 05:14:00.849537
CONTAINER ID   NAME      CPU %     MEM USAGE / LIMIT   MEM %     NET I/O   BLOCK I/O   PIDS
2025-02-17 05:14:01.466365
CONTAINER ID   NAME      CPU %     MEM USAGE / LIMIT   MEM %     NET I/O   BLOCK I/O   PIDS
2025-02-17 05:14:02.085517
CONTAINER ID   NAME      CPU %     MEM USAGE / LIMIT   MEM %     NET I/O   BLOCK I/O   PIDS
2025-02-17 05:14:02.703311
CONTAINER ID   NAME      CPU %     MEM USAGE / LIMIT   MEM %     NET I/O   BLOCK I/O   PIDS
2025-02-17 05:14:03.320266
CONTAINER ID   NAME      CPU %     MEM USAGE / LIMIT   MEM %     NET I/O   BLOCK I/O   PIDS
2025-02-17 05:14:03.936743
CONTAINER ID   NAME      CPU %     MEM USAGE / LIMIT   MEM %     NET I/O   BLOCK I/O   PIDS
2025-02-17 05:14:04.555113
CONTAINER ID   NAME      CPU %     MEM USAGE / LIMIT   MEM %     NET I/O   BLOCK I/O   PIDS
2025-02-17 05:14:05.172534
CONTAINER ID   NAME      CPU %     MEM USAGE / LIMIT   MEM %     NET I/O   BLOCK I/O   PIDS
2025-02-17 05:14:05.793140
CONTAINER ID   NAME      CPU %     MEM USAGE / LIMIT   MEM %     NET I/O   BLOCK I/O   PIDS
2025-02-17 05:14:06.410664
CONTAINER ID   NAME      CPU %     MEM USAGE / LIMIT   MEM %     NET I/O   BLOCK I/O   PIDS
2025-02-17 05:14:07.027942
CONTAINER ID   NAME      CPU %     MEM USAGE / LIMIT   MEM %     NET I/O   BLOCK I/O   PIDS
2025-02-17 05:14:07.644670
CONTAINER ID   NAME      CPU %     MEM USAGE / LIMIT   MEM %     NET I/O   BLOCK I/O   PIDS
2025-02-17 05:14:08.263089
CONTAINER ID   NAME      CPU %     MEM USAGE / LIMIT   MEM %     NET I/O   BLOCK I/O   PIDS
               --        0.00%     0B / 0B             0.00%     0B / 0B   0B / 0B     0
               --        0.00%     0B / 0B             0.00%     0B / 0B   0B / 0B     0
2025-02-17 05:14:08.881262
CONTAINER ID   NAME      CPU %      MEM USAGE / LIMIT   MEM %     NET I/O   BLOCK I/O         PIDS
5717f7371095   spark     229.96%    213.3MiB / 96GiB    0.22%     0B / 0B   75.1MB / 32.8kB   57
f651aa57a28f   x265      3822.47%   2.24GiB / 96GiB     2.33%     0B / 0B   0B / 0B           117
2025-02-17 05:14:11.226692
CONTAINER ID   NAME      CPU %      MEM USAGE / LIMIT   MEM %     NET I/O   BLOCK I/O         PIDS
5717f7371095   spark     179.72%    325.9MiB / 96GiB    0.33%     0B / 0B   98.4MB / 32.8kB   63
f651aa57a28f   x265      4720.97%   2.886GiB / 96GiB    3.01%     0B / 0B   0B / 0B           117
2025-02-17 05:14:13.238620
CONTAINER ID   NAME      CPU %      MEM USAGE / LIMIT   MEM %     NET I/O   BLOCK I/O        PIDS
5717f7371095   spark     196.42%    554.6MiB / 96GiB    0.56%     0B / 0B   117MB / 32.8kB   117
f651aa57a28f   x265      4618.65%   2.886GiB / 96GiB    3.01%     0B / 0B   0B / 0B          117
2025-02-17 05:14:15.248812
CONTAINER ID   NAME      CPU %      MEM USAGE / LIMIT   MEM %     NET I/O   BLOCK I/O        PIDS
5717f7371095   spark     167.52%    653.5MiB / 96GiB    0.66%     0B / 0B   130MB / 32.8kB   117
f651aa57a28f   x265      4565.27%   2.887GiB / 96GiB    3.01%     0B / 0B   0B / 0B          117
2025-02-17 05:14:17.258483
CONTAINER ID   NAME      CPU %      MEM USAGE / LIMIT   MEM %     NET I/O   BLOCK I/O        PIDS
5717f7371095   spark     311.93%    846.2MiB / 96GiB    0.86%     0B / 0B   135MB / 32.8kB   117
f651aa57a28f   x265      4749.20%   2.888GiB / 96GiB    3.01%     0B / 0B   0B / 0B          117
2025-02-17 05:14:19.268674
CONTAINER ID   NAME      CPU %      MEM USAGE / LIMIT   MEM %     NET I/O   BLOCK I/O        PIDS
5717f7371095   spark     526.52%    949.6MiB / 96GiB    0.97%     0B / 0B   140MB / 32.8kB   119
f651aa57a28f   x265      4554.99%   2.888GiB / 96GiB    3.01%     0B / 0B   0B / 0B          117
2025-02-17 05:14:21.278422
CONTAINER ID   NAME      CPU %      MEM USAGE / LIMIT   MEM %     NET I/O   BLOCK I/O        PIDS
5717f7371095   spark     861.42%    2.037GiB / 96GiB    2.12%     0B / 0B   660MB / 32.8kB   131
f651aa57a28f   x265      4788.06%   2.888GiB / 96GiB    3.01%     0B / 0B   0B / 0B          117
2025-02-17 05:14:23.288159
CONTAINER ID   NAME      CPU %      MEM USAGE / LIMIT   MEM %     NET I/O   BLOCK I/O        PIDS
5717f7371095   spark     916.46%    2.429GiB / 96GiB    2.53%     0B / 0B   1.2GB / 32.8kB   134
f651aa57a28f   x265      3755.16%   2.905GiB / 96GiB    3.03%     0B / 0B   0B / 0B          117
2025-02-17 05:14:25.297692
CONTAINER ID   NAME      CPU %      MEM USAGE / LIMIT   MEM %     NET I/O   BLOCK I/O        PIDS
5717f7371095   spark     872.03%    2.485GiB / 96GiB    2.59%     0B / 0B   1.8GB / 32.8kB   135
f651aa57a28f   x265      4948.72%   2.912GiB / 96GiB    3.03%     0B / 0B   0B / 0B          117
2025-02-17 05:14:27.309062
CONTAINER ID   NAME      CPU %      MEM USAGE / LIMIT   MEM %     NET I/O   BLOCK I/O         PIDS
5717f7371095   spark     846.26%    2.516GiB / 96GiB    2.62%     0B / 0B   2.37GB / 32.8kB   135
f651aa57a28f   x265      5011.40%   2.919GiB / 96GiB    3.04%     0B / 0B   0B / 0B           117
2025-02-17 05:14:29.315482
CONTAINER ID   NAME      CPU %      MEM USAGE / LIMIT   MEM %     NET I/O   BLOCK I/O         PIDS
5717f7371095   spark     795.66%    2.521GiB / 96GiB    2.63%     0B / 0B   3.07GB / 32.8kB   135
f651aa57a28f   x265      4613.78%   2.917GiB / 96GiB    3.04%     0B / 0B   0B / 0B           117
2025-02-17 05:14:31.326314
CONTAINER ID   NAME      CPU %      MEM USAGE / LIMIT   MEM %     NET I/O   BLOCK I/O         PIDS
5717f7371095   spark     770.18%    2.528GiB / 96GiB    2.63%     0B / 0B   3.87GB / 32.8kB   135
f651aa57a28f   x265      4414.96%   2.916GiB / 96GiB    3.04%     0B / 0B   0B / 0B           117
2025-02-17 05:14:33.333956
CONTAINER ID   NAME      CPU %      MEM USAGE / LIMIT   MEM %     NET I/O   BLOCK I/O         PIDS
5717f7371095   spark     700.06%    2.534GiB / 96GiB    2.64%     0B / 0B   4.69GB / 32.8kB   135
f651aa57a28f   x265      2362.78%   2.916GiB / 96GiB    3.04%     0B / 0B   0B / 0B           117
2025-02-17 05:14:35.346819
CONTAINER ID   NAME      CPU %      MEM USAGE / LIMIT   MEM %     NET I/O   BLOCK I/O         PIDS
5717f7371095   spark     847.22%    2.539GiB / 96GiB    2.65%     0B / 0B   5.44GB / 32.8kB   135
f651aa57a28f   x265      4326.89%   2.924GiB / 96GiB    3.05%     0B / 0B   0B / 0B           117
2025-02-17 05:14:37.357037
CONTAINER ID   NAME      CPU %      MEM USAGE / LIMIT   MEM %     NET I/O   BLOCK I/O         PIDS
5717f7371095   spark     800.83%    2.559GiB / 96GiB    2.67%     0B / 0B   6.21GB / 32.8kB   135
f651aa57a28f   x265      4311.72%   2.924GiB / 96GiB    3.05%     0B / 0B   0B / 0B           117
2025-02-17 05:14:39.368551
CONTAINER ID   NAME      CPU %      MEM USAGE / LIMIT   MEM %     NET I/O   BLOCK I/O      PIDS
5717f7371095   spark     784.97%    2.55GiB / 96GiB     2.66%     0B / 0B   7GB / 32.8kB   135
f651aa57a28f   x265      3833.65%   2.924GiB / 96GiB    3.05%     0B / 0B   0B / 0B        117
2025-02-17 05:14:41.378462
CONTAINER ID   NAME      CPU %      MEM USAGE / LIMIT   MEM %     NET I/O   BLOCK I/O        PIDS
5717f7371095   spark     764.78%    2.555GiB / 96GiB    2.66%     0B / 0B   7.8GB / 32.8kB   135
f651aa57a28f   x265      4568.49%   2.924GiB / 96GiB    3.05%     0B / 0B   0B / 0B          117
2025-02-17 05:14:43.388566
CONTAINER ID   NAME      CPU %      MEM USAGE / LIMIT   MEM %     NET I/O   BLOCK I/O         PIDS
5717f7371095   spark     803.86%    2.554GiB / 96GiB    2.66%     0B / 0B   8.57GB / 32.8kB   135
f651aa57a28f   x265      4824.55%   2.924GiB / 96GiB    3.05%     0B / 0B   0B / 0B           117
2025-02-17 05:14:45.396477
CONTAINER ID   NAME      CPU %      MEM USAGE / LIMIT   MEM %     NET I/O   BLOCK I/O         PIDS
5717f7371095   spark     794.44%    2.568GiB / 96GiB    2.68%     0B / 0B   9.37GB / 32.8kB   135
f651aa57a28f   x265      4822.91%   2.924GiB / 96GiB    3.05%     0B / 0B   0B / 0B           117
2025-02-17 05:14:47.406609
CONTAINER ID   NAME      CPU %      MEM USAGE / LIMIT   MEM %     NET I/O   BLOCK I/O         PIDS
5717f7371095   spark     732.13%    2.572GiB / 96GiB    2.68%     0B / 0B   10.1GB / 32.8kB   135
f651aa57a28f   x265      4760.82%   2.936GiB / 96GiB    3.06%     0B / 0B   0B / 0B           117
2025-02-17 05:14:49.415900
CONTAINER ID   NAME      CPU %      MEM USAGE / LIMIT   MEM %     NET I/O   BLOCK I/O         PIDS
5717f7371095   spark     805.96%    2.567GiB / 96GiB    2.67%     0B / 0B   10.9GB / 32.8kB   135
f651aa57a28f   x265      4245.67%   2.96GiB / 96GiB     3.08%     0B / 0B   0B / 0B           117
2025-02-17 05:14:51.423841
CONTAINER ID   NAME      CPU %      MEM USAGE / LIMIT   MEM %     NET I/O   BLOCK I/O         PIDS
5717f7371095   spark     802.43%    2.57GiB / 96GiB     2.68%     0B / 0B   11.7GB / 32.8kB   135
f651aa57a28f   x265      4370.72%   2.982GiB / 96GiB    3.11%     0B / 0B   0B / 0B           117
2025-02-17 05:14:53.433303
CONTAINER ID   NAME      CPU %      MEM USAGE / LIMIT   MEM %     NET I/O   BLOCK I/O         PIDS
5717f7371095   spark     776.44%    2.57GiB / 96GiB     2.68%     0B / 0B   12.5GB / 32.8kB   135
f651aa57a28f   x265      4609.00%   2.987GiB / 96GiB    3.11%     0B / 0B   0B / 0B           115
2025-02-17 05:14:55.442634
CONTAINER ID   NAME      CPU %      MEM USAGE / LIMIT   MEM %     NET I/O   BLOCK I/O         PIDS
5717f7371095   spark     767.18%    2.573GiB / 96GiB    2.68%     0B / 0B   13.3GB / 32.8kB   135
f651aa57a28f   x265      3977.86%   2.988GiB / 96GiB    3.11%     0B / 0B   0B / 0B           115
2025-02-17 05:14:57.454903
CONTAINER ID   NAME      CPU %      MEM USAGE / LIMIT   MEM %     NET I/O   BLOCK I/O         PIDS
5717f7371095   spark     726.90%    2.572GiB / 96GiB    2.68%     0B / 0B   14.1GB / 32.8kB   135
f651aa57a28f   x265      3196.98%   1.836GiB / 96GiB    1.91%     0B / 0B   0B / 741kB        117
2025-02-17 05:14:59.464483
CONTAINER ID   NAME      CPU %      MEM USAGE / LIMIT   MEM %     NET I/O   BLOCK I/O         PIDS
5717f7371095   spark     763.85%    2.575GiB / 96GiB    2.68%     0B / 0B   14.9GB / 32.8kB   135
f651aa57a28f   x265      4670.20%   2.875GiB / 96GiB    2.99%     0B / 0B   0B / 741kB        117
2025-02-17 05:15:01.477468
CONTAINER ID   NAME      CPU %      MEM USAGE / LIMIT   MEM %     NET I/O   BLOCK I/O         PIDS
5717f7371095   spark     775.08%    2.582GiB / 96GiB    2.69%     0B / 0B   15.6GB / 32.8kB   135
f651aa57a28f   x265      4486.13%   2.886GiB / 96GiB    3.01%     0B / 0B   0B / 741kB        117
2025-02-17 05:15:03.486940
CONTAINER ID   NAME      CPU %      MEM USAGE / LIMIT   MEM %     NET I/O   BLOCK I/O         PIDS
5717f7371095   spark     764.05%    2.586GiB / 96GiB    2.69%     0B / 0B   16.4GB / 32.8kB   135
f651aa57a28f   x265      4693.72%   2.887GiB / 96GiB    3.01%     0B / 0B   0B / 741kB        117
2025-02-17 05:15:05.495479
CONTAINER ID   NAME      CPU %      MEM USAGE / LIMIT   MEM %     NET I/O   BLOCK I/O         PIDS
5717f7371095   spark     774.56%    2.589GiB / 96GiB    2.70%     0B / 0B   17.2GB / 32.8kB   136
f651aa57a28f   x265      4831.80%   2.888GiB / 96GiB    3.01%     0B / 0B   0B / 741kB        117
2025-02-17 05:15:07.504688
CONTAINER ID   NAME      CPU %      MEM USAGE / LIMIT   MEM %     NET I/O   BLOCK I/O       PIDS
5717f7371095   spark     798.22%    2.592GiB / 96GiB    2.70%     0B / 0B   18GB / 32.8kB   136
f651aa57a28f   x265      4705.30%   2.888GiB / 96GiB    3.01%     0B / 0B   0B / 741kB      117
2025-02-17 05:15:09.514810
CONTAINER ID   NAME      CPU %      MEM USAGE / LIMIT   MEM %     NET I/O   BLOCK I/O         PIDS
5717f7371095   spark     763.70%    2.595GiB / 96GiB    2.70%     0B / 0B   18.8GB / 32.8kB   136
f651aa57a28f   x265      4615.98%   2.888GiB / 96GiB    3.01%     0B / 0B   0B / 741kB        117
2025-02-17 05:15:11.522906
CONTAINER ID   NAME      CPU %      MEM USAGE / LIMIT   MEM %     NET I/O   BLOCK I/O         PIDS
5717f7371095   spark     753.19%    2.598GiB / 96GiB    2.71%     0B / 0B   19.6GB / 32.8kB   136
f651aa57a28f   x265      4541.58%   2.913GiB / 96GiB    3.03%     0B / 0B   0B / 741kB        117
2025-02-17 05:15:13.530098
CONTAINER ID   NAME      CPU %      MEM USAGE / LIMIT   MEM %     NET I/O   BLOCK I/O         PIDS
5717f7371095   spark     776.01%    2.601GiB / 96GiB    2.71%     0B / 0B   20.4GB / 32.8kB   136
f651aa57a28f   x265      4424.70%   2.913GiB / 96GiB    3.03%     0B / 0B   0B / 741kB        117
2025-02-17 05:15:15.536230
CONTAINER ID   NAME      CPU %      MEM USAGE / LIMIT   MEM %     NET I/O   BLOCK I/O         PIDS
5717f7371095   spark     776.66%    2.603GiB / 96GiB    2.71%     0B / 0B   21.2GB / 32.8kB   136
f651aa57a28f   x265      4750.20%   2.919GiB / 96GiB    3.04%     0B / 0B   0B / 741kB        117
2025-02-17 05:15:17.554490
CONTAINER ID   NAME      CPU %      MEM USAGE / LIMIT   MEM %     NET I/O   BLOCK I/O         PIDS
5717f7371095   spark     722.20%    2.605GiB / 96GiB    2.71%     0B / 0B   21.9GB / 32.8kB   136
f651aa57a28f   x265      3520.56%   2.917GiB / 96GiB    3.04%     0B / 0B   0B / 741kB        117
2025-02-17 05:15:19.562419
CONTAINER ID   NAME      CPU %      MEM USAGE / LIMIT   MEM %     NET I/O   BLOCK I/O         PIDS
5717f7371095   spark     769.00%    2.608GiB / 96GiB    2.72%     0B / 0B   22.7GB / 32.8kB   136
f651aa57a28f   x265      4395.09%   2.917GiB / 96GiB    3.04%     0B / 0B   0B / 741kB        117
2025-02-17 05:15:21.573310
CONTAINER ID   NAME      CPU %      MEM USAGE / LIMIT   MEM %     NET I/O   BLOCK I/O         PIDS
5717f7371095   spark     775.50%    2.612GiB / 96GiB    2.72%     0B / 0B   23.5GB / 32.8kB   131
f651aa57a28f   x265      4490.09%   2.919GiB / 96GiB    3.04%     0B / 0B   0B / 741kB        117
2025-02-17 05:15:23.582409
CONTAINER ID   NAME      CPU %      MEM USAGE / LIMIT   MEM %     NET I/O   BLOCK I/O         PIDS
5717f7371095   spark     814.32%    2.614GiB / 96GiB    2.72%     0B / 0B   24.3GB / 32.8kB   131
f651aa57a28f   x265      4695.47%   2.924GiB / 96GiB    3.05%     0B / 0B   0B / 741kB        117
2025-02-17 05:15:25.591952
CONTAINER ID   NAME      CPU %      MEM USAGE / LIMIT   MEM %     NET I/O   BLOCK I/O         PIDS
5717f7371095   spark     805.02%    2.616GiB / 96GiB    2.73%     0B / 0B   25.1GB / 32.8kB   130
f651aa57a28f   x265      4738.73%   2.925GiB / 96GiB    3.05%     0B / 0B   0B / 741kB        117
2025-02-17 05:15:27.601565
CONTAINER ID   NAME      CPU %      MEM USAGE / LIMIT   MEM %     NET I/O   BLOCK I/O         PIDS
5717f7371095   spark     786.20%    2.619GiB / 96GiB    2.73%     0B / 0B   25.9GB / 32.8kB   130
f651aa57a28f   x265      4698.51%   2.924GiB / 96GiB    3.05%     0B / 0B   0B / 741kB        117
2025-02-17 05:15:29.612293
CONTAINER ID   NAME      CPU %      MEM USAGE / LIMIT   MEM %     NET I/O   BLOCK I/O         PIDS
5717f7371095   spark     795.20%    2.621GiB / 96GiB    2.73%     0B / 0B   26.7GB / 32.8kB   130
f651aa57a28f   x265      4865.46%   2.925GiB / 96GiB    3.05%     0B / 0B   0B / 741kB        117
2025-02-17 05:15:31.620894
CONTAINER ID   NAME      CPU %      MEM USAGE / LIMIT   MEM %     NET I/O   BLOCK I/O         PIDS
5717f7371095   spark     830.89%    2.626GiB / 96GiB    2.74%     0B / 0B   27.5GB / 32.8kB   130
f651aa57a28f   x265      4591.78%   2.924GiB / 96GiB    3.05%     0B / 0B   0B / 741kB        117
2025-02-17 05:15:33.632040
CONTAINER ID   NAME      CPU %      MEM USAGE / LIMIT   MEM %     NET I/O   BLOCK I/O         PIDS
5717f7371095   spark     794.07%    2.627GiB / 96GiB    2.74%     0B / 0B   28.3GB / 32.8kB   130
f651aa57a28f   x265      4394.10%   2.925GiB / 96GiB    3.05%     0B / 0B   0B / 741kB        117
2025-02-17 05:15:35.641464
CONTAINER ID   NAME      CPU %      MEM USAGE / LIMIT   MEM %     NET I/O   BLOCK I/O       PIDS
5717f7371095   spark     788.04%    2.629GiB / 96GiB    2.74%     0B / 0B   29GB / 32.8kB   130
f651aa57a28f   x265      4426.94%   2.936GiB / 96GiB    3.06%     0B / 0B   0B / 741kB      117
2025-02-17 05:15:37.655069
CONTAINER ID   NAME      CPU %      MEM USAGE / LIMIT   MEM %     NET I/O   BLOCK I/O         PIDS
5717f7371095   spark     757.45%    2.632GiB / 96GiB    2.74%     0B / 0B   29.8GB / 32.8kB   130
f651aa57a28f   x265      4690.35%   2.953GiB / 96GiB    3.08%     0B / 0B   0B / 741kB        117
2025-02-17 05:15:39.667158
CONTAINER ID   NAME      CPU %      MEM USAGE / LIMIT   MEM %     NET I/O   BLOCK I/O         PIDS
5717f7371095   spark     761.69%    2.634GiB / 96GiB    2.74%     0B / 0B   30.6GB / 32.8kB   130
f651aa57a28f   x265      4574.34%   2.982GiB / 96GiB    3.11%     0B / 0B   0B / 741kB        117
2025-02-17 05:15:41.675011
CONTAINER ID   NAME      CPU %      MEM USAGE / LIMIT   MEM %     NET I/O   BLOCK I/O         PIDS
5717f7371095   spark     776.42%    2.636GiB / 96GiB    2.75%     0B / 0B   31.4GB / 32.8kB   130
f651aa57a28f   x265      4340.16%   2.982GiB / 96GiB    3.11%     0B / 0B   0B / 741kB        115
2025-02-17 05:15:43.687097
CONTAINER ID   NAME      CPU %      MEM USAGE / LIMIT   MEM %     NET I/O   BLOCK I/O         PIDS
5717f7371095   spark     743.86%    2.639GiB / 96GiB    2.75%     0B / 0B   32.2GB / 32.8kB   130
f651aa57a28f   x265      3845.29%   2.983GiB / 96GiB    3.11%     0B / 0B   0B / 741kB        115
2025-02-17 05:15:45.697785
CONTAINER ID   NAME      CPU %     MEM USAGE / LIMIT   MEM %     NET I/O   BLOCK I/O         PIDS
5717f7371095   spark     651.47%   2.64GiB / 96GiB     2.75%     0B / 0B   33.1GB / 32.8kB   130
f651aa57a28f   x265      0.00%     2.328MiB / 96GiB    0.00%     0B / 0B   0B / 1.94MB       1
2025-02-17 05:15:47.710391
CONTAINER ID   NAME      CPU %     MEM USAGE / LIMIT   MEM %     NET I/O   BLOCK I/O         PIDS
5717f7371095   spark     647.66%   2.646GiB / 96GiB    2.76%     0B / 0B   33.9GB / 32.8kB   130
f651aa57a28f   x265      0.00%     2.129MiB / 96GiB    0.00%     0B / 0B   0B / 1.94MB       1
2025-02-17 05:15:49.724417
CONTAINER ID   NAME      CPU %     MEM USAGE / LIMIT   MEM %     NET I/O   BLOCK I/O         PIDS
5717f7371095   spark     638.64%   2.65GiB / 96GiB     2.76%     0B / 0B   34.8GB / 32.8kB   130
f651aa57a28f   x265      0.00%     2.035MiB / 96GiB    0.00%     0B / 0B   0B / 1.94MB       1
2025-02-17 05:15:51.734204
CONTAINER ID   NAME      CPU %     MEM USAGE / LIMIT   MEM %     NET I/O   BLOCK I/O         PIDS
5717f7371095   spark     617.60%   2.652GiB / 96GiB    2.76%     0B / 0B   35.6GB / 32.8kB   130
f651aa57a28f   x265      0.00%     1.965MiB / 96GiB    0.00%     0B / 0B   0B / 1.94MB       1
2025-02-17 05:15:53.745983
CONTAINER ID   NAME      CPU %     MEM USAGE / LIMIT   MEM %     NET I/O   BLOCK I/O         PIDS
5717f7371095   spark     613.34%   2.657GiB / 96GiB    2.77%     0B / 0B   36.4GB / 32.8kB   130
f651aa57a28f   x265      0.00%     1.941MiB / 96GiB    0.00%     0B / 0B   0B / 1.94MB       1
2025-02-17 05:15:55.757698
CONTAINER ID   NAME      CPU %     MEM USAGE / LIMIT   MEM %     NET I/O   BLOCK I/O         PIDS
5717f7371095   spark     625.20%   2.659GiB / 96GiB    2.77%     0B / 0B   37.3GB / 32.8kB   130
f651aa57a28f   x265      0.00%     1.941MiB / 96GiB    0.00%     0B / 0B   0B / 1.94MB       1
2025-02-17 05:15:57.771420
CONTAINER ID   NAME      CPU %     MEM USAGE / LIMIT   MEM %     NET I/O   BLOCK I/O         PIDS
5717f7371095   spark     613.75%   2.663GiB / 96GiB    2.77%     0B / 0B   38.1GB / 32.8kB   130
f651aa57a28f   x265      0.00%     1.941MiB / 96GiB    0.00%     0B / 0B   0B / 1.94MB       1
2025-02-17 05:15:59.783950
CONTAINER ID   NAME      CPU %     MEM USAGE / LIMIT   MEM %     NET I/O   BLOCK I/O       PIDS
5717f7371095   spark     637.68%   2.667GiB / 96GiB    2.78%     0B / 0B   39GB / 32.8kB   130
f651aa57a28f   x265      0.00%     1.895MiB / 96GiB    0.00%     0B / 0B   0B / 1.94MB     1
2025-02-17 05:16:01.794405
CONTAINER ID   NAME      CPU %     MEM USAGE / LIMIT   MEM %     NET I/O   BLOCK I/O         PIDS
5717f7371095   spark     614.53%   2.669GiB / 96GiB    2.78%     0B / 0B   39.8GB / 32.8kB   130
f651aa57a28f   x265      0.00%     1.895MiB / 96GiB    0.00%     0B / 0B   0B / 1.94MB       1
2025-02-17 05:16:03.806784
CONTAINER ID   NAME      CPU %     MEM USAGE / LIMIT   MEM %     NET I/O   BLOCK I/O         PIDS
5717f7371095   spark     623.91%   2.672GiB / 96GiB    2.78%     0B / 0B   40.7GB / 32.8kB   130
f651aa57a28f   x265      0.00%     1.895MiB / 96GiB    0.00%     0B / 0B   0B / 1.94MB       1
2025-02-17 05:16:05.818397
CONTAINER ID   NAME      CPU %     MEM USAGE / LIMIT   MEM %     NET I/O   BLOCK I/O         PIDS
5717f7371095   spark     187.87%   2.677GiB / 96GiB    2.79%     0B / 0B   41.1GB / 32.8kB   131
f651aa57a28f   x265      0.00%     1.848MiB / 96GiB    0.00%     0B / 0B   0B / 1.94MB       1
2025-02-17 05:16:07.830818
CONTAINER ID   NAME      CPU %     MEM USAGE / LIMIT   MEM %     NET I/O   BLOCK I/O         PIDS
5717f7371095   spark     0.65%     2.677GiB / 96GiB    2.79%     0B / 0B   41.1GB / 32.8kB   131
f651aa57a28f   x265      0.00%     1.848MiB / 96GiB    0.00%     0B / 0B   0B / 1.94MB       1
2025-02-17 05:16:09.840186
CONTAINER ID   NAME      CPU %     MEM USAGE / LIMIT   MEM %     NET I/O   BLOCK I/O         PIDS
5717f7371095   spark     0.05%     2.676GiB / 96GiB    2.79%     0B / 0B   41.1GB / 32.8kB   131
f651aa57a28f   x265      0.00%     1.848MiB / 96GiB    0.00%     0B / 0B   0B / 1.94MB       1
2025-02-17 05:16:11.849838
CONTAINER ID   NAME      CPU %     MEM USAGE / LIMIT   MEM %     NET I/O   BLOCK I/O         PIDS
5717f7371095   spark     0.05%     2.676GiB / 96GiB    2.79%     0B / 0B   41.1GB / 32.8kB   131
f651aa57a28f   x265      0.00%     1.848MiB / 96GiB    0.00%     0B / 0B   0B / 1.94MB       1
2025-02-17 05:16:13.859502
CONTAINER ID   NAME      CPU %     MEM USAGE / LIMIT   MEM %     NET I/O   BLOCK I/O         PIDS
5717f7371095   spark     0.06%     2.676GiB / 96GiB    2.79%     0B / 0B   41.1GB / 32.8kB   131
f651aa57a28f   x265      0.00%     1.848MiB / 96GiB    0.00%     0B / 0B   0B / 1.94MB       1
2025-02-17 05:16:15.868209
CONTAINER ID   NAME      CPU %     MEM USAGE / LIMIT   MEM %     NET I/O   BLOCK I/O         PIDS
5717f7371095   spark     0.09%     2.676GiB / 96GiB    2.79%     0B / 0B   41.1GB / 32.8kB   131
f651aa57a28f   x265      0.00%     1.848MiB / 96GiB    0.00%     0B / 0B   0B / 1.94MB       1
2025-02-17 05:16:17.878283
CONTAINER ID   NAME      CPU %     MEM USAGE / LIMIT   MEM %     NET I/O   BLOCK I/O         PIDS
5717f7371095   spark     0.28%     2.676GiB / 96GiB    2.79%     0B / 0B   41.1GB / 32.8kB   131
f651aa57a28f   x265      0.00%     1.824MiB / 96GiB    0.00%     0B / 0B   0B / 1.94MB       1
2025-02-17 05:16:19.888243
CONTAINER ID   NAME      CPU %     MEM USAGE / LIMIT   MEM %     NET I/O   BLOCK I/O         PIDS
5717f7371095   spark     0.05%     2.676GiB / 96GiB    2.79%     0B / 0B   41.1GB / 32.8kB   131
f651aa57a28f   x265      0.00%     1.824MiB / 96GiB    0.00%     0B / 0B   0B / 1.94MB       1
2025-02-17 05:16:21.897392
CONTAINER ID   NAME      CPU %     MEM USAGE / LIMIT   MEM %     NET I/O   BLOCK I/O         PIDS
5717f7371095   spark     0.12%     2.676GiB / 96GiB    2.79%     0B / 0B   41.1GB / 32.8kB   130
f651aa57a28f   x265      0.00%     1.824MiB / 96GiB    0.00%     0B / 0B   0B / 1.94MB       1
2025-02-17 05:16:23.907661
CONTAINER ID   NAME      CPU %     MEM USAGE / LIMIT   MEM %     NET I/O   BLOCK I/O         PIDS
5717f7371095   spark     0.09%     2.676GiB / 96GiB    2.79%     0B / 0B   41.1GB / 32.8kB   130
f651aa57a28f   x265      0.00%     1.824MiB / 96GiB    0.00%     0B / 0B   0B / 1.94MB       1
2025-02-17 05:16:25.916997
CONTAINER ID   NAME      CPU %     MEM USAGE / LIMIT   MEM %     NET I/O   BLOCK I/O         PIDS
5717f7371095   spark     0.06%     2.676GiB / 96GiB    2.79%     0B / 0B   41.1GB / 32.8kB   130
f651aa57a28f   x265      0.00%     1.824MiB / 96GiB    0.00%     0B / 0B   0B / 1.94MB       1
2025-02-17 05:16:27.927538
CONTAINER ID   NAME      CPU %     MEM USAGE / LIMIT   MEM %     NET I/O   BLOCK I/O         PIDS
5717f7371095   spark     0.49%     2.675GiB / 96GiB    2.79%     0B / 0B   41.1GB / 32.8kB   130
f651aa57a28f   x265      0.00%     1.777MiB / 96GiB    0.00%     0B / 0B   0B / 1.94MB       1
2025-02-17 05:16:29.939405
CONTAINER ID   NAME      CPU %     MEM USAGE / LIMIT   MEM %     NET I/O   BLOCK I/O         PIDS
5717f7371095   spark     0.05%     2.675GiB / 96GiB    2.79%     0B / 0B   41.1GB / 32.8kB   130
f651aa57a28f   x265      0.00%     1.777MiB / 96GiB    0.00%     0B / 0B   0B / 1.94MB       1
2025-02-17 05:16:31.950217
CONTAINER ID   NAME      CPU %     MEM USAGE / LIMIT   MEM %     NET I/O   BLOCK I/O         PIDS
5717f7371095   spark     0.06%     2.675GiB / 96GiB    2.79%     0B / 0B   41.1GB / 32.8kB   130
f651aa57a28f   x265      0.00%     1.777MiB / 96GiB    0.00%     0B / 0B   0B / 1.94MB       1
2025-02-17 05:16:33.960640
CONTAINER ID   NAME      CPU %     MEM USAGE / LIMIT   MEM %     NET I/O   BLOCK I/O         PIDS
5717f7371095   spark     0.05%     2.675GiB / 96GiB    2.79%     0B / 0B   41.1GB / 32.8kB   130
f651aa57a28f   x265      0.00%     1.777MiB / 96GiB    0.00%     0B / 0B   0B / 1.94MB       1
2025-02-17 05:16:35.969419
CONTAINER ID   NAME      CPU %     MEM USAGE / LIMIT   MEM %     NET I/O   BLOCK I/O         PIDS
5717f7371095   spark     0.09%     2.675GiB / 96GiB    2.79%     0B / 0B   41.1GB / 32.8kB   130
f651aa57a28f   x265      0.00%     1.777MiB / 96GiB    0.00%     0B / 0B   0B / 1.94MB       1
2025-02-17 05:16:37.977976
CONTAINER ID   NAME      CPU %      MEM USAGE / LIMIT   MEM %     NET I/O   BLOCK I/O         PIDS
5717f7371095   spark     830.48%    3.204GiB / 96GiB    3.34%     0B / 0B   41.1GB / 32.8kB   135
f651aa57a28f   x265      2573.60%   1.394GiB / 96GiB    1.45%     0B / 0B   0B / 1.94MB       117
2025-02-17 05:16:39.992982
CONTAINER ID   NAME      CPU %      MEM USAGE / LIMIT   MEM %     NET I/O   BLOCK I/O         PIDS
5717f7371095   spark     852.94%    3.935GiB / 96GiB    4.10%     0B / 0B   41.1GB / 32.8kB   135
f651aa57a28f   x265      4335.18%   2.874GiB / 96GiB    2.99%     0B / 0B   0B / 1.94MB       117
2025-02-17 05:16:42.002179
CONTAINER ID   NAME      CPU %      MEM USAGE / LIMIT   MEM %     NET I/O   BLOCK I/O         PIDS
5717f7371095   spark     845.91%    4.661GiB / 96GiB    4.85%     0B / 0B   41.1GB / 32.8kB   135
f651aa57a28f   x265      4692.79%   2.886GiB / 96GiB    3.01%     0B / 0B   0B / 1.94MB       117
2025-02-17 05:16:44.011218
CONTAINER ID   NAME      CPU %      MEM USAGE / LIMIT   MEM %     NET I/O   BLOCK I/O         PIDS
5717f7371095   spark     877.11%    5.359GiB / 96GiB    5.58%     0B / 0B   41.1GB / 32.8kB   135
f651aa57a28f   x265      4803.36%   2.888GiB / 96GiB    3.01%     0B / 0B   0B / 1.94MB       117
2025-02-17 05:16:46.020551
CONTAINER ID   NAME      CPU %      MEM USAGE / LIMIT   MEM %     NET I/O   BLOCK I/O         PIDS
5717f7371095   spark     868.95%    6.049GiB / 96GiB    6.30%     0B / 0B   41.1GB / 32.8kB   135
f651aa57a28f   x265      4501.44%   2.889GiB / 96GiB    3.01%     0B / 0B   0B / 1.94MB       117
2025-02-17 05:16:48.028606
CONTAINER ID   NAME      CPU %      MEM USAGE / LIMIT   MEM %     NET I/O   BLOCK I/O         PIDS
5717f7371095   spark     855.70%    6.776GiB / 96GiB    7.06%     0B / 0B   41.1GB / 32.8kB   135
f651aa57a28f   x265      4364.51%   2.889GiB / 96GiB    3.01%     0B / 0B   0B / 1.94MB       117
2025-02-17 05:16:50.037350
CONTAINER ID   NAME      CPU %      MEM USAGE / LIMIT   MEM %     NET I/O   BLOCK I/O         PIDS
5717f7371095   spark     855.56%    7.484GiB / 96GiB    7.80%     0B / 0B   41.1GB / 32.8kB   135
f651aa57a28f   x265      4452.44%   2.888GiB / 96GiB    3.01%     0B / 0B   0B / 1.94MB       117
2025-02-17 05:16:52.046112
CONTAINER ID   NAME      CPU %      MEM USAGE / LIMIT   MEM %     NET I/O   BLOCK I/O         PIDS
5717f7371095   spark     859.62%    8.219GiB / 96GiB    8.56%     0B / 0B   41.1GB / 32.8kB   135
f651aa57a28f   x265      4459.08%   2.903GiB / 96GiB    3.02%     0B / 0B   0B / 1.94MB       117
2025-02-17 05:16:54.055775
CONTAINER ID   NAME      CPU %      MEM USAGE / LIMIT   MEM %     NET I/O   BLOCK I/O         PIDS
5717f7371095   spark     869.16%    8.959GiB / 96GiB    9.33%     0B / 0B   41.1GB / 32.8kB   135
f651aa57a28f   x265      4540.54%   2.912GiB / 96GiB    3.03%     0B / 0B   0B / 1.94MB       117
2025-02-17 05:16:56.064650
CONTAINER ID   NAME      CPU %      MEM USAGE / LIMIT   MEM %     NET I/O   BLOCK I/O         PIDS
5717f7371095   spark     867.97%    9.698GiB / 96GiB    10.10%    0B / 0B   41.1GB / 32.8kB   135
f651aa57a28f   x265      4930.72%   2.92GiB / 96GiB     3.04%     0B / 0B   0B / 1.94MB       117
2025-02-17 05:16:58.076732
CONTAINER ID   NAME      CPU %      MEM USAGE / LIMIT   MEM %     NET I/O   BLOCK I/O         PIDS
5717f7371095   spark     876.44%    10.47GiB / 96GiB    10.91%    0B / 0B   41.1GB / 32.8kB   135
f651aa57a28f   x265      3583.61%   2.917GiB / 96GiB    3.04%     0B / 0B   0B / 1.94MB       117
2025-02-17 05:17:00.087003
CONTAINER ID   NAME      CPU %      MEM USAGE / LIMIT   MEM %     NET I/O   BLOCK I/O         PIDS
5717f7371095   spark     860.16%    11.17GiB / 96GiB    11.64%    0B / 0B   41.1GB / 32.8kB   135
f651aa57a28f   x265      4495.41%   2.917GiB / 96GiB    3.04%     0B / 0B   0B / 1.94MB       117
2025-02-17 05:17:02.096657
CONTAINER ID   NAME      CPU %      MEM USAGE / LIMIT   MEM %     NET I/O   BLOCK I/O         PIDS
5717f7371095   spark     860.30%    11.92GiB / 96GiB    12.41%    0B / 0B   41.1GB / 32.8kB   135
f651aa57a28f   x265      4461.29%   2.92GiB / 96GiB     3.04%     0B / 0B   0B / 1.94MB       117
2025-02-17 05:17:04.108244
CONTAINER ID   NAME      CPU %      MEM USAGE / LIMIT   MEM %     NET I/O   BLOCK I/O         PIDS
5717f7371095   spark     870.03%    12.65GiB / 96GiB    13.17%    0B / 0B   41.1GB / 32.8kB   135
f651aa57a28f   x265      4453.93%   2.924GiB / 96GiB    3.05%     0B / 0B   0B / 1.94MB       117
2025-02-17 05:17:06.118857
CONTAINER ID   NAME      CPU %      MEM USAGE / LIMIT   MEM %     NET I/O   BLOCK I/O         PIDS
5717f7371095   spark     861.70%    13.35GiB / 96GiB    13.91%    0B / 0B   41.1GB / 32.8kB   134
f651aa57a28f   x265      4894.75%   2.925GiB / 96GiB    3.05%     0B / 0B   0B / 1.94MB       117
2025-02-17 05:17:08.125053
CONTAINER ID   NAME      CPU %      MEM USAGE / LIMIT   MEM %     NET I/O   BLOCK I/O         PIDS
5717f7371095   spark     866.24%    14.11GiB / 96GiB    14.69%    0B / 0B   41.1GB / 32.8kB   134
f651aa57a28f   x265      4296.59%   2.925GiB / 96GiB    3.05%     0B / 0B   0B / 1.94MB       117
2025-02-17 05:17:10.134281
CONTAINER ID   NAME      CPU %      MEM USAGE / LIMIT   MEM %     NET I/O   BLOCK I/O         PIDS
5717f7371095   spark     853.09%    14.81GiB / 96GiB    15.43%    0B / 0B   41.1GB / 32.8kB   134
f651aa57a28f   x265      4434.71%   2.924GiB / 96GiB    3.05%     0B / 0B   0B / 1.94MB       117
2025-02-17 05:17:12.142249
CONTAINER ID   NAME      CPU %      MEM USAGE / LIMIT   MEM %     NET I/O   BLOCK I/O         PIDS
5717f7371095   spark     873.19%    15.54GiB / 96GiB    16.19%    0B / 0B   41.1GB / 32.8kB   134
f651aa57a28f   x265      4623.14%   2.925GiB / 96GiB    3.05%     0B / 0B   0B / 1.94MB       117
2025-02-17 05:17:14.158527
CONTAINER ID   NAME      CPU %      MEM USAGE / LIMIT   MEM %     NET I/O   BLOCK I/O         PIDS
5717f7371095   spark     859.22%    16.28GiB / 96GiB    16.96%    0B / 0B   41.1GB / 32.8kB   134
f651aa57a28f   x265      4347.80%   2.925GiB / 96GiB    3.05%     0B / 0B   0B / 1.94MB       117
2025-02-17 05:17:16.168304
CONTAINER ID   NAME      CPU %      MEM USAGE / LIMIT   MEM %     NET I/O   BLOCK I/O         PIDS
5717f7371095   spark     840.06%    16.99GiB / 96GiB    17.70%    0B / 0B   41.1GB / 32.8kB   134
f651aa57a28f   x265      4643.43%   2.937GiB / 96GiB    3.06%     0B / 0B   0B / 1.94MB       117
2025-02-17 05:17:18.174812
CONTAINER ID   NAME      CPU %      MEM USAGE / LIMIT   MEM %     NET I/O   BLOCK I/O         PIDS
5717f7371095   spark     857.22%    17.74GiB / 96GiB    18.47%    0B / 0B   41.1GB / 32.8kB   134
f651aa57a28f   x265      4223.44%   2.961GiB / 96GiB    3.08%     0B / 0B   0B / 1.94MB       117
2025-02-17 05:17:20.184923
CONTAINER ID   NAME      CPU %      MEM USAGE / LIMIT   MEM %     NET I/O   BLOCK I/O         PIDS
5717f7371095   spark     858.04%    18.46GiB / 96GiB    19.23%    0B / 0B   41.1GB / 32.8kB   134
f651aa57a28f   x265      4838.96%   2.988GiB / 96GiB    3.11%     0B / 0B   0B / 1.94MB       117
2025-02-17 05:17:22.193051
CONTAINER ID   NAME      CPU %      MEM USAGE / LIMIT   MEM %     NET I/O   BLOCK I/O         PIDS
5717f7371095   spark     865.11%    19.18GiB / 96GiB    19.98%    0B / 0B   41.1GB / 32.8kB   134
f651aa57a28f   x265      4516.98%   2.988GiB / 96GiB    3.11%     0B / 0B   0B / 1.94MB       115
2025-02-17 05:17:24.204855
CONTAINER ID   NAME      CPU %      MEM USAGE / LIMIT   MEM %     NET I/O   BLOCK I/O         PIDS
5717f7371095   spark     861.43%    19.93GiB / 96GiB    20.76%    0B / 0B   41.1GB / 32.8kB   134
f651aa57a28f   x265      3985.25%   2.988GiB / 96GiB    3.11%     0B / 0B   0B / 1.94MB       115
2025-02-17 05:17:26.212608
CONTAINER ID   NAME      CPU %      MEM USAGE / LIMIT   MEM %     NET I/O   BLOCK I/O         PIDS
5717f7371095   spark     845.27%    20.81GiB / 96GiB    21.68%    0B / 0B   41.1GB / 32.8kB   134
f651aa57a28f   x265      3160.51%   1.868GiB / 96GiB    1.95%     0B / 0B   0B / 2.68MB       117
2025-02-17 05:17:28.223285
CONTAINER ID   NAME      CPU %      MEM USAGE / LIMIT   MEM %     NET I/O   BLOCK I/O         PIDS
5717f7371095   spark     855.09%    21.57GiB / 96GiB    22.47%    0B / 0B   41.1GB / 32.8kB   134
f651aa57a28f   x265      4411.42%   2.886GiB / 96GiB    3.01%     0B / 0B   0B / 2.68MB       117
2025-02-17 05:17:30.232265
CONTAINER ID   NAME      CPU %      MEM USAGE / LIMIT   MEM %     NET I/O   BLOCK I/O         PIDS
5717f7371095   spark     856.12%    22.35GiB / 96GiB    23.28%    0B / 0B   41.1GB / 32.8kB   134
f651aa57a28f   x265      4232.90%   2.886GiB / 96GiB    3.01%     0B / 0B   0B / 2.68MB       117
2025-02-17 05:17:32.240116
CONTAINER ID   NAME      CPU %      MEM USAGE / LIMIT   MEM %     NET I/O   BLOCK I/O         PIDS
5717f7371095   spark     865.55%    23.14GiB / 96GiB    24.10%    0B / 0B   41.1GB / 32.8kB   134
f651aa57a28f   x265      2853.26%   2.887GiB / 96GiB    3.01%     0B / 0B   0B / 2.68MB       117
2025-02-17 05:17:34.252462
CONTAINER ID   NAME      CPU %      MEM USAGE / LIMIT   MEM %     NET I/O   BLOCK I/O         PIDS
5717f7371095   spark     860.72%    23.87GiB / 96GiB    24.87%    0B / 0B   41.1GB / 32.8kB   134
f651aa57a28f   x265      4738.12%   2.887GiB / 96GiB    3.01%     0B / 0B   0B / 2.68MB       117
2025-02-17 05:17:36.263570
CONTAINER ID   NAME      CPU %      MEM USAGE / LIMIT   MEM %     NET I/O   BLOCK I/O         PIDS
5717f7371095   spark     859.62%    24.6GiB / 96GiB     25.62%    0B / 0B   41.1GB / 32.8kB   134
f651aa57a28f   x265      4726.00%   2.888GiB / 96GiB    3.01%     0B / 0B   0B / 2.68MB       117
2025-02-17 05:17:38.272345
CONTAINER ID   NAME      CPU %      MEM USAGE / LIMIT   MEM %     NET I/O   BLOCK I/O         PIDS
5717f7371095   spark     872.96%    25.32GiB / 96GiB    26.37%    0B / 0B   41.1GB / 32.8kB   129
f651aa57a28f   x265      4807.03%   2.887GiB / 96GiB    3.01%     0B / 0B   0B / 2.68MB       117
2025-02-17 05:17:40.283691
CONTAINER ID   NAME      CPU %      MEM USAGE / LIMIT   MEM %     NET I/O   BLOCK I/O         PIDS
5717f7371095   spark     859.79%    26.04GiB / 96GiB    27.12%    0B / 0B   41.1GB / 32.8kB   129
f651aa57a28f   x265      4723.68%   2.888GiB / 96GiB    3.01%     0B / 0B   0B / 2.68MB       117
2025-02-17 05:17:42.292557
CONTAINER ID   NAME      CPU %      MEM USAGE / LIMIT   MEM %     NET I/O   BLOCK I/O         PIDS
5717f7371095   spark     869.23%    26.78GiB / 96GiB    27.90%    0B / 0B   41.1GB / 32.8kB   129
f651aa57a28f   x265      4800.98%   2.911GiB / 96GiB    3.03%     0B / 0B   0B / 2.68MB       117
2025-02-17 05:17:44.302728
CONTAINER ID   NAME      CPU %      MEM USAGE / LIMIT   MEM %     NET I/O   BLOCK I/O         PIDS
5717f7371095   spark     874.22%    27.5GiB / 96GiB     28.64%    0B / 0B   41.1GB / 32.8kB   129
f651aa57a28f   x265      4879.21%   2.914GiB / 96GiB    3.04%     0B / 0B   0B / 2.68MB       117
2025-02-17 05:17:46.312173
CONTAINER ID   NAME      CPU %      MEM USAGE / LIMIT   MEM %     NET I/O   BLOCK I/O         PIDS
5717f7371095   spark     840.02%    28.34GiB / 96GiB    29.52%    0B / 0B   41.1GB / 32.8kB   129
f651aa57a28f   x265      1784.86%   2.916GiB / 96GiB    3.04%     0B / 0B   0B / 2.68MB       117
2025-02-17 05:17:48.323384
CONTAINER ID   NAME      CPU %      MEM USAGE / LIMIT   MEM %     NET I/O   BLOCK I/O         PIDS
5717f7371095   spark     878.17%    29.11GiB / 96GiB    30.33%    0B / 0B   41.1GB / 32.8kB   129
f651aa57a28f   x265      4284.01%   2.916GiB / 96GiB    3.04%     0B / 0B   0B / 2.68MB       117
2025-02-17 05:17:50.333906
CONTAINER ID   NAME      CPU %      MEM USAGE / LIMIT   MEM %     NET I/O   BLOCK I/O         PIDS
5717f7371095   spark     856.49%    29.91GiB / 96GiB    31.15%    0B / 0B   41.1GB / 32.8kB   129
f651aa57a28f   x265      3669.96%   2.915GiB / 96GiB    3.04%     0B / 0B   0B / 2.68MB       117
2025-02-17 05:17:52.340244
CONTAINER ID   NAME      CPU %      MEM USAGE / LIMIT   MEM %     NET I/O   BLOCK I/O         PIDS
5717f7371095   spark     853.32%    30.65GiB / 96GiB    31.93%    0B / 0B   41.1GB / 32.8kB   129
f651aa57a28f   x265      4410.11%   2.917GiB / 96GiB    3.04%     0B / 0B   0B / 2.68MB       117
2025-02-17 05:17:54.351897
CONTAINER ID   NAME      CPU %      MEM USAGE / LIMIT   MEM %     NET I/O   BLOCK I/O         PIDS
5717f7371095   spark     858.89%    31.39GiB / 96GiB    32.70%    0B / 0B   41.1GB / 32.8kB   129
f651aa57a28f   x265      4575.86%   2.925GiB / 96GiB    3.05%     0B / 0B   0B / 2.68MB       117
2025-02-17 05:17:56.362109
CONTAINER ID   NAME      CPU %      MEM USAGE / LIMIT   MEM %     NET I/O   BLOCK I/O         PIDS
5717f7371095   spark     854.58%    32.15GiB / 96GiB    33.49%    0B / 0B   41.1GB / 32.8kB   129
f651aa57a28f   x265      4751.37%   2.925GiB / 96GiB    3.05%     0B / 0B   0B / 2.68MB       117
2025-02-17 05:17:58.372355
CONTAINER ID   NAME      CPU %      MEM USAGE / LIMIT   MEM %     NET I/O   BLOCK I/O         PIDS
5717f7371095   spark     859.00%    32.89GiB / 96GiB    34.26%    0B / 0B   41.1GB / 32.8kB   129
f651aa57a28f   x265      4510.94%   2.925GiB / 96GiB    3.05%     0B / 0B   0B / 2.68MB       117
2025-02-17 05:18:00.384701
CONTAINER ID   NAME      CPU %      MEM USAGE / LIMIT   MEM %     NET I/O   BLOCK I/O         PIDS
5717f7371095   spark     865.59%    33.63GiB / 96GiB    35.03%    0B / 0B   41.1GB / 32.8kB   129
f651aa57a28f   x265      4125.20%   2.925GiB / 96GiB    3.05%     0B / 0B   0B / 2.68MB       117
2025-02-17 05:18:02.393069
CONTAINER ID   NAME      CPU %      MEM USAGE / LIMIT   MEM %     NET I/O   BLOCK I/O         PIDS
5717f7371095   spark     872.01%    34.36GiB / 96GiB    35.79%    0B / 0B   41.1GB / 32.8kB   129
f651aa57a28f   x265      4872.48%   2.925GiB / 96GiB    3.05%     0B / 0B   0B / 2.68MB       117
2025-02-17 05:18:04.402182
CONTAINER ID   NAME      CPU %      MEM USAGE / LIMIT   MEM %     NET I/O   BLOCK I/O         PIDS
5717f7371095   spark     862.23%    35.11GiB / 96GiB    36.58%    0B / 0B   41.1GB / 32.8kB   129
f651aa57a28f   x265      4757.37%   2.925GiB / 96GiB    3.05%     0B / 0B   0B / 2.68MB       117
2025-02-17 05:18:06.412962
CONTAINER ID   NAME      CPU %      MEM USAGE / LIMIT   MEM %     NET I/O   BLOCK I/O         PIDS
5717f7371095   spark     283.17%    35.5GiB / 96GiB     36.98%    0B / 0B   41.1GB / 32.8kB   129
f651aa57a28f   x265      5009.60%   2.939GiB / 96GiB    3.06%     0B / 0B   0B / 2.68MB       117
2025-02-17 05:18:08.419253
CONTAINER ID   NAME      CPU %      MEM USAGE / LIMIT   MEM %     NET I/O   BLOCK I/O         PIDS
5717f7371095   spark     859.79%    35.54GiB / 96GiB    37.02%    0B / 0B   41.1GB / 32.8kB   135
f651aa57a28f   x265      4672.09%   2.967GiB / 96GiB    3.09%     0B / 0B   0B / 2.68MB       117
2025-02-17 05:18:10.428676
CONTAINER ID   NAME      CPU %      MEM USAGE / LIMIT   MEM %     NET I/O   BLOCK I/O         PIDS
5717f7371095   spark     853.13%    35.57GiB / 96GiB    37.05%    0B / 0B   41.1GB / 32.8kB   135
f651aa57a28f   x265      4191.65%   2.983GiB / 96GiB    3.11%     0B / 0B   0B / 2.68MB       117
2025-02-17 05:18:12.438257
CONTAINER ID   NAME      CPU %      MEM USAGE / LIMIT   MEM %     NET I/O   BLOCK I/O         PIDS
5717f7371095   spark     856.64%    35.59GiB / 96GiB    37.08%    0B / 0B   41.1GB / 32.8kB   135
f651aa57a28f   x265      4381.67%   2.982GiB / 96GiB    3.11%     0B / 0B   0B / 2.68MB       115
2025-02-17 05:18:14.447683
CONTAINER ID   NAME      CPU %      MEM USAGE / LIMIT   MEM %     NET I/O   BLOCK I/O         PIDS
5717f7371095   spark     845.82%    35.61GiB / 96GiB    37.09%    0B / 0B   41.1GB / 32.8kB   135
f651aa57a28f   x265      2595.12%   117MiB / 96GiB      0.12%     0B / 0B   0B / 2.98MB       100
2025-02-17 05:18:16.459539
CONTAINER ID   NAME      CPU %      MEM USAGE / LIMIT   MEM %     NET I/O   BLOCK I/O         PIDS
5717f7371095   spark     854.81%    35.62GiB / 96GiB    37.10%    0B / 0B   41.1GB / 32.8kB   135
f651aa57a28f   x265      4122.74%   2.334GiB / 96GiB    2.43%     0B / 0B   0B / 2.98MB       117
2025-02-17 05:18:18.468644
CONTAINER ID   NAME      CPU %      MEM USAGE / LIMIT   MEM %     NET I/O   BLOCK I/O         PIDS
5717f7371095   spark     870.18%    35.64GiB / 96GiB    37.12%    0B / 0B   41.1GB / 32.8kB   135
f651aa57a28f   x265      4392.08%   2.887GiB / 96GiB    3.01%     0B / 0B   0B / 2.98MB       117
2025-02-17 05:18:20.479517
CONTAINER ID   NAME      CPU %      MEM USAGE / LIMIT   MEM %     NET I/O   BLOCK I/O         PIDS
5717f7371095   spark     869.05%    35.66GiB / 96GiB    37.14%    0B / 0B   41.1GB / 32.8kB   135
f651aa57a28f   x265      4395.97%   2.887GiB / 96GiB    3.01%     0B / 0B   0B / 2.98MB       117
2025-02-17 05:18:22.492007
CONTAINER ID   NAME      CPU %      MEM USAGE / LIMIT   MEM %     NET I/O   BLOCK I/O         PIDS
5717f7371095   spark     864.39%    35.67GiB / 96GiB    37.16%    0B / 0B   41.1GB / 32.8kB   135
f651aa57a28f   x265      4303.03%   2.887GiB / 96GiB    3.01%     0B / 0B   0B / 2.98MB       117
2025-02-17 05:18:24.500090
CONTAINER ID   NAME      CPU %      MEM USAGE / LIMIT   MEM %     NET I/O   BLOCK I/O         PIDS
5717f7371095   spark     853.89%    35.69GiB / 96GiB    37.17%    0B / 0B   41.1GB / 32.8kB   135
f651aa57a28f   x265      3851.24%   2.888GiB / 96GiB    3.01%     0B / 0B   0B / 2.98MB       117
2025-02-17 05:18:26.512029
CONTAINER ID   NAME      CPU %      MEM USAGE / LIMIT   MEM %     NET I/O   BLOCK I/O         PIDS
5717f7371095   spark     873.27%    35.7GiB / 96GiB     37.19%    0B / 0B   41.1GB / 32.8kB   135
f651aa57a28f   x265      4711.80%   2.889GiB / 96GiB    3.01%     0B / 0B   0B / 2.98MB       117
2025-02-17 05:18:28.517441
CONTAINER ID   NAME      CPU %      MEM USAGE / LIMIT   MEM %     NET I/O   BLOCK I/O         PIDS
5717f7371095   spark     880.51%    35.72GiB / 96GiB    37.21%    0B / 0B   41.1GB / 32.8kB   135
f651aa57a28f   x265      4704.87%   2.889GiB / 96GiB    3.01%     0B / 0B   0B / 2.98MB       117
2025-02-17 05:18:30.527539
CONTAINER ID   NAME      CPU %      MEM USAGE / LIMIT   MEM %     NET I/O   BLOCK I/O         PIDS
5717f7371095   spark     876.41%    35.73GiB / 96GiB    37.22%    0B / 0B   41.1GB / 32.8kB   135
f651aa57a28f   x265      4620.49%   2.904GiB / 96GiB    3.02%     0B / 0B   0B / 2.98MB       117
2025-02-17 05:18:32.535864
CONTAINER ID   NAME      CPU %      MEM USAGE / LIMIT   MEM %     NET I/O   BLOCK I/O         PIDS
5717f7371095   spark     862.79%    35.75GiB / 96GiB    37.24%    0B / 0B   41.1GB / 32.8kB   135
f651aa57a28f   x265      4518.36%   2.919GiB / 96GiB    3.04%     0B / 0B   0B / 2.98MB       117
2025-02-17 05:18:34.545404
CONTAINER ID   NAME      CPU %      MEM USAGE / LIMIT   MEM %     NET I/O   BLOCK I/O         PIDS
5717f7371095   spark     869.76%    35.76GiB / 96GiB    37.25%    0B / 0B   41.1GB / 32.8kB   135
f651aa57a28f   x265      4699.55%   2.924GiB / 96GiB    3.05%     0B / 0B   0B / 2.98MB       117
2025-02-17 05:18:36.554923
CONTAINER ID   NAME      CPU %      MEM USAGE / LIMIT   MEM %     NET I/O   BLOCK I/O         PIDS
5717f7371095   spark     855.59%    35.77GiB / 96GiB    37.26%    0B / 0B   41.1GB / 32.8kB   135
f651aa57a28f   x265      4191.06%   2.922GiB / 96GiB    3.04%     0B / 0B   0B / 2.98MB       117
2025-02-17 05:18:38.564521
CONTAINER ID   NAME      CPU %      MEM USAGE / LIMIT   MEM %     NET I/O   BLOCK I/O         PIDS
5717f7371095   spark     860.83%    35.79GiB / 96GiB    37.28%    0B / 0B   41.1GB / 32.8kB   135
f651aa57a28f   x265      4441.55%   2.922GiB / 96GiB    3.04%     0B / 0B   0B / 2.98MB       117
2025-02-17 05:18:40.573662
CONTAINER ID   NAME      CPU %      MEM USAGE / LIMIT   MEM %     NET I/O   BLOCK I/O         PIDS
5717f7371095   spark     854.52%    35.8GiB / 96GiB     37.30%    0B / 0B   41.1GB / 32.8kB   135
f651aa57a28f   x265      4545.63%   2.925GiB / 96GiB    3.05%     0B / 0B   0B / 2.98MB       117
2025-02-17 05:18:42.584608
CONTAINER ID   NAME      CPU %      MEM USAGE / LIMIT   MEM %     NET I/O   BLOCK I/O         PIDS
5717f7371095   spark     861.17%    35.82GiB / 96GiB    37.31%    0B / 0B   41.1GB / 32.8kB   135
f651aa57a28f   x265      4279.40%   2.925GiB / 96GiB    3.05%     0B / 0B   0B / 2.98MB       117
2025-02-17 05:18:44.593285
CONTAINER ID   NAME      CPU %      MEM USAGE / LIMIT   MEM %     NET I/O   BLOCK I/O         PIDS
5717f7371095   spark     865.85%    35.84GiB / 96GiB    37.33%    0B / 0B   41.1GB / 32.8kB   135
f651aa57a28f   x265      4447.89%   2.925GiB / 96GiB    3.05%     0B / 0B   0B / 2.98MB       117
2025-02-17 05:18:46.603717
CONTAINER ID   NAME      CPU %      MEM USAGE / LIMIT   MEM %     NET I/O   BLOCK I/O         PIDS
5717f7371095   spark     866.50%    35.85GiB / 96GiB    37.35%    0B / 0B   41.1GB / 32.8kB   135
f651aa57a28f   x265      3481.01%   2.925GiB / 96GiB    3.05%     0B / 0B   0B / 2.98MB       117
2025-02-17 05:18:48.613168
CONTAINER ID   NAME      CPU %      MEM USAGE / LIMIT   MEM %     NET I/O   BLOCK I/O         PIDS
5717f7371095   spark     877.10%    35.87GiB / 96GiB    37.36%    0B / 0B   41.1GB / 32.8kB   135
f651aa57a28f   x265      4590.19%   2.925GiB / 96GiB    3.05%     0B / 0B   0B / 2.98MB       117
2025-02-17 05:18:50.622116
CONTAINER ID   NAME      CPU %      MEM USAGE / LIMIT   MEM %     NET I/O   BLOCK I/O         PIDS
5717f7371095   spark     866.98%    35.89GiB / 96GiB    37.38%    0B / 0B   41.1GB / 32.8kB   135
f651aa57a28f   x265      4734.04%   2.925GiB / 96GiB    3.05%     0B / 0B   0B / 2.98MB       117
2025-02-17 05:18:52.631843
CONTAINER ID   NAME      CPU %      MEM USAGE / LIMIT   MEM %     NET I/O   BLOCK I/O         PIDS
5717f7371095   spark     862.06%    35.9GiB / 96GiB     37.40%    0B / 0B   41.1GB / 32.8kB   135
f651aa57a28f   x265      4534.71%   2.924GiB / 96GiB    3.05%     0B / 0B   0B / 2.98MB       117
2025-02-17 05:18:54.643966
CONTAINER ID   NAME      CPU %      MEM USAGE / LIMIT   MEM %     NET I/O   BLOCK I/O         PIDS
5717f7371095   spark     848.28%    35.92GiB / 96GiB    37.42%    0B / 0B   41.1GB / 32.8kB   135
f651aa57a28f   x265      4720.96%   2.932GiB / 96GiB    3.05%     0B / 0B   0B / 2.98MB       117
2025-02-17 05:18:56.653680
CONTAINER ID   NAME      CPU %      MEM USAGE / LIMIT   MEM %     NET I/O   BLOCK I/O         PIDS
5717f7371095   spark     850.45%    35.95GiB / 96GiB    37.45%    0B / 0B   41.1GB / 32.8kB   135
f651aa57a28f   x265      4324.66%   2.969GiB / 96GiB    3.09%     0B / 0B   0B / 2.98MB       117
2025-02-17 05:18:58.666401
CONTAINER ID   NAME      CPU %      MEM USAGE / LIMIT   MEM %     NET I/O   BLOCK I/O         PIDS
5717f7371095   spark     851.78%    35.98GiB / 96GiB    37.48%    0B / 0B   41.1GB / 32.8kB   135
f651aa57a28f   x265      4922.96%   2.99GiB / 96GiB     3.11%     0B / 0B   0B / 2.98MB       117
2025-02-17 05:19:00.675545
CONTAINER ID   NAME      CPU %      MEM USAGE / LIMIT   MEM %     NET I/O   BLOCK I/O         PIDS
5717f7371095   spark     870.19%    36GiB / 96GiB       37.50%    0B / 0B   41.1GB / 32.8kB   135
f651aa57a28f   x265      4783.36%   2.991GiB / 96GiB    3.12%     0B / 0B   0B / 2.98MB       115
2025-02-17 05:19:02.686236
CONTAINER ID   NAME      CPU %      MEM USAGE / LIMIT   MEM %     NET I/O   BLOCK I/O         PIDS
5717f7371095   spark     856.28%    36.01GiB / 96GiB    37.51%    0B / 0B   41.1GB / 32.8kB   135
f651aa57a28f   x265      3069.42%   1.66GiB / 96GiB     1.73%     0B / 0B   0B / 2.98MB       3
2025-02-17 05:19:04.696715
CONTAINER ID   NAME      CPU %      MEM USAGE / LIMIT   MEM %     NET I/O   BLOCK I/O         PIDS
5717f7371095   spark     825.61%    36.03GiB / 96GiB    37.53%    0B / 0B   41.1GB / 32.8kB   135
f651aa57a28f   x265      3853.28%   2.252GiB / 96GiB    2.35%     0B / 0B   0B / 3.99MB       117
2025-02-17 05:19:06.709398
CONTAINER ID   NAME      CPU %      MEM USAGE / LIMIT   MEM %     NET I/O   BLOCK I/O         PIDS
5717f7371095   spark     857.18%    36.05GiB / 96GiB    37.55%    0B / 0B   41.1GB / 32.8kB   134
f651aa57a28f   x265      4636.67%   2.886GiB / 96GiB    3.01%     0B / 0B   0B / 3.99MB       117
2025-02-17 05:19:08.719486
CONTAINER ID   NAME      CPU %      MEM USAGE / LIMIT   MEM %     NET I/O   BLOCK I/O         PIDS
5717f7371095   spark     869.16%    36.07GiB / 96GiB    37.57%    0B / 0B   41.1GB / 32.8kB   129
f651aa57a28f   x265      4513.40%   2.886GiB / 96GiB    3.01%     0B / 0B   0B / 3.99MB       117
2025-02-17 05:19:10.728416
CONTAINER ID   NAME      CPU %      MEM USAGE / LIMIT   MEM %     NET I/O   BLOCK I/O         PIDS
5717f7371095   spark     855.20%    36.08GiB / 96GiB    37.59%    0B / 0B   41.1GB / 32.8kB   129
f651aa57a28f   x265      4537.23%   2.887GiB / 96GiB    3.01%     0B / 0B   0B / 3.99MB       117
2025-02-17 05:19:12.737499
CONTAINER ID   NAME      CPU %      MEM USAGE / LIMIT   MEM %     NET I/O   BLOCK I/O         PIDS
5717f7371095   spark     859.14%    36.1GiB / 96GiB     37.60%    0B / 0B   41.1GB / 32.8kB   129
f651aa57a28f   x265      4373.62%   2.887GiB / 96GiB    3.01%     0B / 0B   0B / 3.99MB       117
2025-02-17 05:19:14.748896
CONTAINER ID   NAME      CPU %      MEM USAGE / LIMIT   MEM %     NET I/O   BLOCK I/O         PIDS
5717f7371095   spark     863.73%    36.11GiB / 96GiB    37.62%    0B / 0B   41.1GB / 32.8kB   129
f651aa57a28f   x265      4549.22%   2.888GiB / 96GiB    3.01%     0B / 0B   0B / 3.99MB       117
2025-02-17 05:19:16.758193
CONTAINER ID   NAME      CPU %      MEM USAGE / LIMIT   MEM %     NET I/O   BLOCK I/O         PIDS
5717f7371095   spark     859.61%    36.12GiB / 96GiB    37.63%    0B / 0B   41.1GB / 32.8kB   129
f651aa57a28f   x265      4610.26%   2.887GiB / 96GiB    3.01%     0B / 0B   0B / 3.99MB       117
2025-02-17 05:19:18.768260
CONTAINER ID   NAME      CPU %      MEM USAGE / LIMIT   MEM %     NET I/O   BLOCK I/O         PIDS
5717f7371095   spark     864.00%    36.13GiB / 96GiB    37.63%    0B / 0B   41.1GB / 32.8kB   129
f651aa57a28f   x265      4876.06%   2.903GiB / 96GiB    3.02%     0B / 0B   0B / 3.99MB       117
2025-02-17 05:19:20.776473
CONTAINER ID   NAME      CPU %      MEM USAGE / LIMIT   MEM %     NET I/O   BLOCK I/O         PIDS
5717f7371095   spark     854.25%    36.13GiB / 96GiB    37.64%    0B / 0B   41.1GB / 32.8kB   129
f651aa57a28f   x265      4828.50%   2.913GiB / 96GiB    3.03%     0B / 0B   0B / 3.99MB       117
2025-02-17 05:19:22.787367
CONTAINER ID   NAME      CPU %      MEM USAGE / LIMIT   MEM %     NET I/O   BLOCK I/O         PIDS
5717f7371095   spark     850.77%    36.14GiB / 96GiB    37.64%    0B / 0B   41.1GB / 32.8kB   129
f651aa57a28f   x265      4632.53%   2.919GiB / 96GiB    3.04%     0B / 0B   0B / 3.99MB       117
2025-02-17 05:19:24.797015
CONTAINER ID   NAME      CPU %      MEM USAGE / LIMIT   MEM %     NET I/O   BLOCK I/O         PIDS
5717f7371095   spark     872.36%    36.14GiB / 96GiB    37.65%    0B / 0B   41.1GB / 32.8kB   129
f651aa57a28f   x265      4529.83%   2.918GiB / 96GiB    3.04%     0B / 0B   0B / 3.99MB       117
2025-02-17 05:19:26.805028
CONTAINER ID   NAME      CPU %      MEM USAGE / LIMIT   MEM %     NET I/O   BLOCK I/O         PIDS
5717f7371095   spark     879.97%    36.15GiB / 96GiB    37.66%    0B / 0B   41.1GB / 32.8kB   129
f651aa57a28f   x265      4611.97%   2.917GiB / 96GiB    3.04%     0B / 0B   0B / 3.99MB       117
2025-02-17 05:19:28.816916
CONTAINER ID   NAME      CPU %      MEM USAGE / LIMIT   MEM %     NET I/O   BLOCK I/O         PIDS
5717f7371095   spark     858.59%    36.15GiB / 96GiB    37.66%    0B / 0B   41.1GB / 32.8kB   129
f651aa57a28f   x265      4331.58%   2.917GiB / 96GiB    3.04%     0B / 0B   0B / 3.99MB       117
2025-02-17 05:19:30.824832
CONTAINER ID   NAME      CPU %      MEM USAGE / LIMIT   MEM %     NET I/O   BLOCK I/O         PIDS
5717f7371095   spark     868.73%    36.16GiB / 96GiB    37.66%    0B / 0B   41.1GB / 32.8kB   129
f651aa57a28f   x265      4197.88%   2.922GiB / 96GiB    3.04%     0B / 0B   0B / 3.99MB       117
2025-02-17 05:19:32.834387
CONTAINER ID   NAME      CPU %      MEM USAGE / LIMIT   MEM %     NET I/O   BLOCK I/O         PIDS
5717f7371095   spark     861.37%    36.16GiB / 96GiB    37.67%    0B / 0B   41.1GB / 32.8kB   129
f651aa57a28f   x265      4742.25%   2.922GiB / 96GiB    3.04%     0B / 0B   0B / 3.99MB       117
2025-02-17 05:19:34.846039
CONTAINER ID   NAME      CPU %      MEM USAGE / LIMIT   MEM %     NET I/O   BLOCK I/O         PIDS
5717f7371095   spark     857.89%    36.16GiB / 96GiB    37.67%    0B / 0B   41.1GB / 32.8kB   129
f651aa57a28f   x265      4824.90%   2.922GiB / 96GiB    3.04%     0B / 0B   0B / 3.99MB       117
2025-02-17 05:19:36.858413
CONTAINER ID   NAME      CPU %      MEM USAGE / LIMIT   MEM %     NET I/O   BLOCK I/O         PIDS
5717f7371095   spark     118.04%    36.17GiB / 96GiB    37.68%    0B / 0B   41.1GB / 32.8kB   129
f651aa57a28f   x265      4246.65%   2.922GiB / 96GiB    3.04%     0B / 0B   0B / 3.99MB       117
2025-02-17 05:19:38.867662
CONTAINER ID   NAME      CPU %      MEM USAGE / LIMIT   MEM %     NET I/O   BLOCK I/O         PIDS
5717f7371095   spark     869.15%    36.18GiB / 96GiB    37.69%    0B / 0B   41.1GB / 32.8kB   135
f651aa57a28f   x265      4671.44%   2.922GiB / 96GiB    3.04%     0B / 0B   0B / 3.99MB       117
2025-02-17 05:19:40.878468
CONTAINER ID   NAME      CPU %      MEM USAGE / LIMIT   MEM %     NET I/O   BLOCK I/O         PIDS
5717f7371095   spark     859.02%    36.18GiB / 96GiB    37.69%    0B / 0B   41.1GB / 32.8kB   135
f651aa57a28f   x265      4720.10%   2.922GiB / 96GiB    3.04%     0B / 0B   0B / 3.99MB       117
2025-02-17 05:19:42.887952
CONTAINER ID   NAME      CPU %      MEM USAGE / LIMIT   MEM %     NET I/O   BLOCK I/O         PIDS
5717f7371095   spark     863.34%    36.18GiB / 96GiB    37.69%    0B / 0B   41.1GB / 32.8kB   135
f651aa57a28f   x265      5002.87%   2.934GiB / 96GiB    3.06%     0B / 0B   0B / 3.99MB       117
2025-02-17 05:19:44.897888
CONTAINER ID   NAME      CPU %      MEM USAGE / LIMIT   MEM %     NET I/O   BLOCK I/O         PIDS
5717f7371095   spark     861.57%    36.18GiB / 96GiB    37.69%    0B / 0B   41.1GB / 32.8kB   135
f651aa57a28f   x265      4743.25%   2.956GiB / 96GiB    3.08%     0B / 0B   0B / 3.99MB       117
2025-02-17 05:19:46.907252
CONTAINER ID   NAME      CPU %      MEM USAGE / LIMIT   MEM %     NET I/O   BLOCK I/O         PIDS
5717f7371095   spark     871.58%    36.18GiB / 96GiB    37.69%    0B / 0B   41.1GB / 32.8kB   135
f651aa57a28f   x265      4538.35%   2.965GiB / 96GiB    3.09%     0B / 0B   0B / 3.99MB       117
2025-02-17 05:19:48.918184
CONTAINER ID   NAME      CPU %      MEM USAGE / LIMIT   MEM %     NET I/O   BLOCK I/O         PIDS
5717f7371095   spark     854.66%    36.18GiB / 96GiB    37.69%    0B / 0B   41.1GB / 32.8kB   135
f651aa57a28f   x265      4324.28%   2.973GiB / 96GiB    3.10%     0B / 0B   0B / 3.99MB       115
2025-02-17 05:19:50.928392
CONTAINER ID   NAME      CPU %      MEM USAGE / LIMIT   MEM %     NET I/O   BLOCK I/O         PIDS
5717f7371095   spark     870.68%    36.18GiB / 96GiB    37.69%    0B / 0B   41.1GB / 32.8kB   135
f651aa57a28f   x265      3845.36%   2.973GiB / 96GiB    3.10%     0B / 0B   0B / 3.99MB       115
2025-02-17 05:19:52.937975
CONTAINER ID   NAME      CPU %      MEM USAGE / LIMIT   MEM %     NET I/O   BLOCK I/O         PIDS
5717f7371095   spark     832.62%    36.18GiB / 96GiB    37.69%    0B / 0B   41.1GB / 32.8kB   135
f651aa57a28f   x265      3165.62%   1.819GiB / 96GiB    1.89%     0B / 0B   0B / 4.2MB        117
2025-02-17 05:19:54.947186
CONTAINER ID   NAME      CPU %      MEM USAGE / LIMIT   MEM %     NET I/O   BLOCK I/O         PIDS
5717f7371095   spark     857.48%    36.18GiB / 96GiB    37.68%    0B / 0B   41.1GB / 32.8kB   135
f651aa57a28f   x265      4387.91%   2.875GiB / 96GiB    2.99%     0B / 0B   0B / 4.2MB        117
2025-02-17 05:19:56.957633
CONTAINER ID   NAME      CPU %      MEM USAGE / LIMIT   MEM %     NET I/O   BLOCK I/O         PIDS
5717f7371095   spark     848.59%    36.18GiB / 96GiB    37.68%    0B / 0B   41.1GB / 32.8kB   135
f651aa57a28f   x265      3821.63%   2.887GiB / 96GiB    3.01%     0B / 0B   0B / 4.2MB        117
2025-02-17 05:19:58.967755
CONTAINER ID   NAME      CPU %      MEM USAGE / LIMIT   MEM %     NET I/O   BLOCK I/O         PIDS
5717f7371095   spark     850.65%    36.18GiB / 96GiB    37.69%    0B / 0B   41.1GB / 32.8kB   135
f651aa57a28f   x265      4268.65%   2.887GiB / 96GiB    3.01%     0B / 0B   0B / 4.2MB        117
2025-02-17 05:20:00.977224
CONTAINER ID   NAME      CPU %      MEM USAGE / LIMIT   MEM %     NET I/O   BLOCK I/O         PIDS
5717f7371095   spark     860.07%    36.18GiB / 96GiB    37.69%    0B / 0B   41.1GB / 32.8kB   135
f651aa57a28f   x265      4584.39%   2.888GiB / 96GiB    3.01%     0B / 0B   0B / 4.2MB        117
2025-02-17 05:20:02.987883
CONTAINER ID   NAME      CPU %      MEM USAGE / LIMIT   MEM %     NET I/O   BLOCK I/O         PIDS
5717f7371095   spark     856.66%    36.19GiB / 96GiB    37.69%    0B / 0B   41.1GB / 32.8kB   135
f651aa57a28f   x265      4705.66%   2.888GiB / 96GiB    3.01%     0B / 0B   0B / 4.2MB        117
2025-02-17 05:20:04.997044
CONTAINER ID   NAME      CPU %      MEM USAGE / LIMIT   MEM %     NET I/O   BLOCK I/O         PIDS
5717f7371095   spark     856.89%    36.19GiB / 96GiB    37.69%    0B / 0B   41.1GB / 32.8kB   135
f651aa57a28f   x265      4818.61%   2.888GiB / 96GiB    3.01%     0B / 0B   0B / 4.2MB        117
2025-02-17 05:20:07.007699
CONTAINER ID   NAME      CPU %      MEM USAGE / LIMIT   MEM %     NET I/O   BLOCK I/O         PIDS
5717f7371095   spark     859.25%    36.19GiB / 96GiB    37.69%    0B / 0B   41.1GB / 32.8kB   135
f651aa57a28f   x265      4577.17%   2.888GiB / 96GiB    3.01%     0B / 0B   0B / 4.2MB        117
2025-02-17 05:20:09.016106
CONTAINER ID   NAME      CPU %      MEM USAGE / LIMIT   MEM %     NET I/O   BLOCK I/O         PIDS
5717f7371095   spark     866.84%    36.19GiB / 96GiB    37.70%    0B / 0B   41.1GB / 32.8kB   135
f651aa57a28f   x265      4777.15%   2.911GiB / 96GiB    3.03%     0B / 0B   0B / 4.2MB        117
2025-02-17 05:20:11.025627
CONTAINER ID   NAME      CPU %      MEM USAGE / LIMIT   MEM %     NET I/O   BLOCK I/O         PIDS
5717f7371095   spark     852.68%    36.19GiB / 96GiB    37.70%    0B / 0B   41.1GB / 32.8kB   135
f651aa57a28f   x265      4788.66%   2.915GiB / 96GiB    3.04%     0B / 0B   0B / 4.2MB        117
2025-02-17 05:20:13.034984
CONTAINER ID   NAME      CPU %      MEM USAGE / LIMIT   MEM %     NET I/O   BLOCK I/O         PIDS
5717f7371095   spark     857.40%    36.19GiB / 96GiB    37.70%    0B / 0B   41.1GB / 32.8kB   135
f651aa57a28f   x265      4489.47%   2.916GiB / 96GiB    3.04%     0B / 0B   0B / 4.2MB        117
2025-02-17 05:20:15.047428
CONTAINER ID   NAME      CPU %      MEM USAGE / LIMIT   MEM %     NET I/O   BLOCK I/O         PIDS
5717f7371095   spark     860.96%    36.19GiB / 96GiB    37.70%    0B / 0B   41.1GB / 32.8kB   135
f651aa57a28f   x265      4545.37%   2.915GiB / 96GiB    3.04%     0B / 0B   0B / 4.2MB        117
2025-02-17 05:20:17.056265
CONTAINER ID   NAME      CPU %      MEM USAGE / LIMIT   MEM %     NET I/O   BLOCK I/O         PIDS
5717f7371095   spark     865.55%    36.19GiB / 96GiB    37.70%    0B / 0B   41.1GB / 32.8kB   135
f651aa57a28f   x265      4743.18%   2.915GiB / 96GiB    3.04%     0B / 0B   0B / 4.2MB        117
2025-02-17 05:20:19.065513
CONTAINER ID   NAME      CPU %      MEM USAGE / LIMIT   MEM %     NET I/O   BLOCK I/O         PIDS
5717f7371095   spark     875.42%    36.19GiB / 96GiB    37.70%    0B / 0B   41.1GB / 32.8kB   135
f651aa57a28f   x265      4729.65%   2.922GiB / 96GiB    3.04%     0B / 0B   0B / 4.2MB        117
2025-02-17 05:20:21.072696
CONTAINER ID   NAME      CPU %      MEM USAGE / LIMIT   MEM %     NET I/O   BLOCK I/O         PIDS
5717f7371095   spark     865.14%    36.19GiB / 96GiB    37.70%    0B / 0B   41.1GB / 32.8kB   135
f651aa57a28f   x265      4718.28%   2.922GiB / 96GiB    3.04%     0B / 0B   0B / 4.2MB        117
2025-02-17 05:20:23.084764
CONTAINER ID   NAME      CPU %      MEM USAGE / LIMIT   MEM %     NET I/O   BLOCK I/O         PIDS
5717f7371095   spark     902.42%    36.19GiB / 96GiB    37.70%    0B / 0B   41.1GB / 32.8kB   135
f651aa57a28f   x265      4684.85%   2.922GiB / 96GiB    3.04%     0B / 0B   0B / 4.2MB        117
2025-02-17 05:20:25.094630
CONTAINER ID   NAME      CPU %      MEM USAGE / LIMIT   MEM %     NET I/O   BLOCK I/O         PIDS
5717f7371095   spark     861.27%    36.19GiB / 96GiB    37.70%    0B / 0B   41.1GB / 32.8kB   135
f651aa57a28f   x265      4859.25%   2.923GiB / 96GiB    3.04%     0B / 0B   0B / 4.2MB        117
2025-02-17 05:20:27.104535
CONTAINER ID   NAME      CPU %      MEM USAGE / LIMIT   MEM %     NET I/O   BLOCK I/O         PIDS
5717f7371095   spark     860.54%    36.19GiB / 96GiB    37.70%    0B / 0B   41.1GB / 32.8kB   135
f651aa57a28f   x265      4465.75%   2.922GiB / 96GiB    3.04%     0B / 0B   0B / 4.2MB        117
2025-02-17 05:20:29.116967
CONTAINER ID   NAME      CPU %      MEM USAGE / LIMIT   MEM %     NET I/O   BLOCK I/O         PIDS
5717f7371095   spark     857.10%    36.2GiB / 96GiB     37.70%    0B / 0B   41.1GB / 32.8kB   135
f651aa57a28f   x265      4383.38%   2.922GiB / 96GiB    3.04%     0B / 0B   0B / 4.2MB        117
2025-02-17 05:20:31.124891
CONTAINER ID   NAME      CPU %      MEM USAGE / LIMIT   MEM %     NET I/O   BLOCK I/O         PIDS
5717f7371095   spark     838.95%    36.19GiB / 96GiB    37.70%    0B / 0B   41.1GB / 32.8kB   135
f651aa57a28f   x265      4630.93%   2.935GiB / 96GiB    3.06%     0B / 0B   0B / 4.2MB        117
2025-02-17 05:20:33.133779
CONTAINER ID   NAME      CPU %      MEM USAGE / LIMIT   MEM %     NET I/O   BLOCK I/O         PIDS
5717f7371095   spark     867.50%    36.2GiB / 96GiB     37.70%    0B / 0B   41.1GB / 32.8kB   135
f651aa57a28f   x265      4261.74%   2.949GiB / 96GiB    3.07%     0B / 0B   0B / 4.2MB        117
2025-02-17 05:20:35.143003
CONTAINER ID   NAME      CPU %      MEM USAGE / LIMIT   MEM %     NET I/O   BLOCK I/O         PIDS
5717f7371095   spark     861.57%    36.19GiB / 96GiB    37.70%    0B / 0B   41.1GB / 32.8kB   135
f651aa57a28f   x265      4723.95%   2.974GiB / 96GiB    3.10%     0B / 0B   0B / 4.2MB        117
2025-02-17 05:20:37.152305
CONTAINER ID   NAME      CPU %      MEM USAGE / LIMIT   MEM %     NET I/O   BLOCK I/O         PIDS
5717f7371095   spark     858.91%    36.2GiB / 96GiB     37.70%    0B / 0B   41.1GB / 32.8kB   134
f651aa57a28f   x265      4822.51%   2.981GiB / 96GiB    3.10%     0B / 0B   0B / 4.2MB        115
2025-02-17 05:20:39.163433
CONTAINER ID   NAME      CPU %      MEM USAGE / LIMIT   MEM %     NET I/O   BLOCK I/O         PIDS
5717f7371095   spark     871.65%    36.2GiB / 96GiB     37.70%    0B / 0B   41.1GB / 32.8kB   129
f651aa57a28f   x265      4021.59%   2.98GiB / 96GiB     3.10%     0B / 0B   0B / 4.2MB        115
2025-02-17 05:20:41.172702
CONTAINER ID   NAME      CPU %      MEM USAGE / LIMIT   MEM %     NET I/O   BLOCK I/O         PIDS
5717f7371095   spark     815.47%    36.19GiB / 96GiB    37.70%    0B / 0B   41.1GB / 32.8kB   129
f651aa57a28f   x265      2493.94%   1.382GiB / 96GiB    1.44%     0B / 0B   0B / 5.22MB       117
2025-02-17 05:20:43.187600
CONTAINER ID   NAME      CPU %      MEM USAGE / LIMIT   MEM %     NET I/O   BLOCK I/O         PIDS
5717f7371095   spark     860.82%    36.2GiB / 96GiB     37.70%    0B / 0B   41.1GB / 32.8kB   129
f651aa57a28f   x265      4039.38%   2.859GiB / 96GiB    2.98%     0B / 0B   0B / 5.22MB       117
2025-02-17 05:20:45.198004
CONTAINER ID   NAME      CPU %      MEM USAGE / LIMIT   MEM %     NET I/O   BLOCK I/O         PIDS
5717f7371095   spark     867.76%    36.2GiB / 96GiB     37.71%    0B / 0B   41.1GB / 32.8kB   129
f651aa57a28f   x265      4047.56%   2.886GiB / 96GiB    3.01%     0B / 0B   0B / 5.22MB       117
2025-02-17 05:20:47.207144
CONTAINER ID   NAME      CPU %      MEM USAGE / LIMIT   MEM %     NET I/O   BLOCK I/O         PIDS
5717f7371095   spark     865.62%    36.2GiB / 96GiB     37.71%    0B / 0B   41.1GB / 32.8kB   129
f651aa57a28f   x265      4249.28%   2.888GiB / 96GiB    3.01%     0B / 0B   0B / 5.22MB       117
2025-02-17 05:20:49.216332
CONTAINER ID   NAME      CPU %      MEM USAGE / LIMIT   MEM %     NET I/O   BLOCK I/O         PIDS
5717f7371095   spark     847.90%    36.2GiB / 96GiB     37.71%    0B / 0B   41.1GB / 32.8kB   129
f651aa57a28f   x265      4382.07%   2.888GiB / 96GiB    3.01%     0B / 0B   0B / 5.22MB       117
2025-02-17 05:20:51.229142
CONTAINER ID   NAME      CPU %      MEM USAGE / LIMIT   MEM %     NET I/O   BLOCK I/O         PIDS
5717f7371095   spark     874.87%    36.2GiB / 96GiB     37.71%    0B / 0B   41.1GB / 32.8kB   129
f651aa57a28f   x265      4547.21%   2.889GiB / 96GiB    3.01%     0B / 0B   0B / 5.22MB       117
2025-02-17 05:20:53.239200
CONTAINER ID   NAME      CPU %      MEM USAGE / LIMIT   MEM %     NET I/O   BLOCK I/O         PIDS
5717f7371095   spark     846.96%    36.2GiB / 96GiB     37.71%    0B / 0B   41.1GB / 32.8kB   129
f651aa57a28f   x265      4635.31%   2.889GiB / 96GiB    3.01%     0B / 0B   0B / 5.22MB       117
2025-02-17 05:20:55.249541
CONTAINER ID   NAME      CPU %      MEM USAGE / LIMIT   MEM %     NET I/O   BLOCK I/O         PIDS
5717f7371095   spark     860.63%    36.2GiB / 96GiB     37.71%    0B / 0B   41.1GB / 32.8kB   129
f651aa57a28f   x265      4720.91%   2.889GiB / 96GiB    3.01%     0B / 0B   0B / 5.22MB       117
2025-02-17 05:20:57.259629
CONTAINER ID   NAME      CPU %      MEM USAGE / LIMIT   MEM %     NET I/O   BLOCK I/O         PIDS
5717f7371095   spark     859.27%    36.2GiB / 96GiB     37.71%    0B / 0B   41.1GB / 32.8kB   129
f651aa57a28f   x265      4547.69%   2.916GiB / 96GiB    3.04%     0B / 0B   0B / 5.22MB       117
2025-02-17 05:20:59.271304
CONTAINER ID   NAME      CPU %      MEM USAGE / LIMIT   MEM %     NET I/O   BLOCK I/O         PIDS
5717f7371095   spark     859.27%    36.2GiB / 96GiB     37.71%    0B / 0B   41.1GB / 32.8kB   129
f651aa57a28f   x265      4454.09%   2.919GiB / 96GiB    3.04%     0B / 0B   0B / 5.22MB       117
2025-02-17 05:21:01.281048
CONTAINER ID   NAME      CPU %      MEM USAGE / LIMIT   MEM %     NET I/O   BLOCK I/O         PIDS
5717f7371095   spark     865.58%    36.2GiB / 96GiB     37.71%    0B / 0B   41.1GB / 32.8kB   129
f651aa57a28f   x265      5020.69%   2.921GiB / 96GiB    3.04%     0B / 0B   0B / 5.22MB       117
2025-02-17 05:21:03.291071
CONTAINER ID   NAME      CPU %      MEM USAGE / LIMIT   MEM %     NET I/O   BLOCK I/O         PIDS
5717f7371095   spark     858.08%    36.2GiB / 96GiB     37.71%    0B / 0B   41.1GB / 32.8kB   129
f651aa57a28f   x265      4588.74%   2.92GiB / 96GiB     3.04%     0B / 0B   0B / 5.22MB       117
2025-02-17 05:21:05.300664
CONTAINER ID   NAME      CPU %      MEM USAGE / LIMIT   MEM %     NET I/O   BLOCK I/O         PIDS
5717f7371095   spark     794.42%    36.2GiB / 96GiB     37.71%    0B / 0B   41.1GB / 32.8kB   129
f651aa57a28f   x265      4804.95%   2.92GiB / 96GiB     3.04%     0B / 0B   0B / 5.22MB       117
2025-02-17 05:21:07.310786
CONTAINER ID   NAME      CPU %      MEM USAGE / LIMIT   MEM %     NET I/O   BLOCK I/O         PIDS
5717f7371095   spark     400.85%    36.21GiB / 96GiB    37.72%    0B / 0B   41.1GB / 32.8kB   135
f651aa57a28f   x265      4731.57%   2.927GiB / 96GiB    3.05%     0B / 0B   0B / 5.22MB       117
2025-02-17 05:21:09.322381
CONTAINER ID   NAME      CPU %      MEM USAGE / LIMIT   MEM %     NET I/O   BLOCK I/O         PIDS
5717f7371095   spark     863.15%    36.21GiB / 96GiB    37.72%    0B / 0B   41.1GB / 32.8kB   135
f651aa57a28f   x265      4335.11%   2.927GiB / 96GiB    3.05%     0B / 0B   0B / 5.22MB       117
2025-02-17 05:21:11.332781
CONTAINER ID   NAME      CPU %      MEM USAGE / LIMIT   MEM %     NET I/O   BLOCK I/O         PIDS
5717f7371095   spark     866.06%    36.21GiB / 96GiB    37.72%    0B / 0B   41.1GB / 32.8kB   135
f651aa57a28f   x265      4557.91%   2.927GiB / 96GiB    3.05%     0B / 0B   0B / 5.22MB       117
2025-02-17 05:21:13.341259
CONTAINER ID   NAME      CPU %      MEM USAGE / LIMIT   MEM %     NET I/O   BLOCK I/O         PIDS
5717f7371095   spark     859.69%    36.21GiB / 96GiB    37.72%    0B / 0B   41.1GB / 32.8kB   135
f651aa57a28f   x265      4365.05%   2.927GiB / 96GiB    3.05%     0B / 0B   0B / 5.22MB       117
2025-02-17 05:21:15.351030
CONTAINER ID   NAME      CPU %      MEM USAGE / LIMIT   MEM %     NET I/O   BLOCK I/O         PIDS
5717f7371095   spark     856.40%    36.21GiB / 96GiB    37.72%    0B / 0B   41.1GB / 32.8kB   135
f651aa57a28f   x265      3609.59%   2.927GiB / 96GiB    3.05%     0B / 0B   0B / 5.22MB       117
2025-02-17 05:21:17.362691
CONTAINER ID   NAME      CPU %      MEM USAGE / LIMIT   MEM %     NET I/O   BLOCK I/O         PIDS
5717f7371095   spark     864.76%    36.21GiB / 96GiB    37.72%    0B / 0B   41.1GB / 32.8kB   135
f651aa57a28f   x265      4384.12%   2.927GiB / 96GiB    3.05%     0B / 0B   0B / 5.22MB       117
2025-02-17 05:21:19.372399
CONTAINER ID   NAME      CPU %      MEM USAGE / LIMIT   MEM %     NET I/O   BLOCK I/O         PIDS
5717f7371095   spark     860.35%    36.21GiB / 96GiB    37.72%    0B / 0B   41.1GB / 32.8kB   135
f651aa57a28f   x265      4720.82%   2.941GiB / 96GiB    3.06%     0B / 0B   0B / 5.22MB       117
2025-02-17 05:21:21.385200
CONTAINER ID   NAME      CPU %      MEM USAGE / LIMIT   MEM %     NET I/O   BLOCK I/O         PIDS
5717f7371095   spark     850.07%    36.21GiB / 96GiB    37.72%    0B / 0B   41.1GB / 32.8kB   135
f651aa57a28f   x265      4491.81%   2.964GiB / 96GiB    3.09%     0B / 0B   0B / 5.22MB       117
2025-02-17 05:21:23.395302
CONTAINER ID   NAME      CPU %      MEM USAGE / LIMIT   MEM %     NET I/O   BLOCK I/O         PIDS
5717f7371095   spark     870.20%    36.21GiB / 96GiB    37.72%    0B / 0B   41.1GB / 32.8kB   135
f651aa57a28f   x265      4782.43%   2.985GiB / 96GiB    3.11%     0B / 0B   0B / 5.22MB       117
2025-02-17 05:21:25.403529
CONTAINER ID   NAME      CPU %      MEM USAGE / LIMIT   MEM %     NET I/O   BLOCK I/O         PIDS
5717f7371095   spark     842.78%    36.21GiB / 96GiB    37.72%    0B / 0B   41.1GB / 32.8kB   135
f651aa57a28f   x265      3291.91%   2.992GiB / 96GiB    3.12%     0B / 0B   0B / 5.22MB       117
2025-02-17 05:21:27.414878
CONTAINER ID   NAME      CPU %      MEM USAGE / LIMIT   MEM %     NET I/O   BLOCK I/O         PIDS
5717f7371095   spark     868.71%    36.21GiB / 96GiB    37.72%    0B / 0B   41.1GB / 32.8kB   135
f651aa57a28f   x265      4226.01%   2.993GiB / 96GiB    3.12%     0B / 0B   0B / 5.22MB       115
2025-02-17 05:21:29.428314
CONTAINER ID   NAME      CPU %     MEM USAGE / LIMIT   MEM %     NET I/O   BLOCK I/O         PIDS
5717f7371095   spark     830.80%   36.21GiB / 96GiB    37.72%    0B / 0B   41.1GB / 32.8kB   135
f651aa57a28f   x265      822.18%   2.715MiB / 96GiB    0.00%     0B / 0B   0B / 5.51MB       1
2025-02-17 05:21:31.441497
CONTAINER ID   NAME      CPU %     MEM USAGE / LIMIT   MEM %     NET I/O   BLOCK I/O         PIDS
5717f7371095   spark     826.69%   36.21GiB / 96GiB    37.72%    0B / 0B   41.1GB / 32.8kB   135
f651aa57a28f   x265      0.00%     1.996MiB / 96GiB    0.00%     0B / 0B   0B / 5.51MB       1
2025-02-17 05:21:33.454576
CONTAINER ID   NAME      CPU %     MEM USAGE / LIMIT   MEM %     NET I/O   BLOCK I/O         PIDS
5717f7371095   spark     827.22%   36.21GiB / 96GiB    37.72%    0B / 0B   41.1GB / 32.8kB   135
f651aa57a28f   x265      0.00%     1.871MiB / 96GiB    0.00%     0B / 0B   0B / 5.51MB       1
2025-02-17 05:21:35.464403
CONTAINER ID   NAME      CPU %     MEM USAGE / LIMIT   MEM %     NET I/O   BLOCK I/O         PIDS
5717f7371095   spark     819.95%   36.21GiB / 96GiB    37.72%    0B / 0B   41.1GB / 32.8kB   135
f651aa57a28f   x265      0.00%     1.801MiB / 96GiB    0.00%     0B / 0B   0B / 5.51MB       1
2025-02-17 05:21:37.478207
CONTAINER ID   NAME      CPU %     MEM USAGE / LIMIT   MEM %     NET I/O   BLOCK I/O         PIDS
5717f7371095   spark     824.51%   36.22GiB / 96GiB    37.72%    0B / 0B   41.1GB / 32.8kB   135
f651aa57a28f   x265      0.00%     1.73MiB / 96GiB     0.00%     0B / 0B   0B / 5.51MB       1
2025-02-17 05:21:39.488528
CONTAINER ID   NAME      CPU %     MEM USAGE / LIMIT   MEM %     NET I/O   BLOCK I/O         PIDS
5717f7371095   spark     841.32%   36.22GiB / 96GiB    37.73%    0B / 0B   41.1GB / 32.8kB   135
2025-02-17 05:21:41.500217
CONTAINER ID   NAME      CPU %     MEM USAGE / LIMIT   MEM %     NET I/O   BLOCK I/O         PIDS
5717f7371095   spark     821.43%   36.22GiB / 96GiB    37.73%    0B / 0B   41.1GB / 32.8kB   135
2025-02-17 05:21:43.507970
CONTAINER ID   NAME      CPU %     MEM USAGE / LIMIT   MEM %     NET I/O   BLOCK I/O         PIDS
5717f7371095   spark     815.31%   36.22GiB / 96GiB    37.73%    0B / 0B   41.1GB / 32.8kB   135
2025-02-17 05:21:45.515818
CONTAINER ID   NAME      CPU %     MEM USAGE / LIMIT   MEM %     NET I/O   BLOCK I/O         PIDS
5717f7371095   spark     817.38%   36.22GiB / 96GiB    37.73%    0B / 0B   41.1GB / 32.8kB   135
2025-02-17 05:21:47.524297
CONTAINER ID   NAME      CPU %     MEM USAGE / LIMIT   MEM %     NET I/O   BLOCK I/O         PIDS
5717f7371095   spark     816.23%   36.22GiB / 96GiB    37.73%    0B / 0B   41.1GB / 32.8kB   135
2025-02-17 05:21:49.531184
CONTAINER ID   NAME      CPU %     MEM USAGE / LIMIT   MEM %     NET I/O   BLOCK I/O         PIDS
5717f7371095   spark     848.73%   36.22GiB / 96GiB    37.73%    0B / 0B   41.1GB / 32.8kB   135
2025-02-17 05:21:51.538668
CONTAINER ID   NAME      CPU %     MEM USAGE / LIMIT   MEM %     NET I/O   BLOCK I/O         PIDS
5717f7371095   spark     817.63%   36.22GiB / 96GiB    37.73%    0B / 0B   41.1GB / 32.8kB   135
2025-02-17 05:21:53.546895
CONTAINER ID   NAME      CPU %     MEM USAGE / LIMIT   MEM %     NET I/O   BLOCK I/O         PIDS
5717f7371095   spark     823.44%   36.22GiB / 96GiB    37.73%    0B / 0B   41.1GB / 32.8kB   135
2025-02-17 05:21:55.554050
CONTAINER ID   NAME      CPU %     MEM USAGE / LIMIT   MEM %     NET I/O   BLOCK I/O         PIDS
5717f7371095   spark     816.94%   36.23GiB / 96GiB    37.74%    0B / 0B   41.1GB / 32.8kB   135
2025-02-17 05:21:57.562340
CONTAINER ID   NAME      CPU %     MEM USAGE / LIMIT   MEM %     NET I/O   BLOCK I/O         PIDS
5717f7371095   spark     814.13%   36.23GiB / 96GiB    37.74%    0B / 0B   41.1GB / 32.8kB   135
2025-02-17 05:21:59.569350
CONTAINER ID   NAME      CPU %     MEM USAGE / LIMIT   MEM %     NET I/O   BLOCK I/O         PIDS
5717f7371095   spark     815.05%   36.23GiB / 96GiB    37.74%    0B / 0B   41.1GB / 32.8kB   135
2025-02-17 05:22:01.577720
CONTAINER ID   NAME      CPU %     MEM USAGE / LIMIT   MEM %     NET I/O   BLOCK I/O         PIDS
5717f7371095   spark     818.97%   36.23GiB / 96GiB    37.74%    0B / 0B   41.1GB / 32.8kB   135
2025-02-17 05:22:03.585927
CONTAINER ID   NAME      CPU %     MEM USAGE / LIMIT   MEM %     NET I/O   BLOCK I/O         PIDS
5717f7371095   spark     812.89%   36.23GiB / 96GiB    37.74%    0B / 0B   41.1GB / 32.8kB   135
2025-02-17 05:22:05.594243
CONTAINER ID   NAME      CPU %     MEM USAGE / LIMIT   MEM %     NET I/O   BLOCK I/O         PIDS
5717f7371095   spark     816.74%   36.23GiB / 96GiB    37.74%    0B / 0B   41.1GB / 32.8kB   135
2025-02-17 05:22:07.601525
CONTAINER ID   NAME      CPU %     MEM USAGE / LIMIT   MEM %     NET I/O   BLOCK I/O         PIDS
5717f7371095   spark     817.57%   36.23GiB / 96GiB    37.74%    0B / 0B   41.1GB / 32.8kB   129
2025-02-17 05:22:09.609041
CONTAINER ID   NAME      CPU %     MEM USAGE / LIMIT   MEM %     NET I/O   BLOCK I/O         PIDS
5717f7371095   spark     820.51%   36.23GiB / 96GiB    37.74%    0B / 0B   41.1GB / 32.8kB   129
2025-02-17 05:22:11.616771
CONTAINER ID   NAME      CPU %     MEM USAGE / LIMIT   MEM %     NET I/O   BLOCK I/O         PIDS
5717f7371095   spark     814.41%   36.23GiB / 96GiB    37.74%    0B / 0B   41.1GB / 32.8kB   129
2025-02-17 05:22:13.625184
CONTAINER ID   NAME      CPU %     MEM USAGE / LIMIT   MEM %     NET I/O   BLOCK I/O         PIDS
5717f7371095   spark     814.59%   36.23GiB / 96GiB    37.74%    0B / 0B   41.1GB / 32.8kB   129
2025-02-17 05:22:15.633153
CONTAINER ID   NAME      CPU %     MEM USAGE / LIMIT   MEM %     NET I/O   BLOCK I/O         PIDS
5717f7371095   spark     820.53%   36.24GiB / 96GiB    37.75%    0B / 0B   41.1GB / 32.8kB   129
2025-02-17 05:22:17.641945
CONTAINER ID   NAME      CPU %     MEM USAGE / LIMIT   MEM %     NET I/O   BLOCK I/O         PIDS
5717f7371095   spark     817.45%   36.24GiB / 96GiB    37.75%    0B / 0B   41.1GB / 32.8kB   129
2025-02-17 05:22:19.650054
CONTAINER ID   NAME      CPU %     MEM USAGE / LIMIT   MEM %     NET I/O   BLOCK I/O         PIDS
5717f7371095   spark     816.85%   36.24GiB / 96GiB    37.75%    0B / 0B   41.1GB / 32.8kB   129
2025-02-17 05:22:21.655893
CONTAINER ID   NAME      CPU %     MEM USAGE / LIMIT   MEM %     NET I/O   BLOCK I/O         PIDS
5717f7371095   spark     231.41%   36.2GiB / 96GiB     37.71%    0B / 0B   41.1GB / 32.8kB   91
2025-02-17 05:22:23.663512
CONTAINER ID   NAME      CPU %     MEM USAGE / LIMIT   MEM %     NET I/O   BLOCK I/O         PIDS
5717f7371095   spark     0.00%     33.52GiB / 96GiB    34.91%    0B / 0B   41.1GB / 32.8kB   1
2025-02-17 05:22:25.670616
CONTAINER ID   NAME      CPU %     MEM USAGE / LIMIT   MEM %     NET I/O   BLOCK I/O         PIDS
5717f7371095   spark     0.00%     33.52GiB / 96GiB    34.91%    0B / 0B   41.1GB / 32.8kB   1
2025-02-17 05:22:27.674945
CONTAINER ID   NAME      CPU %     MEM USAGE / LIMIT   MEM %     NET I/O   BLOCK I/O         PIDS
5717f7371095   spark     0.00%     33.52GiB / 96GiB    34.91%    0B / 0B   41.1GB / 32.8kB   1
2025-02-17 05:22:29.680401
CONTAINER ID   NAME      CPU %     MEM USAGE / LIMIT   MEM %     NET I/O   BLOCK I/O         PIDS
5717f7371095   spark     0.00%     33.52GiB / 96GiB    34.91%    0B / 0B   41.1GB / 32.8kB   1
2025-02-17 05:22:31.685978
CONTAINER ID   NAME      CPU %     MEM USAGE / LIMIT   MEM %     NET I/O   BLOCK I/O   PIDS
