2025-02-17 05:51:26.110573
CONTAINER ID   NAME      CPU %     MEM USAGE / LIMIT   MEM %     NET I/O   BLOCK I/O   PIDS
2025-02-17 05:51:26.730310
CONTAINER ID   NAME      CPU %     MEM USAGE / LIMIT   MEM %     NET I/O   BLOCK I/O   PIDS
2025-02-17 05:51:27.348241
CONTAINER ID   NAME      CPU %     MEM USAGE / LIMIT   MEM %     NET I/O   BLOCK I/O   PIDS
2025-02-17 05:51:27.967586
CONTAINER ID   NAME      CPU %     MEM USAGE / LIMIT   MEM %     NET I/O   BLOCK I/O   PIDS
2025-02-17 05:51:28.589294
CONTAINER ID   NAME      CPU %     MEM USAGE / LIMIT   MEM %     NET I/O   BLOCK I/O   PIDS
2025-02-17 05:51:29.208243
CONTAINER ID   NAME      CPU %     MEM USAGE / LIMIT   MEM %     NET I/O   BLOCK I/O   PIDS
2025-02-17 05:51:29.827953
CONTAINER ID   NAME      CPU %     MEM USAGE / LIMIT   MEM %     NET I/O   BLOCK I/O   PIDS
2025-02-17 05:51:30.445511
CONTAINER ID   NAME      CPU %     MEM USAGE / LIMIT   MEM %     NET I/O   BLOCK I/O   PIDS
2025-02-17 05:51:31.065276
CONTAINER ID   NAME      CPU %     MEM USAGE / LIMIT   MEM %     NET I/O   BLOCK I/O   PIDS
2025-02-17 05:51:31.683923
CONTAINER ID   NAME      CPU %     MEM USAGE / LIMIT   MEM %     NET I/O   BLOCK I/O   PIDS
2025-02-17 05:51:32.304814
CONTAINER ID   NAME      CPU %     MEM USAGE / LIMIT   MEM %     NET I/O   BLOCK I/O   PIDS
2025-02-17 05:51:32.922617
CONTAINER ID   NAME      CPU %     MEM USAGE / LIMIT   MEM %     NET I/O   BLOCK I/O   PIDS
2025-02-17 05:51:33.540428
CONTAINER ID   NAME      CPU %     MEM USAGE / LIMIT   MEM %     NET I/O   BLOCK I/O   PIDS
2025-02-17 05:51:34.158992
CONTAINER ID   NAME      CPU %     MEM USAGE / LIMIT   MEM %     NET I/O   BLOCK I/O   PIDS
2025-02-17 05:51:34.776546
CONTAINER ID   NAME      CPU %     MEM USAGE / LIMIT   MEM %     NET I/O   BLOCK I/O   PIDS
2025-02-17 05:51:35.394641
CONTAINER ID   NAME      CPU %     MEM USAGE / LIMIT   MEM %     NET I/O   BLOCK I/O   PIDS
2025-02-17 05:51:36.011676
CONTAINER ID   NAME      CPU %     MEM USAGE / LIMIT   MEM %     NET I/O   BLOCK I/O   PIDS
2025-02-17 05:51:36.628518
CONTAINER ID   NAME      CPU %     MEM USAGE / LIMIT   MEM %     NET I/O   BLOCK I/O   PIDS
2025-02-17 05:51:37.246923
CONTAINER ID   NAME      CPU %     MEM USAGE / LIMIT   MEM %     NET I/O   BLOCK I/O   PIDS
2025-02-17 05:51:37.865097
CONTAINER ID   NAME      CPU %     MEM USAGE / LIMIT   MEM %     NET I/O   BLOCK I/O   PIDS
2025-02-17 05:51:38.483256
CONTAINER ID   NAME      CPU %     MEM USAGE / LIMIT   MEM %     NET I/O   BLOCK I/O   PIDS
2025-02-17 05:51:39.100062
CONTAINER ID   NAME      CPU %     MEM USAGE / LIMIT   MEM %     NET I/O   BLOCK I/O   PIDS
2025-02-17 05:51:39.719124
CONTAINER ID   NAME      CPU %     MEM USAGE / LIMIT   MEM %     NET I/O   BLOCK I/O   PIDS
2025-02-17 05:51:40.338240
CONTAINER ID   NAME      CPU %     MEM USAGE / LIMIT   MEM %     NET I/O   BLOCK I/O   PIDS
2025-02-17 05:51:40.957261
CONTAINER ID   NAME      CPU %     MEM USAGE / LIMIT   MEM %     NET I/O   BLOCK I/O   PIDS
2025-02-17 05:51:41.575314
CONTAINER ID   NAME      CPU %     MEM USAGE / LIMIT   MEM %     NET I/O   BLOCK I/O   PIDS
2025-02-17 05:51:42.193186
CONTAINER ID   NAME      CPU %     MEM USAGE / LIMIT   MEM %     NET I/O   BLOCK I/O   PIDS
2025-02-17 05:51:42.811943
CONTAINER ID   NAME      CPU %     MEM USAGE / LIMIT   MEM %     NET I/O   BLOCK I/O   PIDS
2025-02-17 05:51:43.428578
CONTAINER ID   NAME      CPU %     MEM USAGE / LIMIT   MEM %     NET I/O   BLOCK I/O   PIDS
2025-02-17 05:51:44.048801
CONTAINER ID   NAME      CPU %     MEM USAGE / LIMIT   MEM %     NET I/O   BLOCK I/O   PIDS
2025-02-17 05:51:44.664739
CONTAINER ID   NAME      CPU %     MEM USAGE / LIMIT   MEM %     NET I/O   BLOCK I/O   PIDS
2025-02-17 05:51:45.282873
CONTAINER ID   NAME      CPU %     MEM USAGE / LIMIT   MEM %     NET I/O   BLOCK I/O   PIDS
2025-02-17 05:51:45.901507
CONTAINER ID   NAME      CPU %     MEM USAGE / LIMIT   MEM %     NET I/O   BLOCK I/O   PIDS
               --        0.00%     0B / 0B             0.00%     0B / 0B   0B / 0B     0
               --        0.00%     0B / 0B             0.00%     0B / 0B   0B / 0B     0
2025-02-17 05:51:46.519697
CONTAINER ID   NAME              CPU %      MEM USAGE / LIMIT   MEM %     NET I/O   BLOCK I/O    PIDS
04e3289d67f8   pbbs_wordCounts   235.54%    1.576GiB / 96GiB    1.64%     0B / 0B   532MB / 0B   52
18a50826be2b   x265              4029.64%   2.335GiB / 96GiB    2.43%     0B / 0B   279kB / 0B   117
2025-02-17 05:51:48.860006
CONTAINER ID   NAME              CPU %      MEM USAGE / LIMIT   MEM %     NET I/O   BLOCK I/O    PIDS
04e3289d67f8   pbbs_wordCounts   4680.45%   8.861GiB / 96GiB    9.23%     0B / 0B   660MB / 0B   52
18a50826be2b   x265              4031.64%   2.882GiB / 96GiB    3.00%     0B / 0B   279kB / 0B   117
2025-02-17 05:51:50.874280
CONTAINER ID   NAME              CPU %      MEM USAGE / LIMIT   MEM %     NET I/O   BLOCK I/O    PIDS
04e3289d67f8   pbbs_wordCounts   969.18%    9.826GiB / 96GiB    10.24%    0B / 0B   660MB / 0B   52
18a50826be2b   x265              4354.09%   2.884GiB / 96GiB    3.00%     0B / 0B   279kB / 0B   117
2025-02-17 05:51:52.883596
CONTAINER ID   NAME              CPU %      MEM USAGE / LIMIT   MEM %     NET I/O   BLOCK I/O    PIDS
04e3289d67f8   pbbs_wordCounts   0.05%      5.159GiB / 96GiB    5.37%     0B / 0B   660MB / 0B   52
18a50826be2b   x265              4516.85%   2.886GiB / 96GiB    3.01%     0B / 0B   279kB / 0B   117
2025-02-17 05:51:54.894955
CONTAINER ID   NAME              CPU %      MEM USAGE / LIMIT   MEM %     NET I/O   BLOCK I/O    PIDS
04e3289d67f8   pbbs_wordCounts   0.04%      5.158GiB / 96GiB    5.37%     0B / 0B   660MB / 0B   52
18a50826be2b   x265              4831.99%   2.886GiB / 96GiB    3.01%     0B / 0B   279kB / 0B   117
2025-02-17 05:51:56.903415
CONTAINER ID   NAME              CPU %      MEM USAGE / LIMIT   MEM %     NET I/O   BLOCK I/O    PIDS
04e3289d67f8   pbbs_wordCounts   0.05%      5.158GiB / 96GiB    5.37%     0B / 0B   660MB / 0B   52
18a50826be2b   x265              4889.42%   2.887GiB / 96GiB    3.01%     0B / 0B   279kB / 0B   117
2025-02-17 05:51:58.912011
CONTAINER ID   NAME              CPU %      MEM USAGE / LIMIT   MEM %     NET I/O   BLOCK I/O    PIDS
04e3289d67f8   pbbs_wordCounts   0.06%      5.158GiB / 96GiB    5.37%     0B / 0B   660MB / 0B   52
18a50826be2b   x265              4844.14%   2.888GiB / 96GiB    3.01%     0B / 0B   279kB / 0B   117
2025-02-17 05:52:00.923710
CONTAINER ID   NAME              CPU %      MEM USAGE / LIMIT   MEM %     NET I/O   BLOCK I/O    PIDS
04e3289d67f8   pbbs_wordCounts   0.05%      5.158GiB / 96GiB    5.37%     0B / 0B   660MB / 0B   52
18a50826be2b   x265              4524.44%   2.91GiB / 96GiB     3.03%     0B / 0B   279kB / 0B   117
2025-02-17 05:52:02.931675
CONTAINER ID   NAME              CPU %      MEM USAGE / LIMIT   MEM %     NET I/O   BLOCK I/O    PIDS
04e3289d67f8   pbbs_wordCounts   0.05%      5.158GiB / 96GiB    5.37%     0B / 0B   660MB / 0B   52
18a50826be2b   x265              4512.28%   2.909GiB / 96GiB    3.03%     0B / 0B   279kB / 0B   117
2025-02-17 05:52:04.941709
CONTAINER ID   NAME              CPU %      MEM USAGE / LIMIT   MEM %     NET I/O   BLOCK I/O    PIDS
04e3289d67f8   pbbs_wordCounts   0.07%      5.158GiB / 96GiB    5.37%     0B / 0B   660MB / 0B   52
18a50826be2b   x265              4633.30%   2.915GiB / 96GiB    3.04%     0B / 0B   279kB / 0B   117
2025-02-17 05:52:06.949315
CONTAINER ID   NAME              CPU %      MEM USAGE / LIMIT   MEM %     NET I/O   BLOCK I/O    PIDS
04e3289d67f8   pbbs_wordCounts   0.05%      5.158GiB / 96GiB    5.37%     0B / 0B   660MB / 0B   52
18a50826be2b   x265              4524.63%   2.914GiB / 96GiB    3.04%     0B / 0B   279kB / 0B   117
2025-02-17 05:52:08.961453
CONTAINER ID   NAME              CPU %      MEM USAGE / LIMIT   MEM %     NET I/O   BLOCK I/O    PIDS
04e3289d67f8   pbbs_wordCounts   0.06%      5.158GiB / 96GiB    5.37%     0B / 0B   660MB / 0B   52
18a50826be2b   x265              4288.16%   2.913GiB / 96GiB    3.03%     0B / 0B   279kB / 0B   117
2025-02-17 05:52:10.971083
CONTAINER ID   NAME              CPU %      MEM USAGE / LIMIT   MEM %     NET I/O   BLOCK I/O    PIDS
04e3289d67f8   pbbs_wordCounts   0.07%      5.158GiB / 96GiB    5.37%     0B / 0B   660MB / 0B   52
18a50826be2b   x265              4674.71%   2.913GiB / 96GiB    3.03%     0B / 0B   279kB / 0B   117
2025-02-17 05:52:12.981058
CONTAINER ID   NAME              CPU %      MEM USAGE / LIMIT   MEM %     NET I/O   BLOCK I/O    PIDS
04e3289d67f8   pbbs_wordCounts   0.05%      5.158GiB / 96GiB    5.37%     0B / 0B   660MB / 0B   52
18a50826be2b   x265              4393.19%   2.918GiB / 96GiB    3.04%     0B / 0B   279kB / 0B   117
2025-02-17 05:52:14.991161
CONTAINER ID   NAME              CPU %      MEM USAGE / LIMIT   MEM %     NET I/O   BLOCK I/O    PIDS
04e3289d67f8   pbbs_wordCounts   0.05%      5.158GiB / 96GiB    5.37%     0B / 0B   660MB / 0B   52
18a50826be2b   x265              4650.00%   2.918GiB / 96GiB    3.04%     0B / 0B   279kB / 0B   117
2025-02-17 05:52:17.000950
CONTAINER ID   NAME              CPU %      MEM USAGE / LIMIT   MEM %     NET I/O   BLOCK I/O    PIDS
04e3289d67f8   pbbs_wordCounts   0.05%      5.158GiB / 96GiB    5.37%     0B / 0B   660MB / 0B   52
18a50826be2b   x265              4454.84%   2.918GiB / 96GiB    3.04%     0B / 0B   279kB / 0B   117
2025-02-17 05:52:19.011207
CONTAINER ID   NAME              CPU %      MEM USAGE / LIMIT   MEM %     NET I/O   BLOCK I/O    PIDS
04e3289d67f8   pbbs_wordCounts   0.05%      5.158GiB / 96GiB    5.37%     0B / 0B   660MB / 0B   52
18a50826be2b   x265              4597.69%   2.918GiB / 96GiB    3.04%     0B / 0B   279kB / 0B   117
2025-02-17 05:52:21.020336
CONTAINER ID   NAME              CPU %      MEM USAGE / LIMIT   MEM %     NET I/O   BLOCK I/O    PIDS
04e3289d67f8   pbbs_wordCounts   0.05%      5.158GiB / 96GiB    5.37%     0B / 0B   660MB / 0B   52
18a50826be2b   x265              4339.17%   2.919GiB / 96GiB    3.04%     0B / 0B   279kB / 0B   117
2025-02-17 05:52:23.028791
CONTAINER ID   NAME              CPU %      MEM USAGE / LIMIT   MEM %     NET I/O   BLOCK I/O    PIDS
04e3289d67f8   pbbs_wordCounts   0.04%      5.158GiB / 96GiB    5.37%     0B / 0B   660MB / 0B   52
18a50826be2b   x265              4517.21%   2.918GiB / 96GiB    3.04%     0B / 0B   279kB / 0B   117
2025-02-17 05:52:25.037063
CONTAINER ID   NAME              CPU %      MEM USAGE / LIMIT   MEM %     NET I/O   BLOCK I/O    PIDS
04e3289d67f8   pbbs_wordCounts   0.05%      5.158GiB / 96GiB    5.37%     0B / 0B   660MB / 0B   52
18a50826be2b   x265              4778.91%   2.931GiB / 96GiB    3.05%     0B / 0B   279kB / 0B   117
2025-02-17 05:52:27.049674
CONTAINER ID   NAME              CPU %      MEM USAGE / LIMIT   MEM %     NET I/O   BLOCK I/O    PIDS
04e3289d67f8   pbbs_wordCounts   0.07%      5.158GiB / 96GiB    5.37%     0B / 0B   660MB / 0B   52
18a50826be2b   x265              4667.76%   2.948GiB / 96GiB    3.07%     0B / 0B   279kB / 0B   117
2025-02-17 05:52:29.060455
CONTAINER ID   NAME              CPU %      MEM USAGE / LIMIT   MEM %     NET I/O   BLOCK I/O    PIDS
04e3289d67f8   pbbs_wordCounts   0.09%      5.158GiB / 96GiB    5.37%     0B / 0B   660MB / 0B   52
18a50826be2b   x265              3693.15%   2.97GiB / 96GiB     3.09%     0B / 0B   279kB / 0B   117
2025-02-17 05:52:31.070361
CONTAINER ID   NAME              CPU %      MEM USAGE / LIMIT   MEM %     NET I/O   BLOCK I/O    PIDS
04e3289d67f8   pbbs_wordCounts   0.06%      5.158GiB / 96GiB    5.37%     0B / 0B   660MB / 0B   52
18a50826be2b   x265              4760.16%   2.977GiB / 96GiB    3.10%     0B / 0B   279kB / 0B   116
2025-02-17 05:52:33.078174
CONTAINER ID   NAME              CPU %      MEM USAGE / LIMIT   MEM %     NET I/O   BLOCK I/O    PIDS
04e3289d67f8   pbbs_wordCounts   0.07%      5.158GiB / 96GiB    5.37%     0B / 0B   660MB / 0B   52
18a50826be2b   x265              4091.51%   2.977GiB / 96GiB    3.10%     0B / 0B   279kB / 0B   115
2025-02-17 05:52:35.088714
CONTAINER ID   NAME              CPU %     MEM USAGE / LIMIT   MEM %     NET I/O   BLOCK I/O       PIDS
04e3289d67f8   pbbs_wordCounts   0.12%     5.158GiB / 96GiB    5.37%     0B / 0B   660MB / 0B      52
18a50826be2b   x265              744.92%   755.7MiB / 96GiB    0.77%     0B / 0B   279kB / 926kB   117
2025-02-17 05:52:37.101333
CONTAINER ID   NAME              CPU %      MEM USAGE / LIMIT   MEM %     NET I/O   BLOCK I/O       PIDS
04e3289d67f8   pbbs_wordCounts   0.07%      5.158GiB / 96GiB    5.37%     0B / 0B   660MB / 0B      52
18a50826be2b   x265              4043.09%   2.704GiB / 96GiB    2.82%     0B / 0B   279kB / 926kB   117
2025-02-17 05:52:39.109688
CONTAINER ID   NAME              CPU %      MEM USAGE / LIMIT   MEM %     NET I/O   BLOCK I/O       PIDS
04e3289d67f8   pbbs_wordCounts   0.06%      5.158GiB / 96GiB    5.37%     0B / 0B   660MB / 0B      52
18a50826be2b   x265              4072.00%   2.888GiB / 96GiB    3.01%     0B / 0B   279kB / 926kB   117
2025-02-17 05:52:41.120210
CONTAINER ID   NAME              CPU %      MEM USAGE / LIMIT   MEM %     NET I/O   BLOCK I/O       PIDS
04e3289d67f8   pbbs_wordCounts   0.06%      5.158GiB / 96GiB    5.37%     0B / 0B   660MB / 0B      52
18a50826be2b   x265              4590.59%   2.887GiB / 96GiB    3.01%     0B / 0B   279kB / 926kB   117
2025-02-17 05:52:43.128488
CONTAINER ID   NAME              CPU %      MEM USAGE / LIMIT   MEM %     NET I/O   BLOCK I/O       PIDS
04e3289d67f8   pbbs_wordCounts   0.08%      5.158GiB / 96GiB    5.37%     0B / 0B   660MB / 0B      52
18a50826be2b   x265              4753.54%   2.889GiB / 96GiB    3.01%     0B / 0B   279kB / 926kB   117
2025-02-17 05:52:45.140973
CONTAINER ID   NAME              CPU %      MEM USAGE / LIMIT   MEM %     NET I/O   BLOCK I/O       PIDS
04e3289d67f8   pbbs_wordCounts   0.05%      5.158GiB / 96GiB    5.37%     0B / 0B   660MB / 0B      52
18a50826be2b   x265              4540.55%   2.889GiB / 96GiB    3.01%     0B / 0B   279kB / 926kB   117
2025-02-17 05:52:47.151179
CONTAINER ID   NAME              CPU %      MEM USAGE / LIMIT   MEM %     NET I/O   BLOCK I/O       PIDS
04e3289d67f8   pbbs_wordCounts   0.04%      5.158GiB / 96GiB    5.37%     0B / 0B   660MB / 0B      52
18a50826be2b   x265              4542.72%   2.889GiB / 96GiB    3.01%     0B / 0B   279kB / 926kB   117
2025-02-17 05:52:49.159486
CONTAINER ID   NAME              CPU %      MEM USAGE / LIMIT   MEM %     NET I/O   BLOCK I/O       PIDS
04e3289d67f8   pbbs_wordCounts   0.06%      5.158GiB / 96GiB    5.37%     0B / 0B   660MB / 0B      52
18a50826be2b   x265              4609.10%   2.889GiB / 96GiB    3.01%     0B / 0B   279kB / 926kB   117
2025-02-17 05:52:51.169158
CONTAINER ID   NAME              CPU %      MEM USAGE / LIMIT   MEM %     NET I/O   BLOCK I/O       PIDS
04e3289d67f8   pbbs_wordCounts   0.05%      5.158GiB / 96GiB    5.37%     0B / 0B   660MB / 0B      52
18a50826be2b   x265              4701.68%   2.918GiB / 96GiB    3.04%     0B / 0B   279kB / 926kB   117
2025-02-17 05:52:53.178546
CONTAINER ID   NAME              CPU %      MEM USAGE / LIMIT   MEM %     NET I/O   BLOCK I/O       PIDS
04e3289d67f8   pbbs_wordCounts   0.06%      5.158GiB / 96GiB    5.37%     0B / 0B   660MB / 0B      52
18a50826be2b   x265              4834.74%   2.918GiB / 96GiB    3.04%     0B / 0B   279kB / 926kB   117
2025-02-17 05:52:55.188327
CONTAINER ID   NAME              CPU %      MEM USAGE / LIMIT   MEM %     NET I/O   BLOCK I/O       PIDS
04e3289d67f8   pbbs_wordCounts   0.06%      5.158GiB / 96GiB    5.37%     0B / 0B   660MB / 0B      52
18a50826be2b   x265              4822.86%   2.925GiB / 96GiB    3.05%     0B / 0B   279kB / 926kB   117
2025-02-17 05:52:57.199446
CONTAINER ID   NAME              CPU %      MEM USAGE / LIMIT   MEM %     NET I/O   BLOCK I/O       PIDS
04e3289d67f8   pbbs_wordCounts   0.09%      5.158GiB / 96GiB    5.37%     0B / 0B   660MB / 0B      52
18a50826be2b   x265              3972.57%   2.924GiB / 96GiB    3.05%     0B / 0B   279kB / 926kB   117
2025-02-17 05:52:59.204412
CONTAINER ID   NAME              CPU %      MEM USAGE / LIMIT   MEM %     NET I/O   BLOCK I/O       PIDS
04e3289d67f8   pbbs_wordCounts   0.11%      5.158GiB / 96GiB    5.37%     0B / 0B   660MB / 0B      52
18a50826be2b   x265              3111.85%   2.923GiB / 96GiB    3.05%     0B / 0B   279kB / 926kB   117
2025-02-17 05:53:01.216198
CONTAINER ID   NAME              CPU %      MEM USAGE / LIMIT   MEM %     NET I/O   BLOCK I/O       PIDS
04e3289d67f8   pbbs_wordCounts   0.06%      5.158GiB / 96GiB    5.37%     0B / 0B   660MB / 0B      52
18a50826be2b   x265              4673.12%   2.926GiB / 96GiB    3.05%     0B / 0B   279kB / 926kB   117
2025-02-17 05:53:03.224388
CONTAINER ID   NAME              CPU %      MEM USAGE / LIMIT   MEM %     NET I/O   BLOCK I/O       PIDS
04e3289d67f8   pbbs_wordCounts   0.06%      5.158GiB / 96GiB    5.37%     0B / 0B   660MB / 0B      52
18a50826be2b   x265              4747.78%   2.933GiB / 96GiB    3.05%     0B / 0B   279kB / 926kB   117
2025-02-17 05:53:05.231928
CONTAINER ID   NAME              CPU %      MEM USAGE / LIMIT   MEM %     NET I/O   BLOCK I/O       PIDS
04e3289d67f8   pbbs_wordCounts   0.07%      5.158GiB / 96GiB    5.37%     0B / 0B   660MB / 0B      52
18a50826be2b   x265              4693.18%   2.933GiB / 96GiB    3.06%     0B / 0B   279kB / 926kB   117
2025-02-17 05:53:07.242922
CONTAINER ID   NAME              CPU %      MEM USAGE / LIMIT   MEM %     NET I/O   BLOCK I/O       PIDS
04e3289d67f8   pbbs_wordCounts   0.06%      5.158GiB / 96GiB    5.37%     0B / 0B   660MB / 0B      52
18a50826be2b   x265              4694.28%   2.934GiB / 96GiB    3.06%     0B / 0B   279kB / 926kB   117
2025-02-17 05:53:09.250813
CONTAINER ID   NAME              CPU %      MEM USAGE / LIMIT   MEM %     NET I/O   BLOCK I/O       PIDS
04e3289d67f8   pbbs_wordCounts   0.07%      5.158GiB / 96GiB    5.37%     0B / 0B   660MB / 0B      52
18a50826be2b   x265              4499.15%   2.933GiB / 96GiB    3.06%     0B / 0B   279kB / 926kB   117
2025-02-17 05:53:11.261281
CONTAINER ID   NAME              CPU %      MEM USAGE / LIMIT   MEM %     NET I/O   BLOCK I/O       PIDS
04e3289d67f8   pbbs_wordCounts   0.07%      5.158GiB / 96GiB    5.37%     0B / 0B   660MB / 0B      52
18a50826be2b   x265              4587.33%   2.933GiB / 96GiB    3.06%     0B / 0B   279kB / 926kB   117
2025-02-17 05:53:13.270593
CONTAINER ID   NAME              CPU %      MEM USAGE / LIMIT   MEM %     NET I/O   BLOCK I/O       PIDS
04e3289d67f8   pbbs_wordCounts   0.07%      5.158GiB / 96GiB    5.37%     0B / 0B   660MB / 0B      52
18a50826be2b   x265              4207.56%   2.933GiB / 96GiB    3.05%     0B / 0B   279kB / 926kB   117
2025-02-17 05:53:15.281422
CONTAINER ID   NAME              CPU %      MEM USAGE / LIMIT   MEM %     NET I/O   BLOCK I/O       PIDS
04e3289d67f8   pbbs_wordCounts   0.05%      5.158GiB / 96GiB    5.37%     0B / 0B   660MB / 0B      52
18a50826be2b   x265              4865.43%   2.944GiB / 96GiB    3.07%     0B / 0B   279kB / 926kB   117
2025-02-17 05:53:17.289028
CONTAINER ID   NAME              CPU %      MEM USAGE / LIMIT   MEM %     NET I/O   BLOCK I/O       PIDS
04e3289d67f8   pbbs_wordCounts   0.09%      5.158GiB / 96GiB    5.37%     0B / 0B   660MB / 0B      52
18a50826be2b   x265              4671.47%   2.966GiB / 96GiB    3.09%     0B / 0B   279kB / 926kB   117
2025-02-17 05:53:19.297946
CONTAINER ID   NAME              CPU %      MEM USAGE / LIMIT   MEM %     NET I/O   BLOCK I/O       PIDS
04e3289d67f8   pbbs_wordCounts   0.06%      5.158GiB / 96GiB    5.37%     0B / 0B   660MB / 0B      52
18a50826be2b   x265              4650.93%   2.988GiB / 96GiB    3.11%     0B / 0B   279kB / 926kB   117
2025-02-17 05:53:21.308264
CONTAINER ID   NAME              CPU %      MEM USAGE / LIMIT   MEM %     NET I/O   BLOCK I/O       PIDS
04e3289d67f8   pbbs_wordCounts   0.09%      5.158GiB / 96GiB    5.37%     0B / 0B   660MB / 0B      52
18a50826be2b   x265              4300.00%   2.988GiB / 96GiB    3.11%     0B / 0B   279kB / 926kB   116
2025-02-17 05:53:23.319008
CONTAINER ID   NAME              CPU %      MEM USAGE / LIMIT   MEM %     NET I/O   BLOCK I/O       PIDS
04e3289d67f8   pbbs_wordCounts   0.09%      5.158GiB / 96GiB    5.37%     0B / 0B   660MB / 0B      52
18a50826be2b   x265              3672.20%   2.989GiB / 96GiB    3.11%     0B / 0B   279kB / 926kB   115
2025-02-17 05:53:25.330422
CONTAINER ID   NAME              CPU %     MEM USAGE / LIMIT   MEM %     NET I/O   BLOCK I/O        PIDS
04e3289d67f8   pbbs_wordCounts   0.10%     5.158GiB / 96GiB    5.37%     0B / 0B   660MB / 0B       52
18a50826be2b   x265              0.00%     3.73MiB / 96GiB     0.00%     0B / 0B   279kB / 1.49MB   1
2025-02-17 05:53:27.339368
CONTAINER ID   NAME              CPU %     MEM USAGE / LIMIT   MEM %     NET I/O   BLOCK I/O        PIDS
04e3289d67f8   pbbs_wordCounts   0.09%     5.158GiB / 96GiB    5.37%     0B / 0B   660MB / 0B       52
18a50826be2b   x265              0.00%     3.391MiB / 96GiB    0.00%     0B / 0B   279kB / 1.49MB   1
2025-02-17 05:53:29.348641
CONTAINER ID   NAME              CPU %     MEM USAGE / LIMIT   MEM %     NET I/O   BLOCK I/O        PIDS
04e3289d67f8   pbbs_wordCounts   0.07%     5.158GiB / 96GiB    5.37%     0B / 0B   660MB / 0B       52
18a50826be2b   x265              0.00%     3.391MiB / 96GiB    0.00%     0B / 0B   279kB / 1.49MB   1
2025-02-17 05:53:31.358867
CONTAINER ID   NAME              CPU %     MEM USAGE / LIMIT   MEM %     NET I/O   BLOCK I/O        PIDS
04e3289d67f8   pbbs_wordCounts   0.07%     5.158GiB / 96GiB    5.37%     0B / 0B   660MB / 0B       52
18a50826be2b   x265              0.00%     3.293MiB / 96GiB    0.00%     0B / 0B   279kB / 1.49MB   1
2025-02-17 05:53:33.366178
CONTAINER ID   NAME              CPU %     MEM USAGE / LIMIT   MEM %     NET I/O   BLOCK I/O        PIDS
04e3289d67f8   pbbs_wordCounts   0.06%     5.158GiB / 96GiB    5.37%     0B / 0B   660MB / 0B       52
18a50826be2b   x265              0.00%     3.27MiB / 96GiB     0.00%     0B / 0B   279kB / 1.49MB   1
2025-02-17 05:53:35.376063
CONTAINER ID   NAME              CPU %     MEM USAGE / LIMIT   MEM %     NET I/O   BLOCK I/O        PIDS
04e3289d67f8   pbbs_wordCounts   0.07%     5.158GiB / 96GiB    5.37%     0B / 0B   660MB / 0B       52
18a50826be2b   x265              0.00%     3.27MiB / 96GiB     0.00%     0B / 0B   279kB / 1.49MB   1
2025-02-17 05:53:37.385734
CONTAINER ID   NAME              CPU %     MEM USAGE / LIMIT   MEM %     NET I/O   BLOCK I/O        PIDS
04e3289d67f8   pbbs_wordCounts   0.07%     5.158GiB / 96GiB    5.37%     0B / 0B   660MB / 0B       52
18a50826be2b   x265              0.00%     3.27MiB / 96GiB     0.00%     0B / 0B   279kB / 1.49MB   1
2025-02-17 05:53:39.394802
CONTAINER ID   NAME              CPU %     MEM USAGE / LIMIT   MEM %     NET I/O   BLOCK I/O        PIDS
04e3289d67f8   pbbs_wordCounts   0.06%     5.158GiB / 96GiB    5.37%     0B / 0B   660MB / 0B       52
18a50826be2b   x265              0.00%     3.27MiB / 96GiB     0.00%     0B / 0B   279kB / 1.49MB   1
2025-02-17 05:53:41.404018
CONTAINER ID   NAME              CPU %     MEM USAGE / LIMIT   MEM %     NET I/O   BLOCK I/O        PIDS
04e3289d67f8   pbbs_wordCounts   0.08%     5.158GiB / 96GiB    5.37%     0B / 0B   660MB / 0B       52
18a50826be2b   x265              0.00%     3.27MiB / 96GiB     0.00%     0B / 0B   279kB / 1.49MB   1
2025-02-17 05:53:43.412607
CONTAINER ID   NAME              CPU %     MEM USAGE / LIMIT   MEM %     NET I/O   BLOCK I/O        PIDS
04e3289d67f8   pbbs_wordCounts   0.07%     5.158GiB / 96GiB    5.37%     0B / 0B   660MB / 0B       52
18a50826be2b   x265              0.00%     3.223MiB / 96GiB    0.00%     0B / 0B   279kB / 1.49MB   1
2025-02-17 05:53:45.422311
CONTAINER ID   NAME              CPU %     MEM USAGE / LIMIT   MEM %     NET I/O   BLOCK I/O        PIDS
04e3289d67f8   pbbs_wordCounts   0.07%     5.158GiB / 96GiB    5.37%     0B / 0B   660MB / 0B       52
18a50826be2b   x265              0.00%     3.223MiB / 96GiB    0.00%     0B / 0B   279kB / 1.49MB   1
2025-02-17 05:53:47.434651
CONTAINER ID   NAME              CPU %     MEM USAGE / LIMIT   MEM %     NET I/O   BLOCK I/O        PIDS
04e3289d67f8   pbbs_wordCounts   0.08%     5.158GiB / 96GiB    5.37%     0B / 0B   660MB / 0B       52
18a50826be2b   x265              0.00%     3.223MiB / 96GiB    0.00%     0B / 0B   279kB / 1.49MB   1
2025-02-17 05:53:49.443467
CONTAINER ID   NAME              CPU %     MEM USAGE / LIMIT   MEM %     NET I/O   BLOCK I/O        PIDS
04e3289d67f8   pbbs_wordCounts   0.08%     5.158GiB / 96GiB    5.37%     0B / 0B   660MB / 0B       52
18a50826be2b   x265              0.00%     3.102MiB / 96GiB    0.00%     0B / 0B   279kB / 1.49MB   1
2025-02-17 05:53:51.451492
CONTAINER ID   NAME              CPU %     MEM USAGE / LIMIT   MEM %     NET I/O   BLOCK I/O        PIDS
04e3289d67f8   pbbs_wordCounts   0.08%     5.158GiB / 96GiB    5.37%     0B / 0B   660MB / 0B       52
18a50826be2b   x265              0.00%     3.031MiB / 96GiB    0.00%     0B / 0B   279kB / 1.49MB   1
2025-02-17 05:53:53.461244
CONTAINER ID   NAME              CPU %     MEM USAGE / LIMIT   MEM %     NET I/O   BLOCK I/O        PIDS
04e3289d67f8   pbbs_wordCounts   0.08%     5.158GiB / 96GiB    5.37%     0B / 0B   660MB / 0B       52
18a50826be2b   x265              0.00%     3.008MiB / 96GiB    0.00%     0B / 0B   279kB / 1.49MB   1
2025-02-17 05:53:55.469337
CONTAINER ID   NAME              CPU %     MEM USAGE / LIMIT   MEM %     NET I/O   BLOCK I/O        PIDS
04e3289d67f8   pbbs_wordCounts   0.08%     5.158GiB / 96GiB    5.37%     0B / 0B   660MB / 0B       52
18a50826be2b   x265              0.00%     3.008MiB / 96GiB    0.00%     0B / 0B   279kB / 1.49MB   1
2025-02-17 05:53:57.478759
CONTAINER ID   NAME              CPU %     MEM USAGE / LIMIT   MEM %     NET I/O   BLOCK I/O        PIDS
04e3289d67f8   pbbs_wordCounts   0.08%     5.158GiB / 96GiB    5.37%     0B / 0B   660MB / 0B       52
18a50826be2b   x265              0.00%     2.984MiB / 96GiB    0.00%     0B / 0B   279kB / 1.49MB   1
2025-02-17 05:53:59.488006
CONTAINER ID   NAME              CPU %     MEM USAGE / LIMIT   MEM %     NET I/O   BLOCK I/O        PIDS
04e3289d67f8   pbbs_wordCounts   0.07%     5.158GiB / 96GiB    5.37%     0B / 0B   660MB / 0B       52
18a50826be2b   x265              0.00%     2.984MiB / 96GiB    0.00%     0B / 0B   279kB / 1.49MB   1
2025-02-17 05:54:01.499159
CONTAINER ID   NAME              CPU %     MEM USAGE / LIMIT   MEM %     NET I/O   BLOCK I/O        PIDS
04e3289d67f8   pbbs_wordCounts   0.07%     5.158GiB / 96GiB    5.37%     0B / 0B   660MB / 0B       52
18a50826be2b   x265              0.00%     2.93MiB / 96GiB     0.00%     0B / 0B   279kB / 1.49MB   1
2025-02-17 05:54:03.509303
CONTAINER ID   NAME              CPU %     MEM USAGE / LIMIT   MEM %     NET I/O   BLOCK I/O        PIDS
04e3289d67f8   pbbs_wordCounts   0.08%     5.158GiB / 96GiB    5.37%     0B / 0B   660MB / 0B       52
18a50826be2b   x265              0.00%     2.93MiB / 96GiB     0.00%     0B / 0B   279kB / 1.49MB   1
2025-02-17 05:54:05.520264
CONTAINER ID   NAME              CPU %     MEM USAGE / LIMIT   MEM %     NET I/O   BLOCK I/O        PIDS
04e3289d67f8   pbbs_wordCounts   0.07%     5.158GiB / 96GiB    5.37%     0B / 0B   660MB / 0B       52
18a50826be2b   x265              0.00%     2.906MiB / 96GiB    0.00%     0B / 0B   279kB / 1.49MB   1
2025-02-17 05:54:07.530858
CONTAINER ID   NAME              CPU %     MEM USAGE / LIMIT   MEM %     NET I/O   BLOCK I/O        PIDS
04e3289d67f8   pbbs_wordCounts   0.08%     5.158GiB / 96GiB    5.37%     0B / 0B   660MB / 0B       52
18a50826be2b   x265              0.00%     2.906MiB / 96GiB    0.00%     0B / 0B   279kB / 1.49MB   1
2025-02-17 05:54:09.541232
CONTAINER ID   NAME              CPU %     MEM USAGE / LIMIT   MEM %     NET I/O   BLOCK I/O        PIDS
04e3289d67f8   pbbs_wordCounts   0.07%     5.158GiB / 96GiB    5.37%     0B / 0B   660MB / 0B       52
18a50826be2b   x265              0.00%     2.906MiB / 96GiB    0.00%     0B / 0B   279kB / 1.49MB   1
2025-02-17 05:54:11.549330
CONTAINER ID   NAME              CPU %     MEM USAGE / LIMIT   MEM %     NET I/O   BLOCK I/O        PIDS
04e3289d67f8   pbbs_wordCounts   0.08%     5.158GiB / 96GiB    5.37%     0B / 0B   660MB / 0B       52
18a50826be2b   x265              0.00%     2.859MiB / 96GiB    0.00%     0B / 0B   279kB / 1.49MB   1
2025-02-17 05:54:13.557743
CONTAINER ID   NAME              CPU %     MEM USAGE / LIMIT   MEM %     NET I/O   BLOCK I/O        PIDS
04e3289d67f8   pbbs_wordCounts   0.07%     5.158GiB / 96GiB    5.37%     0B / 0B   660MB / 0B       52
18a50826be2b   x265              0.00%     2.812MiB / 96GiB    0.00%     0B / 0B   279kB / 1.49MB   1
2025-02-17 05:54:15.568959
CONTAINER ID   NAME              CPU %      MEM USAGE / LIMIT   MEM %     NET I/O   BLOCK I/O        PIDS
04e3289d67f8   pbbs_wordCounts   915.18%    5.158GiB / 96GiB    5.37%     0B / 0B   660MB / 0B       52
18a50826be2b   x265              1630.62%   1.008GiB / 96GiB    1.05%     0B / 0B   279kB / 1.49MB   117
2025-02-17 05:54:17.582195
CONTAINER ID   NAME              CPU %      MEM USAGE / LIMIT   MEM %     NET I/O   BLOCK I/O        PIDS
04e3289d67f8   pbbs_wordCounts   4435.12%   14.41GiB / 96GiB    15.02%    0B / 0B   660MB / 0B       52
18a50826be2b   x265              3678.18%   2.768GiB / 96GiB    2.88%     0B / 0B   279kB / 1.49MB   117
2025-02-17 05:54:19.590704
CONTAINER ID   NAME              CPU %      MEM USAGE / LIMIT   MEM %     NET I/O   BLOCK I/O        PIDS
04e3289d67f8   pbbs_wordCounts   3764.84%   8.974GiB / 96GiB    9.35%     0B / 0B   660MB / 0B       52
18a50826be2b   x265              4053.88%   2.886GiB / 96GiB    3.01%     0B / 0B   279kB / 1.49MB   117
2025-02-17 05:54:21.606652
CONTAINER ID   NAME              CPU %      MEM USAGE / LIMIT   MEM %     NET I/O   BLOCK I/O        PIDS
04e3289d67f8   pbbs_wordCounts   2167.36%   11.54GiB / 96GiB    12.02%    0B / 0B   660MB / 0B       52
18a50826be2b   x265              4136.70%   2.886GiB / 96GiB    3.01%     0B / 0B   279kB / 1.49MB   117
2025-02-17 05:54:23.616363
CONTAINER ID   NAME              CPU %      MEM USAGE / LIMIT   MEM %     NET I/O   BLOCK I/O        PIDS
04e3289d67f8   pbbs_wordCounts   4983.39%   10.72GiB / 96GiB    11.17%    0B / 0B   660MB / 0B       52
18a50826be2b   x265              3622.48%   2.886GiB / 96GiB    3.01%     0B / 0B   279kB / 1.49MB   117
2025-02-17 05:54:25.630298
CONTAINER ID   NAME              CPU %      MEM USAGE / LIMIT   MEM %     NET I/O   BLOCK I/O        PIDS
04e3289d67f8   pbbs_wordCounts   142.01%    7.801GiB / 96GiB    8.13%     0B / 0B   660MB / 0B       52
18a50826be2b   x265              4605.49%   2.889GiB / 96GiB    3.01%     0B / 0B   279kB / 1.49MB   117
2025-02-17 05:54:27.634757
CONTAINER ID   NAME              CPU %      MEM USAGE / LIMIT   MEM %     NET I/O   BLOCK I/O        PIDS
04e3289d67f8   pbbs_wordCounts   4918.56%   14.61GiB / 96GiB    15.21%    0B / 0B   660MB / 0B       52
18a50826be2b   x265              3734.78%   2.888GiB / 96GiB    3.01%     0B / 0B   279kB / 1.49MB   117
2025-02-17 05:54:29.652381
CONTAINER ID   NAME              CPU %      MEM USAGE / LIMIT   MEM %     NET I/O   BLOCK I/O        PIDS
04e3289d67f8   pbbs_wordCounts   1253.20%   5.244GiB / 96GiB    5.46%     0B / 0B   660MB / 0B       52
18a50826be2b   x265              4147.44%   2.889GiB / 96GiB    3.01%     0B / 0B   279kB / 1.49MB   117
2025-02-17 05:54:31.662436
CONTAINER ID   NAME              CPU %      MEM USAGE / LIMIT   MEM %     NET I/O   BLOCK I/O        PIDS
04e3289d67f8   pbbs_wordCounts   4753.92%   15.24GiB / 96GiB    15.87%    0B / 0B   660MB / 0B       52
18a50826be2b   x265              3744.40%   2.888GiB / 96GiB    3.01%     0B / 0B   279kB / 1.49MB   117
2025-02-17 05:54:33.671233
CONTAINER ID   NAME              CPU %      MEM USAGE / LIMIT   MEM %     NET I/O   BLOCK I/O        PIDS
04e3289d67f8   pbbs_wordCounts   3093.33%   7.918GiB / 96GiB    8.25%     0B / 0B   660MB / 0B       52
18a50826be2b   x265              4149.50%   2.915GiB / 96GiB    3.04%     0B / 0B   279kB / 1.49MB   117
2025-02-17 05:54:35.681463
CONTAINER ID   NAME              CPU %      MEM USAGE / LIMIT   MEM %     NET I/O   BLOCK I/O        PIDS
04e3289d67f8   pbbs_wordCounts   2965.89%   12.5GiB / 96GiB     13.02%    0B / 0B   660MB / 0B       52
18a50826be2b   x265              4006.06%   2.915GiB / 96GiB    3.04%     0B / 0B   279kB / 1.49MB   117
2025-02-17 05:54:37.692209
CONTAINER ID   NAME              CPU %      MEM USAGE / LIMIT   MEM %     NET I/O   BLOCK I/O        PIDS
04e3289d67f8   pbbs_wordCounts   4834.36%   10.31GiB / 96GiB    10.74%    0B / 0B   660MB / 0B       52
18a50826be2b   x265              4220.91%   2.921GiB / 96GiB    3.04%     0B / 0B   279kB / 1.49MB   117
2025-02-17 05:54:39.704645
CONTAINER ID   NAME              CPU %      MEM USAGE / LIMIT   MEM %     NET I/O   BLOCK I/O        PIDS
04e3289d67f8   pbbs_wordCounts   976.19%    8.346GiB / 96GiB    8.69%     0B / 0B   660MB / 0B       52
18a50826be2b   x265              3404.21%   2.92GiB / 96GiB     3.04%     0B / 0B   279kB / 1.49MB   117
2025-02-17 05:54:41.715738
CONTAINER ID   NAME              CPU %      MEM USAGE / LIMIT   MEM %     NET I/O   BLOCK I/O        PIDS
04e3289d67f8   pbbs_wordCounts   4939.64%   14.46GiB / 96GiB    15.06%    0B / 0B   660MB / 0B       52
18a50826be2b   x265              3726.57%   2.92GiB / 96GiB     3.04%     0B / 0B   279kB / 1.49MB   117
2025-02-17 05:54:43.728137
CONTAINER ID   NAME              CPU %      MEM USAGE / LIMIT   MEM %     NET I/O   BLOCK I/O        PIDS
04e3289d67f8   pbbs_wordCounts   1061.75%   5.278GiB / 96GiB    5.50%     0B / 0B   660MB / 0B       52
18a50826be2b   x265              4320.60%   2.92GiB / 96GiB     3.04%     0B / 0B   279kB / 1.49MB   117
2025-02-17 05:54:45.738539
CONTAINER ID   NAME              CPU %      MEM USAGE / LIMIT   MEM %     NET I/O   BLOCK I/O        PIDS
04e3289d67f8   pbbs_wordCounts   4863.23%   15.38GiB / 96GiB    16.02%    0B / 0B   660MB / 0B       52
18a50826be2b   x265              3798.84%   2.929GiB / 96GiB    3.05%     0B / 0B   279kB / 1.49MB   117
2025-02-17 05:54:47.754663
CONTAINER ID   NAME              CPU %      MEM USAGE / LIMIT   MEM %     NET I/O   BLOCK I/O        PIDS
04e3289d67f8   pbbs_wordCounts   2943.30%   7.767GiB / 96GiB    8.09%     0B / 0B   660MB / 0B       52
18a50826be2b   x265              4203.92%   2.929GiB / 96GiB    3.05%     0B / 0B   279kB / 1.49MB   117
2025-02-17 05:54:49.766150
CONTAINER ID   NAME              CPU %      MEM USAGE / LIMIT   MEM %     NET I/O   BLOCK I/O        PIDS
04e3289d67f8   pbbs_wordCounts   3051.38%   12.53GiB / 96GiB    13.06%    0B / 0B   660MB / 0B       52
18a50826be2b   x265              3918.49%   2.93GiB / 96GiB     3.05%     0B / 0B   279kB / 1.49MB   117
2025-02-17 05:54:51.778431
CONTAINER ID   NAME              CPU %      MEM USAGE / LIMIT   MEM %     NET I/O   BLOCK I/O        PIDS
04e3289d67f8   pbbs_wordCounts   4922.86%   10.34GiB / 96GiB    10.77%    0B / 0B   660MB / 0B       52
18a50826be2b   x265              3737.55%   2.929GiB / 96GiB    3.05%     0B / 0B   279kB / 1.49MB   117
2025-02-17 05:54:53.789952
CONTAINER ID   NAME              CPU %      MEM USAGE / LIMIT   MEM %     NET I/O   BLOCK I/O        PIDS
04e3289d67f8   pbbs_wordCounts   489.34%    9.624GiB / 96GiB    10.03%    0B / 0B   660MB / 0B       52
18a50826be2b   x265              4397.41%   2.93GiB / 96GiB     3.05%     0B / 0B   279kB / 1.49MB   117
2025-02-17 05:54:55.799770
CONTAINER ID   NAME              CPU %      MEM USAGE / LIMIT   MEM %     NET I/O   BLOCK I/O        PIDS
04e3289d67f8   pbbs_wordCounts   4948.93%   12.67GiB / 96GiB    13.20%    0B / 0B   660MB / 0B       52
18a50826be2b   x265              3693.48%   2.929GiB / 96GiB    3.05%     0B / 0B   279kB / 1.49MB   117
2025-02-17 05:54:57.814081
CONTAINER ID   NAME              CPU %      MEM USAGE / LIMIT   MEM %     NET I/O   BLOCK I/O        PIDS
04e3289d67f8   pbbs_wordCounts   144.17%    5.765GiB / 96GiB    6.01%     0B / 0B   660MB / 0B       52
18a50826be2b   x265              4252.96%   2.929GiB / 96GiB    3.05%     0B / 0B   279kB / 1.49MB   117
2025-02-17 05:54:59.823440
CONTAINER ID   NAME              CPU %      MEM USAGE / LIMIT   MEM %     NET I/O   BLOCK I/O        PIDS
04e3289d67f8   pbbs_wordCounts   4861.90%   15.4GiB / 96GiB     16.04%    0B / 0B   660MB / 0B       52
18a50826be2b   x265              3809.35%   2.943GiB / 96GiB    3.07%     0B / 0B   279kB / 1.49MB   117
2025-02-17 05:55:01.833559
CONTAINER ID   NAME              CPU %      MEM USAGE / LIMIT   MEM %     NET I/O   BLOCK I/O        PIDS
04e3289d67f8   pbbs_wordCounts   1838.95%   6.303GiB / 96GiB    6.57%     0B / 0B   660MB / 0B       52
18a50826be2b   x265              3997.25%   2.951GiB / 96GiB    3.07%     0B / 0B   279kB / 1.49MB   117
2025-02-17 05:55:03.843213
CONTAINER ID   NAME              CPU %      MEM USAGE / LIMIT   MEM %     NET I/O   BLOCK I/O        PIDS
04e3289d67f8   pbbs_wordCounts   4051.87%   14.12GiB / 96GiB    14.71%    0B / 0B   660MB / 0B       52
18a50826be2b   x265              3918.99%   2.98GiB / 96GiB     3.10%     0B / 0B   279kB / 1.49MB   117
2025-02-17 05:55:05.854478
CONTAINER ID   NAME              CPU %      MEM USAGE / LIMIT   MEM %     NET I/O   BLOCK I/O        PIDS
04e3289d67f8   pbbs_wordCounts   3926.51%   9.348GiB / 96GiB    9.74%     0B / 0B   660MB / 0B       52
18a50826be2b   x265              4003.37%   2.99GiB / 96GiB     3.11%     0B / 0B   279kB / 1.49MB   117
2025-02-17 05:55:07.868328
CONTAINER ID   NAME              CPU %      MEM USAGE / LIMIT   MEM %     NET I/O   BLOCK I/O        PIDS
04e3289d67f8   pbbs_wordCounts   2110.42%   11.53GiB / 96GiB    12.01%    0B / 0B   660MB / 0B       52
18a50826be2b   x265              3945.37%   2.99GiB / 96GiB     3.11%     0B / 0B   279kB / 1.49MB   115
2025-02-17 05:55:09.878585
CONTAINER ID   NAME              CPU %      MEM USAGE / LIMIT   MEM %     NET I/O   BLOCK I/O        PIDS
04e3289d67f8   pbbs_wordCounts   4887.61%   11.21GiB / 96GiB    11.68%    0B / 0B   660MB / 0B       52
18a50826be2b   x265              3472.13%   2.99GiB / 96GiB     3.11%     0B / 0B   279kB / 1.49MB   115
2025-02-17 05:55:11.888322
CONTAINER ID   NAME              CPU %      MEM USAGE / LIMIT   MEM %     NET I/O   BLOCK I/O        PIDS
04e3289d67f8   pbbs_wordCounts   430.82%    5.32GiB / 96GiB     5.54%     0B / 0B   660MB / 0B       52
18a50826be2b   x265              2589.44%   1.385GiB / 96GiB    1.44%     0B / 0B   279kB / 1.61MB   117
2025-02-17 05:55:13.898209
CONTAINER ID   NAME              CPU %      MEM USAGE / LIMIT   MEM %     NET I/O   BLOCK I/O        PIDS
04e3289d67f8   pbbs_wordCounts   4881.23%   15.42GiB / 96GiB    16.06%    0B / 0B   660MB / 0B       52
18a50826be2b   x265              3738.16%   2.828GiB / 96GiB    2.95%     0B / 0B   279kB / 1.61MB   117
2025-02-17 05:55:15.909072
CONTAINER ID   NAME              CPU %      MEM USAGE / LIMIT   MEM %     NET I/O   BLOCK I/O        PIDS
04e3289d67f8   pbbs_wordCounts   2932.14%   7.664GiB / 96GiB    7.98%     0B / 0B   660MB / 0B       52
18a50826be2b   x265              4078.41%   2.885GiB / 96GiB    3.01%     0B / 0B   279kB / 1.61MB   117
2025-02-17 05:55:17.919676
CONTAINER ID   NAME              CPU %      MEM USAGE / LIMIT   MEM %     NET I/O   BLOCK I/O        PIDS
04e3289d67f8   pbbs_wordCounts   3175.94%   12.87GiB / 96GiB    13.41%    0B / 0B   660MB / 0B       52
18a50826be2b   x265              4201.76%   2.887GiB / 96GiB    3.01%     0B / 0B   279kB / 1.61MB   117
2025-02-17 05:55:19.930109
CONTAINER ID   NAME              CPU %      MEM USAGE / LIMIT   MEM %     NET I/O   BLOCK I/O        PIDS
04e3289d67f8   pbbs_wordCounts   4943.80%   10.38GiB / 96GiB    10.81%    0B / 0B   660MB / 0B       52
18a50826be2b   x265              3649.80%   2.887GiB / 96GiB    3.01%     0B / 0B   279kB / 1.61MB   117
2025-02-17 05:55:21.947340
CONTAINER ID   NAME              CPU %      MEM USAGE / LIMIT   MEM %     NET I/O   BLOCK I/O        PIDS
04e3289d67f8   pbbs_wordCounts   626.72%    9.228GiB / 96GiB    9.61%     0B / 0B   660MB / 0B       52
18a50826be2b   x265              4391.25%   2.888GiB / 96GiB    3.01%     0B / 0B   279kB / 1.61MB   117
2025-02-17 05:55:23.958273
CONTAINER ID   NAME              CPU %      MEM USAGE / LIMIT   MEM %     NET I/O   BLOCK I/O        PIDS
04e3289d67f8   pbbs_wordCounts   4951.42%   13.51GiB / 96GiB    14.07%    0B / 0B   660MB / 0B       52
18a50826be2b   x265              3846.53%   2.888GiB / 96GiB    3.01%     0B / 0B   279kB / 1.61MB   117
2025-02-17 05:55:25.973572
CONTAINER ID   NAME              CPU %      MEM USAGE / LIMIT   MEM %     NET I/O   BLOCK I/O        PIDS
04e3289d67f8   pbbs_wordCounts   213.60%    5.338GiB / 96GiB    5.56%     0B / 0B   660MB / 0B       52
18a50826be2b   x265              4698.02%   2.889GiB / 96GiB    3.01%     0B / 0B   279kB / 1.61MB   117
2025-02-17 05:55:27.982893
CONTAINER ID   NAME              CPU %      MEM USAGE / LIMIT   MEM %     NET I/O   BLOCK I/O        PIDS
04e3289d67f8   pbbs_wordCounts   4935.31%   15.44GiB / 96GiB    16.08%    0B / 0B   660MB / 0B       52
18a50826be2b   x265              3672.23%   2.888GiB / 96GiB    3.01%     0B / 0B   279kB / 1.61MB   117
2025-02-17 05:55:29.992402
CONTAINER ID   NAME              CPU %      MEM USAGE / LIMIT   MEM %     NET I/O   BLOCK I/O        PIDS
04e3289d67f8   pbbs_wordCounts   2754.69%   7.523GiB / 96GiB    7.84%     0B / 0B   660MB / 0B       52
18a50826be2b   x265              3926.31%   2.913GiB / 96GiB    3.03%     0B / 0B   279kB / 1.61MB   117
2025-02-17 05:55:32.002982
CONTAINER ID   NAME              CPU %      MEM USAGE / LIMIT   MEM %     NET I/O   BLOCK I/O        PIDS
04e3289d67f8   pbbs_wordCounts   3281.53%   13.09GiB / 96GiB    13.63%    0B / 0B   660MB / 0B       52
18a50826be2b   x265              4185.25%   2.912GiB / 96GiB    3.03%     0B / 0B   279kB / 1.61MB   117
2025-02-17 05:55:34.011844
CONTAINER ID   NAME              CPU %      MEM USAGE / LIMIT   MEM %     NET I/O   BLOCK I/O        PIDS
04e3289d67f8   pbbs_wordCounts   4662.64%   10.39GiB / 96GiB    10.83%    0B / 0B   660MB / 0B       52
18a50826be2b   x265              4058.29%   2.918GiB / 96GiB    3.04%     0B / 0B   279kB / 1.61MB   117
2025-02-17 05:55:36.022175
CONTAINER ID   NAME              CPU %      MEM USAGE / LIMIT   MEM %     NET I/O   BLOCK I/O        PIDS
04e3289d67f8   pbbs_wordCounts   1612.06%   11.27GiB / 96GiB    11.74%    0B / 0B   660MB / 0B       52
18a50826be2b   x265              4788.04%   2.917GiB / 96GiB    3.04%     0B / 0B   279kB / 1.61MB   117
2025-02-17 05:55:38.029581
CONTAINER ID   NAME              CPU %      MEM USAGE / LIMIT   MEM %     NET I/O   BLOCK I/O        PIDS
04e3289d67f8   pbbs_wordCounts   4913.40%   10.41GiB / 96GiB    10.84%    0B / 0B   660MB / 0B       52
18a50826be2b   x265              3872.36%   2.918GiB / 96GiB    3.04%     0B / 0B   279kB / 1.61MB   117
2025-02-17 05:55:40.044322
CONTAINER ID   NAME              CPU %      MEM USAGE / LIMIT   MEM %     NET I/O   BLOCK I/O        PIDS
04e3289d67f8   pbbs_wordCounts   144.10%    7.851GiB / 96GiB    8.18%     0B / 0B   660MB / 0B       52
18a50826be2b   x265              4378.53%   2.918GiB / 96GiB    3.04%     0B / 0B   279kB / 1.61MB   117
2025-02-17 05:55:42.050974
CONTAINER ID   NAME              CPU %      MEM USAGE / LIMIT   MEM %     NET I/O   BLOCK I/O        PIDS
04e3289d67f8   pbbs_wordCounts   4933.44%   14.36GiB / 96GiB    14.96%    0B / 0B   660MB / 0B       52
18a50826be2b   x265              3666.19%   2.922GiB / 96GiB    3.04%     0B / 0B   279kB / 1.61MB   117
2025-02-17 05:55:44.063180
CONTAINER ID   NAME              CPU %      MEM USAGE / LIMIT   MEM %     NET I/O   BLOCK I/O        PIDS
04e3289d67f8   pbbs_wordCounts   708.20%    5.358GiB / 96GiB    5.58%     0B / 0B   660MB / 0B       52
18a50826be2b   x265              4349.14%   2.922GiB / 96GiB    3.04%     0B / 0B   279kB / 1.61MB   117
2025-02-17 05:55:46.073923
CONTAINER ID   NAME              CPU %      MEM USAGE / LIMIT   MEM %     NET I/O   BLOCK I/O        PIDS
04e3289d67f8   pbbs_wordCounts   4922.28%   15.46GiB / 96GiB    16.10%    0B / 0B   660MB / 0B       52
18a50826be2b   x265              3736.06%   2.922GiB / 96GiB    3.04%     0B / 0B   279kB / 1.61MB   117
2025-02-17 05:55:48.084017
CONTAINER ID   NAME              CPU %      MEM USAGE / LIMIT   MEM %     NET I/O   BLOCK I/O        PIDS
04e3289d67f8   pbbs_wordCounts   3003.73%   7.805GiB / 96GiB    8.13%     0B / 0B   660MB / 0B       52
18a50826be2b   x265              3971.80%   2.922GiB / 96GiB    3.04%     0B / 0B   279kB / 1.61MB   117
2025-02-17 05:55:50.097649
CONTAINER ID   NAME              CPU %      MEM USAGE / LIMIT   MEM %     NET I/O   BLOCK I/O        PIDS
04e3289d67f8   pbbs_wordCounts   3152.95%   13.09GiB / 96GiB    13.64%    0B / 0B   660MB / 0B       52
18a50826be2b   x265              4159.82%   2.923GiB / 96GiB    3.04%     0B / 0B   279kB / 1.61MB   117
2025-02-17 05:55:52.109263
CONTAINER ID   NAME              CPU %      MEM USAGE / LIMIT   MEM %     NET I/O   BLOCK I/O        PIDS
04e3289d67f8   pbbs_wordCounts   4695.27%   10.34GiB / 96GiB    10.77%    0B / 0B   660MB / 0B       52
18a50826be2b   x265              3801.85%   2.922GiB / 96GiB    3.04%     0B / 0B   279kB / 1.61MB   117
2025-02-17 05:55:54.120138
CONTAINER ID   NAME              CPU %      MEM USAGE / LIMIT   MEM %     NET I/O   BLOCK I/O        PIDS
04e3289d67f8   pbbs_wordCounts   1460.13%   10.69GiB / 96GiB    11.14%    0B / 0B   660MB / 0B       52
18a50826be2b   x265              4333.17%   2.922GiB / 96GiB    3.04%     0B / 0B   279kB / 1.61MB   117
2025-02-17 05:55:56.130872
CONTAINER ID   NAME              CPU %      MEM USAGE / LIMIT   MEM %     NET I/O   BLOCK I/O        PIDS
04e3289d67f8   pbbs_wordCounts   4927.72%   12.61GiB / 96GiB    13.13%    0B / 0B   660MB / 0B       52
18a50826be2b   x265              3707.93%   2.936GiB / 96GiB    3.06%     0B / 0B   279kB / 1.61MB   117
2025-02-17 05:55:58.145347
CONTAINER ID   NAME              CPU %      MEM USAGE / LIMIT   MEM %     NET I/O   BLOCK I/O        PIDS
04e3289d67f8   pbbs_wordCounts   136.00%    6.832GiB / 96GiB    7.12%     0B / 0B   660MB / 0B       52
18a50826be2b   x265              5087.42%   2.937GiB / 96GiB    3.06%     0B / 0B   279kB / 1.61MB   117
2025-02-17 05:56:00.154580
CONTAINER ID   NAME              CPU %      MEM USAGE / LIMIT   MEM %     NET I/O   BLOCK I/O        PIDS
04e3289d67f8   pbbs_wordCounts   4939.43%   15.47GiB / 96GiB    16.11%    0B / 0B   660MB / 0B       52
18a50826be2b   x265              3714.42%   2.961GiB / 96GiB    3.08%     0B / 0B   279kB / 1.61MB   117
2025-02-17 05:56:02.166367
CONTAINER ID   NAME              CPU %      MEM USAGE / LIMIT   MEM %     NET I/O   BLOCK I/O        PIDS
04e3289d67f8   pbbs_wordCounts   1944.74%   6.108GiB / 96GiB    6.36%     0B / 0B   660MB / 0B       52
18a50826be2b   x265              4294.00%   2.993GiB / 96GiB    3.12%     0B / 0B   279kB / 1.61MB   117
2025-02-17 05:56:04.180542
CONTAINER ID   NAME              CPU %      MEM USAGE / LIMIT   MEM %     NET I/O   BLOCK I/O        PIDS
04e3289d67f8   pbbs_wordCounts   4224.20%   14.44GiB / 96GiB    15.04%    0B / 0B   660MB / 0B       52
18a50826be2b   x265              3784.82%   2.993GiB / 96GiB    3.12%     0B / 0B   279kB / 1.61MB   115
2025-02-17 05:56:06.188772
CONTAINER ID   NAME              CPU %      MEM USAGE / LIMIT   MEM %     NET I/O   BLOCK I/O        PIDS
04e3289d67f8   pbbs_wordCounts   4166.05%   9.813GiB / 96GiB    10.22%    0B / 0B   660MB / 0B       52
18a50826be2b   x265              3508.11%   2.993GiB / 96GiB    3.12%     0B / 0B   279kB / 1.61MB   115
2025-02-17 05:56:08.202010
CONTAINER ID   NAME              CPU %      MEM USAGE / LIMIT   MEM %     NET I/O   BLOCK I/O        PIDS
04e3289d67f8   pbbs_wordCounts   1151.54%   9.391GiB / 96GiB    9.78%     0B / 0B   660MB / 0B       52
18a50826be2b   x265              1249.47%   920.1MiB / 96GiB    0.94%     0B / 0B   279kB / 1.82MB   117
2025-02-17 05:56:10.211169
CONTAINER ID   NAME              CPU %      MEM USAGE / LIMIT   MEM %     NET I/O   BLOCK I/O        PIDS
04e3289d67f8   pbbs_wordCounts   4957.30%   13.86GiB / 96GiB    14.43%    0B / 0B   660MB / 0B       52
18a50826be2b   x265              3617.79%   2.655GiB / 96GiB    2.77%     0B / 0B   279kB / 1.82MB   117
2025-02-17 05:56:12.224460
CONTAINER ID   NAME              CPU %      MEM USAGE / LIMIT   MEM %     NET I/O   BLOCK I/O        PIDS
04e3289d67f8   pbbs_wordCounts   240.11%    5.382GiB / 96GiB    5.61%     0B / 0B   660MB / 0B       52
18a50826be2b   x265              4662.71%   2.889GiB / 96GiB    3.01%     0B / 0B   279kB / 1.82MB   117
2025-02-17 05:56:14.234709
CONTAINER ID   NAME              CPU %      MEM USAGE / LIMIT   MEM %     NET I/O   BLOCK I/O        PIDS
04e3289d67f8   pbbs_wordCounts   4795.89%   15.48GiB / 96GiB    16.13%    0B / 0B   660MB / 0B       52
18a50826be2b   x265              3710.08%   2.885GiB / 96GiB    3.01%     0B / 0B   279kB / 1.82MB   117
2025-02-17 05:56:16.244858
CONTAINER ID   NAME              CPU %      MEM USAGE / LIMIT   MEM %     NET I/O   BLOCK I/O        PIDS
04e3289d67f8   pbbs_wordCounts   2128.07%   6.519GiB / 96GiB    6.79%     0B / 0B   660MB / 0B       52
18a50826be2b   x265              4326.66%   2.887GiB / 96GiB    3.01%     0B / 0B   279kB / 1.82MB   117
2025-02-17 05:56:18.256070
CONTAINER ID   NAME              CPU %      MEM USAGE / LIMIT   MEM %     NET I/O   BLOCK I/O        PIDS
04e3289d67f8   pbbs_wordCounts   4015.63%   14.24GiB / 96GiB    14.84%    0B / 0B   660MB / 0B       52
18a50826be2b   x265              3808.90%   2.888GiB / 96GiB    3.01%     0B / 0B   279kB / 1.82MB   117
2025-02-17 05:56:20.268450
CONTAINER ID   NAME              CPU %      MEM USAGE / LIMIT   MEM %     NET I/O   BLOCK I/O        PIDS
04e3289d67f8   pbbs_wordCounts   4367.10%   9.979GiB / 96GiB    10.39%    0B / 0B   660MB / 0B       52
18a50826be2b   x265              3791.78%   2.888GiB / 96GiB    3.01%     0B / 0B   279kB / 1.82MB   117
2025-02-17 05:56:22.280583
CONTAINER ID   NAME              CPU %      MEM USAGE / LIMIT   MEM %     NET I/O   BLOCK I/O        PIDS
04e3289d67f8   pbbs_wordCounts   1766.50%   11.2GiB / 96GiB     11.67%    0B / 0B   660MB / 0B       52
18a50826be2b   x265              4362.00%   2.889GiB / 96GiB    3.01%     0B / 0B   279kB / 1.82MB   117
2025-02-17 05:56:24.290009
CONTAINER ID   NAME              CPU %      MEM USAGE / LIMIT   MEM %     NET I/O   BLOCK I/O        PIDS
04e3289d67f8   pbbs_wordCounts   4973.72%   11.75GiB / 96GiB    12.24%    0B / 0B   660MB / 0B       52
18a50826be2b   x265              3753.46%   2.888GiB / 96GiB    3.01%     0B / 0B   279kB / 1.82MB   117
2025-02-17 05:56:26.305828
CONTAINER ID   NAME              CPU %      MEM USAGE / LIMIT   MEM %     NET I/O   BLOCK I/O        PIDS
04e3289d67f8   pbbs_wordCounts   144.03%    8.043GiB / 96GiB    8.38%     0B / 0B   660MB / 0B       52
18a50826be2b   x265              4726.83%   2.92GiB / 96GiB     3.04%     0B / 0B   279kB / 1.82MB   117
2025-02-17 05:56:28.312923
CONTAINER ID   NAME              CPU %      MEM USAGE / LIMIT   MEM %     NET I/O   BLOCK I/O        PIDS
04e3289d67f8   pbbs_wordCounts   4895.77%   14.42GiB / 96GiB    15.03%    0B / 0B   660MB / 0B       52
18a50826be2b   x265              3608.59%   2.92GiB / 96GiB     3.04%     0B / 0B   279kB / 1.82MB   117
2025-02-17 05:56:30.327418
CONTAINER ID   NAME              CPU %      MEM USAGE / LIMIT   MEM %     NET I/O   BLOCK I/O        PIDS
04e3289d67f8   pbbs_wordCounts   1315.56%   5.399GiB / 96GiB    5.62%     0B / 0B   660MB / 0B       52
18a50826be2b   x265              4344.44%   2.926GiB / 96GiB    3.05%     0B / 0B   279kB / 1.82MB   117
2025-02-17 05:56:32.336959
CONTAINER ID   NAME              CPU %      MEM USAGE / LIMIT   MEM %     NET I/O   BLOCK I/O        PIDS
04e3289d67f8   pbbs_wordCounts   4744.57%   15.5GiB / 96GiB     16.14%    0B / 0B   660MB / 0B       52
18a50826be2b   x265              4128.30%   2.925GiB / 96GiB    3.05%     0B / 0B   279kB / 1.82MB   117
2025-02-17 05:56:34.351057
CONTAINER ID   NAME              CPU %      MEM USAGE / LIMIT   MEM %     NET I/O   BLOCK I/O        PIDS
04e3289d67f8   pbbs_wordCounts   3085.24%   8.015GiB / 96GiB    8.35%     0B / 0B   660MB / 0B       52
18a50826be2b   x265              4027.05%   2.925GiB / 96GiB    3.05%     0B / 0B   279kB / 1.82MB   117
2025-02-17 05:56:36.363359
CONTAINER ID   NAME              CPU %      MEM USAGE / LIMIT   MEM %     NET I/O   BLOCK I/O        PIDS
04e3289d67f8   pbbs_wordCounts   3064.89%   12.86GiB / 96GiB    13.40%    0B / 0B   660MB / 0B       52
18a50826be2b   x265              4242.08%   2.924GiB / 96GiB    3.05%     0B / 0B   279kB / 1.82MB   117
2025-02-17 05:56:38.377774
CONTAINER ID   NAME              CPU %      MEM USAGE / LIMIT   MEM %     NET I/O   BLOCK I/O        PIDS
04e3289d67f8   pbbs_wordCounts   4924.47%   10.45GiB / 96GiB    10.89%    0B / 0B   660MB / 0B       52
18a50826be2b   x265              3837.72%   2.934GiB / 96GiB    3.06%     0B / 0B   279kB / 1.82MB   117
2025-02-17 05:56:40.388570
CONTAINER ID   NAME              CPU %      MEM USAGE / LIMIT   MEM %     NET I/O   BLOCK I/O        PIDS
04e3289d67f8   pbbs_wordCounts   1032.73%   10.81GiB / 96GiB    11.26%    0B / 0B   660MB / 0B       52
18a50826be2b   x265              4435.60%   2.935GiB / 96GiB    3.06%     0B / 0B   279kB / 1.82MB   117
2025-02-17 05:56:42.396519
CONTAINER ID   NAME              CPU %      MEM USAGE / LIMIT   MEM %     NET I/O   BLOCK I/O        PIDS
04e3289d67f8   pbbs_wordCounts   4946.81%   12.3GiB / 96GiB     12.81%    0B / 0B   660MB / 0B       52
18a50826be2b   x265              3642.34%   2.934GiB / 96GiB    3.06%     0B / 0B   279kB / 1.82MB   117
2025-02-17 05:56:44.409792
CONTAINER ID   NAME              CPU %      MEM USAGE / LIMIT   MEM %     NET I/O   BLOCK I/O        PIDS
04e3289d67f8   pbbs_wordCounts   144.26%    6.977GiB / 96GiB    7.27%     0B / 0B   660MB / 0B       52
18a50826be2b   x265              4352.24%   2.935GiB / 96GiB    3.06%     0B / 0B   279kB / 1.82MB   117
2025-02-17 05:56:46.418436
CONTAINER ID   NAME              CPU %      MEM USAGE / LIMIT   MEM %     NET I/O   BLOCK I/O        PIDS
04e3289d67f8   pbbs_wordCounts   4961.77%   15.04GiB / 96GiB    15.66%    0B / 0B   660MB / 0B       52
18a50826be2b   x265              3635.60%   2.934GiB / 96GiB    3.06%     0B / 0B   279kB / 1.82MB   117
2025-02-17 05:56:48.429874
CONTAINER ID   NAME              CPU %      MEM USAGE / LIMIT   MEM %     NET I/O   BLOCK I/O        PIDS
04e3289d67f8   pbbs_wordCounts   1132.26%   5.413GiB / 96GiB    5.64%     0B / 0B   660MB / 0B       52
18a50826be2b   x265              4216.99%   2.935GiB / 96GiB    3.06%     0B / 0B   279kB / 1.82MB   117
2025-02-17 05:56:50.438192
CONTAINER ID   NAME              CPU %      MEM USAGE / LIMIT   MEM %     NET I/O   BLOCK I/O        PIDS
04e3289d67f8   pbbs_wordCounts   4880.35%   15.51GiB / 96GiB    16.16%    0B / 0B   660MB / 0B       52
18a50826be2b   x265              3747.15%   2.934GiB / 96GiB    3.06%     0B / 0B   279kB / 1.82MB   117
2025-02-17 05:56:52.449410
CONTAINER ID   NAME              CPU %      MEM USAGE / LIMIT   MEM %     NET I/O   BLOCK I/O        PIDS
04e3289d67f8   pbbs_wordCounts   3030.00%   8.04GiB / 96GiB     8.38%     0B / 0B   660MB / 0B       52
18a50826be2b   x265              4043.14%   2.944GiB / 96GiB    3.07%     0B / 0B   279kB / 1.82MB   117
2025-02-17 05:56:54.459770
CONTAINER ID   NAME              CPU %      MEM USAGE / LIMIT   MEM %     NET I/O   BLOCK I/O        PIDS
04e3289d67f8   pbbs_wordCounts   3371.97%   13.78GiB / 96GiB    14.36%    0B / 0B   660MB / 0B       52
18a50826be2b   x265              4705.15%   2.946GiB / 96GiB    3.07%     0B / 0B   279kB / 1.82MB   117
2025-02-17 05:56:56.470981
CONTAINER ID   NAME              CPU %      MEM USAGE / LIMIT   MEM %     NET I/O   BLOCK I/O        PIDS
04e3289d67f8   pbbs_wordCounts   4936.23%   10.47GiB / 96GiB    10.90%    0B / 0B   660MB / 0B       52
18a50826be2b   x265              3187.12%   2.966GiB / 96GiB    3.09%     0B / 0B   279kB / 1.82MB   117
2025-02-17 05:56:58.482110
CONTAINER ID   NAME              CPU %      MEM USAGE / LIMIT   MEM %     NET I/O   BLOCK I/O        PIDS
04e3289d67f8   pbbs_wordCounts   842.93%    10.22GiB / 96GiB    10.65%    0B / 0B   660MB / 0B       52
18a50826be2b   x265              4733.55%   2.975GiB / 96GiB    3.10%     0B / 0B   279kB / 1.82MB   117
2025-02-17 05:57:00.489190
CONTAINER ID   NAME              CPU %      MEM USAGE / LIMIT   MEM %     NET I/O   BLOCK I/O        PIDS
04e3289d67f8   pbbs_wordCounts   4947.99%   12.52GiB / 96GiB    13.04%    0B / 0B   660MB / 0B       52
18a50826be2b   x265              3686.89%   2.975GiB / 96GiB    3.10%     0B / 0B   279kB / 1.82MB   115
2025-02-17 05:57:02.500523
CONTAINER ID   NAME              CPU %      MEM USAGE / LIMIT   MEM %     NET I/O   BLOCK I/O        PIDS
04e3289d67f8   pbbs_wordCounts   142.68%    5.847GiB / 96GiB    6.09%     0B / 0B   660MB / 0B       52
18a50826be2b   x265              4201.92%   2.976GiB / 96GiB    3.10%     0B / 0B   279kB / 1.82MB   115
2025-02-17 05:57:04.508011
CONTAINER ID   NAME              CPU %      MEM USAGE / LIMIT   MEM %     NET I/O   BLOCK I/O        PIDS
04e3289d67f8   pbbs_wordCounts   4179.39%   14.7GiB / 96GiB     15.32%    0B / 0B   660MB / 0B       52
18a50826be2b   x265              1131.88%   917.3MiB / 96GiB    0.93%     0B / 0B   279kB / 2.05MB   117
2025-02-17 05:57:06.518968
CONTAINER ID   NAME              CPU %      MEM USAGE / LIMIT   MEM %     NET I/O   BLOCK I/O        PIDS
04e3289d67f8   pbbs_wordCounts   4429.09%   10.15GiB / 96GiB    10.58%    0B / 0B   660MB / 0B       52
18a50826be2b   x265              3859.84%   2.741GiB / 96GiB    2.85%     0B / 0B   279kB / 2.05MB   117
2025-02-17 05:57:08.533517
CONTAINER ID   NAME              CPU %      MEM USAGE / LIMIT   MEM %     NET I/O   BLOCK I/O        PIDS
04e3289d67f8   pbbs_wordCounts   1553.61%   10.75GiB / 96GiB    11.20%    0B / 0B   660MB / 0B       52
18a50826be2b   x265              4297.69%   2.886GiB / 96GiB    3.01%     0B / 0B   279kB / 2.05MB   117
2025-02-17 05:57:10.544501
CONTAINER ID   NAME              CPU %      MEM USAGE / LIMIT   MEM %     NET I/O   BLOCK I/O        PIDS
04e3289d67f8   pbbs_wordCounts   4941.98%   11.6GiB / 96GiB     12.08%    0B / 0B   660MB / 0B       52
18a50826be2b   x265              3683.43%   2.886GiB / 96GiB    3.01%     0B / 0B   279kB / 2.05MB   117
2025-02-17 05:57:12.556156
CONTAINER ID   NAME              CPU %      MEM USAGE / LIMIT   MEM %     NET I/O   BLOCK I/O        PIDS
04e3289d67f8   pbbs_wordCounts   144.68%    7.628GiB / 96GiB    7.95%     0B / 0B   660MB / 0B       52
18a50826be2b   x265              4368.65%   2.888GiB / 96GiB    3.01%     0B / 0B   279kB / 2.05MB   117
2025-02-17 05:57:14.565933
CONTAINER ID   NAME              CPU %      MEM USAGE / LIMIT   MEM %     NET I/O   BLOCK I/O        PIDS
04e3289d67f8   pbbs_wordCounts   4940.79%   14.7GiB / 96GiB     15.31%    0B / 0B   660MB / 0B       52
18a50826be2b   x265              3531.16%   2.888GiB / 96GiB    3.01%     0B / 0B   279kB / 2.05MB   117
2025-02-17 05:57:16.576745
CONTAINER ID   NAME              CPU %      MEM USAGE / LIMIT   MEM %     NET I/O   BLOCK I/O        PIDS
04e3289d67f8   pbbs_wordCounts   946.45%    5.431GiB / 96GiB    5.66%     0B / 0B   660MB / 0B       52
18a50826be2b   x265              4228.56%   2.889GiB / 96GiB    3.01%     0B / 0B   279kB / 2.05MB   117
2025-02-17 05:57:18.586259
CONTAINER ID   NAME              CPU %      MEM USAGE / LIMIT   MEM %     NET I/O   BLOCK I/O        PIDS
04e3289d67f8   pbbs_wordCounts   4854.43%   15.53GiB / 96GiB    16.18%    0B / 0B   660MB / 0B       52
18a50826be2b   x265              3817.73%   2.888GiB / 96GiB    3.01%     0B / 0B   279kB / 2.05MB   117
2025-02-17 05:57:20.595994
CONTAINER ID   NAME              CPU %      MEM USAGE / LIMIT   MEM %     NET I/O   BLOCK I/O        PIDS
04e3289d67f8   pbbs_wordCounts   2341.73%   6.892GiB / 96GiB    7.18%     0B / 0B   660MB / 0B       52
18a50826be2b   x265              4067.58%   2.888GiB / 96GiB    3.01%     0B / 0B   279kB / 2.05MB   117
2025-02-17 05:57:22.605965
CONTAINER ID   NAME              CPU %      MEM USAGE / LIMIT   MEM %     NET I/O   BLOCK I/O        PIDS
04e3289d67f8   pbbs_wordCounts   3835.68%   13.94GiB / 96GiB    14.52%    0B / 0B   660MB / 0B       52
18a50826be2b   x265              4079.51%   2.911GiB / 96GiB    3.03%     0B / 0B   279kB / 2.05MB   117
2025-02-17 05:57:24.616281
CONTAINER ID   NAME              CPU %      MEM USAGE / LIMIT   MEM %     NET I/O   BLOCK I/O        PIDS
04e3289d67f8   pbbs_wordCounts   4198.59%   9.777GiB / 96GiB    10.18%    0B / 0B   660MB / 0B       52
18a50826be2b   x265              3897.75%   2.911GiB / 96GiB    3.03%     0B / 0B   279kB / 2.05MB   117
2025-02-17 05:57:26.627809
CONTAINER ID   NAME              CPU %      MEM USAGE / LIMIT   MEM %     NET I/O   BLOCK I/O        PIDS
04e3289d67f8   pbbs_wordCounts   1832.79%   11.43GiB / 96GiB    11.90%    0B / 0B   660MB / 0B       52
18a50826be2b   x265              4495.32%   2.917GiB / 96GiB    3.04%     0B / 0B   279kB / 2.05MB   117
2025-02-17 05:57:28.636074
CONTAINER ID   NAME              CPU %      MEM USAGE / LIMIT   MEM %     NET I/O   BLOCK I/O        PIDS
04e3289d67f8   pbbs_wordCounts   4922.09%   10.49GiB / 96GiB    10.92%    0B / 0B   660MB / 0B       52
18a50826be2b   x265              3938.56%   2.916GiB / 96GiB    3.04%     0B / 0B   279kB / 2.05MB   117
2025-02-17 05:57:30.650023
CONTAINER ID   NAME              CPU %      MEM USAGE / LIMIT   MEM %     NET I/O   BLOCK I/O        PIDS
04e3289d67f8   pbbs_wordCounts   173.10%    8.527GiB / 96GiB    8.88%     0B / 0B   660MB / 0B       52
18a50826be2b   x265              4620.72%   2.916GiB / 96GiB    3.04%     0B / 0B   279kB / 2.05MB   117
2025-02-17 05:57:32.659439
CONTAINER ID   NAME              CPU %      MEM USAGE / LIMIT   MEM %     NET I/O   BLOCK I/O        PIDS
04e3289d67f8   pbbs_wordCounts   4932.14%   14.31GiB / 96GiB    14.90%    0B / 0B   660MB / 0B       52
18a50826be2b   x265              3735.32%   2.915GiB / 96GiB    3.04%     0B / 0B   279kB / 2.05MB   117
2025-02-17 05:57:34.670989
CONTAINER ID   NAME              CPU %      MEM USAGE / LIMIT   MEM %     NET I/O   BLOCK I/O        PIDS
04e3289d67f8   pbbs_wordCounts   954.86%    5.441GiB / 96GiB    5.67%     0B / 0B   660MB / 0B       52
18a50826be2b   x265              4519.01%   2.921GiB / 96GiB    3.04%     0B / 0B   279kB / 2.05MB   117
2025-02-17 05:57:36.679402
CONTAINER ID   NAME              CPU %      MEM USAGE / LIMIT   MEM %     NET I/O   BLOCK I/O        PIDS
04e3289d67f8   pbbs_wordCounts   4930.43%   15.54GiB / 96GiB    16.19%    0B / 0B   660MB / 0B       52
18a50826be2b   x265              3448.46%   2.92GiB / 96GiB     3.04%     0B / 0B   279kB / 2.05MB   117
2025-02-17 05:57:38.688186
CONTAINER ID   NAME              CPU %      MEM USAGE / LIMIT   MEM %     NET I/O   BLOCK I/O        PIDS
04e3289d67f8   pbbs_wordCounts   3173.73%   8.202GiB / 96GiB    8.54%     0B / 0B   660MB / 0B       52
18a50826be2b   x265              3876.18%   2.92GiB / 96GiB     3.04%     0B / 0B   279kB / 2.05MB   117
2025-02-17 05:57:40.699482
CONTAINER ID   NAME              CPU %      MEM USAGE / LIMIT   MEM %     NET I/O   BLOCK I/O        PIDS
04e3289d67f8   pbbs_wordCounts   2945.14%   12.66GiB / 96GiB    13.18%    0B / 0B   660MB / 0B       52
18a50826be2b   x265              4009.90%   2.92GiB / 96GiB     3.04%     0B / 0B   279kB / 2.05MB   117
2025-02-17 05:57:42.710897
CONTAINER ID   NAME              CPU %      MEM USAGE / LIMIT   MEM %     NET I/O   BLOCK I/O        PIDS
04e3289d67f8   pbbs_wordCounts   4920.71%   10.49GiB / 96GiB    10.93%    0B / 0B   660MB / 0B       52
18a50826be2b   x265              3756.80%   2.92GiB / 96GiB     3.04%     0B / 0B   279kB / 2.05MB   117
2025-02-17 05:57:44.722263
CONTAINER ID   NAME              CPU %      MEM USAGE / LIMIT   MEM %     NET I/O   BLOCK I/O        PIDS
04e3289d67f8   pbbs_wordCounts   728.62%    9.344GiB / 96GiB    9.73%     0B / 0B   660MB / 0B       52
18a50826be2b   x265              4525.28%   2.92GiB / 96GiB     3.04%     0B / 0B   279kB / 2.05MB   117
2025-02-17 05:57:46.730584
CONTAINER ID   NAME              CPU %      MEM USAGE / LIMIT   MEM %     NET I/O   BLOCK I/O        PIDS
04e3289d67f8   pbbs_wordCounts   4944.99%   13.67GiB / 96GiB    14.24%    0B / 0B   660MB / 0B       52
18a50826be2b   x265              3778.02%   2.92GiB / 96GiB     3.04%     0B / 0B   279kB / 2.05MB   117
2025-02-17 05:57:48.743194
CONTAINER ID   NAME              CPU %      MEM USAGE / LIMIT   MEM %     NET I/O   BLOCK I/O        PIDS
04e3289d67f8   pbbs_wordCounts   190.50%    5.28GiB / 96GiB     5.50%     0B / 0B   660MB / 0B       5
18a50826be2b   x265              4415.86%   2.92GiB / 96GiB     3.04%     0B / 0B   279kB / 2.05MB   117
2025-02-17 05:57:50.751329
CONTAINER ID   NAME      CPU %      MEM USAGE / LIMIT   MEM %     NET I/O   BLOCK I/O        PIDS
18a50826be2b   x265      4317.37%   2.934GiB / 96GiB    3.06%     0B / 0B   279kB / 2.05MB   117
2025-02-17 05:57:52.758348
CONTAINER ID   NAME      CPU %      MEM USAGE / LIMIT   MEM %     NET I/O   BLOCK I/O        PIDS
18a50826be2b   x265      4351.70%   2.967GiB / 96GiB    3.09%     0B / 0B   279kB / 2.05MB   117
2025-02-17 05:57:54.764078
CONTAINER ID   NAME      CPU %      MEM USAGE / LIMIT   MEM %     NET I/O   BLOCK I/O        PIDS
18a50826be2b   x265      4561.78%   2.979GiB / 96GiB    3.10%     0B / 0B   279kB / 2.05MB   117
2025-02-17 05:57:56.770529
CONTAINER ID   NAME      CPU %      MEM USAGE / LIMIT   MEM %     NET I/O   BLOCK I/O        PIDS
18a50826be2b   x265      4263.37%   2.979GiB / 96GiB    3.10%     0B / 0B   279kB / 2.05MB   115
2025-02-17 05:57:58.775878
CONTAINER ID   NAME      CPU %      MEM USAGE / LIMIT   MEM %     NET I/O   BLOCK I/O        PIDS
18a50826be2b   x265      2831.48%   888.5MiB / 96GiB    0.90%     0B / 0B   279kB / 3.15MB   3
2025-02-17 05:58:00.785916
CONTAINER ID   NAME      CPU %      MEM USAGE / LIMIT   MEM %     NET I/O   BLOCK I/O        PIDS
18a50826be2b   x265      3905.12%   2.232GiB / 96GiB    2.33%     0B / 0B   279kB / 3.15MB   117
2025-02-17 05:58:02.793157
CONTAINER ID   NAME      CPU %      MEM USAGE / LIMIT   MEM %     NET I/O   BLOCK I/O        PIDS
18a50826be2b   x265      4622.18%   2.885GiB / 96GiB    3.01%     0B / 0B   279kB / 3.15MB   117
2025-02-17 05:58:04.799127
CONTAINER ID   NAME      CPU %      MEM USAGE / LIMIT   MEM %     NET I/O   BLOCK I/O        PIDS
18a50826be2b   x265      4653.37%   2.886GiB / 96GiB    3.01%     0B / 0B   279kB / 3.15MB   117
2025-02-17 05:58:06.804963
CONTAINER ID   NAME      CPU %      MEM USAGE / LIMIT   MEM %     NET I/O   BLOCK I/O        PIDS
18a50826be2b   x265      4225.20%   2.886GiB / 96GiB    3.01%     0B / 0B   279kB / 3.15MB   117
2025-02-17 05:58:08.812765
CONTAINER ID   NAME      CPU %      MEM USAGE / LIMIT   MEM %     NET I/O   BLOCK I/O        PIDS
18a50826be2b   x265      4487.32%   2.887GiB / 96GiB    3.01%     0B / 0B   279kB / 3.15MB   117
2025-02-17 05:58:10.817018
CONTAINER ID   NAME      CPU %      MEM USAGE / LIMIT   MEM %     NET I/O   BLOCK I/O        PIDS
18a50826be2b   x265      4167.40%   2.887GiB / 96GiB    3.01%     0B / 0B   279kB / 3.15MB   117
2025-02-17 05:58:12.826102
CONTAINER ID   NAME      CPU %      MEM USAGE / LIMIT   MEM %     NET I/O   BLOCK I/O        PIDS
18a50826be2b   x265      4545.35%   2.886GiB / 96GiB    3.01%     0B / 0B   279kB / 3.15MB   117
2025-02-17 05:58:14.831087
CONTAINER ID   NAME      CPU %      MEM USAGE / LIMIT   MEM %     NET I/O   BLOCK I/O        PIDS
18a50826be2b   x265      4470.58%   2.887GiB / 96GiB    3.01%     0B / 0B   279kB / 3.15MB   117
2025-02-17 05:58:16.834816
CONTAINER ID   NAME      CPU %      MEM USAGE / LIMIT   MEM %     NET I/O   BLOCK I/O        PIDS
18a50826be2b   x265      4700.82%   2.911GiB / 96GiB    3.03%     0B / 0B   279kB / 3.15MB   117
2025-02-17 05:58:18.839705
CONTAINER ID   NAME      CPU %      MEM USAGE / LIMIT   MEM %     NET I/O   BLOCK I/O        PIDS
18a50826be2b   x265      4657.72%   2.912GiB / 96GiB    3.03%     0B / 0B   279kB / 3.15MB   117
2025-02-17 05:58:20.846165
CONTAINER ID   NAME      CPU %      MEM USAGE / LIMIT   MEM %     NET I/O   BLOCK I/O        PIDS
18a50826be2b   x265      4879.52%   2.918GiB / 96GiB    3.04%     0B / 0B   279kB / 3.15MB   117
2025-02-17 05:58:22.853987
CONTAINER ID   NAME      CPU %      MEM USAGE / LIMIT   MEM %     NET I/O   BLOCK I/O        PIDS
18a50826be2b   x265      4086.25%   2.917GiB / 96GiB    3.04%     0B / 0B   279kB / 3.15MB   117
2025-02-17 05:58:24.859892
CONTAINER ID   NAME      CPU %      MEM USAGE / LIMIT   MEM %     NET I/O   BLOCK I/O        PIDS
18a50826be2b   x265      4691.85%   2.916GiB / 96GiB    3.04%     0B / 0B   279kB / 3.15MB   117
2025-02-17 05:58:26.866155
CONTAINER ID   NAME      CPU %      MEM USAGE / LIMIT   MEM %     NET I/O   BLOCK I/O        PIDS
18a50826be2b   x265      4828.65%   2.923GiB / 96GiB    3.05%     0B / 0B   279kB / 3.15MB   117
2025-02-17 05:58:28.871599
CONTAINER ID   NAME      CPU %      MEM USAGE / LIMIT   MEM %     NET I/O   BLOCK I/O        PIDS
18a50826be2b   x265      4703.55%   2.923GiB / 96GiB    3.04%     0B / 0B   279kB / 3.15MB   117
2025-02-17 05:58:30.877049
CONTAINER ID   NAME      CPU %      MEM USAGE / LIMIT   MEM %     NET I/O   BLOCK I/O        PIDS
18a50826be2b   x265      4129.83%   2.923GiB / 96GiB    3.04%     0B / 0B   279kB / 3.15MB   117
2025-02-17 05:58:32.883139
CONTAINER ID   NAME      CPU %      MEM USAGE / LIMIT   MEM %     NET I/O   BLOCK I/O        PIDS
18a50826be2b   x265      4354.81%   2.923GiB / 96GiB    3.04%     0B / 0B   279kB / 3.15MB   117
2025-02-17 05:58:34.888908
CONTAINER ID   NAME      CPU %      MEM USAGE / LIMIT   MEM %     NET I/O   BLOCK I/O        PIDS
18a50826be2b   x265      4115.75%   2.923GiB / 96GiB    3.04%     0B / 0B   279kB / 3.15MB   117
2025-02-17 05:58:36.894735
CONTAINER ID   NAME      CPU %      MEM USAGE / LIMIT   MEM %     NET I/O   BLOCK I/O        PIDS
18a50826be2b   x265      4482.02%   2.923GiB / 96GiB    3.04%     0B / 0B   279kB / 3.15MB   117
2025-02-17 05:58:38.900842
CONTAINER ID   NAME      CPU %      MEM USAGE / LIMIT   MEM %     NET I/O   BLOCK I/O        PIDS
18a50826be2b   x265      4231.56%   2.923GiB / 96GiB    3.04%     0B / 0B   279kB / 3.15MB   117
2025-02-17 05:58:40.904796
CONTAINER ID   NAME      CPU %      MEM USAGE / LIMIT   MEM %     NET I/O   BLOCK I/O        PIDS
18a50826be2b   x265      4648.29%   2.938GiB / 96GiB    3.06%     0B / 0B   279kB / 3.15MB   117
2025-02-17 05:58:42.910225
CONTAINER ID   NAME      CPU %      MEM USAGE / LIMIT   MEM %     NET I/O   BLOCK I/O        PIDS
18a50826be2b   x265      4409.68%   2.959GiB / 96GiB    3.08%     0B / 0B   279kB / 3.15MB   117
2025-02-17 05:58:44.914059
CONTAINER ID   NAME      CPU %      MEM USAGE / LIMIT   MEM %     NET I/O   BLOCK I/O        PIDS
18a50826be2b   x265      2908.45%   2.969GiB / 96GiB    3.09%     0B / 0B   279kB / 3.15MB   117
2025-02-17 05:58:46.920914
CONTAINER ID   NAME      CPU %      MEM USAGE / LIMIT   MEM %     NET I/O   BLOCK I/O        PIDS
18a50826be2b   x265      4375.11%   2.983GiB / 96GiB    3.11%     0B / 0B   279kB / 3.15MB   116
2025-02-17 05:58:48.925949
CONTAINER ID   NAME      CPU %      MEM USAGE / LIMIT   MEM %     NET I/O   BLOCK I/O        PIDS
18a50826be2b   x265      3865.37%   2.984GiB / 96GiB    3.11%     0B / 0B   279kB / 3.15MB   115
2025-02-17 05:58:50.931876
CONTAINER ID   NAME      CPU %      MEM USAGE / LIMIT   MEM %     NET I/O   BLOCK I/O        PIDS
18a50826be2b   x265      1142.29%   914.5MiB / 96GiB    0.93%     0B / 0B   279kB / 4.26MB   117
2025-02-17 05:58:52.942061
CONTAINER ID   NAME      CPU %      MEM USAGE / LIMIT   MEM %     NET I/O   BLOCK I/O        PIDS
18a50826be2b   x265      4577.52%   2.803GiB / 96GiB    2.92%     0B / 0B   279kB / 4.26MB   117
2025-02-17 05:58:54.948763
CONTAINER ID   NAME      CPU %      MEM USAGE / LIMIT   MEM %     NET I/O   BLOCK I/O        PIDS
18a50826be2b   x265      4412.36%   2.889GiB / 96GiB    3.01%     0B / 0B   279kB / 4.26MB   117
2025-02-17 05:58:56.956079
CONTAINER ID   NAME      CPU %      MEM USAGE / LIMIT   MEM %     NET I/O   BLOCK I/O        PIDS
18a50826be2b   x265      4314.43%   2.889GiB / 96GiB    3.01%     0B / 0B   279kB / 4.26MB   117
2025-02-17 05:58:58.963359
CONTAINER ID   NAME      CPU %      MEM USAGE / LIMIT   MEM %     NET I/O   BLOCK I/O        PIDS
18a50826be2b   x265      4279.06%   2.888GiB / 96GiB    3.01%     0B / 0B   279kB / 4.26MB   117
2025-02-17 05:59:00.970144
CONTAINER ID   NAME      CPU %      MEM USAGE / LIMIT   MEM %     NET I/O   BLOCK I/O        PIDS
18a50826be2b   x265      4807.79%   2.89GiB / 96GiB     3.01%     0B / 0B   279kB / 4.26MB   117
2025-02-17 05:59:02.979400
CONTAINER ID   NAME      CPU %      MEM USAGE / LIMIT   MEM %     NET I/O   BLOCK I/O        PIDS
18a50826be2b   x265      4246.96%   2.89GiB / 96GiB     3.01%     0B / 0B   279kB / 4.26MB   117
2025-02-17 05:59:04.982820
CONTAINER ID   NAME      CPU %      MEM USAGE / LIMIT   MEM %     NET I/O   BLOCK I/O        PIDS
18a50826be2b   x265      4696.83%   2.89GiB / 96GiB     3.01%     0B / 0B   279kB / 4.26MB   117
2025-02-17 05:59:06.989056
CONTAINER ID   NAME      CPU %      MEM USAGE / LIMIT   MEM %     NET I/O   BLOCK I/O        PIDS
18a50826be2b   x265      4503.76%   2.904GiB / 96GiB    3.03%     0B / 0B   279kB / 4.26MB   117
2025-02-17 05:59:08.994456
CONTAINER ID   NAME      CPU %      MEM USAGE / LIMIT   MEM %     NET I/O   BLOCK I/O        PIDS
18a50826be2b   x265      3900.56%   2.912GiB / 96GiB    3.03%     0B / 0B   279kB / 4.26MB   117
2025-02-17 05:59:10.999967
CONTAINER ID   NAME      CPU %      MEM USAGE / LIMIT   MEM %     NET I/O   BLOCK I/O        PIDS
18a50826be2b   x265      4384.58%   2.915GiB / 96GiB    3.04%     0B / 0B   279kB / 4.26MB   117
2025-02-17 05:59:13.006127
CONTAINER ID   NAME      CPU %      MEM USAGE / LIMIT   MEM %     NET I/O   BLOCK I/O        PIDS
18a50826be2b   x265      4474.62%   2.917GiB / 96GiB    3.04%     0B / 0B   279kB / 4.26MB   117
2025-02-17 05:59:15.012456
CONTAINER ID   NAME      CPU %      MEM USAGE / LIMIT   MEM %     NET I/O   BLOCK I/O        PIDS
18a50826be2b   x265      4454.43%   2.917GiB / 96GiB    3.04%     0B / 0B   279kB / 4.26MB   117
2025-02-17 05:59:17.017986
CONTAINER ID   NAME      CPU %      MEM USAGE / LIMIT   MEM %     NET I/O   BLOCK I/O        PIDS
18a50826be2b   x265      4646.05%   2.917GiB / 96GiB    3.04%     0B / 0B   279kB / 4.26MB   117
2025-02-17 05:59:19.022455
CONTAINER ID   NAME      CPU %      MEM USAGE / LIMIT   MEM %     NET I/O   BLOCK I/O        PIDS
18a50826be2b   x265      4344.06%   2.921GiB / 96GiB    3.04%     0B / 0B   279kB / 4.26MB   117
2025-02-17 05:59:21.028380
CONTAINER ID   NAME      CPU %      MEM USAGE / LIMIT   MEM %     NET I/O   BLOCK I/O        PIDS
18a50826be2b   x265      4405.03%   2.921GiB / 96GiB    3.04%     0B / 0B   279kB / 4.26MB   117
2025-02-17 05:59:23.033506
CONTAINER ID   NAME      CPU %      MEM USAGE / LIMIT   MEM %     NET I/O   BLOCK I/O        PIDS
18a50826be2b   x265      4511.07%   2.921GiB / 96GiB    3.04%     0B / 0B   279kB / 4.26MB   117
2025-02-17 05:59:25.038522
CONTAINER ID   NAME      CPU %      MEM USAGE / LIMIT   MEM %     NET I/O   BLOCK I/O        PIDS
18a50826be2b   x265      4569.81%   2.921GiB / 96GiB    3.04%     0B / 0B   279kB / 4.26MB   117
2025-02-17 05:59:27.044385
CONTAINER ID   NAME      CPU %      MEM USAGE / LIMIT   MEM %     NET I/O   BLOCK I/O        PIDS
18a50826be2b   x265      4497.89%   2.921GiB / 96GiB    3.04%     0B / 0B   279kB / 4.26MB   117
2025-02-17 05:59:29.050499
CONTAINER ID   NAME      CPU %      MEM USAGE / LIMIT   MEM %     NET I/O   BLOCK I/O        PIDS
18a50826be2b   x265      4404.55%   2.921GiB / 96GiB    3.04%     0B / 0B   279kB / 4.26MB   117
2025-02-17 05:59:31.058154
CONTAINER ID   NAME      CPU %      MEM USAGE / LIMIT   MEM %     NET I/O   BLOCK I/O        PIDS
18a50826be2b   x265      4612.96%   2.933GiB / 96GiB    3.06%     0B / 0B   279kB / 4.26MB   117
2025-02-17 05:59:33.064214
CONTAINER ID   NAME      CPU %      MEM USAGE / LIMIT   MEM %     NET I/O   BLOCK I/O        PIDS
18a50826be2b   x265      3398.57%   2.954GiB / 96GiB    3.08%     0B / 0B   279kB / 4.26MB   117
2025-02-17 05:59:35.070828
CONTAINER ID   NAME      CPU %      MEM USAGE / LIMIT   MEM %     NET I/O   BLOCK I/O        PIDS
18a50826be2b   x265      4658.14%   2.983GiB / 96GiB    3.11%     0B / 0B   279kB / 4.26MB   117
2025-02-17 05:59:37.076709
CONTAINER ID   NAME      CPU %      MEM USAGE / LIMIT   MEM %     NET I/O   BLOCK I/O        PIDS
18a50826be2b   x265      4660.80%   2.993GiB / 96GiB    3.12%     0B / 0B   279kB / 4.26MB   116
2025-02-17 05:59:39.084047
CONTAINER ID   NAME      CPU %      MEM USAGE / LIMIT   MEM %     NET I/O   BLOCK I/O        PIDS
18a50826be2b   x265      4174.81%   2.993GiB / 96GiB    3.12%     0B / 0B   279kB / 4.26MB   115
2025-02-17 05:59:41.089004
CONTAINER ID   NAME      CPU %     MEM USAGE / LIMIT   MEM %     NET I/O   BLOCK I/O        PIDS
18a50826be2b   x265      24.27%    3.715MiB / 96GiB    0.00%     0B / 0B   279kB / 5.09MB   1
2025-02-17 05:59:43.095763
CONTAINER ID   NAME      CPU %     MEM USAGE / LIMIT   MEM %     NET I/O   BLOCK I/O        PIDS
18a50826be2b   x265      0.00%     3.473MiB / 96GiB    0.00%     0B / 0B   279kB / 5.09MB   1
2025-02-17 05:59:45.102666
CONTAINER ID   NAME      CPU %     MEM USAGE / LIMIT   MEM %     NET I/O   BLOCK I/O        PIDS
18a50826be2b   x265      0.00%     3.352MiB / 96GiB    0.00%     0B / 0B   279kB / 5.09MB   1
2025-02-17 05:59:47.108788
CONTAINER ID   NAME      CPU %     MEM USAGE / LIMIT   MEM %     NET I/O   BLOCK I/O        PIDS
18a50826be2b   x265      0.00%     3.352MiB / 96GiB    0.00%     0B / 0B   279kB / 5.09MB   1
2025-02-17 05:59:49.114753
CONTAINER ID   NAME      CPU %     MEM USAGE / LIMIT   MEM %     NET I/O   BLOCK I/O        PIDS
18a50826be2b   x265      0.00%     3.352MiB / 96GiB    0.00%     0B / 0B   279kB / 5.09MB   1
2025-02-17 05:59:51.119925
CONTAINER ID   NAME      CPU %     MEM USAGE / LIMIT   MEM %     NET I/O   BLOCK I/O   PIDS
