2024-11-15 00:31:37.197975
CONTAINER ID   NAME      CPU %     MEM USAGE / LIMIT   MEM %     NET I/O   BLOCK I/O   PIDS
2024-11-15 00:31:37.832955
CONTAINER ID   NAME      CPU %     MEM USAGE / LIMIT   MEM %     NET I/O   BLOCK I/O   PIDS
2024-11-15 00:31:38.468118
CONTAINER ID   NAME      CPU %     MEM USAGE / LIMIT   MEM %     NET I/O   BLOCK I/O   PIDS
2024-11-15 00:31:39.105125
CONTAINER ID   NAME      CPU %     MEM USAGE / LIMIT   MEM %     NET I/O   BLOCK I/O   PIDS
2024-11-15 00:31:39.740768
CONTAINER ID   NAME      CPU %     MEM USAGE / LIMIT   MEM %     NET I/O   BLOCK I/O   PIDS
2024-11-15 00:31:40.374327
CONTAINER ID   NAME      CPU %     MEM USAGE / LIMIT   MEM %     NET I/O   BLOCK I/O   PIDS
2024-11-15 00:31:41.007568
CONTAINER ID   NAME      CPU %     MEM USAGE / LIMIT   MEM %     NET I/O   BLOCK I/O   PIDS
2024-11-15 00:31:41.641794
CONTAINER ID   NAME      CPU %     MEM USAGE / LIMIT   MEM %     NET I/O   BLOCK I/O   PIDS
2024-11-15 00:31:42.274890
CONTAINER ID   NAME      CPU %     MEM USAGE / LIMIT   MEM %     NET I/O   BLOCK I/O   PIDS
2024-11-15 00:31:42.908451
CONTAINER ID   NAME      CPU %     MEM USAGE / LIMIT   MEM %     NET I/O   BLOCK I/O   PIDS
2024-11-15 00:31:43.540147
CONTAINER ID   NAME      CPU %     MEM USAGE / LIMIT   MEM %     NET I/O   BLOCK I/O   PIDS
2024-11-15 00:31:44.173673
CONTAINER ID   NAME      CPU %     MEM USAGE / LIMIT   MEM %     NET I/O   BLOCK I/O   PIDS
2024-11-15 00:31:44.805410
CONTAINER ID   NAME      CPU %     MEM USAGE / LIMIT   MEM %     NET I/O   BLOCK I/O   PIDS
2024-11-15 00:31:45.438764
CONTAINER ID   NAME      CPU %     MEM USAGE / LIMIT   MEM %     NET I/O   BLOCK I/O   PIDS
2024-11-15 00:31:46.071289
CONTAINER ID   NAME      CPU %     MEM USAGE / LIMIT   MEM %     NET I/O   BLOCK I/O   PIDS
2024-11-15 00:31:46.703655
CONTAINER ID   NAME      CPU %     MEM USAGE / LIMIT   MEM %     NET I/O   BLOCK I/O   PIDS
2024-11-15 00:31:47.337167
CONTAINER ID   NAME      CPU %     MEM USAGE / LIMIT   MEM %     NET I/O   BLOCK I/O   PIDS
2024-11-15 00:31:47.968787
CONTAINER ID   NAME      CPU %     MEM USAGE / LIMIT   MEM %     NET I/O   BLOCK I/O   PIDS
2024-11-15 00:31:48.601770
CONTAINER ID   NAME      CPU %     MEM USAGE / LIMIT   MEM %     NET I/O   BLOCK I/O   PIDS
2024-11-15 00:31:49.233624
CONTAINER ID   NAME      CPU %     MEM USAGE / LIMIT   MEM %     NET I/O   BLOCK I/O   PIDS
2024-11-15 00:31:49.867068
CONTAINER ID   NAME      CPU %     MEM USAGE / LIMIT   MEM %     NET I/O   BLOCK I/O   PIDS
2024-11-15 00:31:50.499007
CONTAINER ID   NAME      CPU %     MEM USAGE / LIMIT   MEM %     NET I/O   BLOCK I/O   PIDS
2024-11-15 00:31:51.131445
CONTAINER ID   NAME      CPU %     MEM USAGE / LIMIT   MEM %     NET I/O   BLOCK I/O   PIDS
2024-11-15 00:31:51.764810
CONTAINER ID   NAME      CPU %     MEM USAGE / LIMIT   MEM %     NET I/O   BLOCK I/O   PIDS
2024-11-15 00:31:52.397002
CONTAINER ID   NAME      CPU %     MEM USAGE / LIMIT   MEM %     NET I/O   BLOCK I/O   PIDS
2024-11-15 00:31:53.030381
CONTAINER ID   NAME      CPU %     MEM USAGE / LIMIT   MEM %     NET I/O   BLOCK I/O   PIDS
2024-11-15 00:31:53.663059
CONTAINER ID   NAME      CPU %     MEM USAGE / LIMIT   MEM %     NET I/O   BLOCK I/O   PIDS
2024-11-15 00:31:54.295585
CONTAINER ID   NAME      CPU %     MEM USAGE / LIMIT   MEM %     NET I/O   BLOCK I/O   PIDS
2024-11-15 00:31:54.928299
CONTAINER ID   NAME      CPU %     MEM USAGE / LIMIT   MEM %     NET I/O   BLOCK I/O   PIDS
2024-11-15 00:31:55.561776
CONTAINER ID   NAME      CPU %     MEM USAGE / LIMIT   MEM %     NET I/O   BLOCK I/O   PIDS
2024-11-15 00:31:56.195365
CONTAINER ID   NAME      CPU %     MEM USAGE / LIMIT   MEM %     NET I/O   BLOCK I/O   PIDS
2024-11-15 00:31:56.827684
CONTAINER ID   NAME      CPU %     MEM USAGE / LIMIT   MEM %     NET I/O   BLOCK I/O   PIDS
2024-11-15 00:31:57.460534
CONTAINER ID   NAME                      CPU %     MEM USAGE / LIMIT   MEM %     NET I/O   BLOCK I/O     PIDS
8b7bacefc5a8   pbbs_nearestNeighbors_1   100.27%   301.3MiB / 96GiB    0.31%     0B / 0B   17.9MB / 0B   5
e6302c2ae9cf   pbbs_nearestNeighbors     81.24%    143.8MiB / 96GiB    0.15%     0B / 0B   18.5MB / 0B   5
2024-11-15 00:32:00.115655
CONTAINER ID   NAME                      CPU %     MEM USAGE / LIMIT   MEM %     NET I/O   BLOCK I/O     PIDS
8b7bacefc5a8   pbbs_nearestNeighbors_1   99.89%    396MiB / 96GiB      0.40%     0B / 0B   17.9MB / 0B   5
e6302c2ae9cf   pbbs_nearestNeighbors     99.86%    396.6MiB / 96GiB    0.40%     0B / 0B   18.5MB / 0B   5
2024-11-15 00:32:02.128977
CONTAINER ID   NAME                      CPU %     MEM USAGE / LIMIT   MEM %     NET I/O   BLOCK I/O     PIDS
8b7bacefc5a8   pbbs_nearestNeighbors_1   100.28%   650.3MiB / 96GiB    0.66%     0B / 0B   18.8MB / 0B   5
e6302c2ae9cf   pbbs_nearestNeighbors     100.11%   650.9MiB / 96GiB    0.66%     0B / 0B   19.5MB / 0B   5
2024-11-15 00:32:04.144401
CONTAINER ID   NAME                      CPU %     MEM USAGE / LIMIT   MEM %     NET I/O   BLOCK I/O     PIDS
8b7bacefc5a8   pbbs_nearestNeighbors_1   100.10%   694.5MiB / 96GiB    0.71%     0B / 0B   19.7MB / 0B   5
e6302c2ae9cf   pbbs_nearestNeighbors     100.13%   668.6MiB / 96GiB    0.68%     0B / 0B   19.5MB / 0B   5
2024-11-15 00:32:06.159217
CONTAINER ID   NAME                      CPU %     MEM USAGE / LIMIT   MEM %     NET I/O   BLOCK I/O     PIDS
8b7bacefc5a8   pbbs_nearestNeighbors_1   100.01%   738.7MiB / 96GiB    0.75%     0B / 0B   19.7MB / 0B   5
e6302c2ae9cf   pbbs_nearestNeighbors     99.77%    719.5MiB / 96GiB    0.73%     0B / 0B   19.5MB / 0B   5
2024-11-15 00:32:08.174591
CONTAINER ID   NAME                      CPU %     MEM USAGE / LIMIT   MEM %     NET I/O   BLOCK I/O     PIDS
8b7bacefc5a8   pbbs_nearestNeighbors_1   99.53%    789.1MiB / 96GiB    0.80%     0B / 0B   27.6MB / 0B   5
e6302c2ae9cf   pbbs_nearestNeighbors     99.70%    764.7MiB / 96GiB    0.78%     0B / 0B   19.5MB / 0B   5
2024-11-15 00:32:10.189752
CONTAINER ID   NAME                      CPU %     MEM USAGE / LIMIT   MEM %     NET I/O   BLOCK I/O     PIDS
8b7bacefc5a8   pbbs_nearestNeighbors_1   98.62%    826.6MiB / 96GiB    0.84%     0B / 0B   27.8MB / 0B   5
e6302c2ae9cf   pbbs_nearestNeighbors     99.01%    807.4MiB / 96GiB    0.82%     0B / 0B   19.5MB / 0B   5
2024-11-15 00:32:12.204408
CONTAINER ID   NAME                      CPU %     MEM USAGE / LIMIT   MEM %     NET I/O   BLOCK I/O     PIDS
8b7bacefc5a8   pbbs_nearestNeighbors_1   100.03%   866.8MiB / 96GiB    0.88%     0B / 0B   27.8MB / 0B   5
e6302c2ae9cf   pbbs_nearestNeighbors     100.12%   846.4MiB / 96GiB    0.86%     0B / 0B   19.5MB / 0B   5
2024-11-15 00:32:14.223457
CONTAINER ID   NAME                      CPU %     MEM USAGE / LIMIT   MEM %     NET I/O   BLOCK I/O     PIDS
8b7bacefc5a8   pbbs_nearestNeighbors_1   99.62%    907.5MiB / 96GiB    0.92%     0B / 0B   27.8MB / 0B   5
e6302c2ae9cf   pbbs_nearestNeighbors     99.80%    883.5MiB / 96GiB    0.90%     0B / 0B   19.5MB / 0B   5
2024-11-15 00:32:16.238411
CONTAINER ID   NAME                      CPU %     MEM USAGE / LIMIT   MEM %     NET I/O   BLOCK I/O     PIDS
8b7bacefc5a8   pbbs_nearestNeighbors_1   99.74%    959.9MiB / 96GiB    0.98%     0B / 0B   27.8MB / 0B   5
e6302c2ae9cf   pbbs_nearestNeighbors     99.80%    926.8MiB / 96GiB    0.94%     0B / 0B   19.5MB / 0B   5
2024-11-15 00:32:18.251135
CONTAINER ID   NAME                      CPU %     MEM USAGE / LIMIT   MEM %     NET I/O   BLOCK I/O     PIDS
8b7bacefc5a8   pbbs_nearestNeighbors_1   100.20%   1018MiB / 96GiB     1.04%     0B / 0B   27.8MB / 0B   5
e6302c2ae9cf   pbbs_nearestNeighbors     100.19%   979MiB / 96GiB      1.00%     0B / 0B   19.5MB / 0B   5
2024-11-15 00:32:20.266083
CONTAINER ID   NAME                      CPU %     MEM USAGE / LIMIT   MEM %     NET I/O   BLOCK I/O     PIDS
8b7bacefc5a8   pbbs_nearestNeighbors_1   100.43%   1.063GiB / 96GiB    1.11%     0B / 0B   27.8MB / 0B   5
e6302c2ae9cf   pbbs_nearestNeighbors     100.14%   1.028GiB / 96GiB    1.07%     0B / 0B   19.5MB / 0B   5
2024-11-15 00:32:22.278948
CONTAINER ID   NAME                      CPU %     MEM USAGE / LIMIT   MEM %     NET I/O   BLOCK I/O     PIDS
8b7bacefc5a8   pbbs_nearestNeighbors_1   100.02%   1.045GiB / 96GiB    1.09%     0B / 0B   27.9MB / 0B   5
e6302c2ae9cf   pbbs_nearestNeighbors     100.19%   1.045GiB / 96GiB    1.09%     0B / 0B   19.5MB / 0B   5
2024-11-15 00:32:24.294446
CONTAINER ID   NAME                      CPU %     MEM USAGE / LIMIT   MEM %     NET I/O   BLOCK I/O     PIDS
8b7bacefc5a8   pbbs_nearestNeighbors_1   100.24%   1.047GiB / 96GiB    1.09%     0B / 0B   27.9MB / 0B   5
e6302c2ae9cf   pbbs_nearestNeighbors     100.31%   1.046GiB / 96GiB    1.09%     0B / 0B   19.5MB / 0B   5
2024-11-15 00:32:26.307842
CONTAINER ID   NAME                      CPU %     MEM USAGE / LIMIT   MEM %     NET I/O   BLOCK I/O         PIDS
8b7bacefc5a8   pbbs_nearestNeighbors_1   82.84%    129.2MiB / 96GiB    0.13%     0B / 0B   30.1MB / 79.4MB   5
e6302c2ae9cf   pbbs_nearestNeighbors     100.20%   1.048GiB / 96GiB    1.09%     0B / 0B   19.5MB / 0B       5
2024-11-15 00:32:28.320607
CONTAINER ID   NAME                      CPU %     MEM USAGE / LIMIT   MEM %     NET I/O   BLOCK I/O         PIDS
8b7bacefc5a8   pbbs_nearestNeighbors_1   90.30%    360.6MiB / 96GiB    0.37%     0B / 0B   32.7MB / 121MB    6
e6302c2ae9cf   pbbs_nearestNeighbors     98.31%    220.7MiB / 96GiB    0.22%     0B / 0B   19.5MB / 74.1MB   5
2024-11-15 00:32:30.334955
CONTAINER ID   NAME                      CPU %     MEM USAGE / LIMIT   MEM %     NET I/O   BLOCK I/O        PIDS
8b7bacefc5a8   pbbs_nearestNeighbors_1   99.85%    323.5MiB / 96GiB    0.33%     0B / 0B   33.6MB / 121MB   7
e6302c2ae9cf   pbbs_nearestNeighbors     91.87%    66.82MiB / 96GiB    0.07%     0B / 0B   19.5MB / 115MB   7
2024-11-15 00:32:32.348249
CONTAINER ID   NAME                      CPU %     MEM USAGE / LIMIT   MEM %     NET I/O   BLOCK I/O        PIDS
8b7bacefc5a8   pbbs_nearestNeighbors_1   99.46%    391.7MiB / 96GiB    0.40%     0B / 0B   33.6MB / 121MB   7
e6302c2ae9cf   pbbs_nearestNeighbors     99.55%    319.7MiB / 96GiB    0.33%     0B / 0B   19.5MB / 115MB   7
2024-11-15 00:32:34.360600
CONTAINER ID   NAME                      CPU %     MEM USAGE / LIMIT   MEM %     NET I/O   BLOCK I/O        PIDS
8b7bacefc5a8   pbbs_nearestNeighbors_1   99.43%    438.7MiB / 96GiB    0.45%     0B / 0B   33.6MB / 121MB   7
e6302c2ae9cf   pbbs_nearestNeighbors     99.57%    389.8MiB / 96GiB    0.40%     0B / 0B   19.5MB / 115MB   7
2024-11-15 00:32:36.373635
CONTAINER ID   NAME                      CPU %     MEM USAGE / LIMIT   MEM %     NET I/O   BLOCK I/O        PIDS
8b7bacefc5a8   pbbs_nearestNeighbors_1   95.30%    54.24MiB / 96GiB    0.06%     0B / 0B   33.6MB / 141MB   7
e6302c2ae9cf   pbbs_nearestNeighbors     100.21%   437.6MiB / 96GiB    0.45%     0B / 0B   19.5MB / 115MB   7
2024-11-15 00:32:38.386413
CONTAINER ID   NAME                      CPU %     MEM USAGE / LIMIT   MEM %     NET I/O   BLOCK I/O        PIDS
8b7bacefc5a8   pbbs_nearestNeighbors_1   31.15%    2.636GiB / 96GiB    2.75%     0B / 0B   604MB / 141MB    52
e6302c2ae9cf   pbbs_nearestNeighbors     94.06%    98.55MiB / 96GiB    0.10%     0B / 0B   19.5MB / 136MB   7
2024-11-15 00:32:40.399403
CONTAINER ID   NAME                      CPU %     MEM USAGE / LIMIT   MEM %     NET I/O   BLOCK I/O       PIDS
8b7bacefc5a8   pbbs_nearestNeighbors_1   34.47%    3.655GiB / 96GiB    3.81%     0B / 0B   1.3GB / 141MB   52
e6302c2ae9cf   pbbs_nearestNeighbors     33.95%    2.805GiB / 96GiB    2.92%     0B / 0B   239MB / 136MB   52
2024-11-15 00:32:42.416259
CONTAINER ID   NAME                      CPU %     MEM USAGE / LIMIT   MEM %     NET I/O   BLOCK I/O        PIDS
8b7bacefc5a8   pbbs_nearestNeighbors_1   31.01%    3.934GiB / 96GiB    4.10%     0B / 0B   1.63GB / 141MB   52
e6302c2ae9cf   pbbs_nearestNeighbors     30.74%    3.106GiB / 96GiB    3.23%     0B / 0B   603MB / 136MB    52
2024-11-15 00:32:44.429533
CONTAINER ID   NAME                      CPU %      MEM USAGE / LIMIT   MEM %     NET I/O   BLOCK I/O        PIDS
8b7bacefc5a8   pbbs_nearestNeighbors_1   2057.81%   6.155GiB / 96GiB    6.41%     0B / 0B   1.93GB / 141MB   52
e6302c2ae9cf   pbbs_nearestNeighbors     2039.02%   5.264GiB / 96GiB    5.48%     0B / 0B   899MB / 136MB    52
2024-11-15 00:32:46.444511
CONTAINER ID   NAME                      CPU %      MEM USAGE / LIMIT   MEM %     NET I/O   BLOCK I/O        PIDS
8b7bacefc5a8   pbbs_nearestNeighbors_1   4765.21%   27.63GiB / 96GiB    28.79%    0B / 0B   1.93GB / 141MB   52
e6302c2ae9cf   pbbs_nearestNeighbors     4782.24%   16.87GiB / 96GiB    17.57%    0B / 0B   899MB / 136MB    52
2024-11-15 00:32:49.670783
CONTAINER ID   NAME                      CPU %      MEM USAGE / LIMIT   MEM %     NET I/O   BLOCK I/O        PIDS
8b7bacefc5a8   pbbs_nearestNeighbors_1   4785.26%   46.75GiB / 96GiB    48.70%    0B / 0B   1.93GB / 141MB   52
e6302c2ae9cf   pbbs_nearestNeighbors     4781.23%   44.83GiB / 96GiB    46.70%    0B / 0B   899MB / 136MB    52
2024-11-15 00:32:51.683286
CONTAINER ID   NAME                      CPU %      MEM USAGE / LIMIT   MEM %     NET I/O   BLOCK I/O        PIDS
8b7bacefc5a8   pbbs_nearestNeighbors_1   3924.86%   53.93GiB / 96GiB    56.17%    0B / 0B   1.93GB / 141MB   52
e6302c2ae9cf   pbbs_nearestNeighbors     4093.48%   53.09GiB / 96GiB    55.31%    0B / 0B   899MB / 136MB    52
2024-11-15 00:32:53.694676
CONTAINER ID   NAME                      CPU %      MEM USAGE / LIMIT   MEM %     NET I/O   BLOCK I/O        PIDS
8b7bacefc5a8   pbbs_nearestNeighbors_1   4790.85%   53.93GiB / 96GiB    56.17%    0B / 0B   1.93GB / 141MB   52
e6302c2ae9cf   pbbs_nearestNeighbors     4805.92%   53.09GiB / 96GiB    55.31%    0B / 0B   899MB / 136MB    52
2024-11-15 00:32:55.708695
CONTAINER ID   NAME                      CPU %      MEM USAGE / LIMIT   MEM %     NET I/O   BLOCK I/O        PIDS
8b7bacefc5a8   pbbs_nearestNeighbors_1   4788.36%   53.93GiB / 96GiB    56.18%    0B / 0B   1.93GB / 141MB   52
e6302c2ae9cf   pbbs_nearestNeighbors     4787.85%   53.09GiB / 96GiB    55.31%    0B / 0B   899MB / 136MB    52
2024-11-15 00:32:59.107688
CONTAINER ID   NAME                      CPU %      MEM USAGE / LIMIT   MEM %     NET I/O   BLOCK I/O        PIDS
8b7bacefc5a8   pbbs_nearestNeighbors_1   4779.94%   53.93GiB / 96GiB    56.18%    0B / 0B   1.93GB / 141MB   52
e6302c2ae9cf   pbbs_nearestNeighbors     4781.12%   53.1GiB / 96GiB     55.31%    0B / 0B   899MB / 136MB    52
2024-11-15 00:33:01.118235
CONTAINER ID   NAME                      CPU %     MEM USAGE / LIMIT   MEM %     NET I/O   BLOCK I/O        PIDS
8b7bacefc5a8   pbbs_nearestNeighbors_1   0.00%     53.93GiB / 96GiB    56.17%    0B / 0B   1.93GB / 141MB   52
e6302c2ae9cf   pbbs_nearestNeighbors     0.00%     53.09GiB / 96GiB    55.31%    0B / 0B   899MB / 136MB    52
2024-11-15 00:33:03.134597
CONTAINER ID   NAME                      CPU %     MEM USAGE / LIMIT   MEM %     NET I/O   BLOCK I/O        PIDS
8b7bacefc5a8   pbbs_nearestNeighbors_1   0.00%     53.93GiB / 96GiB    56.17%    0B / 0B   1.93GB / 141MB   52
e6302c2ae9cf   pbbs_nearestNeighbors     0.00%     53.09GiB / 96GiB    55.31%    0B / 0B   899MB / 136MB    52
2024-11-15 00:33:05.146162
CONTAINER ID   NAME                      CPU %     MEM USAGE / LIMIT   MEM %     NET I/O   BLOCK I/O        PIDS
8b7bacefc5a8   pbbs_nearestNeighbors_1   0.00%     53.93GiB / 96GiB    56.17%    0B / 0B   1.93GB / 141MB   52
e6302c2ae9cf   pbbs_nearestNeighbors     0.00%     53.09GiB / 96GiB    55.31%    0B / 0B   899MB / 136MB    52
2024-11-15 00:33:07.158224
CONTAINER ID   NAME                      CPU %     MEM USAGE / LIMIT   MEM %     NET I/O   BLOCK I/O        PIDS
8b7bacefc5a8   pbbs_nearestNeighbors_1   0.00%     53.93GiB / 96GiB    56.17%    0B / 0B   1.93GB / 141MB   52
e6302c2ae9cf   pbbs_nearestNeighbors     0.00%     53.09GiB / 96GiB    55.31%    0B / 0B   899MB / 136MB    52
2024-11-15 00:33:09.169092
CONTAINER ID   NAME                      CPU %     MEM USAGE / LIMIT   MEM %     NET I/O   BLOCK I/O        PIDS
8b7bacefc5a8   pbbs_nearestNeighbors_1   0.00%     53.93GiB / 96GiB    56.17%    0B / 0B   1.93GB / 141MB   52
e6302c2ae9cf   pbbs_nearestNeighbors     0.00%     53.09GiB / 96GiB    55.31%    0B / 0B   899MB / 136MB    52
2024-11-15 00:33:11.182082
CONTAINER ID   NAME                      CPU %     MEM USAGE / LIMIT   MEM %     NET I/O   BLOCK I/O        PIDS
8b7bacefc5a8   pbbs_nearestNeighbors_1   0.00%     53.93GiB / 96GiB    56.17%    0B / 0B   1.93GB / 141MB   52
e6302c2ae9cf   pbbs_nearestNeighbors     0.00%     53.09GiB / 96GiB    55.31%    0B / 0B   899MB / 136MB    52
2024-11-15 00:33:13.194002
CONTAINER ID   NAME                      CPU %     MEM USAGE / LIMIT   MEM %     NET I/O   BLOCK I/O        PIDS
8b7bacefc5a8   pbbs_nearestNeighbors_1   0.00%     53.93GiB / 96GiB    56.17%    0B / 0B   1.93GB / 141MB   52
e6302c2ae9cf   pbbs_nearestNeighbors     0.00%     53.09GiB / 96GiB    55.31%    0B / 0B   899MB / 136MB    52
2024-11-15 00:33:15.206007
CONTAINER ID   NAME                      CPU %     MEM USAGE / LIMIT   MEM %     NET I/O   BLOCK I/O        PIDS
8b7bacefc5a8   pbbs_nearestNeighbors_1   0.00%     53.93GiB / 96GiB    56.17%    0B / 0B   1.93GB / 141MB   52
e6302c2ae9cf   pbbs_nearestNeighbors     0.00%     53.09GiB / 96GiB    55.31%    0B / 0B   899MB / 136MB    52
2024-11-15 00:33:17.219337
CONTAINER ID   NAME                      CPU %     MEM USAGE / LIMIT   MEM %     NET I/O   BLOCK I/O        PIDS
8b7bacefc5a8   pbbs_nearestNeighbors_1   0.00%     53.93GiB / 96GiB    56.17%    0B / 0B   1.93GB / 141MB   52
e6302c2ae9cf   pbbs_nearestNeighbors     0.00%     53.09GiB / 96GiB    55.31%    0B / 0B   899MB / 136MB    52
2024-11-15 00:33:19.232667
CONTAINER ID   NAME                      CPU %     MEM USAGE / LIMIT   MEM %     NET I/O   BLOCK I/O        PIDS
8b7bacefc5a8   pbbs_nearestNeighbors_1   0.00%     53.93GiB / 96GiB    56.17%    0B / 0B   1.93GB / 141MB   52
e6302c2ae9cf   pbbs_nearestNeighbors     0.00%     53.09GiB / 96GiB    55.31%    0B / 0B   899MB / 136MB    52
2024-11-15 00:33:21.243158
CONTAINER ID   NAME                      CPU %     MEM USAGE / LIMIT   MEM %     NET I/O   BLOCK I/O        PIDS
8b7bacefc5a8   pbbs_nearestNeighbors_1   0.00%     53.93GiB / 96GiB    56.17%    0B / 0B   1.93GB / 141MB   52
e6302c2ae9cf   pbbs_nearestNeighbors     0.00%     53.09GiB / 96GiB    55.31%    0B / 0B   899MB / 136MB    52
2024-11-15 00:33:23.257328
CONTAINER ID   NAME                      CPU %     MEM USAGE / LIMIT   MEM %     NET I/O   BLOCK I/O        PIDS
8b7bacefc5a8   pbbs_nearestNeighbors_1   0.00%     53.93GiB / 96GiB    56.17%    0B / 0B   1.93GB / 141MB   52
e6302c2ae9cf   pbbs_nearestNeighbors     0.00%     53.09GiB / 96GiB    55.31%    0B / 0B   899MB / 136MB    52
2024-11-15 00:33:25.269402
CONTAINER ID   NAME                      CPU %     MEM USAGE / LIMIT   MEM %     NET I/O   BLOCK I/O        PIDS
8b7bacefc5a8   pbbs_nearestNeighbors_1   0.00%     53.93GiB / 96GiB    56.17%    0B / 0B   1.93GB / 141MB   52
e6302c2ae9cf   pbbs_nearestNeighbors     0.00%     53.09GiB / 96GiB    55.31%    0B / 0B   899MB / 136MB    52
2024-11-15 00:33:27.284078
CONTAINER ID   NAME                      CPU %     MEM USAGE / LIMIT   MEM %     NET I/O   BLOCK I/O        PIDS
8b7bacefc5a8   pbbs_nearestNeighbors_1   0.00%     53.93GiB / 96GiB    56.17%    0B / 0B   1.93GB / 141MB   52
e6302c2ae9cf   pbbs_nearestNeighbors     0.00%     53.09GiB / 96GiB    55.31%    0B / 0B   899MB / 136MB    52
2024-11-15 00:33:29.295774
CONTAINER ID   NAME                      CPU %     MEM USAGE / LIMIT   MEM %     NET I/O   BLOCK I/O        PIDS
8b7bacefc5a8   pbbs_nearestNeighbors_1   0.00%     53.93GiB / 96GiB    56.17%    0B / 0B   1.93GB / 141MB   52
e6302c2ae9cf   pbbs_nearestNeighbors     0.00%     53.09GiB / 96GiB    55.31%    0B / 0B   899MB / 136MB    52
2024-11-15 00:33:31.306862
CONTAINER ID   NAME                      CPU %     MEM USAGE / LIMIT   MEM %     NET I/O   BLOCK I/O        PIDS
8b7bacefc5a8   pbbs_nearestNeighbors_1   0.00%     53.93GiB / 96GiB    56.17%    0B / 0B   1.93GB / 141MB   52
e6302c2ae9cf   pbbs_nearestNeighbors     0.00%     53.09GiB / 96GiB    55.31%    0B / 0B   899MB / 136MB    52
2024-11-15 00:33:33.319157
CONTAINER ID   NAME                      CPU %     MEM USAGE / LIMIT   MEM %     NET I/O   BLOCK I/O        PIDS
8b7bacefc5a8   pbbs_nearestNeighbors_1   0.00%     53.93GiB / 96GiB    56.17%    0B / 0B   1.93GB / 141MB   52
e6302c2ae9cf   pbbs_nearestNeighbors     0.00%     53.09GiB / 96GiB    55.31%    0B / 0B   899MB / 136MB    52
2024-11-15 00:33:35.331682
CONTAINER ID   NAME                      CPU %     MEM USAGE / LIMIT   MEM %     NET I/O   BLOCK I/O        PIDS
8b7bacefc5a8   pbbs_nearestNeighbors_1   0.00%     53.93GiB / 96GiB    56.17%    0B / 0B   1.93GB / 141MB   52
e6302c2ae9cf   pbbs_nearestNeighbors     0.00%     53.09GiB / 96GiB    55.31%    0B / 0B   899MB / 136MB    52
2024-11-15 00:33:37.344598
CONTAINER ID   NAME                      CPU %      MEM USAGE / LIMIT   MEM %     NET I/O   BLOCK I/O        PIDS
8b7bacefc5a8   pbbs_nearestNeighbors_1   4809.23%   53.94GiB / 96GiB    56.19%    0B / 0B   1.93GB / 141MB   52
e6302c2ae9cf   pbbs_nearestNeighbors     4782.52%   53.11GiB / 96GiB    55.32%    0B / 0B   899MB / 136MB    52
2024-11-15 00:33:39.354410
CONTAINER ID   NAME                      CPU %      MEM USAGE / LIMIT   MEM %     NET I/O   BLOCK I/O        PIDS
8b7bacefc5a8   pbbs_nearestNeighbors_1   4788.60%   53.94GiB / 96GiB    56.19%    0B / 0B   1.93GB / 141MB   52
e6302c2ae9cf   pbbs_nearestNeighbors     4784.81%   53.11GiB / 96GiB    55.32%    0B / 0B   899MB / 136MB    52
2024-11-15 00:33:42.724812
CONTAINER ID   NAME                      CPU %      MEM USAGE / LIMIT   MEM %     NET I/O   BLOCK I/O        PIDS
8b7bacefc5a8   pbbs_nearestNeighbors_1   4768.15%   53.94GiB / 96GiB    56.19%    0B / 0B   1.93GB / 141MB   52
e6302c2ae9cf   pbbs_nearestNeighbors     4787.12%   53.11GiB / 96GiB    55.32%    0B / 0B   899MB / 136MB    52
2024-11-15 00:33:45.932453
CONTAINER ID   NAME                      CPU %      MEM USAGE / LIMIT   MEM %     NET I/O   BLOCK I/O        PIDS
8b7bacefc5a8   pbbs_nearestNeighbors_1   4790.09%   53.95GiB / 96GiB    56.19%    0B / 0B   1.93GB / 141MB   52
e6302c2ae9cf   pbbs_nearestNeighbors     4753.23%   53.11GiB / 96GiB    55.32%    0B / 0B   899MB / 136MB    52
2024-11-15 00:33:47.945665
CONTAINER ID   NAME                      CPU %      MEM USAGE / LIMIT   MEM %     NET I/O   BLOCK I/O        PIDS
8b7bacefc5a8   pbbs_nearestNeighbors_1   4783.29%   53.94GiB / 96GiB    56.19%    0B / 0B   1.93GB / 141MB   52
e6302c2ae9cf   pbbs_nearestNeighbors     4774.47%   53.11GiB / 96GiB    55.32%    0B / 0B   899MB / 136MB    52
2024-11-15 00:33:51.191511
CONTAINER ID   NAME                      CPU %      MEM USAGE / LIMIT   MEM %     NET I/O   BLOCK I/O        PIDS
8b7bacefc5a8   pbbs_nearestNeighbors_1   4804.72%   53.94GiB / 96GiB    56.19%    0B / 0B   1.93GB / 141MB   52
e6302c2ae9cf   pbbs_nearestNeighbors     4770.61%   53.11GiB / 96GiB    55.32%    0B / 0B   899MB / 136MB    52
2024-11-15 00:33:53.203680
CONTAINER ID   NAME                      CPU %      MEM USAGE / LIMIT   MEM %     NET I/O   BLOCK I/O        PIDS
8b7bacefc5a8   pbbs_nearestNeighbors_1   4787.68%   53.95GiB / 96GiB    56.19%    0B / 0B   1.93GB / 141MB   52
e6302c2ae9cf   pbbs_nearestNeighbors     4785.77%   53.11GiB / 96GiB    55.32%    0B / 0B   899MB / 136MB    52
2024-11-15 00:33:56.533142
CONTAINER ID   NAME                      CPU %      MEM USAGE / LIMIT   MEM %     NET I/O   BLOCK I/O        PIDS
8b7bacefc5a8   pbbs_nearestNeighbors_1   4803.77%   53.95GiB / 96GiB    56.19%    0B / 0B   1.93GB / 141MB   52
e6302c2ae9cf   pbbs_nearestNeighbors     4791.94%   53.11GiB / 96GiB    55.33%    0B / 0B   899MB / 136MB    52
2024-11-15 00:33:58.558519
CONTAINER ID   NAME                      CPU %      MEM USAGE / LIMIT   MEM %     NET I/O   BLOCK I/O        PIDS
8b7bacefc5a8   pbbs_nearestNeighbors_1   4749.25%   53.95GiB / 96GiB    56.19%    0B / 0B   1.93GB / 141MB   52
e6302c2ae9cf   pbbs_nearestNeighbors     4775.98%   53.11GiB / 96GiB    55.33%    0B / 0B   899MB / 136MB    52
2024-11-15 00:34:01.857153
CONTAINER ID   NAME                      CPU %      MEM USAGE / LIMIT   MEM %     NET I/O   BLOCK I/O        PIDS
8b7bacefc5a8   pbbs_nearestNeighbors_1   4797.68%   53.95GiB / 96GiB    56.19%    0B / 0B   1.93GB / 141MB   52
e6302c2ae9cf   pbbs_nearestNeighbors     4775.71%   53.11GiB / 96GiB    55.33%    0B / 0B   899MB / 136MB    52
2024-11-15 00:34:04.134511
CONTAINER ID   NAME                      CPU %      MEM USAGE / LIMIT   MEM %     NET I/O   BLOCK I/O        PIDS
8b7bacefc5a8   pbbs_nearestNeighbors_1   4808.03%   53.95GiB / 96GiB    56.19%    0B / 0B   1.93GB / 141MB   52
e6302c2ae9cf   pbbs_nearestNeighbors     4812.82%   53.12GiB / 96GiB    55.33%    0B / 0B   899MB / 136MB    52
2024-11-15 00:34:07.204738
CONTAINER ID   NAME                      CPU %      MEM USAGE / LIMIT   MEM %     NET I/O   BLOCK I/O        PIDS
8b7bacefc5a8   pbbs_nearestNeighbors_1   4792.53%   53.95GiB / 96GiB    56.20%    0B / 0B   1.93GB / 141MB   52
e6302c2ae9cf   pbbs_nearestNeighbors     4804.57%   53.11GiB / 96GiB    55.33%    0B / 0B   899MB / 136MB    52
2024-11-15 00:34:10.574446
CONTAINER ID   NAME                      CPU %      MEM USAGE / LIMIT   MEM %     NET I/O   BLOCK I/O        PIDS
8b7bacefc5a8   pbbs_nearestNeighbors_1   4778.13%   53.95GiB / 96GiB    56.20%    0B / 0B   1.93GB / 141MB   52
e6302c2ae9cf   pbbs_nearestNeighbors     4784.89%   53.11GiB / 96GiB    55.33%    0B / 0B   899MB / 136MB    52
2024-11-15 00:34:13.834425
CONTAINER ID   NAME                      CPU %      MEM USAGE / LIMIT   MEM %     NET I/O   BLOCK I/O        PIDS
8b7bacefc5a8   pbbs_nearestNeighbors_1   4803.85%   53.95GiB / 96GiB    56.20%    0B / 0B   1.93GB / 141MB   52
e6302c2ae9cf   pbbs_nearestNeighbors     4764.27%   53.12GiB / 96GiB    55.33%    0B / 0B   899MB / 136MB    52
2024-11-15 00:34:15.882969
CONTAINER ID   NAME                      CPU %      MEM USAGE / LIMIT   MEM %     NET I/O   BLOCK I/O        PIDS
8b7bacefc5a8   pbbs_nearestNeighbors_1   4789.53%   53.95GiB / 96GiB    56.20%    0B / 0B   1.93GB / 141MB   52
e6302c2ae9cf   pbbs_nearestNeighbors     4809.62%   53.12GiB / 96GiB    55.33%    0B / 0B   899MB / 136MB    52
2024-11-15 00:34:19.133721
CONTAINER ID   NAME                      CPU %      MEM USAGE / LIMIT   MEM %     NET I/O   BLOCK I/O        PIDS
8b7bacefc5a8   pbbs_nearestNeighbors_1   4787.69%   53.95GiB / 96GiB    56.20%    0B / 0B   1.93GB / 141MB   52
e6302c2ae9cf   pbbs_nearestNeighbors     4787.35%   53.12GiB / 96GiB    55.33%    0B / 0B   899MB / 136MB    52
2024-11-15 00:34:21.145723
CONTAINER ID   NAME                      CPU %      MEM USAGE / LIMIT   MEM %     NET I/O   BLOCK I/O        PIDS
8b7bacefc5a8   pbbs_nearestNeighbors_1   4805.36%   53.95GiB / 96GiB    56.20%    0B / 0B   1.93GB / 141MB   52
e6302c2ae9cf   pbbs_nearestNeighbors     4764.50%   53.12GiB / 96GiB    55.33%    0B / 0B   899MB / 136MB    52
2024-11-15 00:34:23.162266
CONTAINER ID   NAME                      CPU %      MEM USAGE / LIMIT   MEM %     NET I/O   BLOCK I/O        PIDS
8b7bacefc5a8   pbbs_nearestNeighbors_1   4777.55%   53.95GiB / 96GiB    56.20%    0B / 0B   1.93GB / 141MB   52
e6302c2ae9cf   pbbs_nearestNeighbors     4769.66%   53.12GiB / 96GiB    55.34%    0B / 0B   899MB / 136MB    52
2024-11-15 00:34:25.176172
CONTAINER ID   NAME                      CPU %      MEM USAGE / LIMIT   MEM %     NET I/O   BLOCK I/O        PIDS
8b7bacefc5a8   pbbs_nearestNeighbors_1   4762.47%   53.95GiB / 96GiB    56.20%    0B / 0B   1.93GB / 141MB   52
e6302c2ae9cf   pbbs_nearestNeighbors     4811.70%   53.12GiB / 96GiB    55.33%    0B / 0B   899MB / 136MB    52
2024-11-15 00:34:28.568452
CONTAINER ID   NAME                      CPU %      MEM USAGE / LIMIT   MEM %     NET I/O   BLOCK I/O        PIDS
8b7bacefc5a8   pbbs_nearestNeighbors_1   4771.26%   53.95GiB / 96GiB    56.20%    0B / 0B   1.93GB / 141MB   52
e6302c2ae9cf   pbbs_nearestNeighbors     4785.98%   53.12GiB / 96GiB    55.33%    0B / 0B   899MB / 136MB    52
2024-11-15 00:34:31.849824
CONTAINER ID   NAME                      CPU %      MEM USAGE / LIMIT   MEM %     NET I/O   BLOCK I/O        PIDS
8b7bacefc5a8   pbbs_nearestNeighbors_1   4784.03%   53.95GiB / 96GiB    56.20%    0B / 0B   1.93GB / 141MB   52
e6302c2ae9cf   pbbs_nearestNeighbors     4765.88%   53.12GiB / 96GiB    55.33%    0B / 0B   899MB / 136MB    52
2024-11-15 00:34:33.928587
CONTAINER ID   NAME                      CPU %      MEM USAGE / LIMIT   MEM %     NET I/O   BLOCK I/O        PIDS
8b7bacefc5a8   pbbs_nearestNeighbors_1   4792.76%   53.96GiB / 96GiB    56.20%    0B / 0B   1.93GB / 141MB   52
e6302c2ae9cf   pbbs_nearestNeighbors     4808.09%   53.12GiB / 96GiB    55.33%    0B / 0B   899MB / 136MB    52
2024-11-15 00:34:37.269934
CONTAINER ID   NAME                      CPU %      MEM USAGE / LIMIT   MEM %     NET I/O   BLOCK I/O        PIDS
8b7bacefc5a8   pbbs_nearestNeighbors_1   4781.20%   53.95GiB / 96GiB    56.20%    0B / 0B   1.93GB / 141MB   52
e6302c2ae9cf   pbbs_nearestNeighbors     4785.52%   53.12GiB / 96GiB    55.33%    0B / 0B   899MB / 136MB    52
2024-11-15 00:34:40.627031
CONTAINER ID   NAME                      CPU %      MEM USAGE / LIMIT   MEM %     NET I/O   BLOCK I/O        PIDS
8b7bacefc5a8   pbbs_nearestNeighbors_1   4783.16%   53.95GiB / 96GiB    56.20%    0B / 0B   1.93GB / 141MB   52
e6302c2ae9cf   pbbs_nearestNeighbors     4800.74%   53.12GiB / 96GiB    55.33%    0B / 0B   899MB / 136MB    52
2024-11-15 00:34:42.642082
CONTAINER ID   NAME                      CPU %      MEM USAGE / LIMIT   MEM %     NET I/O   BLOCK I/O        PIDS
8b7bacefc5a8   pbbs_nearestNeighbors_1   4786.64%   53.96GiB / 96GiB    56.20%    0B / 0B   1.93GB / 141MB   52
e6302c2ae9cf   pbbs_nearestNeighbors     4774.74%   53.12GiB / 96GiB    55.34%    0B / 0B   899MB / 136MB    52
2024-11-15 00:34:44.655856
CONTAINER ID   NAME                      CPU %      MEM USAGE / LIMIT   MEM %     NET I/O   BLOCK I/O        PIDS
8b7bacefc5a8   pbbs_nearestNeighbors_1   4788.59%   53.95GiB / 96GiB    56.20%    0B / 0B   1.93GB / 141MB   52
e6302c2ae9cf   pbbs_nearestNeighbors     4774.44%   53.12GiB / 96GiB    55.33%    0B / 0B   899MB / 136MB    52
2024-11-15 00:34:46.666993
CONTAINER ID   NAME                      CPU %      MEM USAGE / LIMIT   MEM %     NET I/O   BLOCK I/O        PIDS
8b7bacefc5a8   pbbs_nearestNeighbors_1   4787.27%   53.95GiB / 96GiB    56.20%    0B / 0B   1.93GB / 141MB   52
e6302c2ae9cf   pbbs_nearestNeighbors     4808.78%   53.12GiB / 96GiB    55.33%    0B / 0B   899MB / 136MB    52
2024-11-15 00:34:48.679387
CONTAINER ID   NAME                      CPU %      MEM USAGE / LIMIT   MEM %     NET I/O   BLOCK I/O        PIDS
8b7bacefc5a8   pbbs_nearestNeighbors_1   4771.39%   53.95GiB / 96GiB    56.20%    0B / 0B   1.93GB / 141MB   52
e6302c2ae9cf   pbbs_nearestNeighbors     4771.98%   53.12GiB / 96GiB    55.33%    0B / 0B   899MB / 136MB    52
2024-11-15 00:34:51.853829
CONTAINER ID   NAME                      CPU %      MEM USAGE / LIMIT   MEM %     NET I/O   BLOCK I/O        PIDS
8b7bacefc5a8   pbbs_nearestNeighbors_1   4808.96%   53.96GiB / 96GiB    56.20%    0B / 0B   1.93GB / 141MB   52
e6302c2ae9cf   pbbs_nearestNeighbors     4787.95%   53.12GiB / 96GiB    55.33%    0B / 0B   899MB / 136MB    52
2024-11-15 00:34:53.865331
CONTAINER ID   NAME                      CPU %      MEM USAGE / LIMIT   MEM %     NET I/O   BLOCK I/O        PIDS
8b7bacefc5a8   pbbs_nearestNeighbors_1   4789.26%   53.95GiB / 96GiB    56.20%    0B / 0B   1.93GB / 141MB   52
e6302c2ae9cf   pbbs_nearestNeighbors     4788.40%   53.12GiB / 96GiB    55.33%    0B / 0B   899MB / 136MB    52
2024-11-15 00:34:57.142545
CONTAINER ID   NAME                      CPU %      MEM USAGE / LIMIT   MEM %     NET I/O   BLOCK I/O        PIDS
8b7bacefc5a8   pbbs_nearestNeighbors_1   4790.28%   53.95GiB / 96GiB    56.20%    0B / 0B   1.93GB / 141MB   52
e6302c2ae9cf   pbbs_nearestNeighbors     4802.44%   53.12GiB / 96GiB    55.33%    0B / 0B   899MB / 136MB    52
2024-11-15 00:35:00.403928
CONTAINER ID   NAME                      CPU %      MEM USAGE / LIMIT   MEM %     NET I/O   BLOCK I/O        PIDS
8b7bacefc5a8   pbbs_nearestNeighbors_1   4767.72%   53.95GiB / 96GiB    56.20%    0B / 0B   1.93GB / 141MB   52
e6302c2ae9cf   pbbs_nearestNeighbors     4786.80%   53.12GiB / 96GiB    55.34%    0B / 0B   899MB / 136MB    52
2024-11-15 00:35:02.414019
CONTAINER ID   NAME                      CPU %      MEM USAGE / LIMIT   MEM %     NET I/O   BLOCK I/O        PIDS
8b7bacefc5a8   pbbs_nearestNeighbors_1   4771.42%   53.96GiB / 96GiB    56.20%    0B / 0B   1.93GB / 141MB   52
e6302c2ae9cf   pbbs_nearestNeighbors     4796.11%   53.12GiB / 96GiB    55.34%    0B / 0B   899MB / 136MB    52
2024-11-15 00:35:04.434225
CONTAINER ID   NAME                      CPU %      MEM USAGE / LIMIT   MEM %     NET I/O   BLOCK I/O        PIDS
8b7bacefc5a8   pbbs_nearestNeighbors_1   4770.60%   53.96GiB / 96GiB    56.20%    0B / 0B   1.93GB / 141MB   52
e6302c2ae9cf   pbbs_nearestNeighbors     4804.11%   53.12GiB / 96GiB    55.34%    0B / 0B   899MB / 136MB    52
2024-11-15 00:35:06.448224
CONTAINER ID   NAME                      CPU %      MEM USAGE / LIMIT   MEM %     NET I/O   BLOCK I/O        PIDS
8b7bacefc5a8   pbbs_nearestNeighbors_1   4789.22%   53.96GiB / 96GiB    56.20%    0B / 0B   1.93GB / 141MB   52
e6302c2ae9cf   pbbs_nearestNeighbors     4780.87%   53.12GiB / 96GiB    55.33%    0B / 0B   899MB / 136MB    52
2024-11-15 00:35:09.624211
CONTAINER ID   NAME                      CPU %      MEM USAGE / LIMIT   MEM %     NET I/O   BLOCK I/O        PIDS
8b7bacefc5a8   pbbs_nearestNeighbors_1   4788.24%   53.96GiB / 96GiB    56.20%    0B / 0B   1.93GB / 141MB   52
e6302c2ae9cf   pbbs_nearestNeighbors     4773.73%   53.12GiB / 96GiB    55.34%    0B / 0B   899MB / 136MB    52
2024-11-15 00:35:11.637072
CONTAINER ID   NAME                      CPU %      MEM USAGE / LIMIT   MEM %     NET I/O   BLOCK I/O        PIDS
8b7bacefc5a8   pbbs_nearestNeighbors_1   4798.57%   53.96GiB / 96GiB    56.20%    0B / 0B   1.93GB / 141MB   52
e6302c2ae9cf   pbbs_nearestNeighbors     4776.93%   53.12GiB / 96GiB    55.34%    0B / 0B   899MB / 136MB    52
2024-11-15 00:35:15.052682
CONTAINER ID   NAME                      CPU %      MEM USAGE / LIMIT   MEM %     NET I/O   BLOCK I/O        PIDS
8b7bacefc5a8   pbbs_nearestNeighbors_1   4773.27%   53.96GiB / 96GiB    56.20%    0B / 0B   1.93GB / 141MB   52
e6302c2ae9cf   pbbs_nearestNeighbors     4787.97%   53.12GiB / 96GiB    55.34%    0B / 0B   899MB / 136MB    52
2024-11-15 00:35:18.269939
CONTAINER ID   NAME                      CPU %      MEM USAGE / LIMIT   MEM %     NET I/O   BLOCK I/O        PIDS
8b7bacefc5a8   pbbs_nearestNeighbors_1   4783.41%   53.96GiB / 96GiB    56.20%    0B / 0B   1.93GB / 141MB   52
e6302c2ae9cf   pbbs_nearestNeighbors     4807.36%   53.12GiB / 96GiB    55.34%    0B / 0B   899MB / 136MB    52
2024-11-15 00:35:20.283487
CONTAINER ID   NAME                      CPU %      MEM USAGE / LIMIT   MEM %     NET I/O   BLOCK I/O        PIDS
8b7bacefc5a8   pbbs_nearestNeighbors_1   4790.61%   53.96GiB / 96GiB    56.20%    0B / 0B   1.93GB / 141MB   52
e6302c2ae9cf   pbbs_nearestNeighbors     4783.64%   53.12GiB / 96GiB    55.34%    0B / 0B   899MB / 136MB    52
2024-11-15 00:35:22.295214
CONTAINER ID   NAME                      CPU %      MEM USAGE / LIMIT   MEM %     NET I/O   BLOCK I/O        PIDS
8b7bacefc5a8   pbbs_nearestNeighbors_1   4786.34%   53.96GiB / 96GiB    56.20%    0B / 0B   1.93GB / 141MB   52
e6302c2ae9cf   pbbs_nearestNeighbors     4790.51%   53.12GiB / 96GiB    55.34%    0B / 0B   899MB / 136MB    52
2024-11-15 00:35:24.310615
CONTAINER ID   NAME                      CPU %      MEM USAGE / LIMIT   MEM %     NET I/O   BLOCK I/O        PIDS
8b7bacefc5a8   pbbs_nearestNeighbors_1   4786.11%   53.96GiB / 96GiB    56.20%    0B / 0B   1.93GB / 141MB   52
e6302c2ae9cf   pbbs_nearestNeighbors     4792.48%   53.12GiB / 96GiB    55.34%    0B / 0B   899MB / 136MB    52
2024-11-15 00:35:27.556054
CONTAINER ID   NAME                      CPU %      MEM USAGE / LIMIT   MEM %     NET I/O   BLOCK I/O        PIDS
8b7bacefc5a8   pbbs_nearestNeighbors_1   4768.55%   53.96GiB / 96GiB    56.20%    0B / 0B   1.93GB / 141MB   52
e6302c2ae9cf   pbbs_nearestNeighbors     4769.36%   53.12GiB / 96GiB    55.34%    0B / 0B   899MB / 136MB    52
2024-11-15 00:35:29.568780
CONTAINER ID   NAME                      CPU %      MEM USAGE / LIMIT   MEM %     NET I/O   BLOCK I/O        PIDS
8b7bacefc5a8   pbbs_nearestNeighbors_1   4771.95%   53.96GiB / 96GiB    56.20%    0B / 0B   1.93GB / 141MB   52
e6302c2ae9cf   pbbs_nearestNeighbors     4809.12%   53.12GiB / 96GiB    55.34%    0B / 0B   899MB / 136MB    52
2024-11-15 00:35:32.906911
CONTAINER ID   NAME                      CPU %      MEM USAGE / LIMIT   MEM %     NET I/O   BLOCK I/O        PIDS
8b7bacefc5a8   pbbs_nearestNeighbors_1   4779.11%   53.96GiB / 96GiB    56.20%    0B / 0B   1.93GB / 141MB   52
e6302c2ae9cf   pbbs_nearestNeighbors     4805.42%   53.12GiB / 96GiB    55.34%    0B / 0B   899MB / 136MB    52
2024-11-15 00:35:36.216752
CONTAINER ID   NAME                      CPU %      MEM USAGE / LIMIT   MEM %     NET I/O   BLOCK I/O        PIDS
8b7bacefc5a8   pbbs_nearestNeighbors_1   4785.39%   53.96GiB / 96GiB    56.20%    0B / 0B   1.93GB / 141MB   52
e6302c2ae9cf   pbbs_nearestNeighbors     4794.25%   53.12GiB / 96GiB    55.34%    0B / 0B   899MB / 136MB    52
2024-11-15 00:35:38.225377
CONTAINER ID   NAME                      CPU %      MEM USAGE / LIMIT   MEM %     NET I/O   BLOCK I/O        PIDS
8b7bacefc5a8   pbbs_nearestNeighbors_1   4755.63%   53.96GiB / 96GiB    56.21%    0B / 0B   1.93GB / 141MB   52
e6302c2ae9cf   pbbs_nearestNeighbors     4792.98%   53.12GiB / 96GiB    55.34%    0B / 0B   899MB / 136MB    52
2024-11-15 00:35:40.250035
CONTAINER ID   NAME                      CPU %      MEM USAGE / LIMIT   MEM %     NET I/O   BLOCK I/O        PIDS
8b7bacefc5a8   pbbs_nearestNeighbors_1   4774.28%   53.96GiB / 96GiB    56.21%    0B / 0B   1.93GB / 141MB   52
e6302c2ae9cf   pbbs_nearestNeighbors     4806.15%   53.12GiB / 96GiB    55.34%    0B / 0B   899MB / 136MB    52
2024-11-15 00:35:43.567562
CONTAINER ID   NAME                      CPU %      MEM USAGE / LIMIT   MEM %     NET I/O   BLOCK I/O        PIDS
8b7bacefc5a8   pbbs_nearestNeighbors_1   4790.82%   53.96GiB / 96GiB    56.20%    0B / 0B   1.93GB / 141MB   52
e6302c2ae9cf   pbbs_nearestNeighbors     4758.53%   53.12GiB / 96GiB    55.34%    0B / 0B   899MB / 136MB    52
2024-11-15 00:35:46.807828
CONTAINER ID   NAME                      CPU %      MEM USAGE / LIMIT   MEM %     NET I/O   BLOCK I/O        PIDS
8b7bacefc5a8   pbbs_nearestNeighbors_1   4807.35%   53.96GiB / 96GiB    56.20%    0B / 0B   1.93GB / 141MB   52
e6302c2ae9cf   pbbs_nearestNeighbors     4790.62%   53.12GiB / 96GiB    55.34%    0B / 0B   899MB / 136MB    52
2024-11-15 00:35:48.822154
CONTAINER ID   NAME                      CPU %      MEM USAGE / LIMIT   MEM %     NET I/O   BLOCK I/O        PIDS
8b7bacefc5a8   pbbs_nearestNeighbors_1   4793.25%   53.96GiB / 96GiB    56.20%    0B / 0B   1.93GB / 141MB   52
e6302c2ae9cf   pbbs_nearestNeighbors     4769.38%   53.12GiB / 96GiB    55.34%    0B / 0B   899MB / 136MB    52
2024-11-15 00:35:50.832907
CONTAINER ID   NAME                      CPU %      MEM USAGE / LIMIT   MEM %     NET I/O   BLOCK I/O        PIDS
8b7bacefc5a8   pbbs_nearestNeighbors_1   4806.87%   53.96GiB / 96GiB    56.20%    0B / 0B   1.93GB / 141MB   52
e6302c2ae9cf   pbbs_nearestNeighbors     4782.41%   53.12GiB / 96GiB    55.34%    0B / 0B   899MB / 136MB    52
2024-11-15 00:35:54.022583
CONTAINER ID   NAME                      CPU %      MEM USAGE / LIMIT   MEM %     NET I/O   BLOCK I/O        PIDS
8b7bacefc5a8   pbbs_nearestNeighbors_1   4809.98%   53.96GiB / 96GiB    56.20%    0B / 0B   1.93GB / 141MB   52
e6302c2ae9cf   pbbs_nearestNeighbors     4778.29%   53.12GiB / 96GiB    55.34%    0B / 0B   899MB / 136MB    52
2024-11-15 00:35:57.063627
CONTAINER ID   NAME                      CPU %      MEM USAGE / LIMIT   MEM %     NET I/O   BLOCK I/O        PIDS
8b7bacefc5a8   pbbs_nearestNeighbors_1   4788.97%   53.96GiB / 96GiB    56.20%    0B / 0B   1.93GB / 141MB   52
e6302c2ae9cf   pbbs_nearestNeighbors     4789.19%   53.12GiB / 96GiB    55.34%    0B / 0B   899MB / 136MB    52
2024-11-15 00:36:00.193738
CONTAINER ID   NAME                      CPU %      MEM USAGE / LIMIT   MEM %     NET I/O   BLOCK I/O        PIDS
8b7bacefc5a8   pbbs_nearestNeighbors_1   4762.29%   53.96GiB / 96GiB    56.20%    0B / 0B   1.93GB / 141MB   52
e6302c2ae9cf   pbbs_nearestNeighbors     4778.24%   53.12GiB / 96GiB    55.34%    0B / 0B   899MB / 136MB    52
2024-11-15 00:36:02.210610
CONTAINER ID   NAME                      CPU %      MEM USAGE / LIMIT   MEM %     NET I/O   BLOCK I/O        PIDS
8b7bacefc5a8   pbbs_nearestNeighbors_1   4790.99%   53.96GiB / 96GiB    56.20%    0B / 0B   1.93GB / 141MB   52
e6302c2ae9cf   pbbs_nearestNeighbors     4824.02%   53.12GiB / 96GiB    55.34%    0B / 0B   899MB / 136MB    52
2024-11-15 00:36:05.486231
CONTAINER ID   NAME                      CPU %      MEM USAGE / LIMIT   MEM %     NET I/O   BLOCK I/O        PIDS
8b7bacefc5a8   pbbs_nearestNeighbors_1   4775.77%   53.96GiB / 96GiB    56.21%    0B / 0B   1.93GB / 141MB   52
e6302c2ae9cf   pbbs_nearestNeighbors     4793.17%   53.12GiB / 96GiB    55.34%    0B / 0B   899MB / 136MB    52
2024-11-15 00:36:08.756748
CONTAINER ID   NAME                      CPU %      MEM USAGE / LIMIT   MEM %     NET I/O   BLOCK I/O        PIDS
8b7bacefc5a8   pbbs_nearestNeighbors_1   4787.79%   53.96GiB / 96GiB    56.21%    0B / 0B   1.93GB / 141MB   52
e6302c2ae9cf   pbbs_nearestNeighbors     4816.86%   53.12GiB / 96GiB    55.34%    0B / 0B   899MB / 136MB    52
2024-11-15 00:36:10.777295
CONTAINER ID   NAME                      CPU %      MEM USAGE / LIMIT   MEM %     NET I/O   BLOCK I/O        PIDS
8b7bacefc5a8   pbbs_nearestNeighbors_1   4769.70%   53.96GiB / 96GiB    56.21%    0B / 0B   1.93GB / 141MB   52
e6302c2ae9cf   pbbs_nearestNeighbors     4779.93%   53.12GiB / 96GiB    55.34%    0B / 0B   899MB / 136MB    52
2024-11-15 00:36:13.948987
CONTAINER ID   NAME                      CPU %      MEM USAGE / LIMIT   MEM %     NET I/O   BLOCK I/O        PIDS
8b7bacefc5a8   pbbs_nearestNeighbors_1   4787.36%   53.96GiB / 96GiB    56.21%    0B / 0B   1.93GB / 141MB   52
e6302c2ae9cf   pbbs_nearestNeighbors     4807.71%   53.12GiB / 96GiB    55.34%    0B / 0B   899MB / 136MB    52
2024-11-15 00:36:17.289221
CONTAINER ID   NAME                      CPU %      MEM USAGE / LIMIT   MEM %     NET I/O   BLOCK I/O        PIDS
8b7bacefc5a8   pbbs_nearestNeighbors_1   4781.11%   53.96GiB / 96GiB    56.21%    0B / 0B   1.93GB / 141MB   52
e6302c2ae9cf   pbbs_nearestNeighbors     4792.35%   53.12GiB / 96GiB    55.34%    0B / 0B   899MB / 136MB    52
2024-11-15 00:36:20.421315
CONTAINER ID   NAME                      CPU %      MEM USAGE / LIMIT   MEM %     NET I/O   BLOCK I/O        PIDS
8b7bacefc5a8   pbbs_nearestNeighbors_1   4791.44%   53.96GiB / 96GiB    56.21%    0B / 0B   1.93GB / 141MB   52
e6302c2ae9cf   pbbs_nearestNeighbors     4778.08%   53.12GiB / 96GiB    55.34%    0B / 0B   899MB / 136MB    52
2024-11-15 00:36:22.436630
CONTAINER ID   NAME                      CPU %      MEM USAGE / LIMIT   MEM %     NET I/O   BLOCK I/O        PIDS
8b7bacefc5a8   pbbs_nearestNeighbors_1   4766.19%   53.74GiB / 96GiB    55.97%    0B / 0B   1.93GB / 141MB   52
e6302c2ae9cf   pbbs_nearestNeighbors     99.22%     39.58GiB / 96GiB    41.23%    0B / 0B   899MB / 136MB    52
2024-11-15 00:36:24.441202
CONTAINER ID   NAME                      CPU %     MEM USAGE / LIMIT   MEM %     NET I/O   BLOCK I/O        PIDS
8b7bacefc5a8   pbbs_nearestNeighbors_1   99.33%    25.71GiB / 96GiB    26.78%    0B / 0B   1.93GB / 141MB   52
e6302c2ae9cf   pbbs_nearestNeighbors     104.20%   8.576GiB / 96GiB    8.93%     0B / 0B   899MB / 136MB    5
2024-11-15 00:36:26.457350
CONTAINER ID   NAME      CPU %     MEM USAGE / LIMIT   MEM %     NET I/O   BLOCK I/O   PIDS
