2025-02-17 05:31:10.689849
CONTAINER ID   NAME      CPU %     MEM USAGE / LIMIT   MEM %     NET I/O   BLOCK I/O   PIDS
2025-02-17 05:31:11.311034
CONTAINER ID   NAME      CPU %     MEM USAGE / LIMIT   MEM %     NET I/O   BLOCK I/O   PIDS
2025-02-17 05:31:11.928895
CONTAINER ID   NAME      CPU %     MEM USAGE / LIMIT   MEM %     NET I/O   BLOCK I/O   PIDS
2025-02-17 05:31:12.548753
CONTAINER ID   NAME      CPU %     MEM USAGE / LIMIT   MEM %     NET I/O   BLOCK I/O   PIDS
2025-02-17 05:31:13.170219
CONTAINER ID   NAME      CPU %     MEM USAGE / LIMIT   MEM %     NET I/O   BLOCK I/O   PIDS
2025-02-17 05:31:13.789276
CONTAINER ID   NAME      CPU %     MEM USAGE / LIMIT   MEM %     NET I/O   BLOCK I/O   PIDS
2025-02-17 05:31:14.408608
CONTAINER ID   NAME      CPU %     MEM USAGE / LIMIT   MEM %     NET I/O   BLOCK I/O   PIDS
2025-02-17 05:31:15.027487
CONTAINER ID   NAME      CPU %     MEM USAGE / LIMIT   MEM %     NET I/O   BLOCK I/O   PIDS
2025-02-17 05:31:15.644933
CONTAINER ID   NAME      CPU %     MEM USAGE / LIMIT   MEM %     NET I/O   BLOCK I/O   PIDS
2025-02-17 05:31:16.263841
CONTAINER ID   NAME      CPU %     MEM USAGE / LIMIT   MEM %     NET I/O   BLOCK I/O   PIDS
2025-02-17 05:31:16.884032
CONTAINER ID   NAME      CPU %     MEM USAGE / LIMIT   MEM %     NET I/O   BLOCK I/O   PIDS
2025-02-17 05:31:17.500655
CONTAINER ID   NAME      CPU %     MEM USAGE / LIMIT   MEM %     NET I/O   BLOCK I/O   PIDS
2025-02-17 05:31:18.120610
CONTAINER ID   NAME      CPU %     MEM USAGE / LIMIT   MEM %     NET I/O   BLOCK I/O   PIDS
2025-02-17 05:31:18.739530
CONTAINER ID   NAME      CPU %     MEM USAGE / LIMIT   MEM %     NET I/O   BLOCK I/O   PIDS
2025-02-17 05:31:19.356235
CONTAINER ID   NAME      CPU %     MEM USAGE / LIMIT   MEM %     NET I/O   BLOCK I/O   PIDS
2025-02-17 05:31:19.977128
CONTAINER ID   NAME      CPU %     MEM USAGE / LIMIT   MEM %     NET I/O   BLOCK I/O   PIDS
2025-02-17 05:31:20.595942
CONTAINER ID   NAME      CPU %     MEM USAGE / LIMIT   MEM %     NET I/O   BLOCK I/O   PIDS
2025-02-17 05:31:21.214948
CONTAINER ID   NAME      CPU %     MEM USAGE / LIMIT   MEM %     NET I/O   BLOCK I/O   PIDS
2025-02-17 05:31:21.832322
CONTAINER ID   NAME      CPU %     MEM USAGE / LIMIT   MEM %     NET I/O   BLOCK I/O   PIDS
2025-02-17 05:31:22.452946
CONTAINER ID   NAME      CPU %     MEM USAGE / LIMIT   MEM %     NET I/O   BLOCK I/O   PIDS
2025-02-17 05:31:23.073343
CONTAINER ID   NAME      CPU %     MEM USAGE / LIMIT   MEM %     NET I/O   BLOCK I/O   PIDS
2025-02-17 05:31:23.691479
CONTAINER ID   NAME      CPU %     MEM USAGE / LIMIT   MEM %     NET I/O   BLOCK I/O   PIDS
2025-02-17 05:31:24.308972
CONTAINER ID   NAME      CPU %     MEM USAGE / LIMIT   MEM %     NET I/O   BLOCK I/O   PIDS
2025-02-17 05:31:24.927102
CONTAINER ID   NAME      CPU %     MEM USAGE / LIMIT   MEM %     NET I/O   BLOCK I/O   PIDS
2025-02-17 05:31:25.545647
CONTAINER ID   NAME      CPU %     MEM USAGE / LIMIT   MEM %     NET I/O   BLOCK I/O   PIDS
2025-02-17 05:31:26.163939
CONTAINER ID   NAME      CPU %     MEM USAGE / LIMIT   MEM %     NET I/O   BLOCK I/O   PIDS
2025-02-17 05:31:26.780830
CONTAINER ID   NAME      CPU %     MEM USAGE / LIMIT   MEM %     NET I/O   BLOCK I/O   PIDS
2025-02-17 05:31:27.399401
CONTAINER ID   NAME      CPU %     MEM USAGE / LIMIT   MEM %     NET I/O   BLOCK I/O   PIDS
2025-02-17 05:31:28.016029
CONTAINER ID   NAME      CPU %     MEM USAGE / LIMIT   MEM %     NET I/O   BLOCK I/O   PIDS
2025-02-17 05:31:28.632590
CONTAINER ID   NAME      CPU %     MEM USAGE / LIMIT   MEM %     NET I/O   BLOCK I/O   PIDS
2025-02-17 05:31:29.248830
CONTAINER ID   NAME      CPU %     MEM USAGE / LIMIT   MEM %     NET I/O   BLOCK I/O   PIDS
2025-02-17 05:31:29.867039
CONTAINER ID   NAME      CPU %     MEM USAGE / LIMIT   MEM %     NET I/O   BLOCK I/O   PIDS
2025-02-17 05:31:30.483965
CONTAINER ID   NAME      CPU %     MEM USAGE / LIMIT   MEM %     NET I/O   BLOCK I/O   PIDS
               --        0.00%     0B / 0B             0.00%     0B / 0B   0B / 0B     0
               --        0.00%     0B / 0B             0.00%     0B / 0B   0B / 0B     0
2025-02-17 05:31:31.100667
CONTAINER ID   NAME                      CPU %      MEM USAGE / LIMIT   MEM %     NET I/O   BLOCK I/O    PIDS
ea03596ac975   pbbs_breadthFirstSearch   216.29%    26.66MiB / 96GiB    0.03%     0B / 0B   918MB / 0B   52
ab0475217cb3   x265                      4011.36%   2.328GiB / 96GiB    2.42%     0B / 0B   0B / 0B      117
2025-02-17 05:31:33.431521
CONTAINER ID   NAME                      CPU %      MEM USAGE / LIMIT   MEM %     NET I/O   BLOCK I/O     PIDS
ea03596ac975   pbbs_breadthFirstSearch   224.68%    40.32MiB / 96GiB    0.04%     0B / 0B   1.79GB / 0B   52
ab0475217cb3   x265                      4359.41%   2.873GiB / 96GiB    2.99%     0B / 0B   0B / 0B       117
2025-02-17 05:31:35.443640
CONTAINER ID   NAME                      CPU %      MEM USAGE / LIMIT   MEM %     NET I/O   BLOCK I/O     PIDS
ea03596ac975   pbbs_breadthFirstSearch   191.82%    54.6MiB / 96GiB     0.06%     0B / 0B   2.78GB / 0B   52
ab0475217cb3   x265                      4441.25%   2.885GiB / 96GiB    3.01%     0B / 0B   0B / 0B       117
2025-02-17 05:31:37.453161
CONTAINER ID   NAME                      CPU %      MEM USAGE / LIMIT   MEM %     NET I/O   BLOCK I/O     PIDS
ea03596ac975   pbbs_breadthFirstSearch   198.96%    65.95MiB / 96GiB    0.07%     0B / 0B   3.78GB / 0B   52
ab0475217cb3   x265                      4603.56%   2.887GiB / 96GiB    3.01%     0B / 0B   0B / 0B       117
2025-02-17 05:31:39.463684
CONTAINER ID   NAME                      CPU %      MEM USAGE / LIMIT   MEM %     NET I/O   BLOCK I/O     PIDS
ea03596ac975   pbbs_breadthFirstSearch   194.23%    78.06MiB / 96GiB    0.08%     0B / 0B   4.78GB / 0B   52
ab0475217cb3   x265                      4538.46%   2.887GiB / 96GiB    3.01%     0B / 0B   0B / 0B       117
2025-02-17 05:31:41.475025
CONTAINER ID   NAME                      CPU %      MEM USAGE / LIMIT   MEM %     NET I/O   BLOCK I/O     PIDS
ea03596ac975   pbbs_breadthFirstSearch   195.83%    89.79MiB / 96GiB    0.09%     0B / 0B   5.76GB / 0B   52
ab0475217cb3   x265                      4468.21%   2.887GiB / 96GiB    3.01%     0B / 0B   0B / 0B       117
2025-02-17 05:31:43.484936
CONTAINER ID   NAME                      CPU %      MEM USAGE / LIMIT   MEM %     NET I/O   BLOCK I/O     PIDS
ea03596ac975   pbbs_breadthFirstSearch   201.83%    99.32MiB / 96GiB    0.10%     0B / 0B   6.65GB / 0B   52
ab0475217cb3   x265                      4569.70%   2.887GiB / 96GiB    3.01%     0B / 0B   0B / 0B       117
2025-02-17 05:31:45.495281
CONTAINER ID   NAME                      CPU %      MEM USAGE / LIMIT   MEM %     NET I/O   BLOCK I/O     PIDS
ea03596ac975   pbbs_breadthFirstSearch   181.86%    111.5MiB / 96GiB    0.11%     0B / 0B   7.65GB / 0B   52
ab0475217cb3   x265                      4846.78%   2.912GiB / 96GiB    3.03%     0B / 0B   0B / 0B       117
2025-02-17 05:31:47.503628
CONTAINER ID   NAME                      CPU %      MEM USAGE / LIMIT   MEM %     NET I/O   BLOCK I/O     PIDS
ea03596ac975   pbbs_breadthFirstSearch   180.89%    123.1MiB / 96GiB    0.13%     0B / 0B   8.64GB / 0B   52
ab0475217cb3   x265                      4455.09%   2.912GiB / 96GiB    3.03%     0B / 0B   0B / 0B       117
2025-02-17 05:31:49.513211
CONTAINER ID   NAME                      CPU %      MEM USAGE / LIMIT   MEM %     NET I/O   BLOCK I/O     PIDS
ea03596ac975   pbbs_breadthFirstSearch   183.51%    134.7MiB / 96GiB    0.14%     0B / 0B   9.62GB / 0B   52
ab0475217cb3   x265                      4416.94%   2.917GiB / 96GiB    3.04%     0B / 0B   0B / 0B       117
2025-02-17 05:31:51.520134
CONTAINER ID   NAME                      CPU %      MEM USAGE / LIMIT   MEM %     NET I/O   BLOCK I/O     PIDS
ea03596ac975   pbbs_breadthFirstSearch   185.49%    145.6MiB / 96GiB    0.15%     0B / 0B   10.6GB / 0B   52
ab0475217cb3   x265                      4493.53%   2.917GiB / 96GiB    3.04%     0B / 0B   0B / 0B       117
2025-02-17 05:31:53.529967
CONTAINER ID   NAME                      CPU %      MEM USAGE / LIMIT   MEM %     NET I/O   BLOCK I/O     PIDS
ea03596ac975   pbbs_breadthFirstSearch   182.67%    156.3MiB / 96GiB    0.16%     0B / 0B   11.5GB / 0B   52
ab0475217cb3   x265                      4602.35%   2.917GiB / 96GiB    3.04%     0B / 0B   0B / 0B       117
2025-02-17 05:31:55.542590
CONTAINER ID   NAME                      CPU %      MEM USAGE / LIMIT   MEM %     NET I/O   BLOCK I/O     PIDS
ea03596ac975   pbbs_breadthFirstSearch   183.56%    168.2MiB / 96GiB    0.17%     0B / 0B   12.4GB / 0B   52
ab0475217cb3   x265                      4642.15%   2.926GiB / 96GiB    3.05%     0B / 0B   0B / 0B       117
2025-02-17 05:31:57.551803
CONTAINER ID   NAME                      CPU %      MEM USAGE / LIMIT   MEM %     NET I/O   BLOCK I/O     PIDS
ea03596ac975   pbbs_breadthFirstSearch   185.32%    178.5MiB / 96GiB    0.18%     0B / 0B   13.4GB / 0B   52
ab0475217cb3   x265                      4380.88%   2.926GiB / 96GiB    3.05%     0B / 0B   0B / 0B       117
2025-02-17 05:31:59.562273
CONTAINER ID   NAME                      CPU %      MEM USAGE / LIMIT   MEM %     NET I/O   BLOCK I/O     PIDS
ea03596ac975   pbbs_breadthFirstSearch   202.69%    190.7MiB / 96GiB    0.19%     0B / 0B   14.4GB / 0B   52
ab0475217cb3   x265                      4521.47%   2.927GiB / 96GiB    3.05%     0B / 0B   0B / 0B       117
2025-02-17 05:32:01.570702
CONTAINER ID   NAME                      CPU %      MEM USAGE / LIMIT   MEM %     NET I/O   BLOCK I/O     PIDS
ea03596ac975   pbbs_breadthFirstSearch   178.03%    201.5MiB / 96GiB    0.20%     0B / 0B   15.3GB / 0B   52
ab0475217cb3   x265                      4448.59%   2.927GiB / 96GiB    3.05%     0B / 0B   0B / 0B       117
2025-02-17 05:32:03.579695
CONTAINER ID   NAME                      CPU %      MEM USAGE / LIMIT   MEM %     NET I/O   BLOCK I/O     PIDS
ea03596ac975   pbbs_breadthFirstSearch   197.77%    211.8MiB / 96GiB    0.22%     0B / 0B   16.2GB / 0B   52
ab0475217cb3   x265                      4608.82%   2.927GiB / 96GiB    3.05%     0B / 0B   0B / 0B       117
2025-02-17 05:32:05.589908
CONTAINER ID   NAME                      CPU %      MEM USAGE / LIMIT   MEM %     NET I/O   BLOCK I/O     PIDS
ea03596ac975   pbbs_breadthFirstSearch   183.73%    223.7MiB / 96GiB    0.23%     0B / 0B   17.3GB / 0B   52
ab0475217cb3   x265                      4887.17%   2.927GiB / 96GiB    3.05%     0B / 0B   0B / 0B       117
2025-02-17 05:32:07.600297
CONTAINER ID   NAME                      CPU %      MEM USAGE / LIMIT   MEM %     NET I/O   BLOCK I/O     PIDS
ea03596ac975   pbbs_breadthFirstSearch   196.72%    235.6MiB / 96GiB    0.24%     0B / 0B   18.2GB / 0B   52
ab0475217cb3   x265                      4273.33%   2.927GiB / 96GiB    3.05%     0B / 0B   0B / 0B       117
2025-02-17 05:32:09.611087
CONTAINER ID   NAME                      CPU %      MEM USAGE / LIMIT   MEM %     NET I/O   BLOCK I/O     PIDS
ea03596ac975   pbbs_breadthFirstSearch   172.31%    247.3MiB / 96GiB    0.25%     0B / 0B   19.2GB / 0B   52
ab0475217cb3   x265                      5089.03%   2.938GiB / 96GiB    3.06%     0B / 0B   0B / 0B       117
2025-02-17 05:32:11.621053
CONTAINER ID   NAME                      CPU %      MEM USAGE / LIMIT   MEM %     NET I/O   BLOCK I/O     PIDS
ea03596ac975   pbbs_breadthFirstSearch   170.30%    257.8MiB / 96GiB    0.26%     0B / 0B   20.2GB / 0B   52
ab0475217cb3   x265                      4673.75%   2.973GiB / 96GiB    3.10%     0B / 0B   0B / 0B       117
2025-02-17 05:32:13.629595
CONTAINER ID   NAME                      CPU %      MEM USAGE / LIMIT   MEM %     NET I/O   BLOCK I/O     PIDS
ea03596ac975   pbbs_breadthFirstSearch   198.44%    268.6MiB / 96GiB    0.27%     0B / 0B   21.1GB / 0B   52
ab0475217cb3   x265                      4512.70%   2.987GiB / 96GiB    3.11%     0B / 0B   0B / 0B       117
2025-02-17 05:32:15.639128
CONTAINER ID   NAME                      CPU %      MEM USAGE / LIMIT   MEM %     NET I/O   BLOCK I/O     PIDS
ea03596ac975   pbbs_breadthFirstSearch   196.01%    279.2MiB / 96GiB    0.28%     0B / 0B   22.1GB / 0B   52
ab0475217cb3   x265                      4411.10%   2.987GiB / 96GiB    3.11%     0B / 0B   0B / 0B       115
2025-02-17 05:32:17.651985
CONTAINER ID   NAME                      CPU %      MEM USAGE / LIMIT   MEM %     NET I/O   BLOCK I/O     PIDS
ea03596ac975   pbbs_breadthFirstSearch   212.61%    289.3MiB / 96GiB    0.29%     0B / 0B   23.1GB / 0B   52
ab0475217cb3   x265                      2082.69%   417.1MiB / 96GiB    0.42%     0B / 0B   0B / 737kB    117
2025-02-17 05:32:19.664327
CONTAINER ID   NAME                      CPU %      MEM USAGE / LIMIT   MEM %     NET I/O   BLOCK I/O     PIDS
ea03596ac975   pbbs_breadthFirstSearch   220.37%    297.8MiB / 96GiB    0.30%     0B / 0B   24.1GB / 0B   52
ab0475217cb3   x265                      4106.00%   2.445GiB / 96GiB    2.55%     0B / 0B   0B / 737kB    117
2025-02-17 05:32:21.680697
CONTAINER ID   NAME                      CPU %      MEM USAGE / LIMIT   MEM %     NET I/O   BLOCK I/O     PIDS
ea03596ac975   pbbs_breadthFirstSearch   177.24%    313.9MiB / 96GiB    0.32%     0B / 0B   25.1GB / 0B   52
ab0475217cb3   x265                      4097.11%   2.882GiB / 96GiB    3.00%     0B / 0B   0B / 737kB    117
2025-02-17 05:32:23.689668
CONTAINER ID   NAME                      CPU %      MEM USAGE / LIMIT   MEM %     NET I/O   BLOCK I/O    PIDS
ea03596ac975   pbbs_breadthFirstSearch   196.03%    326.8MiB / 96GiB    0.33%     0B / 0B   26GB / 0B    52
ab0475217cb3   x265                      4605.69%   2.883GiB / 96GiB    3.00%     0B / 0B   0B / 737kB   117
2025-02-17 05:32:25.698746
CONTAINER ID   NAME                      CPU %      MEM USAGE / LIMIT   MEM %     NET I/O   BLOCK I/O    PIDS
ea03596ac975   pbbs_breadthFirstSearch   183.90%    338.3MiB / 96GiB    0.34%     0B / 0B   27GB / 0B    52
ab0475217cb3   x265                      4294.92%   2.883GiB / 96GiB    3.00%     0B / 0B   0B / 737kB   117
2025-02-17 05:32:27.709933
CONTAINER ID   NAME                      CPU %      MEM USAGE / LIMIT   MEM %     NET I/O   BLOCK I/O    PIDS
ea03596ac975   pbbs_breadthFirstSearch   197.11%    349.7MiB / 96GiB    0.36%     0B / 0B   28GB / 0B    52
ab0475217cb3   x265                      4540.91%   2.885GiB / 96GiB    3.00%     0B / 0B   0B / 737kB   117
2025-02-17 05:32:29.719770
CONTAINER ID   NAME                      CPU %      MEM USAGE / LIMIT   MEM %     NET I/O   BLOCK I/O    PIDS
ea03596ac975   pbbs_breadthFirstSearch   197.54%    361.2MiB / 96GiB    0.37%     0B / 0B   29GB / 0B    52
ab0475217cb3   x265                      4484.77%   2.885GiB / 96GiB    3.00%     0B / 0B   0B / 737kB   117
2025-02-17 05:32:31.727954
CONTAINER ID   NAME                      CPU %      MEM USAGE / LIMIT   MEM %     NET I/O   BLOCK I/O    PIDS
ea03596ac975   pbbs_breadthFirstSearch   181.82%    374.2MiB / 96GiB    0.38%     0B / 0B   30GB / 0B    52
ab0475217cb3   x265                      4866.55%   2.885GiB / 96GiB    3.00%     0B / 0B   0B / 737kB   117
2025-02-17 05:32:33.738491
CONTAINER ID   NAME                      CPU %      MEM USAGE / LIMIT   MEM %     NET I/O   BLOCK I/O    PIDS
ea03596ac975   pbbs_breadthFirstSearch   183.99%    385.1MiB / 96GiB    0.39%     0B / 0B   31GB / 0B    52
ab0475217cb3   x265                      4530.72%   2.897GiB / 96GiB    3.02%     0B / 0B   0B / 737kB   117
2025-02-17 05:32:35.747237
CONTAINER ID   NAME                      CPU %      MEM USAGE / LIMIT   MEM %     NET I/O   BLOCK I/O    PIDS
ea03596ac975   pbbs_breadthFirstSearch   191.60%    397.2MiB / 96GiB    0.40%     0B / 0B   32GB / 0B    52
ab0475217cb3   x265                      4603.46%   2.904GiB / 96GiB    3.03%     0B / 0B   0B / 737kB   117
2025-02-17 05:32:37.758842
CONTAINER ID   NAME                      CPU %      MEM USAGE / LIMIT   MEM %     NET I/O   BLOCK I/O    PIDS
ea03596ac975   pbbs_breadthFirstSearch   187.60%    407.5MiB / 96GiB    0.41%     0B / 0B   33GB / 0B    52
ab0475217cb3   x265                      4563.71%   2.909GiB / 96GiB    3.03%     0B / 0B   0B / 737kB   117
2025-02-17 05:32:39.767680
CONTAINER ID   NAME                      CPU %      MEM USAGE / LIMIT   MEM %     NET I/O   BLOCK I/O    PIDS
ea03596ac975   pbbs_breadthFirstSearch   248.70%    419.4MiB / 96GiB    0.43%     0B / 0B   34GB / 0B    52
ab0475217cb3   x265                      2858.29%   2.909GiB / 96GiB    3.03%     0B / 0B   0B / 737kB   117
2025-02-17 05:32:41.777373
CONTAINER ID   NAME                      CPU %      MEM USAGE / LIMIT   MEM %     NET I/O   BLOCK I/O     PIDS
ea03596ac975   pbbs_breadthFirstSearch   141.54%    429.9MiB / 96GiB    0.44%     0B / 0B   34.9GB / 0B   52
ab0475217cb3   x265                      4682.51%   2.909GiB / 96GiB    3.03%     0B / 0B   0B / 737kB    117
2025-02-17 05:32:43.790064
CONTAINER ID   NAME                      CPU %      MEM USAGE / LIMIT   MEM %     NET I/O   BLOCK I/O     PIDS
ea03596ac975   pbbs_breadthFirstSearch   185.75%    440.7MiB / 96GiB    0.45%     0B / 0B   35.9GB / 0B   52
ab0475217cb3   x265                      4426.56%   2.912GiB / 96GiB    3.03%     0B / 0B   0B / 737kB    117
2025-02-17 05:32:45.801724
CONTAINER ID   NAME                      CPU %      MEM USAGE / LIMIT   MEM %     NET I/O   BLOCK I/O     PIDS
ea03596ac975   pbbs_breadthFirstSearch   176.94%    453.5MiB / 96GiB    0.46%     0B / 0B   36.9GB / 0B   52
ab0475217cb3   x265                      4827.20%   2.919GiB / 96GiB    3.04%     0B / 0B   0B / 737kB    117
2025-02-17 05:32:47.813310
CONTAINER ID   NAME                      CPU %      MEM USAGE / LIMIT   MEM %     NET I/O   BLOCK I/O     PIDS
ea03596ac975   pbbs_breadthFirstSearch   181.85%    464.8MiB / 96GiB    0.47%     0B / 0B   37.9GB / 0B   52
ab0475217cb3   x265                      4388.55%   2.919GiB / 96GiB    3.04%     0B / 0B   0B / 737kB    117
2025-02-17 05:32:49.821464
CONTAINER ID   NAME                      CPU %      MEM USAGE / LIMIT   MEM %     NET I/O   BLOCK I/O     PIDS
ea03596ac975   pbbs_breadthFirstSearch   194.47%    476MiB / 96GiB      0.48%     0B / 0B   38.9GB / 0B   52
ab0475217cb3   x265                      4354.64%   2.919GiB / 96GiB    3.04%     0B / 0B   0B / 737kB    117
2025-02-17 05:32:51.830445
CONTAINER ID   NAME                      CPU %      MEM USAGE / LIMIT   MEM %     NET I/O   BLOCK I/O     PIDS
ea03596ac975   pbbs_breadthFirstSearch   151.95%    486.7MiB / 96GiB    0.50%     0B / 0B   39.7GB / 0B   52
ab0475217cb3   x265                      4499.45%   2.919GiB / 96GiB    3.04%     0B / 0B   0B / 737kB    117
2025-02-17 05:32:53.840183
CONTAINER ID   NAME                      CPU %      MEM USAGE / LIMIT   MEM %     NET I/O   BLOCK I/O     PIDS
ea03596ac975   pbbs_breadthFirstSearch   188.53%    499.2MiB / 96GiB    0.51%     0B / 0B   40.7GB / 0B   52
ab0475217cb3   x265                      4623.16%   2.919GiB / 96GiB    3.04%     0B / 0B   0B / 737kB    117
2025-02-17 05:32:55.852718
CONTAINER ID   NAME                      CPU %      MEM USAGE / LIMIT   MEM %     NET I/O   BLOCK I/O     PIDS
ea03596ac975   pbbs_breadthFirstSearch   178.15%    510.2MiB / 96GiB    0.52%     0B / 0B   41.7GB / 0B   52
ab0475217cb3   x265                      4584.36%   2.919GiB / 96GiB    3.04%     0B / 0B   0B / 737kB    117
2025-02-17 05:32:57.864198
CONTAINER ID   NAME                      CPU %      MEM USAGE / LIMIT   MEM %     NET I/O   BLOCK I/O     PIDS
ea03596ac975   pbbs_breadthFirstSearch   187.91%    521.7MiB / 96GiB    0.53%     0B / 0B   42.7GB / 0B   52
ab0475217cb3   x265                      4753.67%   2.933GiB / 96GiB    3.06%     0B / 0B   0B / 737kB    117
2025-02-17 05:32:59.873270
CONTAINER ID   NAME                      CPU %      MEM USAGE / LIMIT   MEM %     NET I/O   BLOCK I/O     PIDS
ea03596ac975   pbbs_breadthFirstSearch   189.17%    533.5MiB / 96GiB    0.54%     0B / 0B   43.7GB / 0B   52
ab0475217cb3   x265                      4745.20%   2.965GiB / 96GiB    3.09%     0B / 0B   0B / 737kB    117
2025-02-17 05:33:01.883114
CONTAINER ID   NAME                      CPU %      MEM USAGE / LIMIT   MEM %     NET I/O   BLOCK I/O     PIDS
ea03596ac975   pbbs_breadthFirstSearch   1115.07%   1.275GiB / 96GiB    1.33%     0B / 0B   44.6GB / 0B   52
ab0475217cb3   x265                      4816.87%   2.99GiB / 96GiB     3.11%     0B / 0B   0B / 737kB    117
2025-02-17 05:33:03.895152
CONTAINER ID   NAME                      CPU %      MEM USAGE / LIMIT   MEM %     NET I/O   BLOCK I/O     PIDS
ea03596ac975   pbbs_breadthFirstSearch   5013.92%   14.57GiB / 96GiB    15.18%    0B / 0B   44.6GB / 0B   52
ab0475217cb3   x265                      3694.17%   2.99GiB / 96GiB     3.11%     0B / 0B   0B / 737kB    115
2025-02-17 05:33:05.909669
CONTAINER ID   NAME                      CPU %      MEM USAGE / LIMIT   MEM %     NET I/O   BLOCK I/O     PIDS
ea03596ac975   pbbs_breadthFirstSearch   4983.34%   27.95GiB / 96GiB    29.12%    0B / 0B   44.6GB / 0B   52
ab0475217cb3   x265                      3603.59%   2.99GiB / 96GiB     3.11%     0B / 0B   0B / 737kB    115
2025-02-17 05:33:07.922985
CONTAINER ID   NAME                      CPU %      MEM USAGE / LIMIT   MEM %     NET I/O   BLOCK I/O         PIDS
ea03596ac975   pbbs_breadthFirstSearch   4797.22%   38.33GiB / 96GiB    39.93%    0B / 0B   44.6GB / 0B       52
ab0475217cb3   x265                      16.11%     3.078MiB / 96GiB    0.00%     0B / 0B   1.25MB / 1.47MB   1
2025-02-17 05:33:09.932749
CONTAINER ID   NAME                      CPU %      MEM USAGE / LIMIT   MEM %     NET I/O   BLOCK I/O         PIDS
ea03596ac975   pbbs_breadthFirstSearch   4793.59%   49.72GiB / 96GiB    51.80%    0B / 0B   44.6GB / 0B       52
ab0475217cb3   x265                      0.00%      2.652MiB / 96GiB    0.00%     0B / 0B   1.25MB / 1.47MB   1
2025-02-17 05:33:11.940396
CONTAINER ID   NAME                      CPU %      MEM USAGE / LIMIT   MEM %     NET I/O   BLOCK I/O         PIDS
ea03596ac975   pbbs_breadthFirstSearch   4796.20%   54.45GiB / 96GiB    56.72%    0B / 0B   44.6GB / 0B       52
ab0475217cb3   x265                      0.00%      2.512MiB / 96GiB    0.00%     0B / 0B   1.25MB / 1.47MB   1
2025-02-17 05:33:13.947429
CONTAINER ID   NAME                      CPU %      MEM USAGE / LIMIT   MEM %     NET I/O   BLOCK I/O         PIDS
ea03596ac975   pbbs_breadthFirstSearch   4788.53%   61.42GiB / 96GiB    63.98%    0B / 0B   44.7GB / 0B       52
ab0475217cb3   x265                      0.00%      2.504MiB / 96GiB    0.00%     0B / 0B   1.25MB / 1.47MB   1
2025-02-17 05:33:15.954835
CONTAINER ID   NAME                      CPU %      MEM USAGE / LIMIT   MEM %     NET I/O   BLOCK I/O         PIDS
ea03596ac975   pbbs_breadthFirstSearch   4547.04%   66.95GiB / 96GiB    69.74%    0B / 0B   45.2GB / 0B       52
ab0475217cb3   x265                      0.00%      2.504MiB / 96GiB    0.00%     0B / 0B   1.25MB / 1.47MB   1
2025-02-17 05:33:17.962680
CONTAINER ID   NAME                      CPU %     MEM USAGE / LIMIT   MEM %     NET I/O   BLOCK I/O         PIDS
ea03596ac975   pbbs_breadthFirstSearch   794.58%   75.01GiB / 96GiB    78.13%    0B / 0B   45.7GB / 0B       52
ab0475217cb3   x265                      0.00%     2.504MiB / 96GiB    0.00%     0B / 0B   1.25MB / 1.47MB   1
2025-02-17 05:33:19.974986
CONTAINER ID   NAME                      CPU %      MEM USAGE / LIMIT   MEM %     NET I/O   BLOCK I/O         PIDS
ea03596ac975   pbbs_breadthFirstSearch   4794.57%   81.46GiB / 96GiB    84.86%    0B / 0B   45.7GB / 0B       52
ab0475217cb3   x265                      0.00%      2.504MiB / 96GiB    0.00%     0B / 0B   1.25MB / 1.47MB   1
2025-02-17 05:33:21.982769
CONTAINER ID   NAME                      CPU %      MEM USAGE / LIMIT   MEM %     NET I/O   BLOCK I/O         PIDS
ea03596ac975   pbbs_breadthFirstSearch   4784.36%   88.25GiB / 96GiB    91.93%    0B / 0B   45.7GB / 0B       52
ab0475217cb3   x265                      0.00%      2.504MiB / 96GiB    0.00%     0B / 0B   1.25MB / 1.47MB   1
2025-02-17 05:33:23.990352
CONTAINER ID   NAME                      CPU %      MEM USAGE / LIMIT   MEM %     NET I/O   BLOCK I/O         PIDS
ea03596ac975   pbbs_breadthFirstSearch   3724.62%   89.15GiB / 96GiB    92.87%    0B / 0B   45.7GB / 0B       52
ab0475217cb3   x265                      0.00%      2.504MiB / 96GiB    0.00%     0B / 0B   1.25MB / 1.47MB   1
2025-02-17 05:33:25.998625
CONTAINER ID   NAME                      CPU %     MEM USAGE / LIMIT   MEM %     NET I/O   BLOCK I/O         PIDS
ea03596ac975   pbbs_breadthFirstSearch   99.56%    70.39GiB / 96GiB    73.33%    0B / 0B   45.7GB / 0B       52
ab0475217cb3   x265                      0.00%     2.504MiB / 96GiB    0.00%     0B / 0B   1.25MB / 1.47MB   1
2025-02-17 05:33:28.010415
CONTAINER ID   NAME                      CPU %     MEM USAGE / LIMIT   MEM %     NET I/O   BLOCK I/O         PIDS
ea03596ac975   pbbs_breadthFirstSearch   99.85%    47.25GiB / 96GiB    49.22%    0B / 0B   45.7GB / 0B       52
ab0475217cb3   x265                      0.00%     2.504MiB / 96GiB    0.00%     0B / 0B   1.25MB / 1.47MB   1
2025-02-17 05:33:30.020912
CONTAINER ID   NAME                      CPU %      MEM USAGE / LIMIT   MEM %     NET I/O   BLOCK I/O         PIDS
ea03596ac975   pbbs_breadthFirstSearch   2319.14%   29.8GiB / 96GiB     31.05%    0B / 0B   45.7GB / 0B       52
ab0475217cb3   x265                      0.00%      2.504MiB / 96GiB    0.00%     0B / 0B   1.25MB / 1.47MB   1
2025-02-17 05:33:32.029502
CONTAINER ID   NAME                      CPU %      MEM USAGE / LIMIT   MEM %     NET I/O   BLOCK I/O         PIDS
ea03596ac975   pbbs_breadthFirstSearch   4793.96%   29.93GiB / 96GiB    31.18%    0B / 0B   45.7GB / 0B       52
ab0475217cb3   x265                      0.00%      2.504MiB / 96GiB    0.00%     0B / 0B   1.25MB / 1.47MB   1
2025-02-17 05:33:34.039560
CONTAINER ID   NAME                      CPU %      MEM USAGE / LIMIT   MEM %     NET I/O   BLOCK I/O         PIDS
ea03596ac975   pbbs_breadthFirstSearch   4800.82%   29.99GiB / 96GiB    31.24%    0B / 0B   45.7GB / 0B       52
ab0475217cb3   x265                      0.00%      2.504MiB / 96GiB    0.00%     0B / 0B   1.25MB / 1.47MB   1
2025-02-17 05:33:36.052447
CONTAINER ID   NAME                      CPU %      MEM USAGE / LIMIT   MEM %     NET I/O   BLOCK I/O         PIDS
ea03596ac975   pbbs_breadthFirstSearch   4790.29%   29.99GiB / 96GiB    31.24%    0B / 0B   45.7GB / 0B       52
ab0475217cb3   x265                      0.00%      2.504MiB / 96GiB    0.00%     0B / 0B   1.25MB / 1.47MB   1
2025-02-17 05:33:38.058904
CONTAINER ID   NAME                      CPU %      MEM USAGE / LIMIT   MEM %     NET I/O   BLOCK I/O         PIDS
ea03596ac975   pbbs_breadthFirstSearch   1133.76%   32.39GiB / 96GiB    33.74%    0B / 0B   45.7GB / 0B       52
ab0475217cb3   x265                      0.00%      2.504MiB / 96GiB    0.00%     0B / 0B   1.25MB / 1.47MB   1
2025-02-17 05:33:40.071037
CONTAINER ID   NAME                      CPU %     MEM USAGE / LIMIT   MEM %     NET I/O   BLOCK I/O         PIDS
ea03596ac975   pbbs_breadthFirstSearch   0.13%     32.39GiB / 96GiB    33.73%    0B / 0B   45.7GB / 0B       52
ab0475217cb3   x265                      0.00%     2.504MiB / 96GiB    0.00%     0B / 0B   1.25MB / 1.47MB   1
2025-02-17 05:33:42.079332
CONTAINER ID   NAME                      CPU %     MEM USAGE / LIMIT   MEM %     NET I/O   BLOCK I/O         PIDS
ea03596ac975   pbbs_breadthFirstSearch   0.11%     32.38GiB / 96GiB    33.73%    0B / 0B   45.7GB / 0B       52
ab0475217cb3   x265                      0.00%     2.504MiB / 96GiB    0.00%     0B / 0B   1.25MB / 1.47MB   1
2025-02-17 05:33:44.090288
CONTAINER ID   NAME                      CPU %     MEM USAGE / LIMIT   MEM %     NET I/O   BLOCK I/O         PIDS
ea03596ac975   pbbs_breadthFirstSearch   0.09%     32.38GiB / 96GiB    33.73%    0B / 0B   45.7GB / 0B       52
ab0475217cb3   x265                      0.00%     2.504MiB / 96GiB    0.00%     0B / 0B   1.25MB / 1.47MB   1
2025-02-17 05:33:46.098893
CONTAINER ID   NAME                      CPU %     MEM USAGE / LIMIT   MEM %     NET I/O   BLOCK I/O         PIDS
ea03596ac975   pbbs_breadthFirstSearch   0.08%     32.38GiB / 96GiB    33.73%    0B / 0B   45.7GB / 0B       52
ab0475217cb3   x265                      0.00%     2.504MiB / 96GiB    0.00%     0B / 0B   1.25MB / 1.47MB   1
2025-02-17 05:33:48.108524
CONTAINER ID   NAME                      CPU %     MEM USAGE / LIMIT   MEM %     NET I/O   BLOCK I/O         PIDS
ea03596ac975   pbbs_breadthFirstSearch   0.08%     32.38GiB / 96GiB    33.73%    0B / 0B   45.7GB / 0B       52
ab0475217cb3   x265                      0.00%     2.504MiB / 96GiB    0.00%     0B / 0B   1.25MB / 1.47MB   1
2025-02-17 05:33:50.119709
CONTAINER ID   NAME                      CPU %     MEM USAGE / LIMIT   MEM %     NET I/O   BLOCK I/O         PIDS
ea03596ac975   pbbs_breadthFirstSearch   0.08%     32.38GiB / 96GiB    33.73%    0B / 0B   45.7GB / 0B       52
ab0475217cb3   x265                      0.00%     2.504MiB / 96GiB    0.00%     0B / 0B   1.25MB / 1.47MB   1
2025-02-17 05:33:52.129855
CONTAINER ID   NAME                      CPU %     MEM USAGE / LIMIT   MEM %     NET I/O   BLOCK I/O         PIDS
ea03596ac975   pbbs_breadthFirstSearch   0.08%     32.38GiB / 96GiB    33.73%    0B / 0B   45.7GB / 0B       52
ab0475217cb3   x265                      0.00%     2.504MiB / 96GiB    0.00%     0B / 0B   1.25MB / 1.47MB   1
2025-02-17 05:33:54.140471
CONTAINER ID   NAME                      CPU %     MEM USAGE / LIMIT   MEM %     NET I/O   BLOCK I/O         PIDS
ea03596ac975   pbbs_breadthFirstSearch   0.07%     32.38GiB / 96GiB    33.73%    0B / 0B   45.7GB / 0B       52
ab0475217cb3   x265                      0.00%     2.504MiB / 96GiB    0.00%     0B / 0B   1.25MB / 1.47MB   1
2025-02-17 05:33:56.149960
CONTAINER ID   NAME                      CPU %     MEM USAGE / LIMIT   MEM %     NET I/O   BLOCK I/O         PIDS
ea03596ac975   pbbs_breadthFirstSearch   0.07%     32.38GiB / 96GiB    33.73%    0B / 0B   45.7GB / 0B       52
ab0475217cb3   x265                      0.00%     2.504MiB / 96GiB    0.00%     0B / 0B   1.25MB / 1.47MB   1
2025-02-17 05:33:58.160472
CONTAINER ID   NAME                      CPU %     MEM USAGE / LIMIT   MEM %     NET I/O   BLOCK I/O         PIDS
ea03596ac975   pbbs_breadthFirstSearch   0.07%     32.38GiB / 96GiB    33.73%    0B / 0B   45.7GB / 0B       52
ab0475217cb3   x265                      0.00%     2.504MiB / 96GiB    0.00%     0B / 0B   1.25MB / 1.47MB   1
2025-02-17 05:34:00.170121
CONTAINER ID   NAME                      CPU %     MEM USAGE / LIMIT   MEM %     NET I/O   BLOCK I/O         PIDS
ea03596ac975   pbbs_breadthFirstSearch   0.07%     32.38GiB / 96GiB    33.73%    0B / 0B   45.7GB / 0B       52
ab0475217cb3   x265                      0.00%     2.504MiB / 96GiB    0.00%     0B / 0B   1.25MB / 1.47MB   1
2025-02-17 05:34:02.181109
CONTAINER ID   NAME                      CPU %     MEM USAGE / LIMIT   MEM %     NET I/O   BLOCK I/O         PIDS
ea03596ac975   pbbs_breadthFirstSearch   0.08%     32.38GiB / 96GiB    33.73%    0B / 0B   45.7GB / 0B       52
ab0475217cb3   x265                      0.00%     2.504MiB / 96GiB    0.00%     0B / 0B   1.25MB / 1.47MB   1
2025-02-17 05:34:04.201445
CONTAINER ID   NAME                      CPU %     MEM USAGE / LIMIT   MEM %     NET I/O   BLOCK I/O         PIDS
ea03596ac975   pbbs_breadthFirstSearch   0.07%     32.38GiB / 96GiB    33.73%    0B / 0B   45.7GB / 0B       52
ab0475217cb3   x265                      0.00%     2.504MiB / 96GiB    0.00%     0B / 0B   1.25MB / 1.47MB   1
2025-02-17 05:34:06.211745
CONTAINER ID   NAME                      CPU %     MEM USAGE / LIMIT   MEM %     NET I/O   BLOCK I/O         PIDS
ea03596ac975   pbbs_breadthFirstSearch   0.07%     32.38GiB / 96GiB    33.73%    0B / 0B   45.7GB / 0B       52
ab0475217cb3   x265                      0.00%     2.504MiB / 96GiB    0.00%     0B / 0B   1.25MB / 1.47MB   1
2025-02-17 05:34:08.221947
CONTAINER ID   NAME                      CPU %     MEM USAGE / LIMIT   MEM %     NET I/O   BLOCK I/O         PIDS
ea03596ac975   pbbs_breadthFirstSearch   0.07%     32.38GiB / 96GiB    33.73%    0B / 0B   45.7GB / 0B       52
ab0475217cb3   x265                      0.00%     2.504MiB / 96GiB    0.00%     0B / 0B   1.25MB / 1.47MB   1
2025-02-17 05:34:10.230318
CONTAINER ID   NAME                      CPU %     MEM USAGE / LIMIT   MEM %     NET I/O   BLOCK I/O         PIDS
ea03596ac975   pbbs_breadthFirstSearch   0.07%     32.38GiB / 96GiB    33.73%    0B / 0B   45.7GB / 0B       52
ab0475217cb3   x265                      0.00%     2.504MiB / 96GiB    0.00%     0B / 0B   1.25MB / 1.47MB   1
2025-02-17 05:34:12.239469
CONTAINER ID   NAME                      CPU %     MEM USAGE / LIMIT   MEM %     NET I/O   BLOCK I/O         PIDS
ea03596ac975   pbbs_breadthFirstSearch   0.07%     32.38GiB / 96GiB    33.73%    0B / 0B   45.7GB / 0B       52
ab0475217cb3   x265                      0.00%     2.504MiB / 96GiB    0.00%     0B / 0B   1.25MB / 1.47MB   1
2025-02-17 05:34:14.250134
CONTAINER ID   NAME                      CPU %     MEM USAGE / LIMIT   MEM %     NET I/O   BLOCK I/O         PIDS
ea03596ac975   pbbs_breadthFirstSearch   0.07%     32.38GiB / 96GiB    33.73%    0B / 0B   45.7GB / 0B       52
ab0475217cb3   x265                      0.00%     2.504MiB / 96GiB    0.00%     0B / 0B   1.25MB / 1.47MB   1
2025-02-17 05:34:16.260438
CONTAINER ID   NAME                      CPU %     MEM USAGE / LIMIT   MEM %     NET I/O   BLOCK I/O         PIDS
ea03596ac975   pbbs_breadthFirstSearch   0.07%     32.38GiB / 96GiB    33.73%    0B / 0B   45.7GB / 0B       52
ab0475217cb3   x265                      0.00%     2.504MiB / 96GiB    0.00%     0B / 0B   1.25MB / 1.47MB   1
2025-02-17 05:34:18.270287
CONTAINER ID   NAME                      CPU %     MEM USAGE / LIMIT   MEM %     NET I/O   BLOCK I/O         PIDS
ea03596ac975   pbbs_breadthFirstSearch   0.07%     32.38GiB / 96GiB    33.73%    0B / 0B   45.7GB / 0B       52
ab0475217cb3   x265                      0.00%     2.504MiB / 96GiB    0.00%     0B / 0B   1.25MB / 1.47MB   1
2025-02-17 05:34:20.279858
CONTAINER ID   NAME                      CPU %     MEM USAGE / LIMIT   MEM %     NET I/O   BLOCK I/O         PIDS
ea03596ac975   pbbs_breadthFirstSearch   0.07%     32.38GiB / 96GiB    33.73%    0B / 0B   45.7GB / 0B       52
ab0475217cb3   x265                      0.00%     2.504MiB / 96GiB    0.00%     0B / 0B   1.25MB / 1.47MB   1
2025-02-17 05:34:22.289241
CONTAINER ID   NAME                      CPU %     MEM USAGE / LIMIT   MEM %     NET I/O   BLOCK I/O         PIDS
ea03596ac975   pbbs_breadthFirstSearch   0.07%     32.38GiB / 96GiB    33.73%    0B / 0B   45.7GB / 0B       52
ab0475217cb3   x265                      0.00%     2.504MiB / 96GiB    0.00%     0B / 0B   1.25MB / 1.47MB   1
2025-02-17 05:34:24.298761
CONTAINER ID   NAME                      CPU %     MEM USAGE / LIMIT   MEM %     NET I/O   BLOCK I/O         PIDS
ea03596ac975   pbbs_breadthFirstSearch   0.03%     32.38GiB / 96GiB    33.73%    0B / 0B   45.7GB / 0B       52
ab0475217cb3   x265                      0.00%     2.504MiB / 96GiB    0.00%     0B / 0B   1.25MB / 1.47MB   1
2025-02-17 05:34:26.310204
CONTAINER ID   NAME                      CPU %     MEM USAGE / LIMIT   MEM %     NET I/O   BLOCK I/O         PIDS
ea03596ac975   pbbs_breadthFirstSearch   0.00%     32.38GiB / 96GiB    33.73%    0B / 0B   45.7GB / 0B       52
ab0475217cb3   x265                      0.00%     2.504MiB / 96GiB    0.00%     0B / 0B   1.25MB / 1.47MB   1
2025-02-17 05:34:28.319531
CONTAINER ID   NAME                      CPU %     MEM USAGE / LIMIT   MEM %     NET I/O   BLOCK I/O         PIDS
ea03596ac975   pbbs_breadthFirstSearch   0.00%     32.38GiB / 96GiB    33.73%    0B / 0B   45.7GB / 0B       52
ab0475217cb3   x265                      0.00%     2.504MiB / 96GiB    0.00%     0B / 0B   1.25MB / 1.47MB   1
2025-02-17 05:34:30.328505
CONTAINER ID   NAME                      CPU %     MEM USAGE / LIMIT   MEM %     NET I/O   BLOCK I/O         PIDS
ea03596ac975   pbbs_breadthFirstSearch   0.00%     32.38GiB / 96GiB    33.73%    0B / 0B   45.7GB / 0B       52
ab0475217cb3   x265                      0.00%     2.504MiB / 96GiB    0.00%     0B / 0B   1.25MB / 1.47MB   1
2025-02-17 05:34:32.338815
CONTAINER ID   NAME                      CPU %     MEM USAGE / LIMIT   MEM %     NET I/O   BLOCK I/O         PIDS
ea03596ac975   pbbs_breadthFirstSearch   0.00%     32.38GiB / 96GiB    33.73%    0B / 0B   45.7GB / 0B       52
ab0475217cb3   x265                      0.00%     2.504MiB / 96GiB    0.00%     0B / 0B   1.25MB / 1.47MB   1
2025-02-17 05:34:34.346952
CONTAINER ID   NAME                      CPU %     MEM USAGE / LIMIT   MEM %     NET I/O   BLOCK I/O         PIDS
ea03596ac975   pbbs_breadthFirstSearch   0.00%     32.38GiB / 96GiB    33.73%    0B / 0B   45.7GB / 0B       52
ab0475217cb3   x265                      0.00%     2.504MiB / 96GiB    0.00%     0B / 0B   1.25MB / 1.47MB   1
2025-02-17 05:34:36.358260
CONTAINER ID   NAME                      CPU %     MEM USAGE / LIMIT   MEM %     NET I/O   BLOCK I/O         PIDS
ea03596ac975   pbbs_breadthFirstSearch   0.00%     32.38GiB / 96GiB    33.73%    0B / 0B   45.7GB / 0B       52
ab0475217cb3   x265                      0.00%     2.504MiB / 96GiB    0.00%     0B / 0B   1.25MB / 1.47MB   1
2025-02-17 05:34:38.367706
CONTAINER ID   NAME                      CPU %     MEM USAGE / LIMIT   MEM %     NET I/O   BLOCK I/O         PIDS
ea03596ac975   pbbs_breadthFirstSearch   0.00%     32.38GiB / 96GiB    33.73%    0B / 0B   45.7GB / 0B       52
ab0475217cb3   x265                      0.00%     2.504MiB / 96GiB    0.00%     0B / 0B   1.25MB / 1.47MB   1
2025-02-17 05:34:40.377784
CONTAINER ID   NAME                      CPU %     MEM USAGE / LIMIT   MEM %     NET I/O   BLOCK I/O         PIDS
ea03596ac975   pbbs_breadthFirstSearch   0.00%     32.38GiB / 96GiB    33.73%    0B / 0B   45.7GB / 0B       52
ab0475217cb3   x265                      0.00%     2.504MiB / 96GiB    0.00%     0B / 0B   1.25MB / 1.47MB   1
2025-02-17 05:34:42.389975
CONTAINER ID   NAME                      CPU %     MEM USAGE / LIMIT   MEM %     NET I/O   BLOCK I/O         PIDS
ea03596ac975   pbbs_breadthFirstSearch   0.00%     32.38GiB / 96GiB    33.73%    0B / 0B   45.7GB / 0B       52
ab0475217cb3   x265                      0.00%     2.504MiB / 96GiB    0.00%     0B / 0B   1.25MB / 1.47MB   1
2025-02-17 05:34:44.399287
CONTAINER ID   NAME                      CPU %     MEM USAGE / LIMIT   MEM %     NET I/O   BLOCK I/O         PIDS
ea03596ac975   pbbs_breadthFirstSearch   0.00%     32.38GiB / 96GiB    33.73%    0B / 0B   45.7GB / 0B       52
ab0475217cb3   x265                      0.00%     2.504MiB / 96GiB    0.00%     0B / 0B   1.25MB / 1.47MB   1
2025-02-17 05:34:46.408265
CONTAINER ID   NAME                      CPU %     MEM USAGE / LIMIT   MEM %     NET I/O   BLOCK I/O         PIDS
ea03596ac975   pbbs_breadthFirstSearch   0.00%     32.38GiB / 96GiB    33.73%    0B / 0B   45.7GB / 0B       52
ab0475217cb3   x265                      0.00%     2.504MiB / 96GiB    0.00%     0B / 0B   1.25MB / 1.47MB   1
2025-02-17 05:34:48.418130
CONTAINER ID   NAME                      CPU %     MEM USAGE / LIMIT   MEM %     NET I/O   BLOCK I/O         PIDS
ea03596ac975   pbbs_breadthFirstSearch   0.00%     32.38GiB / 96GiB    33.73%    0B / 0B   45.7GB / 0B       52
ab0475217cb3   x265                      0.00%     2.504MiB / 96GiB    0.00%     0B / 0B   1.25MB / 1.47MB   1
2025-02-17 05:34:50.428264
CONTAINER ID   NAME                      CPU %      MEM USAGE / LIMIT   MEM %     NET I/O   BLOCK I/O         PIDS
ea03596ac975   pbbs_breadthFirstSearch   4899.10%   32.39GiB / 96GiB    33.74%    0B / 0B   45.7GB / 0B       52
ab0475217cb3   x265                      2778.71%   1.832GiB / 96GiB    1.91%     0B / 0B   9.74MB / 1.47MB   117
2025-02-17 05:34:52.437866
CONTAINER ID   NAME                      CPU %      MEM USAGE / LIMIT   MEM %     NET I/O   BLOCK I/O         PIDS
ea03596ac975   pbbs_breadthFirstSearch   4891.74%   32.39GiB / 96GiB    33.74%    0B / 0B   45.7GB / 0B       52
ab0475217cb3   x265                      3702.67%   2.882GiB / 96GiB    3.00%     0B / 0B   9.89MB / 1.47MB   117
2025-02-17 05:34:54.450210
CONTAINER ID   NAME                      CPU %      MEM USAGE / LIMIT   MEM %     NET I/O   BLOCK I/O       PIDS
ea03596ac975   pbbs_breadthFirstSearch   4885.16%   32.39GiB / 96GiB    33.74%    0B / 0B   45.7GB / 0B     52
ab0475217cb3   x265                      3806.70%   2.902GiB / 96GiB    3.02%     0B / 0B   15MB / 1.47MB   117
2025-02-17 05:34:56.459985
CONTAINER ID   NAME                      CPU %      MEM USAGE / LIMIT   MEM %     NET I/O   BLOCK I/O       PIDS
ea03596ac975   pbbs_breadthFirstSearch   4888.28%   32.39GiB / 96GiB    33.74%    0B / 0B   45.7GB / 0B     52
ab0475217cb3   x265                      3711.97%   2.901GiB / 96GiB    3.02%     0B / 0B   15MB / 1.47MB   117
2025-02-17 05:34:58.473340
CONTAINER ID   NAME                      CPU %      MEM USAGE / LIMIT   MEM %     NET I/O   BLOCK I/O       PIDS
ea03596ac975   pbbs_breadthFirstSearch   4872.75%   34.2GiB / 96GiB     35.63%    0B / 0B   45.7GB / 0B     52
ab0475217cb3   x265                      3732.67%   2.901GiB / 96GiB    3.02%     0B / 0B   15MB / 1.47MB   117
2025-02-17 05:35:00.477178
CONTAINER ID   NAME                      CPU %      MEM USAGE / LIMIT   MEM %     NET I/O   BLOCK I/O         PIDS
ea03596ac975   pbbs_breadthFirstSearch   4806.95%   34.79GiB / 96GiB    36.23%    0B / 0B   45.7GB / 0B       52
ab0475217cb3   x265                      3643.88%   2.903GiB / 96GiB    3.02%     0B / 0B   15.9MB / 1.47MB   117
2025-02-17 05:35:02.487100
CONTAINER ID   NAME                      CPU %      MEM USAGE / LIMIT   MEM %     NET I/O   BLOCK I/O         PIDS
ea03596ac975   pbbs_breadthFirstSearch   4939.54%   34.79GiB / 96GiB    36.24%    0B / 0B   45.7GB / 0B       52
ab0475217cb3   x265                      3711.58%   2.903GiB / 96GiB    3.02%     0B / 0B   16.1MB / 1.47MB   117
2025-02-17 05:35:04.497333
CONTAINER ID   NAME                      CPU %      MEM USAGE / LIMIT   MEM %     NET I/O   BLOCK I/O         PIDS
ea03596ac975   pbbs_breadthFirstSearch   4941.83%   34.79GiB / 96GiB    36.24%    0B / 0B   45.7GB / 0B       52
ab0475217cb3   x265                      3651.40%   2.904GiB / 96GiB    3.03%     0B / 0B   16.7MB / 1.47MB   117
2025-02-17 05:35:06.508630
CONTAINER ID   NAME                      CPU %      MEM USAGE / LIMIT   MEM %     NET I/O   BLOCK I/O         PIDS
ea03596ac975   pbbs_breadthFirstSearch   4897.25%   34.79GiB / 96GiB    36.24%    0B / 0B   45.7GB / 0B       52
ab0475217cb3   x265                      3658.65%   2.904GiB / 96GiB    3.03%     0B / 0B   16.7MB / 1.47MB   117
2025-02-17 05:35:08.518683
CONTAINER ID   NAME                      CPU %      MEM USAGE / LIMIT   MEM %     NET I/O   BLOCK I/O         PIDS
ea03596ac975   pbbs_breadthFirstSearch   4891.15%   34.79GiB / 96GiB    36.24%    0B / 0B   45.7GB / 0B       52
ab0475217cb3   x265                      3819.48%   2.932GiB / 96GiB    3.05%     0B / 0B   26.5MB / 1.47MB   117
2025-02-17 05:35:10.532033
CONTAINER ID   NAME                      CPU %      MEM USAGE / LIMIT   MEM %     NET I/O   BLOCK I/O         PIDS
ea03596ac975   pbbs_breadthFirstSearch   4928.69%   34.79GiB / 96GiB    36.24%    0B / 0B   45.7GB / 0B       52
ab0475217cb3   x265                      3650.52%   2.977GiB / 96GiB    3.10%     0B / 0B   69.4MB / 1.47MB   117
2025-02-17 05:35:12.538981
CONTAINER ID   NAME                      CPU %      MEM USAGE / LIMIT   MEM %     NET I/O   BLOCK I/O         PIDS
ea03596ac975   pbbs_breadthFirstSearch   4937.06%   34.79GiB / 96GiB    36.24%    0B / 0B   45.7GB / 0B       52
ab0475217cb3   x265                      3474.34%   2.992GiB / 96GiB    3.12%     0B / 0B   85.5MB / 1.47MB   117
2025-02-17 05:35:14.548013
CONTAINER ID   NAME                      CPU %      MEM USAGE / LIMIT   MEM %     NET I/O   BLOCK I/O         PIDS
ea03596ac975   pbbs_breadthFirstSearch   4760.03%   34.79GiB / 96GiB    36.24%    0B / 0B   45.7GB / 0B       52
ab0475217cb3   x265                      4126.04%   2.997GiB / 96GiB    3.12%     0B / 0B   85.5MB / 1.47MB   117
2025-02-17 05:35:16.559963
CONTAINER ID   NAME                      CPU %      MEM USAGE / LIMIT   MEM %     NET I/O   BLOCK I/O        PIDS
ea03596ac975   pbbs_breadthFirstSearch   4756.37%   34.79GiB / 96GiB    36.24%    0B / 0B   45.7GB / 0B      52
ab0475217cb3   x265                      3713.97%   3.014GiB / 96GiB    3.14%     0B / 0B   104MB / 1.47MB   117
2025-02-17 05:35:18.568978
CONTAINER ID   NAME                      CPU %      MEM USAGE / LIMIT   MEM %     NET I/O   BLOCK I/O        PIDS
ea03596ac975   pbbs_breadthFirstSearch   4903.71%   34.79GiB / 96GiB    36.24%    0B / 0B   45.7GB / 0B      52
ab0475217cb3   x265                      3782.36%   3.028GiB / 96GiB    3.15%     0B / 0B   119MB / 1.47MB   117
2025-02-17 05:35:20.585252
CONTAINER ID   NAME                      CPU %      MEM USAGE / LIMIT   MEM %     NET I/O   BLOCK I/O        PIDS
ea03596ac975   pbbs_breadthFirstSearch   4879.66%   34.79GiB / 96GiB    36.24%    0B / 0B   45.7GB / 0B      52
ab0475217cb3   x265                      3795.41%   3.043GiB / 96GiB    3.17%     0B / 0B   133MB / 1.47MB   117
2025-02-17 05:35:22.592359
CONTAINER ID   NAME                      CPU %      MEM USAGE / LIMIT   MEM %     NET I/O   BLOCK I/O        PIDS
ea03596ac975   pbbs_breadthFirstSearch   4848.51%   34.79GiB / 96GiB    36.24%    0B / 0B   45.7GB / 0B      52
ab0475217cb3   x265                      3790.35%   3.061GiB / 96GiB    3.19%     0B / 0B   146MB / 1.47MB   117
2025-02-17 05:35:24.602959
CONTAINER ID   NAME                      CPU %      MEM USAGE / LIMIT   MEM %     NET I/O   BLOCK I/O        PIDS
ea03596ac975   pbbs_breadthFirstSearch   4929.17%   34.79GiB / 96GiB    36.24%    0B / 0B   45.7GB / 0B      52
ab0475217cb3   x265                      3588.77%   3.106GiB / 96GiB    3.24%     0B / 0B   194MB / 1.47MB   117
2025-02-17 05:35:26.611788
CONTAINER ID   NAME                      CPU %      MEM USAGE / LIMIT   MEM %     NET I/O   BLOCK I/O        PIDS
ea03596ac975   pbbs_breadthFirstSearch   4931.87%   34.79GiB / 96GiB    36.24%    0B / 0B   45.7GB / 0B      52
ab0475217cb3   x265                      3588.79%   3.15GiB / 96GiB     3.28%     0B / 0B   241MB / 1.47MB   117
2025-02-17 05:35:28.622573
CONTAINER ID   NAME                      CPU %      MEM USAGE / LIMIT   MEM %     NET I/O   BLOCK I/O        PIDS
ea03596ac975   pbbs_breadthFirstSearch   4930.30%   34.79GiB / 96GiB    36.24%    0B / 0B   45.7GB / 0B      52
ab0475217cb3   x265                      3648.06%   3.154GiB / 96GiB    3.29%     0B / 0B   244MB / 1.47MB   117
2025-02-17 05:35:30.634481
CONTAINER ID   NAME                      CPU %      MEM USAGE / LIMIT   MEM %     NET I/O   BLOCK I/O        PIDS
ea03596ac975   pbbs_breadthFirstSearch   4859.28%   34.79GiB / 96GiB    36.24%    0B / 0B   45.7GB / 0B      52
ab0475217cb3   x265                      3854.68%   3.166GiB / 96GiB    3.30%     0B / 0B   256MB / 1.47MB   117
2025-02-17 05:35:32.643573
CONTAINER ID   NAME                      CPU %      MEM USAGE / LIMIT   MEM %     NET I/O   BLOCK I/O        PIDS
ea03596ac975   pbbs_breadthFirstSearch   4978.19%   34.79GiB / 96GiB    36.24%    0B / 0B   45.7GB / 0B      52
ab0475217cb3   x265                      3527.84%   3.165GiB / 96GiB    3.30%     0B / 0B   256MB / 1.47MB   117
2025-02-17 05:35:34.652162
CONTAINER ID   NAME                      CPU %      MEM USAGE / LIMIT   MEM %     NET I/O   BLOCK I/O        PIDS
ea03596ac975   pbbs_breadthFirstSearch   4929.35%   34.79GiB / 96GiB    36.24%    0B / 0B   45.7GB / 0B      52
ab0475217cb3   x265                      3538.44%   3.164GiB / 96GiB    3.30%     0B / 0B   256MB / 1.47MB   117
2025-02-17 05:35:36.661990
CONTAINER ID   NAME                      CPU %      MEM USAGE / LIMIT   MEM %     NET I/O   BLOCK I/O        PIDS
ea03596ac975   pbbs_breadthFirstSearch   4861.29%   34.79GiB / 96GiB    36.24%    0B / 0B   45.7GB / 0B      52
ab0475217cb3   x265                      3628.92%   3.164GiB / 96GiB    3.30%     0B / 0B   256MB / 1.47MB   117
2025-02-17 05:35:38.673253
CONTAINER ID   NAME                      CPU %      MEM USAGE / LIMIT   MEM %     NET I/O   BLOCK I/O        PIDS
ea03596ac975   pbbs_breadthFirstSearch   4956.65%   34.79GiB / 96GiB    36.24%    0B / 0B   45.7GB / 0B      52
ab0475217cb3   x265                      3544.17%   3.175GiB / 96GiB    3.31%     0B / 0B   256MB / 1.47MB   117
2025-02-17 05:35:40.689057
CONTAINER ID   NAME                      CPU %      MEM USAGE / LIMIT   MEM %     NET I/O   BLOCK I/O        PIDS
ea03596ac975   pbbs_breadthFirstSearch   4547.05%   34.79GiB / 96GiB    36.24%    0B / 0B   45.7GB / 0B      52
ab0475217cb3   x265                      4488.77%   3.175GiB / 96GiB    3.31%     0B / 0B   256MB / 1.47MB   117
2025-02-17 05:35:42.701934
CONTAINER ID   NAME                      CPU %      MEM USAGE / LIMIT   MEM %     NET I/O   BLOCK I/O        PIDS
ea03596ac975   pbbs_breadthFirstSearch   4925.66%   34.79GiB / 96GiB    36.24%    0B / 0B   45.7GB / 0B      52
ab0475217cb3   x265                      3584.08%   3.199GiB / 96GiB    3.33%     0B / 0B   258MB / 1.47MB   117
2025-02-17 05:35:44.708562
CONTAINER ID   NAME                      CPU %      MEM USAGE / LIMIT   MEM %     NET I/O   BLOCK I/O        PIDS
ea03596ac975   pbbs_breadthFirstSearch   4822.32%   34.79GiB / 96GiB    36.24%    0B / 0B   45.7GB / 0B      52
ab0475217cb3   x265                      3815.13%   3.232GiB / 96GiB    3.37%     0B / 0B   273MB / 1.47MB   117
2025-02-17 05:35:46.720831
CONTAINER ID   NAME                      CPU %      MEM USAGE / LIMIT   MEM %     NET I/O   BLOCK I/O        PIDS
ea03596ac975   pbbs_breadthFirstSearch   4806.02%   34.79GiB / 96GiB    36.24%    0B / 0B   45.7GB / 0B      52
ab0475217cb3   x265                      3798.10%   3.23GiB / 96GiB     3.37%     0B / 0B   273MB / 1.47MB   115
2025-02-17 05:35:48.730756
CONTAINER ID   NAME                      CPU %      MEM USAGE / LIMIT   MEM %     NET I/O   BLOCK I/O        PIDS
ea03596ac975   pbbs_breadthFirstSearch   4951.96%   34.79GiB / 96GiB    36.24%    0B / 0B   45.7GB / 0B      52
ab0475217cb3   x265                      3424.67%   3.23GiB / 96GiB     3.36%     0B / 0B   273MB / 1.47MB   115
2025-02-17 05:35:50.741579
CONTAINER ID   NAME                      CPU %      MEM USAGE / LIMIT   MEM %     NET I/O   BLOCK I/O        PIDS
ea03596ac975   pbbs_breadthFirstSearch   4881.90%   34.79GiB / 96GiB    36.24%    0B / 0B   45.7GB / 0B      52
ab0475217cb3   x265                      996.14%    701.9MiB / 96GiB    0.71%     0B / 0B   273MB / 2.14MB   117
2025-02-17 05:35:52.751169
CONTAINER ID   NAME                      CPU %      MEM USAGE / LIMIT   MEM %     NET I/O   BLOCK I/O        PIDS
ea03596ac975   pbbs_breadthFirstSearch   4987.48%   34.79GiB / 96GiB    36.24%    0B / 0B   45.7GB / 0B      52
ab0475217cb3   x265                      3388.06%   2.49GiB / 96GiB     2.59%     0B / 0B   273MB / 2.14MB   117
2025-02-17 05:35:54.768081
CONTAINER ID   NAME                      CPU %      MEM USAGE / LIMIT   MEM %     NET I/O   BLOCK I/O        PIDS
ea03596ac975   pbbs_breadthFirstSearch   4800.71%   34.79GiB / 96GiB    36.24%    0B / 0B   45.7GB / 0B      52
ab0475217cb3   x265                      2831.78%   3.126GiB / 96GiB    3.26%     0B / 0B   273MB / 2.14MB   117
2025-02-17 05:35:56.778304
CONTAINER ID   NAME                      CPU %      MEM USAGE / LIMIT   MEM %     NET I/O   BLOCK I/O        PIDS
ea03596ac975   pbbs_breadthFirstSearch   4901.78%   34.8GiB / 96GiB     36.25%    0B / 0B   45.7GB / 0B      52
ab0475217cb3   x265                      3726.24%   3.141GiB / 96GiB    3.27%     0B / 0B   273MB / 2.14MB   117
2025-02-17 05:35:58.790312
CONTAINER ID   NAME                      CPU %      MEM USAGE / LIMIT   MEM %     NET I/O   BLOCK I/O        PIDS
ea03596ac975   pbbs_breadthFirstSearch   4868.30%   34.8GiB / 96GiB     36.25%    0B / 0B   45.7GB / 0B      52
ab0475217cb3   x265                      3774.95%   3.142GiB / 96GiB    3.27%     0B / 0B   273MB / 2.14MB   117
2025-02-17 05:36:00.803771
CONTAINER ID   NAME                      CPU %      MEM USAGE / LIMIT   MEM %     NET I/O   BLOCK I/O        PIDS
ea03596ac975   pbbs_breadthFirstSearch   4929.16%   34.8GiB / 96GiB     36.25%    0B / 0B   45.7GB / 0B      52
ab0475217cb3   x265                      3623.62%   3.142GiB / 96GiB    3.27%     0B / 0B   273MB / 2.14MB   117
2025-02-17 05:36:02.811803
CONTAINER ID   NAME                      CPU %      MEM USAGE / LIMIT   MEM %     NET I/O   BLOCK I/O        PIDS
ea03596ac975   pbbs_breadthFirstSearch   4872.39%   34.8GiB / 96GiB     36.25%    0B / 0B   45.7GB / 0B      52
ab0475217cb3   x265                      3608.09%   3.143GiB / 96GiB    3.27%     0B / 0B   273MB / 2.14MB   117
2025-02-17 05:36:04.823262
CONTAINER ID   NAME                      CPU %      MEM USAGE / LIMIT   MEM %     NET I/O   BLOCK I/O        PIDS
ea03596ac975   pbbs_breadthFirstSearch   4860.69%   34.8GiB / 96GiB     36.25%    0B / 0B   45.7GB / 0B      52
ab0475217cb3   x265                      3699.13%   3.143GiB / 96GiB    3.27%     0B / 0B   273MB / 2.14MB   117
2025-02-17 05:36:06.834075
CONTAINER ID   NAME                      CPU %      MEM USAGE / LIMIT   MEM %     NET I/O   BLOCK I/O        PIDS
ea03596ac975   pbbs_breadthFirstSearch   4911.16%   34.8GiB / 96GiB     36.25%    0B / 0B   45.7GB / 0B      52
ab0475217cb3   x265                      3651.95%   3.142GiB / 96GiB    3.27%     0B / 0B   273MB / 2.14MB   117
2025-02-17 05:36:08.843412
CONTAINER ID   NAME                      CPU %      MEM USAGE / LIMIT   MEM %     NET I/O   BLOCK I/O        PIDS
ea03596ac975   pbbs_breadthFirstSearch   4891.25%   34.8GiB / 96GiB     36.25%    0B / 0B   45.7GB / 0B      52
ab0475217cb3   x265                      3671.14%   3.142GiB / 96GiB    3.27%     0B / 0B   273MB / 2.14MB   117
2025-02-17 05:36:10.853609
CONTAINER ID   NAME                      CPU %      MEM USAGE / LIMIT   MEM %     NET I/O   BLOCK I/O        PIDS
ea03596ac975   pbbs_breadthFirstSearch   4929.69%   34.8GiB / 96GiB     36.25%    0B / 0B   45.7GB / 0B      52
ab0475217cb3   x265                      3665.27%   3.158GiB / 96GiB    3.29%     0B / 0B   273MB / 2.14MB   117
2025-02-17 05:36:12.866259
CONTAINER ID   NAME                      CPU %      MEM USAGE / LIMIT   MEM %     NET I/O   BLOCK I/O        PIDS
ea03596ac975   pbbs_breadthFirstSearch   4911.34%   34.8GiB / 96GiB     36.25%    0B / 0B   45.7GB / 0B      52
ab0475217cb3   x265                      3700.63%   3.168GiB / 96GiB    3.30%     0B / 0B   273MB / 2.14MB   117
2025-02-17 05:36:14.874877
CONTAINER ID   NAME                      CPU %      MEM USAGE / LIMIT   MEM %     NET I/O   BLOCK I/O        PIDS
ea03596ac975   pbbs_breadthFirstSearch   4797.59%   34.8GiB / 96GiB     36.25%    0B / 0B   45.7GB / 0B      52
ab0475217cb3   x265                      3843.56%   3.167GiB / 96GiB    3.30%     0B / 0B   273MB / 2.14MB   117
2025-02-17 05:36:16.884534
CONTAINER ID   NAME                      CPU %      MEM USAGE / LIMIT   MEM %     NET I/O   BLOCK I/O        PIDS
ea03596ac975   pbbs_breadthFirstSearch   4771.12%   34.8GiB / 96GiB     36.25%    0B / 0B   45.7GB / 0B      52
ab0475217cb3   x265                      4086.20%   3.173GiB / 96GiB    3.31%     0B / 0B   273MB / 2.14MB   117
2025-02-17 05:36:18.896859
CONTAINER ID   NAME                      CPU %      MEM USAGE / LIMIT   MEM %     NET I/O   BLOCK I/O        PIDS
ea03596ac975   pbbs_breadthFirstSearch   4871.27%   34.8GiB / 96GiB     36.25%    0B / 0B   45.7GB / 0B      52
ab0475217cb3   x265                      3707.19%   3.172GiB / 96GiB    3.30%     0B / 0B   273MB / 2.14MB   117
2025-02-17 05:36:20.906358
CONTAINER ID   NAME                      CPU %      MEM USAGE / LIMIT   MEM %     NET I/O   BLOCK I/O        PIDS
ea03596ac975   pbbs_breadthFirstSearch   4878.28%   34.8GiB / 96GiB     36.25%    0B / 0B   45.7GB / 0B      52
ab0475217cb3   x265                      3757.90%   3.172GiB / 96GiB    3.30%     0B / 0B   273MB / 2.14MB   117
2025-02-17 05:36:22.916652
CONTAINER ID   NAME                      CPU %      MEM USAGE / LIMIT   MEM %     NET I/O   BLOCK I/O        PIDS
ea03596ac975   pbbs_breadthFirstSearch   4850.26%   34.8GiB / 96GiB     36.25%    0B / 0B   45.7GB / 0B      52
ab0475217cb3   x265                      3698.33%   3.172GiB / 96GiB    3.30%     0B / 0B   273MB / 2.14MB   117
2025-02-17 05:36:24.926946
CONTAINER ID   NAME                      CPU %      MEM USAGE / LIMIT   MEM %     NET I/O   BLOCK I/O        PIDS
ea03596ac975   pbbs_breadthFirstSearch   4944.38%   34.8GiB / 96GiB     36.25%    0B / 0B   45.7GB / 0B      52
ab0475217cb3   x265                      3617.03%   3.178GiB / 96GiB    3.31%     0B / 0B   273MB / 2.14MB   117
2025-02-17 05:36:26.936999
CONTAINER ID   NAME                      CPU %      MEM USAGE / LIMIT   MEM %     NET I/O   BLOCK I/O        PIDS
ea03596ac975   pbbs_breadthFirstSearch   4930.71%   34.8GiB / 96GiB     36.25%    0B / 0B   45.7GB / 0B      52
ab0475217cb3   x265                      3696.82%   3.179GiB / 96GiB    3.31%     0B / 0B   273MB / 2.14MB   117
2025-02-17 05:36:28.945702
CONTAINER ID   NAME                      CPU %      MEM USAGE / LIMIT   MEM %     NET I/O   BLOCK I/O        PIDS
ea03596ac975   pbbs_breadthFirstSearch   4906.24%   34.8GiB / 96GiB     36.25%    0B / 0B   45.7GB / 0B      52
ab0475217cb3   x265                      3546.66%   3.179GiB / 96GiB    3.31%     0B / 0B   273MB / 2.14MB   117
2025-02-17 05:36:30.958327
CONTAINER ID   NAME                      CPU %      MEM USAGE / LIMIT   MEM %     NET I/O   BLOCK I/O        PIDS
ea03596ac975   pbbs_breadthFirstSearch   4869.87%   34.8GiB / 96GiB     36.25%    0B / 0B   45.7GB / 0B      52
ab0475217cb3   x265                      3664.63%   3.179GiB / 96GiB    3.31%     0B / 0B   273MB / 2.14MB   117
2025-02-17 05:36:32.969575
CONTAINER ID   NAME                      CPU %      MEM USAGE / LIMIT   MEM %     NET I/O   BLOCK I/O        PIDS
ea03596ac975   pbbs_breadthFirstSearch   4847.76%   34.8GiB / 96GiB     36.25%    0B / 0B   45.7GB / 0B      52
ab0475217cb3   x265                      3659.47%   3.179GiB / 96GiB    3.31%     0B / 0B   273MB / 2.14MB   117
2025-02-17 05:36:34.981923
CONTAINER ID   NAME                      CPU %      MEM USAGE / LIMIT   MEM %     NET I/O   BLOCK I/O        PIDS
ea03596ac975   pbbs_breadthFirstSearch   4908.55%   34.8GiB / 96GiB     36.25%    0B / 0B   45.7GB / 0B      52
ab0475217cb3   x265                      3598.95%   3.179GiB / 96GiB    3.31%     0B / 0B   273MB / 2.14MB   117
2025-02-17 05:36:36.992189
CONTAINER ID   NAME                      CPU %      MEM USAGE / LIMIT   MEM %     NET I/O   BLOCK I/O        PIDS
ea03596ac975   pbbs_breadthFirstSearch   4927.78%   34.8GiB / 96GiB     36.25%    0B / 0B   45.7GB / 0B      52
ab0475217cb3   x265                      3650.68%   3.179GiB / 96GiB    3.31%     0B / 0B   273MB / 2.14MB   117
2025-02-17 05:36:39.004512
CONTAINER ID   NAME                      CPU %      MEM USAGE / LIMIT   MEM %     NET I/O   BLOCK I/O        PIDS
ea03596ac975   pbbs_breadthFirstSearch   4835.81%   34.8GiB / 96GiB     36.25%    0B / 0B   45.7GB / 0B      52
ab0475217cb3   x265                      3735.13%   3.179GiB / 96GiB    3.31%     0B / 0B   273MB / 2.14MB   117
2025-02-17 05:36:41.014081
CONTAINER ID   NAME                      CPU %      MEM USAGE / LIMIT   MEM %     NET I/O   BLOCK I/O        PIDS
ea03596ac975   pbbs_breadthFirstSearch   4622.91%   34.8GiB / 96GiB     36.25%    0B / 0B   45.7GB / 0B      52
ab0475217cb3   x265                      3946.40%   3.194GiB / 96GiB    3.33%     0B / 0B   273MB / 2.14MB   117
2025-02-17 05:36:43.025935
CONTAINER ID   NAME                      CPU %      MEM USAGE / LIMIT   MEM %     NET I/O   BLOCK I/O        PIDS
ea03596ac975   pbbs_breadthFirstSearch   4620.31%   34.8GiB / 96GiB     36.25%    0B / 0B   45.7GB / 0B      52
ab0475217cb3   x265                      4469.18%   3.206GiB / 96GiB    3.34%     0B / 0B   273MB / 2.14MB   117
2025-02-17 05:36:45.039021
CONTAINER ID   NAME                      CPU %      MEM USAGE / LIMIT   MEM %     NET I/O   BLOCK I/O        PIDS
ea03596ac975   pbbs_breadthFirstSearch   4868.34%   34.8GiB / 96GiB     36.25%    0B / 0B   45.7GB / 0B      52
ab0475217cb3   x265                      3663.31%   3.23GiB / 96GiB     3.36%     0B / 0B   273MB / 2.14MB   117
2025-02-17 05:36:47.054031
CONTAINER ID   NAME                      CPU %      MEM USAGE / LIMIT   MEM %     NET I/O   BLOCK I/O        PIDS
ea03596ac975   pbbs_breadthFirstSearch   4841.07%   34.8GiB / 96GiB     36.25%    0B / 0B   45.7GB / 0B      52
ab0475217cb3   x265                      3765.08%   3.242GiB / 96GiB    3.38%     0B / 0B   273MB / 2.14MB   117
2025-02-17 05:36:49.060730
CONTAINER ID   NAME                      CPU %      MEM USAGE / LIMIT   MEM %     NET I/O   BLOCK I/O        PIDS
ea03596ac975   pbbs_breadthFirstSearch   4933.80%   34.8GiB / 96GiB     36.25%    0B / 0B   45.7GB / 0B      52
ab0475217cb3   x265                      3521.77%   3.243GiB / 96GiB    3.38%     0B / 0B   273MB / 2.14MB   115
2025-02-17 05:36:51.071654
CONTAINER ID   NAME                      CPU %      MEM USAGE / LIMIT   MEM %     NET I/O   BLOCK I/O        PIDS
ea03596ac975   pbbs_breadthFirstSearch   4942.56%   34.8GiB / 96GiB     36.25%    0B / 0B   45.7GB / 0B      52
ab0475217cb3   x265                      3557.90%   3.243GiB / 96GiB    3.38%     0B / 0B   273MB / 2.14MB   115
2025-02-17 05:36:53.084616
CONTAINER ID   NAME                      CPU %      MEM USAGE / LIMIT   MEM %     NET I/O   BLOCK I/O       PIDS
ea03596ac975   pbbs_breadthFirstSearch   4801.39%   34.8GiB / 96GiB     36.25%    0B / 0B   45.7GB / 0B     52
ab0475217cb3   x265                      781.50%    1.14GiB / 96GiB     1.19%     0B / 0B   273MB / 2.9MB   117
2025-02-17 05:36:55.095684
CONTAINER ID   NAME                      CPU %      MEM USAGE / LIMIT   MEM %     NET I/O   BLOCK I/O       PIDS
ea03596ac975   pbbs_breadthFirstSearch   4953.60%   34.8GiB / 96GiB     36.25%    0B / 0B   45.7GB / 0B     52
ab0475217cb3   x265                      3588.65%   2.885GiB / 96GiB    3.00%     0B / 0B   273MB / 2.9MB   117
2025-02-17 05:36:57.111328
CONTAINER ID   NAME                      CPU %      MEM USAGE / LIMIT   MEM %     NET I/O   BLOCK I/O       PIDS
ea03596ac975   pbbs_breadthFirstSearch   4938.83%   34.8GiB / 96GiB     36.25%    0B / 0B   45.7GB / 0B     52
ab0475217cb3   x265                      3619.75%   3.141GiB / 96GiB    3.27%     0B / 0B   273MB / 2.9MB   117
2025-02-17 05:36:59.126900
CONTAINER ID   NAME                      CPU %      MEM USAGE / LIMIT   MEM %     NET I/O   BLOCK I/O       PIDS
ea03596ac975   pbbs_breadthFirstSearch   4854.91%   34.8GiB / 96GiB     36.25%    0B / 0B   45.7GB / 0B     52
ab0475217cb3   x265                      3708.26%   3.142GiB / 96GiB    3.27%     0B / 0B   273MB / 2.9MB   117
2025-02-17 05:37:01.131256
CONTAINER ID   NAME                      CPU %      MEM USAGE / LIMIT   MEM %     NET I/O   BLOCK I/O       PIDS
ea03596ac975   pbbs_breadthFirstSearch   4931.19%   34.8GiB / 96GiB     36.25%    0B / 0B   45.7GB / 0B     52
ab0475217cb3   x265                      3716.60%   3.143GiB / 96GiB    3.27%     0B / 0B   273MB / 2.9MB   117
2025-02-17 05:37:03.143363
CONTAINER ID   NAME                      CPU %      MEM USAGE / LIMIT   MEM %     NET I/O   BLOCK I/O       PIDS
ea03596ac975   pbbs_breadthFirstSearch   4939.92%   34.8GiB / 96GiB     36.25%    0B / 0B   45.7GB / 0B     52
ab0475217cb3   x265                      3719.75%   3.143GiB / 96GiB    3.27%     0B / 0B   273MB / 2.9MB   117
2025-02-17 05:37:05.151676
CONTAINER ID   NAME                      CPU %      MEM USAGE / LIMIT   MEM %     NET I/O   BLOCK I/O       PIDS
ea03596ac975   pbbs_breadthFirstSearch   4909.22%   34.8GiB / 96GiB     36.25%    0B / 0B   45.7GB / 0B     52
ab0475217cb3   x265                      3661.56%   3.144GiB / 96GiB    3.27%     0B / 0B   273MB / 2.9MB   117
2025-02-17 05:37:07.162416
CONTAINER ID   NAME                      CPU %      MEM USAGE / LIMIT   MEM %     NET I/O   BLOCK I/O       PIDS
ea03596ac975   pbbs_breadthFirstSearch   4785.70%   34.8GiB / 96GiB     36.25%    0B / 0B   45.7GB / 0B     52
ab0475217cb3   x265                      3682.11%   3.144GiB / 96GiB    3.28%     0B / 0B   273MB / 2.9MB   117
2025-02-17 05:37:09.170012
CONTAINER ID   NAME                      CPU %      MEM USAGE / LIMIT   MEM %     NET I/O   BLOCK I/O       PIDS
ea03596ac975   pbbs_breadthFirstSearch   4846.66%   34.8GiB / 96GiB     36.25%    0B / 0B   45.7GB / 0B     52
ab0475217cb3   x265                      3721.86%   3.144GiB / 96GiB    3.27%     0B / 0B   273MB / 2.9MB   117
2025-02-17 05:37:11.181653
CONTAINER ID   NAME                      CPU %      MEM USAGE / LIMIT   MEM %     NET I/O   BLOCK I/O       PIDS
ea03596ac975   pbbs_breadthFirstSearch   5004.02%   34.8GiB / 96GiB     36.25%    0B / 0B   45.7GB / 0B     52
ab0475217cb3   x265                      3629.33%   3.144GiB / 96GiB    3.28%     0B / 0B   273MB / 2.9MB   117
2025-02-17 05:37:13.188973
CONTAINER ID   NAME                      CPU %      MEM USAGE / LIMIT   MEM %     NET I/O   BLOCK I/O       PIDS
ea03596ac975   pbbs_breadthFirstSearch   4963.34%   34.8GiB / 96GiB     36.25%    0B / 0B   45.7GB / 0B     52
ab0475217cb3   x265                      3628.82%   3.161GiB / 96GiB    3.29%     0B / 0B   273MB / 2.9MB   117
2025-02-17 05:37:15.200479
CONTAINER ID   NAME                      CPU %      MEM USAGE / LIMIT   MEM %     NET I/O   BLOCK I/O       PIDS
ea03596ac975   pbbs_breadthFirstSearch   4821.93%   34.8GiB / 96GiB     36.25%    0B / 0B   45.7GB / 0B     52
ab0475217cb3   x265                      3735.95%   3.166GiB / 96GiB    3.30%     0B / 0B   273MB / 2.9MB   117
2025-02-17 05:37:17.211172
CONTAINER ID   NAME                      CPU %      MEM USAGE / LIMIT   MEM %     NET I/O   BLOCK I/O       PIDS
ea03596ac975   pbbs_breadthFirstSearch   4925.43%   34.8GiB / 96GiB     36.25%    0B / 0B   45.7GB / 0B     52
ab0475217cb3   x265                      3619.62%   3.165GiB / 96GiB    3.30%     0B / 0B   273MB / 2.9MB   117
2025-02-17 05:37:19.220780
CONTAINER ID   NAME                      CPU %      MEM USAGE / LIMIT   MEM %     NET I/O   BLOCK I/O       PIDS
ea03596ac975   pbbs_breadthFirstSearch   4622.05%   34.8GiB / 96GiB     36.25%    0B / 0B   45.7GB / 0B     52
ab0475217cb3   x265                      4362.24%   3.172GiB / 96GiB    3.30%     0B / 0B   273MB / 2.9MB   117
2025-02-17 05:37:21.236275
CONTAINER ID   NAME                      CPU %      MEM USAGE / LIMIT   MEM %     NET I/O   BLOCK I/O       PIDS
ea03596ac975   pbbs_breadthFirstSearch   4862.13%   34.8GiB / 96GiB     36.25%    0B / 0B   45.7GB / 0B     52
ab0475217cb3   x265                      3861.55%   3.171GiB / 96GiB    3.30%     0B / 0B   273MB / 2.9MB   117
2025-02-17 05:37:23.246074
CONTAINER ID   NAME                      CPU %      MEM USAGE / LIMIT   MEM %     NET I/O   BLOCK I/O       PIDS
ea03596ac975   pbbs_breadthFirstSearch   4970.25%   34.8GiB / 96GiB     36.25%    0B / 0B   45.7GB / 0B     52
ab0475217cb3   x265                      3704.82%   3.171GiB / 96GiB    3.30%     0B / 0B   273MB / 2.9MB   117
2025-02-17 05:37:25.256678
CONTAINER ID   NAME                      CPU %      MEM USAGE / LIMIT   MEM %     NET I/O   BLOCK I/O       PIDS
ea03596ac975   pbbs_breadthFirstSearch   4899.08%   34.8GiB / 96GiB     36.25%    0B / 0B   45.7GB / 0B     52
ab0475217cb3   x265                      3745.97%   3.171GiB / 96GiB    3.30%     0B / 0B   273MB / 2.9MB   117
2025-02-17 05:37:27.265840
CONTAINER ID   NAME                      CPU %      MEM USAGE / LIMIT   MEM %     NET I/O   BLOCK I/O       PIDS
ea03596ac975   pbbs_breadthFirstSearch   4886.90%   34.8GiB / 96GiB     36.25%    0B / 0B   45.7GB / 0B     52
ab0475217cb3   x265                      3694.83%   3.178GiB / 96GiB    3.31%     0B / 0B   273MB / 2.9MB   117
2025-02-17 05:37:29.275472
CONTAINER ID   NAME                      CPU %      MEM USAGE / LIMIT   MEM %     NET I/O   BLOCK I/O       PIDS
ea03596ac975   pbbs_breadthFirstSearch   4945.51%   34.8GiB / 96GiB     36.25%    0B / 0B   45.7GB / 0B     52
ab0475217cb3   x265                      3627.57%   3.179GiB / 96GiB    3.31%     0B / 0B   273MB / 2.9MB   117
2025-02-17 05:37:31.286214
CONTAINER ID   NAME                      CPU %      MEM USAGE / LIMIT   MEM %     NET I/O   BLOCK I/O       PIDS
ea03596ac975   pbbs_breadthFirstSearch   4901.13%   34.8GiB / 96GiB     36.25%    0B / 0B   45.7GB / 0B     52
ab0475217cb3   x265                      3599.18%   3.179GiB / 96GiB    3.31%     0B / 0B   273MB / 2.9MB   117
2025-02-17 05:37:33.296909
CONTAINER ID   NAME                      CPU %      MEM USAGE / LIMIT   MEM %     NET I/O   BLOCK I/O       PIDS
ea03596ac975   pbbs_breadthFirstSearch   4938.40%   34.8GiB / 96GiB     36.25%    0B / 0B   45.7GB / 0B     52
ab0475217cb3   x265                      3664.42%   3.178GiB / 96GiB    3.31%     0B / 0B   273MB / 2.9MB   117
2025-02-17 05:37:35.307149
CONTAINER ID   NAME                      CPU %      MEM USAGE / LIMIT   MEM %     NET I/O   BLOCK I/O       PIDS
ea03596ac975   pbbs_breadthFirstSearch   4852.98%   34.8GiB / 96GiB     36.25%    0B / 0B   45.7GB / 0B     52
ab0475217cb3   x265                      3797.27%   3.178GiB / 96GiB    3.31%     0B / 0B   273MB / 2.9MB   117
2025-02-17 05:37:37.316525
CONTAINER ID   NAME                      CPU %      MEM USAGE / LIMIT   MEM %     NET I/O   BLOCK I/O       PIDS
ea03596ac975   pbbs_breadthFirstSearch   4924.25%   34.8GiB / 96GiB     36.25%    0B / 0B   45.7GB / 0B     52
ab0475217cb3   x265                      3596.97%   3.178GiB / 96GiB    3.31%     0B / 0B   273MB / 2.9MB   117
2025-02-17 05:37:39.328427
CONTAINER ID   NAME                      CPU %      MEM USAGE / LIMIT   MEM %     NET I/O   BLOCK I/O       PIDS
ea03596ac975   pbbs_breadthFirstSearch   4919.77%   34.8GiB / 96GiB     36.25%    0B / 0B   45.7GB / 0B     52
ab0475217cb3   x265                      3677.00%   3.178GiB / 96GiB    3.31%     0B / 0B   273MB / 2.9MB   117
2025-02-17 05:37:41.340210
CONTAINER ID   NAME                      CPU %      MEM USAGE / LIMIT   MEM %     NET I/O   BLOCK I/O       PIDS
ea03596ac975   pbbs_breadthFirstSearch   4909.98%   34.8GiB / 96GiB     36.25%    0B / 0B   45.7GB / 0B     52
ab0475217cb3   x265                      3719.62%   3.178GiB / 96GiB    3.31%     0B / 0B   273MB / 2.9MB   117
2025-02-17 05:37:43.349289
CONTAINER ID   NAME                      CPU %      MEM USAGE / LIMIT   MEM %     NET I/O   BLOCK I/O       PIDS
ea03596ac975   pbbs_breadthFirstSearch   4825.19%   34.8GiB / 96GiB     36.25%    0B / 0B   45.7GB / 0B     52
ab0475217cb3   x265                      3741.93%   3.192GiB / 96GiB    3.33%     0B / 0B   273MB / 2.9MB   117
2025-02-17 05:37:45.358463
CONTAINER ID   NAME                      CPU %      MEM USAGE / LIMIT   MEM %     NET I/O   BLOCK I/O       PIDS
ea03596ac975   pbbs_breadthFirstSearch   4750.83%   34.8GiB / 96GiB     36.25%    0B / 0B   45.7GB / 0B     52
ab0475217cb3   x265                      4439.61%   3.205GiB / 96GiB    3.34%     0B / 0B   273MB / 2.9MB   117
2025-02-17 05:37:47.395518
CONTAINER ID   NAME                      CPU %      MEM USAGE / LIMIT   MEM %     NET I/O   BLOCK I/O       PIDS
ea03596ac975   pbbs_breadthFirstSearch   4894.77%   34.8GiB / 96GiB     36.25%    0B / 0B   45.7GB / 0B     52
ab0475217cb3   x265                      3754.51%   3.226GiB / 96GiB    3.36%     0B / 0B   273MB / 2.9MB   117
2025-02-17 05:37:49.405753
CONTAINER ID   NAME                      CPU %      MEM USAGE / LIMIT   MEM %     NET I/O   BLOCK I/O       PIDS
ea03596ac975   pbbs_breadthFirstSearch   4820.76%   34.8GiB / 96GiB     36.25%    0B / 0B   45.7GB / 0B     52
ab0475217cb3   x265                      3775.89%   3.243GiB / 96GiB    3.38%     0B / 0B   273MB / 2.9MB   117
2025-02-17 05:37:51.416660
CONTAINER ID   NAME                      CPU %      MEM USAGE / LIMIT   MEM %     NET I/O   BLOCK I/O       PIDS
ea03596ac975   pbbs_breadthFirstSearch   4855.39%   34.8GiB / 96GiB     36.25%    0B / 0B   45.7GB / 0B     52
ab0475217cb3   x265                      3694.19%   3.243GiB / 96GiB    3.38%     0B / 0B   273MB / 2.9MB   115
2025-02-17 05:37:53.427260
CONTAINER ID   NAME                      CPU %      MEM USAGE / LIMIT   MEM %     NET I/O   BLOCK I/O       PIDS
ea03596ac975   pbbs_breadthFirstSearch   4976.29%   34.8GiB / 96GiB     36.25%    0B / 0B   45.7GB / 0B     52
ab0475217cb3   x265                      3203.60%   3.243GiB / 96GiB    3.38%     0B / 0B   273MB / 2.9MB   115
2025-02-17 05:37:55.435979
CONTAINER ID   NAME                      CPU %      MEM USAGE / LIMIT   MEM %     NET I/O   BLOCK I/O        PIDS
ea03596ac975   pbbs_breadthFirstSearch   4817.20%   34.8GiB / 96GiB     36.25%    0B / 0B   45.7GB / 0B      52
ab0475217cb3   x265                      865.77%    885.2MiB / 96GiB    0.90%     0B / 0B   273MB / 2.93MB   117
2025-02-17 05:37:57.447172
CONTAINER ID   NAME                      CPU %      MEM USAGE / LIMIT   MEM %     NET I/O   BLOCK I/O        PIDS
ea03596ac975   pbbs_breadthFirstSearch   4958.91%   34.8GiB / 96GiB     36.25%    0B / 0B   45.7GB / 0B      52
ab0475217cb3   x265                      3410.81%   2.654GiB / 96GiB    2.76%     0B / 0B   273MB / 2.93MB   117
2025-02-17 05:37:59.459810
CONTAINER ID   NAME                      CPU %      MEM USAGE / LIMIT   MEM %     NET I/O   BLOCK I/O        PIDS
ea03596ac975   pbbs_breadthFirstSearch   4819.63%   34.8GiB / 96GiB     36.25%    0B / 0B   45.7GB / 0B      52
ab0475217cb3   x265                      3785.69%   3.141GiB / 96GiB    3.27%     0B / 0B   273MB / 2.93MB   117
2025-02-17 05:38:01.472841
CONTAINER ID   NAME                      CPU %      MEM USAGE / LIMIT   MEM %     NET I/O   BLOCK I/O        PIDS
ea03596ac975   pbbs_breadthFirstSearch   4919.77%   34.8GiB / 96GiB     36.25%    0B / 0B   45.7GB / 0B      52
ab0475217cb3   x265                      3671.91%   3.141GiB / 96GiB    3.27%     0B / 0B   273MB / 2.93MB   117
2025-02-17 05:38:03.483940
CONTAINER ID   NAME                      CPU %      MEM USAGE / LIMIT   MEM %     NET I/O   BLOCK I/O        PIDS
ea03596ac975   pbbs_breadthFirstSearch   4870.62%   34.8GiB / 96GiB     36.25%    0B / 0B   45.7GB / 0B      52
ab0475217cb3   x265                      3613.70%   3.142GiB / 96GiB    3.27%     0B / 0B   273MB / 2.93MB   117
2025-02-17 05:38:05.496050
CONTAINER ID   NAME                      CPU %      MEM USAGE / LIMIT   MEM %     NET I/O   BLOCK I/O        PIDS
ea03596ac975   pbbs_breadthFirstSearch   4919.86%   34.8GiB / 96GiB     36.25%    0B / 0B   45.7GB / 0B      52
ab0475217cb3   x265                      3678.30%   3.143GiB / 96GiB    3.27%     0B / 0B   273MB / 2.93MB   117
2025-02-17 05:38:07.509782
CONTAINER ID   NAME                      CPU %      MEM USAGE / LIMIT   MEM %     NET I/O   BLOCK I/O        PIDS
ea03596ac975   pbbs_breadthFirstSearch   4923.61%   34.8GiB / 96GiB     36.25%    0B / 0B   45.7GB / 0B      52
ab0475217cb3   x265                      3710.16%   3.143GiB / 96GiB    3.27%     0B / 0B   273MB / 2.93MB   117
2025-02-17 05:38:09.517535
CONTAINER ID   NAME                      CPU %      MEM USAGE / LIMIT   MEM %     NET I/O   BLOCK I/O        PIDS
ea03596ac975   pbbs_breadthFirstSearch   4848.54%   34.8GiB / 96GiB     36.25%    0B / 0B   45.7GB / 0B      52
ab0475217cb3   x265                      3815.17%   3.144GiB / 96GiB    3.28%     0B / 0B   273MB / 2.93MB   117
2025-02-17 05:38:11.530016
CONTAINER ID   NAME                      CPU %      MEM USAGE / LIMIT   MEM %     NET I/O   BLOCK I/O        PIDS
ea03596ac975   pbbs_breadthFirstSearch   4974.52%   34.8GiB / 96GiB     36.25%    0B / 0B   45.7GB / 0B      52
ab0475217cb3   x265                      3510.84%   3.143GiB / 96GiB    3.27%     0B / 0B   273MB / 2.93MB   117
2025-02-17 05:38:13.540672
CONTAINER ID   NAME                      CPU %      MEM USAGE / LIMIT   MEM %     NET I/O   BLOCK I/O        PIDS
ea03596ac975   pbbs_breadthFirstSearch   4836.71%   34.8GiB / 96GiB     36.25%    0B / 0B   45.7GB / 0B      52
ab0475217cb3   x265                      3814.70%   3.143GiB / 96GiB    3.27%     0B / 0B   273MB / 2.93MB   117
2025-02-17 05:38:15.552493
CONTAINER ID   NAME                      CPU %      MEM USAGE / LIMIT   MEM %     NET I/O   BLOCK I/O        PIDS
ea03596ac975   pbbs_breadthFirstSearch   4940.65%   34.8GiB / 96GiB     36.25%    0B / 0B   45.7GB / 0B      52
ab0475217cb3   x265                      3699.82%   3.17GiB / 96GiB     3.30%     0B / 0B   273MB / 2.93MB   117
2025-02-17 05:38:17.561397
CONTAINER ID   NAME                      CPU %      MEM USAGE / LIMIT   MEM %     NET I/O   BLOCK I/O        PIDS
ea03596ac975   pbbs_breadthFirstSearch   4851.00%   34.8GiB / 96GiB     36.25%    0B / 0B   45.7GB / 0B      52
ab0475217cb3   x265                      3730.06%   3.17GiB / 96GiB     3.30%     0B / 0B   273MB / 2.93MB   117
2025-02-17 05:38:19.569782
CONTAINER ID   NAME                      CPU %      MEM USAGE / LIMIT   MEM %     NET I/O   BLOCK I/O        PIDS
ea03596ac975   pbbs_breadthFirstSearch   4786.99%   34.8GiB / 96GiB     36.25%    0B / 0B   45.7GB / 0B      52
ab0475217cb3   x265                      3783.75%   3.174GiB / 96GiB    3.31%     0B / 0B   273MB / 2.93MB   117
2025-02-17 05:38:21.581386
CONTAINER ID   NAME                      CPU %      MEM USAGE / LIMIT   MEM %     NET I/O   BLOCK I/O        PIDS
ea03596ac975   pbbs_breadthFirstSearch   4575.09%   34.8GiB / 96GiB     36.25%    0B / 0B   45.7GB / 0B      52
ab0475217cb3   x265                      4524.29%   3.176GiB / 96GiB    3.31%     0B / 0B   273MB / 2.93MB   117
2025-02-17 05:38:23.593041
CONTAINER ID   NAME                      CPU %      MEM USAGE / LIMIT   MEM %     NET I/O   BLOCK I/O        PIDS
ea03596ac975   pbbs_breadthFirstSearch   4844.63%   34.8GiB / 96GiB     36.25%    0B / 0B   45.7GB / 0B      52
ab0475217cb3   x265                      3781.68%   3.176GiB / 96GiB    3.31%     0B / 0B   273MB / 2.93MB   117
2025-02-17 05:38:25.600639
CONTAINER ID   NAME                      CPU %      MEM USAGE / LIMIT   MEM %     NET I/O   BLOCK I/O        PIDS
ea03596ac975   pbbs_breadthFirstSearch   4904.70%   34.8GiB / 96GiB     36.25%    0B / 0B   45.7GB / 0B      52
ab0475217cb3   x265                      3631.78%   3.176GiB / 96GiB    3.31%     0B / 0B   273MB / 2.93MB   117
2025-02-17 05:38:27.612235
CONTAINER ID   NAME                      CPU %      MEM USAGE / LIMIT   MEM %     NET I/O   BLOCK I/O        PIDS
ea03596ac975   pbbs_breadthFirstSearch   4953.16%   34.8GiB / 96GiB     36.25%    0B / 0B   45.7GB / 0B      52
ab0475217cb3   x265                      3705.40%   3.186GiB / 96GiB    3.32%     0B / 0B   273MB / 2.93MB   117
2025-02-17 05:38:29.621708
CONTAINER ID   NAME                      CPU %      MEM USAGE / LIMIT   MEM %     NET I/O   BLOCK I/O        PIDS
ea03596ac975   pbbs_breadthFirstSearch   4920.58%   34.8GiB / 96GiB     36.25%    0B / 0B   45.7GB / 0B      52
ab0475217cb3   x265                      3764.43%   3.186GiB / 96GiB    3.32%     0B / 0B   273MB / 2.93MB   117
2025-02-17 05:38:31.631707
CONTAINER ID   NAME                      CPU %      MEM USAGE / LIMIT   MEM %     NET I/O   BLOCK I/O        PIDS
ea03596ac975   pbbs_breadthFirstSearch   4737.40%   34.8GiB / 96GiB     36.25%    0B / 0B   45.7GB / 0B      52
ab0475217cb3   x265                      3779.74%   3.186GiB / 96GiB    3.32%     0B / 0B   273MB / 2.93MB   117
2025-02-17 05:38:33.644671
CONTAINER ID   NAME                      CPU %      MEM USAGE / LIMIT   MEM %     NET I/O   BLOCK I/O        PIDS
ea03596ac975   pbbs_breadthFirstSearch   4863.28%   34.8GiB / 96GiB     36.25%    0B / 0B   45.7GB / 0B      52
ab0475217cb3   x265                      3694.34%   3.185GiB / 96GiB    3.32%     0B / 0B   273MB / 2.93MB   117
2025-02-17 05:38:35.656440
CONTAINER ID   NAME                      CPU %      MEM USAGE / LIMIT   MEM %     NET I/O   BLOCK I/O        PIDS
ea03596ac975   pbbs_breadthFirstSearch   4881.15%   34.8GiB / 96GiB     36.25%    0B / 0B   45.7GB / 0B      52
ab0475217cb3   x265                      3635.83%   3.185GiB / 96GiB    3.32%     0B / 0B   273MB / 2.93MB   117
2025-02-17 05:38:37.668332
CONTAINER ID   NAME                      CPU %      MEM USAGE / LIMIT   MEM %     NET I/O   BLOCK I/O        PIDS
ea03596ac975   pbbs_breadthFirstSearch   4907.94%   34.8GiB / 96GiB     36.25%    0B / 0B   45.7GB / 0B      52
ab0475217cb3   x265                      3696.83%   3.185GiB / 96GiB    3.32%     0B / 0B   273MB / 2.93MB   117
2025-02-17 05:38:39.678817
CONTAINER ID   NAME                      CPU %      MEM USAGE / LIMIT   MEM %     NET I/O   BLOCK I/O        PIDS
ea03596ac975   pbbs_breadthFirstSearch   4948.36%   34.8GiB / 96GiB     36.25%    0B / 0B   45.7GB / 0B      52
ab0475217cb3   x265                      3736.74%   3.185GiB / 96GiB    3.32%     0B / 0B   273MB / 2.93MB   117
2025-02-17 05:38:41.691530
CONTAINER ID   NAME                      CPU %      MEM USAGE / LIMIT   MEM %     NET I/O   BLOCK I/O        PIDS
ea03596ac975   pbbs_breadthFirstSearch   4967.32%   34.8GiB / 96GiB     36.25%    0B / 0B   45.7GB / 0B      52
ab0475217cb3   x265                      3574.19%   3.185GiB / 96GiB    3.32%     0B / 0B   273MB / 2.93MB   117
2025-02-17 05:38:43.704066
CONTAINER ID   NAME                      CPU %      MEM USAGE / LIMIT   MEM %     NET I/O   BLOCK I/O        PIDS
ea03596ac975   pbbs_breadthFirstSearch   4937.50%   34.8GiB / 96GiB     36.25%    0B / 0B   45.7GB / 0B      52
ab0475217cb3   x265                      3678.08%   3.185GiB / 96GiB    3.32%     0B / 0B   273MB / 2.93MB   117
2025-02-17 05:38:45.712463
CONTAINER ID   NAME                      CPU %      MEM USAGE / LIMIT   MEM %     NET I/O   BLOCK I/O        PIDS
ea03596ac975   pbbs_breadthFirstSearch   4670.95%   34.8GiB / 96GiB     36.25%    0B / 0B   45.7GB / 0B      52
ab0475217cb3   x265                      4011.44%   3.198GiB / 96GiB    3.33%     0B / 0B   273MB / 2.93MB   117
2025-02-17 05:38:47.720144
CONTAINER ID   NAME                      CPU %      MEM USAGE / LIMIT   MEM %     NET I/O   BLOCK I/O        PIDS
ea03596ac975   pbbs_breadthFirstSearch   4775.46%   34.8GiB / 96GiB     36.25%    0B / 0B   45.7GB / 0B      52
ab0475217cb3   x265                      3022.26%   3.202GiB / 96GiB    3.34%     0B / 0B   273MB / 2.93MB   117
2025-02-17 05:38:49.731736
CONTAINER ID   NAME                      CPU %      MEM USAGE / LIMIT   MEM %     NET I/O   BLOCK I/O        PIDS
ea03596ac975   pbbs_breadthFirstSearch   4824.72%   34.8GiB / 96GiB     36.25%    0B / 0B   45.7GB / 0B      52
ab0475217cb3   x265                      3859.91%   3.224GiB / 96GiB    3.36%     0B / 0B   273MB / 2.93MB   117
2025-02-17 05:38:51.741690
CONTAINER ID   NAME                      CPU %      MEM USAGE / LIMIT   MEM %     NET I/O   BLOCK I/O        PIDS
ea03596ac975   pbbs_breadthFirstSearch   4927.30%   34.8GiB / 96GiB     36.25%    0B / 0B   45.7GB / 0B      52
ab0475217cb3   x265                      3899.38%   3.234GiB / 96GiB    3.37%     0B / 0B   273MB / 2.93MB   117
2025-02-17 05:38:53.752539
CONTAINER ID   NAME                      CPU %      MEM USAGE / LIMIT   MEM %     NET I/O   BLOCK I/O        PIDS
ea03596ac975   pbbs_breadthFirstSearch   4970.28%   34.8GiB / 96GiB     36.25%    0B / 0B   45.7GB / 0B      52
ab0475217cb3   x265                      3696.16%   3.233GiB / 96GiB    3.37%     0B / 0B   273MB / 2.93MB   115
2025-02-17 05:38:55.764043
CONTAINER ID   NAME                      CPU %      MEM USAGE / LIMIT   MEM %     NET I/O   BLOCK I/O        PIDS
ea03596ac975   pbbs_breadthFirstSearch   5034.48%   34.8GiB / 96GiB     36.25%    0B / 0B   45.7GB / 0B      52
ab0475217cb3   x265                      3295.92%   3.234GiB / 96GiB    3.37%     0B / 0B   273MB / 2.93MB   115
2025-02-17 05:38:57.776231
CONTAINER ID   NAME                      CPU %      MEM USAGE / LIMIT   MEM %     NET I/O   BLOCK I/O        PIDS
ea03596ac975   pbbs_breadthFirstSearch   4927.79%   34.8GiB / 96GiB     36.25%    0B / 0B   45.7GB / 0B      52
ab0475217cb3   x265                      1793.69%   422.6MiB / 96GiB    0.43%     0B / 0B   273MB / 3.16MB   101
2025-02-17 05:38:59.784728
CONTAINER ID   NAME                      CPU %      MEM USAGE / LIMIT   MEM %     NET I/O   BLOCK I/O        PIDS
ea03596ac975   pbbs_breadthFirstSearch   4866.19%   34.8GiB / 96GiB     36.25%    0B / 0B   45.7GB / 0B      52
ab0475217cb3   x265                      3076.24%   2.211GiB / 96GiB    2.30%     0B / 0B   273MB / 3.16MB   117
2025-02-17 05:39:01.795193
CONTAINER ID   NAME                      CPU %      MEM USAGE / LIMIT   MEM %     NET I/O   BLOCK I/O        PIDS
ea03596ac975   pbbs_breadthFirstSearch   4866.86%   34.8GiB / 96GiB     36.25%    0B / 0B   45.7GB / 0B      52
ab0475217cb3   x265                      3794.17%   3.13GiB / 96GiB     3.26%     0B / 0B   273MB / 3.16MB   117
2025-02-17 05:39:03.806078
CONTAINER ID   NAME                      CPU %      MEM USAGE / LIMIT   MEM %     NET I/O   BLOCK I/O        PIDS
ea03596ac975   pbbs_breadthFirstSearch   4973.73%   34.8GiB / 96GiB     36.25%    0B / 0B   45.7GB / 0B      52
ab0475217cb3   x265                      3491.70%   3.141GiB / 96GiB    3.27%     0B / 0B   273MB / 3.16MB   117
2025-02-17 05:39:05.819795
CONTAINER ID   NAME                      CPU %      MEM USAGE / LIMIT   MEM %     NET I/O   BLOCK I/O        PIDS
ea03596ac975   pbbs_breadthFirstSearch   4847.48%   34.8GiB / 96GiB     36.25%    0B / 0B   45.7GB / 0B      52
ab0475217cb3   x265                      3858.85%   3.142GiB / 96GiB    3.27%     0B / 0B   273MB / 3.16MB   117
2025-02-17 05:39:07.829632
CONTAINER ID   NAME                      CPU %      MEM USAGE / LIMIT   MEM %     NET I/O   BLOCK I/O        PIDS
ea03596ac975   pbbs_breadthFirstSearch   4811.15%   34.8GiB / 96GiB     36.25%    0B / 0B   45.7GB / 0B      52
ab0475217cb3   x265                      3819.79%   3.144GiB / 96GiB    3.27%     0B / 0B   273MB / 3.16MB   117
2025-02-17 05:39:09.839206
CONTAINER ID   NAME                      CPU %      MEM USAGE / LIMIT   MEM %     NET I/O   BLOCK I/O        PIDS
ea03596ac975   pbbs_breadthFirstSearch   4800.02%   34.8GiB / 96GiB     36.25%    0B / 0B   45.7GB / 0B      52
ab0475217cb3   x265                      3861.11%   3.145GiB / 96GiB    3.28%     0B / 0B   273MB / 3.16MB   117
2025-02-17 05:39:11.851136
CONTAINER ID   NAME                      CPU %      MEM USAGE / LIMIT   MEM %     NET I/O   BLOCK I/O        PIDS
ea03596ac975   pbbs_breadthFirstSearch   4770.55%   34.8GiB / 96GiB     36.25%    0B / 0B   45.7GB / 0B      52
ab0475217cb3   x265                      3792.89%   3.145GiB / 96GiB    3.28%     0B / 0B   273MB / 3.16MB   117
2025-02-17 05:39:13.860868
CONTAINER ID   NAME                      CPU %      MEM USAGE / LIMIT   MEM %     NET I/O   BLOCK I/O        PIDS
ea03596ac975   pbbs_breadthFirstSearch   4952.26%   34.8GiB / 96GiB     36.25%    0B / 0B   45.7GB / 0B      52
ab0475217cb3   x265                      3619.63%   3.144GiB / 96GiB    3.27%     0B / 0B   273MB / 3.16MB   117
2025-02-17 05:39:15.871652
CONTAINER ID   NAME                      CPU %      MEM USAGE / LIMIT   MEM %     NET I/O   BLOCK I/O        PIDS
ea03596ac975   pbbs_breadthFirstSearch   4877.03%   34.8GiB / 96GiB     36.25%    0B / 0B   45.7GB / 0B      52
ab0475217cb3   x265                      3737.92%   3.144GiB / 96GiB    3.28%     0B / 0B   273MB / 3.16MB   117
2025-02-17 05:39:17.881981
CONTAINER ID   NAME                      CPU %      MEM USAGE / LIMIT   MEM %     NET I/O   BLOCK I/O        PIDS
ea03596ac975   pbbs_breadthFirstSearch   4942.75%   34.8GiB / 96GiB     36.25%    0B / 0B   45.7GB / 0B      52
ab0475217cb3   x265                      3726.17%   3.164GiB / 96GiB    3.30%     0B / 0B   273MB / 3.16MB   117
2025-02-17 05:39:19.896790
CONTAINER ID   NAME                      CPU %      MEM USAGE / LIMIT   MEM %     NET I/O   BLOCK I/O        PIDS
ea03596ac975   pbbs_breadthFirstSearch   4884.32%   34.8GiB / 96GiB     36.25%    0B / 0B   45.7GB / 0B      52
ab0475217cb3   x265                      3630.88%   3.168GiB / 96GiB    3.30%     0B / 0B   273MB / 3.16MB   117
2025-02-17 05:39:21.903165
CONTAINER ID   NAME                      CPU %      MEM USAGE / LIMIT   MEM %     NET I/O   BLOCK I/O        PIDS
ea03596ac975   pbbs_breadthFirstSearch   4984.78%   34.8GiB / 96GiB     36.25%    0B / 0B   45.7GB / 0B      52
ab0475217cb3   x265                      3525.04%   3.168GiB / 96GiB    3.30%     0B / 0B   273MB / 3.16MB   117
2025-02-17 05:39:23.911499
CONTAINER ID   NAME                      CPU %      MEM USAGE / LIMIT   MEM %     NET I/O   BLOCK I/O        PIDS
ea03596ac975   pbbs_breadthFirstSearch   4883.72%   34.8GiB / 96GiB     36.25%    0B / 0B   45.7GB / 0B      52
ab0475217cb3   x265                      3970.46%   3.174GiB / 96GiB    3.31%     0B / 0B   273MB / 3.16MB   117
2025-02-17 05:39:25.924426
CONTAINER ID   NAME                      CPU %      MEM USAGE / LIMIT   MEM %     NET I/O   BLOCK I/O        PIDS
ea03596ac975   pbbs_breadthFirstSearch   4686.76%   34.42GiB / 96GiB    35.85%    0B / 0B   45.7GB / 0B      52
ab0475217cb3   x265                      3784.30%   3.173GiB / 96GiB    3.31%     0B / 0B   273MB / 3.16MB   117
2025-02-17 05:39:27.931279
CONTAINER ID   NAME                      CPU %      MEM USAGE / LIMIT   MEM %     NET I/O   BLOCK I/O        PIDS
ea03596ac975   pbbs_breadthFirstSearch   106.42%    15.78GiB / 96GiB    16.44%    0B / 0B   45.7GB / 0B      5
ab0475217cb3   x265                      4268.96%   3.172GiB / 96GiB    3.30%     0B / 0B   273MB / 3.16MB   117
2025-02-17 05:39:29.944090
CONTAINER ID   NAME      CPU %      MEM USAGE / LIMIT   MEM %     NET I/O   BLOCK I/O        PIDS
ab0475217cb3   x265      4607.99%   3.179GiB / 96GiB    3.31%     0B / 0B   273MB / 3.16MB   117
2025-02-17 05:39:31.969708
CONTAINER ID   NAME      CPU %      MEM USAGE / LIMIT   MEM %     NET I/O   BLOCK I/O        PIDS
ab0475217cb3   x265      4538.91%   3.179GiB / 96GiB    3.31%     0B / 0B   273MB / 3.16MB   117
2025-02-17 05:39:33.975531
CONTAINER ID   NAME      CPU %      MEM USAGE / LIMIT   MEM %     NET I/O   BLOCK I/O        PIDS
ab0475217cb3   x265      4623.51%   3.18GiB / 96GiB     3.31%     0B / 0B   273MB / 3.16MB   117
2025-02-17 05:39:35.983145
CONTAINER ID   NAME      CPU %      MEM USAGE / LIMIT   MEM %     NET I/O   BLOCK I/O        PIDS
ab0475217cb3   x265      4692.85%   3.18GiB / 96GiB     3.31%     0B / 0B   273MB / 3.16MB   117
2025-02-17 05:39:37.988284
CONTAINER ID   NAME      CPU %      MEM USAGE / LIMIT   MEM %     NET I/O   BLOCK I/O        PIDS
ab0475217cb3   x265      4828.67%   3.18GiB / 96GiB     3.31%     0B / 0B   273MB / 3.16MB   117
2025-02-17 05:39:39.995323
CONTAINER ID   NAME      CPU %      MEM USAGE / LIMIT   MEM %     NET I/O   BLOCK I/O        PIDS
ab0475217cb3   x265      4772.35%   3.18GiB / 96GiB     3.31%     0B / 0B   273MB / 3.16MB   117
2025-02-17 05:39:41.999897
CONTAINER ID   NAME      CPU %      MEM USAGE / LIMIT   MEM %     NET I/O   BLOCK I/O        PIDS
ab0475217cb3   x265      4521.38%   3.181GiB / 96GiB    3.31%     0B / 0B   273MB / 3.16MB   117
2025-02-17 05:39:44.005754
CONTAINER ID   NAME      CPU %      MEM USAGE / LIMIT   MEM %     NET I/O   BLOCK I/O        PIDS
ab0475217cb3   x265      4986.74%   3.195GiB / 96GiB    3.33%     0B / 0B   273MB / 3.16MB   117
2025-02-17 05:39:46.011048
CONTAINER ID   NAME      CPU %      MEM USAGE / LIMIT   MEM %     NET I/O   BLOCK I/O        PIDS
ab0475217cb3   x265      4637.57%   3.226GiB / 96GiB    3.36%     0B / 0B   273MB / 3.16MB   117
2025-02-17 05:39:48.016588
CONTAINER ID   NAME      CPU %      MEM USAGE / LIMIT   MEM %     NET I/O   BLOCK I/O        PIDS
ab0475217cb3   x265      4305.08%   3.243GiB / 96GiB    3.38%     0B / 0B   273MB / 3.16MB   117
2025-02-17 05:39:50.021718
CONTAINER ID   NAME      CPU %      MEM USAGE / LIMIT   MEM %     NET I/O   BLOCK I/O        PIDS
ab0475217cb3   x265      4576.27%   3.243GiB / 96GiB    3.38%     0B / 0B   273MB / 3.16MB   115
2025-02-17 05:39:52.026490
CONTAINER ID   NAME      CPU %      MEM USAGE / LIMIT   MEM %     NET I/O   BLOCK I/O        PIDS
ab0475217cb3   x265      4058.77%   3.243GiB / 96GiB    3.38%     0B / 0B   273MB / 3.16MB   115
2025-02-17 05:39:54.033687
CONTAINER ID   NAME      CPU %      MEM USAGE / LIMIT   MEM %     NET I/O   BLOCK I/O        PIDS
ab0475217cb3   x265      3122.41%   2.065GiB / 96GiB    2.15%     0B / 0B   273MB / 3.99MB   117
2025-02-17 05:39:56.041174
CONTAINER ID   NAME      CPU %      MEM USAGE / LIMIT   MEM %     NET I/O   BLOCK I/O        PIDS
ab0475217cb3   x265      4450.95%   3.129GiB / 96GiB    3.26%     0B / 0B   273MB / 3.99MB   117
2025-02-17 05:39:58.047184
CONTAINER ID   NAME      CPU %      MEM USAGE / LIMIT   MEM %     NET I/O   BLOCK I/O        PIDS
ab0475217cb3   x265      4537.04%   3.141GiB / 96GiB    3.27%     0B / 0B   273MB / 3.99MB   117
2025-02-17 05:40:00.053887
CONTAINER ID   NAME      CPU %      MEM USAGE / LIMIT   MEM %     NET I/O   BLOCK I/O        PIDS
ab0475217cb3   x265      4782.61%   3.143GiB / 96GiB    3.27%     0B / 0B   273MB / 3.99MB   117
2025-02-17 05:40:02.056473
CONTAINER ID   NAME      CPU %      MEM USAGE / LIMIT   MEM %     NET I/O   BLOCK I/O        PIDS
ab0475217cb3   x265      4662.03%   3.144GiB / 96GiB    3.27%     0B / 0B   273MB / 3.99MB   117
2025-02-17 05:40:04.063056
CONTAINER ID   NAME      CPU %      MEM USAGE / LIMIT   MEM %     NET I/O   BLOCK I/O        PIDS
ab0475217cb3   x265      4663.21%   3.144GiB / 96GiB    3.27%     0B / 0B   273MB / 3.99MB   117
2025-02-17 05:40:06.070986
CONTAINER ID   NAME      CPU %      MEM USAGE / LIMIT   MEM %     NET I/O   BLOCK I/O        PIDS
ab0475217cb3   x265      4431.74%   3.144GiB / 96GiB    3.28%     0B / 0B   273MB / 3.99MB   117
2025-02-17 05:40:08.075771
CONTAINER ID   NAME      CPU %      MEM USAGE / LIMIT   MEM %     NET I/O   BLOCK I/O        PIDS
ab0475217cb3   x265      4938.88%   3.143GiB / 96GiB    3.27%     0B / 0B   273MB / 3.99MB   117
2025-02-17 05:40:10.081910
CONTAINER ID   NAME      CPU %      MEM USAGE / LIMIT   MEM %     NET I/O   BLOCK I/O        PIDS
ab0475217cb3   x265      4824.21%   3.166GiB / 96GiB    3.30%     0B / 0B   273MB / 3.99MB   117
2025-02-17 05:40:12.089012
CONTAINER ID   NAME      CPU %      MEM USAGE / LIMIT   MEM %     NET I/O   BLOCK I/O        PIDS
ab0475217cb3   x265      4334.02%   3.169GiB / 96GiB    3.30%     0B / 0B   273MB / 3.99MB   117
2025-02-17 05:40:14.095469
CONTAINER ID   NAME      CPU %      MEM USAGE / LIMIT   MEM %     NET I/O   BLOCK I/O        PIDS
ab0475217cb3   x265      4582.30%   3.171GiB / 96GiB    3.30%     0B / 0B   273MB / 3.99MB   117
2025-02-17 05:40:16.102536
CONTAINER ID   NAME      CPU %      MEM USAGE / LIMIT   MEM %     NET I/O   BLOCK I/O        PIDS
ab0475217cb3   x265      4358.92%   3.17GiB / 96GiB     3.30%     0B / 0B   273MB / 3.99MB   117
2025-02-17 05:40:18.108080
CONTAINER ID   NAME      CPU %      MEM USAGE / LIMIT   MEM %     NET I/O   BLOCK I/O        PIDS
ab0475217cb3   x265      4544.48%   3.17GiB / 96GiB     3.30%     0B / 0B   273MB / 3.99MB   117
2025-02-17 05:40:20.116068
CONTAINER ID   NAME      CPU %      MEM USAGE / LIMIT   MEM %     NET I/O   BLOCK I/O        PIDS
ab0475217cb3   x265      4383.62%   3.172GiB / 96GiB    3.30%     0B / 0B   273MB / 3.99MB   117
2025-02-17 05:40:22.122111
CONTAINER ID   NAME      CPU %      MEM USAGE / LIMIT   MEM %     NET I/O   BLOCK I/O        PIDS
ab0475217cb3   x265      4771.34%   3.172GiB / 96GiB    3.30%     0B / 0B   273MB / 3.99MB   117
2025-02-17 05:40:24.127918
CONTAINER ID   NAME      CPU %      MEM USAGE / LIMIT   MEM %     NET I/O   BLOCK I/O        PIDS
ab0475217cb3   x265      4458.96%   3.172GiB / 96GiB    3.30%     0B / 0B   273MB / 3.99MB   117
2025-02-17 05:40:26.132930
CONTAINER ID   NAME      CPU %      MEM USAGE / LIMIT   MEM %     NET I/O   BLOCK I/O        PIDS
ab0475217cb3   x265      4545.55%   3.173GiB / 96GiB    3.30%     0B / 0B   273MB / 3.99MB   117
2025-02-17 05:40:28.137541
CONTAINER ID   NAME      CPU %      MEM USAGE / LIMIT   MEM %     NET I/O   BLOCK I/O        PIDS
ab0475217cb3   x265      4478.45%   3.172GiB / 96GiB    3.30%     0B / 0B   273MB / 3.99MB   117
2025-02-17 05:40:30.143766
CONTAINER ID   NAME      CPU %      MEM USAGE / LIMIT   MEM %     NET I/O   BLOCK I/O        PIDS
ab0475217cb3   x265      4524.35%   3.172GiB / 96GiB    3.30%     0B / 0B   273MB / 3.99MB   117
2025-02-17 05:40:32.149900
CONTAINER ID   NAME      CPU %      MEM USAGE / LIMIT   MEM %     NET I/O   BLOCK I/O        PIDS
ab0475217cb3   x265      4147.03%   3.186GiB / 96GiB    3.32%     0B / 0B   273MB / 3.99MB   117
2025-02-17 05:40:34.155785
CONTAINER ID   NAME      CPU %      MEM USAGE / LIMIT   MEM %     NET I/O   BLOCK I/O        PIDS
ab0475217cb3   x265      4597.78%   3.201GiB / 96GiB    3.33%     0B / 0B   273MB / 3.99MB   117
2025-02-17 05:40:36.160125
CONTAINER ID   NAME      CPU %      MEM USAGE / LIMIT   MEM %     NET I/O   BLOCK I/O        PIDS
ab0475217cb3   x265      4435.09%   3.236GiB / 96GiB    3.37%     0B / 0B   273MB / 3.99MB   117
2025-02-17 05:40:38.166623
CONTAINER ID   NAME      CPU %      MEM USAGE / LIMIT   MEM %     NET I/O   BLOCK I/O        PIDS
ab0475217cb3   x265      4631.07%   3.238GiB / 96GiB    3.37%     0B / 0B   273MB / 3.99MB   117
2025-02-17 05:40:40.170292
CONTAINER ID   NAME      CPU %      MEM USAGE / LIMIT   MEM %     NET I/O   BLOCK I/O        PIDS
ab0475217cb3   x265      4169.75%   3.238GiB / 96GiB    3.37%     0B / 0B   273MB / 3.99MB   115
2025-02-17 05:40:42.175936
CONTAINER ID   NAME      CPU %     MEM USAGE / LIMIT   MEM %     NET I/O   BLOCK I/O       PIDS
ab0475217cb3   x265      882.09%   263.6MiB / 96GiB    0.27%     0B / 0B   273MB / 4.2MB   1
2025-02-17 05:40:44.184492
CONTAINER ID   NAME      CPU %     MEM USAGE / LIMIT   MEM %     NET I/O   BLOCK I/O       PIDS
ab0475217cb3   x265      0.00%     263.3MiB / 96GiB    0.27%     0B / 0B   273MB / 4.2MB   1
2025-02-17 05:40:46.189576
CONTAINER ID   NAME      CPU %     MEM USAGE / LIMIT   MEM %     NET I/O   BLOCK I/O       PIDS
ab0475217cb3   x265      0.00%     263.3MiB / 96GiB    0.27%     0B / 0B   273MB / 4.2MB   1
2025-02-17 05:40:48.195875
CONTAINER ID   NAME      CPU %     MEM USAGE / LIMIT   MEM %     NET I/O   BLOCK I/O       PIDS
ab0475217cb3   x265      0.00%     263.1MiB / 96GiB    0.27%     0B / 0B   273MB / 4.2MB   1
2025-02-17 05:40:50.200598
CONTAINER ID   NAME      CPU %     MEM USAGE / LIMIT   MEM %     NET I/O   BLOCK I/O       PIDS
ab0475217cb3   x265      0.00%     263.1MiB / 96GiB    0.27%     0B / 0B   273MB / 4.2MB   1
2025-02-17 05:40:52.206497
CONTAINER ID   NAME      CPU %     MEM USAGE / LIMIT   MEM %     NET I/O   BLOCK I/O   PIDS
