2025-02-15 23:28:37.930544
CONTAINER ID   NAME      CPU %     MEM USAGE / LIMIT   MEM %     NET I/O   BLOCK I/O   PIDS
2025-02-15 23:28:38.548599
CONTAINER ID   NAME      CPU %     MEM USAGE / LIMIT   MEM %     NET I/O   BLOCK I/O   PIDS
2025-02-15 23:28:39.168881
CONTAINER ID   NAME      CPU %     MEM USAGE / LIMIT   MEM %     NET I/O   BLOCK I/O   PIDS
2025-02-15 23:28:39.790544
CONTAINER ID   NAME      CPU %     MEM USAGE / LIMIT   MEM %     NET I/O   BLOCK I/O   PIDS
2025-02-15 23:28:40.410412
CONTAINER ID   NAME      CPU %     MEM USAGE / LIMIT   MEM %     NET I/O   BLOCK I/O   PIDS
2025-02-15 23:28:41.028127
CONTAINER ID   NAME      CPU %     MEM USAGE / LIMIT   MEM %     NET I/O   BLOCK I/O   PIDS
2025-02-15 23:28:41.648521
CONTAINER ID   NAME      CPU %     MEM USAGE / LIMIT   MEM %     NET I/O   BLOCK I/O   PIDS
2025-02-15 23:28:42.267360
CONTAINER ID   NAME      CPU %     MEM USAGE / LIMIT   MEM %     NET I/O   BLOCK I/O   PIDS
2025-02-15 23:28:42.885053
CONTAINER ID   NAME      CPU %     MEM USAGE / LIMIT   MEM %     NET I/O   BLOCK I/O   PIDS
2025-02-15 23:28:43.504953
CONTAINER ID   NAME      CPU %     MEM USAGE / LIMIT   MEM %     NET I/O   BLOCK I/O   PIDS
2025-02-15 23:28:44.123843
CONTAINER ID   NAME      CPU %     MEM USAGE / LIMIT   MEM %     NET I/O   BLOCK I/O   PIDS
2025-02-15 23:28:44.745427
CONTAINER ID   NAME      CPU %     MEM USAGE / LIMIT   MEM %     NET I/O   BLOCK I/O   PIDS
2025-02-15 23:28:45.363403
CONTAINER ID   NAME      CPU %     MEM USAGE / LIMIT   MEM %     NET I/O   BLOCK I/O   PIDS
2025-02-15 23:28:45.981478
CONTAINER ID   NAME      CPU %     MEM USAGE / LIMIT   MEM %     NET I/O   BLOCK I/O   PIDS
2025-02-15 23:28:46.599276
CONTAINER ID   NAME      CPU %     MEM USAGE / LIMIT   MEM %     NET I/O   BLOCK I/O   PIDS
2025-02-15 23:28:47.216431
CONTAINER ID   NAME      CPU %     MEM USAGE / LIMIT   MEM %     NET I/O   BLOCK I/O   PIDS
2025-02-15 23:28:47.835444
CONTAINER ID   NAME      CPU %     MEM USAGE / LIMIT   MEM %     NET I/O   BLOCK I/O   PIDS
2025-02-15 23:28:48.452012
CONTAINER ID   NAME      CPU %     MEM USAGE / LIMIT   MEM %     NET I/O   BLOCK I/O   PIDS
2025-02-15 23:28:49.069871
CONTAINER ID   NAME      CPU %     MEM USAGE / LIMIT   MEM %     NET I/O   BLOCK I/O   PIDS
2025-02-15 23:28:49.689643
CONTAINER ID   NAME      CPU %     MEM USAGE / LIMIT   MEM %     NET I/O   BLOCK I/O   PIDS
2025-02-15 23:28:50.307538
CONTAINER ID   NAME      CPU %     MEM USAGE / LIMIT   MEM %     NET I/O   BLOCK I/O   PIDS
2025-02-15 23:28:50.926175
CONTAINER ID   NAME      CPU %     MEM USAGE / LIMIT   MEM %     NET I/O   BLOCK I/O   PIDS
2025-02-15 23:28:51.543892
CONTAINER ID   NAME      CPU %     MEM USAGE / LIMIT   MEM %     NET I/O   BLOCK I/O   PIDS
2025-02-15 23:28:52.160700
CONTAINER ID   NAME      CPU %     MEM USAGE / LIMIT   MEM %     NET I/O   BLOCK I/O   PIDS
2025-02-15 23:28:52.781200
CONTAINER ID   NAME      CPU %     MEM USAGE / LIMIT   MEM %     NET I/O   BLOCK I/O   PIDS
2025-02-15 23:28:53.399876
CONTAINER ID   NAME      CPU %     MEM USAGE / LIMIT   MEM %     NET I/O   BLOCK I/O   PIDS
2025-02-15 23:28:54.017543
CONTAINER ID   NAME      CPU %     MEM USAGE / LIMIT   MEM %     NET I/O   BLOCK I/O   PIDS
2025-02-15 23:28:54.634254
CONTAINER ID   NAME      CPU %     MEM USAGE / LIMIT   MEM %     NET I/O   BLOCK I/O   PIDS
2025-02-15 23:28:55.252699
CONTAINER ID   NAME      CPU %     MEM USAGE / LIMIT   MEM %     NET I/O   BLOCK I/O   PIDS
2025-02-15 23:28:55.872086
CONTAINER ID   NAME      CPU %     MEM USAGE / LIMIT   MEM %     NET I/O   BLOCK I/O   PIDS
2025-02-15 23:28:56.488805
CONTAINER ID   NAME      CPU %     MEM USAGE / LIMIT   MEM %     NET I/O   BLOCK I/O   PIDS
2025-02-15 23:28:57.107143
CONTAINER ID   NAME      CPU %     MEM USAGE / LIMIT   MEM %     NET I/O   BLOCK I/O   PIDS
2025-02-15 23:28:57.725200
CONTAINER ID   NAME      CPU %     MEM USAGE / LIMIT   MEM %     NET I/O   BLOCK I/O   PIDS
               --        0.00%     0B / 0B             0.00%     0B / 0B   0B / 0B     0
2025-02-15 23:28:58.343988
CONTAINER ID   NAME      CPU %      MEM USAGE / LIMIT   MEM %     NET I/O   BLOCK I/O     PIDS
8581edff1304   x265      3971.47%   2.294GiB / 96GiB    2.39%     0B / 0B   2.87MB / 0B   117
2025-02-15 23:29:00.674638
CONTAINER ID   NAME      CPU %      MEM USAGE / LIMIT   MEM %     NET I/O   BLOCK I/O     PIDS
8581edff1304   x265      4728.60%   2.891GiB / 96GiB    3.01%     0B / 0B   2.87MB / 0B   117
2025-02-15 23:29:02.681662
CONTAINER ID   NAME      CPU %      MEM USAGE / LIMIT   MEM %     NET I/O   BLOCK I/O     PIDS
8581edff1304   x265      4645.36%   2.891GiB / 96GiB    3.01%     0B / 0B   2.92MB / 0B   117
2025-02-15 23:29:04.686541
CONTAINER ID   NAME      CPU %      MEM USAGE / LIMIT   MEM %     NET I/O   BLOCK I/O     PIDS
8581edff1304   x265      4610.30%   2.891GiB / 96GiB    3.01%     0B / 0B   2.92MB / 0B   117
2025-02-15 23:29:06.691300
CONTAINER ID   NAME      CPU %      MEM USAGE / LIMIT   MEM %     NET I/O   BLOCK I/O     PIDS
8581edff1304   x265      4766.19%   2.892GiB / 96GiB    3.01%     0B / 0B   2.92MB / 0B   117
2025-02-15 23:29:08.697950
CONTAINER ID   NAME      CPU %      MEM USAGE / LIMIT   MEM %     NET I/O   BLOCK I/O     PIDS
8581edff1304   x265      4803.57%   2.892GiB / 96GiB    3.01%     0B / 0B   2.92MB / 0B   117
2025-02-15 23:29:10.703017
CONTAINER ID   NAME      CPU %      MEM USAGE / LIMIT   MEM %     NET I/O   BLOCK I/O     PIDS
8581edff1304   x265      4751.32%   2.892GiB / 96GiB    3.01%     0B / 0B   2.92MB / 0B   117
2025-02-15 23:29:12.707942
CONTAINER ID   NAME      CPU %      MEM USAGE / LIMIT   MEM %     NET I/O   BLOCK I/O     PIDS
8581edff1304   x265      4837.92%   2.918GiB / 96GiB    3.04%     0B / 0B   2.92MB / 0B   117
2025-02-15 23:29:14.714071
CONTAINER ID   NAME      CPU %      MEM USAGE / LIMIT   MEM %     NET I/O   BLOCK I/O     PIDS
8581edff1304   x265      4737.37%   2.918GiB / 96GiB    3.04%     0B / 0B   2.92MB / 0B   117
2025-02-15 23:29:16.719195
CONTAINER ID   NAME      CPU %      MEM USAGE / LIMIT   MEM %     NET I/O   BLOCK I/O     PIDS
8581edff1304   x265      4680.75%   2.925GiB / 96GiB    3.05%     0B / 0B   2.92MB / 0B   117
2025-02-15 23:29:18.724105
CONTAINER ID   NAME      CPU %      MEM USAGE / LIMIT   MEM %     NET I/O   BLOCK I/O     PIDS
8581edff1304   x265      4142.78%   2.925GiB / 96GiB    3.05%     0B / 0B   4.07MB / 0B   117
2025-02-15 23:29:20.730579
CONTAINER ID   NAME      CPU %      MEM USAGE / LIMIT   MEM %     NET I/O   BLOCK I/O     PIDS
8581edff1304   x265      4543.63%   2.938GiB / 96GiB    3.06%     0B / 0B   18.5MB / 0B   117
2025-02-15 23:29:22.734955
CONTAINER ID   NAME      CPU %      MEM USAGE / LIMIT   MEM %     NET I/O   BLOCK I/O     PIDS
8581edff1304   x265      4561.32%   2.991GiB / 96GiB    3.12%     0B / 0B   67.1MB / 0B   117
2025-02-15 23:29:24.742137
CONTAINER ID   NAME      CPU %      MEM USAGE / LIMIT   MEM %     NET I/O   BLOCK I/O     PIDS
8581edff1304   x265      3996.07%   2.996GiB / 96GiB    3.12%     0B / 0B   72.3MB / 0B   117
2025-02-15 23:29:26.747403
CONTAINER ID   NAME      CPU %      MEM USAGE / LIMIT   MEM %     NET I/O   BLOCK I/O     PIDS
8581edff1304   x265      4694.44%   2.995GiB / 96GiB    3.12%     0B / 0B   73.1MB / 0B   117
2025-02-15 23:29:28.753182
CONTAINER ID   NAME      CPU %      MEM USAGE / LIMIT   MEM %     NET I/O   BLOCK I/O     PIDS
8581edff1304   x265      4734.42%   2.995GiB / 96GiB    3.12%     0B / 0B   73.1MB / 0B   117
2025-02-15 23:29:30.758056
CONTAINER ID   NAME      CPU %      MEM USAGE / LIMIT   MEM %     NET I/O   BLOCK I/O     PIDS
8581edff1304   x265      4807.34%   2.995GiB / 96GiB    3.12%     0B / 0B   73.1MB / 0B   117
2025-02-15 23:29:32.762877
CONTAINER ID   NAME      CPU %      MEM USAGE / LIMIT   MEM %     NET I/O   BLOCK I/O     PIDS
8581edff1304   x265      4515.84%   2.995GiB / 96GiB    3.12%     0B / 0B   73.2MB / 0B   117
2025-02-15 23:29:34.767858
CONTAINER ID   NAME      CPU %      MEM USAGE / LIMIT   MEM %     NET I/O   BLOCK I/O     PIDS
8581edff1304   x265      4552.49%   2.999GiB / 96GiB    3.12%     0B / 0B   76.8MB / 0B   117
2025-02-15 23:29:36.776399
CONTAINER ID   NAME      CPU %      MEM USAGE / LIMIT   MEM %     NET I/O   BLOCK I/O     PIDS
8581edff1304   x265      4810.36%   3.011GiB / 96GiB    3.14%     0B / 0B   76.8MB / 0B   117
2025-02-15 23:29:38.783092
CONTAINER ID   NAME      CPU %      MEM USAGE / LIMIT   MEM %     NET I/O   BLOCK I/O     PIDS
8581edff1304   x265      2992.35%   3.028GiB / 96GiB    3.15%     0B / 0B   81.9MB / 0B   117
2025-02-15 23:29:40.787601
CONTAINER ID   NAME      CPU %      MEM USAGE / LIMIT   MEM %     NET I/O   BLOCK I/O     PIDS
8581edff1304   x265      4954.78%   3.062GiB / 96GiB    3.19%     0B / 0B   82.6MB / 0B   117
2025-02-15 23:29:42.794212
CONTAINER ID   NAME      CPU %      MEM USAGE / LIMIT   MEM %     NET I/O   BLOCK I/O     PIDS
8581edff1304   x265      4710.27%   3.076GiB / 96GiB    3.20%     0B / 0B   91.9MB / 0B   115
2025-02-15 23:29:44.800287
CONTAINER ID   NAME      CPU %      MEM USAGE / LIMIT   MEM %     NET I/O   BLOCK I/O     PIDS
8581edff1304   x265      4218.67%   3.076GiB / 96GiB    3.20%     0B / 0B   91.9MB / 0B   115
2025-02-15 23:29:46.807178
CONTAINER ID   NAME      CPU %      MEM USAGE / LIMIT   MEM %     NET I/O   BLOCK I/O        PIDS
8581edff1304   x265      1286.45%   1007MiB / 96GiB     1.02%     0B / 0B   91.9MB / 741kB   117
2025-02-15 23:29:48.814151
CONTAINER ID   NAME      CPU %      MEM USAGE / LIMIT   MEM %     NET I/O   BLOCK I/O        PIDS
8581edff1304   x265      4620.47%   2.898GiB / 96GiB    3.02%     0B / 0B   91.9MB / 741kB   117
2025-02-15 23:29:50.819987
CONTAINER ID   NAME      CPU %      MEM USAGE / LIMIT   MEM %     NET I/O   BLOCK I/O        PIDS
8581edff1304   x265      4374.78%   2.973GiB / 96GiB    3.10%     0B / 0B   91.9MB / 741kB   117
2025-02-15 23:29:52.826759
CONTAINER ID   NAME      CPU %      MEM USAGE / LIMIT   MEM %     NET I/O   BLOCK I/O        PIDS
8581edff1304   x265      4356.88%   2.973GiB / 96GiB    3.10%     0B / 0B   91.9MB / 741kB   117
2025-02-15 23:29:54.833161
CONTAINER ID   NAME      CPU %      MEM USAGE / LIMIT   MEM %     NET I/O   BLOCK I/O        PIDS
8581edff1304   x265      4788.55%   2.973GiB / 96GiB    3.10%     0B / 0B   91.9MB / 741kB   117
2025-02-15 23:29:56.840664
CONTAINER ID   NAME      CPU %      MEM USAGE / LIMIT   MEM %     NET I/O   BLOCK I/O        PIDS
8581edff1304   x265      4289.56%   2.974GiB / 96GiB    3.10%     0B / 0B   91.9MB / 741kB   117
2025-02-15 23:29:58.844749
CONTAINER ID   NAME      CPU %      MEM USAGE / LIMIT   MEM %     NET I/O   BLOCK I/O        PIDS
8581edff1304   x265      4673.64%   2.974GiB / 96GiB    3.10%     0B / 0B   91.9MB / 741kB   117
2025-02-15 23:30:00.851208
CONTAINER ID   NAME      CPU %      MEM USAGE / LIMIT   MEM %     NET I/O   BLOCK I/O        PIDS
8581edff1304   x265      4556.69%   2.974GiB / 96GiB    3.10%     0B / 0B   91.9MB / 741kB   117
2025-02-15 23:30:02.858089
CONTAINER ID   NAME      CPU %      MEM USAGE / LIMIT   MEM %     NET I/O   BLOCK I/O        PIDS
8581edff1304   x265      4664.06%   2.989GiB / 96GiB    3.11%     0B / 0B   91.9MB / 741kB   117
2025-02-15 23:30:04.863256
CONTAINER ID   NAME      CPU %      MEM USAGE / LIMIT   MEM %     NET I/O   BLOCK I/O        PIDS
8581edff1304   x265      4544.35%   2.993GiB / 96GiB    3.12%     0B / 0B   91.9MB / 741kB   117
2025-02-15 23:30:06.870602
CONTAINER ID   NAME      CPU %      MEM USAGE / LIMIT   MEM %     NET I/O   BLOCK I/O        PIDS
8581edff1304   x265      4940.29%   3GiB / 96GiB        3.13%     0B / 0B   91.9MB / 741kB   117
2025-02-15 23:30:08.877521
CONTAINER ID   NAME      CPU %      MEM USAGE / LIMIT   MEM %     NET I/O   BLOCK I/O        PIDS
8581edff1304   x265      4337.21%   2.998GiB / 96GiB    3.12%     0B / 0B   91.9MB / 741kB   117
2025-02-15 23:30:10.882671
CONTAINER ID   NAME      CPU %      MEM USAGE / LIMIT   MEM %     NET I/O   BLOCK I/O        PIDS
8581edff1304   x265      4625.87%   2.998GiB / 96GiB    3.12%     0B / 0B   91.9MB / 741kB   117
2025-02-15 23:30:12.890137
CONTAINER ID   NAME      CPU %      MEM USAGE / LIMIT   MEM %     NET I/O   BLOCK I/O        PIDS
8581edff1304   x265      3009.19%   2.998GiB / 96GiB    3.12%     0B / 0B   91.9MB / 741kB   117
2025-02-15 23:30:14.895250
CONTAINER ID   NAME      CPU %      MEM USAGE / LIMIT   MEM %     NET I/O   BLOCK I/O        PIDS
8581edff1304   x265      4907.83%   3.005GiB / 96GiB    3.13%     0B / 0B   91.9MB / 741kB   117
2025-02-15 23:30:16.901196
CONTAINER ID   NAME      CPU %      MEM USAGE / LIMIT   MEM %     NET I/O   BLOCK I/O        PIDS
8581edff1304   x265      4760.00%   3.005GiB / 96GiB    3.13%     0B / 0B   91.9MB / 741kB   117
2025-02-15 23:30:18.906347
CONTAINER ID   NAME      CPU %      MEM USAGE / LIMIT   MEM %     NET I/O   BLOCK I/O        PIDS
8581edff1304   x265      4871.52%   3.005GiB / 96GiB    3.13%     0B / 0B   91.9MB / 741kB   117
2025-02-15 23:30:20.912450
CONTAINER ID   NAME      CPU %      MEM USAGE / LIMIT   MEM %     NET I/O   BLOCK I/O        PIDS
8581edff1304   x265      4591.81%   3.005GiB / 96GiB    3.13%     0B / 0B   91.9MB / 741kB   117
2025-02-15 23:30:22.919608
CONTAINER ID   NAME      CPU %      MEM USAGE / LIMIT   MEM %     NET I/O   BLOCK I/O        PIDS
8581edff1304   x265      4516.82%   3.005GiB / 96GiB    3.13%     0B / 0B   91.9MB / 741kB   117
2025-02-15 23:30:24.923982
CONTAINER ID   NAME      CPU %      MEM USAGE / LIMIT   MEM %     NET I/O   BLOCK I/O        PIDS
8581edff1304   x265      4220.60%   3.005GiB / 96GiB    3.13%     0B / 0B   91.9MB / 741kB   117
2025-02-15 23:30:26.930828
CONTAINER ID   NAME      CPU %      MEM USAGE / LIMIT   MEM %     NET I/O   BLOCK I/O        PIDS
8581edff1304   x265      5036.06%   3.018GiB / 96GiB    3.14%     0B / 0B   91.9MB / 741kB   117
2025-02-15 23:30:28.935773
CONTAINER ID   NAME      CPU %      MEM USAGE / LIMIT   MEM %     NET I/O   BLOCK I/O        PIDS
8581edff1304   x265      2878.88%   3.022GiB / 96GiB    3.15%     0B / 0B   91.9MB / 741kB   117
2025-02-15 23:30:30.942829
CONTAINER ID   NAME      CPU %      MEM USAGE / LIMIT   MEM %     NET I/O   BLOCK I/O        PIDS
8581edff1304   x265      4752.13%   3.051GiB / 96GiB    3.18%     0B / 0B   91.9MB / 741kB   117
2025-02-15 23:30:32.949623
CONTAINER ID   NAME      CPU %      MEM USAGE / LIMIT   MEM %     NET I/O   BLOCK I/O        PIDS
8581edff1304   x265      4819.63%   3.066GiB / 96GiB    3.19%     0B / 0B   91.9MB / 741kB   116
2025-02-15 23:30:34.956422
CONTAINER ID   NAME      CPU %      MEM USAGE / LIMIT   MEM %     NET I/O   BLOCK I/O        PIDS
8581edff1304   x265      4152.33%   3.066GiB / 96GiB    3.19%     0B / 0B   91.9MB / 741kB   115
2025-02-15 23:30:36.962818
CONTAINER ID   NAME      CPU %     MEM USAGE / LIMIT   MEM %     NET I/O   BLOCK I/O         PIDS
8581edff1304   x265      869.03%   986.5MiB / 96GiB    1.00%     0B / 0B   91.9MB / 1.39MB   117
2025-02-15 23:30:38.971809
CONTAINER ID   NAME      CPU %      MEM USAGE / LIMIT   MEM %     NET I/O   BLOCK I/O         PIDS
8581edff1304   x265      4493.13%   2.865GiB / 96GiB    2.98%     0B / 0B   91.9MB / 1.39MB   117
2025-02-15 23:30:40.976965
CONTAINER ID   NAME      CPU %      MEM USAGE / LIMIT   MEM %     NET I/O   BLOCK I/O         PIDS
8581edff1304   x265      4935.83%   2.972GiB / 96GiB    3.10%     0B / 0B   91.9MB / 1.39MB   117
2025-02-15 23:30:42.982628
CONTAINER ID   NAME      CPU %      MEM USAGE / LIMIT   MEM %     NET I/O   BLOCK I/O         PIDS
8581edff1304   x265      4651.39%   2.973GiB / 96GiB    3.10%     0B / 0B   91.9MB / 1.39MB   117
2025-02-15 23:30:44.989216
CONTAINER ID   NAME      CPU %      MEM USAGE / LIMIT   MEM %     NET I/O   BLOCK I/O         PIDS
8581edff1304   x265      4889.50%   2.974GiB / 96GiB    3.10%     0B / 0B   91.9MB / 1.39MB   117
2025-02-15 23:30:46.996052
CONTAINER ID   NAME      CPU %      MEM USAGE / LIMIT   MEM %     NET I/O   BLOCK I/O         PIDS
8581edff1304   x265      4792.03%   2.974GiB / 96GiB    3.10%     0B / 0B   91.9MB / 1.39MB   117
2025-02-15 23:30:49.000214
CONTAINER ID   NAME      CPU %      MEM USAGE / LIMIT   MEM %     NET I/O   BLOCK I/O         PIDS
8581edff1304   x265      4860.42%   2.975GiB / 96GiB    3.10%     0B / 0B   91.9MB / 1.39MB   117
2025-02-15 23:30:51.006596
CONTAINER ID   NAME      CPU %      MEM USAGE / LIMIT   MEM %     NET I/O   BLOCK I/O         PIDS
8581edff1304   x265      4599.28%   2.974GiB / 96GiB    3.10%     0B / 0B   91.9MB / 1.39MB   117
2025-02-15 23:30:53.014243
CONTAINER ID   NAME      CPU %      MEM USAGE / LIMIT   MEM %     NET I/O   BLOCK I/O         PIDS
8581edff1304   x265      4354.07%   3.001GiB / 96GiB    3.13%     0B / 0B   91.9MB / 1.39MB   117
2025-02-15 23:30:55.020058
CONTAINER ID   NAME      CPU %      MEM USAGE / LIMIT   MEM %     NET I/O   BLOCK I/O         PIDS
8581edff1304   x265      4521.96%   3.001GiB / 96GiB    3.13%     0B / 0B   91.9MB / 1.39MB   117
2025-02-15 23:30:57.027163
CONTAINER ID   NAME      CPU %      MEM USAGE / LIMIT   MEM %     NET I/O   BLOCK I/O         PIDS
8581edff1304   x265      4824.85%   3.007GiB / 96GiB    3.13%     0B / 0B   91.9MB / 1.39MB   117
2025-02-15 23:30:59.031177
CONTAINER ID   NAME      CPU %      MEM USAGE / LIMIT   MEM %     NET I/O   BLOCK I/O         PIDS
8581edff1304   x265      4735.56%   3.006GiB / 96GiB    3.13%     0B / 0B   91.9MB / 1.39MB   117
2025-02-15 23:31:01.038480
CONTAINER ID   NAME      CPU %      MEM USAGE / LIMIT   MEM %     NET I/O   BLOCK I/O         PIDS
8581edff1304   x265      4460.14%   3.006GiB / 96GiB    3.13%     0B / 0B   91.9MB / 1.39MB   117
2025-02-15 23:31:03.044941
CONTAINER ID   NAME      CPU %      MEM USAGE / LIMIT   MEM %     NET I/O   BLOCK I/O         PIDS
8581edff1304   x265      4563.85%   3.013GiB / 96GiB    3.14%     0B / 0B   91.9MB / 1.39MB   117
2025-02-15 23:31:05.051020
CONTAINER ID   NAME      CPU %      MEM USAGE / LIMIT   MEM %     NET I/O   BLOCK I/O         PIDS
8581edff1304   x265      4465.44%   3.013GiB / 96GiB    3.14%     0B / 0B   91.9MB / 1.39MB   117
2025-02-15 23:31:07.060792
CONTAINER ID   NAME      CPU %      MEM USAGE / LIMIT   MEM %     NET I/O   BLOCK I/O         PIDS
8581edff1304   x265      4336.75%   3.013GiB / 96GiB    3.14%     0B / 0B   91.9MB / 1.39MB   117
2025-02-15 23:31:09.065424
CONTAINER ID   NAME      CPU %      MEM USAGE / LIMIT   MEM %     NET I/O   BLOCK I/O         PIDS
8581edff1304   x265      4498.29%   3.013GiB / 96GiB    3.14%     0B / 0B   91.9MB / 1.39MB   117
2025-02-15 23:31:11.071303
CONTAINER ID   NAME      CPU %      MEM USAGE / LIMIT   MEM %     NET I/O   BLOCK I/O         PIDS
8581edff1304   x265      4485.70%   3.013GiB / 96GiB    3.14%     0B / 0B   91.9MB / 1.39MB   117
2025-02-15 23:31:13.076888
CONTAINER ID   NAME      CPU %      MEM USAGE / LIMIT   MEM %     NET I/O   BLOCK I/O         PIDS
8581edff1304   x265      4622.87%   3.013GiB / 96GiB    3.14%     0B / 0B   91.9MB / 1.39MB   117
2025-02-15 23:31:15.081927
CONTAINER ID   NAME      CPU %      MEM USAGE / LIMIT   MEM %     NET I/O   BLOCK I/O         PIDS
8581edff1304   x265      4275.22%   3.013GiB / 96GiB    3.14%     0B / 0B   91.9MB / 1.39MB   117
2025-02-15 23:31:17.089654
CONTAINER ID   NAME      CPU %      MEM USAGE / LIMIT   MEM %     NET I/O   BLOCK I/O         PIDS
8581edff1304   x265      4844.47%   3.025GiB / 96GiB    3.15%     0B / 0B   91.9MB / 1.39MB   117
2025-02-15 23:31:19.092819
CONTAINER ID   NAME      CPU %      MEM USAGE / LIMIT   MEM %     NET I/O   BLOCK I/O         PIDS
8581edff1304   x265      4356.39%   3.049GiB / 96GiB    3.18%     0B / 0B   91.9MB / 1.39MB   117
2025-02-15 23:31:21.098743
CONTAINER ID   NAME      CPU %      MEM USAGE / LIMIT   MEM %     NET I/O   BLOCK I/O         PIDS
8581edff1304   x265      4933.23%   3.076GiB / 96GiB    3.20%     0B / 0B   91.9MB / 1.39MB   117
2025-02-15 23:31:23.105261
CONTAINER ID   NAME      CPU %      MEM USAGE / LIMIT   MEM %     NET I/O   BLOCK I/O         PIDS
8581edff1304   x265      4598.52%   3.076GiB / 96GiB    3.20%     0B / 0B   91.9MB / 1.39MB   115
2025-02-15 23:31:25.112286
CONTAINER ID   NAME      CPU %      MEM USAGE / LIMIT   MEM %     NET I/O   BLOCK I/O         PIDS
8581edff1304   x265      1848.70%   337.6MiB / 96GiB    0.34%     0B / 0B   91.9MB / 2.68MB   117
2025-02-15 23:31:27.121097
CONTAINER ID   NAME      CPU %      MEM USAGE / LIMIT   MEM %     NET I/O   BLOCK I/O         PIDS
8581edff1304   x265      3923.21%   2.432GiB / 96GiB    2.53%     0B / 0B   91.9MB / 2.68MB   117
2025-02-15 23:31:29.127531
CONTAINER ID   NAME      CPU %      MEM USAGE / LIMIT   MEM %     NET I/O   BLOCK I/O         PIDS
8581edff1304   x265      4579.03%   2.972GiB / 96GiB    3.10%     0B / 0B   91.9MB / 2.68MB   117
2025-02-15 23:31:31.132307
CONTAINER ID   NAME      CPU %      MEM USAGE / LIMIT   MEM %     NET I/O   BLOCK I/O         PIDS
8581edff1304   x265      4440.53%   2.972GiB / 96GiB    3.10%     0B / 0B   91.9MB / 2.68MB   117
2025-02-15 23:31:33.139463
CONTAINER ID   NAME      CPU %      MEM USAGE / LIMIT   MEM %     NET I/O   BLOCK I/O         PIDS
8581edff1304   x265      4301.78%   2.972GiB / 96GiB    3.10%     0B / 0B   91.9MB / 2.68MB   117
2025-02-15 23:31:35.145072
CONTAINER ID   NAME      CPU %      MEM USAGE / LIMIT   MEM %     NET I/O   BLOCK I/O         PIDS
8581edff1304   x265      4254.72%   2.973GiB / 96GiB    3.10%     0B / 0B   91.9MB / 2.68MB   117
2025-02-15 23:31:37.152413
CONTAINER ID   NAME      CPU %      MEM USAGE / LIMIT   MEM %     NET I/O   BLOCK I/O         PIDS
8581edff1304   x265      4660.28%   2.974GiB / 96GiB    3.10%     0B / 0B   91.9MB / 2.68MB   117
2025-02-15 23:31:39.158783
CONTAINER ID   NAME      CPU %      MEM USAGE / LIMIT   MEM %     NET I/O   BLOCK I/O         PIDS
8581edff1304   x265      4685.62%   2.974GiB / 96GiB    3.10%     0B / 0B   91.9MB / 2.68MB   117
2025-02-15 23:31:41.164296
CONTAINER ID   NAME      CPU %      MEM USAGE / LIMIT   MEM %     NET I/O   BLOCK I/O         PIDS
8581edff1304   x265      4618.65%   2.991GiB / 96GiB    3.12%     0B / 0B   91.9MB / 2.68MB   117
2025-02-15 23:31:43.169863
CONTAINER ID   NAME      CPU %      MEM USAGE / LIMIT   MEM %     NET I/O   BLOCK I/O         PIDS
8581edff1304   x265      4635.94%   3.003GiB / 96GiB    3.13%     0B / 0B   91.9MB / 2.68MB   117
2025-02-15 23:31:45.176304
CONTAINER ID   NAME      CPU %      MEM USAGE / LIMIT   MEM %     NET I/O   BLOCK I/O         PIDS
8581edff1304   x265      4645.73%   3.008GiB / 96GiB    3.13%     0B / 0B   91.9MB / 2.68MB   117
2025-02-15 23:31:47.182632
CONTAINER ID   NAME      CPU %      MEM USAGE / LIMIT   MEM %     NET I/O   BLOCK I/O         PIDS
8581edff1304   x265      4236.30%   3.009GiB / 96GiB    3.13%     0B / 0B   91.9MB / 2.68MB   117
2025-02-15 23:31:49.189664
CONTAINER ID   NAME      CPU %      MEM USAGE / LIMIT   MEM %     NET I/O   BLOCK I/O         PIDS
8581edff1304   x265      4926.90%   3.008GiB / 96GiB    3.13%     0B / 0B   91.9MB / 2.68MB   117
2025-02-15 23:31:51.192411
CONTAINER ID   NAME      CPU %      MEM USAGE / LIMIT   MEM %     NET I/O   BLOCK I/O         PIDS
8581edff1304   x265      4733.72%   3.007GiB / 96GiB    3.13%     0B / 0B   91.9MB / 2.68MB   117
2025-02-15 23:31:53.200610
CONTAINER ID   NAME      CPU %      MEM USAGE / LIMIT   MEM %     NET I/O   BLOCK I/O         PIDS
8581edff1304   x265      4004.52%   3.015GiB / 96GiB    3.14%     0B / 0B   91.9MB / 2.68MB   117
2025-02-15 23:31:55.204487
CONTAINER ID   NAME      CPU %      MEM USAGE / LIMIT   MEM %     NET I/O   BLOCK I/O         PIDS
8581edff1304   x265      4512.36%   3.015GiB / 96GiB    3.14%     0B / 0B   91.9MB / 2.68MB   117
2025-02-15 23:31:57.211363
CONTAINER ID   NAME      CPU %      MEM USAGE / LIMIT   MEM %     NET I/O   BLOCK I/O         PIDS
8581edff1304   x265      4304.59%   3.015GiB / 96GiB    3.14%     0B / 0B   91.9MB / 2.68MB   117
2025-02-15 23:31:59.217705
CONTAINER ID   NAME      CPU %      MEM USAGE / LIMIT   MEM %     NET I/O   BLOCK I/O         PIDS
8581edff1304   x265      4345.15%   3.015GiB / 96GiB    3.14%     0B / 0B   91.9MB / 2.68MB   117
2025-02-15 23:32:01.223002
CONTAINER ID   NAME      CPU %      MEM USAGE / LIMIT   MEM %     NET I/O   BLOCK I/O         PIDS
8581edff1304   x265      4210.12%   3.015GiB / 96GiB    3.14%     0B / 0B   91.9MB / 2.68MB   117
2025-02-15 23:32:03.230293
CONTAINER ID   NAME      CPU %      MEM USAGE / LIMIT   MEM %     NET I/O   BLOCK I/O         PIDS
8581edff1304   x265      4381.63%   3.014GiB / 96GiB    3.14%     0B / 0B   91.9MB / 2.68MB   117
2025-02-15 23:32:05.235036
CONTAINER ID   NAME      CPU %      MEM USAGE / LIMIT   MEM %     NET I/O   BLOCK I/O         PIDS
8581edff1304   x265      4484.47%   3.014GiB / 96GiB    3.14%     0B / 0B   91.9MB / 2.68MB   117
2025-02-15 23:32:07.240040
CONTAINER ID   NAME      CPU %      MEM USAGE / LIMIT   MEM %     NET I/O   BLOCK I/O         PIDS
8581edff1304   x265      3665.57%   3.022GiB / 96GiB    3.15%     0B / 0B   91.9MB / 2.68MB   117
2025-02-15 23:32:09.246963
CONTAINER ID   NAME      CPU %      MEM USAGE / LIMIT   MEM %     NET I/O   BLOCK I/O         PIDS
8581edff1304   x265      3943.39%   3.051GiB / 96GiB    3.18%     0B / 0B   91.9MB / 2.68MB   117
2025-02-15 23:32:11.251906
CONTAINER ID   NAME      CPU %      MEM USAGE / LIMIT   MEM %     NET I/O   BLOCK I/O         PIDS
8581edff1304   x265      4509.07%   3.068GiB / 96GiB    3.20%     0B / 0B   91.9MB / 2.68MB   117
2025-02-15 23:32:13.256732
CONTAINER ID   NAME      CPU %      MEM USAGE / LIMIT   MEM %     NET I/O   BLOCK I/O         PIDS
8581edff1304   x265      4558.84%   3.068GiB / 96GiB    3.20%     0B / 0B   91.9MB / 2.68MB   115
2025-02-15 23:32:15.263410
CONTAINER ID   NAME      CPU %      MEM USAGE / LIMIT   MEM %     NET I/O   BLOCK I/O         PIDS
8581edff1304   x265      4203.77%   3.068GiB / 96GiB    3.20%     0B / 0B   91.9MB / 2.68MB   115
2025-02-15 23:32:17.269558
CONTAINER ID   NAME      CPU %      MEM USAGE / LIMIT   MEM %     NET I/O   BLOCK I/O         PIDS
8581edff1304   x265      3131.66%   1.9GiB / 96GiB      1.98%     0B / 0B   91.9MB / 3.88MB   117
2025-02-15 23:32:19.277280
CONTAINER ID   NAME      CPU %      MEM USAGE / LIMIT   MEM %     NET I/O   BLOCK I/O         PIDS
8581edff1304   x265      3433.93%   2.95GiB / 96GiB     3.07%     0B / 0B   91.9MB / 3.88MB   117
2025-02-15 23:32:21.285325
CONTAINER ID   NAME      CPU %      MEM USAGE / LIMIT   MEM %     NET I/O   BLOCK I/O         PIDS
8581edff1304   x265      4304.56%   2.973GiB / 96GiB    3.10%     0B / 0B   91.9MB / 3.88MB   117
2025-02-15 23:32:23.292522
CONTAINER ID   NAME      CPU %      MEM USAGE / LIMIT   MEM %     NET I/O   BLOCK I/O         PIDS
8581edff1304   x265      4373.37%   2.973GiB / 96GiB    3.10%     0B / 0B   91.9MB / 3.88MB   117
2025-02-15 23:32:25.298631
CONTAINER ID   NAME      CPU %      MEM USAGE / LIMIT   MEM %     NET I/O   BLOCK I/O         PIDS
8581edff1304   x265      4667.47%   2.974GiB / 96GiB    3.10%     0B / 0B   91.9MB / 3.88MB   117
2025-02-15 23:32:27.305216
CONTAINER ID   NAME      CPU %      MEM USAGE / LIMIT   MEM %     NET I/O   BLOCK I/O         PIDS
8581edff1304   x265      4196.67%   2.974GiB / 96GiB    3.10%     0B / 0B   91.9MB / 3.88MB   117
2025-02-15 23:32:29.312473
CONTAINER ID   NAME      CPU %      MEM USAGE / LIMIT   MEM %     NET I/O   BLOCK I/O         PIDS
8581edff1304   x265      4601.78%   2.974GiB / 96GiB    3.10%     0B / 0B   91.9MB / 3.88MB   117
2025-02-15 23:32:31.318215
CONTAINER ID   NAME      CPU %      MEM USAGE / LIMIT   MEM %     NET I/O   BLOCK I/O         PIDS
8581edff1304   x265      4495.88%   2.974GiB / 96GiB    3.10%     0B / 0B   91.9MB / 3.88MB   117
2025-02-15 23:32:33.324782
CONTAINER ID   NAME      CPU %      MEM USAGE / LIMIT   MEM %     NET I/O   BLOCK I/O         PIDS
8581edff1304   x265      3948.17%   2.974GiB / 96GiB    3.10%     0B / 0B   91.9MB / 3.88MB   117
2025-02-15 23:32:35.329279
CONTAINER ID   NAME      CPU %      MEM USAGE / LIMIT   MEM %     NET I/O   BLOCK I/O         PIDS
8581edff1304   x265      4517.74%   2.993GiB / 96GiB    3.12%     0B / 0B   91.9MB / 3.88MB   117
2025-02-15 23:32:37.334548
CONTAINER ID   NAME      CPU %      MEM USAGE / LIMIT   MEM %     NET I/O   BLOCK I/O         PIDS
8581edff1304   x265      3771.05%   2.994GiB / 96GiB    3.12%     0B / 0B   91.9MB / 3.88MB   117
2025-02-15 23:32:39.341656
CONTAINER ID   NAME      CPU %      MEM USAGE / LIMIT   MEM %     NET I/O   BLOCK I/O         PIDS
8581edff1304   x265      4489.11%   2.999GiB / 96GiB    3.12%     0B / 0B   91.9MB / 3.88MB   117
2025-02-15 23:32:41.348355
CONTAINER ID   NAME      CPU %      MEM USAGE / LIMIT   MEM %     NET I/O   BLOCK I/O         PIDS
8581edff1304   x265      3775.95%   2.998GiB / 96GiB    3.12%     0B / 0B   91.9MB / 3.88MB   117
2025-02-15 23:32:43.355350
CONTAINER ID   NAME      CPU %      MEM USAGE / LIMIT   MEM %     NET I/O   BLOCK I/O         PIDS
8581edff1304   x265      4621.22%   2.998GiB / 96GiB    3.12%     0B / 0B   91.9MB / 3.88MB   117
2025-02-15 23:32:45.361025
CONTAINER ID   NAME      CPU %      MEM USAGE / LIMIT   MEM %     NET I/O   BLOCK I/O         PIDS
8581edff1304   x265      4739.99%   3.005GiB / 96GiB    3.13%     0B / 0B   91.9MB / 3.88MB   117
2025-02-15 23:32:47.369582
CONTAINER ID   NAME      CPU %      MEM USAGE / LIMIT   MEM %     NET I/O   BLOCK I/O         PIDS
8581edff1304   x265      4763.19%   3.005GiB / 96GiB    3.13%     0B / 0B   91.9MB / 3.88MB   117
2025-02-15 23:32:49.373249
CONTAINER ID   NAME      CPU %      MEM USAGE / LIMIT   MEM %     NET I/O   BLOCK I/O         PIDS
8581edff1304   x265      4339.77%   3.005GiB / 96GiB    3.13%     0B / 0B   91.9MB / 3.88MB   117
2025-02-15 23:32:51.380034
CONTAINER ID   NAME      CPU %      MEM USAGE / LIMIT   MEM %     NET I/O   BLOCK I/O         PIDS
8581edff1304   x265      4366.30%   3.005GiB / 96GiB    3.13%     0B / 0B   91.9MB / 3.88MB   117
2025-02-15 23:32:53.385291
CONTAINER ID   NAME      CPU %      MEM USAGE / LIMIT   MEM %     NET I/O   BLOCK I/O         PIDS
8581edff1304   x265      4672.56%   3.005GiB / 96GiB    3.13%     0B / 0B   91.9MB / 3.88MB   117
2025-02-15 23:32:55.392525
CONTAINER ID   NAME      CPU %      MEM USAGE / LIMIT   MEM %     NET I/O   BLOCK I/O         PIDS
8581edff1304   x265      4633.39%   3.005GiB / 96GiB    3.13%     0B / 0B   91.9MB / 3.88MB   117
2025-02-15 23:32:57.398850
CONTAINER ID   NAME      CPU %      MEM USAGE / LIMIT   MEM %     NET I/O   BLOCK I/O         PIDS
8581edff1304   x265      4331.50%   3.005GiB / 96GiB    3.13%     0B / 0B   91.9MB / 3.88MB   117
2025-02-15 23:32:59.406112
CONTAINER ID   NAME      CPU %      MEM USAGE / LIMIT   MEM %     NET I/O   BLOCK I/O         PIDS
8581edff1304   x265      4346.60%   3.018GiB / 96GiB    3.14%     0B / 0B   91.9MB / 3.88MB   117
2025-02-15 23:33:01.410823
CONTAINER ID   NAME      CPU %      MEM USAGE / LIMIT   MEM %     NET I/O   BLOCK I/O         PIDS
8581edff1304   x265      3985.75%   3.049GiB / 96GiB    3.18%     0B / 0B   91.9MB / 3.88MB   117
2025-02-15 23:33:03.416793
CONTAINER ID   NAME      CPU %      MEM USAGE / LIMIT   MEM %     NET I/O   BLOCK I/O         PIDS
8581edff1304   x265      4861.84%   3.068GiB / 96GiB    3.20%     0B / 0B   91.9MB / 3.88MB   117
2025-02-15 23:33:05.421462
CONTAINER ID   NAME      CPU %      MEM USAGE / LIMIT   MEM %     NET I/O   BLOCK I/O         PIDS
8581edff1304   x265      4857.17%   3.071GiB / 96GiB    3.20%     0B / 0B   91.9MB / 3.88MB   115
2025-02-15 23:33:07.426962
CONTAINER ID   NAME      CPU %      MEM USAGE / LIMIT   MEM %     NET I/O   BLOCK I/O         PIDS
8581edff1304   x265      3925.12%   3.071GiB / 96GiB    3.20%     0B / 0B   91.9MB / 3.88MB   115
2025-02-15 23:33:09.433561
CONTAINER ID   NAME      CPU %      MEM USAGE / LIMIT   MEM %     NET I/O   BLOCK I/O      PIDS
8581edff1304   x265      3045.88%   1.802GiB / 96GiB    1.88%     0B / 0B   91.9MB / 4MB   117
2025-02-15 23:33:11.438231
CONTAINER ID   NAME      CPU %      MEM USAGE / LIMIT   MEM %     NET I/O   BLOCK I/O      PIDS
8581edff1304   x265      4334.76%   2.957GiB / 96GiB    3.08%     0B / 0B   91.9MB / 4MB   117
2025-02-15 23:33:13.444113
CONTAINER ID   NAME      CPU %      MEM USAGE / LIMIT   MEM %     NET I/O   BLOCK I/O      PIDS
8581edff1304   x265      4482.02%   2.973GiB / 96GiB    3.10%     0B / 0B   91.9MB / 4MB   117
2025-02-15 23:33:15.451084
CONTAINER ID   NAME      CPU %      MEM USAGE / LIMIT   MEM %     NET I/O   BLOCK I/O      PIDS
8581edff1304   x265      2912.05%   2.974GiB / 96GiB    3.10%     0B / 0B   91.9MB / 4MB   117
2025-02-15 23:33:17.458398
CONTAINER ID   NAME      CPU %      MEM USAGE / LIMIT   MEM %     NET I/O   BLOCK I/O      PIDS
8581edff1304   x265      4469.95%   2.974GiB / 96GiB    3.10%     0B / 0B   91.9MB / 4MB   117
2025-02-15 23:33:19.464804
CONTAINER ID   NAME      CPU %      MEM USAGE / LIMIT   MEM %     NET I/O   BLOCK I/O      PIDS
8581edff1304   x265      4481.44%   2.974GiB / 96GiB    3.10%     0B / 0B   91.9MB / 4MB   117
2025-02-15 23:33:21.470562
CONTAINER ID   NAME      CPU %      MEM USAGE / LIMIT   MEM %     NET I/O   BLOCK I/O      PIDS
8581edff1304   x265      4658.78%   2.975GiB / 96GiB    3.10%     0B / 0B   91.9MB / 4MB   117
2025-02-15 23:33:23.477192
CONTAINER ID   NAME      CPU %      MEM USAGE / LIMIT   MEM %     NET I/O   BLOCK I/O      PIDS
8581edff1304   x265      4547.83%   2.974GiB / 96GiB    3.10%     0B / 0B   91.9MB / 4MB   117
2025-02-15 23:33:25.482890
CONTAINER ID   NAME      CPU %      MEM USAGE / LIMIT   MEM %     NET I/O   BLOCK I/O      PIDS
8581edff1304   x265      4449.29%   2.987GiB / 96GiB    3.11%     0B / 0B   91.9MB / 4MB   117
2025-02-15 23:33:27.489663
CONTAINER ID   NAME      CPU %      MEM USAGE / LIMIT   MEM %     NET I/O   BLOCK I/O      PIDS
8581edff1304   x265      4548.76%   2.996GiB / 96GiB    3.12%     0B / 0B   91.9MB / 4MB   117
2025-02-15 23:33:29.495290
CONTAINER ID   NAME      CPU %      MEM USAGE / LIMIT   MEM %     NET I/O   BLOCK I/O      PIDS
8581edff1304   x265      4772.26%   3.002GiB / 96GiB    3.13%     0B / 0B   91.9MB / 4MB   117
2025-02-15 23:33:31.499928
CONTAINER ID   NAME      CPU %      MEM USAGE / LIMIT   MEM %     NET I/O   BLOCK I/O      PIDS
8581edff1304   x265      4787.88%   3.001GiB / 96GiB    3.13%     0B / 0B   91.9MB / 4MB   117
2025-02-15 23:33:33.507177
CONTAINER ID   NAME      CPU %      MEM USAGE / LIMIT   MEM %     NET I/O   BLOCK I/O      PIDS
8581edff1304   x265      4612.11%   3GiB / 96GiB        3.13%     0B / 0B   91.9MB / 4MB   117
2025-02-15 23:33:35.512100
CONTAINER ID   NAME      CPU %      MEM USAGE / LIMIT   MEM %     NET I/O   BLOCK I/O      PIDS
8581edff1304   x265      4522.77%   3.008GiB / 96GiB    3.13%     0B / 0B   91.9MB / 4MB   117
2025-02-15 23:33:37.518947
CONTAINER ID   NAME      CPU %      MEM USAGE / LIMIT   MEM %     NET I/O   BLOCK I/O      PIDS
8581edff1304   x265      4724.55%   3.008GiB / 96GiB    3.13%     0B / 0B   91.9MB / 4MB   117
2025-02-15 23:33:39.524598
CONTAINER ID   NAME      CPU %      MEM USAGE / LIMIT   MEM %     NET I/O   BLOCK I/O      PIDS
8581edff1304   x265      4439.93%   3.008GiB / 96GiB    3.13%     0B / 0B   91.9MB / 4MB   117
2025-02-15 23:33:41.530514
CONTAINER ID   NAME      CPU %      MEM USAGE / LIMIT   MEM %     NET I/O   BLOCK I/O      PIDS
8581edff1304   x265      4558.98%   3.008GiB / 96GiB    3.13%     0B / 0B   91.9MB / 4MB   117
2025-02-15 23:33:43.536501
CONTAINER ID   NAME      CPU %      MEM USAGE / LIMIT   MEM %     NET I/O   BLOCK I/O      PIDS
8581edff1304   x265      4782.18%   3.008GiB / 96GiB    3.13%     0B / 0B   91.9MB / 4MB   117
2025-02-15 23:33:45.541133
CONTAINER ID   NAME      CPU %      MEM USAGE / LIMIT   MEM %     NET I/O   BLOCK I/O      PIDS
8581edff1304   x265      4432.04%   3.007GiB / 96GiB    3.13%     0B / 0B   91.9MB / 4MB   117
2025-02-15 23:33:47.549026
CONTAINER ID   NAME      CPU %      MEM USAGE / LIMIT   MEM %     NET I/O   BLOCK I/O      PIDS
8581edff1304   x265      4784.44%   3.02GiB / 96GiB     3.15%     0B / 0B   91.9MB / 4MB   117
2025-02-15 23:33:49.554447
CONTAINER ID   NAME      CPU %      MEM USAGE / LIMIT   MEM %     NET I/O   BLOCK I/O      PIDS
8581edff1304   x265      4843.38%   3.03GiB / 96GiB     3.16%     0B / 0B   91.9MB / 4MB   117
2025-02-15 23:33:51.561065
CONTAINER ID   NAME      CPU %      MEM USAGE / LIMIT   MEM %     NET I/O   BLOCK I/O      PIDS
8581edff1304   x265      2444.07%   3.047GiB / 96GiB    3.17%     0B / 0B   91.9MB / 4MB   117
2025-02-15 23:33:53.566523
CONTAINER ID   NAME      CPU %      MEM USAGE / LIMIT   MEM %     NET I/O   BLOCK I/O      PIDS
8581edff1304   x265      4652.24%   3.072GiB / 96GiB    3.20%     0B / 0B   91.9MB / 4MB   117
2025-02-15 23:33:55.571824
CONTAINER ID   NAME      CPU %      MEM USAGE / LIMIT   MEM %     NET I/O   BLOCK I/O      PIDS
8581edff1304   x265      4650.76%   3.072GiB / 96GiB    3.20%     0B / 0B   91.9MB / 4MB   115
2025-02-15 23:33:57.578229
CONTAINER ID   NAME      CPU %      MEM USAGE / LIMIT   MEM %     NET I/O   BLOCK I/O      PIDS
8581edff1304   x265      3519.73%   2.778GiB / 96GiB    2.89%     0B / 0B   91.9MB / 4MB   3
2025-02-15 23:33:59.583642
CONTAINER ID   NAME      CPU %      MEM USAGE / LIMIT   MEM %     NET I/O   BLOCK I/O         PIDS
8581edff1304   x265      3255.80%   1.965GiB / 96GiB    2.05%     0B / 0B   91.9MB / 5.11MB   117
2025-02-15 23:34:01.590327
CONTAINER ID   NAME      CPU %      MEM USAGE / LIMIT   MEM %     NET I/O   BLOCK I/O         PIDS
8581edff1304   x265      4320.41%   2.96GiB / 96GiB     3.08%     0B / 0B   91.9MB / 5.11MB   117
2025-02-15 23:34:03.599018
CONTAINER ID   NAME      CPU %      MEM USAGE / LIMIT   MEM %     NET I/O   BLOCK I/O         PIDS
8581edff1304   x265      4848.05%   2.973GiB / 96GiB    3.10%     0B / 0B   91.9MB / 5.11MB   117
2025-02-15 23:34:05.604196
CONTAINER ID   NAME      CPU %      MEM USAGE / LIMIT   MEM %     NET I/O   BLOCK I/O         PIDS
8581edff1304   x265      4777.67%   2.974GiB / 96GiB    3.10%     0B / 0B   91.9MB / 5.11MB   117
2025-02-15 23:34:07.609314
CONTAINER ID   NAME      CPU %      MEM USAGE / LIMIT   MEM %     NET I/O   BLOCK I/O         PIDS
8581edff1304   x265      4492.60%   2.975GiB / 96GiB    3.10%     0B / 0B   91.9MB / 5.11MB   117
2025-02-15 23:34:09.615395
CONTAINER ID   NAME      CPU %      MEM USAGE / LIMIT   MEM %     NET I/O   BLOCK I/O         PIDS
8581edff1304   x265      4600.16%   2.974GiB / 96GiB    3.10%     0B / 0B   91.9MB / 5.11MB   117
2025-02-15 23:34:11.619975
CONTAINER ID   NAME      CPU %      MEM USAGE / LIMIT   MEM %     NET I/O   BLOCK I/O         PIDS
8581edff1304   x265      4618.29%   2.974GiB / 96GiB    3.10%     0B / 0B   91.9MB / 5.11MB   117
2025-02-15 23:34:13.625453
CONTAINER ID   NAME      CPU %      MEM USAGE / LIMIT   MEM %     NET I/O   BLOCK I/O         PIDS
8581edff1304   x265      4609.94%   2.986GiB / 96GiB    3.11%     0B / 0B   91.9MB / 5.11MB   117
2025-02-15 23:34:15.631050
CONTAINER ID   NAME      CPU %      MEM USAGE / LIMIT   MEM %     NET I/O   BLOCK I/O         PIDS
8581edff1304   x265      4388.76%   2.998GiB / 96GiB    3.12%     0B / 0B   91.9MB / 5.11MB   117
2025-02-15 23:34:17.635520
CONTAINER ID   NAME      CPU %      MEM USAGE / LIMIT   MEM %     NET I/O   BLOCK I/O         PIDS
8581edff1304   x265      4388.22%   3GiB / 96GiB        3.13%     0B / 0B   91.9MB / 5.11MB   117
2025-02-15 23:34:19.641602
CONTAINER ID   NAME      CPU %      MEM USAGE / LIMIT   MEM %     NET I/O   BLOCK I/O         PIDS
8581edff1304   x265      4937.19%   3.004GiB / 96GiB    3.13%     0B / 0B   91.9MB / 5.11MB   117
2025-02-15 23:34:21.647309
CONTAINER ID   NAME      CPU %      MEM USAGE / LIMIT   MEM %     NET I/O   BLOCK I/O         PIDS
8581edff1304   x265      4527.39%   3.003GiB / 96GiB    3.13%     0B / 0B   91.9MB / 5.11MB   117
2025-02-15 23:34:23.654541
CONTAINER ID   NAME      CPU %      MEM USAGE / LIMIT   MEM %     NET I/O   BLOCK I/O         PIDS
8581edff1304   x265      4429.23%   3.003GiB / 96GiB    3.13%     0B / 0B   91.9MB / 5.11MB   117
2025-02-15 23:34:25.659597
CONTAINER ID   NAME      CPU %      MEM USAGE / LIMIT   MEM %     NET I/O   BLOCK I/O         PIDS
8581edff1304   x265      4300.32%   3.005GiB / 96GiB    3.13%     0B / 0B   91.9MB / 5.11MB   117
2025-02-15 23:34:27.667286
CONTAINER ID   NAME      CPU %      MEM USAGE / LIMIT   MEM %     NET I/O   BLOCK I/O         PIDS
8581edff1304   x265      4584.20%   3.005GiB / 96GiB    3.13%     0B / 0B   91.9MB / 5.11MB   117
2025-02-15 23:34:29.673445
CONTAINER ID   NAME      CPU %      MEM USAGE / LIMIT   MEM %     NET I/O   BLOCK I/O         PIDS
8581edff1304   x265      4722.99%   3.006GiB / 96GiB    3.13%     0B / 0B   91.9MB / 5.11MB   117
2025-02-15 23:34:31.678533
CONTAINER ID   NAME      CPU %      MEM USAGE / LIMIT   MEM %     NET I/O   BLOCK I/O         PIDS
8581edff1304   x265      4802.57%   3.006GiB / 96GiB    3.13%     0B / 0B   91.9MB / 5.11MB   117
2025-02-15 23:34:33.684371
CONTAINER ID   NAME      CPU %      MEM USAGE / LIMIT   MEM %     NET I/O   BLOCK I/O         PIDS
8581edff1304   x265      4542.98%   3.005GiB / 96GiB    3.13%     0B / 0B   91.9MB / 5.11MB   117
2025-02-15 23:34:35.690465
CONTAINER ID   NAME      CPU %      MEM USAGE / LIMIT   MEM %     NET I/O   BLOCK I/O         PIDS
8581edff1304   x265      4346.60%   3.005GiB / 96GiB    3.13%     0B / 0B   91.9MB / 5.11MB   117
2025-02-15 23:34:37.694407
CONTAINER ID   NAME      CPU %      MEM USAGE / LIMIT   MEM %     NET I/O   BLOCK I/O         PIDS
8581edff1304   x265      4754.44%   3.019GiB / 96GiB    3.15%     0B / 0B   91.9MB / 5.11MB   117
2025-02-15 23:34:39.700263
CONTAINER ID   NAME      CPU %      MEM USAGE / LIMIT   MEM %     NET I/O   BLOCK I/O         PIDS
8581edff1304   x265      4840.32%   3.03GiB / 96GiB     3.16%     0B / 0B   91.9MB / 5.11MB   117
2025-02-15 23:34:41.708855
CONTAINER ID   NAME      CPU %      MEM USAGE / LIMIT   MEM %     NET I/O   BLOCK I/O         PIDS
8581edff1304   x265      4396.69%   3.046GiB / 96GiB    3.17%     0B / 0B   91.9MB / 5.11MB   117
2025-02-15 23:34:43.714322
CONTAINER ID   NAME      CPU %      MEM USAGE / LIMIT   MEM %     NET I/O   BLOCK I/O         PIDS
8581edff1304   x265      4890.55%   3.061GiB / 96GiB    3.19%     0B / 0B   91.9MB / 5.11MB   117
2025-02-15 23:34:45.720930
CONTAINER ID   NAME      CPU %      MEM USAGE / LIMIT   MEM %     NET I/O   BLOCK I/O         PIDS
8581edff1304   x265      4246.19%   3.061GiB / 96GiB    3.19%     0B / 0B   91.9MB / 5.11MB   115
2025-02-15 23:34:47.725606
CONTAINER ID   NAME      CPU %      MEM USAGE / LIMIT   MEM %     NET I/O   BLOCK I/O         PIDS
8581edff1304   x265      1230.38%   544.9MiB / 96GiB    0.55%     0B / 0B   91.9MB / 5.75MB   117
2025-02-15 23:34:49.737558
CONTAINER ID   NAME      CPU %      MEM USAGE / LIMIT   MEM %     NET I/O   BLOCK I/O         PIDS
8581edff1304   x265      4660.76%   2.722GiB / 96GiB    2.84%     0B / 0B   91.9MB / 5.75MB   117
2025-02-15 23:34:51.743116
CONTAINER ID   NAME      CPU %      MEM USAGE / LIMIT   MEM %     NET I/O   BLOCK I/O         PIDS
8581edff1304   x265      4598.10%   2.972GiB / 96GiB    3.10%     0B / 0B   91.9MB / 5.75MB   117
2025-02-15 23:34:53.751121
CONTAINER ID   NAME      CPU %      MEM USAGE / LIMIT   MEM %     NET I/O   BLOCK I/O         PIDS
8581edff1304   x265      4292.15%   2.973GiB / 96GiB    3.10%     0B / 0B   91.9MB / 5.75MB   117
2025-02-15 23:34:55.757842
CONTAINER ID   NAME      CPU %      MEM USAGE / LIMIT   MEM %     NET I/O   BLOCK I/O         PIDS
8581edff1304   x265      4494.20%   2.974GiB / 96GiB    3.10%     0B / 0B   91.9MB / 5.75MB   117
2025-02-15 23:34:57.763392
CONTAINER ID   NAME      CPU %      MEM USAGE / LIMIT   MEM %     NET I/O   BLOCK I/O         PIDS
8581edff1304   x265      4402.51%   2.974GiB / 96GiB    3.10%     0B / 0B   91.9MB / 5.75MB   117
2025-02-15 23:34:59.770185
CONTAINER ID   NAME      CPU %      MEM USAGE / LIMIT   MEM %     NET I/O   BLOCK I/O         PIDS
8581edff1304   x265      4775.22%   2.974GiB / 96GiB    3.10%     0B / 0B   91.9MB / 5.75MB   117
2025-02-15 23:35:01.775411
CONTAINER ID   NAME      CPU %      MEM USAGE / LIMIT   MEM %     NET I/O   BLOCK I/O         PIDS
8581edff1304   x265      4888.73%   2.974GiB / 96GiB    3.10%     0B / 0B   91.9MB / 5.75MB   117
2025-02-15 23:35:03.780750
CONTAINER ID   NAME      CPU %      MEM USAGE / LIMIT   MEM %     NET I/O   BLOCK I/O         PIDS
8581edff1304   x265      4708.74%   3.003GiB / 96GiB    3.13%     0B / 0B   91.9MB / 5.75MB   117
2025-02-15 23:35:05.786911
CONTAINER ID   NAME      CPU %      MEM USAGE / LIMIT   MEM %     NET I/O   BLOCK I/O         PIDS
8581edff1304   x265      4719.85%   3.003GiB / 96GiB    3.13%     0B / 0B   91.9MB / 5.75MB   117
2025-02-15 23:35:07.794917
CONTAINER ID   NAME      CPU %      MEM USAGE / LIMIT   MEM %     NET I/O   BLOCK I/O         PIDS
8581edff1304   x265      4657.39%   3.01GiB / 96GiB     3.14%     0B / 0B   91.9MB / 5.75MB   117
2025-02-15 23:35:09.798948
CONTAINER ID   NAME      CPU %      MEM USAGE / LIMIT   MEM %     NET I/O   BLOCK I/O         PIDS
8581edff1304   x265      4243.23%   3.008GiB / 96GiB    3.13%     0B / 0B   91.9MB / 5.75MB   117
2025-02-15 23:35:11.806246
CONTAINER ID   NAME      CPU %      MEM USAGE / LIMIT   MEM %     NET I/O   BLOCK I/O         PIDS
8581edff1304   x265      4645.20%   3.008GiB / 96GiB    3.13%     0B / 0B   91.9MB / 5.75MB   117
2025-02-15 23:35:13.811298
CONTAINER ID   NAME      CPU %      MEM USAGE / LIMIT   MEM %     NET I/O   BLOCK I/O         PIDS
8581edff1304   x265      4773.02%   3.013GiB / 96GiB    3.14%     0B / 0B   91.9MB / 5.75MB   117
2025-02-15 23:35:15.817850
CONTAINER ID   NAME      CPU %      MEM USAGE / LIMIT   MEM %     NET I/O   BLOCK I/O         PIDS
8581edff1304   x265      4466.13%   3.013GiB / 96GiB    3.14%     0B / 0B   91.9MB / 5.75MB   117
2025-02-15 23:35:17.822649
CONTAINER ID   NAME      CPU %      MEM USAGE / LIMIT   MEM %     NET I/O   BLOCK I/O         PIDS
8581edff1304   x265      4545.75%   3.013GiB / 96GiB    3.14%     0B / 0B   91.9MB / 5.75MB   117
2025-02-15 23:35:19.827970
CONTAINER ID   NAME      CPU %      MEM USAGE / LIMIT   MEM %     NET I/O   BLOCK I/O         PIDS
8581edff1304   x265      4572.41%   3.013GiB / 96GiB    3.14%     0B / 0B   91.9MB / 5.75MB   117
2025-02-15 23:35:21.835085
CONTAINER ID   NAME      CPU %      MEM USAGE / LIMIT   MEM %     NET I/O   BLOCK I/O         PIDS
8581edff1304   x265      4454.85%   3.012GiB / 96GiB    3.14%     0B / 0B   91.9MB / 5.75MB   117
2025-02-15 23:35:23.842164
CONTAINER ID   NAME      CPU %      MEM USAGE / LIMIT   MEM %     NET I/O   BLOCK I/O         PIDS
8581edff1304   x265      4673.75%   3.012GiB / 96GiB    3.14%     0B / 0B   91.9MB / 5.75MB   117
2025-02-15 23:35:25.848489
CONTAINER ID   NAME      CPU %      MEM USAGE / LIMIT   MEM %     NET I/O   BLOCK I/O         PIDS
8581edff1304   x265      4678.95%   3.012GiB / 96GiB    3.14%     0B / 0B   91.9MB / 5.75MB   117
2025-02-15 23:35:27.854042
CONTAINER ID   NAME      CPU %      MEM USAGE / LIMIT   MEM %     NET I/O   BLOCK I/O         PIDS
8581edff1304   x265      5006.49%   3.027GiB / 96GiB    3.15%     0B / 0B   91.9MB / 5.75MB   117
2025-02-15 23:35:29.860093
CONTAINER ID   NAME      CPU %      MEM USAGE / LIMIT   MEM %     NET I/O   BLOCK I/O         PIDS
8581edff1304   x265      4708.30%   3.051GiB / 96GiB    3.18%     0B / 0B   91.9MB / 5.75MB   117
2025-02-15 23:35:31.868729
CONTAINER ID   NAME      CPU %      MEM USAGE / LIMIT   MEM %     NET I/O   BLOCK I/O         PIDS
8581edff1304   x265      4869.63%   3.056GiB / 96GiB    3.18%     0B / 0B   91.9MB / 5.75MB   117
2025-02-15 23:35:33.875767
CONTAINER ID   NAME      CPU %      MEM USAGE / LIMIT   MEM %     NET I/O   BLOCK I/O         PIDS
8581edff1304   x265      4491.60%   3.056GiB / 96GiB    3.18%     0B / 0B   91.9MB / 5.75MB   115
2025-02-15 23:35:35.881438
CONTAINER ID   NAME      CPU %      MEM USAGE / LIMIT   MEM %     NET I/O   BLOCK I/O         PIDS
8581edff1304   x265      2481.93%   90.56MiB / 96GiB    0.09%     0B / 0B   91.9MB / 7.05MB   1
2025-02-15 23:35:37.887441
CONTAINER ID   NAME      CPU %     MEM USAGE / LIMIT   MEM %     NET I/O   BLOCK I/O         PIDS
8581edff1304   x265      0.00%     90.1MiB / 96GiB     0.09%     0B / 0B   91.9MB / 7.05MB   1
2025-02-15 23:35:39.894075
CONTAINER ID   NAME      CPU %     MEM USAGE / LIMIT   MEM %     NET I/O   BLOCK I/O         PIDS
8581edff1304   x265      0.00%     90.07MiB / 96GiB    0.09%     0B / 0B   91.9MB / 7.05MB   1
2025-02-15 23:35:41.898971
CONTAINER ID   NAME      CPU %     MEM USAGE / LIMIT   MEM %     NET I/O   BLOCK I/O         PIDS
8581edff1304   x265      0.00%     90.07MiB / 96GiB    0.09%     0B / 0B   91.9MB / 7.05MB   1
2025-02-15 23:35:43.904872
CONTAINER ID   NAME      CPU %     MEM USAGE / LIMIT   MEM %     NET I/O   BLOCK I/O         PIDS
8581edff1304   x265      0.00%     90.07MiB / 96GiB    0.09%     0B / 0B   91.9MB / 7.05MB   1
2025-02-15 23:35:45.910271
CONTAINER ID   NAME      CPU %     MEM USAGE / LIMIT   MEM %     NET I/O   BLOCK I/O   PIDS
