2024-11-14 23:39:05.953039
CONTAINER ID   NAME      CPU %     MEM USAGE / LIMIT   MEM %     NET I/O   BLOCK I/O   PIDS
2024-11-14 23:39:06.589650
CONTAINER ID   NAME      CPU %     MEM USAGE / LIMIT   MEM %     NET I/O   BLOCK I/O   PIDS
2024-11-14 23:39:07.224525
CONTAINER ID   NAME      CPU %     MEM USAGE / LIMIT   MEM %     NET I/O   BLOCK I/O   PIDS
2024-11-14 23:39:07.859536
CONTAINER ID   NAME      CPU %     MEM USAGE / LIMIT   MEM %     NET I/O   BLOCK I/O   PIDS
2024-11-14 23:39:08.492661
CONTAINER ID   NAME      CPU %     MEM USAGE / LIMIT   MEM %     NET I/O   BLOCK I/O   PIDS
2024-11-14 23:39:09.126771
CONTAINER ID   NAME      CPU %     MEM USAGE / LIMIT   MEM %     NET I/O   BLOCK I/O   PIDS
2024-11-14 23:39:09.758201
CONTAINER ID   NAME      CPU %     MEM USAGE / LIMIT   MEM %     NET I/O   BLOCK I/O   PIDS
2024-11-14 23:39:10.392161
CONTAINER ID   NAME      CPU %     MEM USAGE / LIMIT   MEM %     NET I/O   BLOCK I/O   PIDS
2024-11-14 23:39:11.024767
CONTAINER ID   NAME      CPU %     MEM USAGE / LIMIT   MEM %     NET I/O   BLOCK I/O   PIDS
2024-11-14 23:39:11.659891
CONTAINER ID   NAME      CPU %     MEM USAGE / LIMIT   MEM %     NET I/O   BLOCK I/O   PIDS
2024-11-14 23:39:12.291644
CONTAINER ID   NAME      CPU %     MEM USAGE / LIMIT   MEM %     NET I/O   BLOCK I/O   PIDS
2024-11-14 23:39:12.925089
CONTAINER ID   NAME      CPU %     MEM USAGE / LIMIT   MEM %     NET I/O   BLOCK I/O   PIDS
2024-11-14 23:39:13.557308
CONTAINER ID   NAME      CPU %     MEM USAGE / LIMIT   MEM %     NET I/O   BLOCK I/O   PIDS
2024-11-14 23:39:14.190662
CONTAINER ID   NAME      CPU %     MEM USAGE / LIMIT   MEM %     NET I/O   BLOCK I/O   PIDS
2024-11-14 23:39:14.822243
CONTAINER ID   NAME      CPU %     MEM USAGE / LIMIT   MEM %     NET I/O   BLOCK I/O   PIDS
2024-11-14 23:39:15.456440
CONTAINER ID   NAME      CPU %     MEM USAGE / LIMIT   MEM %     NET I/O   BLOCK I/O   PIDS
2024-11-14 23:39:16.088889
CONTAINER ID   NAME      CPU %     MEM USAGE / LIMIT   MEM %     NET I/O   BLOCK I/O   PIDS
2024-11-14 23:39:16.721877
CONTAINER ID   NAME      CPU %     MEM USAGE / LIMIT   MEM %     NET I/O   BLOCK I/O   PIDS
2024-11-14 23:39:17.355192
CONTAINER ID   NAME      CPU %     MEM USAGE / LIMIT   MEM %     NET I/O   BLOCK I/O   PIDS
2024-11-14 23:39:17.988732
CONTAINER ID   NAME      CPU %     MEM USAGE / LIMIT   MEM %     NET I/O   BLOCK I/O   PIDS
2024-11-14 23:39:18.621020
CONTAINER ID   NAME      CPU %     MEM USAGE / LIMIT   MEM %     NET I/O   BLOCK I/O   PIDS
2024-11-14 23:39:19.254046
CONTAINER ID   NAME      CPU %     MEM USAGE / LIMIT   MEM %     NET I/O   BLOCK I/O   PIDS
2024-11-14 23:39:19.887428
CONTAINER ID   NAME      CPU %     MEM USAGE / LIMIT   MEM %     NET I/O   BLOCK I/O   PIDS
2024-11-14 23:39:20.519487
CONTAINER ID   NAME      CPU %     MEM USAGE / LIMIT   MEM %     NET I/O   BLOCK I/O   PIDS
2024-11-14 23:39:21.153066
CONTAINER ID   NAME      CPU %     MEM USAGE / LIMIT   MEM %     NET I/O   BLOCK I/O   PIDS
2024-11-14 23:39:21.785166
CONTAINER ID   NAME      CPU %     MEM USAGE / LIMIT   MEM %     NET I/O   BLOCK I/O   PIDS
2024-11-14 23:39:22.419529
CONTAINER ID   NAME      CPU %     MEM USAGE / LIMIT   MEM %     NET I/O   BLOCK I/O   PIDS
2024-11-14 23:39:23.050800
CONTAINER ID   NAME      CPU %     MEM USAGE / LIMIT   MEM %     NET I/O   BLOCK I/O   PIDS
2024-11-14 23:39:23.685354
CONTAINER ID   NAME      CPU %     MEM USAGE / LIMIT   MEM %     NET I/O   BLOCK I/O   PIDS
2024-11-14 23:39:24.318076
CONTAINER ID   NAME      CPU %     MEM USAGE / LIMIT   MEM %     NET I/O   BLOCK I/O   PIDS
2024-11-14 23:39:24.951587
CONTAINER ID   NAME      CPU %     MEM USAGE / LIMIT   MEM %     NET I/O   BLOCK I/O   PIDS
2024-11-14 23:39:25.586097
CONTAINER ID   NAME      CPU %     MEM USAGE / LIMIT   MEM %     NET I/O   BLOCK I/O   PIDS
2024-11-14 23:39:26.218591
CONTAINER ID   NAME                      CPU %     MEM USAGE / LIMIT   MEM %     NET I/O   BLOCK I/O   PIDS
32ba05d67948   pbbs_removeDuplicates_1   99.73%    296.6MiB / 96GiB    0.30%     0B / 0B   0B / 0B     5
2d8315cf00b7   pbbs_removeDuplicates     99.96%    182.5MiB / 96GiB    0.19%     0B / 0B   0B / 0B     5
2024-11-14 23:39:28.878095
CONTAINER ID   NAME                      CPU %     MEM USAGE / LIMIT   MEM %     NET I/O   BLOCK I/O   PIDS
32ba05d67948   pbbs_removeDuplicates_1   99.20%    406.6MiB / 96GiB    0.41%     0B / 0B   0B / 0B     5
2d8315cf00b7   pbbs_removeDuplicates     99.40%    408.8MiB / 96GiB    0.42%     0B / 0B   0B / 0B     5
2024-11-14 23:39:30.893747
CONTAINER ID   NAME                      CPU %     MEM USAGE / LIMIT   MEM %     NET I/O   BLOCK I/O   PIDS
32ba05d67948   pbbs_removeDuplicates_1   99.80%    420MiB / 96GiB      0.43%     0B / 0B   0B / 0B     5
2d8315cf00b7   pbbs_removeDuplicates     99.76%    421.1MiB / 96GiB    0.43%     0B / 0B   0B / 0B     5
2024-11-14 23:39:32.908033
CONTAINER ID   NAME                      CPU %     MEM USAGE / LIMIT   MEM %     NET I/O   BLOCK I/O   PIDS
32ba05d67948   pbbs_removeDuplicates_1   99.87%    422.4MiB / 96GiB    0.43%     0B / 0B   0B / 0B     5
2d8315cf00b7   pbbs_removeDuplicates     99.82%    427.2MiB / 96GiB    0.43%     0B / 0B   0B / 0B     5
2024-11-14 23:39:34.921611
CONTAINER ID   NAME                      CPU %     MEM USAGE / LIMIT   MEM %     NET I/O   BLOCK I/O   PIDS
32ba05d67948   pbbs_removeDuplicates_1   100.32%   464.1MiB / 96GiB    0.47%     0B / 0B   0B / 0B     5
2d8315cf00b7   pbbs_removeDuplicates     100.18%   479.7MiB / 96GiB    0.49%     0B / 0B   0B / 0B     5
2024-11-14 23:39:36.934590
CONTAINER ID   NAME                      CPU %     MEM USAGE / LIMIT   MEM %     NET I/O   BLOCK I/O     PIDS
32ba05d67948   pbbs_removeDuplicates_1   94.92%    46.74MiB / 96GiB    0.05%     0B / 0B   0B / 27.2MB   5
2d8315cf00b7   pbbs_removeDuplicates     92.92%    100.6MiB / 96GiB    0.10%     0B / 0B   0B / 39.7MB   6
2024-11-14 23:39:38.951571
CONTAINER ID   NAME                      CPU %     MEM USAGE / LIMIT   MEM %     NET I/O   BLOCK I/O     PIDS
32ba05d67948   pbbs_removeDuplicates_1   100.27%   197.6MiB / 96GiB    0.20%     0B / 0B   0B / 40MB     7
2d8315cf00b7   pbbs_removeDuplicates     100.07%   313.8MiB / 96GiB    0.32%     0B / 0B   0B / 39.7MB   7
2024-11-14 23:39:40.966674
CONTAINER ID   NAME                      CPU %     MEM USAGE / LIMIT   MEM %     NET I/O   BLOCK I/O     PIDS
32ba05d67948   pbbs_removeDuplicates_1   99.57%    318.2MiB / 96GiB    0.32%     0B / 0B   0B / 40MB     7
2d8315cf00b7   pbbs_removeDuplicates     99.55%    336.6MiB / 96GiB    0.34%     0B / 0B   0B / 39.7MB   7
2024-11-14 23:39:42.982008
CONTAINER ID   NAME                      CPU %     MEM USAGE / LIMIT   MEM %     NET I/O   BLOCK I/O     PIDS
32ba05d67948   pbbs_removeDuplicates_1   99.61%    357MiB / 96GiB      0.36%     0B / 0B   0B / 40MB     7
2d8315cf00b7   pbbs_removeDuplicates     302.71%   26.4MiB / 96GiB     0.03%     0B / 0B   0B / 60.3MB   52
2024-11-14 23:39:44.994952
CONTAINER ID   NAME                      CPU %      MEM USAGE / LIMIT   MEM %     NET I/O   BLOCK I/O         PIDS
32ba05d67948   pbbs_removeDuplicates_1   2580.21%   146.7MiB / 96GiB    0.15%     0B / 0B   93.7MB / 60.7MB   52
2d8315cf00b7   pbbs_removeDuplicates     177.55%    153MiB / 96GiB      0.16%     0B / 0B   583MB / 60.3MB    52
2024-11-14 23:39:47.005575
CONTAINER ID   NAME                      CPU %     MEM USAGE / LIMIT   MEM %     NET I/O   BLOCK I/O        PIDS
32ba05d67948   pbbs_removeDuplicates_1   109.54%   156.2MiB / 96GiB    0.16%     0B / 0B   544MB / 60.7MB   52
2d8315cf00b7   pbbs_removeDuplicates     117.36%   165.2MiB / 96GiB    0.17%     0B / 0B   963MB / 60.3MB   52
2024-11-14 23:39:49.018939
CONTAINER ID   NAME                      CPU %     MEM USAGE / LIMIT   MEM %     NET I/O   BLOCK I/O         PIDS
32ba05d67948   pbbs_removeDuplicates_1   146.21%   166.9MiB / 96GiB    0.17%     0B / 0B   961MB / 60.7MB    52
2d8315cf00b7   pbbs_removeDuplicates     125.20%   175.2MiB / 96GiB    0.18%     0B / 0B   1.35GB / 60.3MB   52
2024-11-14 23:39:51.029777
CONTAINER ID   NAME                      CPU %     MEM USAGE / LIMIT   MEM %     NET I/O   BLOCK I/O         PIDS
32ba05d67948   pbbs_removeDuplicates_1   149.14%   180.6MiB / 96GiB    0.18%     0B / 0B   1.35GB / 60.7MB   52
2d8315cf00b7   pbbs_removeDuplicates     118.99%   183.3MiB / 96GiB    0.19%     0B / 0B   1.75GB / 60.3MB   52
2024-11-14 23:39:53.044209
CONTAINER ID   NAME                      CPU %     MEM USAGE / LIMIT   MEM %     NET I/O   BLOCK I/O         PIDS
32ba05d67948   pbbs_removeDuplicates_1   119.07%   191.6MiB / 96GiB    0.19%     0B / 0B   1.74GB / 60.7MB   52
2d8315cf00b7   pbbs_removeDuplicates     126.54%   192.3MiB / 96GiB    0.20%     0B / 0B   2.12GB / 60.3MB   52
2024-11-14 23:39:55.059269
CONTAINER ID   NAME                      CPU %     MEM USAGE / LIMIT   MEM %     NET I/O   BLOCK I/O         PIDS
32ba05d67948   pbbs_removeDuplicates_1   141.63%   207.7MiB / 96GiB    0.21%     0B / 0B   2.1GB / 60.7MB    52
2d8315cf00b7   pbbs_removeDuplicates     125.20%   199.7MiB / 96GiB    0.20%     0B / 0B   2.48GB / 60.3MB   52
2024-11-14 23:39:57.066427
CONTAINER ID   NAME                      CPU %     MEM USAGE / LIMIT   MEM %     NET I/O   BLOCK I/O         PIDS
32ba05d67948   pbbs_removeDuplicates_1   127.96%   217.7MiB / 96GiB    0.22%     0B / 0B   2.45GB / 60.7MB   52
2d8315cf00b7   pbbs_removeDuplicates     164.30%   219.4MiB / 96GiB    0.22%     0B / 0B   2.86GB / 60.3MB   52
2024-11-14 23:39:59.089382
CONTAINER ID   NAME                      CPU %      MEM USAGE / LIMIT   MEM %     NET I/O   BLOCK I/O         PIDS
32ba05d67948   pbbs_removeDuplicates_1   4788.97%   9.272GiB / 96GiB    9.66%     0B / 0B   2.54GB / 60.7MB   52
2d8315cf00b7   pbbs_removeDuplicates     4770.09%   9.311GiB / 96GiB    9.70%     0B / 0B   2.94GB / 60.3MB   52
2024-11-14 23:40:01.100135
CONTAINER ID   NAME                      CPU %      MEM USAGE / LIMIT   MEM %     NET I/O   BLOCK I/O         PIDS
32ba05d67948   pbbs_removeDuplicates_1   4792.93%   26.55GiB / 96GiB    27.66%    0B / 0B   2.54GB / 60.7MB   52
2d8315cf00b7   pbbs_removeDuplicates     4801.93%   21.06GiB / 96GiB    21.94%    0B / 0B   2.94GB / 60.3MB   52
2024-11-14 23:40:04.170628
CONTAINER ID   NAME                      CPU %      MEM USAGE / LIMIT   MEM %     NET I/O   BLOCK I/O         PIDS
32ba05d67948   pbbs_removeDuplicates_1   1071.58%   33.28GiB / 96GiB    34.67%    0B / 0B   2.54GB / 60.7MB   52
2d8315cf00b7   pbbs_removeDuplicates     1065.95%   33.63GiB / 96GiB    35.03%    0B / 0B   2.94GB / 60.3MB   52
2024-11-14 23:40:06.184132
CONTAINER ID   NAME                      CPU %      MEM USAGE / LIMIT   MEM %     NET I/O   BLOCK I/O         PIDS
32ba05d67948   pbbs_removeDuplicates_1   4743.16%   44.63GiB / 96GiB    46.49%    0B / 0B   2.54GB / 60.7MB   52
2d8315cf00b7   pbbs_removeDuplicates     4740.29%   44.84GiB / 96GiB    46.71%    0B / 0B   2.94GB / 60.3MB   52
2024-11-14 23:40:08.207764
CONTAINER ID   NAME                      CPU %      MEM USAGE / LIMIT   MEM %     NET I/O   BLOCK I/O         PIDS
32ba05d67948   pbbs_removeDuplicates_1   4766.94%   46.47GiB / 96GiB    48.41%    0B / 0B   2.54GB / 60.7MB   52
2d8315cf00b7   pbbs_removeDuplicates     4783.41%   46.12GiB / 96GiB    48.04%    0B / 0B   2.94GB / 60.3MB   52
2024-11-14 23:40:11.238051
CONTAINER ID   NAME                      CPU %      MEM USAGE / LIMIT   MEM %     NET I/O   BLOCK I/O         PIDS
32ba05d67948   pbbs_removeDuplicates_1   4762.33%   47.4GiB / 96GiB     49.38%    0B / 0B   2.54GB / 60.7MB   52
2d8315cf00b7   pbbs_removeDuplicates     4786.13%   47.87GiB / 96GiB    49.87%    0B / 0B   2.94GB / 60.3MB   52
2024-11-14 23:40:13.269867
CONTAINER ID   NAME                      CPU %      MEM USAGE / LIMIT   MEM %     NET I/O   BLOCK I/O         PIDS
32ba05d67948   pbbs_removeDuplicates_1   3991.34%   49.73GiB / 96GiB    51.80%    0B / 0B   2.54GB / 60.7MB   52
2d8315cf00b7   pbbs_removeDuplicates     3964.32%   50.17GiB / 96GiB    52.26%    0B / 0B   2.94GB / 60.3MB   52
2024-11-14 23:40:15.276844
CONTAINER ID   NAME                      CPU %      MEM USAGE / LIMIT   MEM %     NET I/O   BLOCK I/O         PIDS
32ba05d67948   pbbs_removeDuplicates_1   2301.13%   52.44GiB / 96GiB    54.63%    0B / 0B   2.54GB / 60.7MB   52
2d8315cf00b7   pbbs_removeDuplicates     2145.03%   52.48GiB / 96GiB    54.66%    0B / 0B   2.94GB / 60.3MB   52
2024-11-14 23:40:17.290243
CONTAINER ID   NAME                      CPU %     MEM USAGE / LIMIT   MEM %     NET I/O   BLOCK I/O         PIDS
32ba05d67948   pbbs_removeDuplicates_1   0.09%     49.56GiB / 96GiB    51.63%    0B / 0B   2.54GB / 60.7MB   52
2d8315cf00b7   pbbs_removeDuplicates     0.15%     49.93GiB / 96GiB    52.01%    0B / 0B   2.94GB / 60.3MB   52
2024-11-14 23:40:19.303601
CONTAINER ID   NAME                      CPU %     MEM USAGE / LIMIT   MEM %     NET I/O   BLOCK I/O         PIDS
32ba05d67948   pbbs_removeDuplicates_1   0.15%     49.56GiB / 96GiB    51.63%    0B / 0B   2.54GB / 60.7MB   52
2d8315cf00b7   pbbs_removeDuplicates     0.15%     49.93GiB / 96GiB    52.01%    0B / 0B   2.94GB / 60.3MB   52
2024-11-14 23:40:21.314191
CONTAINER ID   NAME                      CPU %     MEM USAGE / LIMIT   MEM %     NET I/O   BLOCK I/O         PIDS
32ba05d67948   pbbs_removeDuplicates_1   0.15%     49.56GiB / 96GiB    51.62%    0B / 0B   2.54GB / 60.7MB   52
2d8315cf00b7   pbbs_removeDuplicates     0.15%     49.93GiB / 96GiB    52.01%    0B / 0B   2.94GB / 60.3MB   52
2024-11-14 23:40:23.326322
CONTAINER ID   NAME                      CPU %     MEM USAGE / LIMIT   MEM %     NET I/O   BLOCK I/O         PIDS
32ba05d67948   pbbs_removeDuplicates_1   0.14%     49.56GiB / 96GiB    51.62%    0B / 0B   2.54GB / 60.7MB   52
2d8315cf00b7   pbbs_removeDuplicates     0.14%     49.93GiB / 96GiB    52.01%    0B / 0B   2.94GB / 60.3MB   52
2024-11-14 23:40:25.338811
CONTAINER ID   NAME                      CPU %     MEM USAGE / LIMIT   MEM %     NET I/O   BLOCK I/O         PIDS
32ba05d67948   pbbs_removeDuplicates_1   0.14%     49.56GiB / 96GiB    51.62%    0B / 0B   2.54GB / 60.7MB   52
2d8315cf00b7   pbbs_removeDuplicates     0.15%     49.93GiB / 96GiB    52.01%    0B / 0B   2.94GB / 60.3MB   52
2024-11-14 23:40:27.352990
CONTAINER ID   NAME                      CPU %     MEM USAGE / LIMIT   MEM %     NET I/O   BLOCK I/O         PIDS
32ba05d67948   pbbs_removeDuplicates_1   0.15%     49.56GiB / 96GiB    51.62%    0B / 0B   2.54GB / 60.7MB   52
2d8315cf00b7   pbbs_removeDuplicates     0.14%     49.93GiB / 96GiB    52.01%    0B / 0B   2.94GB / 60.3MB   52
2024-11-14 23:40:29.365448
CONTAINER ID   NAME                      CPU %     MEM USAGE / LIMIT   MEM %     NET I/O   BLOCK I/O         PIDS
32ba05d67948   pbbs_removeDuplicates_1   0.14%     49.56GiB / 96GiB    51.62%    0B / 0B   2.54GB / 60.7MB   52
2d8315cf00b7   pbbs_removeDuplicates     0.15%     49.93GiB / 96GiB    52.01%    0B / 0B   2.94GB / 60.3MB   52
2024-11-14 23:40:31.379728
CONTAINER ID   NAME                      CPU %     MEM USAGE / LIMIT   MEM %     NET I/O   BLOCK I/O         PIDS
32ba05d67948   pbbs_removeDuplicates_1   0.13%     49.56GiB / 96GiB    51.62%    0B / 0B   2.54GB / 60.7MB   52
2d8315cf00b7   pbbs_removeDuplicates     0.14%     49.93GiB / 96GiB    52.01%    0B / 0B   2.94GB / 60.3MB   52
2024-11-14 23:40:33.392112
CONTAINER ID   NAME                      CPU %     MEM USAGE / LIMIT   MEM %     NET I/O   BLOCK I/O         PIDS
32ba05d67948   pbbs_removeDuplicates_1   0.14%     49.56GiB / 96GiB    51.62%    0B / 0B   2.54GB / 60.7MB   52
2d8315cf00b7   pbbs_removeDuplicates     0.14%     49.93GiB / 96GiB    52.01%    0B / 0B   2.94GB / 60.3MB   52
2024-11-14 23:40:35.404800
CONTAINER ID   NAME                      CPU %     MEM USAGE / LIMIT   MEM %     NET I/O   BLOCK I/O         PIDS
32ba05d67948   pbbs_removeDuplicates_1   0.14%     49.56GiB / 96GiB    51.62%    0B / 0B   2.54GB / 60.7MB   52
2d8315cf00b7   pbbs_removeDuplicates     0.13%     49.93GiB / 96GiB    52.01%    0B / 0B   2.94GB / 60.3MB   52
2024-11-14 23:40:37.418069
CONTAINER ID   NAME                      CPU %     MEM USAGE / LIMIT   MEM %     NET I/O   BLOCK I/O         PIDS
32ba05d67948   pbbs_removeDuplicates_1   0.15%     49.56GiB / 96GiB    51.62%    0B / 0B   2.54GB / 60.7MB   52
2d8315cf00b7   pbbs_removeDuplicates     0.14%     49.93GiB / 96GiB    52.01%    0B / 0B   2.94GB / 60.3MB   52
2024-11-14 23:40:39.430042
CONTAINER ID   NAME                      CPU %     MEM USAGE / LIMIT   MEM %     NET I/O   BLOCK I/O         PIDS
32ba05d67948   pbbs_removeDuplicates_1   0.15%     49.56GiB / 96GiB    51.62%    0B / 0B   2.54GB / 60.7MB   52
2d8315cf00b7   pbbs_removeDuplicates     0.14%     49.93GiB / 96GiB    52.01%    0B / 0B   2.94GB / 60.3MB   52
2024-11-14 23:40:41.444683
CONTAINER ID   NAME                      CPU %     MEM USAGE / LIMIT   MEM %     NET I/O   BLOCK I/O         PIDS
32ba05d67948   pbbs_removeDuplicates_1   0.14%     49.56GiB / 96GiB    51.62%    0B / 0B   2.54GB / 60.7MB   52
2d8315cf00b7   pbbs_removeDuplicates     0.15%     49.93GiB / 96GiB    52.01%    0B / 0B   2.94GB / 60.3MB   52
2024-11-14 23:40:43.456963
CONTAINER ID   NAME                      CPU %     MEM USAGE / LIMIT   MEM %     NET I/O   BLOCK I/O         PIDS
32ba05d67948   pbbs_removeDuplicates_1   0.14%     49.56GiB / 96GiB    51.62%    0B / 0B   2.54GB / 60.7MB   52
2d8315cf00b7   pbbs_removeDuplicates     0.14%     49.93GiB / 96GiB    52.01%    0B / 0B   2.94GB / 60.3MB   52
2024-11-14 23:40:45.470430
CONTAINER ID   NAME                      CPU %     MEM USAGE / LIMIT   MEM %     NET I/O   BLOCK I/O         PIDS
32ba05d67948   pbbs_removeDuplicates_1   0.14%     49.56GiB / 96GiB    51.62%    0B / 0B   2.54GB / 60.7MB   52
2d8315cf00b7   pbbs_removeDuplicates     0.14%     49.93GiB / 96GiB    52.01%    0B / 0B   2.94GB / 60.3MB   52
2024-11-14 23:40:47.484448
CONTAINER ID   NAME                      CPU %     MEM USAGE / LIMIT   MEM %     NET I/O   BLOCK I/O         PIDS
32ba05d67948   pbbs_removeDuplicates_1   0.14%     49.56GiB / 96GiB    51.62%    0B / 0B   2.54GB / 60.7MB   52
2d8315cf00b7   pbbs_removeDuplicates     0.16%     49.93GiB / 96GiB    52.01%    0B / 0B   2.94GB / 60.3MB   52
2024-11-14 23:40:49.497287
CONTAINER ID   NAME                      CPU %     MEM USAGE / LIMIT   MEM %     NET I/O   BLOCK I/O         PIDS
32ba05d67948   pbbs_removeDuplicates_1   0.14%     49.56GiB / 96GiB    51.62%    0B / 0B   2.54GB / 60.7MB   52
2d8315cf00b7   pbbs_removeDuplicates     0.16%     49.93GiB / 96GiB    52.01%    0B / 0B   2.94GB / 60.3MB   52
2024-11-14 23:40:51.509711
CONTAINER ID   NAME                      CPU %     MEM USAGE / LIMIT   MEM %     NET I/O   BLOCK I/O         PIDS
32ba05d67948   pbbs_removeDuplicates_1   0.14%     49.56GiB / 96GiB    51.62%    0B / 0B   2.54GB / 60.7MB   52
2d8315cf00b7   pbbs_removeDuplicates     0.16%     49.93GiB / 96GiB    52.01%    0B / 0B   2.94GB / 60.3MB   52
2024-11-14 23:40:53.522246
CONTAINER ID   NAME                      CPU %     MEM USAGE / LIMIT   MEM %     NET I/O   BLOCK I/O         PIDS
32ba05d67948   pbbs_removeDuplicates_1   0.14%     49.56GiB / 96GiB    51.62%    0B / 0B   2.54GB / 60.7MB   52
2d8315cf00b7   pbbs_removeDuplicates     0.16%     49.93GiB / 96GiB    52.01%    0B / 0B   2.94GB / 60.3MB   52
2024-11-14 23:40:55.535079
CONTAINER ID   NAME                      CPU %     MEM USAGE / LIMIT   MEM %     NET I/O   BLOCK I/O         PIDS
32ba05d67948   pbbs_removeDuplicates_1   0.14%     49.56GiB / 96GiB    51.62%    0B / 0B   2.54GB / 60.7MB   52
2d8315cf00b7   pbbs_removeDuplicates     0.16%     49.93GiB / 96GiB    52.01%    0B / 0B   2.94GB / 60.3MB   52
2024-11-14 23:40:57.547934
CONTAINER ID   NAME                      CPU %     MEM USAGE / LIMIT   MEM %     NET I/O   BLOCK I/O         PIDS
32ba05d67948   pbbs_removeDuplicates_1   0.14%     49.56GiB / 96GiB    51.62%    0B / 0B   2.54GB / 60.7MB   52
2d8315cf00b7   pbbs_removeDuplicates     0.15%     49.93GiB / 96GiB    52.01%    0B / 0B   2.94GB / 60.3MB   52
2024-11-14 23:40:59.559280
CONTAINER ID   NAME                      CPU %     MEM USAGE / LIMIT   MEM %     NET I/O   BLOCK I/O         PIDS
32ba05d67948   pbbs_removeDuplicates_1   0.13%     49.56GiB / 96GiB    51.62%    0B / 0B   2.54GB / 60.7MB   52
2d8315cf00b7   pbbs_removeDuplicates     0.15%     49.93GiB / 96GiB    52.01%    0B / 0B   2.94GB / 60.3MB   52
2024-11-14 23:41:01.573456
CONTAINER ID   NAME                      CPU %     MEM USAGE / LIMIT   MEM %     NET I/O   BLOCK I/O         PIDS
32ba05d67948   pbbs_removeDuplicates_1   0.14%     49.56GiB / 96GiB    51.62%    0B / 0B   2.54GB / 60.7MB   52
2d8315cf00b7   pbbs_removeDuplicates     0.15%     49.93GiB / 96GiB    52.01%    0B / 0B   2.94GB / 60.3MB   52
2024-11-14 23:41:03.588030
CONTAINER ID   NAME                      CPU %     MEM USAGE / LIMIT   MEM %     NET I/O   BLOCK I/O         PIDS
32ba05d67948   pbbs_removeDuplicates_1   0.14%     49.56GiB / 96GiB    51.62%    0B / 0B   2.54GB / 60.7MB   52
2d8315cf00b7   pbbs_removeDuplicates     0.14%     49.93GiB / 96GiB    52.01%    0B / 0B   2.94GB / 60.3MB   52
2024-11-14 23:41:05.598666
CONTAINER ID   NAME                      CPU %      MEM USAGE / LIMIT   MEM %     NET I/O   BLOCK I/O         PIDS
32ba05d67948   pbbs_removeDuplicates_1   4784.86%   49.6GiB / 96GiB     51.67%    0B / 0B   2.54GB / 60.7MB   52
2d8315cf00b7   pbbs_removeDuplicates     4790.28%   50.4GiB / 96GiB     52.50%    0B / 0B   2.94GB / 60.3MB   52
2024-11-14 23:41:07.624496
CONTAINER ID   NAME                      CPU %      MEM USAGE / LIMIT   MEM %     NET I/O   BLOCK I/O         PIDS
32ba05d67948   pbbs_removeDuplicates_1   4803.72%   51.01GiB / 96GiB    53.14%    0B / 0B   2.54GB / 60.7MB   52
2d8315cf00b7   pbbs_removeDuplicates     4784.23%   52.08GiB / 96GiB    54.25%    0B / 0B   2.94GB / 60.3MB   52
2024-11-14 23:41:09.657874
CONTAINER ID   NAME                      CPU %      MEM USAGE / LIMIT   MEM %     NET I/O   BLOCK I/O         PIDS
32ba05d67948   pbbs_removeDuplicates_1   4807.54%   52.17GiB / 96GiB    54.35%    0B / 0B   2.54GB / 60.7MB   52
2d8315cf00b7   pbbs_removeDuplicates     4783.94%   52.66GiB / 96GiB    54.85%    0B / 0B   2.94GB / 60.3MB   52
2024-11-14 23:41:11.677261
CONTAINER ID   NAME                      CPU %      MEM USAGE / LIMIT   MEM %     NET I/O   BLOCK I/O         PIDS
32ba05d67948   pbbs_removeDuplicates_1   4801.91%   52.31GiB / 96GiB    54.49%    0B / 0B   2.54GB / 60.7MB   52
2d8315cf00b7   pbbs_removeDuplicates     4812.26%   52.68GiB / 96GiB    54.88%    0B / 0B   2.94GB / 60.3MB   52
2024-11-14 23:41:13.688416
CONTAINER ID   NAME                      CPU %      MEM USAGE / LIMIT   MEM %     NET I/O   BLOCK I/O         PIDS
32ba05d67948   pbbs_removeDuplicates_1   116.46%    44.84GiB / 96GiB    46.71%    0B / 0B   2.54GB / 60.7MB   52
2d8315cf00b7   pbbs_removeDuplicates     1116.19%   47.14GiB / 96GiB    49.11%    0B / 0B   2.94GB / 60.3MB   52
2024-11-14 23:41:15.704280
CONTAINER ID   NAME                      CPU %      MEM USAGE / LIMIT   MEM %     NET I/O   BLOCK I/O         PIDS
32ba05d67948   pbbs_removeDuplicates_1   4776.64%   49.72GiB / 96GiB    51.79%    0B / 0B   2.54GB / 60.7MB   52
2d8315cf00b7   pbbs_removeDuplicates     4765.20%   50.93GiB / 96GiB    53.05%    0B / 0B   2.94GB / 60.3MB   52
2024-11-14 23:41:17.726046
CONTAINER ID   NAME                      CPU %      MEM USAGE / LIMIT   MEM %     NET I/O   BLOCK I/O         PIDS
32ba05d67948   pbbs_removeDuplicates_1   4790.06%   52.27GiB / 96GiB    54.45%    0B / 0B   2.54GB / 60.7MB   52
2d8315cf00b7   pbbs_removeDuplicates     4796.51%   52.3GiB / 96GiB     54.48%    0B / 0B   2.94GB / 60.3MB   52
2024-11-14 23:41:21.178953
CONTAINER ID   NAME                      CPU %      MEM USAGE / LIMIT   MEM %     NET I/O   BLOCK I/O         PIDS
32ba05d67948   pbbs_removeDuplicates_1   4771.24%   52.31GiB / 96GiB    54.49%    0B / 0B   2.54GB / 60.7MB   52
2d8315cf00b7   pbbs_removeDuplicates     4792.19%   52.68GiB / 96GiB    54.88%    0B / 0B   2.94GB / 60.3MB   52
2024-11-14 23:41:23.192422
CONTAINER ID   NAME                      CPU %     MEM USAGE / LIMIT   MEM %     NET I/O   BLOCK I/O         PIDS
32ba05d67948   pbbs_removeDuplicates_1   99.82%    46.42GiB / 96GiB    48.35%    0B / 0B   2.54GB / 60.7MB   52
2d8315cf00b7   pbbs_removeDuplicates     929.36%   46.51GiB / 96GiB    48.45%    0B / 0B   2.94GB / 60.3MB   52
2024-11-14 23:41:25.211370
CONTAINER ID   NAME                      CPU %      MEM USAGE / LIMIT   MEM %     NET I/O   BLOCK I/O         PIDS
32ba05d67948   pbbs_removeDuplicates_1   4802.08%   50.97GiB / 96GiB    53.09%    0B / 0B   2.54GB / 60.7MB   52
2d8315cf00b7   pbbs_removeDuplicates     4785.90%   51.54GiB / 96GiB    53.69%    0B / 0B   2.94GB / 60.3MB   52
2024-11-14 23:41:28.742056
CONTAINER ID   NAME                      CPU %      MEM USAGE / LIMIT   MEM %     NET I/O   BLOCK I/O         PIDS
32ba05d67948   pbbs_removeDuplicates_1   4797.91%   52.13GiB / 96GiB    54.30%    0B / 0B   2.54GB / 60.7MB   52
2d8315cf00b7   pbbs_removeDuplicates     4806.95%   52.68GiB / 96GiB    54.88%    0B / 0B   2.94GB / 60.3MB   52
2024-11-14 23:41:30.759836
CONTAINER ID   NAME                      CPU %      MEM USAGE / LIMIT   MEM %     NET I/O   BLOCK I/O         PIDS
32ba05d67948   pbbs_removeDuplicates_1   4879.21%   52.31GiB / 96GiB    54.49%    0B / 0B   2.54GB / 60.7MB   52
2d8315cf00b7   pbbs_removeDuplicates     4774.48%   52.68GiB / 96GiB    54.88%    0B / 0B   2.94GB / 60.3MB   52
2024-11-14 23:41:32.791689
CONTAINER ID   NAME                      CPU %      MEM USAGE / LIMIT   MEM %     NET I/O   BLOCK I/O         PIDS
32ba05d67948   pbbs_removeDuplicates_1   100.02%    46.67GiB / 96GiB    48.62%    0B / 0B   2.54GB / 60.7MB   52
2d8315cf00b7   pbbs_removeDuplicates     1020.81%   46.71GiB / 96GiB    48.66%    0B / 0B   2.94GB / 60.3MB   52
2024-11-14 23:41:34.802556
CONTAINER ID   NAME                      CPU %      MEM USAGE / LIMIT   MEM %     NET I/O   BLOCK I/O         PIDS
32ba05d67948   pbbs_removeDuplicates_1   4783.15%   50.93GiB / 96GiB    53.05%    0B / 0B   2.54GB / 60.7MB   52
2d8315cf00b7   pbbs_removeDuplicates     4770.10%   51.43GiB / 96GiB    53.57%    0B / 0B   2.94GB / 60.3MB   52
2024-11-14 23:41:38.176597
CONTAINER ID   NAME                      CPU %      MEM USAGE / LIMIT   MEM %     NET I/O   BLOCK I/O         PIDS
32ba05d67948   pbbs_removeDuplicates_1   4765.82%   52.18GiB / 96GiB    54.36%    0B / 0B   2.54GB / 60.7MB   52
2d8315cf00b7   pbbs_removeDuplicates     4787.86%   52.68GiB / 96GiB    54.88%    0B / 0B   2.94GB / 60.3MB   52
2024-11-14 23:41:40.190320
CONTAINER ID   NAME                      CPU %      MEM USAGE / LIMIT   MEM %     NET I/O   BLOCK I/O         PIDS
32ba05d67948   pbbs_removeDuplicates_1   4806.21%   52.31GiB / 96GiB    54.49%    0B / 0B   2.54GB / 60.7MB   52
2d8315cf00b7   pbbs_removeDuplicates     4792.96%   52.69GiB / 96GiB    54.88%    0B / 0B   2.94GB / 60.3MB   52
2024-11-14 23:41:42.202336
CONTAINER ID   NAME                      CPU %     MEM USAGE / LIMIT   MEM %     NET I/O   BLOCK I/O         PIDS
32ba05d67948   pbbs_removeDuplicates_1   99.85%    48.12GiB / 96GiB    50.13%    0B / 0B   2.54GB / 60.7MB   52
2d8315cf00b7   pbbs_removeDuplicates     603.55%   45.36GiB / 96GiB    47.25%    0B / 0B   2.94GB / 60.3MB   52
2024-11-14 23:41:44.220393
CONTAINER ID   NAME                      CPU %      MEM USAGE / LIMIT   MEM %     NET I/O   BLOCK I/O         PIDS
32ba05d67948   pbbs_removeDuplicates_1   4732.10%   49.02GiB / 96GiB    51.06%    0B / 0B   2.54GB / 60.7MB   52
2d8315cf00b7   pbbs_removeDuplicates     4771.90%   50.88GiB / 96GiB    53.00%    0B / 0B   2.94GB / 60.3MB   52
2024-11-14 23:41:46.241547
CONTAINER ID   NAME                      CPU %      MEM USAGE / LIMIT   MEM %     NET I/O   BLOCK I/O         PIDS
32ba05d67948   pbbs_removeDuplicates_1   4781.05%   50.97GiB / 96GiB    53.09%    0B / 0B   2.54GB / 60.7MB   52
2d8315cf00b7   pbbs_removeDuplicates     4789.21%   52.36GiB / 96GiB    54.54%    0B / 0B   2.94GB / 60.3MB   52
2024-11-14 23:41:48.269684
CONTAINER ID   NAME                      CPU %      MEM USAGE / LIMIT   MEM %     NET I/O   BLOCK I/O         PIDS
32ba05d67948   pbbs_removeDuplicates_1   4786.95%   52.32GiB / 96GiB    54.50%    0B / 0B   2.54GB / 60.7MB   52
2d8315cf00b7   pbbs_removeDuplicates     4216.69%   52.69GiB / 96GiB    54.88%    0B / 0B   2.94GB / 60.3MB   52
2024-11-14 23:41:51.589705
CONTAINER ID   NAME                      CPU %      MEM USAGE / LIMIT   MEM %     NET I/O   BLOCK I/O         PIDS
32ba05d67948   pbbs_removeDuplicates_1   99.51%     48.88GiB / 96GiB    50.92%    0B / 0B   2.54GB / 60.7MB   52
2d8315cf00b7   pbbs_removeDuplicates     1431.17%   48.37GiB / 96GiB    50.38%    0B / 0B   2.94GB / 60.3MB   52
2024-11-14 23:41:53.602191
CONTAINER ID   NAME                      CPU %      MEM USAGE / LIMIT   MEM %     NET I/O   BLOCK I/O         PIDS
32ba05d67948   pbbs_removeDuplicates_1   4781.31%   49.44GiB / 96GiB    51.50%    0B / 0B   2.54GB / 60.7MB   52
2d8315cf00b7   pbbs_removeDuplicates     4792.76%   51.54GiB / 96GiB    53.68%    0B / 0B   2.94GB / 60.3MB   52
2024-11-14 23:41:55.627897
CONTAINER ID   NAME                      CPU %      MEM USAGE / LIMIT   MEM %     NET I/O   BLOCK I/O         PIDS
32ba05d67948   pbbs_removeDuplicates_1   4853.77%   51.96GiB / 96GiB    54.13%    0B / 0B   2.54GB / 60.7MB   52
2d8315cf00b7   pbbs_removeDuplicates     4807.84%   52.69GiB / 96GiB    54.88%    0B / 0B   2.94GB / 60.3MB   52
2024-11-14 23:41:59.022564
CONTAINER ID   NAME                      CPU %      MEM USAGE / LIMIT   MEM %     NET I/O   BLOCK I/O         PIDS
32ba05d67948   pbbs_removeDuplicates_1   4741.02%   52.35GiB / 96GiB    54.53%    0B / 0B   2.54GB / 60.7MB   52
2d8315cf00b7   pbbs_removeDuplicates     2439.09%   53.55GiB / 96GiB    55.78%    0B / 0B   2.94GB / 60.3MB   52
2024-11-14 23:42:01.033231
CONTAINER ID   NAME                      CPU %      MEM USAGE / LIMIT   MEM %     NET I/O   BLOCK I/O         PIDS
32ba05d67948   pbbs_removeDuplicates_1   98.76%     47.41GiB / 96GiB    49.38%    0B / 0B   2.54GB / 60.7MB   52
2d8315cf00b7   pbbs_removeDuplicates     4815.12%   50.74GiB / 96GiB    52.85%    0B / 0B   2.94GB / 60.3MB   52
2024-11-14 23:42:03.050814
CONTAINER ID   NAME                      CPU %      MEM USAGE / LIMIT   MEM %     NET I/O   BLOCK I/O         PIDS
32ba05d67948   pbbs_removeDuplicates_1   4705.70%   49.87GiB / 96GiB    51.95%    0B / 0B   2.54GB / 60.7MB   52
2d8315cf00b7   pbbs_removeDuplicates     4771.79%   52.69GiB / 96GiB    54.88%    0B / 0B   2.94GB / 60.3MB   52
2024-11-14 23:42:05.073463
CONTAINER ID   NAME                      CPU %      MEM USAGE / LIMIT   MEM %     NET I/O   BLOCK I/O         PIDS
32ba05d67948   pbbs_removeDuplicates_1   4808.27%   52.08GiB / 96GiB    54.25%    0B / 0B   2.54GB / 60.7MB   52
2d8315cf00b7   pbbs_removeDuplicates     4788.25%   52.69GiB / 96GiB    54.88%    0B / 0B   2.94GB / 60.3MB   52
2024-11-14 23:42:07.084654
CONTAINER ID   NAME                      CPU %      MEM USAGE / LIMIT   MEM %     NET I/O   BLOCK I/O         PIDS
32ba05d67948   pbbs_removeDuplicates_1   4797.68%   52.32GiB / 96GiB    54.50%    0B / 0B   2.54GB / 60.7MB   52
2d8315cf00b7   pbbs_removeDuplicates     98.76%     47.89GiB / 96GiB    49.88%    0B / 0B   2.94GB / 60.3MB   52
2024-11-14 23:42:09.094747
CONTAINER ID   NAME                      CPU %      MEM USAGE / LIMIT   MEM %     NET I/O   BLOCK I/O         PIDS
32ba05d67948   pbbs_removeDuplicates_1   98.66%     49.53GiB / 96GiB    51.60%    0B / 0B   2.54GB / 60.7MB   52
2d8315cf00b7   pbbs_removeDuplicates     4813.04%   52.16GiB / 96GiB    54.34%    0B / 0B   2.94GB / 60.3MB   52
2024-11-14 23:42:11.111799
CONTAINER ID   NAME                      CPU %      MEM USAGE / LIMIT   MEM %     NET I/O   BLOCK I/O         PIDS
32ba05d67948   pbbs_removeDuplicates_1   4786.34%   50.28GiB / 96GiB    52.38%    0B / 0B   2.54GB / 60.7MB   52
2d8315cf00b7   pbbs_removeDuplicates     4717.26%   52.69GiB / 96GiB    54.88%    0B / 0B   2.94GB / 60.3MB   52
2024-11-14 23:42:13.130517
CONTAINER ID   NAME                      CPU %      MEM USAGE / LIMIT   MEM %     NET I/O   BLOCK I/O         PIDS
32ba05d67948   pbbs_removeDuplicates_1   4490.97%   52.32GiB / 96GiB    54.50%    0B / 0B   2.54GB / 60.7MB   52
2d8315cf00b7   pbbs_removeDuplicates     1711.61%   48.53GiB / 96GiB    50.55%    0B / 0B   2.94GB / 60.3MB   52
2024-11-14 23:42:16.314808
CONTAINER ID   NAME                      CPU %      MEM USAGE / LIMIT   MEM %     NET I/O   BLOCK I/O         PIDS
32ba05d67948   pbbs_removeDuplicates_1   98.82%     51.82GiB / 96GiB    53.98%    0B / 0B   2.54GB / 60.7MB   52
2d8315cf00b7   pbbs_removeDuplicates     4798.94%   52.64GiB / 96GiB    54.83%    0B / 0B   2.94GB / 60.3MB   52
2024-11-14 23:42:18.333063
CONTAINER ID   NAME                      CPU %      MEM USAGE / LIMIT   MEM %     NET I/O   BLOCK I/O         PIDS
32ba05d67948   pbbs_removeDuplicates_1   4801.58%   50.61GiB / 96GiB    52.71%    0B / 0B   2.54GB / 60.7MB   52
2d8315cf00b7   pbbs_removeDuplicates     4761.68%   52.95GiB / 96GiB    55.16%    0B / 0B   2.94GB / 60.3MB   52
2024-11-14 23:42:20.353431
CONTAINER ID   NAME                      CPU %      MEM USAGE / LIMIT   MEM %     NET I/O   BLOCK I/O         PIDS
32ba05d67948   pbbs_removeDuplicates_1   4704.03%   52.32GiB / 96GiB    54.50%    0B / 0B   2.54GB / 60.7MB   52
2d8315cf00b7   pbbs_removeDuplicates     99.25%     50.76GiB / 96GiB    52.88%    0B / 0B   2.94GB / 60.3MB   52
2024-11-14 23:42:22.363590
CONTAINER ID   NAME                      CPU %      MEM USAGE / LIMIT   MEM %     NET I/O   BLOCK I/O         PIDS
32ba05d67948   pbbs_removeDuplicates_1   3800.40%   56.33GiB / 96GiB    58.68%    0B / 0B   2.54GB / 60.7MB   52
2d8315cf00b7   pbbs_removeDuplicates     4766.40%   50.94GiB / 96GiB    53.06%    0B / 0B   2.94GB / 60.3MB   52
2024-11-14 23:42:24.379097
CONTAINER ID   NAME                      CPU %      MEM USAGE / LIMIT   MEM %     NET I/O   BLOCK I/O         PIDS
32ba05d67948   pbbs_removeDuplicates_1   98.47%     44.87GiB / 96GiB    46.74%    0B / 0B   2.54GB / 60.7MB   52
2d8315cf00b7   pbbs_removeDuplicates     4685.89%   52.69GiB / 96GiB    54.89%    0B / 0B   2.94GB / 60.3MB   52
2024-11-14 23:42:26.395969
CONTAINER ID   NAME                      CPU %      MEM USAGE / LIMIT   MEM %     NET I/O   BLOCK I/O         PIDS
32ba05d67948   pbbs_removeDuplicates_1   4792.57%   50.77GiB / 96GiB    52.88%    0B / 0B   2.54GB / 60.7MB   52
2d8315cf00b7   pbbs_removeDuplicates     2823.38%   55.61GiB / 96GiB    57.92%    0B / 0B   2.94GB / 60.3MB   52
2024-11-14 23:42:28.412419
CONTAINER ID   NAME                      CPU %      MEM USAGE / LIMIT   MEM %     NET I/O   BLOCK I/O         PIDS
32ba05d67948   pbbs_removeDuplicates_1   4785.97%   52.32GiB / 96GiB    54.50%    0B / 0B   2.54GB / 60.7MB   52
2d8315cf00b7   pbbs_removeDuplicates     2534.29%   49.74GiB / 96GiB    51.81%    0B / 0B   2.94GB / 60.3MB   52
2024-11-14 23:42:30.429642
CONTAINER ID   NAME                      CPU %      MEM USAGE / LIMIT   MEM %     NET I/O   BLOCK I/O         PIDS
32ba05d67948   pbbs_removeDuplicates_1   729.70%    45.13GiB / 96GiB    47.01%    0B / 0B   2.54GB / 60.7MB   52
2d8315cf00b7   pbbs_removeDuplicates     4813.08%   52.66GiB / 96GiB    54.85%    0B / 0B   2.94GB / 60.3MB   52
2024-11-14 23:42:33.468498
CONTAINER ID   NAME                      CPU %      MEM USAGE / LIMIT   MEM %     NET I/O   BLOCK I/O         PIDS
32ba05d67948   pbbs_removeDuplicates_1   4791.34%   51.82GiB / 96GiB    53.98%    0B / 0B   2.54GB / 60.7MB   52
2d8315cf00b7   pbbs_removeDuplicates     2386.54%   55.08GiB / 96GiB    57.38%    0B / 0B   2.94GB / 60.3MB   52
2024-11-14 23:42:35.483915
CONTAINER ID   NAME                      CPU %      MEM USAGE / LIMIT   MEM %     NET I/O   BLOCK I/O         PIDS
32ba05d67948   pbbs_removeDuplicates_1   4781.35%   52.32GiB / 96GiB    54.50%    0B / 0B   2.54GB / 60.7MB   52
2d8315cf00b7   pbbs_removeDuplicates     3060.50%   49.31GiB / 96GiB    51.37%    0B / 0B   2.94GB / 60.3MB   52
2024-11-14 23:42:37.502727
CONTAINER ID   NAME                      CPU %      MEM USAGE / LIMIT   MEM %     NET I/O   BLOCK I/O         PIDS
32ba05d67948   pbbs_removeDuplicates_1   99.32%     51.56GiB / 96GiB    53.71%    0B / 0B   2.54GB / 60.7MB   52
2d8315cf00b7   pbbs_removeDuplicates     4819.20%   52.5GiB / 96GiB     54.69%    0B / 0B   2.94GB / 60.3MB   52
2024-11-14 23:42:39.511244
CONTAINER ID   NAME                      CPU %      MEM USAGE / LIMIT   MEM %     NET I/O   BLOCK I/O         PIDS
32ba05d67948   pbbs_removeDuplicates_1   4768.72%   50.18GiB / 96GiB    52.27%    0B / 0B   2.54GB / 60.7MB   52
2d8315cf00b7   pbbs_removeDuplicates     4783.28%   55.9GiB / 96GiB     58.23%    0B / 0B   2.94GB / 60.3MB   52
2024-11-14 23:42:41.534638
CONTAINER ID   NAME                      CPU %      MEM USAGE / LIMIT   MEM %     NET I/O   BLOCK I/O         PIDS
32ba05d67948   pbbs_removeDuplicates_1   4704.55%   52.32GiB / 96GiB    54.50%    0B / 0B   2.54GB / 60.7MB   52
2d8315cf00b7   pbbs_removeDuplicates     98.75%     47.08GiB / 96GiB    49.04%    0B / 0B   2.94GB / 60.3MB   52
2024-11-14 23:42:43.544858
CONTAINER ID   NAME                      CPU %      MEM USAGE / LIMIT   MEM %     NET I/O   BLOCK I/O         PIDS
32ba05d67948   pbbs_removeDuplicates_1   98.52%     51.3GiB / 96GiB     53.44%    0B / 0B   2.54GB / 60.7MB   52
2d8315cf00b7   pbbs_removeDuplicates     4772.92%   51.17GiB / 96GiB    53.30%    0B / 0B   2.94GB / 60.3MB   52
2024-11-14 23:42:46.576316
CONTAINER ID   NAME                      CPU %      MEM USAGE / LIMIT   MEM %     NET I/O   BLOCK I/O         PIDS
32ba05d67948   pbbs_removeDuplicates_1   4791.27%   50.83GiB / 96GiB    52.95%    0B / 0B   2.54GB / 60.7MB   52
2d8315cf00b7   pbbs_removeDuplicates     4775.25%   57.04GiB / 96GiB    59.42%    0B / 0B   2.94GB / 60.3MB   52
2024-11-14 23:42:48.594602
CONTAINER ID   NAME                      CPU %      MEM USAGE / LIMIT   MEM %     NET I/O   BLOCK I/O         PIDS
32ba05d67948   pbbs_removeDuplicates_1   4617.88%   52.32GiB / 96GiB    54.50%    0B / 0B   2.54GB / 60.7MB   52
2d8315cf00b7   pbbs_removeDuplicates     99.83%     46.47GiB / 96GiB    48.40%    0B / 0B   2.94GB / 60.3MB   52
2024-11-14 23:42:50.606581
CONTAINER ID   NAME                      CPU %      MEM USAGE / LIMIT   MEM %     NET I/O   BLOCK I/O         PIDS
32ba05d67948   pbbs_removeDuplicates_1   2992.37%   55.03GiB / 96GiB    57.33%    0B / 0B   2.54GB / 60.7MB   52
2d8315cf00b7   pbbs_removeDuplicates     4788.73%   52.05GiB / 96GiB    54.22%    0B / 0B   2.94GB / 60.3MB   52
2024-11-14 23:42:52.626364
CONTAINER ID   NAME                      CPU %      MEM USAGE / LIMIT   MEM %     NET I/O   BLOCK I/O         PIDS
32ba05d67948   pbbs_removeDuplicates_1   2604.89%   49.52GiB / 96GiB    51.59%    0B / 0B   2.54GB / 60.7MB   52
2d8315cf00b7   pbbs_removeDuplicates     4561.70%   52.69GiB / 96GiB    54.89%    0B / 0B   2.94GB / 60.3MB   52
2024-11-14 23:42:54.641334
CONTAINER ID   NAME                      CPU %      MEM USAGE / LIMIT   MEM %     NET I/O   BLOCK I/O         PIDS
32ba05d67948   pbbs_removeDuplicates_1   4813.93%   52.3GiB / 96GiB     54.48%    0B / 0B   2.54GB / 60.7MB   52
2d8315cf00b7   pbbs_removeDuplicates     747.02%    45.59GiB / 96GiB    47.49%    0B / 0B   2.94GB / 60.3MB   52
2024-11-14 23:42:57.800062
CONTAINER ID   NAME                      CPU %      MEM USAGE / LIMIT   MEM %     NET I/O   BLOCK I/O         PIDS
32ba05d67948   pbbs_removeDuplicates_1   1810.32%   55GiB / 96GiB       57.30%    0B / 0B   2.54GB / 60.7MB   52
2d8315cf00b7   pbbs_removeDuplicates     4796.21%   51.94GiB / 96GiB    54.10%    0B / 0B   2.94GB / 60.3MB   52
2024-11-14 23:42:59.813609
CONTAINER ID   NAME                      CPU %      MEM USAGE / LIMIT   MEM %     NET I/O   BLOCK I/O         PIDS
32ba05d67948   pbbs_removeDuplicates_1   319.21%    44.85GiB / 96GiB    46.72%    0B / 0B   2.54GB / 60.7MB   52
2d8315cf00b7   pbbs_removeDuplicates     4819.79%   52.7GiB / 96GiB     54.89%    0B / 0B   2.94GB / 60.3MB   52
2024-11-14 23:43:01.829845
CONTAINER ID   NAME                      CPU %      MEM USAGE / LIMIT   MEM %     NET I/O   BLOCK I/O         PIDS
32ba05d67948   pbbs_removeDuplicates_1   4812.48%   51.68GiB / 96GiB    53.83%    0B / 0B   2.54GB / 60.7MB   52
2d8315cf00b7   pbbs_removeDuplicates     98.65%     53.12GiB / 96GiB    55.33%    0B / 0B   2.94GB / 60.3MB   52
2024-11-14 23:43:03.842664
CONTAINER ID   NAME                      CPU %      MEM USAGE / LIMIT   MEM %     NET I/O   BLOCK I/O         PIDS
32ba05d67948   pbbs_removeDuplicates_1   4817.08%   52.32GiB / 96GiB    54.50%    0B / 0B   2.54GB / 60.7MB   52
2d8315cf00b7   pbbs_removeDuplicates     2987.01%   49.92GiB / 96GiB    52.00%    0B / 0B   2.94GB / 60.3MB   52
2024-11-14 23:43:05.899122
CONTAINER ID   NAME                      CPU %      MEM USAGE / LIMIT   MEM %     NET I/O   BLOCK I/O         PIDS
32ba05d67948   pbbs_removeDuplicates_1   99.27%     50.97GiB / 96GiB    53.10%    0B / 0B   2.54GB / 60.7MB   52
2d8315cf00b7   pbbs_removeDuplicates     4813.54%   52.69GiB / 96GiB    54.89%    0B / 0B   2.94GB / 60.3MB   52
2024-11-14 23:43:07.873756
CONTAINER ID   NAME                      CPU %      MEM USAGE / LIMIT   MEM %     NET I/O   BLOCK I/O         PIDS
32ba05d67948   pbbs_removeDuplicates_1   4752.79%   50.85GiB / 96GiB    52.97%    0B / 0B   2.54GB / 60.7MB   52
2d8315cf00b7   pbbs_removeDuplicates     4755.07%   54.79GiB / 96GiB    57.08%    0B / 0B   2.94GB / 60.3MB   52
2024-11-14 23:43:09.891506
CONTAINER ID   NAME                      CPU %      MEM USAGE / LIMIT   MEM %     NET I/O   BLOCK I/O         PIDS
32ba05d67948   pbbs_removeDuplicates_1   4713.56%   52.32GiB / 96GiB    54.50%    0B / 0B   2.54GB / 60.7MB   52
2d8315cf00b7   pbbs_removeDuplicates     98.66%     51.74GiB / 96GiB    53.89%    0B / 0B   2.94GB / 60.3MB   52
2024-11-14 23:43:11.903028
CONTAINER ID   NAME                      CPU %      MEM USAGE / LIMIT   MEM %     NET I/O   BLOCK I/O         PIDS
32ba05d67948   pbbs_removeDuplicates_1   2528.41%   54.49GiB / 96GiB    56.76%    0B / 0B   2.54GB / 60.7MB   52
2d8315cf00b7   pbbs_removeDuplicates     4769.41%   50.89GiB / 96GiB    53.01%    0B / 0B   2.94GB / 60.3MB   52
2024-11-14 23:43:13.921985
CONTAINER ID   NAME                      CPU %      MEM USAGE / LIMIT   MEM %     NET I/O   BLOCK I/O         PIDS
32ba05d67948   pbbs_removeDuplicates_1   1305.17%   47.17GiB / 96GiB    49.14%    0B / 0B   2.54GB / 60.7MB   52
2d8315cf00b7   pbbs_removeDuplicates     4625.47%   52.7GiB / 96GiB     54.89%    0B / 0B   2.94GB / 60.3MB   52
2024-11-14 23:43:15.938036
CONTAINER ID   NAME                      CPU %      MEM USAGE / LIMIT   MEM %     NET I/O   BLOCK I/O         PIDS
32ba05d67948   pbbs_removeDuplicates_1   4782.34%   51.78GiB / 96GiB    53.94%    0B / 0B   2.54GB / 60.7MB   52
2d8315cf00b7   pbbs_removeDuplicates     4535.08%   57.11GiB / 96GiB    59.49%    0B / 0B   2.94GB / 60.3MB   52
2024-11-14 23:43:17.956402
CONTAINER ID   NAME                      CPU %      MEM USAGE / LIMIT   MEM %     NET I/O   BLOCK I/O         PIDS
32ba05d67948   pbbs_removeDuplicates_1   4799.32%   52.32GiB / 96GiB    54.51%    0B / 0B   2.54GB / 60.7MB   52
2d8315cf00b7   pbbs_removeDuplicates     866.36%    46.04GiB / 96GiB    47.95%    0B / 0B   2.94GB / 60.3MB   52
2024-11-14 23:43:19.970063
CONTAINER ID   NAME                      CPU %      MEM USAGE / LIMIT   MEM %     NET I/O   BLOCK I/O         PIDS
32ba05d67948   pbbs_removeDuplicates_1   98.28%     52.85GiB / 96GiB    55.05%    0B / 0B   2.54GB / 60.7MB   52
2d8315cf00b7   pbbs_removeDuplicates     4816.91%   52.57GiB / 96GiB    54.76%    0B / 0B   2.94GB / 60.3MB   52
2024-11-14 23:43:21.983238
CONTAINER ID   NAME                      CPU %      MEM USAGE / LIMIT   MEM %     NET I/O   BLOCK I/O         PIDS
32ba05d67948   pbbs_removeDuplicates_1   3898.52%   49.22GiB / 96GiB    51.27%    0B / 0B   2.54GB / 60.7MB   52
2d8315cf00b7   pbbs_removeDuplicates     4802.67%   52.7GiB / 96GiB     54.89%    0B / 0B   2.94GB / 60.3MB   52
2024-11-14 23:43:23.997446
CONTAINER ID   NAME                      CPU %      MEM USAGE / LIMIT   MEM %     NET I/O   BLOCK I/O         PIDS
32ba05d67948   pbbs_removeDuplicates_1   4812.62%   52.32GiB / 96GiB    54.51%    0B / 0B   2.54GB / 60.7MB   52
2d8315cf00b7   pbbs_removeDuplicates     98.43%     52.91GiB / 96GiB    55.12%    0B / 0B   2.94GB / 60.3MB   52
2024-11-14 23:43:26.010172
CONTAINER ID   NAME                      CPU %      MEM USAGE / LIMIT   MEM %     NET I/O   BLOCK I/O         PIDS
32ba05d67948   pbbs_removeDuplicates_1   4749.16%   56.17GiB / 96GiB    58.52%    0B / 0B   2.54GB / 60.7MB   52
2d8315cf00b7   pbbs_removeDuplicates     4769.55%   50.92GiB / 96GiB    53.05%    0B / 0B   2.94GB / 60.3MB   52
2024-11-14 23:43:28.033543
CONTAINER ID   NAME                      CPU %      MEM USAGE / LIMIT   MEM %     NET I/O   BLOCK I/O         PIDS
32ba05d67948   pbbs_removeDuplicates_1   99.07%     45.9GiB / 96GiB     47.81%    0B / 0B   2.54GB / 60.7MB   52
2d8315cf00b7   pbbs_removeDuplicates     4700.13%   52.7GiB / 96GiB     54.89%    0B / 0B   2.94GB / 60.3MB   52
2024-11-14 23:43:30.037390
CONTAINER ID   NAME                      CPU %      MEM USAGE / LIMIT   MEM %     NET I/O   BLOCK I/O         PIDS
32ba05d67948   pbbs_removeDuplicates_1   4792.36%   51.34GiB / 96GiB    53.48%    0B / 0B   2.54GB / 60.7MB   52
2d8315cf00b7   pbbs_removeDuplicates     99.10%     50.39GiB / 96GiB    52.49%    0B / 0B   2.94GB / 60.3MB   52
2024-11-14 23:43:33.262294
CONTAINER ID   NAME                      CPU %      MEM USAGE / LIMIT   MEM %     NET I/O   BLOCK I/O         PIDS
32ba05d67948   pbbs_removeDuplicates_1   99.01%     50.69GiB / 96GiB    52.80%    0B / 0B   2.54GB / 60.7MB   52
2d8315cf00b7   pbbs_removeDuplicates     4791.58%   51.67GiB / 96GiB    53.82%    0B / 0B   2.94GB / 60.3MB   52
2024-11-14 23:43:36.531301
CONTAINER ID   NAME                      CPU %      MEM USAGE / LIMIT   MEM %     NET I/O   BLOCK I/O         PIDS
32ba05d67948   pbbs_removeDuplicates_1   4789.94%   50.03GiB / 96GiB    52.11%    0B / 0B   2.54GB / 60.7MB   52
2d8315cf00b7   pbbs_removeDuplicates     4759.02%   55.58GiB / 96GiB    57.90%    0B / 0B   2.94GB / 60.3MB   52
2024-11-14 23:43:38.548237
CONTAINER ID   NAME                      CPU %      MEM USAGE / LIMIT   MEM %     NET I/O   BLOCK I/O         PIDS
32ba05d67948   pbbs_removeDuplicates_1   4680.36%   52.33GiB / 96GiB    54.51%    0B / 0B   2.54GB / 60.7MB   52
2d8315cf00b7   pbbs_removeDuplicates     99.00%     47.81GiB / 96GiB    49.80%    0B / 0B   2.94GB / 60.3MB   52
2024-11-14 23:43:40.560554
CONTAINER ID   NAME                      CPU %      MEM USAGE / LIMIT   MEM %     NET I/O   BLOCK I/O         PIDS
32ba05d67948   pbbs_removeDuplicates_1   2492.99%   54.98GiB / 96GiB    57.27%    0B / 0B   2.54GB / 60.7MB   52
2d8315cf00b7   pbbs_removeDuplicates     4793.38%   51.77GiB / 96GiB    53.93%    0B / 0B   2.94GB / 60.3MB   52
2024-11-14 23:43:42.577644
CONTAINER ID   NAME                      CPU %      MEM USAGE / LIMIT   MEM %     NET I/O   BLOCK I/O         PIDS
32ba05d67948   pbbs_removeDuplicates_1   2288.68%   49.28GiB / 96GiB    51.33%    0B / 0B   2.54GB / 60.7MB   52
2d8315cf00b7   pbbs_removeDuplicates     4585.70%   52.7GiB / 96GiB     54.90%    0B / 0B   2.94GB / 60.3MB   52
2024-11-14 23:43:44.592936
CONTAINER ID   NAME                      CPU %      MEM USAGE / LIMIT   MEM %     NET I/O   BLOCK I/O         PIDS
32ba05d67948   pbbs_removeDuplicates_1   4795.45%   52.13GiB / 96GiB    54.31%    0B / 0B   2.54GB / 60.7MB   52
2d8315cf00b7   pbbs_removeDuplicates     1559.38%   54.65GiB / 96GiB    56.93%    0B / 0B   2.94GB / 60.3MB   52
2024-11-14 23:43:46.606134
CONTAINER ID   NAME                      CPU %      MEM USAGE / LIMIT   MEM %     NET I/O   BLOCK I/O         PIDS
32ba05d67948   pbbs_removeDuplicates_1   4761.97%   53.56GiB / 96GiB    55.79%    0B / 0B   2.54GB / 60.7MB   52
2d8315cf00b7   pbbs_removeDuplicates     1549.42%   36.7GiB / 96GiB     38.23%    0B / 0B   2.94GB / 60.3MB   52
2024-11-14 23:43:48.617494
CONTAINER ID   NAME                      CPU %     MEM USAGE / LIMIT   MEM %     NET I/O   BLOCK I/O         PIDS
32ba05d67948   pbbs_removeDuplicates_1   99.13%    42.98GiB / 96GiB    44.77%    0B / 0B   2.54GB / 60.7MB   52
2024-11-14 23:43:50.635504
CONTAINER ID   NAME                      CPU %     MEM USAGE / LIMIT   MEM %     NET I/O   BLOCK I/O         PIDS
32ba05d67948   pbbs_removeDuplicates_1   99.72%    11.06GiB / 96GiB    11.52%    0B / 0B   2.54GB / 60.7MB   52
2024-11-14 23:43:52.640713
CONTAINER ID   NAME      CPU %     MEM USAGE / LIMIT   MEM %     NET I/O   BLOCK I/O   PIDS
